[2021-06-24 16:28:47,304] {taskinstance.py:876} INFO - Dependencies all met for <TaskInstance: parallel_dag.task_1 2020-01-20T00:00:00+00:00 [queued]>
[2021-06-24 16:28:47,314] {taskinstance.py:876} INFO - Dependencies all met for <TaskInstance: parallel_dag.task_1 2020-01-20T00:00:00+00:00 [queued]>
[2021-06-24 16:28:47,315] {taskinstance.py:1067} INFO - 
--------------------------------------------------------------------------------
[2021-06-24 16:28:47,315] {taskinstance.py:1068} INFO - Starting attempt 1 of 1
[2021-06-24 16:28:47,316] {taskinstance.py:1069} INFO - 
--------------------------------------------------------------------------------
[2021-06-24 16:28:47,341] {taskinstance.py:1087} INFO - Executing <Task(BashOperator): task_1> on 2020-01-20T00:00:00+00:00
[2021-06-24 16:28:47,344] {standard_task_runner.py:52} INFO - Started process 2644 to run task
[2021-06-24 16:28:47,355] {standard_task_runner.py:76} INFO - Running: ['airflow', 'tasks', 'run', 'parallel_dag', 'task_1', '2020-01-20T00:00:00+00:00', '--job-id', '114', '--pool', 'default_pool', '--raw', '--subdir', 'DAGS_FOLDER/parallel_dag.py', '--cfg-path', '/tmp/tmpau3f4swq', '--error-file', '/tmp/tmp48qdebhr']
[2021-06-24 16:28:47,356] {standard_task_runner.py:77} INFO - Job 114: Subtask task_1
[2021-06-24 16:28:47,434] {logging_mixin.py:104} INFO - Running <TaskInstance: parallel_dag.task_1 2020-01-20T00:00:00+00:00 [running]> on host airflowvm
[2021-06-24 16:28:47,507] {taskinstance.py:1280} INFO - Exporting the following env vars:
AIRFLOW_CTX_DAG_OWNER=airflow
AIRFLOW_CTX_DAG_ID=parallel_dag
AIRFLOW_CTX_TASK_ID=task_1
AIRFLOW_CTX_EXECUTION_DATE=2020-01-20T00:00:00+00:00
AIRFLOW_CTX_DAG_RUN_ID=scheduled__2020-01-20T00:00:00+00:00
[2021-06-24 16:28:47,508] {subprocess.py:52} INFO - Tmp dir root location: 
 /tmp
[2021-06-24 16:28:47,509] {subprocess.py:63} INFO - Running command: ['bash', '-c', 'sleep 3']
[2021-06-24 16:28:47,515] {subprocess.py:75} INFO - Output:
[2021-06-24 16:28:50,519] {subprocess.py:83} INFO - Command exited with return code 0
[2021-06-24 16:28:50,551] {taskinstance.py:1184} INFO - Marking task as SUCCESS. dag_id=parallel_dag, task_id=task_1, execution_date=20200120T000000, start_date=20210624T162847, end_date=20210624T162850
[2021-06-24 16:28:50,582] {taskinstance.py:1245} INFO - 2 downstream tasks scheduled from follow-on schedule check
[2021-06-24 16:28:50,620] {local_task_job.py:151} INFO - Task exited with return code 0
[2021-06-24 17:05:21,085] {taskinstance.py:876} INFO - Dependencies all met for <TaskInstance: parallel_dag.task_1 2020-01-20T00:00:00+00:00 [queued]>
[2021-06-24 17:05:21,193] {taskinstance.py:876} INFO - Dependencies all met for <TaskInstance: parallel_dag.task_1 2020-01-20T00:00:00+00:00 [queued]>
[2021-06-24 17:05:21,194] {taskinstance.py:1067} INFO - 
--------------------------------------------------------------------------------
[2021-06-24 17:05:21,197] {taskinstance.py:1068} INFO - Starting attempt 1 of 1
[2021-06-24 17:05:21,206] {taskinstance.py:1069} INFO - 
--------------------------------------------------------------------------------
[2021-06-24 17:05:21,282] {taskinstance.py:1087} INFO - Executing <Task(BashOperator): task_1> on 2020-01-20T00:00:00+00:00
[2021-06-24 17:05:21,287] {standard_task_runner.py:52} INFO - Started process 10929 to run task
[2021-06-24 17:05:21,342] {standard_task_runner.py:76} INFO - Running: ['airflow', 'tasks', 'run', 'parallel_dag', 'task_1', '2020-01-20T00:00:00+00:00', '--job-id', '69', '--pool', 'default_pool', '--raw', '--subdir', 'DAGS_FOLDER/parallel_dag.py', '--cfg-path', '/tmp/tmpbgiekguq', '--error-file', '/tmp/tmp0djoeeq0']
[2021-06-24 17:05:21,344] {standard_task_runner.py:77} INFO - Job 69: Subtask task_1
[2021-06-24 17:05:21,661] {logging_mixin.py:104} INFO - Running <TaskInstance: parallel_dag.task_1 2020-01-20T00:00:00+00:00 [running]> on host airflowvm
[2021-06-24 17:05:21,987] {taskinstance.py:1280} INFO - Exporting the following env vars:
AIRFLOW_CTX_DAG_OWNER=airflow
AIRFLOW_CTX_DAG_ID=parallel_dag
AIRFLOW_CTX_TASK_ID=task_1
AIRFLOW_CTX_EXECUTION_DATE=2020-01-20T00:00:00+00:00
AIRFLOW_CTX_DAG_RUN_ID=scheduled__2020-01-20T00:00:00+00:00
[2021-06-24 17:05:21,988] {subprocess.py:52} INFO - Tmp dir root location: 
 /tmp
[2021-06-24 17:05:21,989] {subprocess.py:63} INFO - Running command: ['bash', '-c', 'sleep 3']
[2021-06-24 17:05:22,011] {subprocess.py:75} INFO - Output:
[2021-06-24 17:05:25,014] {subprocess.py:83} INFO - Command exited with return code 0
[2021-06-24 17:05:25,158] {taskinstance.py:1184} INFO - Marking task as SUCCESS. dag_id=parallel_dag, task_id=task_1, execution_date=20200120T000000, start_date=20210624T170521, end_date=20210624T170525
[2021-06-24 17:05:26,156] {taskinstance.py:1245} INFO - 0 downstream tasks scheduled from follow-on schedule check
[2021-06-24 17:05:26,182] {local_task_job.py:151} INFO - Task exited with return code 0
