[2021-06-25 09:47:53,531] {taskinstance.py:876} INFO - Dependencies all met for <TaskInstance: parallel_dag.task_1 2020-01-20T00:00:00+00:00 [queued]>
[2021-06-25 09:47:53,565] {taskinstance.py:876} INFO - Dependencies all met for <TaskInstance: parallel_dag.task_1 2020-01-20T00:00:00+00:00 [queued]>
[2021-06-25 09:47:53,565] {taskinstance.py:1067} INFO - 
--------------------------------------------------------------------------------
[2021-06-25 09:47:53,566] {taskinstance.py:1068} INFO - Starting attempt 2 of 2
[2021-06-25 09:47:53,566] {taskinstance.py:1069} INFO - 
--------------------------------------------------------------------------------
[2021-06-25 09:47:53,578] {taskinstance.py:1087} INFO - Executing <Task(BashOperator): task_1> on 2020-01-20T00:00:00+00:00
[2021-06-25 09:47:53,585] {standard_task_runner.py:52} INFO - Started process 20359 to run task
[2021-06-25 09:47:53,598] {standard_task_runner.py:76} INFO - Running: ['airflow', 'tasks', 'run', 'parallel_dag', 'task_1', '2020-01-20T00:00:00+00:00', '--job-id', '402', '--pool', 'default_pool', '--raw', '--subdir', 'DAGS_FOLDER/parallel_dag.py', '--cfg-path', '/tmp/tmp6epd0bwo', '--error-file', '/tmp/tmpd6ye9ziw']
[2021-06-25 09:47:53,600] {standard_task_runner.py:77} INFO - Job 402: Subtask task_1
[2021-06-25 09:47:53,737] {logging_mixin.py:104} INFO - Running <TaskInstance: parallel_dag.task_1 2020-01-20T00:00:00+00:00 [running]> on host airflowvm
[2021-06-25 09:47:53,908] {taskinstance.py:1280} INFO - Exporting the following env vars:
AIRFLOW_CTX_DAG_OWNER=airflow
AIRFLOW_CTX_DAG_ID=parallel_dag
AIRFLOW_CTX_TASK_ID=task_1
AIRFLOW_CTX_EXECUTION_DATE=2020-01-20T00:00:00+00:00
AIRFLOW_CTX_DAG_RUN_ID=scheduled__2020-01-20T00:00:00+00:00
[2021-06-25 09:47:53,909] {subprocess.py:52} INFO - Tmp dir root location: 
 /tmp
[2021-06-25 09:47:53,909] {subprocess.py:63} INFO - Running command: ['bash', '-c', 'sleep 3']
[2021-06-25 09:47:53,922] {subprocess.py:75} INFO - Output:
[2021-06-25 09:47:56,930] {subprocess.py:83} INFO - Command exited with return code 0
[2021-06-25 09:47:57,023] {taskinstance.py:1184} INFO - Marking task as SUCCESS. dag_id=parallel_dag, task_id=task_1, execution_date=20200120T000000, start_date=20210625T094753, end_date=20210625T094757
[2021-06-25 09:47:57,347] {taskinstance.py:1245} INFO - 0 downstream tasks scheduled from follow-on schedule check
[2021-06-25 09:47:57,372] {local_task_job.py:151} INFO - Task exited with return code 0
