[2021-06-25 09:16:20,793] {taskinstance.py:876} INFO - Dependencies all met for <TaskInstance: parallel_dag.task_3 2020-02-12T00:00:00+00:00 [queued]>
[2021-06-25 09:16:21,729] {taskinstance.py:876} INFO - Dependencies all met for <TaskInstance: parallel_dag.task_3 2020-02-12T00:00:00+00:00 [queued]>
[2021-06-25 09:16:21,800] {taskinstance.py:1067} INFO - 
--------------------------------------------------------------------------------
[2021-06-25 09:16:21,802] {taskinstance.py:1068} INFO - Starting attempt 1 of 1
[2021-06-25 09:16:21,875] {taskinstance.py:1069} INFO - 
--------------------------------------------------------------------------------
[2021-06-25 09:16:22,693] {taskinstance.py:1087} INFO - Executing <Task(BashOperator): task_3> on 2020-02-12T00:00:00+00:00
[2021-06-25 09:16:22,934] {standard_task_runner.py:52} INFO - Started process 3940 to run task
[2021-06-25 09:16:23,058] {standard_task_runner.py:76} INFO - Running: ['airflow', 'tasks', 'run', 'parallel_dag', 'task_3', '2020-02-12T00:00:00+00:00', '--job-id', '177', '--pool', 'default_pool', '--raw', '--subdir', 'DAGS_FOLDER/parallel_dag.py', '--cfg-path', '/tmp/tmpw__g2yt9', '--error-file', '/tmp/tmpjhzxqvm3']
[2021-06-25 09:16:23,059] {standard_task_runner.py:77} INFO - Job 177: Subtask task_3
[2021-06-25 09:16:25,899] {logging_mixin.py:104} INFO - Running <TaskInstance: parallel_dag.task_3 2020-02-12T00:00:00+00:00 [running]> on host airflowvm
[2021-06-25 09:16:28,409] {taskinstance.py:1280} INFO - Exporting the following env vars:
AIRFLOW_CTX_DAG_OWNER=airflow
AIRFLOW_CTX_DAG_ID=parallel_dag
AIRFLOW_CTX_TASK_ID=task_3
AIRFLOW_CTX_EXECUTION_DATE=2020-02-12T00:00:00+00:00
AIRFLOW_CTX_DAG_RUN_ID=scheduled__2020-02-12T00:00:00+00:00
[2021-06-25 09:16:28,433] {subprocess.py:52} INFO - Tmp dir root location: 
 /tmp
[2021-06-25 09:16:28,435] {subprocess.py:63} INFO - Running command: ['bash', '-c', 'sleep 3']
[2021-06-25 09:16:28,775] {subprocess.py:75} INFO - Output:
[2021-06-25 09:16:32,064] {subprocess.py:83} INFO - Command exited with return code 0
[2021-06-25 09:16:33,817] {taskinstance.py:1184} INFO - Marking task as SUCCESS. dag_id=parallel_dag, task_id=task_3, execution_date=20200212T000000, start_date=20210625T091620, end_date=20210625T091633
[2021-06-25 09:16:35,233] {local_task_job.py:196} WARNING - State of this instance has been externally set to success. Terminating instance.
[2021-06-25 09:16:35,469] {taskinstance.py:1245} INFO - 0 downstream tasks scheduled from follow-on schedule check
[2021-06-25 09:16:35,610] {process_utils.py:100} INFO - Sending Signals.SIGTERM to GPID 3940
[2021-06-25 09:16:35,684] {process_utils.py:66} INFO - Process psutil.Process(pid=3940, status='terminated', exitcode=0, started='09:16:22') (3940) terminated with exit code 0
