[2021-06-24 17:06:10,973] {taskinstance.py:876} INFO - Dependencies all met for <TaskInstance: parallel_dag.task_4 2020-01-21T00:00:00+00:00 [queued]>
[2021-06-24 17:06:11,280] {taskinstance.py:876} INFO - Dependencies all met for <TaskInstance: parallel_dag.task_4 2020-01-21T00:00:00+00:00 [queued]>
[2021-06-24 17:06:11,285] {taskinstance.py:1067} INFO - 
--------------------------------------------------------------------------------
[2021-06-24 17:06:11,285] {taskinstance.py:1068} INFO - Starting attempt 1 of 1
[2021-06-24 17:06:11,285] {taskinstance.py:1069} INFO - 
--------------------------------------------------------------------------------
[2021-06-24 17:06:11,463] {taskinstance.py:1087} INFO - Executing <Task(BashOperator): task_4> on 2020-01-21T00:00:00+00:00
[2021-06-24 17:06:11,541] {standard_task_runner.py:52} INFO - Started process 12376 to run task
[2021-06-24 17:06:11,788] {standard_task_runner.py:76} INFO - Running: ['airflow', 'tasks', 'run', 'parallel_dag', 'task_4', '2020-01-21T00:00:00+00:00', '--job-id', '114', '--pool', 'default_pool', '--raw', '--subdir', 'DAGS_FOLDER/parallel_dag.py', '--cfg-path', '/tmp/tmph8v7eesa', '--error-file', '/tmp/tmp3_3haolx']
[2021-06-24 17:06:11,957] {standard_task_runner.py:77} INFO - Job 114: Subtask task_4
[2021-06-24 17:06:14,165] {logging_mixin.py:104} INFO - Running <TaskInstance: parallel_dag.task_4 2020-01-21T00:00:00+00:00 [running]> on host airflowvm
[2021-06-24 17:06:16,657] {taskinstance.py:1280} INFO - Exporting the following env vars:
AIRFLOW_CTX_DAG_OWNER=airflow
AIRFLOW_CTX_DAG_ID=parallel_dag
AIRFLOW_CTX_TASK_ID=task_4
AIRFLOW_CTX_EXECUTION_DATE=2020-01-21T00:00:00+00:00
AIRFLOW_CTX_DAG_RUN_ID=scheduled__2020-01-21T00:00:00+00:00
[2021-06-24 17:06:16,813] {subprocess.py:52} INFO - Tmp dir root location: 
 /tmp
[2021-06-24 17:06:16,815] {subprocess.py:63} INFO - Running command: ['bash', '-c', 'sleep 3']
[2021-06-24 17:06:17,258] {subprocess.py:75} INFO - Output:
[2021-06-24 17:06:20,337] {subprocess.py:83} INFO - Command exited with return code 0
[2021-06-24 17:06:20,769] {taskinstance.py:1184} INFO - Marking task as SUCCESS. dag_id=parallel_dag, task_id=task_4, execution_date=20200121T000000, start_date=20210624T170610, end_date=20210624T170620
[2021-06-24 17:06:23,105] {taskinstance.py:1245} INFO - 0 downstream tasks scheduled from follow-on schedule check
[2021-06-24 17:06:23,547] {local_task_job.py:151} INFO - Task exited with return code 0
