[2021-06-24 17:06:03,094] {taskinstance.py:876} INFO - Dependencies all met for <TaskInstance: parallel_dag.task_2 2020-01-29T00:00:00+00:00 [queued]>
[2021-06-24 17:06:03,488] {taskinstance.py:876} INFO - Dependencies all met for <TaskInstance: parallel_dag.task_2 2020-01-29T00:00:00+00:00 [queued]>
[2021-06-24 17:06:03,489] {taskinstance.py:1067} INFO - 
--------------------------------------------------------------------------------
[2021-06-24 17:06:03,489] {taskinstance.py:1068} INFO - Starting attempt 1 of 1
[2021-06-24 17:06:03,489] {taskinstance.py:1069} INFO - 
--------------------------------------------------------------------------------
[2021-06-24 17:06:03,741] {taskinstance.py:1087} INFO - Executing <Task(BashOperator): task_2> on 2020-01-29T00:00:00+00:00
[2021-06-24 17:06:03,764] {standard_task_runner.py:52} INFO - Started process 12148 to run task
[2021-06-24 17:06:03,858] {standard_task_runner.py:76} INFO - Running: ['airflow', 'tasks', 'run', 'parallel_dag', 'task_2', '2020-01-29T00:00:00+00:00', '--job-id', '107', '--pool', 'default_pool', '--raw', '--subdir', 'DAGS_FOLDER/parallel_dag.py', '--cfg-path', '/tmp/tmp4_yspxk0', '--error-file', '/tmp/tmpjq91c1eu']
[2021-06-24 17:06:03,897] {standard_task_runner.py:77} INFO - Job 107: Subtask task_2
[2021-06-24 17:06:04,666] {logging_mixin.py:104} INFO - Running <TaskInstance: parallel_dag.task_2 2020-01-29T00:00:00+00:00 [running]> on host airflowvm
[2021-06-24 17:06:05,929] {taskinstance.py:1280} INFO - Exporting the following env vars:
AIRFLOW_CTX_DAG_OWNER=airflow
AIRFLOW_CTX_DAG_ID=parallel_dag
AIRFLOW_CTX_TASK_ID=task_2
AIRFLOW_CTX_EXECUTION_DATE=2020-01-29T00:00:00+00:00
AIRFLOW_CTX_DAG_RUN_ID=scheduled__2020-01-29T00:00:00+00:00
[2021-06-24 17:06:05,932] {subprocess.py:52} INFO - Tmp dir root location: 
 /tmp
[2021-06-24 17:06:05,989] {subprocess.py:63} INFO - Running command: ['bash', '-c', 'sleep 3']
[2021-06-24 17:06:06,160] {subprocess.py:75} INFO - Output:
[2021-06-24 17:06:09,212] {subprocess.py:83} INFO - Command exited with return code 0
[2021-06-24 17:06:09,693] {taskinstance.py:1184} INFO - Marking task as SUCCESS. dag_id=parallel_dag, task_id=task_2, execution_date=20200129T000000, start_date=20210624T170603, end_date=20210624T170609
[2021-06-24 17:06:10,333] {taskinstance.py:1245} INFO - 0 downstream tasks scheduled from follow-on schedule check
[2021-06-24 17:06:10,401] {local_task_job.py:151} INFO - Task exited with return code 0
