[2021-06-25 09:18:04,175] {taskinstance.py:876} INFO - Dependencies all met for <TaskInstance: parallel_dag.task_4 2020-02-21T00:00:00+00:00 [queued]>
[2021-06-25 09:18:04,605] {taskinstance.py:876} INFO - Dependencies all met for <TaskInstance: parallel_dag.task_4 2020-02-21T00:00:00+00:00 [queued]>
[2021-06-25 09:18:04,605] {taskinstance.py:1067} INFO - 
--------------------------------------------------------------------------------
[2021-06-25 09:18:04,606] {taskinstance.py:1068} INFO - Starting attempt 1 of 1
[2021-06-25 09:18:04,606] {taskinstance.py:1069} INFO - 
--------------------------------------------------------------------------------
[2021-06-25 09:18:04,866] {taskinstance.py:1087} INFO - Executing <Task(BashOperator): task_4> on 2020-02-21T00:00:00+00:00
[2021-06-25 09:18:04,952] {standard_task_runner.py:52} INFO - Started process 6120 to run task
[2021-06-25 09:18:05,118] {standard_task_runner.py:76} INFO - Running: ['airflow', 'tasks', 'run', 'parallel_dag', 'task_4', '2020-02-21T00:00:00+00:00', '--job-id', '244', '--pool', 'default_pool', '--raw', '--subdir', 'DAGS_FOLDER/parallel_dag.py', '--cfg-path', '/tmp/tmps5vz1l5x', '--error-file', '/tmp/tmpu_56g221']
[2021-06-25 09:18:05,118] {standard_task_runner.py:77} INFO - Job 244: Subtask task_4
[2021-06-25 09:18:06,508] {logging_mixin.py:104} INFO - Running <TaskInstance: parallel_dag.task_4 2020-02-21T00:00:00+00:00 [running]> on host airflowvm
[2021-06-25 09:18:07,268] {taskinstance.py:1280} INFO - Exporting the following env vars:
AIRFLOW_CTX_DAG_OWNER=airflow
AIRFLOW_CTX_DAG_ID=parallel_dag
AIRFLOW_CTX_TASK_ID=task_4
AIRFLOW_CTX_EXECUTION_DATE=2020-02-21T00:00:00+00:00
AIRFLOW_CTX_DAG_RUN_ID=scheduled__2020-02-21T00:00:00+00:00
[2021-06-25 09:18:07,275] {subprocess.py:52} INFO - Tmp dir root location: 
 /tmp
[2021-06-25 09:18:07,280] {subprocess.py:63} INFO - Running command: ['bash', '-c', 'sleep 3']
[2021-06-25 09:18:07,346] {subprocess.py:75} INFO - Output:
[2021-06-25 09:18:10,382] {subprocess.py:83} INFO - Command exited with return code 0
[2021-06-25 09:18:11,564] {taskinstance.py:1184} INFO - Marking task as SUCCESS. dag_id=parallel_dag, task_id=task_4, execution_date=20200221T000000, start_date=20210625T091804, end_date=20210625T091811
[2021-06-25 09:18:12,822] {taskinstance.py:1245} INFO - 0 downstream tasks scheduled from follow-on schedule check
[2021-06-25 09:18:13,044] {local_task_job.py:151} INFO - Task exited with return code 0
