[2021-06-25 14:49:44,856] {taskinstance.py:876} INFO - Dependencies all met for <TaskInstance: xcom_dag.downloading_data 2021-06-25T14:49:43.590982+00:00 [queued]>
[2021-06-25 14:49:44,899] {taskinstance.py:876} INFO - Dependencies all met for <TaskInstance: xcom_dag.downloading_data 2021-06-25T14:49:43.590982+00:00 [queued]>
[2021-06-25 14:49:44,900] {taskinstance.py:1067} INFO - 
--------------------------------------------------------------------------------
[2021-06-25 14:49:44,900] {taskinstance.py:1068} INFO - Starting attempt 1 of 1
[2021-06-25 14:49:44,901] {taskinstance.py:1069} INFO - 
--------------------------------------------------------------------------------
[2021-06-25 14:49:44,924] {taskinstance.py:1087} INFO - Executing <Task(BashOperator): downloading_data> on 2021-06-25T14:49:43.590982+00:00
[2021-06-25 14:49:44,929] {standard_task_runner.py:52} INFO - Started process 8211 to run task
[2021-06-25 14:49:44,937] {standard_task_runner.py:76} INFO - Running: ['airflow', 'tasks', 'run', 'xcom_dag', 'downloading_data', '2021-06-25T14:49:43.590982+00:00', '--job-id', '448', '--pool', 'default_pool', '--raw', '--subdir', 'DAGS_FOLDER/xcom_dag.py', '--cfg-path', '/tmp/tmppo8kmrer', '--error-file', '/tmp/tmp4rqtx373']
[2021-06-25 14:49:44,938] {standard_task_runner.py:77} INFO - Job 448: Subtask downloading_data
[2021-06-25 14:49:45,050] {logging_mixin.py:104} INFO - Running <TaskInstance: xcom_dag.downloading_data 2021-06-25T14:49:43.590982+00:00 [running]> on host airflowvm
[2021-06-25 14:49:45,164] {taskinstance.py:1280} INFO - Exporting the following env vars:
AIRFLOW_CTX_DAG_OWNER=airflow
AIRFLOW_CTX_DAG_ID=xcom_dag
AIRFLOW_CTX_TASK_ID=downloading_data
AIRFLOW_CTX_EXECUTION_DATE=2021-06-25T14:49:43.590982+00:00
AIRFLOW_CTX_DAG_RUN_ID=manual__2021-06-25T14:49:43.590982+00:00
[2021-06-25 14:49:45,166] {subprocess.py:52} INFO - Tmp dir root location: 
 /tmp
[2021-06-25 14:49:45,167] {subprocess.py:63} INFO - Running command: ['bash', '-c', 'sleep 3']
[2021-06-25 14:49:45,179] {subprocess.py:75} INFO - Output:
[2021-06-25 14:49:48,183] {subprocess.py:83} INFO - Command exited with return code 0
[2021-06-25 14:49:48,223] {taskinstance.py:1184} INFO - Marking task as SUCCESS. dag_id=xcom_dag, task_id=downloading_data, execution_date=20210625T144943, start_date=20210625T144944, end_date=20210625T144948
[2021-06-25 14:49:48,326] {taskinstance.py:1245} INFO - 3 downstream tasks scheduled from follow-on schedule check
[2021-06-25 14:49:48,354] {local_task_job.py:151} INFO - Task exited with return code 0
