[2021-06-24 17:06:43,517] {taskinstance.py:876} INFO - Dependencies all met for <TaskInstance: parallel_dag.task_1 2020-02-03T00:00:00+00:00 [queued]>
[2021-06-24 17:06:43,658] {taskinstance.py:876} INFO - Dependencies all met for <TaskInstance: parallel_dag.task_1 2020-02-03T00:00:00+00:00 [queued]>
[2021-06-24 17:06:43,658] {taskinstance.py:1067} INFO - 
--------------------------------------------------------------------------------
[2021-06-24 17:06:43,659] {taskinstance.py:1068} INFO - Starting attempt 1 of 1
[2021-06-24 17:06:43,659] {taskinstance.py:1069} INFO - 
--------------------------------------------------------------------------------
[2021-06-24 17:06:43,743] {taskinstance.py:1087} INFO - Executing <Task(BashOperator): task_1> on 2020-02-03T00:00:00+00:00
[2021-06-24 17:06:43,777] {standard_task_runner.py:52} INFO - Started process 13117 to run task
[2021-06-24 17:06:43,847] {standard_task_runner.py:76} INFO - Running: ['airflow', 'tasks', 'run', 'parallel_dag', 'task_1', '2020-02-03T00:00:00+00:00', '--job-id', '131', '--pool', 'default_pool', '--raw', '--subdir', 'DAGS_FOLDER/parallel_dag.py', '--cfg-path', '/tmp/tmp5kswzcll', '--error-file', '/tmp/tmppm_td_m4']
[2021-06-24 17:06:43,858] {standard_task_runner.py:77} INFO - Job 131: Subtask task_1
[2021-06-24 17:06:44,382] {logging_mixin.py:104} INFO - Running <TaskInstance: parallel_dag.task_1 2020-02-03T00:00:00+00:00 [running]> on host airflowvm
[2021-06-24 17:06:45,013] {taskinstance.py:1280} INFO - Exporting the following env vars:
AIRFLOW_CTX_DAG_OWNER=airflow
AIRFLOW_CTX_DAG_ID=parallel_dag
AIRFLOW_CTX_TASK_ID=task_1
AIRFLOW_CTX_EXECUTION_DATE=2020-02-03T00:00:00+00:00
AIRFLOW_CTX_DAG_RUN_ID=scheduled__2020-02-03T00:00:00+00:00
[2021-06-24 17:06:45,016] {subprocess.py:52} INFO - Tmp dir root location: 
 /tmp
[2021-06-24 17:06:45,017] {subprocess.py:63} INFO - Running command: ['bash', '-c', 'sleep 3']
[2021-06-24 17:06:45,075] {subprocess.py:75} INFO - Output:
[2021-06-24 17:06:48,094] {subprocess.py:83} INFO - Command exited with return code 0
[2021-06-24 17:06:48,302] {taskinstance.py:1184} INFO - Marking task as SUCCESS. dag_id=parallel_dag, task_id=task_1, execution_date=20200203T000000, start_date=20210624T170643, end_date=20210624T170648
[2021-06-24 17:06:48,594] {taskinstance.py:1245} INFO - 2 downstream tasks scheduled from follow-on schedule check
[2021-06-24 17:06:48,651] {local_task_job.py:151} INFO - Task exited with return code 0
