[2021-06-24 17:06:02,511] {taskinstance.py:876} INFO - Dependencies all met for <TaskInstance: parallel_dag.task_3 2020-01-29T00:00:00+00:00 [queued]>
[2021-06-24 17:06:02,898] {taskinstance.py:876} INFO - Dependencies all met for <TaskInstance: parallel_dag.task_3 2020-01-29T00:00:00+00:00 [queued]>
[2021-06-24 17:06:02,898] {taskinstance.py:1067} INFO - 
--------------------------------------------------------------------------------
[2021-06-24 17:06:02,898] {taskinstance.py:1068} INFO - Starting attempt 1 of 1
[2021-06-24 17:06:02,899] {taskinstance.py:1069} INFO - 
--------------------------------------------------------------------------------
[2021-06-24 17:06:03,098] {taskinstance.py:1087} INFO - Executing <Task(BashOperator): task_3> on 2020-01-29T00:00:00+00:00
[2021-06-24 17:06:03,172] {standard_task_runner.py:52} INFO - Started process 12138 to run task
[2021-06-24 17:06:03,488] {standard_task_runner.py:76} INFO - Running: ['airflow', 'tasks', 'run', 'parallel_dag', 'task_3', '2020-01-29T00:00:00+00:00', '--job-id', '106', '--pool', 'default_pool', '--raw', '--subdir', 'DAGS_FOLDER/parallel_dag.py', '--cfg-path', '/tmp/tmp4n4rh1fv', '--error-file', '/tmp/tmppvica345']
[2021-06-24 17:06:03,491] {standard_task_runner.py:77} INFO - Job 106: Subtask task_3
[2021-06-24 17:06:04,392] {logging_mixin.py:104} INFO - Running <TaskInstance: parallel_dag.task_3 2020-01-29T00:00:00+00:00 [running]> on host airflowvm
[2021-06-24 17:06:05,102] {taskinstance.py:1280} INFO - Exporting the following env vars:
AIRFLOW_CTX_DAG_OWNER=airflow
AIRFLOW_CTX_DAG_ID=parallel_dag
AIRFLOW_CTX_TASK_ID=task_3
AIRFLOW_CTX_EXECUTION_DATE=2020-01-29T00:00:00+00:00
AIRFLOW_CTX_DAG_RUN_ID=scheduled__2020-01-29T00:00:00+00:00
[2021-06-24 17:06:05,104] {subprocess.py:52} INFO - Tmp dir root location: 
 /tmp
[2021-06-24 17:06:05,139] {subprocess.py:63} INFO - Running command: ['bash', '-c', 'sleep 3']
[2021-06-24 17:06:05,324] {subprocess.py:75} INFO - Output:
[2021-06-24 17:06:08,376] {subprocess.py:83} INFO - Command exited with return code 0
[2021-06-24 17:06:08,875] {taskinstance.py:1184} INFO - Marking task as SUCCESS. dag_id=parallel_dag, task_id=task_3, execution_date=20200129T000000, start_date=20210624T170602, end_date=20210624T170608
[2021-06-24 17:06:10,242] {taskinstance.py:1245} INFO - 1 downstream tasks scheduled from follow-on schedule check
[2021-06-24 17:06:10,262] {local_task_job.py:151} INFO - Task exited with return code 0
