[2021-06-24 17:07:19,293] {taskinstance.py:876} INFO - Dependencies all met for <TaskInstance: parallel_dag.task_3 2020-02-11T00:00:00+00:00 [queued]>
[2021-06-24 17:07:19,415] {taskinstance.py:876} INFO - Dependencies all met for <TaskInstance: parallel_dag.task_3 2020-02-11T00:00:00+00:00 [queued]>
[2021-06-24 17:07:19,416] {taskinstance.py:1067} INFO - 
--------------------------------------------------------------------------------
[2021-06-24 17:07:19,416] {taskinstance.py:1068} INFO - Starting attempt 1 of 1
[2021-06-24 17:07:19,416] {taskinstance.py:1069} INFO - 
--------------------------------------------------------------------------------
[2021-06-24 17:07:19,504] {taskinstance.py:1087} INFO - Executing <Task(BashOperator): task_3> on 2020-02-11T00:00:00+00:00
[2021-06-24 17:07:19,544] {standard_task_runner.py:52} INFO - Started process 14064 to run task
[2021-06-24 17:07:19,595] {standard_task_runner.py:76} INFO - Running: ['airflow', 'tasks', 'run', 'parallel_dag', 'task_3', '2020-02-11T00:00:00+00:00', '--job-id', '159', '--pool', 'default_pool', '--raw', '--subdir', 'DAGS_FOLDER/parallel_dag.py', '--cfg-path', '/tmp/tmpj149j9h0', '--error-file', '/tmp/tmp914z4isl']
[2021-06-24 17:07:19,609] {standard_task_runner.py:77} INFO - Job 159: Subtask task_3
[2021-06-24 17:07:20,370] {logging_mixin.py:104} INFO - Running <TaskInstance: parallel_dag.task_3 2020-02-11T00:00:00+00:00 [running]> on host airflowvm
[2021-06-24 17:07:21,364] {taskinstance.py:1280} INFO - Exporting the following env vars:
AIRFLOW_CTX_DAG_OWNER=airflow
AIRFLOW_CTX_DAG_ID=parallel_dag
AIRFLOW_CTX_TASK_ID=task_3
AIRFLOW_CTX_EXECUTION_DATE=2020-02-11T00:00:00+00:00
AIRFLOW_CTX_DAG_RUN_ID=scheduled__2020-02-11T00:00:00+00:00
[2021-06-24 17:07:21,366] {subprocess.py:52} INFO - Tmp dir root location: 
 /tmp
[2021-06-24 17:07:21,399] {subprocess.py:63} INFO - Running command: ['bash', '-c', 'sleep 3']
[2021-06-24 17:07:21,653] {subprocess.py:75} INFO - Output:
[2021-06-24 17:07:24,699] {subprocess.py:83} INFO - Command exited with return code 0
[2021-06-24 17:07:25,093] {taskinstance.py:1184} INFO - Marking task as SUCCESS. dag_id=parallel_dag, task_id=task_3, execution_date=20200211T000000, start_date=20210624T170719, end_date=20210624T170725
[2021-06-24 17:07:25,591] {taskinstance.py:1245} INFO - 1 downstream tasks scheduled from follow-on schedule check
[2021-06-24 17:07:25,645] {local_task_job.py:151} INFO - Task exited with return code 0
