[2021-07-06 14:03:16,874] {taskinstance.py:876} INFO - Dependencies all met for <TaskInstance: get_as_dataframe_otimized.get_countries 2021-07-06T14:03:11.547716+00:00 [queued]>
[2021-07-06 14:03:16,935] {taskinstance.py:876} INFO - Dependencies all met for <TaskInstance: get_as_dataframe_otimized.get_countries 2021-07-06T14:03:11.547716+00:00 [queued]>
[2021-07-06 14:03:16,989] {taskinstance.py:1067} INFO - 
--------------------------------------------------------------------------------
[2021-07-06 14:03:17,015] {taskinstance.py:1068} INFO - Starting attempt 1 of 1
[2021-07-06 14:03:17,018] {taskinstance.py:1069} INFO - 
--------------------------------------------------------------------------------
[2021-07-06 14:03:17,060] {taskinstance.py:1087} INFO - Executing <Task(PythonOperator): get_countries> on 2021-07-06T14:03:11.547716+00:00
[2021-07-06 14:03:17,073] {standard_task_runner.py:52} INFO - Started process 5276 to run task
[2021-07-06 14:03:17,090] {standard_task_runner.py:76} INFO - Running: ['airflow', 'tasks', 'run', 'get_as_dataframe_otimized', 'get_countries', '2021-07-06T14:03:11.547716+00:00', '--job-id', '1218', '--pool', 'default_pool', '--raw', '--subdir', 'DAGS_FOLDER/get_as_Dataframe_otimized.py', '--cfg-path', '/tmp/tmp8xo5_d7r', '--error-file', '/tmp/tmppjjgosv6']
[2021-07-06 14:03:17,091] {standard_task_runner.py:77} INFO - Job 1218: Subtask get_countries
[2021-07-06 14:03:17,490] {logging_mixin.py:104} INFO - Running <TaskInstance: get_as_dataframe_otimized.get_countries 2021-07-06T14:03:11.547716+00:00 [running]> on host airflowvm
[2021-07-06 14:03:18,260] {taskinstance.py:1280} INFO - Exporting the following env vars:
AIRFLOW_CTX_DAG_OWNER=airflow
AIRFLOW_CTX_DAG_ID=get_as_dataframe_otimized
AIRFLOW_CTX_TASK_ID=get_countries
AIRFLOW_CTX_EXECUTION_DATE=2021-07-06T14:03:11.547716+00:00
AIRFLOW_CTX_DAG_RUN_ID=manual__2021-07-06T14:03:11.547716+00:00
[2021-07-06 14:03:18,495] {base.py:69} INFO - Using connection to: id: ***_default. Host: localhost, Port: 5432, Schema: , Login: ***, Password: ***, extra: {'cursor': 'realdictcursor'}
[2021-07-06 14:03:18,830] {python.py:151} INFO - Done. Returned value was: None
[2021-07-06 14:03:18,851] {taskinstance.py:1184} INFO - Marking task as SUCCESS. dag_id=get_as_dataframe_otimized, task_id=get_countries, execution_date=20210706T140311, start_date=20210706T140316, end_date=20210706T140318
[2021-07-06 14:03:19,027] {taskinstance.py:1245} INFO - 1 downstream tasks scheduled from follow-on schedule check
[2021-07-06 14:03:19,035] {local_task_job.py:151} INFO - Task exited with return code 0
