[2021-06-24 16:20:42,004] {taskinstance.py:876} INFO - Dependencies all met for <TaskInstance: parallel_dag.task_1 2020-01-03T00:00:00+00:00 [queued]>
[2021-06-24 16:20:42,026] {taskinstance.py:876} INFO - Dependencies all met for <TaskInstance: parallel_dag.task_1 2020-01-03T00:00:00+00:00 [queued]>
[2021-06-24 16:20:42,027] {taskinstance.py:1067} INFO - 
--------------------------------------------------------------------------------
[2021-06-24 16:20:42,027] {taskinstance.py:1068} INFO - Starting attempt 1 of 1
[2021-06-24 16:20:42,027] {taskinstance.py:1069} INFO - 
--------------------------------------------------------------------------------
[2021-06-24 16:20:42,047] {taskinstance.py:1087} INFO - Executing <Task(BashOperator): task_1> on 2020-01-03T00:00:00+00:00
[2021-06-24 16:20:42,050] {standard_task_runner.py:52} INFO - Started process 1951 to run task
[2021-06-24 16:20:42,055] {standard_task_runner.py:76} INFO - Running: ['airflow', 'tasks', 'run', 'parallel_dag', 'task_1', '2020-01-03T00:00:00+00:00', '--job-id', '46', '--pool', 'default_pool', '--raw', '--subdir', 'DAGS_FOLDER/parallel_dag.py', '--cfg-path', '/tmp/tmpozsjau25', '--error-file', '/tmp/tmp_ksucbb7']
[2021-06-24 16:20:42,057] {standard_task_runner.py:77} INFO - Job 46: Subtask task_1
[2021-06-24 16:20:42,145] {logging_mixin.py:104} INFO - Running <TaskInstance: parallel_dag.task_1 2020-01-03T00:00:00+00:00 [running]> on host airflowvm
[2021-06-24 16:20:42,232] {taskinstance.py:1280} INFO - Exporting the following env vars:
AIRFLOW_CTX_DAG_OWNER=airflow
AIRFLOW_CTX_DAG_ID=parallel_dag
AIRFLOW_CTX_TASK_ID=task_1
AIRFLOW_CTX_EXECUTION_DATE=2020-01-03T00:00:00+00:00
AIRFLOW_CTX_DAG_RUN_ID=scheduled__2020-01-03T00:00:00+00:00
[2021-06-24 16:20:42,233] {subprocess.py:52} INFO - Tmp dir root location: 
 /tmp
[2021-06-24 16:20:42,234] {subprocess.py:63} INFO - Running command: ['bash', '-c', 'sleep 3']
[2021-06-24 16:20:42,240] {subprocess.py:75} INFO - Output:
[2021-06-24 16:20:45,244] {subprocess.py:83} INFO - Command exited with return code 0
[2021-06-24 16:20:45,270] {taskinstance.py:1184} INFO - Marking task as SUCCESS. dag_id=parallel_dag, task_id=task_1, execution_date=20200103T000000, start_date=20210624T162042, end_date=20210624T162045
[2021-06-24 16:20:45,304] {taskinstance.py:1245} INFO - 2 downstream tasks scheduled from follow-on schedule check
[2021-06-24 16:20:45,346] {local_task_job.py:151} INFO - Task exited with return code 0
[2021-06-24 17:03:24,984] {taskinstance.py:876} INFO - Dependencies all met for <TaskInstance: parallel_dag.task_1 2020-01-03T00:00:00+00:00 [queued]>
[2021-06-24 17:03:25,158] {taskinstance.py:876} INFO - Dependencies all met for <TaskInstance: parallel_dag.task_1 2020-01-03T00:00:00+00:00 [queued]>
[2021-06-24 17:03:25,158] {taskinstance.py:1067} INFO - 
--------------------------------------------------------------------------------
[2021-06-24 17:03:25,159] {taskinstance.py:1068} INFO - Starting attempt 1 of 1
[2021-06-24 17:03:25,160] {taskinstance.py:1069} INFO - 
--------------------------------------------------------------------------------
[2021-06-24 17:03:25,259] {taskinstance.py:1087} INFO - Executing <Task(BashOperator): task_1> on 2020-01-03T00:00:00+00:00
[2021-06-24 17:03:25,283] {standard_task_runner.py:52} INFO - Started process 8572 to run task
[2021-06-24 17:03:25,433] {standard_task_runner.py:76} INFO - Running: ['airflow', 'tasks', 'run', 'parallel_dag', 'task_1', '2020-01-03T00:00:00+00:00', '--job-id', '4', '--pool', 'default_pool', '--raw', '--subdir', 'DAGS_FOLDER/parallel_dag.py', '--cfg-path', '/tmp/tmpusmjb_n_', '--error-file', '/tmp/tmpiaw69nmr']
[2021-06-24 17:03:25,434] {standard_task_runner.py:77} INFO - Job 4: Subtask task_1
[2021-06-24 17:03:25,900] {logging_mixin.py:104} INFO - Running <TaskInstance: parallel_dag.task_1 2020-01-03T00:00:00+00:00 [running]> on host airflowvm
[2021-06-24 17:03:26,648] {taskinstance.py:1280} INFO - Exporting the following env vars:
AIRFLOW_CTX_DAG_OWNER=airflow
AIRFLOW_CTX_DAG_ID=parallel_dag
AIRFLOW_CTX_TASK_ID=task_1
AIRFLOW_CTX_EXECUTION_DATE=2020-01-03T00:00:00+00:00
AIRFLOW_CTX_DAG_RUN_ID=scheduled__2020-01-03T00:00:00+00:00
[2021-06-24 17:03:26,650] {subprocess.py:52} INFO - Tmp dir root location: 
 /tmp
[2021-06-24 17:03:26,650] {subprocess.py:63} INFO - Running command: ['bash', '-c', 'sleep 3']
[2021-06-24 17:03:26,750] {subprocess.py:75} INFO - Output:
[2021-06-24 17:03:29,831] {subprocess.py:83} INFO - Command exited with return code 0
[2021-06-24 17:03:30,348] {taskinstance.py:1184} INFO - Marking task as SUCCESS. dag_id=parallel_dag, task_id=task_1, execution_date=20200103T000000, start_date=20210624T170324, end_date=20210624T170330
[2021-06-24 17:03:31,243] {local_task_job.py:196} WARNING - State of this instance has been externally set to success. Terminating instance.
[2021-06-24 17:03:31,588] {process_utils.py:100} INFO - Sending Signals.SIGTERM to GPID 8572
[2021-06-24 17:03:33,181] {taskinstance.py:1264} ERROR - Received SIGTERM. Terminating subprocesses.
[2021-06-24 17:03:33,181] {subprocess.py:89} INFO - Sending SIGTERM signal to process group
[2021-06-24 17:03:33,312] {process_utils.py:66} INFO - Process psutil.Process(pid=8572, status='terminated', exitcode=1, started='17:03:24') (8572) terminated with exit code 1
