[2021-06-25 09:45:10,145] {taskinstance.py:876} INFO - Dependencies all met for <TaskInstance: parallel_dag.task_2 2020-01-07T00:00:00+00:00 [queued]>
[2021-06-25 09:45:10,314] {taskinstance.py:876} INFO - Dependencies all met for <TaskInstance: parallel_dag.task_2 2020-01-07T00:00:00+00:00 [queued]>
[2021-06-25 09:45:10,314] {taskinstance.py:1067} INFO - 
--------------------------------------------------------------------------------
[2021-06-25 09:45:10,314] {taskinstance.py:1068} INFO - Starting attempt 2 of 2
[2021-06-25 09:45:10,314] {taskinstance.py:1069} INFO - 
--------------------------------------------------------------------------------
[2021-06-25 09:45:10,532] {taskinstance.py:1087} INFO - Executing <Task(BashOperator): task_2> on 2020-01-07T00:00:00+00:00
[2021-06-25 09:45:10,652] {standard_task_runner.py:52} INFO - Started process 18779 to run task
[2021-06-25 09:45:11,057] {standard_task_runner.py:76} INFO - Running: ['airflow', 'tasks', 'run', 'parallel_dag', 'task_2', '2020-01-07T00:00:00+00:00', '--job-id', '389', '--pool', 'default_pool', '--raw', '--subdir', 'DAGS_FOLDER/parallel_dag.py', '--cfg-path', '/tmp/tmpoepm43a4', '--error-file', '/tmp/tmp2p8g2yt3']
[2021-06-25 09:45:11,101] {standard_task_runner.py:77} INFO - Job 389: Subtask task_2
[2021-06-25 09:45:11,944] {logging_mixin.py:104} INFO - Running <TaskInstance: parallel_dag.task_2 2020-01-07T00:00:00+00:00 [running]> on host airflowvm
[2021-06-25 09:45:12,654] {taskinstance.py:1280} INFO - Exporting the following env vars:
AIRFLOW_CTX_DAG_OWNER=airflow
AIRFLOW_CTX_DAG_ID=parallel_dag
AIRFLOW_CTX_TASK_ID=task_2
AIRFLOW_CTX_EXECUTION_DATE=2020-01-07T00:00:00+00:00
AIRFLOW_CTX_DAG_RUN_ID=scheduled__2020-01-07T00:00:00+00:00
[2021-06-25 09:45:12,655] {subprocess.py:52} INFO - Tmp dir root location: 
 /tmp
[2021-06-25 09:45:12,656] {subprocess.py:63} INFO - Running command: ['bash', '-c', 'sleep 3']
[2021-06-25 09:45:12,762] {subprocess.py:75} INFO - Output:
[2021-06-25 09:45:15,820] {subprocess.py:83} INFO - Command exited with return code 0
[2021-06-25 09:45:17,629] {taskinstance.py:1184} INFO - Marking task as SUCCESS. dag_id=parallel_dag, task_id=task_2, execution_date=20200107T000000, start_date=20210625T094510, end_date=20210625T094517
[2021-06-25 09:45:19,426] {taskinstance.py:1245} INFO - 0 downstream tasks scheduled from follow-on schedule check
[2021-06-25 09:45:19,701] {local_task_job.py:151} INFO - Task exited with return code 0
