[2021-06-25 14:46:01,076] {taskinstance.py:876} INFO - Dependencies all met for <TaskInstance: xcom_dag.choose_best_model 2021-06-25T14:45:50.850673+00:00 [queued]>
[2021-06-25 14:46:01,159] {taskinstance.py:876} INFO - Dependencies all met for <TaskInstance: xcom_dag.choose_best_model 2021-06-25T14:45:50.850673+00:00 [queued]>
[2021-06-25 14:46:01,160] {taskinstance.py:1067} INFO - 
--------------------------------------------------------------------------------
[2021-06-25 14:46:01,163] {taskinstance.py:1068} INFO - Starting attempt 1 of 1
[2021-06-25 14:46:01,164] {taskinstance.py:1069} INFO - 
--------------------------------------------------------------------------------
[2021-06-25 14:46:01,201] {taskinstance.py:1087} INFO - Executing <Task(PythonOperator): choose_best_model> on 2021-06-25T14:45:50.850673+00:00
[2021-06-25 14:46:01,216] {standard_task_runner.py:52} INFO - Started process 7972 to run task
[2021-06-25 14:46:01,267] {standard_task_runner.py:76} INFO - Running: ['airflow', 'tasks', 'run', 'xcom_dag', 'choose_best_model', '2021-06-25T14:45:50.850673+00:00', '--job-id', '446', '--pool', 'default_pool', '--raw', '--subdir', 'DAGS_FOLDER/xcom_dag.py', '--cfg-path', '/tmp/tmpbo4bh_ne', '--error-file', '/tmp/tmpu7yjthcx']
[2021-06-25 14:46:01,269] {standard_task_runner.py:77} INFO - Job 446: Subtask choose_best_model
[2021-06-25 14:46:01,567] {logging_mixin.py:104} INFO - Running <TaskInstance: xcom_dag.choose_best_model 2021-06-25T14:45:50.850673+00:00 [running]> on host airflowvm
[2021-06-25 14:46:01,875] {taskinstance.py:1280} INFO - Exporting the following env vars:
AIRFLOW_CTX_DAG_OWNER=airflow
AIRFLOW_CTX_DAG_ID=xcom_dag
AIRFLOW_CTX_TASK_ID=choose_best_model
AIRFLOW_CTX_EXECUTION_DATE=2021-06-25T14:45:50.850673+00:00
AIRFLOW_CTX_DAG_RUN_ID=manual__2021-06-25T14:45:50.850673+00:00
[2021-06-25 14:46:01,881] {logging_mixin.py:104} INFO - choose best model
[2021-06-25 14:46:01,915] {logging_mixin.py:104} INFO - [0.09192598895827853, 0.4525373719299367, 0.7222910782268163]
[2021-06-25 14:46:01,916] {python.py:151} INFO - Done. Returned value was: None
[2021-06-25 14:46:01,998] {taskinstance.py:1184} INFO - Marking task as SUCCESS. dag_id=xcom_dag, task_id=choose_best_model, execution_date=20210625T144550, start_date=20210625T144601, end_date=20210625T144601
[2021-06-25 14:46:02,192] {taskinstance.py:1245} INFO - 1 downstream tasks scheduled from follow-on schedule check
[2021-06-25 14:46:02,206] {local_task_job.py:151} INFO - Task exited with return code 0
