[2021-06-24 16:28:35,713] {taskinstance.py:876} INFO - Dependencies all met for <TaskInstance: parallel_dag.task_3 2020-01-18T00:00:00+00:00 [queued]>
[2021-06-24 16:28:35,724] {taskinstance.py:876} INFO - Dependencies all met for <TaskInstance: parallel_dag.task_3 2020-01-18T00:00:00+00:00 [queued]>
[2021-06-24 16:28:35,725] {taskinstance.py:1067} INFO - 
--------------------------------------------------------------------------------
[2021-06-24 16:28:35,725] {taskinstance.py:1068} INFO - Starting attempt 1 of 1
[2021-06-24 16:28:35,725] {taskinstance.py:1069} INFO - 
--------------------------------------------------------------------------------
[2021-06-24 16:28:35,753] {taskinstance.py:1087} INFO - Executing <Task(BashOperator): task_3> on 2020-01-18T00:00:00+00:00
[2021-06-24 16:28:35,756] {standard_task_runner.py:52} INFO - Started process 2631 to run task
[2021-06-24 16:28:35,770] {standard_task_runner.py:76} INFO - Running: ['airflow', 'tasks', 'run', 'parallel_dag', 'task_3', '2020-01-18T00:00:00+00:00', '--job-id', '112', '--pool', 'default_pool', '--raw', '--subdir', 'DAGS_FOLDER/parallel_dag.py', '--cfg-path', '/tmp/tmpe2cpkr7f', '--error-file', '/tmp/tmpdcd4_6a8']
[2021-06-24 16:28:35,772] {standard_task_runner.py:77} INFO - Job 112: Subtask task_3
[2021-06-24 16:28:35,849] {logging_mixin.py:104} INFO - Running <TaskInstance: parallel_dag.task_3 2020-01-18T00:00:00+00:00 [running]> on host airflowvm
[2021-06-24 16:28:35,945] {taskinstance.py:1280} INFO - Exporting the following env vars:
AIRFLOW_CTX_DAG_OWNER=airflow
AIRFLOW_CTX_DAG_ID=parallel_dag
AIRFLOW_CTX_TASK_ID=task_3
AIRFLOW_CTX_EXECUTION_DATE=2020-01-18T00:00:00+00:00
AIRFLOW_CTX_DAG_RUN_ID=scheduled__2020-01-18T00:00:00+00:00
[2021-06-24 16:28:35,947] {subprocess.py:52} INFO - Tmp dir root location: 
 /tmp
[2021-06-24 16:28:35,948] {subprocess.py:63} INFO - Running command: ['bash', '-c', 'sleep 3']
[2021-06-24 16:28:35,959] {subprocess.py:75} INFO - Output:
[2021-06-24 16:28:38,965] {subprocess.py:83} INFO - Command exited with return code 0
[2021-06-24 16:28:38,987] {taskinstance.py:1184} INFO - Marking task as SUCCESS. dag_id=parallel_dag, task_id=task_3, execution_date=20200118T000000, start_date=20210624T162835, end_date=20210624T162838
[2021-06-24 16:28:39,017] {taskinstance.py:1245} INFO - 1 downstream tasks scheduled from follow-on schedule check
[2021-06-24 16:28:39,050] {local_task_job.py:151} INFO - Task exited with return code 0
[2021-06-24 17:05:30,522] {taskinstance.py:876} INFO - Dependencies all met for <TaskInstance: parallel_dag.task_3 2020-01-18T00:00:00+00:00 [queued]>
[2021-06-24 17:05:30,849] {taskinstance.py:876} INFO - Dependencies all met for <TaskInstance: parallel_dag.task_3 2020-01-18T00:00:00+00:00 [queued]>
[2021-06-24 17:05:30,850] {taskinstance.py:1067} INFO - 
--------------------------------------------------------------------------------
[2021-06-24 17:05:30,850] {taskinstance.py:1068} INFO - Starting attempt 1 of 1
[2021-06-24 17:05:30,850] {taskinstance.py:1069} INFO - 
--------------------------------------------------------------------------------
[2021-06-24 17:05:31,010] {taskinstance.py:1087} INFO - Executing <Task(BashOperator): task_3> on 2020-01-18T00:00:00+00:00
[2021-06-24 17:05:31,076] {standard_task_runner.py:52} INFO - Started process 11207 to run task
[2021-06-24 17:05:31,134] {standard_task_runner.py:76} INFO - Running: ['airflow', 'tasks', 'run', 'parallel_dag', 'task_3', '2020-01-18T00:00:00+00:00', '--job-id', '80', '--pool', 'default_pool', '--raw', '--subdir', 'DAGS_FOLDER/parallel_dag.py', '--cfg-path', '/tmp/tmpsfntxk1j', '--error-file', '/tmp/tmp92t4_hwp']
[2021-06-24 17:05:31,165] {standard_task_runner.py:77} INFO - Job 80: Subtask task_3
[2021-06-24 17:05:32,231] {logging_mixin.py:104} INFO - Running <TaskInstance: parallel_dag.task_3 2020-01-18T00:00:00+00:00 [running]> on host airflowvm
[2021-06-24 17:05:32,819] {taskinstance.py:1280} INFO - Exporting the following env vars:
AIRFLOW_CTX_DAG_OWNER=airflow
AIRFLOW_CTX_DAG_ID=parallel_dag
AIRFLOW_CTX_TASK_ID=task_3
AIRFLOW_CTX_EXECUTION_DATE=2020-01-18T00:00:00+00:00
AIRFLOW_CTX_DAG_RUN_ID=scheduled__2020-01-18T00:00:00+00:00
[2021-06-24 17:05:32,820] {subprocess.py:52} INFO - Tmp dir root location: 
 /tmp
[2021-06-24 17:05:32,821] {subprocess.py:63} INFO - Running command: ['bash', '-c', 'sleep 3']
[2021-06-24 17:05:32,866] {subprocess.py:75} INFO - Output:
[2021-06-24 17:05:35,882] {subprocess.py:83} INFO - Command exited with return code 0
[2021-06-24 17:05:36,454] {taskinstance.py:1184} INFO - Marking task as SUCCESS. dag_id=parallel_dag, task_id=task_3, execution_date=20200118T000000, start_date=20210624T170530, end_date=20210624T170536
[2021-06-24 17:05:36,817] {local_task_job.py:196} WARNING - State of this instance has been externally set to success. Terminating instance.
[2021-06-24 17:05:36,949] {process_utils.py:100} INFO - Sending Signals.SIGTERM to GPID 11207
[2021-06-24 17:05:37,663] {taskinstance.py:1264} ERROR - Received SIGTERM. Terminating subprocesses.
[2021-06-24 17:05:37,663] {subprocess.py:89} INFO - Sending SIGTERM signal to process group
[2021-06-24 17:05:37,719] {process_utils.py:66} INFO - Process psutil.Process(pid=11207, status='terminated', exitcode=1, started='17:05:30') (11207) terminated with exit code 1
