[2021-06-24 16:21:34,798] {taskinstance.py:876} INFO - Dependencies all met for <TaskInstance: parallel_dag.task_2 2020-01-04T00:00:00+00:00 [queued]>
[2021-06-24 16:21:34,811] {taskinstance.py:876} INFO - Dependencies all met for <TaskInstance: parallel_dag.task_2 2020-01-04T00:00:00+00:00 [queued]>
[2021-06-24 16:21:34,811] {taskinstance.py:1067} INFO - 
--------------------------------------------------------------------------------
[2021-06-24 16:21:34,811] {taskinstance.py:1068} INFO - Starting attempt 1 of 1
[2021-06-24 16:21:34,812] {taskinstance.py:1069} INFO - 
--------------------------------------------------------------------------------
[2021-06-24 16:21:34,828] {taskinstance.py:1087} INFO - Executing <Task(BashOperator): task_2> on 2020-01-04T00:00:00+00:00
[2021-06-24 16:21:34,830] {standard_task_runner.py:52} INFO - Started process 2024 to run task
[2021-06-24 16:21:34,850] {standard_task_runner.py:76} INFO - Running: ['airflow', 'tasks', 'run', 'parallel_dag', 'task_2', '2020-01-04T00:00:00+00:00', '--job-id', '55', '--pool', 'default_pool', '--raw', '--subdir', 'DAGS_FOLDER/parallel_dag.py', '--cfg-path', '/tmp/tmpwkbnsxa8', '--error-file', '/tmp/tmp6_vaoc7_']
[2021-06-24 16:21:34,852] {standard_task_runner.py:77} INFO - Job 55: Subtask task_2
[2021-06-24 16:21:34,947] {logging_mixin.py:104} INFO - Running <TaskInstance: parallel_dag.task_2 2020-01-04T00:00:00+00:00 [running]> on host airflowvm
[2021-06-24 16:21:35,031] {taskinstance.py:1280} INFO - Exporting the following env vars:
AIRFLOW_CTX_DAG_OWNER=airflow
AIRFLOW_CTX_DAG_ID=parallel_dag
AIRFLOW_CTX_TASK_ID=task_2
AIRFLOW_CTX_EXECUTION_DATE=2020-01-04T00:00:00+00:00
AIRFLOW_CTX_DAG_RUN_ID=scheduled__2020-01-04T00:00:00+00:00
[2021-06-24 16:21:35,032] {subprocess.py:52} INFO - Tmp dir root location: 
 /tmp
[2021-06-24 16:21:35,032] {subprocess.py:63} INFO - Running command: ['bash', '-c', 'sleep 3']
[2021-06-24 16:21:35,045] {subprocess.py:75} INFO - Output:
[2021-06-24 16:21:38,048] {subprocess.py:83} INFO - Command exited with return code 0
[2021-06-24 16:21:38,091] {taskinstance.py:1184} INFO - Marking task as SUCCESS. dag_id=parallel_dag, task_id=task_2, execution_date=20200104T000000, start_date=20210624T162134, end_date=20210624T162138
[2021-06-24 16:21:38,124] {taskinstance.py:1245} INFO - 0 downstream tasks scheduled from follow-on schedule check
[2021-06-24 16:21:38,163] {local_task_job.py:151} INFO - Task exited with return code 0
[2021-06-24 17:03:53,696] {taskinstance.py:876} INFO - Dependencies all met for <TaskInstance: parallel_dag.task_2 2020-01-04T00:00:00+00:00 [queued]>
[2021-06-24 17:03:54,126] {taskinstance.py:876} INFO - Dependencies all met for <TaskInstance: parallel_dag.task_2 2020-01-04T00:00:00+00:00 [queued]>
[2021-06-24 17:03:54,131] {taskinstance.py:1067} INFO - 
--------------------------------------------------------------------------------
[2021-06-24 17:03:54,134] {taskinstance.py:1068} INFO - Starting attempt 1 of 1
[2021-06-24 17:03:54,134] {taskinstance.py:1069} INFO - 
--------------------------------------------------------------------------------
[2021-06-24 17:03:54,431] {taskinstance.py:1087} INFO - Executing <Task(BashOperator): task_2> on 2020-01-04T00:00:00+00:00
[2021-06-24 17:03:54,589] {standard_task_runner.py:52} INFO - Started process 9074 to run task
[2021-06-24 17:03:54,806] {standard_task_runner.py:76} INFO - Running: ['airflow', 'tasks', 'run', 'parallel_dag', 'task_2', '2020-01-04T00:00:00+00:00', '--job-id', '20', '--pool', 'default_pool', '--raw', '--subdir', 'DAGS_FOLDER/parallel_dag.py', '--cfg-path', '/tmp/tmpf5nmc3sy', '--error-file', '/tmp/tmpdcjeyr6q']
[2021-06-24 17:03:54,832] {standard_task_runner.py:77} INFO - Job 20: Subtask task_2
[2021-06-24 17:03:56,369] {logging_mixin.py:104} INFO - Running <TaskInstance: parallel_dag.task_2 2020-01-04T00:00:00+00:00 [running]> on host airflowvm
[2021-06-24 17:03:57,759] {taskinstance.py:1280} INFO - Exporting the following env vars:
AIRFLOW_CTX_DAG_OWNER=airflow
AIRFLOW_CTX_DAG_ID=parallel_dag
AIRFLOW_CTX_TASK_ID=task_2
AIRFLOW_CTX_EXECUTION_DATE=2020-01-04T00:00:00+00:00
AIRFLOW_CTX_DAG_RUN_ID=scheduled__2020-01-04T00:00:00+00:00
[2021-06-24 17:03:57,767] {subprocess.py:52} INFO - Tmp dir root location: 
 /tmp
[2021-06-24 17:03:57,792] {subprocess.py:63} INFO - Running command: ['bash', '-c', 'sleep 3']
[2021-06-24 17:03:57,943] {subprocess.py:75} INFO - Output:
[2021-06-24 17:04:01,081] {subprocess.py:83} INFO - Command exited with return code 0
[2021-06-24 17:04:02,114] {taskinstance.py:1184} INFO - Marking task as SUCCESS. dag_id=parallel_dag, task_id=task_2, execution_date=20200104T000000, start_date=20210624T170353, end_date=20210624T170402
[2021-06-24 17:04:03,599] {taskinstance.py:1245} INFO - 1 downstream tasks scheduled from follow-on schedule check
[2021-06-24 17:04:03,754] {local_task_job.py:151} INFO - Task exited with return code 0
