[2021-06-29 14:13:22,601] {taskinstance.py:876} INFO - Dependencies all met for <TaskInstance: open_aq.process_data 2021-06-29T14:13:06.368401+00:00 [queued]>
[2021-06-29 14:13:22,628] {taskinstance.py:876} INFO - Dependencies all met for <TaskInstance: open_aq.process_data 2021-06-29T14:13:06.368401+00:00 [queued]>
[2021-06-29 14:13:22,628] {taskinstance.py:1067} INFO - 
--------------------------------------------------------------------------------
[2021-06-29 14:13:22,628] {taskinstance.py:1068} INFO - Starting attempt 1 of 1
[2021-06-29 14:13:22,628] {taskinstance.py:1069} INFO - 
--------------------------------------------------------------------------------
[2021-06-29 14:13:22,659] {taskinstance.py:1087} INFO - Executing <Task(PythonOperator): process_data> on 2021-06-29T14:13:06.368401+00:00
[2021-06-29 14:13:22,667] {standard_task_runner.py:52} INFO - Started process 21117 to run task
[2021-06-29 14:13:22,676] {standard_task_runner.py:76} INFO - Running: ['airflow', 'tasks', 'run', 'open_aq', 'process_data', '2021-06-29T14:13:06.368401+00:00', '--job-id', '590', '--pool', 'default_pool', '--raw', '--subdir', 'DAGS_FOLDER/open_aq.py', '--cfg-path', '/tmp/tmpa66wgwkd', '--error-file', '/tmp/tmpq4sh7jx4']
[2021-06-29 14:13:22,678] {standard_task_runner.py:77} INFO - Job 590: Subtask process_data
[2021-06-29 14:13:22,761] {logging_mixin.py:104} INFO - Running <TaskInstance: open_aq.process_data 2021-06-29T14:13:06.368401+00:00 [running]> on host airflowvm
[2021-06-29 14:13:22,881] {taskinstance.py:1280} INFO - Exporting the following env vars:
AIRFLOW_CTX_DAG_OWNER=airflow
AIRFLOW_CTX_DAG_ID=open_aq
AIRFLOW_CTX_TASK_ID=process_data
AIRFLOW_CTX_EXECUTION_DATE=2021-06-29T14:13:06.368401+00:00
AIRFLOW_CTX_DAG_RUN_ID=manual__2021-06-29T14:13:06.368401+00:00
[2021-06-29 14:13:22,928] {logging_mixin.py:104} INFO - Json normalized:   country city  count parameters
0      US  007   1372     [pm25]
[2021-06-29 14:13:22,933] {python.py:151} INFO - Done. Returned value was: None
[2021-06-29 14:13:22,953] {taskinstance.py:1184} INFO - Marking task as SUCCESS. dag_id=open_aq, task_id=process_data, execution_date=20210629T141306, start_date=20210629T141322, end_date=20210629T141322
[2021-06-29 14:13:22,999] {taskinstance.py:1245} INFO - 1 downstream tasks scheduled from follow-on schedule check
[2021-06-29 14:13:23,054] {local_task_job.py:151} INFO - Task exited with return code 0
