[2021-06-29 14:19:25,099] {taskinstance.py:876} INFO - Dependencies all met for <TaskInstance: open_aq.process_data 2021-06-29T14:13:06.368401+00:00 [queued]>
[2021-06-29 14:19:25,135] {taskinstance.py:876} INFO - Dependencies all met for <TaskInstance: open_aq.process_data 2021-06-29T14:13:06.368401+00:00 [queued]>
[2021-06-29 14:19:25,136] {taskinstance.py:1067} INFO - 
--------------------------------------------------------------------------------
[2021-06-29 14:19:25,137] {taskinstance.py:1068} INFO - Starting attempt 2 of 2
[2021-06-29 14:19:25,138] {taskinstance.py:1069} INFO - 
--------------------------------------------------------------------------------
[2021-06-29 14:19:25,174] {taskinstance.py:1087} INFO - Executing <Task(PythonOperator): process_data> on 2021-06-29T14:13:06.368401+00:00
[2021-06-29 14:19:25,188] {standard_task_runner.py:52} INFO - Started process 21714 to run task
[2021-06-29 14:19:25,197] {standard_task_runner.py:76} INFO - Running: ['airflow', 'tasks', 'run', 'open_aq', 'process_data', '2021-06-29T14:13:06.368401+00:00', '--job-id', '592', '--pool', 'default_pool', '--raw', '--subdir', 'DAGS_FOLDER/open_aq.py', '--cfg-path', '/tmp/tmpczp8zvsk', '--error-file', '/tmp/tmpvgd0jxtb']
[2021-06-29 14:19:25,202] {standard_task_runner.py:77} INFO - Job 592: Subtask process_data
[2021-06-29 14:19:25,331] {logging_mixin.py:104} INFO - Running <TaskInstance: open_aq.process_data 2021-06-29T14:13:06.368401+00:00 [running]> on host airflowvm
[2021-06-29 14:19:25,464] {taskinstance.py:1280} INFO - Exporting the following env vars:
AIRFLOW_CTX_DAG_OWNER=airflow
AIRFLOW_CTX_DAG_ID=open_aq
AIRFLOW_CTX_TASK_ID=process_data
AIRFLOW_CTX_EXECUTION_DATE=2021-06-29T14:13:06.368401+00:00
AIRFLOW_CTX_DAG_RUN_ID=manual__2021-06-29T14:13:06.368401+00:00
[2021-06-29 14:19:25,517] {logging_mixin.py:104} INFO - Json normalized:   country city  count parameters
0      US  007   1372     [pm25]
[2021-06-29 14:19:25,535] {logging_mixin.py:104} INFO - Json normalized and replaced:   country city  count parameters
0      US  007   1372     [pm25]
[2021-06-29 14:19:25,556] {logging_mixin.py:104} INFO - csv:   country city  count parameters
0      US  007   1372     [pm25]
[2021-06-29 14:19:25,557] {python.py:151} INFO - Done. Returned value was: None
[2021-06-29 14:19:25,579] {taskinstance.py:1184} INFO - Marking task as SUCCESS. dag_id=open_aq, task_id=process_data, execution_date=20210629T141306, start_date=20210629T141925, end_date=20210629T141925
[2021-06-29 14:19:25,626] {taskinstance.py:1245} INFO - 1 downstream tasks scheduled from follow-on schedule check
[2021-06-29 14:19:25,656] {local_task_job.py:151} INFO - Task exited with return code 0
