[2021-06-29 14:22:38,989] {taskinstance.py:876} INFO - Dependencies all met for <TaskInstance: open_aq.process_data 2021-06-29T14:13:06.368401+00:00 [queued]>
[2021-06-29 14:22:39,020] {taskinstance.py:876} INFO - Dependencies all met for <TaskInstance: open_aq.process_data 2021-06-29T14:13:06.368401+00:00 [queued]>
[2021-06-29 14:22:39,025] {taskinstance.py:1067} INFO - 
--------------------------------------------------------------------------------
[2021-06-29 14:22:39,026] {taskinstance.py:1068} INFO - Starting attempt 4 of 4
[2021-06-29 14:22:39,028] {taskinstance.py:1069} INFO - 
--------------------------------------------------------------------------------
[2021-06-29 14:22:39,041] {taskinstance.py:1087} INFO - Executing <Task(PythonOperator): process_data> on 2021-06-29T14:13:06.368401+00:00
[2021-06-29 14:22:39,050] {standard_task_runner.py:52} INFO - Started process 22102 to run task
[2021-06-29 14:22:39,056] {standard_task_runner.py:76} INFO - Running: ['airflow', 'tasks', 'run', 'open_aq', 'process_data', '2021-06-29T14:13:06.368401+00:00', '--job-id', '596', '--pool', 'default_pool', '--raw', '--subdir', 'DAGS_FOLDER/open_aq.py', '--cfg-path', '/tmp/tmp9eg56one', '--error-file', '/tmp/tmpebocjrqs']
[2021-06-29 14:22:39,057] {standard_task_runner.py:77} INFO - Job 596: Subtask process_data
[2021-06-29 14:22:39,152] {logging_mixin.py:104} INFO - Running <TaskInstance: open_aq.process_data 2021-06-29T14:13:06.368401+00:00 [running]> on host airflowvm
[2021-06-29 14:22:39,318] {taskinstance.py:1280} INFO - Exporting the following env vars:
AIRFLOW_CTX_DAG_OWNER=airflow
AIRFLOW_CTX_DAG_ID=open_aq
AIRFLOW_CTX_TASK_ID=process_data
AIRFLOW_CTX_EXECUTION_DATE=2021-06-29T14:13:06.368401+00:00
AIRFLOW_CTX_DAG_RUN_ID=manual__2021-06-29T14:13:06.368401+00:00
[2021-06-29 14:22:39,378] {logging_mixin.py:104} INFO - Json normalized:   country city  count parameters
0      US  007   1372     [pm25]
[2021-06-29 14:22:39,381] {taskinstance.py:1481} ERROR - Task failed with exception
Traceback (most recent call last):
  File "/home/airflow/sandbox/lib/python3.8/site-packages/airflow/models/taskinstance.py", line 1137, in _run_raw_task
    self._prepare_and_execute_task_with_callbacks(context, task)
  File "/home/airflow/sandbox/lib/python3.8/site-packages/airflow/models/taskinstance.py", line 1311, in _prepare_and_execute_task_with_callbacks
    result = self._execute_task(context, task_copy)
  File "/home/airflow/sandbox/lib/python3.8/site-packages/airflow/models/taskinstance.py", line 1341, in _execute_task
    result = task_copy.execute(context=context)
  File "/home/airflow/sandbox/lib/python3.8/site-packages/airflow/operators/python.py", line 150, in execute
    return_value = self.execute_callable()
  File "/home/airflow/sandbox/lib/python3.8/site-packages/airflow/operators/python.py", line 161, in execute_callable
    return self.python_callable(*self.op_args, **self.op_kwargs)
  File "/home/airflow/airflow/dags/open_aq.py", line 33, in _process_data
    processed_data = json.dumps(processed_data).replace('[', '{')
  File "/usr/lib/python3.8/json/__init__.py", line 231, in dumps
    return _default_encoder.encode(obj)
  File "/usr/lib/python3.8/json/encoder.py", line 199, in encode
    chunks = self.iterencode(o, _one_shot=True)
  File "/usr/lib/python3.8/json/encoder.py", line 257, in iterencode
    return _iterencode(o, 0)
  File "/usr/lib/python3.8/json/encoder.py", line 179, in default
    raise TypeError(f'Object of type {o.__class__.__name__} '
TypeError: Object of type DataFrame is not JSON serializable
[2021-06-29 14:22:39,391] {taskinstance.py:1524} INFO - Marking task as FAILED. dag_id=open_aq, task_id=process_data, execution_date=20210629T141306, start_date=20210629T142238, end_date=20210629T142239
[2021-06-29 14:22:39,479] {local_task_job.py:151} INFO - Task exited with return code 1
