[2021-06-29 14:31:38,108] {taskinstance.py:876} INFO - Dependencies all met for <TaskInstance: open_aq.process_data 2021-06-29T14:13:06.368401+00:00 [queued]>
[2021-06-29 14:31:38,140] {taskinstance.py:876} INFO - Dependencies all met for <TaskInstance: open_aq.process_data 2021-06-29T14:13:06.368401+00:00 [queued]>
[2021-06-29 14:31:38,141] {taskinstance.py:1067} INFO - 
--------------------------------------------------------------------------------
[2021-06-29 14:31:38,141] {taskinstance.py:1068} INFO - Starting attempt 9 of 9
[2021-06-29 14:31:38,141] {taskinstance.py:1069} INFO - 
--------------------------------------------------------------------------------
[2021-06-29 14:31:38,154] {taskinstance.py:1087} INFO - Executing <Task(PythonOperator): process_data> on 2021-06-29T14:13:06.368401+00:00
[2021-06-29 14:31:38,159] {standard_task_runner.py:52} INFO - Started process 23006 to run task
[2021-06-29 14:31:38,169] {standard_task_runner.py:76} INFO - Running: ['airflow', 'tasks', 'run', 'open_aq', 'process_data', '2021-06-29T14:13:06.368401+00:00', '--job-id', '601', '--pool', 'default_pool', '--raw', '--subdir', 'DAGS_FOLDER/open_aq.py', '--cfg-path', '/tmp/tmpg4ba04io', '--error-file', '/tmp/tmpjb7guj61']
[2021-06-29 14:31:38,170] {standard_task_runner.py:77} INFO - Job 601: Subtask process_data
[2021-06-29 14:31:38,264] {logging_mixin.py:104} INFO - Running <TaskInstance: open_aq.process_data 2021-06-29T14:13:06.368401+00:00 [running]> on host airflowvm
[2021-06-29 14:31:38,375] {taskinstance.py:1280} INFO - Exporting the following env vars:
AIRFLOW_CTX_DAG_OWNER=airflow
AIRFLOW_CTX_DAG_ID=open_aq
AIRFLOW_CTX_TASK_ID=process_data
AIRFLOW_CTX_EXECUTION_DATE=2021-06-29T14:13:06.368401+00:00
AIRFLOW_CTX_DAG_RUN_ID=manual__2021-06-29T14:13:06.368401+00:00
[2021-06-29 14:31:38,392] {logging_mixin.py:104} INFO - {'country': 'US', 'city': '007', 'count': 1372, 'locations': 5, 'firstUpdated': '2018-08-09T09:00:00+00:00', 'lastUpdated': '2018-11-09T23:00:00+00:00', 'parameters': ['pm25']}
[2021-06-29 14:31:38,411] {logging_mixin.py:104} INFO - Json normalized:   country city  count parameters
0      US  007   1372     [pm25]
[2021-06-29 14:31:38,416] {python.py:151} INFO - Done. Returned value was: None
[2021-06-29 14:31:38,434] {taskinstance.py:1184} INFO - Marking task as SUCCESS. dag_id=open_aq, task_id=process_data, execution_date=20210629T141306, start_date=20210629T143138, end_date=20210629T143138
[2021-06-29 14:31:38,482] {taskinstance.py:1245} INFO - 1 downstream tasks scheduled from follow-on schedule check
[2021-06-29 14:31:38,501] {local_task_job.py:151} INFO - Task exited with return code 0
