[2021-06-29 16:56:35,540] {taskinstance.py:876} INFO - Dependencies all met for <TaskInstance: open_aq.process_data 2021-06-29T16:38:33.458784+00:00 [queued]>
[2021-06-29 16:56:35,567] {taskinstance.py:876} INFO - Dependencies all met for <TaskInstance: open_aq.process_data 2021-06-29T16:38:33.458784+00:00 [queued]>
[2021-06-29 16:56:35,567] {taskinstance.py:1067} INFO - 
--------------------------------------------------------------------------------
[2021-06-29 16:56:35,567] {taskinstance.py:1068} INFO - Starting attempt 3 of 3
[2021-06-29 16:56:35,568] {taskinstance.py:1069} INFO - 
--------------------------------------------------------------------------------
[2021-06-29 16:56:35,582] {taskinstance.py:1087} INFO - Executing <Task(PythonOperator): process_data> on 2021-06-29T16:38:33.458784+00:00
[2021-06-29 16:56:35,588] {standard_task_runner.py:52} INFO - Started process 38643 to run task
[2021-06-29 16:56:35,599] {standard_task_runner.py:76} INFO - Running: ['airflow', 'tasks', 'run', 'open_aq', 'process_data', '2021-06-29T16:38:33.458784+00:00', '--job-id', '691', '--pool', 'default_pool', '--raw', '--subdir', 'DAGS_FOLDER/open_aq.py', '--cfg-path', '/tmp/tmpa_81qhj9', '--error-file', '/tmp/tmp2lt6yah3']
[2021-06-29 16:56:35,601] {standard_task_runner.py:77} INFO - Job 691: Subtask process_data
[2021-06-29 16:56:35,700] {logging_mixin.py:104} INFO - Running <TaskInstance: open_aq.process_data 2021-06-29T16:38:33.458784+00:00 [running]> on host airflowvm
[2021-06-29 16:56:35,826] {taskinstance.py:1280} INFO - Exporting the following env vars:
AIRFLOW_CTX_DAG_OWNER=airflow
AIRFLOW_CTX_DAG_ID=open_aq
AIRFLOW_CTX_TASK_ID=process_data
AIRFLOW_CTX_EXECUTION_DATE=2021-06-29T16:38:33.458784+00:00
AIRFLOW_CTX_DAG_RUN_ID=manual__2021-06-29T16:38:33.458784+00:00
[2021-06-29 16:56:35,842] {logging_mixin.py:104} INFO - {'country': 'US', 'city': '007', 'count': 1372, 'locations': 5, 'firstUpdated': '2018-08-09T09:00:00+00:00', 'lastUpdated': '2018-11-09T23:00:00+00:00', 'parameters': ['pm25']}
[2021-06-29 16:56:35,861] {logging_mixin.py:104} INFO - Json normalized:   city country  count parameters
0  007      US   1372       NULL
[2021-06-29 16:56:35,865] {python.py:151} INFO - Done. Returned value was: None
[2021-06-29 16:56:35,881] {taskinstance.py:1184} INFO - Marking task as SUCCESS. dag_id=open_aq, task_id=process_data, execution_date=20210629T163833, start_date=20210629T165635, end_date=20210629T165635
[2021-06-29 16:56:35,938] {taskinstance.py:1245} INFO - 1 downstream tasks scheduled from follow-on schedule check
[2021-06-29 16:56:35,974] {local_task_job.py:151} INFO - Task exited with return code 0
