[2021-06-24 16:21:04,750] {taskinstance.py:876} INFO - Dependencies all met for <TaskInstance: parallel_dag.task_1 2020-01-04T00:00:00+00:00 [queued]>
[2021-06-24 16:21:04,766] {taskinstance.py:876} INFO - Dependencies all met for <TaskInstance: parallel_dag.task_1 2020-01-04T00:00:00+00:00 [queued]>
[2021-06-24 16:21:04,766] {taskinstance.py:1067} INFO - 
--------------------------------------------------------------------------------
[2021-06-24 16:21:04,767] {taskinstance.py:1068} INFO - Starting attempt 1 of 1
[2021-06-24 16:21:04,767] {taskinstance.py:1069} INFO - 
--------------------------------------------------------------------------------
[2021-06-24 16:21:04,790] {taskinstance.py:1087} INFO - Executing <Task(BashOperator): task_1> on 2020-01-04T00:00:00+00:00
[2021-06-24 16:21:04,792] {standard_task_runner.py:52} INFO - Started process 1982 to run task
[2021-06-24 16:21:04,797] {standard_task_runner.py:76} INFO - Running: ['airflow', 'tasks', 'run', 'parallel_dag', 'task_1', '2020-01-04T00:00:00+00:00', '--job-id', '50', '--pool', 'default_pool', '--raw', '--subdir', 'DAGS_FOLDER/parallel_dag.py', '--cfg-path', '/tmp/tmphshafk6o', '--error-file', '/tmp/tmpib274mff']
[2021-06-24 16:21:04,797] {standard_task_runner.py:77} INFO - Job 50: Subtask task_1
[2021-06-24 16:21:04,861] {logging_mixin.py:104} INFO - Running <TaskInstance: parallel_dag.task_1 2020-01-04T00:00:00+00:00 [running]> on host airflowvm
[2021-06-24 16:21:04,922] {taskinstance.py:1280} INFO - Exporting the following env vars:
AIRFLOW_CTX_DAG_OWNER=airflow
AIRFLOW_CTX_DAG_ID=parallel_dag
AIRFLOW_CTX_TASK_ID=task_1
AIRFLOW_CTX_EXECUTION_DATE=2020-01-04T00:00:00+00:00
AIRFLOW_CTX_DAG_RUN_ID=scheduled__2020-01-04T00:00:00+00:00
[2021-06-24 16:21:04,923] {subprocess.py:52} INFO - Tmp dir root location: 
 /tmp
[2021-06-24 16:21:04,923] {subprocess.py:63} INFO - Running command: ['bash', '-c', 'sleep 3']
[2021-06-24 16:21:04,935] {subprocess.py:75} INFO - Output:
[2021-06-24 16:21:07,939] {subprocess.py:83} INFO - Command exited with return code 0
[2021-06-24 16:21:07,967] {taskinstance.py:1184} INFO - Marking task as SUCCESS. dag_id=parallel_dag, task_id=task_1, execution_date=20200104T000000, start_date=20210624T162104, end_date=20210624T162107
[2021-06-24 16:21:08,006] {taskinstance.py:1245} INFO - 2 downstream tasks scheduled from follow-on schedule check
[2021-06-24 16:21:08,024] {local_task_job.py:151} INFO - Task exited with return code 0
[2021-06-24 17:03:26,530] {taskinstance.py:876} INFO - Dependencies all met for <TaskInstance: parallel_dag.task_1 2020-01-04T00:00:00+00:00 [queued]>
[2021-06-24 17:03:26,784] {taskinstance.py:876} INFO - Dependencies all met for <TaskInstance: parallel_dag.task_1 2020-01-04T00:00:00+00:00 [queued]>
[2021-06-24 17:03:26,805] {taskinstance.py:1067} INFO - 
--------------------------------------------------------------------------------
[2021-06-24 17:03:26,805] {taskinstance.py:1068} INFO - Starting attempt 1 of 1
[2021-06-24 17:03:26,806] {taskinstance.py:1069} INFO - 
--------------------------------------------------------------------------------
[2021-06-24 17:03:26,914] {taskinstance.py:1087} INFO - Executing <Task(BashOperator): task_1> on 2020-01-04T00:00:00+00:00
[2021-06-24 17:03:26,926] {standard_task_runner.py:52} INFO - Started process 8616 to run task
[2021-06-24 17:03:27,023] {standard_task_runner.py:76} INFO - Running: ['airflow', 'tasks', 'run', 'parallel_dag', 'task_1', '2020-01-04T00:00:00+00:00', '--job-id', '5', '--pool', 'default_pool', '--raw', '--subdir', 'DAGS_FOLDER/parallel_dag.py', '--cfg-path', '/tmp/tmpjogdl1ny', '--error-file', '/tmp/tmpxatjts8d']
[2021-06-24 17:03:27,040] {standard_task_runner.py:77} INFO - Job 5: Subtask task_1
[2021-06-24 17:03:27,983] {logging_mixin.py:104} INFO - Running <TaskInstance: parallel_dag.task_1 2020-01-04T00:00:00+00:00 [running]> on host airflowvm
[2021-06-24 17:03:28,461] {taskinstance.py:1280} INFO - Exporting the following env vars:
AIRFLOW_CTX_DAG_OWNER=airflow
AIRFLOW_CTX_DAG_ID=parallel_dag
AIRFLOW_CTX_TASK_ID=task_1
AIRFLOW_CTX_EXECUTION_DATE=2020-01-04T00:00:00+00:00
AIRFLOW_CTX_DAG_RUN_ID=scheduled__2020-01-04T00:00:00+00:00
[2021-06-24 17:03:28,467] {subprocess.py:52} INFO - Tmp dir root location: 
 /tmp
[2021-06-24 17:03:28,475] {subprocess.py:63} INFO - Running command: ['bash', '-c', 'sleep 3']
[2021-06-24 17:03:28,511] {subprocess.py:75} INFO - Output:
[2021-06-24 17:03:31,541] {subprocess.py:83} INFO - Command exited with return code 0
[2021-06-24 17:03:32,218] {taskinstance.py:1184} INFO - Marking task as SUCCESS. dag_id=parallel_dag, task_id=task_1, execution_date=20200104T000000, start_date=20210624T170326, end_date=20210624T170332
[2021-06-24 17:03:32,933] {local_task_job.py:196} WARNING - State of this instance has been externally set to success. Terminating instance.
[2021-06-24 17:03:33,151] {process_utils.py:100} INFO - Sending Signals.SIGTERM to GPID 8616
[2021-06-24 17:03:33,281] {taskinstance.py:1264} ERROR - Received SIGTERM. Terminating subprocesses.
[2021-06-24 17:03:33,282] {subprocess.py:89} INFO - Sending SIGTERM signal to process group
[2021-06-24 17:03:33,503] {process_utils.py:66} INFO - Process psutil.Process(pid=8616, status='terminated', exitcode=1, started='17:03:26') (8616) terminated with exit code 1
