[2021-06-25 09:44:32,746] {taskinstance.py:876} INFO - Dependencies all met for <TaskInstance: parallel_dag.task_1 2020-01-04T00:00:00+00:00 [queued]>
[2021-06-25 09:44:32,919] {taskinstance.py:876} INFO - Dependencies all met for <TaskInstance: parallel_dag.task_1 2020-01-04T00:00:00+00:00 [queued]>
[2021-06-25 09:44:32,920] {taskinstance.py:1067} INFO - 
--------------------------------------------------------------------------------
[2021-06-25 09:44:32,921] {taskinstance.py:1068} INFO - Starting attempt 2 of 2
[2021-06-25 09:44:32,922] {taskinstance.py:1069} INFO - 
--------------------------------------------------------------------------------
[2021-06-25 09:44:33,000] {taskinstance.py:1087} INFO - Executing <Task(BashOperator): task_1> on 2020-01-04T00:00:00+00:00
[2021-06-25 09:44:33,026] {standard_task_runner.py:52} INFO - Started process 18057 to run task
[2021-06-25 09:44:33,068] {standard_task_runner.py:76} INFO - Running: ['airflow', 'tasks', 'run', 'parallel_dag', 'task_1', '2020-01-04T00:00:00+00:00', '--job-id', '367', '--pool', 'default_pool', '--raw', '--subdir', 'DAGS_FOLDER/parallel_dag.py', '--cfg-path', '/tmp/tmpt0o3n_uh', '--error-file', '/tmp/tmpnuadj9u6']
[2021-06-25 09:44:33,070] {standard_task_runner.py:77} INFO - Job 367: Subtask task_1
[2021-06-25 09:44:33,959] {logging_mixin.py:104} INFO - Running <TaskInstance: parallel_dag.task_1 2020-01-04T00:00:00+00:00 [running]> on host airflowvm
[2021-06-25 09:44:34,784] {taskinstance.py:1280} INFO - Exporting the following env vars:
AIRFLOW_CTX_DAG_OWNER=airflow
AIRFLOW_CTX_DAG_ID=parallel_dag
AIRFLOW_CTX_TASK_ID=task_1
AIRFLOW_CTX_EXECUTION_DATE=2020-01-04T00:00:00+00:00
AIRFLOW_CTX_DAG_RUN_ID=scheduled__2020-01-04T00:00:00+00:00
[2021-06-25 09:44:34,785] {subprocess.py:52} INFO - Tmp dir root location: 
 /tmp
[2021-06-25 09:44:34,786] {subprocess.py:63} INFO - Running command: ['bash', '-c', 'sleep 3']
[2021-06-25 09:44:34,936] {subprocess.py:75} INFO - Output:
[2021-06-25 09:44:37,980] {subprocess.py:83} INFO - Command exited with return code 0
[2021-06-25 09:44:38,453] {taskinstance.py:1184} INFO - Marking task as SUCCESS. dag_id=parallel_dag, task_id=task_1, execution_date=20200104T000000, start_date=20210625T094432, end_date=20210625T094438
[2021-06-25 09:44:38,878] {taskinstance.py:1245} INFO - 2 downstream tasks scheduled from follow-on schedule check
[2021-06-25 09:44:38,974] {local_task_job.py:151} INFO - Task exited with return code 0
