[2021-06-29 14:39:11,209] {taskinstance.py:876} INFO - Dependencies all met for <TaskInstance: open_aq.create_table 2021-06-29T14:39:05.973827+00:00 [queued]>
[2021-06-29 14:39:11,233] {taskinstance.py:876} INFO - Dependencies all met for <TaskInstance: open_aq.create_table 2021-06-29T14:39:05.973827+00:00 [queued]>
[2021-06-29 14:39:11,234] {taskinstance.py:1067} INFO - 
--------------------------------------------------------------------------------
[2021-06-29 14:39:11,235] {taskinstance.py:1068} INFO - Starting attempt 1 of 1
[2021-06-29 14:39:11,235] {taskinstance.py:1069} INFO - 
--------------------------------------------------------------------------------
[2021-06-29 14:39:11,263] {taskinstance.py:1087} INFO - Executing <Task(PostgresOperator): create_table> on 2021-06-29T14:39:05.973827+00:00
[2021-06-29 14:39:11,270] {standard_task_runner.py:52} INFO - Started process 23842 to run task
[2021-06-29 14:39:11,278] {standard_task_runner.py:76} INFO - Running: ['airflow', 'tasks', 'run', 'open_aq', 'create_table', '2021-06-29T14:39:05.973827+00:00', '--job-id', '606', '--pool', 'default_pool', '--raw', '--subdir', 'DAGS_FOLDER/open_aq.py', '--cfg-path', '/tmp/tmp9c7c1kjq', '--error-file', '/tmp/tmp2lq24qr7']
[2021-06-29 14:39:11,279] {standard_task_runner.py:77} INFO - Job 606: Subtask create_table
[2021-06-29 14:39:11,381] {logging_mixin.py:104} INFO - Running <TaskInstance: open_aq.create_table 2021-06-29T14:39:05.973827+00:00 [running]> on host airflowvm
[2021-06-29 14:39:11,523] {taskinstance.py:1280} INFO - Exporting the following env vars:
AIRFLOW_CTX_DAG_OWNER=airflow
AIRFLOW_CTX_DAG_ID=open_aq
AIRFLOW_CTX_TASK_ID=create_table
AIRFLOW_CTX_EXECUTION_DATE=2021-06-29T14:39:05.973827+00:00
AIRFLOW_CTX_DAG_RUN_ID=manual__2021-06-29T14:39:05.973827+00:00
[2021-06-29 14:39:11,524] {postgres.py:68} INFO - Executing: CREATE TABLE open_aq (
                                        city VARCHAR not null primary key,
                                        country VARCHAR not null,
                                        count INT not null,
                                        parameters VARCHAR ARRAY);
[2021-06-29 14:39:11,540] {base.py:69} INFO - Using connection to: id: ***_default. Host: localhost, Port: 5432, Schema: , Login: ***, Password: ***, extra: {'cursor': 'realdictcursor'}
[2021-06-29 14:39:11,548] {dbapi.py:204} INFO - Running statement: CREATE TABLE open_aq (
                                        city VARCHAR not null primary key,
                                        country VARCHAR not null,
                                        count INT not null,
                                        parameters VARCHAR ARRAY);, parameters: None
[2021-06-29 14:39:11,589] {taskinstance.py:1184} INFO - Marking task as SUCCESS. dag_id=open_aq, task_id=create_table, execution_date=20210629T143905, start_date=20210629T143911, end_date=20210629T143911
[2021-06-29 14:39:11,662] {taskinstance.py:1245} INFO - 1 downstream tasks scheduled from follow-on schedule check
[2021-06-29 14:39:11,698] {local_task_job.py:151} INFO - Task exited with return code 0
