[2021-06-24 16:22:54,213] {taskinstance.py:876} INFO - Dependencies all met for <TaskInstance: parallel_dag.task_4 2020-01-06T00:00:00+00:00 [queued]>
[2021-06-24 16:22:54,242] {taskinstance.py:876} INFO - Dependencies all met for <TaskInstance: parallel_dag.task_4 2020-01-06T00:00:00+00:00 [queued]>
[2021-06-24 16:22:54,242] {taskinstance.py:1067} INFO - 
--------------------------------------------------------------------------------
[2021-06-24 16:22:54,242] {taskinstance.py:1068} INFO - Starting attempt 1 of 1
[2021-06-24 16:22:54,242] {taskinstance.py:1069} INFO - 
--------------------------------------------------------------------------------
[2021-06-24 16:22:54,256] {taskinstance.py:1087} INFO - Executing <Task(BashOperator): task_4> on 2020-01-06T00:00:00+00:00
[2021-06-24 16:22:54,258] {standard_task_runner.py:52} INFO - Started process 2137 to run task
[2021-06-24 16:22:54,264] {standard_task_runner.py:76} INFO - Running: ['airflow', 'tasks', 'run', 'parallel_dag', 'task_4', '2020-01-06T00:00:00+00:00', '--job-id', '69', '--pool', 'default_pool', '--raw', '--subdir', 'DAGS_FOLDER/parallel_dag.py', '--cfg-path', '/tmp/tmpjhkagl1b', '--error-file', '/tmp/tmpgyr7jgru']
[2021-06-24 16:22:54,265] {standard_task_runner.py:77} INFO - Job 69: Subtask task_4
[2021-06-24 16:22:54,342] {logging_mixin.py:104} INFO - Running <TaskInstance: parallel_dag.task_4 2020-01-06T00:00:00+00:00 [running]> on host airflowvm
[2021-06-24 16:22:54,441] {taskinstance.py:1280} INFO - Exporting the following env vars:
AIRFLOW_CTX_DAG_OWNER=airflow
AIRFLOW_CTX_DAG_ID=parallel_dag
AIRFLOW_CTX_TASK_ID=task_4
AIRFLOW_CTX_EXECUTION_DATE=2020-01-06T00:00:00+00:00
AIRFLOW_CTX_DAG_RUN_ID=scheduled__2020-01-06T00:00:00+00:00
[2021-06-24 16:22:54,442] {subprocess.py:52} INFO - Tmp dir root location: 
 /tmp
[2021-06-24 16:22:54,443] {subprocess.py:63} INFO - Running command: ['bash', '-c', 'sleep 3']
[2021-06-24 16:22:54,468] {subprocess.py:75} INFO - Output:
[2021-06-24 16:22:57,470] {subprocess.py:83} INFO - Command exited with return code 0
[2021-06-24 16:22:57,519] {taskinstance.py:1184} INFO - Marking task as SUCCESS. dag_id=parallel_dag, task_id=task_4, execution_date=20200106T000000, start_date=20210624T162254, end_date=20210624T162257
[2021-06-24 16:22:57,559] {taskinstance.py:1245} INFO - 0 downstream tasks scheduled from follow-on schedule check
[2021-06-24 16:22:57,603] {local_task_job.py:151} INFO - Task exited with return code 0
[2021-06-24 17:04:49,161] {taskinstance.py:876} INFO - Dependencies all met for <TaskInstance: parallel_dag.task_4 2020-01-06T00:00:00+00:00 [queued]>
[2021-06-24 17:04:49,880] {taskinstance.py:876} INFO - Dependencies all met for <TaskInstance: parallel_dag.task_4 2020-01-06T00:00:00+00:00 [queued]>
[2021-06-24 17:04:49,881] {taskinstance.py:1067} INFO - 
--------------------------------------------------------------------------------
[2021-06-24 17:04:49,888] {taskinstance.py:1068} INFO - Starting attempt 1 of 1
[2021-06-24 17:04:49,898] {taskinstance.py:1069} INFO - 
--------------------------------------------------------------------------------
[2021-06-24 17:04:50,570] {taskinstance.py:1087} INFO - Executing <Task(BashOperator): task_4> on 2020-01-06T00:00:00+00:00
[2021-06-24 17:04:50,819] {standard_task_runner.py:52} INFO - Started process 10227 to run task
[2021-06-24 17:04:51,016] {standard_task_runner.py:76} INFO - Running: ['airflow', 'tasks', 'run', 'parallel_dag', 'task_4', '2020-01-06T00:00:00+00:00', '--job-id', '53', '--pool', 'default_pool', '--raw', '--subdir', 'DAGS_FOLDER/parallel_dag.py', '--cfg-path', '/tmp/tmpr4wmx7lq', '--error-file', '/tmp/tmpcygfaebj']
[2021-06-24 17:04:51,054] {standard_task_runner.py:77} INFO - Job 53: Subtask task_4
[2021-06-24 17:04:51,962] {logging_mixin.py:104} INFO - Running <TaskInstance: parallel_dag.task_4 2020-01-06T00:00:00+00:00 [running]> on host airflowvm
[2021-06-24 17:04:54,723] {taskinstance.py:1280} INFO - Exporting the following env vars:
AIRFLOW_CTX_DAG_OWNER=airflow
AIRFLOW_CTX_DAG_ID=parallel_dag
AIRFLOW_CTX_TASK_ID=task_4
AIRFLOW_CTX_EXECUTION_DATE=2020-01-06T00:00:00+00:00
AIRFLOW_CTX_DAG_RUN_ID=scheduled__2020-01-06T00:00:00+00:00
[2021-06-24 17:04:54,732] {subprocess.py:52} INFO - Tmp dir root location: 
 /tmp
[2021-06-24 17:04:54,738] {subprocess.py:63} INFO - Running command: ['bash', '-c', 'sleep 3']
[2021-06-24 17:04:54,876] {subprocess.py:75} INFO - Output:
[2021-06-24 17:04:58,038] {subprocess.py:83} INFO - Command exited with return code 0
[2021-06-24 17:04:58,795] {taskinstance.py:1184} INFO - Marking task as SUCCESS. dag_id=parallel_dag, task_id=task_4, execution_date=20200106T000000, start_date=20210624T170449, end_date=20210624T170458
[2021-06-24 17:04:59,391] {taskinstance.py:1245} INFO - 0 downstream tasks scheduled from follow-on schedule check
[2021-06-24 17:04:59,570] {local_task_job.py:151} INFO - Task exited with return code 0
