[2021-06-28 08:57:03,759] {taskinstance.py:876} INFO - Dependencies all met for <TaskInstance: trigger_rule.task_3 2021-06-28T08:57:01.132925+00:00 [queued]>
[2021-06-28 08:57:03,797] {taskinstance.py:876} INFO - Dependencies all met for <TaskInstance: trigger_rule.task_3 2021-06-28T08:57:01.132925+00:00 [queued]>
[2021-06-28 08:57:03,798] {taskinstance.py:1067} INFO - 
--------------------------------------------------------------------------------
[2021-06-28 08:57:03,798] {taskinstance.py:1068} INFO - Starting attempt 1 of 1
[2021-06-28 08:57:03,799] {taskinstance.py:1069} INFO - 
--------------------------------------------------------------------------------
[2021-06-28 08:57:03,830] {taskinstance.py:1087} INFO - Executing <Task(BashOperator): task_3> on 2021-06-28T08:57:01.132925+00:00
[2021-06-28 08:57:03,836] {standard_task_runner.py:52} INFO - Started process 4863 to run task
[2021-06-28 08:57:03,867] {standard_task_runner.py:76} INFO - Running: ['airflow', 'tasks', 'run', 'trigger_rule', 'task_3', '2021-06-28T08:57:01.132925+00:00', '--job-id', '491', '--pool', 'default_pool', '--raw', '--subdir', 'DAGS_FOLDER/trigger_rule.py', '--cfg-path', '/tmp/tmp9bq564nq', '--error-file', '/tmp/tmp6da822up']
[2021-06-28 08:57:03,874] {standard_task_runner.py:77} INFO - Job 491: Subtask task_3
[2021-06-28 08:57:04,124] {logging_mixin.py:104} INFO - Running <TaskInstance: trigger_rule.task_3 2021-06-28T08:57:01.132925+00:00 [running]> on host airflowvm
[2021-06-28 08:57:04,383] {taskinstance.py:1280} INFO - Exporting the following env vars:
AIRFLOW_CTX_DAG_OWNER=airflow
AIRFLOW_CTX_DAG_ID=trigger_rule
AIRFLOW_CTX_TASK_ID=task_3
AIRFLOW_CTX_EXECUTION_DATE=2021-06-28T08:57:01.132925+00:00
AIRFLOW_CTX_DAG_RUN_ID=manual__2021-06-28T08:57:01.132925+00:00
[2021-06-28 08:57:04,389] {subprocess.py:52} INFO - Tmp dir root location: 
 /tmp
[2021-06-28 08:57:04,396] {subprocess.py:63} INFO - Running command: ['bash', '-c', 'exit 0']
[2021-06-28 08:57:04,427] {subprocess.py:75} INFO - Output:
[2021-06-28 08:57:04,430] {subprocess.py:83} INFO - Command exited with return code 0
[2021-06-28 08:57:04,475] {taskinstance.py:1184} INFO - Marking task as SUCCESS. dag_id=trigger_rule, task_id=task_3, execution_date=20210628T085701, start_date=20210628T085703, end_date=20210628T085704
[2021-06-28 08:57:04,581] {taskinstance.py:1245} INFO - 0 downstream tasks scheduled from follow-on schedule check
[2021-06-28 08:57:04,631] {local_task_job.py:151} INFO - Task exited with return code 0
