[2021-06-28 08:58:34,626] {taskinstance.py:876} INFO - Dependencies all met for <TaskInstance: xcom_dag.choose_best_model 2021-06-28T08:58:25.737583+00:00 [queued]>
[2021-06-28 08:58:34,646] {taskinstance.py:876} INFO - Dependencies all met for <TaskInstance: xcom_dag.choose_best_model 2021-06-28T08:58:25.737583+00:00 [queued]>
[2021-06-28 08:58:34,647] {taskinstance.py:1067} INFO - 
--------------------------------------------------------------------------------
[2021-06-28 08:58:34,647] {taskinstance.py:1068} INFO - Starting attempt 1 of 1
[2021-06-28 08:58:34,648] {taskinstance.py:1069} INFO - 
--------------------------------------------------------------------------------
[2021-06-28 08:58:34,658] {taskinstance.py:1087} INFO - Executing <Task(BranchPythonOperator): choose_best_model> on 2021-06-28T08:58:25.737583+00:00
[2021-06-28 08:58:34,661] {standard_task_runner.py:52} INFO - Started process 5104 to run task
[2021-06-28 08:58:34,665] {standard_task_runner.py:76} INFO - Running: ['airflow', 'tasks', 'run', 'xcom_dag', 'choose_best_model', '2021-06-28T08:58:25.737583+00:00', '--job-id', '496', '--pool', 'default_pool', '--raw', '--subdir', 'DAGS_FOLDER/xcom_dag.py', '--cfg-path', '/tmp/tmpoa7eii8j', '--error-file', '/tmp/tmpvifykkmw']
[2021-06-28 08:58:34,666] {standard_task_runner.py:77} INFO - Job 496: Subtask choose_best_model
[2021-06-28 08:58:34,745] {logging_mixin.py:104} INFO - Running <TaskInstance: xcom_dag.choose_best_model 2021-06-28T08:58:25.737583+00:00 [running]> on host airflowvm
[2021-06-28 08:58:34,862] {taskinstance.py:1280} INFO - Exporting the following env vars:
AIRFLOW_CTX_DAG_OWNER=airflow
AIRFLOW_CTX_DAG_ID=xcom_dag
AIRFLOW_CTX_TASK_ID=choose_best_model
AIRFLOW_CTX_EXECUTION_DATE=2021-06-28T08:58:25.737583+00:00
AIRFLOW_CTX_DAG_RUN_ID=manual__2021-06-28T08:58:25.737583+00:00
[2021-06-28 08:58:34,863] {logging_mixin.py:104} INFO - choose best model
[2021-06-28 08:58:34,878] {logging_mixin.py:104} INFO - Accuracies [0.1425890105321027, 0.33436270051652284, 0.3648303793833799]
[2021-06-28 08:58:34,879] {python.py:151} INFO - Done. Returned value was: inaccurate
[2021-06-28 08:58:34,880] {skipmixin.py:124} INFO - Following branch inaccurate
[2021-06-28 08:58:34,893] {skipmixin.py:155} INFO - Skipping tasks ['accurate']
[2021-06-28 08:58:34,976] {taskinstance.py:1184} INFO - Marking task as SUCCESS. dag_id=xcom_dag, task_id=choose_best_model, execution_date=20210628T085825, start_date=20210628T085834, end_date=20210628T085834
[2021-06-28 08:58:35,024] {taskinstance.py:1245} INFO - 1 downstream tasks scheduled from follow-on schedule check
[2021-06-28 08:58:35,043] {local_task_job.py:151} INFO - Task exited with return code 0
