[2021-06-25 09:18:57,522] {taskinstance.py:876} INFO - Dependencies all met for <TaskInstance: parallel_dag.task_2 2020-03-09T00:00:00+00:00 [queued]>
[2021-06-25 09:18:57,755] {taskinstance.py:876} INFO - Dependencies all met for <TaskInstance: parallel_dag.task_2 2020-03-09T00:00:00+00:00 [queued]>
[2021-06-25 09:18:57,756] {taskinstance.py:1067} INFO - 
--------------------------------------------------------------------------------
[2021-06-25 09:18:57,756] {taskinstance.py:1068} INFO - Starting attempt 1 of 1
[2021-06-25 09:18:57,783] {taskinstance.py:1069} INFO - 
--------------------------------------------------------------------------------
[2021-06-25 09:18:57,884] {taskinstance.py:1087} INFO - Executing <Task(BashOperator): task_2> on 2020-03-09T00:00:00+00:00
[2021-06-25 09:18:57,925] {standard_task_runner.py:52} INFO - Started process 7537 to run task
[2021-06-25 09:18:57,986] {standard_task_runner.py:76} INFO - Running: ['airflow', 'tasks', 'run', 'parallel_dag', 'task_2', '2020-03-09T00:00:00+00:00', '--job-id', '285', '--pool', 'default_pool', '--raw', '--subdir', 'DAGS_FOLDER/parallel_dag.py', '--cfg-path', '/tmp/tmphswo9315', '--error-file', '/tmp/tmphm4zr8l0']
[2021-06-25 09:18:57,986] {standard_task_runner.py:77} INFO - Job 285: Subtask task_2
[2021-06-25 09:18:58,578] {logging_mixin.py:104} INFO - Running <TaskInstance: parallel_dag.task_2 2020-03-09T00:00:00+00:00 [running]> on host airflowvm
[2021-06-25 09:18:59,228] {taskinstance.py:1280} INFO - Exporting the following env vars:
AIRFLOW_CTX_DAG_OWNER=airflow
AIRFLOW_CTX_DAG_ID=parallel_dag
AIRFLOW_CTX_TASK_ID=task_2
AIRFLOW_CTX_EXECUTION_DATE=2020-03-09T00:00:00+00:00
AIRFLOW_CTX_DAG_RUN_ID=scheduled__2020-03-09T00:00:00+00:00
[2021-06-25 09:18:59,229] {subprocess.py:52} INFO - Tmp dir root location: 
 /tmp
[2021-06-25 09:18:59,282] {subprocess.py:63} INFO - Running command: ['bash', '-c', 'sleep 3']
[2021-06-25 09:18:59,358] {subprocess.py:75} INFO - Output:
[2021-06-25 09:19:02,408] {subprocess.py:83} INFO - Command exited with return code 0
[2021-06-25 09:19:03,025] {taskinstance.py:1184} INFO - Marking task as SUCCESS. dag_id=parallel_dag, task_id=task_2, execution_date=20200309T000000, start_date=20210625T091857, end_date=20210625T091903
[2021-06-25 09:19:03,803] {local_task_job.py:196} WARNING - State of this instance has been externally set to success. Terminating instance.
[2021-06-25 09:19:04,340] {taskinstance.py:1245} INFO - 1 downstream tasks scheduled from follow-on schedule check
[2021-06-25 09:19:04,338] {process_utils.py:100} INFO - Sending Signals.SIGTERM to GPID 7537
[2021-06-25 09:19:04,570] {process_utils.py:66} INFO - Process psutil.Process(pid=7537, status='terminated', exitcode=0, started='09:18:57') (7537) terminated with exit code 0
