[2021-06-25 09:16:26,310] {taskinstance.py:876} INFO - Dependencies all met for <TaskInstance: parallel_dag.task_2 2020-02-15T00:00:00+00:00 [queued]>
[2021-06-25 09:16:27,308] {taskinstance.py:876} INFO - Dependencies all met for <TaskInstance: parallel_dag.task_2 2020-02-15T00:00:00+00:00 [queued]>
[2021-06-25 09:16:27,309] {taskinstance.py:1067} INFO - 
--------------------------------------------------------------------------------
[2021-06-25 09:16:27,310] {taskinstance.py:1068} INFO - Starting attempt 1 of 1
[2021-06-25 09:16:27,376] {taskinstance.py:1069} INFO - 
--------------------------------------------------------------------------------
[2021-06-25 09:16:27,845] {taskinstance.py:1087} INFO - Executing <Task(BashOperator): task_2> on 2020-02-15T00:00:00+00:00
[2021-06-25 09:16:28,011] {standard_task_runner.py:52} INFO - Started process 4028 to run task
[2021-06-25 09:16:28,801] {standard_task_runner.py:76} INFO - Running: ['airflow', 'tasks', 'run', 'parallel_dag', 'task_2', '2020-02-15T00:00:00+00:00', '--job-id', '188', '--pool', 'default_pool', '--raw', '--subdir', 'DAGS_FOLDER/parallel_dag.py', '--cfg-path', '/tmp/tmpmdcv5jzk', '--error-file', '/tmp/tmpton43ec9']
[2021-06-25 09:16:28,802] {standard_task_runner.py:77} INFO - Job 188: Subtask task_2
[2021-06-25 09:16:33,083] {logging_mixin.py:104} INFO - Running <TaskInstance: parallel_dag.task_2 2020-02-15T00:00:00+00:00 [running]> on host airflowvm
[2021-06-25 09:16:35,312] {taskinstance.py:1280} INFO - Exporting the following env vars:
AIRFLOW_CTX_DAG_OWNER=airflow
AIRFLOW_CTX_DAG_ID=parallel_dag
AIRFLOW_CTX_TASK_ID=task_2
AIRFLOW_CTX_EXECUTION_DATE=2020-02-15T00:00:00+00:00
AIRFLOW_CTX_DAG_RUN_ID=scheduled__2020-02-15T00:00:00+00:00
[2021-06-25 09:16:35,428] {subprocess.py:52} INFO - Tmp dir root location: 
 /tmp
[2021-06-25 09:16:35,429] {subprocess.py:63} INFO - Running command: ['bash', '-c', 'sleep 3']
[2021-06-25 09:16:35,571] {subprocess.py:75} INFO - Output:
[2021-06-25 09:16:38,670] {subprocess.py:83} INFO - Command exited with return code 0
[2021-06-25 09:16:39,537] {taskinstance.py:1184} INFO - Marking task as SUCCESS. dag_id=parallel_dag, task_id=task_2, execution_date=20200215T000000, start_date=20210625T091626, end_date=20210625T091639
[2021-06-25 09:16:40,713] {local_task_job.py:196} WARNING - State of this instance has been externally set to success. Terminating instance.
[2021-06-25 09:16:40,954] {process_utils.py:100} INFO - Sending Signals.SIGTERM to GPID 4028
[2021-06-25 09:16:41,533] {taskinstance.py:1264} ERROR - Received SIGTERM. Terminating subprocesses.
[2021-06-25 09:16:41,534] {subprocess.py:89} INFO - Sending SIGTERM signal to process group
[2021-06-25 09:16:41,710] {process_utils.py:66} INFO - Process psutil.Process(pid=4028, status='terminated', exitcode=1, started='09:16:27') (4028) terminated with exit code 1
