[2021-06-25 09:17:56,937] {taskinstance.py:876} INFO - Dependencies all met for <TaskInstance: parallel_dag.task_4 2020-02-20T00:00:00+00:00 [queued]>
[2021-06-25 09:17:57,304] {taskinstance.py:876} INFO - Dependencies all met for <TaskInstance: parallel_dag.task_4 2020-02-20T00:00:00+00:00 [queued]>
[2021-06-25 09:17:57,307] {taskinstance.py:1067} INFO - 
--------------------------------------------------------------------------------
[2021-06-25 09:17:57,308] {taskinstance.py:1068} INFO - Starting attempt 1 of 1
[2021-06-25 09:17:57,334] {taskinstance.py:1069} INFO - 
--------------------------------------------------------------------------------
[2021-06-25 09:17:57,724] {taskinstance.py:1087} INFO - Executing <Task(BashOperator): task_4> on 2020-02-20T00:00:00+00:00
[2021-06-25 09:17:57,867] {standard_task_runner.py:52} INFO - Started process 5907 to run task
[2021-06-25 09:17:58,089] {standard_task_runner.py:76} INFO - Running: ['airflow', 'tasks', 'run', 'parallel_dag', 'task_4', '2020-02-20T00:00:00+00:00', '--job-id', '240', '--pool', 'default_pool', '--raw', '--subdir', 'DAGS_FOLDER/parallel_dag.py', '--cfg-path', '/tmp/tmpmq_ft0k9', '--error-file', '/tmp/tmp83jfgjc5']
[2021-06-25 09:17:58,140] {standard_task_runner.py:77} INFO - Job 240: Subtask task_4
[2021-06-25 09:18:00,045] {logging_mixin.py:104} INFO - Running <TaskInstance: parallel_dag.task_4 2020-02-20T00:00:00+00:00 [running]> on host airflowvm
[2021-06-25 09:18:01,006] {taskinstance.py:1280} INFO - Exporting the following env vars:
AIRFLOW_CTX_DAG_OWNER=airflow
AIRFLOW_CTX_DAG_ID=parallel_dag
AIRFLOW_CTX_TASK_ID=task_4
AIRFLOW_CTX_EXECUTION_DATE=2020-02-20T00:00:00+00:00
AIRFLOW_CTX_DAG_RUN_ID=scheduled__2020-02-20T00:00:00+00:00
[2021-06-25 09:18:01,010] {subprocess.py:52} INFO - Tmp dir root location: 
 /tmp
[2021-06-25 09:18:01,020] {subprocess.py:63} INFO - Running command: ['bash', '-c', 'sleep 3']
[2021-06-25 09:18:01,105] {subprocess.py:75} INFO - Output:
[2021-06-25 09:18:04,126] {subprocess.py:83} INFO - Command exited with return code 0
[2021-06-25 09:18:04,636] {taskinstance.py:1184} INFO - Marking task as SUCCESS. dag_id=parallel_dag, task_id=task_4, execution_date=20200220T000000, start_date=20210625T091756, end_date=20210625T091804
[2021-06-25 09:18:05,077] {taskinstance.py:1245} INFO - 0 downstream tasks scheduled from follow-on schedule check
[2021-06-25 09:18:05,315] {local_task_job.py:151} INFO - Task exited with return code 0
