[2021-07-06 13:46:57,247] {taskinstance.py:876} INFO - Dependencies all met for <TaskInstance: get_as_dataframe_otimized.getting_data.get_countries 2021-07-05T00:00:00+00:00 [queued]>
[2021-07-06 13:46:57,340] {taskinstance.py:876} INFO - Dependencies all met for <TaskInstance: get_as_dataframe_otimized.getting_data.get_countries 2021-07-05T00:00:00+00:00 [queued]>
[2021-07-06 13:46:57,345] {taskinstance.py:1067} INFO - 
--------------------------------------------------------------------------------
[2021-07-06 13:46:57,346] {taskinstance.py:1068} INFO - Starting attempt 1 of 1
[2021-07-06 13:46:57,348] {taskinstance.py:1069} INFO - 
--------------------------------------------------------------------------------
[2021-07-06 13:46:57,428] {taskinstance.py:1087} INFO - Executing <Task(PythonOperator): getting_data.get_countries> on 2021-07-05T00:00:00+00:00
[2021-07-06 13:46:57,449] {standard_task_runner.py:52} INFO - Started process 2174 to run task
[2021-07-06 13:46:57,506] {standard_task_runner.py:76} INFO - Running: ['airflow', 'tasks', 'run', 'get_as_dataframe_otimized', 'getting_data.get_countries', '2021-07-05T00:00:00+00:00', '--job-id', '1200', '--pool', 'default_pool', '--raw', '--subdir', 'DAGS_FOLDER/get_as_Dataframe_otimized.py', '--cfg-path', '/tmp/tmp7s1pxa8v', '--error-file', '/tmp/tmpoc8p9f9v']
[2021-07-06 13:46:57,516] {standard_task_runner.py:77} INFO - Job 1200: Subtask getting_data.get_countries
[2021-07-06 13:46:57,922] {logging_mixin.py:104} INFO - Running <TaskInstance: get_as_dataframe_otimized.getting_data.get_countries 2021-07-05T00:00:00+00:00 [running]> on host airflowvm
[2021-07-06 13:46:58,574] {taskinstance.py:1280} INFO - Exporting the following env vars:
AIRFLOW_CTX_DAG_OWNER=airflow
AIRFLOW_CTX_DAG_ID=get_as_dataframe_otimized
AIRFLOW_CTX_TASK_ID=getting_data.get_countries
AIRFLOW_CTX_EXECUTION_DATE=2021-07-05T00:00:00+00:00
AIRFLOW_CTX_DAG_RUN_ID=scheduled__2021-07-05T00:00:00+00:00
[2021-07-06 13:46:58,689] {base.py:69} INFO - Using connection to: id: ***_default. Host: localhost, Port: 5432, Schema: , Login: ***, Password: ***, extra: {'cursor': 'realdictcursor'}
[2021-07-06 13:46:59,343] {python.py:151} INFO - Done. Returned value was: None
[2021-07-06 13:46:59,429] {taskinstance.py:1184} INFO - Marking task as SUCCESS. dag_id=get_as_dataframe_otimized, task_id=getting_data.get_countries, execution_date=20210705T000000, start_date=20210706T134657, end_date=20210706T134659
[2021-07-06 13:46:59,726] {taskinstance.py:1245} INFO - 0 downstream tasks scheduled from follow-on schedule check
[2021-07-06 13:46:59,802] {local_task_job.py:151} INFO - Task exited with return code 0
