[2021-07-06 13:51:18,686] {taskinstance.py:876} INFO - Dependencies all met for <TaskInstance: get_as_dataframe_otimized.get_cataract_sex 2021-07-06T13:51:11.608989+00:00 [queued]>
[2021-07-06 13:51:18,736] {taskinstance.py:876} INFO - Dependencies all met for <TaskInstance: get_as_dataframe_otimized.get_cataract_sex 2021-07-06T13:51:11.608989+00:00 [queued]>
[2021-07-06 13:51:18,737] {taskinstance.py:1067} INFO - 
--------------------------------------------------------------------------------
[2021-07-06 13:51:18,740] {taskinstance.py:1068} INFO - Starting attempt 1 of 1
[2021-07-06 13:51:18,742] {taskinstance.py:1069} INFO - 
--------------------------------------------------------------------------------
[2021-07-06 13:51:18,789] {taskinstance.py:1087} INFO - Executing <Task(PythonOperator): get_cataract_sex> on 2021-07-06T13:51:11.608989+00:00
[2021-07-06 13:51:18,809] {standard_task_runner.py:52} INFO - Started process 2978 to run task
[2021-07-06 13:51:18,824] {standard_task_runner.py:76} INFO - Running: ['airflow', 'tasks', 'run', 'get_as_dataframe_otimized', 'get_cataract_sex', '2021-07-06T13:51:11.608989+00:00', '--job-id', '1203', '--pool', 'default_pool', '--raw', '--subdir', 'DAGS_FOLDER/get_as_Dataframe_otimized.py', '--cfg-path', '/tmp/tmpo9sj4819', '--error-file', '/tmp/tmpc3adnfhj']
[2021-07-06 13:51:18,826] {standard_task_runner.py:77} INFO - Job 1203: Subtask get_cataract_sex
[2021-07-06 13:51:18,993] {logging_mixin.py:104} INFO - Running <TaskInstance: get_as_dataframe_otimized.get_cataract_sex 2021-07-06T13:51:11.608989+00:00 [running]> on host airflowvm
[2021-07-06 13:51:19,146] {taskinstance.py:1280} INFO - Exporting the following env vars:
AIRFLOW_CTX_DAG_OWNER=airflow
AIRFLOW_CTX_DAG_ID=get_as_dataframe_otimized
AIRFLOW_CTX_TASK_ID=get_cataract_sex
AIRFLOW_CTX_EXECUTION_DATE=2021-07-06T13:51:11.608989+00:00
AIRFLOW_CTX_DAG_RUN_ID=manual__2021-07-06T13:51:11.608989+00:00
[2021-07-06 13:51:19,179] {base.py:69} INFO - Using connection to: id: ***_default. Host: localhost, Port: 5432, Schema: , Login: ***, Password: ***, extra: {'cursor': 'realdictcursor'}
[2021-07-06 13:51:19,236] {logging_mixin.py:104} INFO - 
[2021-07-06 13:51:19,272] {python.py:151} INFO - Done. Returned value was: None
[2021-07-06 13:51:19,315] {taskinstance.py:1184} INFO - Marking task as SUCCESS. dag_id=get_as_dataframe_otimized, task_id=get_cataract_sex, execution_date=20210706T135111, start_date=20210706T135118, end_date=20210706T135119
[2021-07-06 13:51:19,389] {taskinstance.py:1245} INFO - 0 downstream tasks scheduled from follow-on schedule check
[2021-07-06 13:51:19,409] {local_task_job.py:151} INFO - Task exited with return code 0
