[2021-06-24 16:26:25,848] {taskinstance.py:876} INFO - Dependencies all met for <TaskInstance: parallel_dag.task_3 2020-01-13T00:00:00+00:00 [queued]>
[2021-06-24 16:26:25,868] {taskinstance.py:876} INFO - Dependencies all met for <TaskInstance: parallel_dag.task_3 2020-01-13T00:00:00+00:00 [queued]>
[2021-06-24 16:26:25,870] {taskinstance.py:1067} INFO - 
--------------------------------------------------------------------------------
[2021-06-24 16:26:25,870] {taskinstance.py:1068} INFO - Starting attempt 1 of 1
[2021-06-24 16:26:25,871] {taskinstance.py:1069} INFO - 
--------------------------------------------------------------------------------
[2021-06-24 16:26:25,901] {taskinstance.py:1087} INFO - Executing <Task(BashOperator): task_3> on 2020-01-13T00:00:00+00:00
[2021-06-24 16:26:25,911] {standard_task_runner.py:52} INFO - Started process 2455 to run task
[2021-06-24 16:26:25,918] {standard_task_runner.py:76} INFO - Running: ['airflow', 'tasks', 'run', 'parallel_dag', 'task_3', '2020-01-13T00:00:00+00:00', '--job-id', '92', '--pool', 'default_pool', '--raw', '--subdir', 'DAGS_FOLDER/parallel_dag.py', '--cfg-path', '/tmp/tmpq3_d_fnq', '--error-file', '/tmp/tmp57yxu_gg']
[2021-06-24 16:26:25,922] {standard_task_runner.py:77} INFO - Job 92: Subtask task_3
[2021-06-24 16:26:26,030] {logging_mixin.py:104} INFO - Running <TaskInstance: parallel_dag.task_3 2020-01-13T00:00:00+00:00 [running]> on host airflowvm
[2021-06-24 16:26:26,185] {taskinstance.py:1280} INFO - Exporting the following env vars:
AIRFLOW_CTX_DAG_OWNER=airflow
AIRFLOW_CTX_DAG_ID=parallel_dag
AIRFLOW_CTX_TASK_ID=task_3
AIRFLOW_CTX_EXECUTION_DATE=2020-01-13T00:00:00+00:00
AIRFLOW_CTX_DAG_RUN_ID=scheduled__2020-01-13T00:00:00+00:00
[2021-06-24 16:26:26,186] {subprocess.py:52} INFO - Tmp dir root location: 
 /tmp
[2021-06-24 16:26:26,187] {subprocess.py:63} INFO - Running command: ['bash', '-c', 'sleep 3']
[2021-06-24 16:26:26,203] {subprocess.py:75} INFO - Output:
[2021-06-24 16:26:29,211] {subprocess.py:83} INFO - Command exited with return code 0
[2021-06-24 16:26:29,249] {taskinstance.py:1184} INFO - Marking task as SUCCESS. dag_id=parallel_dag, task_id=task_3, execution_date=20200113T000000, start_date=20210624T162625, end_date=20210624T162629
[2021-06-24 16:26:29,384] {taskinstance.py:1245} INFO - 1 downstream tasks scheduled from follow-on schedule check
[2021-06-24 16:26:29,404] {local_task_job.py:151} INFO - Task exited with return code 0
[2021-06-24 17:04:32,896] {taskinstance.py:876} INFO - Dependencies all met for <TaskInstance: parallel_dag.task_3 2020-01-13T00:00:00+00:00 [queued]>
[2021-06-24 17:04:33,351] {taskinstance.py:876} INFO - Dependencies all met for <TaskInstance: parallel_dag.task_3 2020-01-13T00:00:00+00:00 [queued]>
[2021-06-24 17:04:33,397] {taskinstance.py:1067} INFO - 
--------------------------------------------------------------------------------
[2021-06-24 17:04:33,421] {taskinstance.py:1068} INFO - Starting attempt 1 of 1
[2021-06-24 17:04:33,462] {taskinstance.py:1069} INFO - 
--------------------------------------------------------------------------------
[2021-06-24 17:04:33,820] {taskinstance.py:1087} INFO - Executing <Task(BashOperator): task_3> on 2020-01-13T00:00:00+00:00
[2021-06-24 17:04:34,018] {standard_task_runner.py:52} INFO - Started process 9903 to run task
[2021-06-24 17:04:34,380] {standard_task_runner.py:76} INFO - Running: ['airflow', 'tasks', 'run', 'parallel_dag', 'task_3', '2020-01-13T00:00:00+00:00', '--job-id', '41', '--pool', 'default_pool', '--raw', '--subdir', 'DAGS_FOLDER/parallel_dag.py', '--cfg-path', '/tmp/tmp0tkqlk4x', '--error-file', '/tmp/tmpgu6e8gv4']
[2021-06-24 17:04:34,407] {standard_task_runner.py:77} INFO - Job 41: Subtask task_3
[2021-06-24 17:04:36,473] {logging_mixin.py:104} INFO - Running <TaskInstance: parallel_dag.task_3 2020-01-13T00:00:00+00:00 [running]> on host airflowvm
[2021-06-24 17:04:37,723] {taskinstance.py:1280} INFO - Exporting the following env vars:
AIRFLOW_CTX_DAG_OWNER=airflow
AIRFLOW_CTX_DAG_ID=parallel_dag
AIRFLOW_CTX_TASK_ID=task_3
AIRFLOW_CTX_EXECUTION_DATE=2020-01-13T00:00:00+00:00
AIRFLOW_CTX_DAG_RUN_ID=scheduled__2020-01-13T00:00:00+00:00
[2021-06-24 17:04:37,743] {subprocess.py:52} INFO - Tmp dir root location: 
 /tmp
[2021-06-24 17:04:37,769] {subprocess.py:63} INFO - Running command: ['bash', '-c', 'sleep 3']
[2021-06-24 17:04:38,046] {subprocess.py:75} INFO - Output:
[2021-06-24 17:04:41,138] {subprocess.py:83} INFO - Command exited with return code 0
[2021-06-24 17:04:42,109] {taskinstance.py:1184} INFO - Marking task as SUCCESS. dag_id=parallel_dag, task_id=task_3, execution_date=20200113T000000, start_date=20210624T170432, end_date=20210624T170442
[2021-06-24 17:04:45,523] {local_task_job.py:196} WARNING - State of this instance has been externally set to success. Terminating instance.
[2021-06-24 17:04:45,819] {process_utils.py:100} INFO - Sending Signals.SIGTERM to GPID 9903
[2021-06-24 17:04:45,944] {taskinstance.py:1264} ERROR - Received SIGTERM. Terminating subprocesses.
[2021-06-24 17:04:45,945] {subprocess.py:89} INFO - Sending SIGTERM signal to process group
[2021-06-24 17:04:46,259] {process_utils.py:66} INFO - Process psutil.Process(pid=9903, status='terminated', exitcode=1, started='17:04:33') (9903) terminated with exit code 1
