[2021-06-25 09:18:09,702] {taskinstance.py:876} INFO - Dependencies all met for <TaskInstance: parallel_dag.task_2 2020-02-29T00:00:00+00:00 [queued]>
[2021-06-25 09:18:10,286] {taskinstance.py:876} INFO - Dependencies all met for <TaskInstance: parallel_dag.task_2 2020-02-29T00:00:00+00:00 [queued]>
[2021-06-25 09:18:10,286] {taskinstance.py:1067} INFO - 
--------------------------------------------------------------------------------
[2021-06-25 09:18:10,286] {taskinstance.py:1068} INFO - Starting attempt 1 of 1
[2021-06-25 09:18:10,302] {taskinstance.py:1069} INFO - 
--------------------------------------------------------------------------------
[2021-06-25 09:18:10,928] {taskinstance.py:1087} INFO - Executing <Task(BashOperator): task_2> on 2020-02-29T00:00:00+00:00
[2021-06-25 09:18:11,207] {standard_task_runner.py:52} INFO - Started process 6260 to run task
[2021-06-25 09:18:11,452] {standard_task_runner.py:76} INFO - Running: ['airflow', 'tasks', 'run', 'parallel_dag', 'task_2', '2020-02-29T00:00:00+00:00', '--job-id', '246', '--pool', 'default_pool', '--raw', '--subdir', 'DAGS_FOLDER/parallel_dag.py', '--cfg-path', '/tmp/tmp7g090ds7', '--error-file', '/tmp/tmpnfmwi9mw']
[2021-06-25 09:18:11,481] {standard_task_runner.py:77} INFO - Job 246: Subtask task_2
[2021-06-25 09:18:13,594] {logging_mixin.py:104} INFO - Running <TaskInstance: parallel_dag.task_2 2020-02-29T00:00:00+00:00 [running]> on host airflowvm
[2021-06-25 09:18:15,217] {taskinstance.py:1280} INFO - Exporting the following env vars:
AIRFLOW_CTX_DAG_OWNER=airflow
AIRFLOW_CTX_DAG_ID=parallel_dag
AIRFLOW_CTX_TASK_ID=task_2
AIRFLOW_CTX_EXECUTION_DATE=2020-02-29T00:00:00+00:00
AIRFLOW_CTX_DAG_RUN_ID=scheduled__2020-02-29T00:00:00+00:00
[2021-06-25 09:18:15,220] {subprocess.py:52} INFO - Tmp dir root location: 
 /tmp
[2021-06-25 09:18:15,221] {subprocess.py:63} INFO - Running command: ['bash', '-c', 'sleep 3']
[2021-06-25 09:18:15,468] {subprocess.py:75} INFO - Output:
[2021-06-25 09:18:18,557] {subprocess.py:83} INFO - Command exited with return code 0
[2021-06-25 09:18:18,881] {taskinstance.py:1184} INFO - Marking task as SUCCESS. dag_id=parallel_dag, task_id=task_2, execution_date=20200229T000000, start_date=20210625T091809, end_date=20210625T091818
[2021-06-25 09:18:19,694] {taskinstance.py:1245} INFO - 0 downstream tasks scheduled from follow-on schedule check
[2021-06-25 09:18:19,955] {local_task_job.py:151} INFO - Task exited with return code 0
