[2021-07-01 16:30:39,022] {taskinstance.py:876} INFO - Dependencies all met for <TaskInstance: get_data_patient.write_users 2021-07-01T14:24:03.261240+00:00 [queued]>
[2021-07-01 16:30:39,041] {taskinstance.py:876} INFO - Dependencies all met for <TaskInstance: get_data_patient.write_users 2021-07-01T14:24:03.261240+00:00 [queued]>
[2021-07-01 16:30:39,042] {taskinstance.py:1067} INFO - 
--------------------------------------------------------------------------------
[2021-07-01 16:30:39,043] {taskinstance.py:1068} INFO - Starting attempt 10 of 10
[2021-07-01 16:30:39,044] {taskinstance.py:1069} INFO - 
--------------------------------------------------------------------------------
[2021-07-01 16:30:39,071] {taskinstance.py:1087} INFO - Executing <Task(PythonOperator): write_users> on 2021-07-01T14:24:03.261240+00:00
[2021-07-01 16:30:39,078] {standard_task_runner.py:52} INFO - Started process 24044 to run task
[2021-07-01 16:30:39,087] {standard_task_runner.py:76} INFO - Running: ['airflow', 'tasks', 'run', 'get_data_patient', 'write_users', '2021-07-01T14:24:03.261240+00:00', '--job-id', '993', '--pool', 'default_pool', '--raw', '--subdir', 'DAGS_FOLDER/get_Data_Patient.py', '--cfg-path', '/tmp/tmpd3l8892w', '--error-file', '/tmp/tmpv076mp7d']
[2021-07-01 16:30:39,088] {standard_task_runner.py:77} INFO - Job 993: Subtask write_users
[2021-07-01 16:30:39,242] {logging_mixin.py:104} INFO - Running <TaskInstance: get_data_patient.write_users 2021-07-01T14:24:03.261240+00:00 [running]> on host airflowvm
[2021-07-01 16:30:39,496] {taskinstance.py:1280} INFO - Exporting the following env vars:
AIRFLOW_CTX_DAG_OWNER=airflow
AIRFLOW_CTX_DAG_ID=get_data_patient
AIRFLOW_CTX_TASK_ID=write_users
AIRFLOW_CTX_EXECUTION_DATE=2021-07-01T14:24:03.261240+00:00
AIRFLOW_CTX_DAG_RUN_ID=manual__2021-07-01T14:24:03.261240+00:00
[2021-07-01 16:30:39,501] {python.py:151} INFO - Done. Returned value was: None
[2021-07-01 16:30:39,528] {taskinstance.py:1184} INFO - Marking task as SUCCESS. dag_id=get_data_patient, task_id=write_users, execution_date=20210701T142403, start_date=20210701T163039, end_date=20210701T163039
[2021-07-01 16:30:39,603] {taskinstance.py:1245} INFO - 0 downstream tasks scheduled from follow-on schedule check
[2021-07-01 16:30:39,630] {local_task_job.py:151} INFO - Task exited with return code 0
