[2021-07-05 16:31:53,868] {taskinstance.py:876} INFO - Dependencies all met for <TaskInstance: get_as_dataframe.write_cataract_sex 2021-07-02T00:00:00+00:00 [queued]>
[2021-07-05 16:31:54,075] {taskinstance.py:876} INFO - Dependencies all met for <TaskInstance: get_as_dataframe.write_cataract_sex 2021-07-02T00:00:00+00:00 [queued]>
[2021-07-05 16:31:54,075] {taskinstance.py:1067} INFO - 
--------------------------------------------------------------------------------
[2021-07-05 16:31:54,081] {taskinstance.py:1068} INFO - Starting attempt 1 of 1
[2021-07-05 16:31:54,082] {taskinstance.py:1069} INFO - 
--------------------------------------------------------------------------------
[2021-07-05 16:31:54,173] {taskinstance.py:1087} INFO - Executing <Task(PythonOperator): write_cataract_sex> on 2021-07-02T00:00:00+00:00
[2021-07-05 16:31:54,208] {standard_task_runner.py:52} INFO - Started process 12498 to run task
[2021-07-05 16:31:54,261] {standard_task_runner.py:76} INFO - Running: ['airflow', 'tasks', 'run', 'get_as_dataframe', 'write_cataract_sex', '2021-07-02T00:00:00+00:00', '--job-id', '1192', '--pool', 'default_pool', '--raw', '--subdir', 'DAGS_FOLDER/get_as_Dataframe.py', '--cfg-path', '/tmp/tmpp29fhftc', '--error-file', '/tmp/tmpy7fe5_wr']
[2021-07-05 16:31:54,264] {standard_task_runner.py:77} INFO - Job 1192: Subtask write_cataract_sex
[2021-07-05 16:31:54,748] {logging_mixin.py:104} INFO - Running <TaskInstance: get_as_dataframe.write_cataract_sex 2021-07-02T00:00:00+00:00 [running]> on host airflowvm
[2021-07-05 16:31:55,119] {taskinstance.py:1280} INFO - Exporting the following env vars:
AIRFLOW_CTX_DAG_OWNER=airflow
AIRFLOW_CTX_DAG_ID=get_as_dataframe
AIRFLOW_CTX_TASK_ID=write_cataract_sex
AIRFLOW_CTX_EXECUTION_DATE=2021-07-02T00:00:00+00:00
AIRFLOW_CTX_DAG_RUN_ID=scheduled__2021-07-02T00:00:00+00:00
[2021-07-05 16:31:55,294] {logging_mixin.py:104} INFO - Cataracts after load:   Cataract Females Cataract Males
0           (2593)         (1871)
[2021-07-05 16:31:55,377] {python.py:151} INFO - Done. Returned value was: None
[2021-07-05 16:31:55,501] {taskinstance.py:1184} INFO - Marking task as SUCCESS. dag_id=get_as_dataframe, task_id=write_cataract_sex, execution_date=20210702T000000, start_date=20210705T163153, end_date=20210705T163155
[2021-07-05 16:31:56,027] {taskinstance.py:1245} INFO - 0 downstream tasks scheduled from follow-on schedule check
[2021-07-05 16:31:56,109] {local_task_job.py:151} INFO - Task exited with return code 0
