[2021-07-02 15:58:55,348] {taskinstance.py:876} INFO - Dependencies all met for <TaskInstance: get_diseases.get_diseases 2021-07-02T15:57:16.131360+00:00 [queued]>
[2021-07-02 15:58:55,371] {taskinstance.py:876} INFO - Dependencies all met for <TaskInstance: get_diseases.get_diseases 2021-07-02T15:57:16.131360+00:00 [queued]>
[2021-07-02 15:58:55,373] {taskinstance.py:1067} INFO - 
--------------------------------------------------------------------------------
[2021-07-02 15:58:55,375] {taskinstance.py:1068} INFO - Starting attempt 2 of 2
[2021-07-02 15:58:55,376] {taskinstance.py:1069} INFO - 
--------------------------------------------------------------------------------
[2021-07-02 15:58:55,394] {taskinstance.py:1087} INFO - Executing <Task(PythonOperator): get_diseases> on 2021-07-02T15:57:16.131360+00:00
[2021-07-02 15:58:55,400] {standard_task_runner.py:52} INFO - Started process 18812 to run task
[2021-07-02 15:58:55,407] {standard_task_runner.py:76} INFO - Running: ['airflow', 'tasks', 'run', 'get_diseases', 'get_diseases', '2021-07-02T15:57:16.131360+00:00', '--job-id', '1117', '--pool', 'default_pool', '--raw', '--subdir', 'DAGS_FOLDER/get_Data_Diseases.py', '--cfg-path', '/tmp/tmpj9s42wrc', '--error-file', '/tmp/tmpb3o9frf2']
[2021-07-02 15:58:55,408] {standard_task_runner.py:77} INFO - Job 1117: Subtask get_diseases
[2021-07-02 15:58:55,517] {logging_mixin.py:104} INFO - Running <TaskInstance: get_diseases.get_diseases 2021-07-02T15:57:16.131360+00:00 [running]> on host airflowvm
[2021-07-02 15:58:55,639] {taskinstance.py:1280} INFO - Exporting the following env vars:
AIRFLOW_CTX_DAG_OWNER=airflow
AIRFLOW_CTX_DAG_ID=get_diseases
AIRFLOW_CTX_TASK_ID=get_diseases
AIRFLOW_CTX_EXECUTION_DATE=2021-07-02T15:57:16.131360+00:00
AIRFLOW_CTX_DAG_RUN_ID=manual__2021-07-02T15:57:16.131360+00:00
[2021-07-02 15:58:55,656] {base.py:69} INFO - Using connection to: id: ***_default. Host: localhost, Port: 5432, Schema: , Login: ***, Password: ***, extra: {'cursor': 'realdictcursor'}
[2021-07-02 15:58:55,673] {logging_mixin.py:104} INFO - [RealDictRow([('json_agg', [{'name_disease': 'Atrial Flutter', 'number_pacients': 2}, {'name_disease': 'Knee Osteoarthritis ', 'number_pacients': 1}, {'name_disease': 'Atrial Fibrillation', 'number_pacients': 60}, {'name_disease': 'Cataract', 'number_pacients': 4482}, {'name_disease': 'Older Person', 'number_pacients': 1}, {'name_disease': 'Obesity', 'number_pacients': 380}, {'name_disease': 'Diabetes', 'number_pacients': 3}])])]
[2021-07-02 15:58:55,674] {python.py:151} INFO - Done. Returned value was: [RealDictRow([('json_agg', [{'name_disease': 'Atrial Flutter', 'number_pacients': 2}, {'name_disease': 'Knee Osteoarthritis ', 'number_pacients': 1}, {'name_disease': 'Atrial Fibrillation', 'number_pacients': 60}, {'name_disease': 'Cataract', 'number_pacients': 4482}, {'name_disease': 'Older Person', 'number_pacients': 1}, {'name_disease': 'Obesity', 'number_pacients': 380}, {'name_disease': 'Diabetes', 'number_pacients': 3}])])]
[2021-07-02 15:58:55,719] {taskinstance.py:1184} INFO - Marking task as SUCCESS. dag_id=get_diseases, task_id=get_diseases, execution_date=20210702T155716, start_date=20210702T155855, end_date=20210702T155855
[2021-07-02 15:58:55,777] {taskinstance.py:1245} INFO - 1 downstream tasks scheduled from follow-on schedule check
[2021-07-02 15:58:55,798] {local_task_job.py:151} INFO - Task exited with return code 0
