[2021-06-28 08:58:32,107] {taskinstance.py:876} INFO - Dependencies all met for <TaskInstance: xcom_dag.processing_tasks.training_model_a 2021-06-28T08:58:25.737583+00:00 [queued]>
[2021-06-28 08:58:32,165] {taskinstance.py:876} INFO - Dependencies all met for <TaskInstance: xcom_dag.processing_tasks.training_model_a 2021-06-28T08:58:25.737583+00:00 [queued]>
[2021-06-28 08:58:32,166] {taskinstance.py:1067} INFO - 
--------------------------------------------------------------------------------
[2021-06-28 08:58:32,167] {taskinstance.py:1068} INFO - Starting attempt 1 of 1
[2021-06-28 08:58:32,168] {taskinstance.py:1069} INFO - 
--------------------------------------------------------------------------------
[2021-06-28 08:58:32,190] {taskinstance.py:1087} INFO - Executing <Task(PythonOperator): processing_tasks.training_model_a> on 2021-06-28T08:58:25.737583+00:00
[2021-06-28 08:58:32,196] {standard_task_runner.py:52} INFO - Started process 5049 to run task
[2021-06-28 08:58:32,214] {standard_task_runner.py:76} INFO - Running: ['airflow', 'tasks', 'run', 'xcom_dag', 'processing_tasks.training_model_a', '2021-06-28T08:58:25.737583+00:00', '--job-id', '494', '--pool', 'default_pool', '--raw', '--subdir', 'DAGS_FOLDER/xcom_dag.py', '--cfg-path', '/tmp/tmp2m4llqyu', '--error-file', '/tmp/tmp9oa481pv']
[2021-06-28 08:58:32,217] {standard_task_runner.py:77} INFO - Job 494: Subtask processing_tasks.training_model_a
[2021-06-28 08:58:32,369] {logging_mixin.py:104} INFO - Running <TaskInstance: xcom_dag.processing_tasks.training_model_a 2021-06-28T08:58:25.737583+00:00 [running]> on host airflowvm
[2021-06-28 08:58:32,569] {taskinstance.py:1280} INFO - Exporting the following env vars:
AIRFLOW_CTX_DAG_OWNER=airflow
AIRFLOW_CTX_DAG_ID=xcom_dag
AIRFLOW_CTX_TASK_ID=processing_tasks.training_model_a
AIRFLOW_CTX_EXECUTION_DATE=2021-06-28T08:58:25.737583+00:00
AIRFLOW_CTX_DAG_RUN_ID=manual__2021-06-28T08:58:25.737583+00:00
[2021-06-28 08:58:32,575] {logging_mixin.py:104} INFO - model's accuracy: 0.1425890105321027
[2021-06-28 08:58:32,622] {python.py:151} INFO - Done. Returned value was: None
[2021-06-28 08:58:32,665] {taskinstance.py:1184} INFO - Marking task as SUCCESS. dag_id=xcom_dag, task_id=processing_tasks.training_model_a, execution_date=20210628T085825, start_date=20210628T085832, end_date=20210628T085832
[2021-06-28 08:58:32,744] {taskinstance.py:1245} INFO - 0 downstream tasks scheduled from follow-on schedule check
[2021-06-28 08:58:32,754] {local_task_job.py:151} INFO - Task exited with return code 0
