[2021-06-25 09:19:09,166] {taskinstance.py:876} INFO - Dependencies all met for <TaskInstance: parallel_dag.task_1 2020-03-15T00:00:00+00:00 [queued]>
[2021-06-25 09:19:09,690] {taskinstance.py:876} INFO - Dependencies all met for <TaskInstance: parallel_dag.task_1 2020-03-15T00:00:00+00:00 [queued]>
[2021-06-25 09:19:09,691] {taskinstance.py:1067} INFO - 
--------------------------------------------------------------------------------
[2021-06-25 09:19:09,707] {taskinstance.py:1068} INFO - Starting attempt 1 of 1
[2021-06-25 09:19:09,708] {taskinstance.py:1069} INFO - 
--------------------------------------------------------------------------------
[2021-06-25 09:19:10,008] {taskinstance.py:1087} INFO - Executing <Task(BashOperator): task_1> on 2020-03-15T00:00:00+00:00
[2021-06-25 09:19:10,086] {standard_task_runner.py:52} INFO - Started process 7891 to run task
[2021-06-25 09:19:10,317] {standard_task_runner.py:76} INFO - Running: ['airflow', 'tasks', 'run', 'parallel_dag', 'task_1', '2020-03-15T00:00:00+00:00', '--job-id', '296', '--pool', 'default_pool', '--raw', '--subdir', 'DAGS_FOLDER/parallel_dag.py', '--cfg-path', '/tmp/tmpmqpkzs5y', '--error-file', '/tmp/tmpp4cnv7tb']
[2021-06-25 09:19:10,338] {standard_task_runner.py:77} INFO - Job 296: Subtask task_1
[2021-06-25 09:19:11,940] {logging_mixin.py:104} INFO - Running <TaskInstance: parallel_dag.task_1 2020-03-15T00:00:00+00:00 [running]> on host airflowvm
[2021-06-25 09:19:13,012] {taskinstance.py:1280} INFO - Exporting the following env vars:
AIRFLOW_CTX_DAG_OWNER=airflow
AIRFLOW_CTX_DAG_ID=parallel_dag
AIRFLOW_CTX_TASK_ID=task_1
AIRFLOW_CTX_EXECUTION_DATE=2020-03-15T00:00:00+00:00
AIRFLOW_CTX_DAG_RUN_ID=scheduled__2020-03-15T00:00:00+00:00
[2021-06-25 09:19:13,016] {subprocess.py:52} INFO - Tmp dir root location: 
 /tmp
[2021-06-25 09:19:13,017] {subprocess.py:63} INFO - Running command: ['bash', '-c', 'sleep 3']
[2021-06-25 09:19:13,217] {subprocess.py:75} INFO - Output:
[2021-06-25 09:19:16,255] {subprocess.py:83} INFO - Command exited with return code 0
[2021-06-25 09:19:17,226] {taskinstance.py:1184} INFO - Marking task as SUCCESS. dag_id=parallel_dag, task_id=task_1, execution_date=20200315T000000, start_date=20210625T091909, end_date=20210625T091917
[2021-06-25 09:19:18,584] {taskinstance.py:1245} INFO - 2 downstream tasks scheduled from follow-on schedule check
[2021-06-25 09:19:18,926] {local_task_job.py:151} INFO - Task exited with return code 0
