[2021-06-25 09:17:29,509] {taskinstance.py:876} INFO - Dependencies all met for <TaskInstance: parallel_dag.task_1 2020-02-22T00:00:00+00:00 [queued]>
[2021-06-25 09:17:29,606] {taskinstance.py:876} INFO - Dependencies all met for <TaskInstance: parallel_dag.task_1 2020-02-22T00:00:00+00:00 [queued]>
[2021-06-25 09:17:29,606] {taskinstance.py:1067} INFO - 
--------------------------------------------------------------------------------
[2021-06-25 09:17:29,607] {taskinstance.py:1068} INFO - Starting attempt 1 of 1
[2021-06-25 09:17:29,608] {taskinstance.py:1069} INFO - 
--------------------------------------------------------------------------------
[2021-06-25 09:17:29,657] {taskinstance.py:1087} INFO - Executing <Task(BashOperator): task_1> on 2020-02-22T00:00:00+00:00
[2021-06-25 09:17:29,667] {standard_task_runner.py:52} INFO - Started process 4981 to run task
[2021-06-25 09:17:29,699] {standard_task_runner.py:76} INFO - Running: ['airflow', 'tasks', 'run', 'parallel_dag', 'task_1', '2020-02-22T00:00:00+00:00', '--job-id', '210', '--pool', 'default_pool', '--raw', '--subdir', 'DAGS_FOLDER/parallel_dag.py', '--cfg-path', '/tmp/tmpehnml009', '--error-file', '/tmp/tmp51_brhu9']
[2021-06-25 09:17:29,704] {standard_task_runner.py:77} INFO - Job 210: Subtask task_1
[2021-06-25 09:17:30,017] {logging_mixin.py:104} INFO - Running <TaskInstance: parallel_dag.task_1 2020-02-22T00:00:00+00:00 [running]> on host airflowvm
[2021-06-25 09:17:30,593] {taskinstance.py:1280} INFO - Exporting the following env vars:
AIRFLOW_CTX_DAG_OWNER=airflow
AIRFLOW_CTX_DAG_ID=parallel_dag
AIRFLOW_CTX_TASK_ID=task_1
AIRFLOW_CTX_EXECUTION_DATE=2020-02-22T00:00:00+00:00
AIRFLOW_CTX_DAG_RUN_ID=scheduled__2020-02-22T00:00:00+00:00
[2021-06-25 09:17:30,594] {subprocess.py:52} INFO - Tmp dir root location: 
 /tmp
[2021-06-25 09:17:30,603] {subprocess.py:63} INFO - Running command: ['bash', '-c', 'sleep 3']
[2021-06-25 09:17:30,695] {subprocess.py:75} INFO - Output:
[2021-06-25 09:17:33,725] {subprocess.py:83} INFO - Command exited with return code 0
[2021-06-25 09:17:33,968] {taskinstance.py:1184} INFO - Marking task as SUCCESS. dag_id=parallel_dag, task_id=task_1, execution_date=20200222T000000, start_date=20210625T091729, end_date=20210625T091733
[2021-06-25 09:17:35,002] {local_task_job.py:196} WARNING - State of this instance has been externally set to success. Terminating instance.
[2021-06-25 09:17:35,003] {taskinstance.py:1245} INFO - 0 downstream tasks scheduled from follow-on schedule check
[2021-06-25 09:17:35,093] {process_utils.py:100} INFO - Sending Signals.SIGTERM to GPID 4981
[2021-06-25 09:17:35,131] {process_utils.py:66} INFO - Process psutil.Process(pid=4981, status='terminated', exitcode=0, started='09:17:28') (4981) terminated with exit code 0
