[2021-06-25 09:18:41,969] {taskinstance.py:876} INFO - Dependencies all met for <TaskInstance: parallel_dag.task_1 2020-03-07T00:00:00+00:00 [queued]>
[2021-06-25 09:18:42,142] {taskinstance.py:876} INFO - Dependencies all met for <TaskInstance: parallel_dag.task_1 2020-03-07T00:00:00+00:00 [queued]>
[2021-06-25 09:18:42,143] {taskinstance.py:1067} INFO - 
--------------------------------------------------------------------------------
[2021-06-25 09:18:42,143] {taskinstance.py:1068} INFO - Starting attempt 1 of 1
[2021-06-25 09:18:42,150] {taskinstance.py:1069} INFO - 
--------------------------------------------------------------------------------
[2021-06-25 09:18:42,281] {taskinstance.py:1087} INFO - Executing <Task(BashOperator): task_1> on 2020-03-07T00:00:00+00:00
[2021-06-25 09:18:42,357] {standard_task_runner.py:52} INFO - Started process 7065 to run task
[2021-06-25 09:18:42,405] {standard_task_runner.py:76} INFO - Running: ['airflow', 'tasks', 'run', 'parallel_dag', 'task_1', '2020-03-07T00:00:00+00:00', '--job-id', '271', '--pool', 'default_pool', '--raw', '--subdir', 'DAGS_FOLDER/parallel_dag.py', '--cfg-path', '/tmp/tmp77iqxbbu', '--error-file', '/tmp/tmp2xfee66w']
[2021-06-25 09:18:42,423] {standard_task_runner.py:77} INFO - Job 271: Subtask task_1
[2021-06-25 09:18:43,090] {logging_mixin.py:104} INFO - Running <TaskInstance: parallel_dag.task_1 2020-03-07T00:00:00+00:00 [running]> on host airflowvm
[2021-06-25 09:18:44,115] {taskinstance.py:1280} INFO - Exporting the following env vars:
AIRFLOW_CTX_DAG_OWNER=airflow
AIRFLOW_CTX_DAG_ID=parallel_dag
AIRFLOW_CTX_TASK_ID=task_1
AIRFLOW_CTX_EXECUTION_DATE=2020-03-07T00:00:00+00:00
AIRFLOW_CTX_DAG_RUN_ID=scheduled__2020-03-07T00:00:00+00:00
[2021-06-25 09:18:44,133] {subprocess.py:52} INFO - Tmp dir root location: 
 /tmp
[2021-06-25 09:18:44,156] {subprocess.py:63} INFO - Running command: ['bash', '-c', 'sleep 3']
[2021-06-25 09:18:44,375] {subprocess.py:75} INFO - Output:
[2021-06-25 09:18:47,386] {subprocess.py:83} INFO - Command exited with return code 0
[2021-06-25 09:18:47,746] {taskinstance.py:1184} INFO - Marking task as SUCCESS. dag_id=parallel_dag, task_id=task_1, execution_date=20200307T000000, start_date=20210625T091841, end_date=20210625T091847
[2021-06-25 09:18:48,080] {taskinstance.py:1245} INFO - 2 downstream tasks scheduled from follow-on schedule check
[2021-06-25 09:18:48,206] {local_task_job.py:151} INFO - Task exited with return code 0
