[2021-06-24 16:23:34,394] {taskinstance.py:876} INFO - Dependencies all met for <TaskInstance: parallel_dag.task_3 2020-01-09T00:00:00+00:00 [queued]>
[2021-06-24 16:23:34,414] {taskinstance.py:876} INFO - Dependencies all met for <TaskInstance: parallel_dag.task_3 2020-01-09T00:00:00+00:00 [queued]>
[2021-06-24 16:23:34,415] {taskinstance.py:1067} INFO - 
--------------------------------------------------------------------------------
[2021-06-24 16:23:34,416] {taskinstance.py:1068} INFO - Starting attempt 1 of 1
[2021-06-24 16:23:34,416] {taskinstance.py:1069} INFO - 
--------------------------------------------------------------------------------
[2021-06-24 16:23:34,443] {taskinstance.py:1087} INFO - Executing <Task(BashOperator): task_3> on 2020-01-09T00:00:00+00:00
[2021-06-24 16:23:34,445] {standard_task_runner.py:52} INFO - Started process 2193 to run task
[2021-06-24 16:23:34,455] {standard_task_runner.py:76} INFO - Running: ['airflow', 'tasks', 'run', 'parallel_dag', 'task_3', '2020-01-09T00:00:00+00:00', '--job-id', '76', '--pool', 'default_pool', '--raw', '--subdir', 'DAGS_FOLDER/parallel_dag.py', '--cfg-path', '/tmp/tmpl60y4kra', '--error-file', '/tmp/tmppl2evuce']
[2021-06-24 16:23:34,456] {standard_task_runner.py:77} INFO - Job 76: Subtask task_3
[2021-06-24 16:23:34,540] {logging_mixin.py:104} INFO - Running <TaskInstance: parallel_dag.task_3 2020-01-09T00:00:00+00:00 [running]> on host airflowvm
[2021-06-24 16:23:34,644] {taskinstance.py:1280} INFO - Exporting the following env vars:
AIRFLOW_CTX_DAG_OWNER=airflow
AIRFLOW_CTX_DAG_ID=parallel_dag
AIRFLOW_CTX_TASK_ID=task_3
AIRFLOW_CTX_EXECUTION_DATE=2020-01-09T00:00:00+00:00
AIRFLOW_CTX_DAG_RUN_ID=scheduled__2020-01-09T00:00:00+00:00
[2021-06-24 16:23:34,645] {subprocess.py:52} INFO - Tmp dir root location: 
 /tmp
[2021-06-24 16:23:34,645] {subprocess.py:63} INFO - Running command: ['bash', '-c', 'sleep 3']
[2021-06-24 16:23:34,650] {subprocess.py:75} INFO - Output:
[2021-06-24 16:23:37,654] {subprocess.py:83} INFO - Command exited with return code 0
[2021-06-24 16:23:37,679] {taskinstance.py:1184} INFO - Marking task as SUCCESS. dag_id=parallel_dag, task_id=task_3, execution_date=20200109T000000, start_date=20210624T162334, end_date=20210624T162337
[2021-06-24 16:23:37,720] {taskinstance.py:1245} INFO - 1 downstream tasks scheduled from follow-on schedule check
[2021-06-24 16:23:37,738] {local_task_job.py:151} INFO - Task exited with return code 0
[2021-06-24 17:04:12,346] {taskinstance.py:876} INFO - Dependencies all met for <TaskInstance: parallel_dag.task_3 2020-01-09T00:00:00+00:00 [queued]>
[2021-06-24 17:04:12,980] {taskinstance.py:876} INFO - Dependencies all met for <TaskInstance: parallel_dag.task_3 2020-01-09T00:00:00+00:00 [queued]>
[2021-06-24 17:04:12,981] {taskinstance.py:1067} INFO - 
--------------------------------------------------------------------------------
[2021-06-24 17:04:12,982] {taskinstance.py:1068} INFO - Starting attempt 1 of 1
[2021-06-24 17:04:12,984] {taskinstance.py:1069} INFO - 
--------------------------------------------------------------------------------
[2021-06-24 17:04:13,448] {taskinstance.py:1087} INFO - Executing <Task(BashOperator): task_3> on 2020-01-09T00:00:00+00:00
[2021-06-24 17:04:13,813] {standard_task_runner.py:52} INFO - Started process 9482 to run task
[2021-06-24 17:04:14,282] {standard_task_runner.py:76} INFO - Running: ['airflow', 'tasks', 'run', 'parallel_dag', 'task_3', '2020-01-09T00:00:00+00:00', '--job-id', '31', '--pool', 'default_pool', '--raw', '--subdir', 'DAGS_FOLDER/parallel_dag.py', '--cfg-path', '/tmp/tmpjj8pfu6d', '--error-file', '/tmp/tmpokf9_0l0']
[2021-06-24 17:04:14,312] {standard_task_runner.py:77} INFO - Job 31: Subtask task_3
[2021-06-24 17:04:16,369] {logging_mixin.py:104} INFO - Running <TaskInstance: parallel_dag.task_3 2020-01-09T00:00:00+00:00 [running]> on host airflowvm
[2021-06-24 17:04:18,200] {taskinstance.py:1280} INFO - Exporting the following env vars:
AIRFLOW_CTX_DAG_OWNER=airflow
AIRFLOW_CTX_DAG_ID=parallel_dag
AIRFLOW_CTX_TASK_ID=task_3
AIRFLOW_CTX_EXECUTION_DATE=2020-01-09T00:00:00+00:00
AIRFLOW_CTX_DAG_RUN_ID=scheduled__2020-01-09T00:00:00+00:00
[2021-06-24 17:04:18,223] {subprocess.py:52} INFO - Tmp dir root location: 
 /tmp
[2021-06-24 17:04:18,224] {subprocess.py:63} INFO - Running command: ['bash', '-c', 'sleep 3']
[2021-06-24 17:04:18,400] {subprocess.py:75} INFO - Output:
[2021-06-24 17:04:21,441] {subprocess.py:83} INFO - Command exited with return code 0
[2021-06-24 17:04:22,126] {taskinstance.py:1184} INFO - Marking task as SUCCESS. dag_id=parallel_dag, task_id=task_3, execution_date=20200109T000000, start_date=20210624T170412, end_date=20210624T170422
[2021-06-24 17:04:25,016] {local_task_job.py:196} WARNING - State of this instance has been externally set to success. Terminating instance.
[2021-06-24 17:04:25,180] {process_utils.py:100} INFO - Sending Signals.SIGTERM to GPID 9482
[2021-06-24 17:04:25,494] {taskinstance.py:1264} ERROR - Received SIGTERM. Terminating subprocesses.
[2021-06-24 17:04:25,494] {subprocess.py:89} INFO - Sending SIGTERM signal to process group
[2021-06-24 17:04:25,579] {process_utils.py:66} INFO - Process psutil.Process(pid=9482, status='terminated', exitcode=1, started='17:04:12') (9482) terminated with exit code 1
