[2021-06-25 09:17:50,577] {taskinstance.py:876} INFO - Dependencies all met for <TaskInstance: parallel_dag.task_1 2020-02-29T00:00:00+00:00 [queued]>
[2021-06-25 09:17:50,924] {taskinstance.py:876} INFO - Dependencies all met for <TaskInstance: parallel_dag.task_1 2020-02-29T00:00:00+00:00 [queued]>
[2021-06-25 09:17:50,924] {taskinstance.py:1067} INFO - 
--------------------------------------------------------------------------------
[2021-06-25 09:17:50,924] {taskinstance.py:1068} INFO - Starting attempt 1 of 1
[2021-06-25 09:17:50,925] {taskinstance.py:1069} INFO - 
--------------------------------------------------------------------------------
[2021-06-25 09:17:51,053] {taskinstance.py:1087} INFO - Executing <Task(BashOperator): task_1> on 2020-02-29T00:00:00+00:00
[2021-06-25 09:17:51,139] {standard_task_runner.py:52} INFO - Started process 5677 to run task
[2021-06-25 09:17:51,181] {standard_task_runner.py:76} INFO - Running: ['airflow', 'tasks', 'run', 'parallel_dag', 'task_1', '2020-02-29T00:00:00+00:00', '--job-id', '230', '--pool', 'default_pool', '--raw', '--subdir', 'DAGS_FOLDER/parallel_dag.py', '--cfg-path', '/tmp/tmph4xqyy38', '--error-file', '/tmp/tmp39ythi2h']
[2021-06-25 09:17:51,181] {standard_task_runner.py:77} INFO - Job 230: Subtask task_1
[2021-06-25 09:17:51,892] {logging_mixin.py:104} INFO - Running <TaskInstance: parallel_dag.task_1 2020-02-29T00:00:00+00:00 [running]> on host airflowvm
[2021-06-25 09:17:53,221] {taskinstance.py:1280} INFO - Exporting the following env vars:
AIRFLOW_CTX_DAG_OWNER=airflow
AIRFLOW_CTX_DAG_ID=parallel_dag
AIRFLOW_CTX_TASK_ID=task_1
AIRFLOW_CTX_EXECUTION_DATE=2020-02-29T00:00:00+00:00
AIRFLOW_CTX_DAG_RUN_ID=scheduled__2020-02-29T00:00:00+00:00
[2021-06-25 09:17:53,263] {subprocess.py:52} INFO - Tmp dir root location: 
 /tmp
[2021-06-25 09:17:53,264] {subprocess.py:63} INFO - Running command: ['bash', '-c', 'sleep 3']
[2021-06-25 09:17:53,497] {subprocess.py:75} INFO - Output:
[2021-06-25 09:17:56,560] {subprocess.py:83} INFO - Command exited with return code 0
[2021-06-25 09:17:57,121] {taskinstance.py:1184} INFO - Marking task as SUCCESS. dag_id=parallel_dag, task_id=task_1, execution_date=20200229T000000, start_date=20210625T091750, end_date=20210625T091757
[2021-06-25 09:17:58,155] {taskinstance.py:1245} INFO - 2 downstream tasks scheduled from follow-on schedule check
[2021-06-25 09:17:58,337] {local_task_job.py:151} INFO - Task exited with return code 0
