[2021-06-24 16:20:58,776] {taskinstance.py:876} INFO - Dependencies all met for <TaskInstance: parallel_dag.task_4 2020-01-01T00:00:00+00:00 [queued]>
[2021-06-24 16:20:58,788] {taskinstance.py:876} INFO - Dependencies all met for <TaskInstance: parallel_dag.task_4 2020-01-01T00:00:00+00:00 [queued]>
[2021-06-24 16:20:58,789] {taskinstance.py:1067} INFO - 
--------------------------------------------------------------------------------
[2021-06-24 16:20:58,789] {taskinstance.py:1068} INFO - Starting attempt 1 of 1
[2021-06-24 16:20:58,790] {taskinstance.py:1069} INFO - 
--------------------------------------------------------------------------------
[2021-06-24 16:20:58,810] {taskinstance.py:1087} INFO - Executing <Task(BashOperator): task_4> on 2020-01-01T00:00:00+00:00
[2021-06-24 16:20:58,813] {standard_task_runner.py:52} INFO - Started process 1973 to run task
[2021-06-24 16:20:58,819] {standard_task_runner.py:76} INFO - Running: ['airflow', 'tasks', 'run', 'parallel_dag', 'task_4', '2020-01-01T00:00:00+00:00', '--job-id', '49', '--pool', 'default_pool', '--raw', '--subdir', 'DAGS_FOLDER/parallel_dag.py', '--cfg-path', '/tmp/tmpr79y412h', '--error-file', '/tmp/tmpbootjklm']
[2021-06-24 16:20:58,820] {standard_task_runner.py:77} INFO - Job 49: Subtask task_4
[2021-06-24 16:20:58,940] {logging_mixin.py:104} INFO - Running <TaskInstance: parallel_dag.task_4 2020-01-01T00:00:00+00:00 [running]> on host airflowvm
[2021-06-24 16:20:59,115] {taskinstance.py:1280} INFO - Exporting the following env vars:
AIRFLOW_CTX_DAG_OWNER=airflow
AIRFLOW_CTX_DAG_ID=parallel_dag
AIRFLOW_CTX_TASK_ID=task_4
AIRFLOW_CTX_EXECUTION_DATE=2020-01-01T00:00:00+00:00
AIRFLOW_CTX_DAG_RUN_ID=scheduled__2020-01-01T00:00:00+00:00
[2021-06-24 16:20:59,116] {subprocess.py:52} INFO - Tmp dir root location: 
 /tmp
[2021-06-24 16:20:59,116] {subprocess.py:63} INFO - Running command: ['bash', '-c', 'sleep 3']
[2021-06-24 16:20:59,124] {subprocess.py:75} INFO - Output:
[2021-06-24 16:21:02,130] {subprocess.py:83} INFO - Command exited with return code 0
[2021-06-24 16:21:02,158] {taskinstance.py:1184} INFO - Marking task as SUCCESS. dag_id=parallel_dag, task_id=task_4, execution_date=20200101T000000, start_date=20210624T162058, end_date=20210624T162102
[2021-06-24 16:21:02,187] {taskinstance.py:1245} INFO - 0 downstream tasks scheduled from follow-on schedule check
[2021-06-24 16:21:02,224] {local_task_job.py:151} INFO - Task exited with return code 0
[2021-06-24 17:04:33,480] {taskinstance.py:876} INFO - Dependencies all met for <TaskInstance: parallel_dag.task_4 2020-01-01T00:00:00+00:00 [queued]>
[2021-06-24 17:04:34,106] {taskinstance.py:876} INFO - Dependencies all met for <TaskInstance: parallel_dag.task_4 2020-01-01T00:00:00+00:00 [queued]>
[2021-06-24 17:04:34,134] {taskinstance.py:1067} INFO - 
--------------------------------------------------------------------------------
[2021-06-24 17:04:34,135] {taskinstance.py:1068} INFO - Starting attempt 1 of 1
[2021-06-24 17:04:34,179] {taskinstance.py:1069} INFO - 
--------------------------------------------------------------------------------
[2021-06-24 17:04:34,811] {taskinstance.py:1087} INFO - Executing <Task(BashOperator): task_4> on 2020-01-01T00:00:00+00:00
[2021-06-24 17:04:35,009] {standard_task_runner.py:52} INFO - Started process 9913 to run task
[2021-06-24 17:04:35,245] {standard_task_runner.py:76} INFO - Running: ['airflow', 'tasks', 'run', 'parallel_dag', 'task_4', '2020-01-01T00:00:00+00:00', '--job-id', '42', '--pool', 'default_pool', '--raw', '--subdir', 'DAGS_FOLDER/parallel_dag.py', '--cfg-path', '/tmp/tmpkoqca6bz', '--error-file', '/tmp/tmp2ywmrx65']
[2021-06-24 17:04:35,284] {standard_task_runner.py:77} INFO - Job 42: Subtask task_4
[2021-06-24 17:04:36,964] {logging_mixin.py:104} INFO - Running <TaskInstance: parallel_dag.task_4 2020-01-01T00:00:00+00:00 [running]> on host airflowvm
[2021-06-24 17:04:38,323] {taskinstance.py:1280} INFO - Exporting the following env vars:
AIRFLOW_CTX_DAG_OWNER=airflow
AIRFLOW_CTX_DAG_ID=parallel_dag
AIRFLOW_CTX_TASK_ID=task_4
AIRFLOW_CTX_EXECUTION_DATE=2020-01-01T00:00:00+00:00
AIRFLOW_CTX_DAG_RUN_ID=scheduled__2020-01-01T00:00:00+00:00
[2021-06-24 17:04:38,334] {subprocess.py:52} INFO - Tmp dir root location: 
 /tmp
[2021-06-24 17:04:38,336] {subprocess.py:63} INFO - Running command: ['bash', '-c', 'sleep 3']
[2021-06-24 17:04:38,455] {subprocess.py:75} INFO - Output:
[2021-06-24 17:04:41,492] {subprocess.py:83} INFO - Command exited with return code 0
[2021-06-24 17:04:42,281] {taskinstance.py:1184} INFO - Marking task as SUCCESS. dag_id=parallel_dag, task_id=task_4, execution_date=20200101T000000, start_date=20210624T170433, end_date=20210624T170442
[2021-06-24 17:04:45,917] {taskinstance.py:1245} INFO - 0 downstream tasks scheduled from follow-on schedule check
[2021-06-24 17:04:47,140] {local_task_job.py:151} INFO - Task exited with return code 0
