[2021-06-24 16:24:48,758] {taskinstance.py:876} INFO - Dependencies all met for <TaskInstance: parallel_dag.task_4 2020-01-11T00:00:00+00:00 [queued]>
[2021-06-24 16:24:48,769] {taskinstance.py:876} INFO - Dependencies all met for <TaskInstance: parallel_dag.task_4 2020-01-11T00:00:00+00:00 [queued]>
[2021-06-24 16:24:48,770] {taskinstance.py:1067} INFO - 
--------------------------------------------------------------------------------
[2021-06-24 16:24:48,771] {taskinstance.py:1068} INFO - Starting attempt 1 of 1
[2021-06-24 16:24:48,772] {taskinstance.py:1069} INFO - 
--------------------------------------------------------------------------------
[2021-06-24 16:24:48,797] {taskinstance.py:1087} INFO - Executing <Task(BashOperator): task_4> on 2020-01-11T00:00:00+00:00
[2021-06-24 16:24:48,799] {standard_task_runner.py:52} INFO - Started process 2291 to run task
[2021-06-24 16:24:48,805] {standard_task_runner.py:76} INFO - Running: ['airflow', 'tasks', 'run', 'parallel_dag', 'task_4', '2020-01-11T00:00:00+00:00', '--job-id', '89', '--pool', 'default_pool', '--raw', '--subdir', 'DAGS_FOLDER/parallel_dag.py', '--cfg-path', '/tmp/tmp_pfmq178', '--error-file', '/tmp/tmpnbtx91m1']
[2021-06-24 16:24:48,806] {standard_task_runner.py:77} INFO - Job 89: Subtask task_4
[2021-06-24 16:24:48,906] {logging_mixin.py:104} INFO - Running <TaskInstance: parallel_dag.task_4 2020-01-11T00:00:00+00:00 [running]> on host airflowvm
[2021-06-24 16:24:49,023] {taskinstance.py:1280} INFO - Exporting the following env vars:
AIRFLOW_CTX_DAG_OWNER=airflow
AIRFLOW_CTX_DAG_ID=parallel_dag
AIRFLOW_CTX_TASK_ID=task_4
AIRFLOW_CTX_EXECUTION_DATE=2020-01-11T00:00:00+00:00
AIRFLOW_CTX_DAG_RUN_ID=scheduled__2020-01-11T00:00:00+00:00
[2021-06-24 16:24:49,025] {subprocess.py:52} INFO - Tmp dir root location: 
 /tmp
[2021-06-24 16:24:49,025] {subprocess.py:63} INFO - Running command: ['bash', '-c', 'sleep 3']
[2021-06-24 16:24:49,041] {subprocess.py:75} INFO - Output:
[2021-06-24 16:24:52,048] {subprocess.py:83} INFO - Command exited with return code 0
[2021-06-24 16:24:52,079] {taskinstance.py:1184} INFO - Marking task as SUCCESS. dag_id=parallel_dag, task_id=task_4, execution_date=20200111T000000, start_date=20210624T162448, end_date=20210624T162452
[2021-06-24 16:24:52,112] {taskinstance.py:1245} INFO - 0 downstream tasks scheduled from follow-on schedule check
[2021-06-24 16:24:52,147] {local_task_job.py:151} INFO - Task exited with return code 0
[2021-06-24 17:05:00,624] {taskinstance.py:876} INFO - Dependencies all met for <TaskInstance: parallel_dag.task_4 2020-01-11T00:00:00+00:00 [queued]>
[2021-06-24 17:05:00,774] {taskinstance.py:876} INFO - Dependencies all met for <TaskInstance: parallel_dag.task_4 2020-01-11T00:00:00+00:00 [queued]>
[2021-06-24 17:05:00,774] {taskinstance.py:1067} INFO - 
--------------------------------------------------------------------------------
[2021-06-24 17:05:00,774] {taskinstance.py:1068} INFO - Starting attempt 1 of 1
[2021-06-24 17:05:00,775] {taskinstance.py:1069} INFO - 
--------------------------------------------------------------------------------
[2021-06-24 17:05:00,874] {taskinstance.py:1087} INFO - Executing <Task(BashOperator): task_4> on 2020-01-11T00:00:00+00:00
[2021-06-24 17:05:00,900] {standard_task_runner.py:52} INFO - Started process 10438 to run task
[2021-06-24 17:05:01,007] {standard_task_runner.py:76} INFO - Running: ['airflow', 'tasks', 'run', 'parallel_dag', 'task_4', '2020-01-11T00:00:00+00:00', '--job-id', '60', '--pool', 'default_pool', '--raw', '--subdir', 'DAGS_FOLDER/parallel_dag.py', '--cfg-path', '/tmp/tmp_ias8wxb', '--error-file', '/tmp/tmpods2_kbw']
[2021-06-24 17:05:01,025] {standard_task_runner.py:77} INFO - Job 60: Subtask task_4
[2021-06-24 17:05:02,537] {logging_mixin.py:104} INFO - Running <TaskInstance: parallel_dag.task_4 2020-01-11T00:00:00+00:00 [running]> on host airflowvm
[2021-06-24 17:05:03,528] {taskinstance.py:1280} INFO - Exporting the following env vars:
AIRFLOW_CTX_DAG_OWNER=airflow
AIRFLOW_CTX_DAG_ID=parallel_dag
AIRFLOW_CTX_TASK_ID=task_4
AIRFLOW_CTX_EXECUTION_DATE=2020-01-11T00:00:00+00:00
AIRFLOW_CTX_DAG_RUN_ID=scheduled__2020-01-11T00:00:00+00:00
[2021-06-24 17:05:03,529] {subprocess.py:52} INFO - Tmp dir root location: 
 /tmp
[2021-06-24 17:05:03,530] {subprocess.py:63} INFO - Running command: ['bash', '-c', 'sleep 3']
[2021-06-24 17:05:03,602] {subprocess.py:75} INFO - Output:
[2021-06-24 17:05:06,625] {subprocess.py:83} INFO - Command exited with return code 0
[2021-06-24 17:05:06,874] {taskinstance.py:1184} INFO - Marking task as SUCCESS. dag_id=parallel_dag, task_id=task_4, execution_date=20200111T000000, start_date=20210624T170500, end_date=20210624T170506
[2021-06-24 17:05:07,183] {taskinstance.py:1245} INFO - 0 downstream tasks scheduled from follow-on schedule check
[2021-06-24 17:05:07,237] {local_task_job.py:151} INFO - Task exited with return code 0
