[2021-06-25 09:16:23,796] {taskinstance.py:876} INFO - Dependencies all met for <TaskInstance: parallel_dag.task_4 2020-02-05T00:00:00+00:00 [queued]>
[2021-06-25 09:16:25,425] {taskinstance.py:876} INFO - Dependencies all met for <TaskInstance: parallel_dag.task_4 2020-02-05T00:00:00+00:00 [queued]>
[2021-06-25 09:16:25,426] {taskinstance.py:1067} INFO - 
--------------------------------------------------------------------------------
[2021-06-25 09:16:25,426] {taskinstance.py:1068} INFO - Starting attempt 1 of 1
[2021-06-25 09:16:25,426] {taskinstance.py:1069} INFO - 
--------------------------------------------------------------------------------
[2021-06-25 09:16:25,914] {taskinstance.py:1087} INFO - Executing <Task(BashOperator): task_4> on 2020-02-05T00:00:00+00:00
[2021-06-25 09:16:26,080] {standard_task_runner.py:52} INFO - Started process 3989 to run task
[2021-06-25 09:16:26,474] {standard_task_runner.py:76} INFO - Running: ['airflow', 'tasks', 'run', 'parallel_dag', 'task_4', '2020-02-05T00:00:00+00:00', '--job-id', '182', '--pool', 'default_pool', '--raw', '--subdir', 'DAGS_FOLDER/parallel_dag.py', '--cfg-path', '/tmp/tmpxdj5puzn', '--error-file', '/tmp/tmppeedi39l']
[2021-06-25 09:16:26,508] {standard_task_runner.py:77} INFO - Job 182: Subtask task_4
[2021-06-25 09:16:29,408] {logging_mixin.py:104} INFO - Running <TaskInstance: parallel_dag.task_4 2020-02-05T00:00:00+00:00 [running]> on host airflowvm
[2021-06-25 09:16:33,102] {taskinstance.py:1280} INFO - Exporting the following env vars:
AIRFLOW_CTX_DAG_OWNER=airflow
AIRFLOW_CTX_DAG_ID=parallel_dag
AIRFLOW_CTX_TASK_ID=task_4
AIRFLOW_CTX_EXECUTION_DATE=2020-02-05T00:00:00+00:00
AIRFLOW_CTX_DAG_RUN_ID=scheduled__2020-02-05T00:00:00+00:00
[2021-06-25 09:16:33,116] {subprocess.py:52} INFO - Tmp dir root location: 
 /tmp
[2021-06-25 09:16:33,116] {subprocess.py:63} INFO - Running command: ['bash', '-c', 'sleep 3']
[2021-06-25 09:16:33,446] {subprocess.py:75} INFO - Output:
[2021-06-25 09:16:36,799] {subprocess.py:83} INFO - Command exited with return code 0
[2021-06-25 09:16:37,364] {taskinstance.py:1184} INFO - Marking task as SUCCESS. dag_id=parallel_dag, task_id=task_4, execution_date=20200205T000000, start_date=20210625T091624, end_date=20210625T091637
[2021-06-25 09:16:39,433] {local_task_job.py:196} WARNING - State of this instance has been externally set to success. Terminating instance.
[2021-06-25 09:16:39,642] {process_utils.py:100} INFO - Sending Signals.SIGTERM to GPID 3989
[2021-06-25 09:16:41,535] {taskinstance.py:1264} ERROR - Received SIGTERM. Terminating subprocesses.
[2021-06-25 09:16:41,536] {subprocess.py:89} INFO - Sending SIGTERM signal to process group
[2021-06-25 09:16:41,689] {process_utils.py:66} INFO - Process psutil.Process(pid=3989, status='terminated', exitcode=1, started='09:16:25') (3989) terminated with exit code 1
