[2021-06-24 16:20:17,273] {taskinstance.py:876} INFO - Dependencies all met for <TaskInstance: parallel_dag.task_1 2020-01-01T00:00:00+00:00 [queued]>
[2021-06-24 16:20:17,281] {taskinstance.py:876} INFO - Dependencies all met for <TaskInstance: parallel_dag.task_1 2020-01-01T00:00:00+00:00 [queued]>
[2021-06-24 16:20:17,282] {taskinstance.py:1067} INFO - 
--------------------------------------------------------------------------------
[2021-06-24 16:20:17,284] {taskinstance.py:1068} INFO - Starting attempt 1 of 1
[2021-06-24 16:20:17,285] {taskinstance.py:1069} INFO - 
--------------------------------------------------------------------------------
[2021-06-24 16:20:17,305] {taskinstance.py:1087} INFO - Executing <Task(BashOperator): task_1> on 2020-01-01T00:00:00+00:00
[2021-06-24 16:20:17,306] {standard_task_runner.py:52} INFO - Started process 1915 to run task
[2021-06-24 16:20:17,321] {standard_task_runner.py:76} INFO - Running: ['airflow', 'tasks', 'run', 'parallel_dag', 'task_1', '2020-01-01T00:00:00+00:00', '--job-id', '42', '--pool', 'default_pool', '--raw', '--subdir', 'DAGS_FOLDER/parallel_dag.py', '--cfg-path', '/tmp/tmpq_mgjehw', '--error-file', '/tmp/tmp6wfhqg28']
[2021-06-24 16:20:17,323] {standard_task_runner.py:77} INFO - Job 42: Subtask task_1
[2021-06-24 16:20:17,418] {logging_mixin.py:104} INFO - Running <TaskInstance: parallel_dag.task_1 2020-01-01T00:00:00+00:00 [running]> on host airflowvm
[2021-06-24 16:20:17,493] {taskinstance.py:1280} INFO - Exporting the following env vars:
AIRFLOW_CTX_DAG_OWNER=airflow
AIRFLOW_CTX_DAG_ID=parallel_dag
AIRFLOW_CTX_TASK_ID=task_1
AIRFLOW_CTX_EXECUTION_DATE=2020-01-01T00:00:00+00:00
AIRFLOW_CTX_DAG_RUN_ID=scheduled__2020-01-01T00:00:00+00:00
[2021-06-24 16:20:17,494] {subprocess.py:52} INFO - Tmp dir root location: 
 /tmp
[2021-06-24 16:20:17,495] {subprocess.py:63} INFO - Running command: ['bash', '-c', 'sleep 3']
[2021-06-24 16:20:17,515] {subprocess.py:75} INFO - Output:
[2021-06-24 16:20:20,516] {subprocess.py:83} INFO - Command exited with return code 0
[2021-06-24 16:20:20,543] {taskinstance.py:1184} INFO - Marking task as SUCCESS. dag_id=parallel_dag, task_id=task_1, execution_date=20200101T000000, start_date=20210624T162017, end_date=20210624T162020
[2021-06-24 16:20:20,579] {taskinstance.py:1245} INFO - 2 downstream tasks scheduled from follow-on schedule check
[2021-06-24 16:20:20,592] {local_task_job.py:151} INFO - Task exited with return code 0
[2021-06-24 17:03:22,856] {taskinstance.py:876} INFO - Dependencies all met for <TaskInstance: parallel_dag.task_1 2020-01-01T00:00:00+00:00 [queued]>
[2021-06-24 17:03:22,960] {taskinstance.py:876} INFO - Dependencies all met for <TaskInstance: parallel_dag.task_1 2020-01-01T00:00:00+00:00 [queued]>
[2021-06-24 17:03:22,960] {taskinstance.py:1067} INFO - 
--------------------------------------------------------------------------------
[2021-06-24 17:03:22,960] {taskinstance.py:1068} INFO - Starting attempt 1 of 1
[2021-06-24 17:03:22,964] {taskinstance.py:1069} INFO - 
--------------------------------------------------------------------------------
[2021-06-24 17:03:23,009] {taskinstance.py:1087} INFO - Executing <Task(BashOperator): task_1> on 2020-01-01T00:00:00+00:00
[2021-06-24 17:03:23,026] {standard_task_runner.py:52} INFO - Started process 8522 to run task
[2021-06-24 17:03:23,079] {standard_task_runner.py:76} INFO - Running: ['airflow', 'tasks', 'run', 'parallel_dag', 'task_1', '2020-01-01T00:00:00+00:00', '--job-id', '2', '--pool', 'default_pool', '--raw', '--subdir', 'DAGS_FOLDER/parallel_dag.py', '--cfg-path', '/tmp/tmpbw7na448', '--error-file', '/tmp/tmp9ljy3xgh']
[2021-06-24 17:03:23,097] {standard_task_runner.py:77} INFO - Job 2: Subtask task_1
[2021-06-24 17:03:23,451] {logging_mixin.py:104} INFO - Running <TaskInstance: parallel_dag.task_1 2020-01-01T00:00:00+00:00 [running]> on host airflowvm
[2021-06-24 17:03:24,072] {taskinstance.py:1280} INFO - Exporting the following env vars:
AIRFLOW_CTX_DAG_OWNER=airflow
AIRFLOW_CTX_DAG_ID=parallel_dag
AIRFLOW_CTX_TASK_ID=task_1
AIRFLOW_CTX_EXECUTION_DATE=2020-01-01T00:00:00+00:00
AIRFLOW_CTX_DAG_RUN_ID=scheduled__2020-01-01T00:00:00+00:00
[2021-06-24 17:03:24,075] {subprocess.py:52} INFO - Tmp dir root location: 
 /tmp
[2021-06-24 17:03:24,076] {subprocess.py:63} INFO - Running command: ['bash', '-c', 'sleep 3']
[2021-06-24 17:03:24,176] {subprocess.py:75} INFO - Output:
[2021-06-24 17:03:27,205] {subprocess.py:83} INFO - Command exited with return code 0
[2021-06-24 17:03:27,459] {taskinstance.py:1184} INFO - Marking task as SUCCESS. dag_id=parallel_dag, task_id=task_1, execution_date=20200101T000000, start_date=20210624T170322, end_date=20210624T170327
[2021-06-24 17:03:28,303] {local_task_job.py:196} WARNING - State of this instance has been externally set to success. Terminating instance.
[2021-06-24 17:03:28,360] {process_utils.py:100} INFO - Sending Signals.SIGTERM to GPID 8522
[2021-06-24 17:03:28,625] {taskinstance.py:1264} ERROR - Received SIGTERM. Terminating subprocesses.
[2021-06-24 17:03:28,625] {subprocess.py:89} INFO - Sending SIGTERM signal to process group
[2021-06-24 17:03:28,693] {process_utils.py:66} INFO - Process psutil.Process(pid=8522, status='terminated', exitcode=1, started='17:03:22') (8522) terminated with exit code 1
