[2021-06-25 09:16:24,523] {taskinstance.py:876} INFO - Dependencies all met for <TaskInstance: parallel_dag.task_4 2020-02-02T00:00:00+00:00 [queued]>
[2021-06-25 09:16:24,988] {taskinstance.py:876} INFO - Dependencies all met for <TaskInstance: parallel_dag.task_4 2020-02-02T00:00:00+00:00 [queued]>
[2021-06-25 09:16:25,054] {taskinstance.py:1067} INFO - 
--------------------------------------------------------------------------------
[2021-06-25 09:16:25,179] {taskinstance.py:1068} INFO - Starting attempt 1 of 1
[2021-06-25 09:16:25,180] {taskinstance.py:1069} INFO - 
--------------------------------------------------------------------------------
[2021-06-25 09:16:25,625] {taskinstance.py:1087} INFO - Executing <Task(BashOperator): task_4> on 2020-02-02T00:00:00+00:00
[2021-06-25 09:16:25,694] {standard_task_runner.py:52} INFO - Started process 3982 to run task
[2021-06-25 09:16:26,174] {standard_task_runner.py:76} INFO - Running: ['airflow', 'tasks', 'run', 'parallel_dag', 'task_4', '2020-02-02T00:00:00+00:00', '--job-id', '185', '--pool', 'default_pool', '--raw', '--subdir', 'DAGS_FOLDER/parallel_dag.py', '--cfg-path', '/tmp/tmp1uh5vbvx', '--error-file', '/tmp/tmphy58_1dd']
[2021-06-25 09:16:26,339] {standard_task_runner.py:77} INFO - Job 185: Subtask task_4
[2021-06-25 09:16:29,617] {logging_mixin.py:104} INFO - Running <TaskInstance: parallel_dag.task_4 2020-02-02T00:00:00+00:00 [running]> on host airflowvm
[2021-06-25 09:16:34,033] {taskinstance.py:1280} INFO - Exporting the following env vars:
AIRFLOW_CTX_DAG_OWNER=airflow
AIRFLOW_CTX_DAG_ID=parallel_dag
AIRFLOW_CTX_TASK_ID=task_4
AIRFLOW_CTX_EXECUTION_DATE=2020-02-02T00:00:00+00:00
AIRFLOW_CTX_DAG_RUN_ID=scheduled__2020-02-02T00:00:00+00:00
[2021-06-25 09:16:34,071] {subprocess.py:52} INFO - Tmp dir root location: 
 /tmp
[2021-06-25 09:16:34,121] {subprocess.py:63} INFO - Running command: ['bash', '-c', 'sleep 3']
[2021-06-25 09:16:34,573] {subprocess.py:75} INFO - Output:
[2021-06-25 09:16:37,875] {subprocess.py:83} INFO - Command exited with return code 0
[2021-06-25 09:16:38,405] {taskinstance.py:1184} INFO - Marking task as SUCCESS. dag_id=parallel_dag, task_id=task_4, execution_date=20200202T000000, start_date=20210625T091624, end_date=20210625T091638
[2021-06-25 09:16:41,939] {taskinstance.py:1245} INFO - 0 downstream tasks scheduled from follow-on schedule check
[2021-06-25 09:16:42,450] {local_task_job.py:151} INFO - Task exited with return code 0
