[2021-06-28 08:35:51,503] {taskinstance.py:876} INFO - Dependencies all met for <TaskInstance: xcom_dag.processing_tasks.training_model_b 2021-06-27T00:00:00+00:00 [queued]>
[2021-06-28 08:35:51,663] {taskinstance.py:876} INFO - Dependencies all met for <TaskInstance: xcom_dag.processing_tasks.training_model_b 2021-06-27T00:00:00+00:00 [queued]>
[2021-06-28 08:35:51,663] {taskinstance.py:1067} INFO - 
--------------------------------------------------------------------------------
[2021-06-28 08:35:51,663] {taskinstance.py:1068} INFO - Starting attempt 1 of 1
[2021-06-28 08:35:51,665] {taskinstance.py:1069} INFO - 
--------------------------------------------------------------------------------
[2021-06-28 08:35:51,756] {taskinstance.py:1087} INFO - Executing <Task(PythonOperator): processing_tasks.training_model_b> on 2021-06-27T00:00:00+00:00
[2021-06-28 08:35:51,774] {standard_task_runner.py:52} INFO - Started process 3383 to run task
[2021-06-28 08:35:51,815] {standard_task_runner.py:76} INFO - Running: ['airflow', 'tasks', 'run', 'xcom_dag', 'processing_tasks.training_model_b', '2021-06-27T00:00:00+00:00', '--job-id', '487', '--pool', 'default_pool', '--raw', '--subdir', 'DAGS_FOLDER/xcom_dag.py', '--cfg-path', '/tmp/tmpv_8tvv1a', '--error-file', '/tmp/tmpzh2hnnb_']
[2021-06-28 08:35:51,828] {standard_task_runner.py:77} INFO - Job 487: Subtask processing_tasks.training_model_b
[2021-06-28 08:35:52,102] {logging_mixin.py:104} INFO - Running <TaskInstance: xcom_dag.processing_tasks.training_model_b 2021-06-27T00:00:00+00:00 [running]> on host airflowvm
[2021-06-28 08:35:52,672] {taskinstance.py:1280} INFO - Exporting the following env vars:
AIRFLOW_CTX_DAG_OWNER=airflow
AIRFLOW_CTX_DAG_ID=xcom_dag
AIRFLOW_CTX_TASK_ID=processing_tasks.training_model_b
AIRFLOW_CTX_EXECUTION_DATE=2021-06-27T00:00:00+00:00
AIRFLOW_CTX_DAG_RUN_ID=scheduled__2021-06-27T00:00:00+00:00
[2021-06-28 08:35:52,688] {logging_mixin.py:104} INFO - model's accuracy: 0.10662008836194337
[2021-06-28 08:35:52,956] {python.py:151} INFO - Done. Returned value was: None
[2021-06-28 08:35:53,032] {taskinstance.py:1184} INFO - Marking task as SUCCESS. dag_id=xcom_dag, task_id=processing_tasks.training_model_b, execution_date=20210627T000000, start_date=20210628T083551, end_date=20210628T083553
[2021-06-28 08:35:53,179] {taskinstance.py:1245} INFO - 0 downstream tasks scheduled from follow-on schedule check
[2021-06-28 08:35:53,257] {local_task_job.py:151} INFO - Task exited with return code 0
