[2021-07-06 14:03:09,673] {taskinstance.py:876} INFO - Dependencies all met for <TaskInstance: get_as_dataframe_otimized.get_diseases 2021-07-05T00:00:00+00:00 [queued]>
[2021-07-06 14:03:09,730] {taskinstance.py:876} INFO - Dependencies all met for <TaskInstance: get_as_dataframe_otimized.get_diseases 2021-07-05T00:00:00+00:00 [queued]>
[2021-07-06 14:03:09,732] {taskinstance.py:1067} INFO - 
--------------------------------------------------------------------------------
[2021-07-06 14:03:09,733] {taskinstance.py:1068} INFO - Starting attempt 1 of 1
[2021-07-06 14:03:09,735] {taskinstance.py:1069} INFO - 
--------------------------------------------------------------------------------
[2021-07-06 14:03:09,767] {taskinstance.py:1087} INFO - Executing <Task(PythonOperator): get_diseases> on 2021-07-05T00:00:00+00:00
[2021-07-06 14:03:09,776] {standard_task_runner.py:52} INFO - Started process 5191 to run task
[2021-07-06 14:03:09,802] {standard_task_runner.py:76} INFO - Running: ['airflow', 'tasks', 'run', 'get_as_dataframe_otimized', 'get_diseases', '2021-07-05T00:00:00+00:00', '--job-id', '1217', '--pool', 'default_pool', '--raw', '--subdir', 'DAGS_FOLDER/get_as_Dataframe_otimized.py', '--cfg-path', '/tmp/tmpafigx3o0', '--error-file', '/tmp/tmpg3e5_9pf']
[2021-07-06 14:03:09,810] {standard_task_runner.py:77} INFO - Job 1217: Subtask get_diseases
[2021-07-06 14:03:10,043] {logging_mixin.py:104} INFO - Running <TaskInstance: get_as_dataframe_otimized.get_diseases 2021-07-05T00:00:00+00:00 [running]> on host airflowvm
[2021-07-06 14:03:10,284] {taskinstance.py:1280} INFO - Exporting the following env vars:
AIRFLOW_CTX_DAG_OWNER=airflow
AIRFLOW_CTX_DAG_ID=get_as_dataframe_otimized
AIRFLOW_CTX_TASK_ID=get_diseases
AIRFLOW_CTX_EXECUTION_DATE=2021-07-05T00:00:00+00:00
AIRFLOW_CTX_DAG_RUN_ID=scheduled__2021-07-05T00:00:00+00:00
[2021-07-06 14:03:10,314] {base.py:69} INFO - Using connection to: id: ***_default. Host: localhost, Port: 5432, Schema: , Login: ***, Password: ***, extra: {'cursor': 'realdictcursor'}
[2021-07-06 14:03:10,407] {python.py:151} INFO - Done. Returned value was: None
[2021-07-06 14:03:10,444] {taskinstance.py:1184} INFO - Marking task as SUCCESS. dag_id=get_as_dataframe_otimized, task_id=get_diseases, execution_date=20210705T000000, start_date=20210706T140309, end_date=20210706T140310
[2021-07-06 14:03:10,505] {dagrun.py:495} WARNING - Failed to get task '<TaskInstance: get_as_dataframe_otimized.getting_data.get_cataract_sex 2021-07-05 00:00:00+00:00 [removed]>' for dag 'get_as_dataframe_otimized'. Marking it as removed.
[2021-07-06 14:03:10,511] {dagrun.py:495} WARNING - Failed to get task '<TaskInstance: get_as_dataframe_otimized.getting_data.get_diseases 2021-07-05 00:00:00+00:00 [removed]>' for dag 'get_as_dataframe_otimized'. Marking it as removed.
[2021-07-06 14:03:10,511] {dagrun.py:495} WARNING - Failed to get task '<TaskInstance: get_as_dataframe_otimized.getting_data.get_countries 2021-07-05 00:00:00+00:00 [removed]>' for dag 'get_as_dataframe_otimized'. Marking it as removed.
[2021-07-06 14:03:10,518] {taskinstance.py:1245} INFO - 0 downstream tasks scheduled from follow-on schedule check
[2021-07-06 14:03:10,536] {local_task_job.py:151} INFO - Task exited with return code 0
