[2021-06-29 14:39:20,497] {taskinstance.py:876} INFO - Dependencies all met for <TaskInstance: open_aq.store_data 2021-06-29T14:39:05.973827+00:00 [queued]>
[2021-06-29 14:39:20,527] {taskinstance.py:876} INFO - Dependencies all met for <TaskInstance: open_aq.store_data 2021-06-29T14:39:05.973827+00:00 [queued]>
[2021-06-29 14:39:20,527] {taskinstance.py:1067} INFO - 
--------------------------------------------------------------------------------
[2021-06-29 14:39:20,527] {taskinstance.py:1068} INFO - Starting attempt 1 of 1
[2021-06-29 14:39:20,527] {taskinstance.py:1069} INFO - 
--------------------------------------------------------------------------------
[2021-06-29 14:39:20,541] {taskinstance.py:1087} INFO - Executing <Task(PythonOperator): store_data> on 2021-06-29T14:39:05.973827+00:00
[2021-06-29 14:39:20,546] {standard_task_runner.py:52} INFO - Started process 23950 to run task
[2021-06-29 14:39:20,558] {standard_task_runner.py:76} INFO - Running: ['airflow', 'tasks', 'run', 'open_aq', 'store_data', '2021-06-29T14:39:05.973827+00:00', '--job-id', '610', '--pool', 'default_pool', '--raw', '--subdir', 'DAGS_FOLDER/open_aq.py', '--cfg-path', '/tmp/tmpaav6rm4z', '--error-file', '/tmp/tmp3vow8x9h']
[2021-06-29 14:39:20,560] {standard_task_runner.py:77} INFO - Job 610: Subtask store_data
[2021-06-29 14:39:20,647] {logging_mixin.py:104} INFO - Running <TaskInstance: open_aq.store_data 2021-06-29T14:39:05.973827+00:00 [running]> on host airflowvm
[2021-06-29 14:39:20,756] {taskinstance.py:1280} INFO - Exporting the following env vars:
AIRFLOW_CTX_DAG_OWNER=airflow
AIRFLOW_CTX_DAG_ID=open_aq
AIRFLOW_CTX_TASK_ID=store_data
AIRFLOW_CTX_EXECUTION_DATE=2021-06-29T14:39:05.973827+00:00
AIRFLOW_CTX_DAG_RUN_ID=manual__2021-06-29T14:39:05.973827+00:00
[2021-06-29 14:39:20,776] {base.py:69} INFO - Using connection to: id: ***_default. Host: localhost, Port: 5432, Schema: , Login: ***, Password: ***, extra: {'cursor': 'realdictcursor'}
[2021-06-29 14:39:20,787] {taskinstance.py:1481} ERROR - Task failed with exception
Traceback (most recent call last):
  File "/home/airflow/sandbox/lib/python3.8/site-packages/airflow/models/taskinstance.py", line 1137, in _run_raw_task
    self._prepare_and_execute_task_with_callbacks(context, task)
  File "/home/airflow/sandbox/lib/python3.8/site-packages/airflow/models/taskinstance.py", line 1311, in _prepare_and_execute_task_with_callbacks
    result = self._execute_task(context, task_copy)
  File "/home/airflow/sandbox/lib/python3.8/site-packages/airflow/models/taskinstance.py", line 1341, in _execute_task
    result = task_copy.execute(context=context)
  File "/home/airflow/sandbox/lib/python3.8/site-packages/airflow/operators/python.py", line 150, in execute
    return_value = self.execute_callable()
  File "/home/airflow/sandbox/lib/python3.8/site-packages/airflow/operators/python.py", line 161, in execute_callable
    return self.python_callable(*self.op_args, **self.op_kwargs)
  File "/home/airflow/airflow/dags/open_aq.py", line 47, in _storing
    cur.copy_expert(sql = copy, file = f)
psycopg2.errors.BadCopyFileFormat: missing data for column "country"
CONTEXT:  COPY open_aq, line 1: "US;007;1372;['pm25']"

[2021-06-29 14:39:20,789] {taskinstance.py:1524} INFO - Marking task as FAILED. dag_id=open_aq, task_id=store_data, execution_date=20210629T143905, start_date=20210629T143920, end_date=20210629T143920
[2021-06-29 14:39:20,857] {local_task_job.py:151} INFO - Task exited with return code 1
