[2021-06-24 17:07:11,261] {taskinstance.py:876} INFO - Dependencies all met for <TaskInstance: parallel_dag.task_3 2020-02-07T00:00:00+00:00 [queued]>
[2021-06-24 17:07:11,614] {taskinstance.py:876} INFO - Dependencies all met for <TaskInstance: parallel_dag.task_3 2020-02-07T00:00:00+00:00 [queued]>
[2021-06-24 17:07:11,623] {taskinstance.py:1067} INFO - 
--------------------------------------------------------------------------------
[2021-06-24 17:07:11,623] {taskinstance.py:1068} INFO - Starting attempt 1 of 1
[2021-06-24 17:07:11,626] {taskinstance.py:1069} INFO - 
--------------------------------------------------------------------------------
[2021-06-24 17:07:11,941] {taskinstance.py:1087} INFO - Executing <Task(BashOperator): task_3> on 2020-02-07T00:00:00+00:00
[2021-06-24 17:07:12,143] {standard_task_runner.py:52} INFO - Started process 13849 to run task
[2021-06-24 17:07:12,323] {standard_task_runner.py:76} INFO - Running: ['airflow', 'tasks', 'run', 'parallel_dag', 'task_3', '2020-02-07T00:00:00+00:00', '--job-id', '154', '--pool', 'default_pool', '--raw', '--subdir', 'DAGS_FOLDER/parallel_dag.py', '--cfg-path', '/tmp/tmp2poe4mj2', '--error-file', '/tmp/tmp2ul2_v7e']
[2021-06-24 17:07:12,385] {standard_task_runner.py:77} INFO - Job 154: Subtask task_3
[2021-06-24 17:07:13,284] {logging_mixin.py:104} INFO - Running <TaskInstance: parallel_dag.task_3 2020-02-07T00:00:00+00:00 [running]> on host airflowvm
[2021-06-24 17:07:14,408] {taskinstance.py:1280} INFO - Exporting the following env vars:
AIRFLOW_CTX_DAG_OWNER=airflow
AIRFLOW_CTX_DAG_ID=parallel_dag
AIRFLOW_CTX_TASK_ID=task_3
AIRFLOW_CTX_EXECUTION_DATE=2020-02-07T00:00:00+00:00
AIRFLOW_CTX_DAG_RUN_ID=scheduled__2020-02-07T00:00:00+00:00
[2021-06-24 17:07:14,411] {subprocess.py:52} INFO - Tmp dir root location: 
 /tmp
[2021-06-24 17:07:14,493] {subprocess.py:63} INFO - Running command: ['bash', '-c', 'sleep 3']
[2021-06-24 17:07:14,777] {subprocess.py:75} INFO - Output:
[2021-06-24 17:07:17,866] {subprocess.py:83} INFO - Command exited with return code 0
[2021-06-24 17:07:18,222] {taskinstance.py:1184} INFO - Marking task as SUCCESS. dag_id=parallel_dag, task_id=task_3, execution_date=20200207T000000, start_date=20210624T170711, end_date=20210624T170718
[2021-06-24 17:07:18,785] {taskinstance.py:1245} INFO - 1 downstream tasks scheduled from follow-on schedule check
[2021-06-24 17:07:18,905] {local_task_job.py:151} INFO - Task exited with return code 0
