[2021-06-25 09:19:15,764] {taskinstance.py:876} INFO - Dependencies all met for <TaskInstance: parallel_dag.task_2 2020-03-13T00:00:00+00:00 [queued]>
[2021-06-25 09:19:16,850] {taskinstance.py:876} INFO - Dependencies all met for <TaskInstance: parallel_dag.task_2 2020-03-13T00:00:00+00:00 [queued]>
[2021-06-25 09:19:16,852] {taskinstance.py:1067} INFO - 
--------------------------------------------------------------------------------
[2021-06-25 09:19:16,854] {taskinstance.py:1068} INFO - Starting attempt 1 of 1
[2021-06-25 09:19:16,904] {taskinstance.py:1069} INFO - 
--------------------------------------------------------------------------------
[2021-06-25 09:19:17,245] {taskinstance.py:1087} INFO - Executing <Task(BashOperator): task_2> on 2020-03-13T00:00:00+00:00
[2021-06-25 09:19:17,440] {standard_task_runner.py:52} INFO - Started process 8079 to run task
[2021-06-25 09:19:17,569] {standard_task_runner.py:76} INFO - Running: ['airflow', 'tasks', 'run', 'parallel_dag', 'task_2', '2020-03-13T00:00:00+00:00', '--job-id', '301', '--pool', 'default_pool', '--raw', '--subdir', 'DAGS_FOLDER/parallel_dag.py', '--cfg-path', '/tmp/tmprwcmhdb8', '--error-file', '/tmp/tmphq1zhxdi']
[2021-06-25 09:19:17,570] {standard_task_runner.py:77} INFO - Job 301: Subtask task_2
[2021-06-25 09:19:19,413] {logging_mixin.py:104} INFO - Running <TaskInstance: parallel_dag.task_2 2020-03-13T00:00:00+00:00 [running]> on host airflowvm
[2021-06-25 09:19:20,280] {taskinstance.py:1280} INFO - Exporting the following env vars:
AIRFLOW_CTX_DAG_OWNER=airflow
AIRFLOW_CTX_DAG_ID=parallel_dag
AIRFLOW_CTX_TASK_ID=task_2
AIRFLOW_CTX_EXECUTION_DATE=2020-03-13T00:00:00+00:00
AIRFLOW_CTX_DAG_RUN_ID=scheduled__2020-03-13T00:00:00+00:00
[2021-06-25 09:19:20,281] {subprocess.py:52} INFO - Tmp dir root location: 
 /tmp
[2021-06-25 09:19:20,315] {subprocess.py:63} INFO - Running command: ['bash', '-c', 'sleep 3']
[2021-06-25 09:19:20,413] {subprocess.py:75} INFO - Output:
[2021-06-25 09:19:23,452] {subprocess.py:83} INFO - Command exited with return code 0
[2021-06-25 09:19:24,196] {taskinstance.py:1184} INFO - Marking task as SUCCESS. dag_id=parallel_dag, task_id=task_2, execution_date=20200313T000000, start_date=20210625T091915, end_date=20210625T091924
[2021-06-25 09:19:25,224] {taskinstance.py:1245} INFO - 0 downstream tasks scheduled from follow-on schedule check
[2021-06-25 09:19:25,414] {local_task_job.py:151} INFO - Task exited with return code 0
