[2021-07-06 13:52:26,138] {taskinstance.py:876} INFO - Dependencies all met for <TaskInstance: get_as_dataframe_otimized.getting_data.get_countries 2021-07-06T13:52:22.033749+00:00 [queued]>
[2021-07-06 13:52:26,300] {taskinstance.py:876} INFO - Dependencies all met for <TaskInstance: get_as_dataframe_otimized.getting_data.get_countries 2021-07-06T13:52:22.033749+00:00 [queued]>
[2021-07-06 13:52:26,302] {taskinstance.py:1067} INFO - 
--------------------------------------------------------------------------------
[2021-07-06 13:52:26,303] {taskinstance.py:1068} INFO - Starting attempt 1 of 1
[2021-07-06 13:52:26,305] {taskinstance.py:1069} INFO - 
--------------------------------------------------------------------------------
[2021-07-06 13:52:26,421] {taskinstance.py:1087} INFO - Executing <Task(PythonOperator): getting_data.get_countries> on 2021-07-06T13:52:22.033749+00:00
[2021-07-06 13:52:26,471] {standard_task_runner.py:52} INFO - Started process 3261 to run task
[2021-07-06 13:52:26,557] {standard_task_runner.py:76} INFO - Running: ['airflow', 'tasks', 'run', 'get_as_dataframe_otimized', 'getting_data.get_countries', '2021-07-06T13:52:22.033749+00:00', '--job-id', '1209', '--pool', 'default_pool', '--raw', '--subdir', 'DAGS_FOLDER/get_as_Dataframe_otimized.py', '--cfg-path', '/tmp/tmpkehch154', '--error-file', '/tmp/tmps8ripjo5']
[2021-07-06 13:52:26,569] {standard_task_runner.py:77} INFO - Job 1209: Subtask getting_data.get_countries
[2021-07-06 13:52:27,040] {logging_mixin.py:104} INFO - Running <TaskInstance: get_as_dataframe_otimized.getting_data.get_countries 2021-07-06T13:52:22.033749+00:00 [running]> on host airflowvm
[2021-07-06 13:52:27,669] {taskinstance.py:1280} INFO - Exporting the following env vars:
AIRFLOW_CTX_DAG_OWNER=airflow
AIRFLOW_CTX_DAG_ID=get_as_dataframe_otimized
AIRFLOW_CTX_TASK_ID=getting_data.get_countries
AIRFLOW_CTX_EXECUTION_DATE=2021-07-06T13:52:22.033749+00:00
AIRFLOW_CTX_DAG_RUN_ID=manual__2021-07-06T13:52:22.033749+00:00
[2021-07-06 13:52:27,717] {base.py:69} INFO - Using connection to: id: ***_default. Host: localhost, Port: 5432, Schema: , Login: ***, Password: ***, extra: {'cursor': 'realdictcursor'}
[2021-07-06 13:52:27,895] {python.py:151} INFO - Done. Returned value was: None
[2021-07-06 13:52:27,928] {taskinstance.py:1184} INFO - Marking task as SUCCESS. dag_id=get_as_dataframe_otimized, task_id=getting_data.get_countries, execution_date=20210706T135222, start_date=20210706T135226, end_date=20210706T135227
[2021-07-06 13:52:28,024] {taskinstance.py:1245} INFO - 0 downstream tasks scheduled from follow-on schedule check
[2021-07-06 13:52:28,039] {local_task_job.py:151} INFO - Task exited with return code 0
