[2021-06-28 08:31:16,884] {taskinstance.py:876} INFO - Dependencies all met for <TaskInstance: trigger_rule.task_3 2021-06-28T08:31:09.914867+00:00 [queued]>
[2021-06-28 08:31:17,009] {taskinstance.py:876} INFO - Dependencies all met for <TaskInstance: trigger_rule.task_3 2021-06-28T08:31:09.914867+00:00 [queued]>
[2021-06-28 08:31:17,010] {taskinstance.py:1067} INFO - 
--------------------------------------------------------------------------------
[2021-06-28 08:31:17,012] {taskinstance.py:1068} INFO - Starting attempt 1 of 1
[2021-06-28 08:31:17,014] {taskinstance.py:1069} INFO - 
--------------------------------------------------------------------------------
[2021-06-28 08:31:17,064] {taskinstance.py:1087} INFO - Executing <Task(BashOperator): task_3> on 2021-06-28T08:31:09.914867+00:00
[2021-06-28 08:31:17,080] {standard_task_runner.py:52} INFO - Started process 2793 to run task
[2021-06-28 08:31:17,131] {standard_task_runner.py:76} INFO - Running: ['airflow', 'tasks', 'run', 'trigger_rule', 'task_3', '2021-06-28T08:31:09.914867+00:00', '--job-id', '474', '--pool', 'default_pool', '--raw', '--subdir', 'DAGS_FOLDER/trigger_rule.py', '--cfg-path', '/tmp/tmp3dtfcs9c', '--error-file', '/tmp/tmpxqc9msf1']
[2021-06-28 08:31:17,135] {standard_task_runner.py:77} INFO - Job 474: Subtask task_3
[2021-06-28 08:31:17,575] {logging_mixin.py:104} INFO - Running <TaskInstance: trigger_rule.task_3 2021-06-28T08:31:09.914867+00:00 [running]> on host airflowvm
[2021-06-28 08:31:17,950] {taskinstance.py:1280} INFO - Exporting the following env vars:
AIRFLOW_CTX_DAG_OWNER=airflow
AIRFLOW_CTX_DAG_ID=trigger_rule
AIRFLOW_CTX_TASK_ID=task_3
AIRFLOW_CTX_EXECUTION_DATE=2021-06-28T08:31:09.914867+00:00
AIRFLOW_CTX_DAG_RUN_ID=manual__2021-06-28T08:31:09.914867+00:00
[2021-06-28 08:31:17,955] {subprocess.py:52} INFO - Tmp dir root location: 
 /tmp
[2021-06-28 08:31:17,976] {subprocess.py:63} INFO - Running command: ['bash', '-c', 'exit 0']
[2021-06-28 08:31:18,018] {subprocess.py:75} INFO - Output:
[2021-06-28 08:31:18,038] {subprocess.py:83} INFO - Command exited with return code 0
[2021-06-28 08:31:18,076] {taskinstance.py:1184} INFO - Marking task as SUCCESS. dag_id=trigger_rule, task_id=task_3, execution_date=20210628T083109, start_date=20210628T083116, end_date=20210628T083118
[2021-06-28 08:31:18,177] {taskinstance.py:1245} INFO - 0 downstream tasks scheduled from follow-on schedule check
[2021-06-28 08:31:18,193] {local_task_job.py:151} INFO - Task exited with return code 0
