[2021-06-24 16:28:08,415] {taskinstance.py:876} INFO - Dependencies all met for <TaskInstance: parallel_dag.task_3 2020-01-17T00:00:00+00:00 [queued]>
[2021-06-24 16:28:08,434] {taskinstance.py:876} INFO - Dependencies all met for <TaskInstance: parallel_dag.task_3 2020-01-17T00:00:00+00:00 [queued]>
[2021-06-24 16:28:08,435] {taskinstance.py:1067} INFO - 
--------------------------------------------------------------------------------
[2021-06-24 16:28:08,435] {taskinstance.py:1068} INFO - Starting attempt 1 of 1
[2021-06-24 16:28:08,435] {taskinstance.py:1069} INFO - 
--------------------------------------------------------------------------------
[2021-06-24 16:28:08,456] {taskinstance.py:1087} INFO - Executing <Task(BashOperator): task_3> on 2020-01-17T00:00:00+00:00
[2021-06-24 16:28:08,459] {standard_task_runner.py:52} INFO - Started process 2595 to run task
[2021-06-24 16:28:08,474] {standard_task_runner.py:76} INFO - Running: ['airflow', 'tasks', 'run', 'parallel_dag', 'task_3', '2020-01-17T00:00:00+00:00', '--job-id', '108', '--pool', 'default_pool', '--raw', '--subdir', 'DAGS_FOLDER/parallel_dag.py', '--cfg-path', '/tmp/tmpc4z1ha9k', '--error-file', '/tmp/tmp3296lp8y']
[2021-06-24 16:28:08,475] {standard_task_runner.py:77} INFO - Job 108: Subtask task_3
[2021-06-24 16:28:08,565] {logging_mixin.py:104} INFO - Running <TaskInstance: parallel_dag.task_3 2020-01-17T00:00:00+00:00 [running]> on host airflowvm
[2021-06-24 16:28:08,675] {taskinstance.py:1280} INFO - Exporting the following env vars:
AIRFLOW_CTX_DAG_OWNER=airflow
AIRFLOW_CTX_DAG_ID=parallel_dag
AIRFLOW_CTX_TASK_ID=task_3
AIRFLOW_CTX_EXECUTION_DATE=2020-01-17T00:00:00+00:00
AIRFLOW_CTX_DAG_RUN_ID=scheduled__2020-01-17T00:00:00+00:00
[2021-06-24 16:28:08,677] {subprocess.py:52} INFO - Tmp dir root location: 
 /tmp
[2021-06-24 16:28:08,679] {subprocess.py:63} INFO - Running command: ['bash', '-c', 'sleep 3']
[2021-06-24 16:28:08,687] {subprocess.py:75} INFO - Output:
[2021-06-24 16:28:11,692] {subprocess.py:83} INFO - Command exited with return code 0
[2021-06-24 16:28:11,726] {taskinstance.py:1184} INFO - Marking task as SUCCESS. dag_id=parallel_dag, task_id=task_3, execution_date=20200117T000000, start_date=20210624T162808, end_date=20210624T162811
[2021-06-24 16:28:11,760] {taskinstance.py:1245} INFO - 1 downstream tasks scheduled from follow-on schedule check
[2021-06-24 16:28:11,777] {local_task_job.py:151} INFO - Task exited with return code 0
[2021-06-24 17:05:29,806] {taskinstance.py:876} INFO - Dependencies all met for <TaskInstance: parallel_dag.task_3 2020-01-17T00:00:00+00:00 [queued]>
[2021-06-24 17:05:30,185] {taskinstance.py:876} INFO - Dependencies all met for <TaskInstance: parallel_dag.task_3 2020-01-17T00:00:00+00:00 [queued]>
[2021-06-24 17:05:30,186] {taskinstance.py:1067} INFO - 
--------------------------------------------------------------------------------
[2021-06-24 17:05:30,186] {taskinstance.py:1068} INFO - Starting attempt 1 of 1
[2021-06-24 17:05:30,186] {taskinstance.py:1069} INFO - 
--------------------------------------------------------------------------------
[2021-06-24 17:05:30,356] {taskinstance.py:1087} INFO - Executing <Task(BashOperator): task_3> on 2020-01-17T00:00:00+00:00
[2021-06-24 17:05:30,368] {standard_task_runner.py:52} INFO - Started process 11185 to run task
[2021-06-24 17:05:30,553] {standard_task_runner.py:76} INFO - Running: ['airflow', 'tasks', 'run', 'parallel_dag', 'task_3', '2020-01-17T00:00:00+00:00', '--job-id', '76', '--pool', 'default_pool', '--raw', '--subdir', 'DAGS_FOLDER/parallel_dag.py', '--cfg-path', '/tmp/tmp7nz2grr8', '--error-file', '/tmp/tmp42xx9gt0']
[2021-06-24 17:05:30,576] {standard_task_runner.py:77} INFO - Job 76: Subtask task_3
[2021-06-24 17:05:31,146] {logging_mixin.py:104} INFO - Running <TaskInstance: parallel_dag.task_3 2020-01-17T00:00:00+00:00 [running]> on host airflowvm
[2021-06-24 17:05:32,369] {taskinstance.py:1280} INFO - Exporting the following env vars:
AIRFLOW_CTX_DAG_OWNER=airflow
AIRFLOW_CTX_DAG_ID=parallel_dag
AIRFLOW_CTX_TASK_ID=task_3
AIRFLOW_CTX_EXECUTION_DATE=2020-01-17T00:00:00+00:00
AIRFLOW_CTX_DAG_RUN_ID=scheduled__2020-01-17T00:00:00+00:00
[2021-06-24 17:05:32,395] {subprocess.py:52} INFO - Tmp dir root location: 
 /tmp
[2021-06-24 17:05:32,401] {subprocess.py:63} INFO - Running command: ['bash', '-c', 'sleep 3']
[2021-06-24 17:05:32,555] {subprocess.py:75} INFO - Output:
[2021-06-24 17:05:35,606] {subprocess.py:83} INFO - Command exited with return code 0
[2021-06-24 17:05:36,215] {taskinstance.py:1184} INFO - Marking task as SUCCESS. dag_id=parallel_dag, task_id=task_3, execution_date=20200117T000000, start_date=20210624T170529, end_date=20210624T170536
[2021-06-24 17:05:37,735] {taskinstance.py:1245} INFO - 0 downstream tasks scheduled from follow-on schedule check
[2021-06-24 17:05:37,847] {local_task_job.py:151} INFO - Task exited with return code 0
