[2021-06-29 14:59:25,802] {taskinstance.py:876} INFO - Dependencies all met for <TaskInstance: open_aq.drop_table 2021-06-29T14:59:23.970920+00:00 [queued]>
[2021-06-29 14:59:25,827] {taskinstance.py:876} INFO - Dependencies all met for <TaskInstance: open_aq.drop_table 2021-06-29T14:59:23.970920+00:00 [queued]>
[2021-06-29 14:59:25,828] {taskinstance.py:1067} INFO - 
--------------------------------------------------------------------------------
[2021-06-29 14:59:25,829] {taskinstance.py:1068} INFO - Starting attempt 1 of 1
[2021-06-29 14:59:25,829] {taskinstance.py:1069} INFO - 
--------------------------------------------------------------------------------
[2021-06-29 14:59:25,841] {taskinstance.py:1087} INFO - Executing <Task(PostgresOperator): drop_table> on 2021-06-29T14:59:23.970920+00:00
[2021-06-29 14:59:25,846] {standard_task_runner.py:52} INFO - Started process 26528 to run task
[2021-06-29 14:59:25,854] {standard_task_runner.py:76} INFO - Running: ['airflow', 'tasks', 'run', 'open_aq', 'drop_table', '2021-06-29T14:59:23.970920+00:00', '--job-id', '636', '--pool', 'default_pool', '--raw', '--subdir', 'DAGS_FOLDER/open_aq.py', '--cfg-path', '/tmp/tmpvsg5g85z', '--error-file', '/tmp/tmpm25lfc0m']
[2021-06-29 14:59:25,857] {standard_task_runner.py:77} INFO - Job 636: Subtask drop_table
[2021-06-29 14:59:25,969] {logging_mixin.py:104} INFO - Running <TaskInstance: open_aq.drop_table 2021-06-29T14:59:23.970920+00:00 [running]> on host airflowvm
[2021-06-29 14:59:26,080] {taskinstance.py:1280} INFO - Exporting the following env vars:
AIRFLOW_CTX_DAG_OWNER=airflow
AIRFLOW_CTX_DAG_ID=open_aq
AIRFLOW_CTX_TASK_ID=drop_table
AIRFLOW_CTX_EXECUTION_DATE=2021-06-29T14:59:23.970920+00:00
AIRFLOW_CTX_DAG_RUN_ID=manual__2021-06-29T14:59:23.970920+00:00
[2021-06-29 14:59:26,081] {postgres.py:68} INFO - Executing: DROP TABLE IF EXISTS open_aq
[2021-06-29 14:59:26,099] {base.py:69} INFO - Using connection to: id: ***_default. Host: localhost, Port: 5432, Schema: , Login: ***, Password: ***, extra: {'cursor': 'realdictcursor'}
[2021-06-29 14:59:26,107] {dbapi.py:204} INFO - Running statement: DROP TABLE IF EXISTS open_aq, parameters: None
[2021-06-29 14:59:26,129] {taskinstance.py:1184} INFO - Marking task as SUCCESS. dag_id=open_aq, task_id=drop_table, execution_date=20210629T145923, start_date=20210629T145925, end_date=20210629T145926
[2021-06-29 14:59:26,190] {taskinstance.py:1245} INFO - 1 downstream tasks scheduled from follow-on schedule check
[2021-06-29 14:59:26,239] {local_task_job.py:151} INFO - Task exited with return code 0
