[2021-06-25 09:18:20,435] {taskinstance.py:876} INFO - Dependencies all met for <TaskInstance: parallel_dag.task_4 2020-02-25T00:00:00+00:00 [queued]>
[2021-06-25 09:18:20,955] {taskinstance.py:876} INFO - Dependencies all met for <TaskInstance: parallel_dag.task_4 2020-02-25T00:00:00+00:00 [queued]>
[2021-06-25 09:18:20,970] {taskinstance.py:1067} INFO - 
--------------------------------------------------------------------------------
[2021-06-25 09:18:20,972] {taskinstance.py:1068} INFO - Starting attempt 1 of 1
[2021-06-25 09:18:20,974] {taskinstance.py:1069} INFO - 
--------------------------------------------------------------------------------
[2021-06-25 09:18:21,215] {taskinstance.py:1087} INFO - Executing <Task(BashOperator): task_4> on 2020-02-25T00:00:00+00:00
[2021-06-25 09:18:21,341] {standard_task_runner.py:52} INFO - Started process 6470 to run task
[2021-06-25 09:18:21,466] {standard_task_runner.py:76} INFO - Running: ['airflow', 'tasks', 'run', 'parallel_dag', 'task_4', '2020-02-25T00:00:00+00:00', '--job-id', '253', '--pool', 'default_pool', '--raw', '--subdir', 'DAGS_FOLDER/parallel_dag.py', '--cfg-path', '/tmp/tmps6wpkyw2', '--error-file', '/tmp/tmp08atwq1w']
[2021-06-25 09:18:21,540] {standard_task_runner.py:77} INFO - Job 253: Subtask task_4
[2021-06-25 09:18:22,527] {logging_mixin.py:104} INFO - Running <TaskInstance: parallel_dag.task_4 2020-02-25T00:00:00+00:00 [running]> on host airflowvm
[2021-06-25 09:18:23,390] {taskinstance.py:1280} INFO - Exporting the following env vars:
AIRFLOW_CTX_DAG_OWNER=airflow
AIRFLOW_CTX_DAG_ID=parallel_dag
AIRFLOW_CTX_TASK_ID=task_4
AIRFLOW_CTX_EXECUTION_DATE=2020-02-25T00:00:00+00:00
AIRFLOW_CTX_DAG_RUN_ID=scheduled__2020-02-25T00:00:00+00:00
[2021-06-25 09:18:23,391] {subprocess.py:52} INFO - Tmp dir root location: 
 /tmp
[2021-06-25 09:18:23,401] {subprocess.py:63} INFO - Running command: ['bash', '-c', 'sleep 3']
[2021-06-25 09:18:23,515] {subprocess.py:75} INFO - Output:
[2021-06-25 09:18:26,548] {subprocess.py:83} INFO - Command exited with return code 0
[2021-06-25 09:18:27,282] {taskinstance.py:1184} INFO - Marking task as SUCCESS. dag_id=parallel_dag, task_id=task_4, execution_date=20200225T000000, start_date=20210625T091820, end_date=20210625T091827
[2021-06-25 09:18:27,929] {taskinstance.py:1245} INFO - 0 downstream tasks scheduled from follow-on schedule check
[2021-06-25 09:18:28,052] {local_task_job.py:151} INFO - Task exited with return code 0
