[2021-06-24 14:15:30,006] {taskinstance.py:876} INFO - Dependencies all met for <TaskInstance: user_processing.processing_user 2020-01-02T00:00:00+00:00 [queued]>
[2021-06-24 14:15:30,033] {taskinstance.py:876} INFO - Dependencies all met for <TaskInstance: user_processing.processing_user 2020-01-02T00:00:00+00:00 [queued]>
[2021-06-24 14:15:30,033] {taskinstance.py:1067} INFO - 
--------------------------------------------------------------------------------
[2021-06-24 14:15:30,033] {taskinstance.py:1068} INFO - Starting attempt 1 of 1
[2021-06-24 14:15:30,033] {taskinstance.py:1069} INFO - 
--------------------------------------------------------------------------------
[2021-06-24 14:15:30,071] {taskinstance.py:1087} INFO - Executing <Task(PythonOperator): processing_user> on 2020-01-02T00:00:00+00:00
[2021-06-24 14:15:30,075] {standard_task_runner.py:52} INFO - Started process 6792 to run task
[2021-06-24 14:15:30,085] {standard_task_runner.py:76} INFO - Running: ['airflow', 'tasks', 'run', 'user_processing', 'processing_user', '2020-01-02T00:00:00+00:00', '--job-id', '34', '--pool', 'default_pool', '--raw', '--subdir', 'DAGS_FOLDER/user_processing.py', '--cfg-path', '/tmp/tmpad328t3p', '--error-file', '/tmp/tmp6usrz5g4']
[2021-06-24 14:15:30,086] {standard_task_runner.py:77} INFO - Job 34: Subtask processing_user
[2021-06-24 14:15:30,161] {logging_mixin.py:104} INFO - Running <TaskInstance: user_processing.processing_user 2020-01-02T00:00:00+00:00 [running]> on host airflowvm
[2021-06-24 14:15:30,272] {taskinstance.py:1280} INFO - Exporting the following env vars:
AIRFLOW_CTX_DAG_OWNER=airflow
AIRFLOW_CTX_DAG_ID=user_processing
AIRFLOW_CTX_TASK_ID=processing_user
AIRFLOW_CTX_EXECUTION_DATE=2020-01-02T00:00:00+00:00
AIRFLOW_CTX_DAG_RUN_ID=scheduled__2020-01-02T00:00:00+00:00
[2021-06-24 14:15:30,307] {python.py:151} INFO - Done. Returned value was: None
[2021-06-24 14:15:30,320] {taskinstance.py:1184} INFO - Marking task as SUCCESS. dag_id=user_processing, task_id=processing_user, execution_date=20200102T000000, start_date=20210624T141530, end_date=20210624T141530
[2021-06-24 14:15:30,371] {taskinstance.py:1245} INFO - 1 downstream tasks scheduled from follow-on schedule check
[2021-06-24 14:15:30,422] {local_task_job.py:151} INFO - Task exited with return code 0
