[2021-06-24 17:05:23,482] {taskinstance.py:876} INFO - Dependencies all met for <TaskInstance: parallel_dag.task_1 2020-01-24T00:00:00+00:00 [queued]>
[2021-06-24 17:05:23,612] {taskinstance.py:876} INFO - Dependencies all met for <TaskInstance: parallel_dag.task_1 2020-01-24T00:00:00+00:00 [queued]>
[2021-06-24 17:05:23,612] {taskinstance.py:1067} INFO - 
--------------------------------------------------------------------------------
[2021-06-24 17:05:23,612] {taskinstance.py:1068} INFO - Starting attempt 1 of 1
[2021-06-24 17:05:23,612] {taskinstance.py:1069} INFO - 
--------------------------------------------------------------------------------
[2021-06-24 17:05:23,654] {taskinstance.py:1087} INFO - Executing <Task(BashOperator): task_1> on 2020-01-24T00:00:00+00:00
[2021-06-24 17:05:23,660] {standard_task_runner.py:52} INFO - Started process 11003 to run task
[2021-06-24 17:05:23,709] {standard_task_runner.py:76} INFO - Running: ['airflow', 'tasks', 'run', 'parallel_dag', 'task_1', '2020-01-24T00:00:00+00:00', '--job-id', '73', '--pool', 'default_pool', '--raw', '--subdir', 'DAGS_FOLDER/parallel_dag.py', '--cfg-path', '/tmp/tmp7u4blulo', '--error-file', '/tmp/tmpb06at_jk']
[2021-06-24 17:05:23,712] {standard_task_runner.py:77} INFO - Job 73: Subtask task_1
[2021-06-24 17:05:24,053] {logging_mixin.py:104} INFO - Running <TaskInstance: parallel_dag.task_1 2020-01-24T00:00:00+00:00 [running]> on host airflowvm
[2021-06-24 17:05:24,602] {taskinstance.py:1280} INFO - Exporting the following env vars:
AIRFLOW_CTX_DAG_OWNER=airflow
AIRFLOW_CTX_DAG_ID=parallel_dag
AIRFLOW_CTX_TASK_ID=task_1
AIRFLOW_CTX_EXECUTION_DATE=2020-01-24T00:00:00+00:00
AIRFLOW_CTX_DAG_RUN_ID=scheduled__2020-01-24T00:00:00+00:00
[2021-06-24 17:05:24,614] {subprocess.py:52} INFO - Tmp dir root location: 
 /tmp
[2021-06-24 17:05:24,617] {subprocess.py:63} INFO - Running command: ['bash', '-c', 'sleep 3']
[2021-06-24 17:05:24,651] {subprocess.py:75} INFO - Output:
[2021-06-24 17:05:27,667] {subprocess.py:83} INFO - Command exited with return code 0
[2021-06-24 17:05:27,932] {taskinstance.py:1184} INFO - Marking task as SUCCESS. dag_id=parallel_dag, task_id=task_1, execution_date=20200124T000000, start_date=20210624T170523, end_date=20210624T170527
[2021-06-24 17:05:29,002] {local_task_job.py:196} WARNING - State of this instance has been externally set to success. Terminating instance.
[2021-06-24 17:05:29,150] {process_utils.py:100} INFO - Sending Signals.SIGTERM to GPID 11003
[2021-06-24 17:05:29,191] {taskinstance.py:1264} ERROR - Received SIGTERM. Terminating subprocesses.
[2021-06-24 17:05:29,191] {subprocess.py:89} INFO - Sending SIGTERM signal to process group
[2021-06-24 17:05:29,329] {process_utils.py:66} INFO - Process psutil.Process(pid=11003, status='terminated', exitcode=1, started='17:05:22') (11003) terminated with exit code 1
