[2021-06-24 17:06:31,856] {taskinstance.py:876} INFO - Dependencies all met for <TaskInstance: parallel_dag.task_4 2020-01-31T00:00:00+00:00 [queued]>
[2021-06-24 17:06:32,014] {taskinstance.py:876} INFO - Dependencies all met for <TaskInstance: parallel_dag.task_4 2020-01-31T00:00:00+00:00 [queued]>
[2021-06-24 17:06:32,014] {taskinstance.py:1067} INFO - 
--------------------------------------------------------------------------------
[2021-06-24 17:06:32,015] {taskinstance.py:1068} INFO - Starting attempt 1 of 1
[2021-06-24 17:06:32,015] {taskinstance.py:1069} INFO - 
--------------------------------------------------------------------------------
[2021-06-24 17:06:32,081] {taskinstance.py:1087} INFO - Executing <Task(BashOperator): task_4> on 2020-01-31T00:00:00+00:00
[2021-06-24 17:06:32,115] {standard_task_runner.py:52} INFO - Started process 12870 to run task
[2021-06-24 17:06:32,175] {standard_task_runner.py:76} INFO - Running: ['airflow', 'tasks', 'run', 'parallel_dag', 'task_4', '2020-01-31T00:00:00+00:00', '--job-id', '128', '--pool', 'default_pool', '--raw', '--subdir', 'DAGS_FOLDER/parallel_dag.py', '--cfg-path', '/tmp/tmpjr6azi_g', '--error-file', '/tmp/tmp3efz1s60']
[2021-06-24 17:06:32,198] {standard_task_runner.py:77} INFO - Job 128: Subtask task_4
[2021-06-24 17:06:32,734] {logging_mixin.py:104} INFO - Running <TaskInstance: parallel_dag.task_4 2020-01-31T00:00:00+00:00 [running]> on host airflowvm
[2021-06-24 17:06:33,212] {taskinstance.py:1280} INFO - Exporting the following env vars:
AIRFLOW_CTX_DAG_OWNER=airflow
AIRFLOW_CTX_DAG_ID=parallel_dag
AIRFLOW_CTX_TASK_ID=task_4
AIRFLOW_CTX_EXECUTION_DATE=2020-01-31T00:00:00+00:00
AIRFLOW_CTX_DAG_RUN_ID=scheduled__2020-01-31T00:00:00+00:00
[2021-06-24 17:06:33,213] {subprocess.py:52} INFO - Tmp dir root location: 
 /tmp
[2021-06-24 17:06:33,214] {subprocess.py:63} INFO - Running command: ['bash', '-c', 'sleep 3']
[2021-06-24 17:06:33,333] {subprocess.py:75} INFO - Output:
[2021-06-24 17:06:36,366] {subprocess.py:83} INFO - Command exited with return code 0
[2021-06-24 17:06:36,506] {taskinstance.py:1184} INFO - Marking task as SUCCESS. dag_id=parallel_dag, task_id=task_4, execution_date=20200131T000000, start_date=20210624T170631, end_date=20210624T170636
[2021-06-24 17:06:36,647] {taskinstance.py:1245} INFO - 0 downstream tasks scheduled from follow-on schedule check
[2021-06-24 17:06:36,687] {local_task_job.py:151} INFO - Task exited with return code 0
