[2021-06-24 17:07:20,091] {taskinstance.py:876} INFO - Dependencies all met for <TaskInstance: parallel_dag.task_3 2020-02-09T00:00:00+00:00 [queued]>
[2021-06-24 17:07:20,357] {taskinstance.py:876} INFO - Dependencies all met for <TaskInstance: parallel_dag.task_3 2020-02-09T00:00:00+00:00 [queued]>
[2021-06-24 17:07:20,358] {taskinstance.py:1067} INFO - 
--------------------------------------------------------------------------------
[2021-06-24 17:07:20,358] {taskinstance.py:1068} INFO - Starting attempt 1 of 1
[2021-06-24 17:07:20,359] {taskinstance.py:1069} INFO - 
--------------------------------------------------------------------------------
[2021-06-24 17:07:20,486] {taskinstance.py:1087} INFO - Executing <Task(BashOperator): task_3> on 2020-02-09T00:00:00+00:00
[2021-06-24 17:07:20,512] {standard_task_runner.py:52} INFO - Started process 14096 to run task
[2021-06-24 17:07:20,622] {standard_task_runner.py:76} INFO - Running: ['airflow', 'tasks', 'run', 'parallel_dag', 'task_3', '2020-02-09T00:00:00+00:00', '--job-id', '164', '--pool', 'default_pool', '--raw', '--subdir', 'DAGS_FOLDER/parallel_dag.py', '--cfg-path', '/tmp/tmpd9hou7xh', '--error-file', '/tmp/tmpoa_l9ii_']
[2021-06-24 17:07:20,641] {standard_task_runner.py:77} INFO - Job 164: Subtask task_3
[2021-06-24 17:07:22,075] {logging_mixin.py:104} INFO - Running <TaskInstance: parallel_dag.task_3 2020-02-09T00:00:00+00:00 [running]> on host airflowvm
[2021-06-24 17:07:22,429] {taskinstance.py:1280} INFO - Exporting the following env vars:
AIRFLOW_CTX_DAG_OWNER=airflow
AIRFLOW_CTX_DAG_ID=parallel_dag
AIRFLOW_CTX_TASK_ID=task_3
AIRFLOW_CTX_EXECUTION_DATE=2020-02-09T00:00:00+00:00
AIRFLOW_CTX_DAG_RUN_ID=scheduled__2020-02-09T00:00:00+00:00
[2021-06-24 17:07:22,430] {subprocess.py:52} INFO - Tmp dir root location: 
 /tmp
[2021-06-24 17:07:22,431] {subprocess.py:63} INFO - Running command: ['bash', '-c', 'sleep 3']
[2021-06-24 17:07:22,455] {subprocess.py:75} INFO - Output:
[2021-06-24 17:07:25,463] {subprocess.py:83} INFO - Command exited with return code 0
[2021-06-24 17:07:25,725] {taskinstance.py:1184} INFO - Marking task as SUCCESS. dag_id=parallel_dag, task_id=task_3, execution_date=20200209T000000, start_date=20210624T170720, end_date=20210624T170725
[2021-06-24 17:07:25,981] {taskinstance.py:1245} INFO - 1 downstream tasks scheduled from follow-on schedule check
[2021-06-24 17:07:25,994] {local_task_job.py:196} WARNING - State of this instance has been externally set to success. Terminating instance.
[2021-06-24 17:07:26,016] {process_utils.py:100} INFO - Sending Signals.SIGTERM to GPID 14096
[2021-06-24 17:07:26,022] {process_utils.py:66} INFO - Process psutil.Process(pid=14096, status='terminated', exitcode=0, started='17:07:19') (14096) terminated with exit code 0
