[2021-06-25 09:17:41,316] {taskinstance.py:876} INFO - Dependencies all met for <TaskInstance: parallel_dag.task_3 2020-02-20T00:00:00+00:00 [queued]>
[2021-06-25 09:17:41,510] {taskinstance.py:876} INFO - Dependencies all met for <TaskInstance: parallel_dag.task_3 2020-02-20T00:00:00+00:00 [queued]>
[2021-06-25 09:17:41,526] {taskinstance.py:1067} INFO - 
--------------------------------------------------------------------------------
[2021-06-25 09:17:41,526] {taskinstance.py:1068} INFO - Starting attempt 1 of 1
[2021-06-25 09:17:41,526] {taskinstance.py:1069} INFO - 
--------------------------------------------------------------------------------
[2021-06-25 09:17:41,633] {taskinstance.py:1087} INFO - Executing <Task(BashOperator): task_3> on 2020-02-20T00:00:00+00:00
[2021-06-25 09:17:41,681] {standard_task_runner.py:52} INFO - Started process 5332 to run task
[2021-06-25 09:17:41,818] {standard_task_runner.py:76} INFO - Running: ['airflow', 'tasks', 'run', 'parallel_dag', 'task_3', '2020-02-20T00:00:00+00:00', '--job-id', '221', '--pool', 'default_pool', '--raw', '--subdir', 'DAGS_FOLDER/parallel_dag.py', '--cfg-path', '/tmp/tmpc5wom5z8', '--error-file', '/tmp/tmpqururawj']
[2021-06-25 09:17:41,833] {standard_task_runner.py:77} INFO - Job 221: Subtask task_3
[2021-06-25 09:17:42,888] {logging_mixin.py:104} INFO - Running <TaskInstance: parallel_dag.task_3 2020-02-20T00:00:00+00:00 [running]> on host airflowvm
[2021-06-25 09:17:44,065] {taskinstance.py:1280} INFO - Exporting the following env vars:
AIRFLOW_CTX_DAG_OWNER=airflow
AIRFLOW_CTX_DAG_ID=parallel_dag
AIRFLOW_CTX_TASK_ID=task_3
AIRFLOW_CTX_EXECUTION_DATE=2020-02-20T00:00:00+00:00
AIRFLOW_CTX_DAG_RUN_ID=scheduled__2020-02-20T00:00:00+00:00
[2021-06-25 09:17:44,067] {subprocess.py:52} INFO - Tmp dir root location: 
 /tmp
[2021-06-25 09:17:44,068] {subprocess.py:63} INFO - Running command: ['bash', '-c', 'sleep 3']
[2021-06-25 09:17:44,166] {subprocess.py:75} INFO - Output:
[2021-06-25 09:17:47,212] {subprocess.py:83} INFO - Command exited with return code 0
[2021-06-25 09:17:47,764] {taskinstance.py:1184} INFO - Marking task as SUCCESS. dag_id=parallel_dag, task_id=task_3, execution_date=20200220T000000, start_date=20210625T091741, end_date=20210625T091747
[2021-06-25 09:17:49,765] {taskinstance.py:1245} INFO - 0 downstream tasks scheduled from follow-on schedule check
[2021-06-25 09:17:49,894] {local_task_job.py:151} INFO - Task exited with return code 0
