[2021-06-25 09:19:09,056] {taskinstance.py:876} INFO - Dependencies all met for <TaskInstance: parallel_dag.task_2 2020-03-11T00:00:00+00:00 [queued]>
[2021-06-25 09:19:09,581] {taskinstance.py:876} INFO - Dependencies all met for <TaskInstance: parallel_dag.task_2 2020-03-11T00:00:00+00:00 [queued]>
[2021-06-25 09:19:09,582] {taskinstance.py:1067} INFO - 
--------------------------------------------------------------------------------
[2021-06-25 09:19:09,582] {taskinstance.py:1068} INFO - Starting attempt 1 of 1
[2021-06-25 09:19:09,626] {taskinstance.py:1069} INFO - 
--------------------------------------------------------------------------------
[2021-06-25 09:19:09,880] {taskinstance.py:1087} INFO - Executing <Task(BashOperator): task_2> on 2020-03-11T00:00:00+00:00
[2021-06-25 09:19:10,040] {standard_task_runner.py:52} INFO - Started process 7890 to run task
[2021-06-25 09:19:10,236] {standard_task_runner.py:76} INFO - Running: ['airflow', 'tasks', 'run', 'parallel_dag', 'task_2', '2020-03-11T00:00:00+00:00', '--job-id', '295', '--pool', 'default_pool', '--raw', '--subdir', 'DAGS_FOLDER/parallel_dag.py', '--cfg-path', '/tmp/tmph3h1j6ci', '--error-file', '/tmp/tmpufx5wn_i']
[2021-06-25 09:19:10,236] {standard_task_runner.py:77} INFO - Job 295: Subtask task_2
[2021-06-25 09:19:11,787] {logging_mixin.py:104} INFO - Running <TaskInstance: parallel_dag.task_2 2020-03-11T00:00:00+00:00 [running]> on host airflowvm
[2021-06-25 09:19:12,968] {taskinstance.py:1280} INFO - Exporting the following env vars:
AIRFLOW_CTX_DAG_OWNER=airflow
AIRFLOW_CTX_DAG_ID=parallel_dag
AIRFLOW_CTX_TASK_ID=task_2
AIRFLOW_CTX_EXECUTION_DATE=2020-03-11T00:00:00+00:00
AIRFLOW_CTX_DAG_RUN_ID=scheduled__2020-03-11T00:00:00+00:00
[2021-06-25 09:19:12,976] {subprocess.py:52} INFO - Tmp dir root location: 
 /tmp
[2021-06-25 09:19:12,999] {subprocess.py:63} INFO - Running command: ['bash', '-c', 'sleep 3']
[2021-06-25 09:19:13,192] {subprocess.py:75} INFO - Output:
[2021-06-25 09:19:16,212] {subprocess.py:83} INFO - Command exited with return code 0
[2021-06-25 09:19:17,052] {taskinstance.py:1184} INFO - Marking task as SUCCESS. dag_id=parallel_dag, task_id=task_2, execution_date=20200311T000000, start_date=20210625T091909, end_date=20210625T091917
[2021-06-25 09:19:17,986] {taskinstance.py:1245} INFO - 1 downstream tasks scheduled from follow-on schedule check
[2021-06-25 09:19:18,231] {local_task_job.py:151} INFO - Task exited with return code 0
