[2021-06-25 09:18:38,457] {taskinstance.py:876} INFO - Dependencies all met for <TaskInstance: parallel_dag.task_1 2020-03-06T00:00:00+00:00 [queued]>
[2021-06-25 09:18:38,571] {taskinstance.py:876} INFO - Dependencies all met for <TaskInstance: parallel_dag.task_1 2020-03-06T00:00:00+00:00 [queued]>
[2021-06-25 09:18:38,572] {taskinstance.py:1067} INFO - 
--------------------------------------------------------------------------------
[2021-06-25 09:18:38,574] {taskinstance.py:1068} INFO - Starting attempt 1 of 1
[2021-06-25 09:18:38,576] {taskinstance.py:1069} INFO - 
--------------------------------------------------------------------------------
[2021-06-25 09:18:38,649] {taskinstance.py:1087} INFO - Executing <Task(BashOperator): task_1> on 2020-03-06T00:00:00+00:00
[2021-06-25 09:18:38,709] {standard_task_runner.py:52} INFO - Started process 6977 to run task
[2021-06-25 09:18:38,763] {standard_task_runner.py:76} INFO - Running: ['airflow', 'tasks', 'run', 'parallel_dag', 'task_1', '2020-03-06T00:00:00+00:00', '--job-id', '269', '--pool', 'default_pool', '--raw', '--subdir', 'DAGS_FOLDER/parallel_dag.py', '--cfg-path', '/tmp/tmpsbwgdtd1', '--error-file', '/tmp/tmp6jc3ukey']
[2021-06-25 09:18:38,769] {standard_task_runner.py:77} INFO - Job 269: Subtask task_1
[2021-06-25 09:18:39,407] {logging_mixin.py:104} INFO - Running <TaskInstance: parallel_dag.task_1 2020-03-06T00:00:00+00:00 [running]> on host airflowvm
[2021-06-25 09:18:40,057] {taskinstance.py:1280} INFO - Exporting the following env vars:
AIRFLOW_CTX_DAG_OWNER=airflow
AIRFLOW_CTX_DAG_ID=parallel_dag
AIRFLOW_CTX_TASK_ID=task_1
AIRFLOW_CTX_EXECUTION_DATE=2020-03-06T00:00:00+00:00
AIRFLOW_CTX_DAG_RUN_ID=scheduled__2020-03-06T00:00:00+00:00
[2021-06-25 09:18:40,068] {subprocess.py:52} INFO - Tmp dir root location: 
 /tmp
[2021-06-25 09:18:40,068] {subprocess.py:63} INFO - Running command: ['bash', '-c', 'sleep 3']
[2021-06-25 09:18:40,118] {subprocess.py:75} INFO - Output:
[2021-06-25 09:18:43,141] {subprocess.py:83} INFO - Command exited with return code 0
[2021-06-25 09:18:43,489] {taskinstance.py:1184} INFO - Marking task as SUCCESS. dag_id=parallel_dag, task_id=task_1, execution_date=20200306T000000, start_date=20210625T091838, end_date=20210625T091843
[2021-06-25 09:18:44,076] {taskinstance.py:1245} INFO - 2 downstream tasks scheduled from follow-on schedule check
[2021-06-25 09:18:44,176] {local_task_job.py:196} WARNING - State of this instance has been externally set to success. Terminating instance.
[2021-06-25 09:18:44,418] {process_utils.py:100} INFO - Sending Signals.SIGTERM to GPID 6977
[2021-06-25 09:18:44,472] {process_utils.py:66} INFO - Process psutil.Process(pid=6977, status='terminated', exitcode=0, started='09:18:37') (6977) terminated with exit code 0
