[2021-06-25 09:44:30,573] {taskinstance.py:876} INFO - Dependencies all met for <TaskInstance: parallel_dag.task_1 2020-01-02T00:00:00+00:00 [queued]>
[2021-06-25 09:44:30,949] {taskinstance.py:876} INFO - Dependencies all met for <TaskInstance: parallel_dag.task_1 2020-01-02T00:00:00+00:00 [queued]>
[2021-06-25 09:44:30,949] {taskinstance.py:1067} INFO - 
--------------------------------------------------------------------------------
[2021-06-25 09:44:30,950] {taskinstance.py:1068} INFO - Starting attempt 2 of 2
[2021-06-25 09:44:30,950] {taskinstance.py:1069} INFO - 
--------------------------------------------------------------------------------
[2021-06-25 09:44:31,145] {taskinstance.py:1087} INFO - Executing <Task(BashOperator): task_1> on 2020-01-02T00:00:00+00:00
[2021-06-25 09:44:31,187] {standard_task_runner.py:52} INFO - Started process 18011 to run task
[2021-06-25 09:44:31,237] {standard_task_runner.py:76} INFO - Running: ['airflow', 'tasks', 'run', 'parallel_dag', 'task_1', '2020-01-02T00:00:00+00:00', '--job-id', '365', '--pool', 'default_pool', '--raw', '--subdir', 'DAGS_FOLDER/parallel_dag.py', '--cfg-path', '/tmp/tmpbvih4xli', '--error-file', '/tmp/tmp92kehakq']
[2021-06-25 09:44:31,241] {standard_task_runner.py:77} INFO - Job 365: Subtask task_1
[2021-06-25 09:44:31,651] {logging_mixin.py:104} INFO - Running <TaskInstance: parallel_dag.task_1 2020-01-02T00:00:00+00:00 [running]> on host airflowvm
[2021-06-25 09:44:32,187] {taskinstance.py:1280} INFO - Exporting the following env vars:
AIRFLOW_CTX_DAG_OWNER=airflow
AIRFLOW_CTX_DAG_ID=parallel_dag
AIRFLOW_CTX_TASK_ID=task_1
AIRFLOW_CTX_EXECUTION_DATE=2020-01-02T00:00:00+00:00
AIRFLOW_CTX_DAG_RUN_ID=scheduled__2020-01-02T00:00:00+00:00
[2021-06-25 09:44:32,191] {subprocess.py:52} INFO - Tmp dir root location: 
 /tmp
[2021-06-25 09:44:32,193] {subprocess.py:63} INFO - Running command: ['bash', '-c', 'sleep 3']
[2021-06-25 09:44:32,236] {subprocess.py:75} INFO - Output:
[2021-06-25 09:44:35,247] {subprocess.py:83} INFO - Command exited with return code 0
[2021-06-25 09:44:35,846] {taskinstance.py:1184} INFO - Marking task as SUCCESS. dag_id=parallel_dag, task_id=task_1, execution_date=20200102T000000, start_date=20210625T094430, end_date=20210625T094435
[2021-06-25 09:44:36,346] {taskinstance.py:1245} INFO - 2 downstream tasks scheduled from follow-on schedule check
[2021-06-25 09:44:36,921] {local_task_job.py:151} INFO - Task exited with return code 0
