[2021-07-01 08:55:52,782] {taskinstance.py:876} INFO - Dependencies all met for <TaskInstance: user_processing_v2.is_api_available 2021-07-01T08:55:46.246726+00:00 [queued]>
[2021-07-01 08:55:52,847] {taskinstance.py:876} INFO - Dependencies all met for <TaskInstance: user_processing_v2.is_api_available 2021-07-01T08:55:46.246726+00:00 [queued]>
[2021-07-01 08:55:52,848] {taskinstance.py:1067} INFO - 
--------------------------------------------------------------------------------
[2021-07-01 08:55:52,848] {taskinstance.py:1068} INFO - Starting attempt 1 of 1
[2021-07-01 08:55:52,853] {taskinstance.py:1069} INFO - 
--------------------------------------------------------------------------------
[2021-07-01 08:55:52,883] {taskinstance.py:1087} INFO - Executing <Task(HttpSensor): is_api_available> on 2021-07-01T08:55:46.246726+00:00
[2021-07-01 08:55:52,890] {standard_task_runner.py:52} INFO - Started process 39526 to run task
[2021-07-01 08:55:52,911] {standard_task_runner.py:76} INFO - Running: ['airflow', 'tasks', 'run', 'user_processing_v2', 'is_api_available', '2021-07-01T08:55:46.246726+00:00', '--job-id', '939', '--pool', 'default_pool', '--raw', '--subdir', 'DAGS_FOLDER/user_processing_v2.py', '--cfg-path', '/tmp/tmpzako1nvi', '--error-file', '/tmp/tmp718ggxoa']
[2021-07-01 08:55:52,916] {standard_task_runner.py:77} INFO - Job 939: Subtask is_api_available
[2021-07-01 08:55:53,307] {logging_mixin.py:104} INFO - Running <TaskInstance: user_processing_v2.is_api_available 2021-07-01T08:55:46.246726+00:00 [running]> on host airflowvm
[2021-07-01 08:55:53,688] {taskinstance.py:1280} INFO - Exporting the following env vars:
AIRFLOW_CTX_DAG_OWNER=airflow
AIRFLOW_CTX_DAG_ID=user_processing_v2
AIRFLOW_CTX_TASK_ID=is_api_available
AIRFLOW_CTX_EXECUTION_DATE=2021-07-01T08:55:46.246726+00:00
AIRFLOW_CTX_DAG_RUN_ID=manual__2021-07-01T08:55:46.246726+00:00
[2021-07-01 08:55:53,690] {http.py:101} INFO - Poking: api/
[2021-07-01 08:55:53,733] {base.py:69} INFO - Using connection to: id: user_api. Host: https://randomuser.me/, Port: None, Schema: , Login: , Password: None, extra: {}
[2021-07-01 08:55:53,736] {http.py:140} INFO - Sending 'GET' to url: https://randomuser.me/api/
[2021-07-01 08:55:54,364] {base.py:243} INFO - Success criteria met. Exiting.
[2021-07-01 08:55:54,401] {taskinstance.py:1184} INFO - Marking task as SUCCESS. dag_id=user_processing_v2, task_id=is_api_available, execution_date=20210701T085546, start_date=20210701T085552, end_date=20210701T085554
[2021-07-01 08:55:54,707] {taskinstance.py:1245} INFO - 5 downstream tasks scheduled from follow-on schedule check
[2021-07-01 08:55:54,753] {local_task_job.py:151} INFO - Task exited with return code 0
