[2021-06-24 16:21:45,954] {taskinstance.py:876} INFO - Dependencies all met for <TaskInstance: parallel_dag.task_4 2020-01-03T00:00:00+00:00 [queued]>
[2021-06-24 16:21:45,963] {taskinstance.py:876} INFO - Dependencies all met for <TaskInstance: parallel_dag.task_4 2020-01-03T00:00:00+00:00 [queued]>
[2021-06-24 16:21:45,964] {taskinstance.py:1067} INFO - 
--------------------------------------------------------------------------------
[2021-06-24 16:21:45,965] {taskinstance.py:1068} INFO - Starting attempt 1 of 1
[2021-06-24 16:21:45,965] {taskinstance.py:1069} INFO - 
--------------------------------------------------------------------------------
[2021-06-24 16:21:45,995] {taskinstance.py:1087} INFO - Executing <Task(BashOperator): task_4> on 2020-01-03T00:00:00+00:00
[2021-06-24 16:21:45,997] {standard_task_runner.py:52} INFO - Started process 2039 to run task
[2021-06-24 16:21:46,006] {standard_task_runner.py:76} INFO - Running: ['airflow', 'tasks', 'run', 'parallel_dag', 'task_4', '2020-01-03T00:00:00+00:00', '--job-id', '57', '--pool', 'default_pool', '--raw', '--subdir', 'DAGS_FOLDER/parallel_dag.py', '--cfg-path', '/tmp/tmp4gx09avr', '--error-file', '/tmp/tmpi4nzm2kf']
[2021-06-24 16:21:46,008] {standard_task_runner.py:77} INFO - Job 57: Subtask task_4
[2021-06-24 16:21:46,085] {logging_mixin.py:104} INFO - Running <TaskInstance: parallel_dag.task_4 2020-01-03T00:00:00+00:00 [running]> on host airflowvm
[2021-06-24 16:21:46,158] {taskinstance.py:1280} INFO - Exporting the following env vars:
AIRFLOW_CTX_DAG_OWNER=airflow
AIRFLOW_CTX_DAG_ID=parallel_dag
AIRFLOW_CTX_TASK_ID=task_4
AIRFLOW_CTX_EXECUTION_DATE=2020-01-03T00:00:00+00:00
AIRFLOW_CTX_DAG_RUN_ID=scheduled__2020-01-03T00:00:00+00:00
[2021-06-24 16:21:46,159] {subprocess.py:52} INFO - Tmp dir root location: 
 /tmp
[2021-06-24 16:21:46,159] {subprocess.py:63} INFO - Running command: ['bash', '-c', 'sleep 3']
[2021-06-24 16:21:46,169] {subprocess.py:75} INFO - Output:
[2021-06-24 16:21:49,175] {subprocess.py:83} INFO - Command exited with return code 0
[2021-06-24 16:21:49,197] {taskinstance.py:1184} INFO - Marking task as SUCCESS. dag_id=parallel_dag, task_id=task_4, execution_date=20200103T000000, start_date=20210624T162145, end_date=20210624T162149
[2021-06-24 16:21:49,225] {taskinstance.py:1245} INFO - 0 downstream tasks scheduled from follow-on schedule check
[2021-06-24 16:21:49,261] {local_task_job.py:151} INFO - Task exited with return code 0
[2021-06-24 17:04:40,707] {taskinstance.py:876} INFO - Dependencies all met for <TaskInstance: parallel_dag.task_4 2020-01-03T00:00:00+00:00 [queued]>
[2021-06-24 17:04:41,457] {taskinstance.py:876} INFO - Dependencies all met for <TaskInstance: parallel_dag.task_4 2020-01-03T00:00:00+00:00 [queued]>
[2021-06-24 17:04:41,458] {taskinstance.py:1067} INFO - 
--------------------------------------------------------------------------------
[2021-06-24 17:04:41,459] {taskinstance.py:1068} INFO - Starting attempt 1 of 1
[2021-06-24 17:04:41,459] {taskinstance.py:1069} INFO - 
--------------------------------------------------------------------------------
[2021-06-24 17:04:41,915] {taskinstance.py:1087} INFO - Executing <Task(BashOperator): task_4> on 2020-01-03T00:00:00+00:00
[2021-06-24 17:04:42,137] {standard_task_runner.py:52} INFO - Started process 10064 to run task
[2021-06-24 17:04:42,310] {standard_task_runner.py:76} INFO - Running: ['airflow', 'tasks', 'run', 'parallel_dag', 'task_4', '2020-01-03T00:00:00+00:00', '--job-id', '48', '--pool', 'default_pool', '--raw', '--subdir', 'DAGS_FOLDER/parallel_dag.py', '--cfg-path', '/tmp/tmp__im8aod', '--error-file', '/tmp/tmp9hzt3y5v']
[2021-06-24 17:04:42,381] {standard_task_runner.py:77} INFO - Job 48: Subtask task_4
[2021-06-24 17:04:44,321] {logging_mixin.py:104} INFO - Running <TaskInstance: parallel_dag.task_4 2020-01-03T00:00:00+00:00 [running]> on host airflowvm
[2021-06-24 17:04:45,800] {taskinstance.py:1280} INFO - Exporting the following env vars:
AIRFLOW_CTX_DAG_OWNER=airflow
AIRFLOW_CTX_DAG_ID=parallel_dag
AIRFLOW_CTX_TASK_ID=task_4
AIRFLOW_CTX_EXECUTION_DATE=2020-01-03T00:00:00+00:00
AIRFLOW_CTX_DAG_RUN_ID=scheduled__2020-01-03T00:00:00+00:00
[2021-06-24 17:04:45,809] {subprocess.py:52} INFO - Tmp dir root location: 
 /tmp
[2021-06-24 17:04:45,818] {subprocess.py:63} INFO - Running command: ['bash', '-c', 'sleep 3']
[2021-06-24 17:04:46,741] {subprocess.py:75} INFO - Output:
[2021-06-24 17:04:49,845] {subprocess.py:83} INFO - Command exited with return code 0
[2021-06-24 17:04:51,079] {taskinstance.py:1184} INFO - Marking task as SUCCESS. dag_id=parallel_dag, task_id=task_4, execution_date=20200103T000000, start_date=20210624T170440, end_date=20210624T170451
[2021-06-24 17:04:53,166] {taskinstance.py:1245} INFO - 0 downstream tasks scheduled from follow-on schedule check
[2021-06-24 17:04:54,388] {local_task_job.py:151} INFO - Task exited with return code 0
