[2021-06-25 08:55:03,650] {scheduler_job.py:182} INFO - Started process (PID=2063) to work on /home/airflow/sandbox/lib/python3.8/site-packages/airflow/example_dags/example_task_group_decorator.py
[2021-06-25 08:55:03,656] {scheduler_job.py:633} INFO - Processing file /home/airflow/sandbox/lib/python3.8/site-packages/airflow/example_dags/example_task_group_decorator.py for tasks to queue
[2021-06-25 08:55:03,666] {logging_mixin.py:104} INFO - [2021-06-25 08:55:03,666] {dagbag.py:487} INFO - Filling up the DagBag from /home/airflow/sandbox/lib/python3.8/site-packages/airflow/example_dags/example_task_group_decorator.py
[2021-06-25 08:55:03,768] {scheduler_job.py:643} INFO - DAG(s) dict_keys(['example_task_group_decorator']) retrieved from /home/airflow/sandbox/lib/python3.8/site-packages/airflow/example_dags/example_task_group_decorator.py
[2021-06-25 08:55:05,568] {logging_mixin.py:104} INFO - [2021-06-25 08:55:05,568] {dag.py:1832} INFO - Sync 1 DAGs
[2021-06-25 08:55:05,626] {logging_mixin.py:104} INFO - [2021-06-25 08:55:05,625] {dag.py:2305} INFO - Setting next_dagrun for example_task_group_decorator to 2021-06-23 00:00:00+00:00
[2021-06-25 08:55:05,720] {scheduler_job.py:190} INFO - Processing /home/airflow/sandbox/lib/python3.8/site-packages/airflow/example_dags/example_task_group_decorator.py took 2.080 seconds
[2021-06-25 09:15:15,845] {scheduler_job.py:182} INFO - Started process (PID=3624) to work on /home/airflow/sandbox/lib/python3.8/site-packages/airflow/example_dags/example_task_group_decorator.py
[2021-06-25 09:15:15,848] {scheduler_job.py:633} INFO - Processing file /home/airflow/sandbox/lib/python3.8/site-packages/airflow/example_dags/example_task_group_decorator.py for tasks to queue
[2021-06-25 09:15:15,852] {logging_mixin.py:104} INFO - [2021-06-25 09:15:15,851] {dagbag.py:487} INFO - Filling up the DagBag from /home/airflow/sandbox/lib/python3.8/site-packages/airflow/example_dags/example_task_group_decorator.py
[2021-06-25 09:15:15,925] {scheduler_job.py:643} INFO - DAG(s) dict_keys(['example_task_group_decorator']) retrieved from /home/airflow/sandbox/lib/python3.8/site-packages/airflow/example_dags/example_task_group_decorator.py
[2021-06-25 09:15:16,725] {logging_mixin.py:104} INFO - [2021-06-25 09:15:16,725] {dag.py:1832} INFO - Sync 1 DAGs
[2021-06-25 09:15:16,776] {logging_mixin.py:104} INFO - [2021-06-25 09:15:16,776] {dag.py:2305} INFO - Setting next_dagrun for example_task_group_decorator to 2021-06-23 00:00:00+00:00
[2021-06-25 09:15:16,821] {scheduler_job.py:190} INFO - Processing /home/airflow/sandbox/lib/python3.8/site-packages/airflow/example_dags/example_task_group_decorator.py took 0.978 seconds
[2021-06-25 09:15:47,017] {scheduler_job.py:182} INFO - Started process (PID=3706) to work on /home/airflow/sandbox/lib/python3.8/site-packages/airflow/example_dags/example_task_group_decorator.py
[2021-06-25 09:15:47,036] {scheduler_job.py:633} INFO - Processing file /home/airflow/sandbox/lib/python3.8/site-packages/airflow/example_dags/example_task_group_decorator.py for tasks to queue
[2021-06-25 09:15:47,038] {logging_mixin.py:104} INFO - [2021-06-25 09:15:47,038] {dagbag.py:487} INFO - Filling up the DagBag from /home/airflow/sandbox/lib/python3.8/site-packages/airflow/example_dags/example_task_group_decorator.py
[2021-06-25 09:15:47,221] {scheduler_job.py:643} INFO - DAG(s) dict_keys(['example_task_group_decorator']) retrieved from /home/airflow/sandbox/lib/python3.8/site-packages/airflow/example_dags/example_task_group_decorator.py
[2021-06-25 09:15:48,942] {logging_mixin.py:104} INFO - [2021-06-25 09:15:48,941] {dag.py:1832} INFO - Sync 1 DAGs
[2021-06-25 09:15:49,046] {logging_mixin.py:104} INFO - [2021-06-25 09:15:49,046] {dag.py:2305} INFO - Setting next_dagrun for example_task_group_decorator to 2021-06-23 00:00:00+00:00
[2021-06-25 09:15:49,169] {scheduler_job.py:190} INFO - Processing /home/airflow/sandbox/lib/python3.8/site-packages/airflow/example_dags/example_task_group_decorator.py took 2.157 seconds
[2021-06-25 09:16:19,736] {scheduler_job.py:182} INFO - Started process (PID=3884) to work on /home/airflow/sandbox/lib/python3.8/site-packages/airflow/example_dags/example_task_group_decorator.py
[2021-06-25 09:16:19,744] {scheduler_job.py:633} INFO - Processing file /home/airflow/sandbox/lib/python3.8/site-packages/airflow/example_dags/example_task_group_decorator.py for tasks to queue
[2021-06-25 09:16:19,746] {logging_mixin.py:104} INFO - [2021-06-25 09:16:19,746] {dagbag.py:487} INFO - Filling up the DagBag from /home/airflow/sandbox/lib/python3.8/site-packages/airflow/example_dags/example_task_group_decorator.py
[2021-06-25 09:16:21,116] {scheduler_job.py:643} INFO - DAG(s) dict_keys(['example_task_group_decorator']) retrieved from /home/airflow/sandbox/lib/python3.8/site-packages/airflow/example_dags/example_task_group_decorator.py
[2021-06-25 09:16:39,892] {logging_mixin.py:104} INFO - [2021-06-25 09:16:39,892] {dag.py:1832} INFO - Sync 1 DAGs
[2021-06-25 09:16:40,268] {logging_mixin.py:104} INFO - [2021-06-25 09:16:40,268] {dag.py:2305} INFO - Setting next_dagrun for example_task_group_decorator to 2021-06-23 00:00:00+00:00
[2021-06-25 09:16:40,827] {scheduler_job.py:190} INFO - Processing /home/airflow/sandbox/lib/python3.8/site-packages/airflow/example_dags/example_task_group_decorator.py took 21.312 seconds
[2021-06-25 09:17:22,103] {scheduler_job.py:182} INFO - Started process (PID=4845) to work on /home/airflow/sandbox/lib/python3.8/site-packages/airflow/example_dags/example_task_group_decorator.py
[2021-06-25 09:17:22,114] {scheduler_job.py:633} INFO - Processing file /home/airflow/sandbox/lib/python3.8/site-packages/airflow/example_dags/example_task_group_decorator.py for tasks to queue
[2021-06-25 09:17:22,115] {logging_mixin.py:104} INFO - [2021-06-25 09:17:22,115] {dagbag.py:487} INFO - Filling up the DagBag from /home/airflow/sandbox/lib/python3.8/site-packages/airflow/example_dags/example_task_group_decorator.py
[2021-06-25 09:17:22,148] {scheduler_job.py:643} INFO - DAG(s) dict_keys(['example_task_group_decorator']) retrieved from /home/airflow/sandbox/lib/python3.8/site-packages/airflow/example_dags/example_task_group_decorator.py
[2021-06-25 09:17:22,758] {logging_mixin.py:104} INFO - [2021-06-25 09:17:22,757] {dag.py:1832} INFO - Sync 1 DAGs
[2021-06-25 09:17:22,847] {logging_mixin.py:104} INFO - [2021-06-25 09:17:22,844] {dag.py:2305} INFO - Setting next_dagrun for example_task_group_decorator to 2021-06-23 00:00:00+00:00
[2021-06-25 09:17:22,922] {scheduler_job.py:190} INFO - Processing /home/airflow/sandbox/lib/python3.8/site-packages/airflow/example_dags/example_task_group_decorator.py took 0.831 seconds
[2021-06-25 09:17:54,879] {scheduler_job.py:182} INFO - Started process (PID=5807) to work on /home/airflow/sandbox/lib/python3.8/site-packages/airflow/example_dags/example_task_group_decorator.py
[2021-06-25 09:17:54,909] {scheduler_job.py:633} INFO - Processing file /home/airflow/sandbox/lib/python3.8/site-packages/airflow/example_dags/example_task_group_decorator.py for tasks to queue
[2021-06-25 09:17:54,928] {logging_mixin.py:104} INFO - [2021-06-25 09:17:54,928] {dagbag.py:487} INFO - Filling up the DagBag from /home/airflow/sandbox/lib/python3.8/site-packages/airflow/example_dags/example_task_group_decorator.py
[2021-06-25 09:17:55,344] {scheduler_job.py:643} INFO - DAG(s) dict_keys(['example_task_group_decorator']) retrieved from /home/airflow/sandbox/lib/python3.8/site-packages/airflow/example_dags/example_task_group_decorator.py
[2021-06-25 09:18:01,421] {logging_mixin.py:104} INFO - [2021-06-25 09:18:01,420] {dag.py:1832} INFO - Sync 1 DAGs
[2021-06-25 09:18:01,625] {logging_mixin.py:104} INFO - [2021-06-25 09:18:01,625] {dag.py:2305} INFO - Setting next_dagrun for example_task_group_decorator to 2021-06-23 00:00:00+00:00
[2021-06-25 09:18:01,785] {scheduler_job.py:190} INFO - Processing /home/airflow/sandbox/lib/python3.8/site-packages/airflow/example_dags/example_task_group_decorator.py took 6.956 seconds
[2021-06-25 09:18:38,759] {scheduler_job.py:182} INFO - Started process (PID=6974) to work on /home/airflow/sandbox/lib/python3.8/site-packages/airflow/example_dags/example_task_group_decorator.py
[2021-06-25 09:18:38,772] {scheduler_job.py:633} INFO - Processing file /home/airflow/sandbox/lib/python3.8/site-packages/airflow/example_dags/example_task_group_decorator.py for tasks to queue
[2021-06-25 09:18:38,780] {logging_mixin.py:104} INFO - [2021-06-25 09:18:38,780] {dagbag.py:487} INFO - Filling up the DagBag from /home/airflow/sandbox/lib/python3.8/site-packages/airflow/example_dags/example_task_group_decorator.py
[2021-06-25 09:18:39,212] {scheduler_job.py:643} INFO - DAG(s) dict_keys(['example_task_group_decorator']) retrieved from /home/airflow/sandbox/lib/python3.8/site-packages/airflow/example_dags/example_task_group_decorator.py
[2021-06-25 09:18:42,385] {logging_mixin.py:104} INFO - [2021-06-25 09:18:42,385] {dag.py:1832} INFO - Sync 1 DAGs
[2021-06-25 09:18:42,505] {logging_mixin.py:104} INFO - [2021-06-25 09:18:42,504] {dag.py:2305} INFO - Setting next_dagrun for example_task_group_decorator to 2021-06-23 00:00:00+00:00
[2021-06-25 09:18:42,700] {scheduler_job.py:190} INFO - Processing /home/airflow/sandbox/lib/python3.8/site-packages/airflow/example_dags/example_task_group_decorator.py took 3.978 seconds
[2021-06-25 09:19:28,346] {scheduler_job.py:182} INFO - Started process (PID=8320) to work on /home/airflow/sandbox/lib/python3.8/site-packages/airflow/example_dags/example_task_group_decorator.py
[2021-06-25 09:19:28,373] {scheduler_job.py:633} INFO - Processing file /home/airflow/sandbox/lib/python3.8/site-packages/airflow/example_dags/example_task_group_decorator.py for tasks to queue
[2021-06-25 09:19:28,388] {logging_mixin.py:104} INFO - [2021-06-25 09:19:28,388] {dagbag.py:487} INFO - Filling up the DagBag from /home/airflow/sandbox/lib/python3.8/site-packages/airflow/example_dags/example_task_group_decorator.py
[2021-06-25 09:19:28,730] {scheduler_job.py:643} INFO - DAG(s) dict_keys(['example_task_group_decorator']) retrieved from /home/airflow/sandbox/lib/python3.8/site-packages/airflow/example_dags/example_task_group_decorator.py
[2021-06-25 09:19:34,816] {logging_mixin.py:104} INFO - [2021-06-25 09:19:34,816] {dag.py:1832} INFO - Sync 1 DAGs
[2021-06-25 09:19:35,060] {logging_mixin.py:104} INFO - [2021-06-25 09:19:35,060] {dag.py:2305} INFO - Setting next_dagrun for example_task_group_decorator to 2021-06-23 00:00:00+00:00
[2021-06-25 09:19:35,294] {scheduler_job.py:190} INFO - Processing /home/airflow/sandbox/lib/python3.8/site-packages/airflow/example_dags/example_task_group_decorator.py took 6.991 seconds
[2021-06-25 09:20:13,364] {scheduler_job.py:182} INFO - Started process (PID=9635) to work on /home/airflow/sandbox/lib/python3.8/site-packages/airflow/example_dags/example_task_group_decorator.py
[2021-06-25 09:20:13,369] {scheduler_job.py:633} INFO - Processing file /home/airflow/sandbox/lib/python3.8/site-packages/airflow/example_dags/example_task_group_decorator.py for tasks to queue
[2021-06-25 09:20:13,382] {logging_mixin.py:104} INFO - [2021-06-25 09:20:13,370] {dagbag.py:487} INFO - Filling up the DagBag from /home/airflow/sandbox/lib/python3.8/site-packages/airflow/example_dags/example_task_group_decorator.py
[2021-06-25 09:20:13,948] {scheduler_job.py:643} INFO - DAG(s) dict_keys(['example_task_group_decorator']) retrieved from /home/airflow/sandbox/lib/python3.8/site-packages/airflow/example_dags/example_task_group_decorator.py
[2021-06-25 09:20:16,914] {logging_mixin.py:104} INFO - [2021-06-25 09:20:16,914] {dag.py:1832} INFO - Sync 1 DAGs
[2021-06-25 09:20:16,988] {logging_mixin.py:104} INFO - [2021-06-25 09:20:16,988] {dag.py:2305} INFO - Setting next_dagrun for example_task_group_decorator to 2021-06-23 00:00:00+00:00
[2021-06-25 09:20:17,181] {scheduler_job.py:190} INFO - Processing /home/airflow/sandbox/lib/python3.8/site-packages/airflow/example_dags/example_task_group_decorator.py took 3.919 seconds
[2021-06-25 09:20:48,086] {scheduler_job.py:182} INFO - Started process (PID=9935) to work on /home/airflow/sandbox/lib/python3.8/site-packages/airflow/example_dags/example_task_group_decorator.py
[2021-06-25 09:20:48,088] {scheduler_job.py:633} INFO - Processing file /home/airflow/sandbox/lib/python3.8/site-packages/airflow/example_dags/example_task_group_decorator.py for tasks to queue
[2021-06-25 09:20:48,090] {logging_mixin.py:104} INFO - [2021-06-25 09:20:48,090] {dagbag.py:487} INFO - Filling up the DagBag from /home/airflow/sandbox/lib/python3.8/site-packages/airflow/example_dags/example_task_group_decorator.py
[2021-06-25 09:20:48,121] {scheduler_job.py:643} INFO - DAG(s) dict_keys(['example_task_group_decorator']) retrieved from /home/airflow/sandbox/lib/python3.8/site-packages/airflow/example_dags/example_task_group_decorator.py
[2021-06-25 09:20:48,528] {logging_mixin.py:104} INFO - [2021-06-25 09:20:48,528] {dag.py:1832} INFO - Sync 1 DAGs
[2021-06-25 09:20:48,552] {logging_mixin.py:104} INFO - [2021-06-25 09:20:48,552] {dag.py:2305} INFO - Setting next_dagrun for example_task_group_decorator to 2021-06-23 00:00:00+00:00
[2021-06-25 09:20:48,571] {scheduler_job.py:190} INFO - Processing /home/airflow/sandbox/lib/python3.8/site-packages/airflow/example_dags/example_task_group_decorator.py took 0.490 seconds
[2021-06-25 09:21:18,688] {scheduler_job.py:182} INFO - Started process (PID=10008) to work on /home/airflow/sandbox/lib/python3.8/site-packages/airflow/example_dags/example_task_group_decorator.py
[2021-06-25 09:21:18,692] {scheduler_job.py:633} INFO - Processing file /home/airflow/sandbox/lib/python3.8/site-packages/airflow/example_dags/example_task_group_decorator.py for tasks to queue
[2021-06-25 09:21:18,695] {logging_mixin.py:104} INFO - [2021-06-25 09:21:18,695] {dagbag.py:487} INFO - Filling up the DagBag from /home/airflow/sandbox/lib/python3.8/site-packages/airflow/example_dags/example_task_group_decorator.py
[2021-06-25 09:21:18,748] {scheduler_job.py:643} INFO - DAG(s) dict_keys(['example_task_group_decorator']) retrieved from /home/airflow/sandbox/lib/python3.8/site-packages/airflow/example_dags/example_task_group_decorator.py
[2021-06-25 09:21:19,052] {logging_mixin.py:104} INFO - [2021-06-25 09:21:19,052] {dag.py:1832} INFO - Sync 1 DAGs
[2021-06-25 09:21:19,074] {logging_mixin.py:104} INFO - [2021-06-25 09:21:19,073] {dag.py:2305} INFO - Setting next_dagrun for example_task_group_decorator to 2021-06-23 00:00:00+00:00
[2021-06-25 09:21:19,089] {scheduler_job.py:190} INFO - Processing /home/airflow/sandbox/lib/python3.8/site-packages/airflow/example_dags/example_task_group_decorator.py took 0.405 seconds
[2021-06-25 09:21:49,181] {scheduler_job.py:182} INFO - Started process (PID=10076) to work on /home/airflow/sandbox/lib/python3.8/site-packages/airflow/example_dags/example_task_group_decorator.py
[2021-06-25 09:21:49,199] {scheduler_job.py:633} INFO - Processing file /home/airflow/sandbox/lib/python3.8/site-packages/airflow/example_dags/example_task_group_decorator.py for tasks to queue
[2021-06-25 09:21:49,201] {logging_mixin.py:104} INFO - [2021-06-25 09:21:49,201] {dagbag.py:487} INFO - Filling up the DagBag from /home/airflow/sandbox/lib/python3.8/site-packages/airflow/example_dags/example_task_group_decorator.py
[2021-06-25 09:21:49,252] {scheduler_job.py:643} INFO - DAG(s) dict_keys(['example_task_group_decorator']) retrieved from /home/airflow/sandbox/lib/python3.8/site-packages/airflow/example_dags/example_task_group_decorator.py
[2021-06-25 09:21:49,701] {logging_mixin.py:104} INFO - [2021-06-25 09:21:49,701] {dag.py:1832} INFO - Sync 1 DAGs
[2021-06-25 09:21:49,731] {logging_mixin.py:104} INFO - [2021-06-25 09:21:49,731] {dag.py:2305} INFO - Setting next_dagrun for example_task_group_decorator to 2021-06-23 00:00:00+00:00
[2021-06-25 09:21:49,749] {scheduler_job.py:190} INFO - Processing /home/airflow/sandbox/lib/python3.8/site-packages/airflow/example_dags/example_task_group_decorator.py took 0.587 seconds
[2021-06-25 09:22:20,350] {scheduler_job.py:182} INFO - Started process (PID=10150) to work on /home/airflow/sandbox/lib/python3.8/site-packages/airflow/example_dags/example_task_group_decorator.py
[2021-06-25 09:22:20,352] {scheduler_job.py:633} INFO - Processing file /home/airflow/sandbox/lib/python3.8/site-packages/airflow/example_dags/example_task_group_decorator.py for tasks to queue
[2021-06-25 09:22:20,353] {logging_mixin.py:104} INFO - [2021-06-25 09:22:20,353] {dagbag.py:487} INFO - Filling up the DagBag from /home/airflow/sandbox/lib/python3.8/site-packages/airflow/example_dags/example_task_group_decorator.py
[2021-06-25 09:22:20,381] {scheduler_job.py:643} INFO - DAG(s) dict_keys(['example_task_group_decorator']) retrieved from /home/airflow/sandbox/lib/python3.8/site-packages/airflow/example_dags/example_task_group_decorator.py
[2021-06-25 09:22:20,768] {logging_mixin.py:104} INFO - [2021-06-25 09:22:20,768] {dag.py:1832} INFO - Sync 1 DAGs
[2021-06-25 09:22:20,786] {logging_mixin.py:104} INFO - [2021-06-25 09:22:20,786] {dag.py:2305} INFO - Setting next_dagrun for example_task_group_decorator to 2021-06-23 00:00:00+00:00
[2021-06-25 09:22:20,807] {scheduler_job.py:190} INFO - Processing /home/airflow/sandbox/lib/python3.8/site-packages/airflow/example_dags/example_task_group_decorator.py took 0.461 seconds
[2021-06-25 09:24:02,791] {scheduler_job.py:182} INFO - Started process (PID=10382) to work on /home/airflow/sandbox/lib/python3.8/site-packages/airflow/example_dags/example_task_group_decorator.py
[2021-06-25 09:24:02,801] {scheduler_job.py:633} INFO - Processing file /home/airflow/sandbox/lib/python3.8/site-packages/airflow/example_dags/example_task_group_decorator.py for tasks to queue
[2021-06-25 09:24:02,803] {logging_mixin.py:104} INFO - [2021-06-25 09:24:02,803] {dagbag.py:487} INFO - Filling up the DagBag from /home/airflow/sandbox/lib/python3.8/site-packages/airflow/example_dags/example_task_group_decorator.py
[2021-06-25 09:24:02,888] {scheduler_job.py:643} INFO - DAG(s) dict_keys(['example_task_group_decorator']) retrieved from /home/airflow/sandbox/lib/python3.8/site-packages/airflow/example_dags/example_task_group_decorator.py
[2021-06-25 09:24:03,755] {logging_mixin.py:104} INFO - [2021-06-25 09:24:03,755] {dag.py:1832} INFO - Sync 1 DAGs
[2021-06-25 09:24:03,772] {logging_mixin.py:104} INFO - [2021-06-25 09:24:03,772] {dag.py:2305} INFO - Setting next_dagrun for example_task_group_decorator to 2021-06-23 00:00:00+00:00
[2021-06-25 09:24:03,789] {scheduler_job.py:190} INFO - Processing /home/airflow/sandbox/lib/python3.8/site-packages/airflow/example_dags/example_task_group_decorator.py took 1.003 seconds
[2021-06-25 09:24:34,252] {scheduler_job.py:182} INFO - Started process (PID=10596) to work on /home/airflow/sandbox/lib/python3.8/site-packages/airflow/example_dags/example_task_group_decorator.py
[2021-06-25 09:24:34,255] {scheduler_job.py:633} INFO - Processing file /home/airflow/sandbox/lib/python3.8/site-packages/airflow/example_dags/example_task_group_decorator.py for tasks to queue
[2021-06-25 09:24:34,260] {logging_mixin.py:104} INFO - [2021-06-25 09:24:34,259] {dagbag.py:487} INFO - Filling up the DagBag from /home/airflow/sandbox/lib/python3.8/site-packages/airflow/example_dags/example_task_group_decorator.py
[2021-06-25 09:24:34,298] {scheduler_job.py:643} INFO - DAG(s) dict_keys(['example_task_group_decorator']) retrieved from /home/airflow/sandbox/lib/python3.8/site-packages/airflow/example_dags/example_task_group_decorator.py
[2021-06-25 09:24:34,885] {logging_mixin.py:104} INFO - [2021-06-25 09:24:34,884] {dag.py:1832} INFO - Sync 1 DAGs
[2021-06-25 09:24:34,911] {logging_mixin.py:104} INFO - [2021-06-25 09:24:34,911] {dag.py:2305} INFO - Setting next_dagrun for example_task_group_decorator to 2021-06-23 00:00:00+00:00
[2021-06-25 09:24:34,928] {scheduler_job.py:190} INFO - Processing /home/airflow/sandbox/lib/python3.8/site-packages/airflow/example_dags/example_task_group_decorator.py took 0.680 seconds
[2021-06-25 09:25:05,651] {scheduler_job.py:182} INFO - Started process (PID=10799) to work on /home/airflow/sandbox/lib/python3.8/site-packages/airflow/example_dags/example_task_group_decorator.py
[2021-06-25 09:25:05,654] {scheduler_job.py:633} INFO - Processing file /home/airflow/sandbox/lib/python3.8/site-packages/airflow/example_dags/example_task_group_decorator.py for tasks to queue
[2021-06-25 09:25:05,657] {logging_mixin.py:104} INFO - [2021-06-25 09:25:05,657] {dagbag.py:487} INFO - Filling up the DagBag from /home/airflow/sandbox/lib/python3.8/site-packages/airflow/example_dags/example_task_group_decorator.py
[2021-06-25 09:25:05,704] {scheduler_job.py:643} INFO - DAG(s) dict_keys(['example_task_group_decorator']) retrieved from /home/airflow/sandbox/lib/python3.8/site-packages/airflow/example_dags/example_task_group_decorator.py
[2021-06-25 09:25:06,202] {logging_mixin.py:104} INFO - [2021-06-25 09:25:06,202] {dag.py:1832} INFO - Sync 1 DAGs
[2021-06-25 09:25:06,222] {logging_mixin.py:104} INFO - [2021-06-25 09:25:06,222] {dag.py:2305} INFO - Setting next_dagrun for example_task_group_decorator to 2021-06-23 00:00:00+00:00
[2021-06-25 09:25:06,242] {scheduler_job.py:190} INFO - Processing /home/airflow/sandbox/lib/python3.8/site-packages/airflow/example_dags/example_task_group_decorator.py took 0.599 seconds
[2021-06-25 09:25:36,330] {scheduler_job.py:182} INFO - Started process (PID=10997) to work on /home/airflow/sandbox/lib/python3.8/site-packages/airflow/example_dags/example_task_group_decorator.py
[2021-06-25 09:25:36,334] {scheduler_job.py:633} INFO - Processing file /home/airflow/sandbox/lib/python3.8/site-packages/airflow/example_dags/example_task_group_decorator.py for tasks to queue
[2021-06-25 09:25:36,341] {logging_mixin.py:104} INFO - [2021-06-25 09:25:36,341] {dagbag.py:487} INFO - Filling up the DagBag from /home/airflow/sandbox/lib/python3.8/site-packages/airflow/example_dags/example_task_group_decorator.py
[2021-06-25 09:25:36,375] {scheduler_job.py:643} INFO - DAG(s) dict_keys(['example_task_group_decorator']) retrieved from /home/airflow/sandbox/lib/python3.8/site-packages/airflow/example_dags/example_task_group_decorator.py
[2021-06-25 09:25:36,832] {logging_mixin.py:104} INFO - [2021-06-25 09:25:36,832] {dag.py:1832} INFO - Sync 1 DAGs
[2021-06-25 09:25:36,849] {logging_mixin.py:104} INFO - [2021-06-25 09:25:36,849] {dag.py:2305} INFO - Setting next_dagrun for example_task_group_decorator to 2021-06-23 00:00:00+00:00
[2021-06-25 09:25:36,871] {scheduler_job.py:190} INFO - Processing /home/airflow/sandbox/lib/python3.8/site-packages/airflow/example_dags/example_task_group_decorator.py took 0.547 seconds
[2021-06-25 09:26:07,688] {scheduler_job.py:182} INFO - Started process (PID=11197) to work on /home/airflow/sandbox/lib/python3.8/site-packages/airflow/example_dags/example_task_group_decorator.py
[2021-06-25 09:26:07,689] {scheduler_job.py:633} INFO - Processing file /home/airflow/sandbox/lib/python3.8/site-packages/airflow/example_dags/example_task_group_decorator.py for tasks to queue
[2021-06-25 09:26:07,690] {logging_mixin.py:104} INFO - [2021-06-25 09:26:07,690] {dagbag.py:487} INFO - Filling up the DagBag from /home/airflow/sandbox/lib/python3.8/site-packages/airflow/example_dags/example_task_group_decorator.py
[2021-06-25 09:26:07,740] {scheduler_job.py:643} INFO - DAG(s) dict_keys(['example_task_group_decorator']) retrieved from /home/airflow/sandbox/lib/python3.8/site-packages/airflow/example_dags/example_task_group_decorator.py
[2021-06-25 09:26:08,275] {logging_mixin.py:104} INFO - [2021-06-25 09:26:08,274] {dag.py:1832} INFO - Sync 1 DAGs
[2021-06-25 09:26:08,295] {logging_mixin.py:104} INFO - [2021-06-25 09:26:08,294] {dag.py:2305} INFO - Setting next_dagrun for example_task_group_decorator to 2021-06-23 00:00:00+00:00
[2021-06-25 09:26:08,316] {scheduler_job.py:190} INFO - Processing /home/airflow/sandbox/lib/python3.8/site-packages/airflow/example_dags/example_task_group_decorator.py took 0.634 seconds
[2021-06-25 09:26:58,384] {scheduler_job.py:182} INFO - Started process (PID=11551) to work on /home/airflow/sandbox/lib/python3.8/site-packages/airflow/example_dags/example_task_group_decorator.py
[2021-06-25 09:26:58,388] {scheduler_job.py:633} INFO - Processing file /home/airflow/sandbox/lib/python3.8/site-packages/airflow/example_dags/example_task_group_decorator.py for tasks to queue
[2021-06-25 09:26:58,396] {logging_mixin.py:104} INFO - [2021-06-25 09:26:58,396] {dagbag.py:487} INFO - Filling up the DagBag from /home/airflow/sandbox/lib/python3.8/site-packages/airflow/example_dags/example_task_group_decorator.py
[2021-06-25 09:26:58,520] {scheduler_job.py:643} INFO - DAG(s) dict_keys(['example_task_group_decorator']) retrieved from /home/airflow/sandbox/lib/python3.8/site-packages/airflow/example_dags/example_task_group_decorator.py
[2021-06-25 09:26:59,885] {logging_mixin.py:104} INFO - [2021-06-25 09:26:59,885] {dag.py:1832} INFO - Sync 1 DAGs
[2021-06-25 09:26:59,920] {logging_mixin.py:104} INFO - [2021-06-25 09:26:59,920] {dag.py:2305} INFO - Setting next_dagrun for example_task_group_decorator to 2021-06-23 00:00:00+00:00
[2021-06-25 09:26:59,956] {scheduler_job.py:190} INFO - Processing /home/airflow/sandbox/lib/python3.8/site-packages/airflow/example_dags/example_task_group_decorator.py took 1.576 seconds
[2021-06-25 09:27:30,229] {scheduler_job.py:182} INFO - Started process (PID=11762) to work on /home/airflow/sandbox/lib/python3.8/site-packages/airflow/example_dags/example_task_group_decorator.py
[2021-06-25 09:27:30,236] {scheduler_job.py:633} INFO - Processing file /home/airflow/sandbox/lib/python3.8/site-packages/airflow/example_dags/example_task_group_decorator.py for tasks to queue
[2021-06-25 09:27:30,240] {logging_mixin.py:104} INFO - [2021-06-25 09:27:30,239] {dagbag.py:487} INFO - Filling up the DagBag from /home/airflow/sandbox/lib/python3.8/site-packages/airflow/example_dags/example_task_group_decorator.py
[2021-06-25 09:27:30,290] {scheduler_job.py:643} INFO - DAG(s) dict_keys(['example_task_group_decorator']) retrieved from /home/airflow/sandbox/lib/python3.8/site-packages/airflow/example_dags/example_task_group_decorator.py
[2021-06-25 09:27:31,379] {logging_mixin.py:104} INFO - [2021-06-25 09:27:31,378] {dag.py:1832} INFO - Sync 1 DAGs
[2021-06-25 09:27:31,432] {logging_mixin.py:104} INFO - [2021-06-25 09:27:31,431] {dag.py:2305} INFO - Setting next_dagrun for example_task_group_decorator to 2021-06-23 00:00:00+00:00
[2021-06-25 09:27:31,494] {scheduler_job.py:190} INFO - Processing /home/airflow/sandbox/lib/python3.8/site-packages/airflow/example_dags/example_task_group_decorator.py took 1.270 seconds
[2021-06-25 09:28:02,087] {scheduler_job.py:182} INFO - Started process (PID=11962) to work on /home/airflow/sandbox/lib/python3.8/site-packages/airflow/example_dags/example_task_group_decorator.py
[2021-06-25 09:28:02,093] {scheduler_job.py:633} INFO - Processing file /home/airflow/sandbox/lib/python3.8/site-packages/airflow/example_dags/example_task_group_decorator.py for tasks to queue
[2021-06-25 09:28:02,095] {logging_mixin.py:104} INFO - [2021-06-25 09:28:02,095] {dagbag.py:487} INFO - Filling up the DagBag from /home/airflow/sandbox/lib/python3.8/site-packages/airflow/example_dags/example_task_group_decorator.py
[2021-06-25 09:28:02,204] {scheduler_job.py:643} INFO - DAG(s) dict_keys(['example_task_group_decorator']) retrieved from /home/airflow/sandbox/lib/python3.8/site-packages/airflow/example_dags/example_task_group_decorator.py
[2021-06-25 09:28:03,977] {logging_mixin.py:104} INFO - [2021-06-25 09:28:03,977] {dag.py:1832} INFO - Sync 1 DAGs
[2021-06-25 09:28:04,097] {logging_mixin.py:104} INFO - [2021-06-25 09:28:04,097] {dag.py:2305} INFO - Setting next_dagrun for example_task_group_decorator to 2021-06-23 00:00:00+00:00
[2021-06-25 09:28:04,214] {scheduler_job.py:190} INFO - Processing /home/airflow/sandbox/lib/python3.8/site-packages/airflow/example_dags/example_task_group_decorator.py took 2.134 seconds
[2021-06-25 09:28:34,361] {scheduler_job.py:182} INFO - Started process (PID=12168) to work on /home/airflow/sandbox/lib/python3.8/site-packages/airflow/example_dags/example_task_group_decorator.py
[2021-06-25 09:28:34,364] {scheduler_job.py:633} INFO - Processing file /home/airflow/sandbox/lib/python3.8/site-packages/airflow/example_dags/example_task_group_decorator.py for tasks to queue
[2021-06-25 09:28:34,365] {logging_mixin.py:104} INFO - [2021-06-25 09:28:34,365] {dagbag.py:487} INFO - Filling up the DagBag from /home/airflow/sandbox/lib/python3.8/site-packages/airflow/example_dags/example_task_group_decorator.py
[2021-06-25 09:28:34,400] {scheduler_job.py:643} INFO - DAG(s) dict_keys(['example_task_group_decorator']) retrieved from /home/airflow/sandbox/lib/python3.8/site-packages/airflow/example_dags/example_task_group_decorator.py
[2021-06-25 09:28:34,885] {logging_mixin.py:104} INFO - [2021-06-25 09:28:34,885] {dag.py:1832} INFO - Sync 1 DAGs
[2021-06-25 09:28:34,955] {logging_mixin.py:104} INFO - [2021-06-25 09:28:34,955] {dag.py:2305} INFO - Setting next_dagrun for example_task_group_decorator to 2021-06-23 00:00:00+00:00
[2021-06-25 09:28:35,034] {scheduler_job.py:190} INFO - Processing /home/airflow/sandbox/lib/python3.8/site-packages/airflow/example_dags/example_task_group_decorator.py took 0.678 seconds
[2021-06-25 09:29:06,030] {scheduler_job.py:182} INFO - Started process (PID=12369) to work on /home/airflow/sandbox/lib/python3.8/site-packages/airflow/example_dags/example_task_group_decorator.py
[2021-06-25 09:29:06,042] {scheduler_job.py:633} INFO - Processing file /home/airflow/sandbox/lib/python3.8/site-packages/airflow/example_dags/example_task_group_decorator.py for tasks to queue
[2021-06-25 09:29:06,047] {logging_mixin.py:104} INFO - [2021-06-25 09:29:06,045] {dagbag.py:487} INFO - Filling up the DagBag from /home/airflow/sandbox/lib/python3.8/site-packages/airflow/example_dags/example_task_group_decorator.py
[2021-06-25 09:29:06,137] {scheduler_job.py:643} INFO - DAG(s) dict_keys(['example_task_group_decorator']) retrieved from /home/airflow/sandbox/lib/python3.8/site-packages/airflow/example_dags/example_task_group_decorator.py
[2021-06-25 09:29:06,560] {logging_mixin.py:104} INFO - [2021-06-25 09:29:06,560] {dag.py:1832} INFO - Sync 1 DAGs
[2021-06-25 09:29:06,576] {logging_mixin.py:104} INFO - [2021-06-25 09:29:06,576] {dag.py:2305} INFO - Setting next_dagrun for example_task_group_decorator to 2021-06-23 00:00:00+00:00
[2021-06-25 09:29:06,592] {scheduler_job.py:190} INFO - Processing /home/airflow/sandbox/lib/python3.8/site-packages/airflow/example_dags/example_task_group_decorator.py took 0.579 seconds
[2021-06-25 09:29:49,402] {scheduler_job.py:182} INFO - Started process (PID=12598) to work on /home/airflow/sandbox/lib/python3.8/site-packages/airflow/example_dags/example_task_group_decorator.py
[2021-06-25 09:29:49,408] {scheduler_job.py:633} INFO - Processing file /home/airflow/sandbox/lib/python3.8/site-packages/airflow/example_dags/example_task_group_decorator.py for tasks to queue
[2021-06-25 09:29:49,411] {logging_mixin.py:104} INFO - [2021-06-25 09:29:49,411] {dagbag.py:487} INFO - Filling up the DagBag from /home/airflow/sandbox/lib/python3.8/site-packages/airflow/example_dags/example_task_group_decorator.py
[2021-06-25 09:29:49,479] {scheduler_job.py:643} INFO - DAG(s) dict_keys(['example_task_group_decorator']) retrieved from /home/airflow/sandbox/lib/python3.8/site-packages/airflow/example_dags/example_task_group_decorator.py
[2021-06-25 09:29:49,993] {logging_mixin.py:104} INFO - [2021-06-25 09:29:49,992] {dag.py:1832} INFO - Sync 1 DAGs
[2021-06-25 09:29:50,020] {logging_mixin.py:104} INFO - [2021-06-25 09:29:50,020] {dag.py:2305} INFO - Setting next_dagrun for example_task_group_decorator to 2021-06-23 00:00:00+00:00
[2021-06-25 09:29:50,050] {scheduler_job.py:190} INFO - Processing /home/airflow/sandbox/lib/python3.8/site-packages/airflow/example_dags/example_task_group_decorator.py took 0.653 seconds
[2021-06-25 09:30:28,769] {scheduler_job.py:182} INFO - Started process (PID=12651) to work on /home/airflow/sandbox/lib/python3.8/site-packages/airflow/example_dags/example_task_group_decorator.py
[2021-06-25 09:30:28,772] {scheduler_job.py:633} INFO - Processing file /home/airflow/sandbox/lib/python3.8/site-packages/airflow/example_dags/example_task_group_decorator.py for tasks to queue
[2021-06-25 09:30:28,781] {logging_mixin.py:104} INFO - [2021-06-25 09:30:28,781] {dagbag.py:487} INFO - Filling up the DagBag from /home/airflow/sandbox/lib/python3.8/site-packages/airflow/example_dags/example_task_group_decorator.py
[2021-06-25 09:30:28,822] {scheduler_job.py:643} INFO - DAG(s) dict_keys(['example_task_group_decorator']) retrieved from /home/airflow/sandbox/lib/python3.8/site-packages/airflow/example_dags/example_task_group_decorator.py
[2021-06-25 09:30:29,250] {logging_mixin.py:104} INFO - [2021-06-25 09:30:29,250] {dag.py:1832} INFO - Sync 1 DAGs
[2021-06-25 09:30:29,265] {logging_mixin.py:104} INFO - [2021-06-25 09:30:29,265] {dag.py:2305} INFO - Setting next_dagrun for example_task_group_decorator to 2021-06-23 00:00:00+00:00
[2021-06-25 09:30:29,280] {scheduler_job.py:190} INFO - Processing /home/airflow/sandbox/lib/python3.8/site-packages/airflow/example_dags/example_task_group_decorator.py took 0.517 seconds
[2021-06-25 09:30:59,518] {scheduler_job.py:182} INFO - Started process (PID=12844) to work on /home/airflow/sandbox/lib/python3.8/site-packages/airflow/example_dags/example_task_group_decorator.py
[2021-06-25 09:30:59,519] {scheduler_job.py:633} INFO - Processing file /home/airflow/sandbox/lib/python3.8/site-packages/airflow/example_dags/example_task_group_decorator.py for tasks to queue
[2021-06-25 09:30:59,520] {logging_mixin.py:104} INFO - [2021-06-25 09:30:59,520] {dagbag.py:487} INFO - Filling up the DagBag from /home/airflow/sandbox/lib/python3.8/site-packages/airflow/example_dags/example_task_group_decorator.py
[2021-06-25 09:30:59,572] {scheduler_job.py:643} INFO - DAG(s) dict_keys(['example_task_group_decorator']) retrieved from /home/airflow/sandbox/lib/python3.8/site-packages/airflow/example_dags/example_task_group_decorator.py
[2021-06-25 09:31:00,129] {logging_mixin.py:104} INFO - [2021-06-25 09:31:00,129] {dag.py:1832} INFO - Sync 1 DAGs
[2021-06-25 09:31:00,156] {logging_mixin.py:104} INFO - [2021-06-25 09:31:00,155] {dag.py:2305} INFO - Setting next_dagrun for example_task_group_decorator to 2021-06-23 00:00:00+00:00
[2021-06-25 09:31:00,175] {scheduler_job.py:190} INFO - Processing /home/airflow/sandbox/lib/python3.8/site-packages/airflow/example_dags/example_task_group_decorator.py took 0.665 seconds
[2021-06-25 09:31:30,419] {scheduler_job.py:182} INFO - Started process (PID=13045) to work on /home/airflow/sandbox/lib/python3.8/site-packages/airflow/example_dags/example_task_group_decorator.py
[2021-06-25 09:31:30,427] {scheduler_job.py:633} INFO - Processing file /home/airflow/sandbox/lib/python3.8/site-packages/airflow/example_dags/example_task_group_decorator.py for tasks to queue
[2021-06-25 09:31:30,431] {logging_mixin.py:104} INFO - [2021-06-25 09:31:30,431] {dagbag.py:487} INFO - Filling up the DagBag from /home/airflow/sandbox/lib/python3.8/site-packages/airflow/example_dags/example_task_group_decorator.py
[2021-06-25 09:31:30,480] {scheduler_job.py:643} INFO - DAG(s) dict_keys(['example_task_group_decorator']) retrieved from /home/airflow/sandbox/lib/python3.8/site-packages/airflow/example_dags/example_task_group_decorator.py
[2021-06-25 09:31:30,973] {logging_mixin.py:104} INFO - [2021-06-25 09:31:30,973] {dag.py:1832} INFO - Sync 1 DAGs
[2021-06-25 09:31:30,996] {logging_mixin.py:104} INFO - [2021-06-25 09:31:30,996] {dag.py:2305} INFO - Setting next_dagrun for example_task_group_decorator to 2021-06-23 00:00:00+00:00
[2021-06-25 09:31:31,012] {scheduler_job.py:190} INFO - Processing /home/airflow/sandbox/lib/python3.8/site-packages/airflow/example_dags/example_task_group_decorator.py took 0.601 seconds
[2021-06-25 09:32:01,825] {scheduler_job.py:182} INFO - Started process (PID=13254) to work on /home/airflow/sandbox/lib/python3.8/site-packages/airflow/example_dags/example_task_group_decorator.py
[2021-06-25 09:32:01,833] {scheduler_job.py:633} INFO - Processing file /home/airflow/sandbox/lib/python3.8/site-packages/airflow/example_dags/example_task_group_decorator.py for tasks to queue
[2021-06-25 09:32:01,835] {logging_mixin.py:104} INFO - [2021-06-25 09:32:01,835] {dagbag.py:487} INFO - Filling up the DagBag from /home/airflow/sandbox/lib/python3.8/site-packages/airflow/example_dags/example_task_group_decorator.py
[2021-06-25 09:32:02,032] {scheduler_job.py:643} INFO - DAG(s) dict_keys(['example_task_group_decorator']) retrieved from /home/airflow/sandbox/lib/python3.8/site-packages/airflow/example_dags/example_task_group_decorator.py
[2021-06-25 09:32:02,717] {logging_mixin.py:104} INFO - [2021-06-25 09:32:02,717] {dag.py:1832} INFO - Sync 1 DAGs
[2021-06-25 09:32:02,796] {logging_mixin.py:104} INFO - [2021-06-25 09:32:02,796] {dag.py:2305} INFO - Setting next_dagrun for example_task_group_decorator to 2021-06-23 00:00:00+00:00
[2021-06-25 09:32:02,877] {scheduler_job.py:190} INFO - Processing /home/airflow/sandbox/lib/python3.8/site-packages/airflow/example_dags/example_task_group_decorator.py took 1.072 seconds
[2021-06-25 09:32:33,310] {scheduler_job.py:182} INFO - Started process (PID=13456) to work on /home/airflow/sandbox/lib/python3.8/site-packages/airflow/example_dags/example_task_group_decorator.py
[2021-06-25 09:32:33,313] {scheduler_job.py:633} INFO - Processing file /home/airflow/sandbox/lib/python3.8/site-packages/airflow/example_dags/example_task_group_decorator.py for tasks to queue
[2021-06-25 09:32:33,316] {logging_mixin.py:104} INFO - [2021-06-25 09:32:33,315] {dagbag.py:487} INFO - Filling up the DagBag from /home/airflow/sandbox/lib/python3.8/site-packages/airflow/example_dags/example_task_group_decorator.py
[2021-06-25 09:32:33,365] {scheduler_job.py:643} INFO - DAG(s) dict_keys(['example_task_group_decorator']) retrieved from /home/airflow/sandbox/lib/python3.8/site-packages/airflow/example_dags/example_task_group_decorator.py
[2021-06-25 09:32:34,072] {logging_mixin.py:104} INFO - [2021-06-25 09:32:34,072] {dag.py:1832} INFO - Sync 1 DAGs
[2021-06-25 09:32:34,204] {logging_mixin.py:104} INFO - [2021-06-25 09:32:34,204] {dag.py:2305} INFO - Setting next_dagrun for example_task_group_decorator to 2021-06-23 00:00:00+00:00
[2021-06-25 09:32:34,248] {scheduler_job.py:190} INFO - Processing /home/airflow/sandbox/lib/python3.8/site-packages/airflow/example_dags/example_task_group_decorator.py took 0.947 seconds
[2021-06-25 09:33:04,426] {scheduler_job.py:182} INFO - Started process (PID=13657) to work on /home/airflow/sandbox/lib/python3.8/site-packages/airflow/example_dags/example_task_group_decorator.py
[2021-06-25 09:33:04,437] {scheduler_job.py:633} INFO - Processing file /home/airflow/sandbox/lib/python3.8/site-packages/airflow/example_dags/example_task_group_decorator.py for tasks to queue
[2021-06-25 09:33:04,438] {logging_mixin.py:104} INFO - [2021-06-25 09:33:04,438] {dagbag.py:487} INFO - Filling up the DagBag from /home/airflow/sandbox/lib/python3.8/site-packages/airflow/example_dags/example_task_group_decorator.py
[2021-06-25 09:33:04,494] {scheduler_job.py:643} INFO - DAG(s) dict_keys(['example_task_group_decorator']) retrieved from /home/airflow/sandbox/lib/python3.8/site-packages/airflow/example_dags/example_task_group_decorator.py
[2021-06-25 09:33:05,088] {logging_mixin.py:104} INFO - [2021-06-25 09:33:05,088] {dag.py:1832} INFO - Sync 1 DAGs
[2021-06-25 09:33:05,120] {logging_mixin.py:104} INFO - [2021-06-25 09:33:05,120] {dag.py:2305} INFO - Setting next_dagrun for example_task_group_decorator to 2021-06-23 00:00:00+00:00
[2021-06-25 09:33:05,154] {scheduler_job.py:190} INFO - Processing /home/airflow/sandbox/lib/python3.8/site-packages/airflow/example_dags/example_task_group_decorator.py took 0.733 seconds
[2021-06-25 09:33:36,078] {scheduler_job.py:182} INFO - Started process (PID=13857) to work on /home/airflow/sandbox/lib/python3.8/site-packages/airflow/example_dags/example_task_group_decorator.py
[2021-06-25 09:33:36,083] {scheduler_job.py:633} INFO - Processing file /home/airflow/sandbox/lib/python3.8/site-packages/airflow/example_dags/example_task_group_decorator.py for tasks to queue
[2021-06-25 09:33:36,086] {logging_mixin.py:104} INFO - [2021-06-25 09:33:36,086] {dagbag.py:487} INFO - Filling up the DagBag from /home/airflow/sandbox/lib/python3.8/site-packages/airflow/example_dags/example_task_group_decorator.py
[2021-06-25 09:33:36,172] {scheduler_job.py:643} INFO - DAG(s) dict_keys(['example_task_group_decorator']) retrieved from /home/airflow/sandbox/lib/python3.8/site-packages/airflow/example_dags/example_task_group_decorator.py
[2021-06-25 09:33:36,706] {logging_mixin.py:104} INFO - [2021-06-25 09:33:36,706] {dag.py:1832} INFO - Sync 1 DAGs
[2021-06-25 09:33:36,751] {logging_mixin.py:104} INFO - [2021-06-25 09:33:36,751] {dag.py:2305} INFO - Setting next_dagrun for example_task_group_decorator to 2021-06-23 00:00:00+00:00
[2021-06-25 09:33:36,777] {scheduler_job.py:190} INFO - Processing /home/airflow/sandbox/lib/python3.8/site-packages/airflow/example_dags/example_task_group_decorator.py took 0.703 seconds
[2021-06-25 09:34:07,396] {scheduler_job.py:182} INFO - Started process (PID=14057) to work on /home/airflow/sandbox/lib/python3.8/site-packages/airflow/example_dags/example_task_group_decorator.py
[2021-06-25 09:34:07,399] {scheduler_job.py:633} INFO - Processing file /home/airflow/sandbox/lib/python3.8/site-packages/airflow/example_dags/example_task_group_decorator.py for tasks to queue
[2021-06-25 09:34:07,407] {logging_mixin.py:104} INFO - [2021-06-25 09:34:07,407] {dagbag.py:487} INFO - Filling up the DagBag from /home/airflow/sandbox/lib/python3.8/site-packages/airflow/example_dags/example_task_group_decorator.py
[2021-06-25 09:34:07,483] {scheduler_job.py:643} INFO - DAG(s) dict_keys(['example_task_group_decorator']) retrieved from /home/airflow/sandbox/lib/python3.8/site-packages/airflow/example_dags/example_task_group_decorator.py
[2021-06-25 09:34:08,638] {logging_mixin.py:104} INFO - [2021-06-25 09:34:08,637] {dag.py:1832} INFO - Sync 1 DAGs
[2021-06-25 09:34:08,666] {logging_mixin.py:104} INFO - [2021-06-25 09:34:08,666] {dag.py:2305} INFO - Setting next_dagrun for example_task_group_decorator to 2021-06-23 00:00:00+00:00
[2021-06-25 09:34:08,691] {scheduler_job.py:190} INFO - Processing /home/airflow/sandbox/lib/python3.8/site-packages/airflow/example_dags/example_task_group_decorator.py took 1.307 seconds
[2021-06-25 09:34:38,878] {scheduler_job.py:182} INFO - Started process (PID=14257) to work on /home/airflow/sandbox/lib/python3.8/site-packages/airflow/example_dags/example_task_group_decorator.py
[2021-06-25 09:34:38,890] {scheduler_job.py:633} INFO - Processing file /home/airflow/sandbox/lib/python3.8/site-packages/airflow/example_dags/example_task_group_decorator.py for tasks to queue
[2021-06-25 09:34:38,897] {logging_mixin.py:104} INFO - [2021-06-25 09:34:38,897] {dagbag.py:487} INFO - Filling up the DagBag from /home/airflow/sandbox/lib/python3.8/site-packages/airflow/example_dags/example_task_group_decorator.py
[2021-06-25 09:34:39,053] {scheduler_job.py:643} INFO - DAG(s) dict_keys(['example_task_group_decorator']) retrieved from /home/airflow/sandbox/lib/python3.8/site-packages/airflow/example_dags/example_task_group_decorator.py
[2021-06-25 09:34:39,688] {logging_mixin.py:104} INFO - [2021-06-25 09:34:39,687] {dag.py:1832} INFO - Sync 1 DAGs
[2021-06-25 09:34:39,709] {logging_mixin.py:104} INFO - [2021-06-25 09:34:39,709] {dag.py:2305} INFO - Setting next_dagrun for example_task_group_decorator to 2021-06-23 00:00:00+00:00
[2021-06-25 09:34:39,733] {scheduler_job.py:190} INFO - Processing /home/airflow/sandbox/lib/python3.8/site-packages/airflow/example_dags/example_task_group_decorator.py took 0.859 seconds
[2021-06-25 09:35:10,047] {scheduler_job.py:182} INFO - Started process (PID=14515) to work on /home/airflow/sandbox/lib/python3.8/site-packages/airflow/example_dags/example_task_group_decorator.py
[2021-06-25 09:35:10,048] {scheduler_job.py:633} INFO - Processing file /home/airflow/sandbox/lib/python3.8/site-packages/airflow/example_dags/example_task_group_decorator.py for tasks to queue
[2021-06-25 09:35:10,049] {logging_mixin.py:104} INFO - [2021-06-25 09:35:10,049] {dagbag.py:487} INFO - Filling up the DagBag from /home/airflow/sandbox/lib/python3.8/site-packages/airflow/example_dags/example_task_group_decorator.py
[2021-06-25 09:35:10,088] {scheduler_job.py:643} INFO - DAG(s) dict_keys(['example_task_group_decorator']) retrieved from /home/airflow/sandbox/lib/python3.8/site-packages/airflow/example_dags/example_task_group_decorator.py
[2021-06-25 09:35:10,565] {logging_mixin.py:104} INFO - [2021-06-25 09:35:10,564] {dag.py:1832} INFO - Sync 1 DAGs
[2021-06-25 09:35:10,592] {logging_mixin.py:104} INFO - [2021-06-25 09:35:10,592] {dag.py:2305} INFO - Setting next_dagrun for example_task_group_decorator to 2021-06-23 00:00:00+00:00
[2021-06-25 09:35:10,607] {scheduler_job.py:190} INFO - Processing /home/airflow/sandbox/lib/python3.8/site-packages/airflow/example_dags/example_task_group_decorator.py took 0.572 seconds
[2021-06-25 09:35:40,849] {scheduler_job.py:182} INFO - Started process (PID=14797) to work on /home/airflow/sandbox/lib/python3.8/site-packages/airflow/example_dags/example_task_group_decorator.py
[2021-06-25 09:35:40,853] {scheduler_job.py:633} INFO - Processing file /home/airflow/sandbox/lib/python3.8/site-packages/airflow/example_dags/example_task_group_decorator.py for tasks to queue
[2021-06-25 09:35:40,854] {logging_mixin.py:104} INFO - [2021-06-25 09:35:40,854] {dagbag.py:487} INFO - Filling up the DagBag from /home/airflow/sandbox/lib/python3.8/site-packages/airflow/example_dags/example_task_group_decorator.py
[2021-06-25 09:35:40,974] {scheduler_job.py:643} INFO - DAG(s) dict_keys(['example_task_group_decorator']) retrieved from /home/airflow/sandbox/lib/python3.8/site-packages/airflow/example_dags/example_task_group_decorator.py
[2021-06-25 09:35:41,734] {logging_mixin.py:104} INFO - [2021-06-25 09:35:41,734] {dag.py:1832} INFO - Sync 1 DAGs
[2021-06-25 09:35:41,750] {logging_mixin.py:104} INFO - [2021-06-25 09:35:41,750] {dag.py:2305} INFO - Setting next_dagrun for example_task_group_decorator to 2021-06-23 00:00:00+00:00
[2021-06-25 09:35:41,768] {scheduler_job.py:190} INFO - Processing /home/airflow/sandbox/lib/python3.8/site-packages/airflow/example_dags/example_task_group_decorator.py took 0.939 seconds
[2021-06-25 09:36:12,240] {scheduler_job.py:182} INFO - Started process (PID=14998) to work on /home/airflow/sandbox/lib/python3.8/site-packages/airflow/example_dags/example_task_group_decorator.py
[2021-06-25 09:36:12,243] {scheduler_job.py:633} INFO - Processing file /home/airflow/sandbox/lib/python3.8/site-packages/airflow/example_dags/example_task_group_decorator.py for tasks to queue
[2021-06-25 09:36:12,251] {logging_mixin.py:104} INFO - [2021-06-25 09:36:12,251] {dagbag.py:487} INFO - Filling up the DagBag from /home/airflow/sandbox/lib/python3.8/site-packages/airflow/example_dags/example_task_group_decorator.py
[2021-06-25 09:36:12,281] {scheduler_job.py:643} INFO - DAG(s) dict_keys(['example_task_group_decorator']) retrieved from /home/airflow/sandbox/lib/python3.8/site-packages/airflow/example_dags/example_task_group_decorator.py
[2021-06-25 09:36:12,675] {logging_mixin.py:104} INFO - [2021-06-25 09:36:12,675] {dag.py:1832} INFO - Sync 1 DAGs
[2021-06-25 09:36:12,697] {logging_mixin.py:104} INFO - [2021-06-25 09:36:12,697] {dag.py:2305} INFO - Setting next_dagrun for example_task_group_decorator to 2021-06-23 00:00:00+00:00
[2021-06-25 09:36:12,715] {scheduler_job.py:190} INFO - Processing /home/airflow/sandbox/lib/python3.8/site-packages/airflow/example_dags/example_task_group_decorator.py took 0.480 seconds
[2021-06-25 09:36:42,751] {scheduler_job.py:182} INFO - Started process (PID=15198) to work on /home/airflow/sandbox/lib/python3.8/site-packages/airflow/example_dags/example_task_group_decorator.py
[2021-06-25 09:36:42,756] {scheduler_job.py:633} INFO - Processing file /home/airflow/sandbox/lib/python3.8/site-packages/airflow/example_dags/example_task_group_decorator.py for tasks to queue
[2021-06-25 09:36:42,760] {logging_mixin.py:104} INFO - [2021-06-25 09:36:42,760] {dagbag.py:487} INFO - Filling up the DagBag from /home/airflow/sandbox/lib/python3.8/site-packages/airflow/example_dags/example_task_group_decorator.py
[2021-06-25 09:36:42,796] {scheduler_job.py:643} INFO - DAG(s) dict_keys(['example_task_group_decorator']) retrieved from /home/airflow/sandbox/lib/python3.8/site-packages/airflow/example_dags/example_task_group_decorator.py
[2021-06-25 09:36:43,185] {logging_mixin.py:104} INFO - [2021-06-25 09:36:43,185] {dag.py:1832} INFO - Sync 1 DAGs
[2021-06-25 09:36:43,210] {logging_mixin.py:104} INFO - [2021-06-25 09:36:43,204] {dag.py:2305} INFO - Setting next_dagrun for example_task_group_decorator to 2021-06-23 00:00:00+00:00
[2021-06-25 09:36:43,233] {scheduler_job.py:190} INFO - Processing /home/airflow/sandbox/lib/python3.8/site-packages/airflow/example_dags/example_task_group_decorator.py took 0.485 seconds
[2021-06-25 09:37:13,474] {scheduler_job.py:182} INFO - Started process (PID=15398) to work on /home/airflow/sandbox/lib/python3.8/site-packages/airflow/example_dags/example_task_group_decorator.py
[2021-06-25 09:37:13,475] {scheduler_job.py:633} INFO - Processing file /home/airflow/sandbox/lib/python3.8/site-packages/airflow/example_dags/example_task_group_decorator.py for tasks to queue
[2021-06-25 09:37:13,476] {logging_mixin.py:104} INFO - [2021-06-25 09:37:13,476] {dagbag.py:487} INFO - Filling up the DagBag from /home/airflow/sandbox/lib/python3.8/site-packages/airflow/example_dags/example_task_group_decorator.py
[2021-06-25 09:37:13,519] {scheduler_job.py:643} INFO - DAG(s) dict_keys(['example_task_group_decorator']) retrieved from /home/airflow/sandbox/lib/python3.8/site-packages/airflow/example_dags/example_task_group_decorator.py
[2021-06-25 09:37:13,905] {logging_mixin.py:104} INFO - [2021-06-25 09:37:13,905] {dag.py:1832} INFO - Sync 1 DAGs
[2021-06-25 09:37:13,931] {logging_mixin.py:104} INFO - [2021-06-25 09:37:13,931] {dag.py:2305} INFO - Setting next_dagrun for example_task_group_decorator to 2021-06-23 00:00:00+00:00
[2021-06-25 09:37:13,958] {scheduler_job.py:190} INFO - Processing /home/airflow/sandbox/lib/python3.8/site-packages/airflow/example_dags/example_task_group_decorator.py took 0.489 seconds
[2021-06-25 09:37:44,825] {scheduler_job.py:182} INFO - Started process (PID=15598) to work on /home/airflow/sandbox/lib/python3.8/site-packages/airflow/example_dags/example_task_group_decorator.py
[2021-06-25 09:37:44,841] {scheduler_job.py:633} INFO - Processing file /home/airflow/sandbox/lib/python3.8/site-packages/airflow/example_dags/example_task_group_decorator.py for tasks to queue
[2021-06-25 09:37:44,843] {logging_mixin.py:104} INFO - [2021-06-25 09:37:44,842] {dagbag.py:487} INFO - Filling up the DagBag from /home/airflow/sandbox/lib/python3.8/site-packages/airflow/example_dags/example_task_group_decorator.py
[2021-06-25 09:37:44,881] {scheduler_job.py:643} INFO - DAG(s) dict_keys(['example_task_group_decorator']) retrieved from /home/airflow/sandbox/lib/python3.8/site-packages/airflow/example_dags/example_task_group_decorator.py
[2021-06-25 09:37:45,419] {logging_mixin.py:104} INFO - [2021-06-25 09:37:45,419] {dag.py:1832} INFO - Sync 1 DAGs
[2021-06-25 09:37:45,458] {logging_mixin.py:104} INFO - [2021-06-25 09:37:45,458] {dag.py:2305} INFO - Setting next_dagrun for example_task_group_decorator to 2021-06-23 00:00:00+00:00
[2021-06-25 09:37:45,478] {scheduler_job.py:190} INFO - Processing /home/airflow/sandbox/lib/python3.8/site-packages/airflow/example_dags/example_task_group_decorator.py took 0.659 seconds
[2021-06-25 09:38:16,106] {scheduler_job.py:182} INFO - Started process (PID=15799) to work on /home/airflow/sandbox/lib/python3.8/site-packages/airflow/example_dags/example_task_group_decorator.py
[2021-06-25 09:38:16,111] {scheduler_job.py:633} INFO - Processing file /home/airflow/sandbox/lib/python3.8/site-packages/airflow/example_dags/example_task_group_decorator.py for tasks to queue
[2021-06-25 09:38:16,114] {logging_mixin.py:104} INFO - [2021-06-25 09:38:16,113] {dagbag.py:487} INFO - Filling up the DagBag from /home/airflow/sandbox/lib/python3.8/site-packages/airflow/example_dags/example_task_group_decorator.py
[2021-06-25 09:38:16,290] {scheduler_job.py:643} INFO - DAG(s) dict_keys(['example_task_group_decorator']) retrieved from /home/airflow/sandbox/lib/python3.8/site-packages/airflow/example_dags/example_task_group_decorator.py
[2021-06-25 09:38:17,356] {logging_mixin.py:104} INFO - [2021-06-25 09:38:17,356] {dag.py:1832} INFO - Sync 1 DAGs
[2021-06-25 09:38:17,408] {logging_mixin.py:104} INFO - [2021-06-25 09:38:17,408] {dag.py:2305} INFO - Setting next_dagrun for example_task_group_decorator to 2021-06-23 00:00:00+00:00
[2021-06-25 09:38:17,441] {scheduler_job.py:190} INFO - Processing /home/airflow/sandbox/lib/python3.8/site-packages/airflow/example_dags/example_task_group_decorator.py took 1.344 seconds
[2021-06-25 09:39:58,115] {scheduler_job.py:182} INFO - Started process (PID=16176) to work on /home/airflow/sandbox/lib/python3.8/site-packages/airflow/example_dags/example_task_group_decorator.py
[2021-06-25 09:39:58,139] {scheduler_job.py:633} INFO - Processing file /home/airflow/sandbox/lib/python3.8/site-packages/airflow/example_dags/example_task_group_decorator.py for tasks to queue
[2021-06-25 09:39:58,161] {logging_mixin.py:104} INFO - [2021-06-25 09:39:58,160] {dagbag.py:487} INFO - Filling up the DagBag from /home/airflow/sandbox/lib/python3.8/site-packages/airflow/example_dags/example_task_group_decorator.py
[2021-06-25 09:39:58,473] {scheduler_job.py:643} INFO - DAG(s) dict_keys(['example_task_group_decorator']) retrieved from /home/airflow/sandbox/lib/python3.8/site-packages/airflow/example_dags/example_task_group_decorator.py
[2021-06-25 09:40:01,137] {logging_mixin.py:104} INFO - [2021-06-25 09:40:01,136] {dag.py:1832} INFO - Sync 1 DAGs
[2021-06-25 09:40:01,224] {logging_mixin.py:104} INFO - [2021-06-25 09:40:01,224] {dag.py:2305} INFO - Setting next_dagrun for example_task_group_decorator to 2021-06-23 00:00:00+00:00
[2021-06-25 09:40:01,290] {scheduler_job.py:190} INFO - Processing /home/airflow/sandbox/lib/python3.8/site-packages/airflow/example_dags/example_task_group_decorator.py took 3.194 seconds
[2021-06-25 09:40:32,195] {scheduler_job.py:182} INFO - Started process (PID=16386) to work on /home/airflow/sandbox/lib/python3.8/site-packages/airflow/example_dags/example_task_group_decorator.py
[2021-06-25 09:40:32,197] {scheduler_job.py:633} INFO - Processing file /home/airflow/sandbox/lib/python3.8/site-packages/airflow/example_dags/example_task_group_decorator.py for tasks to queue
[2021-06-25 09:40:32,199] {logging_mixin.py:104} INFO - [2021-06-25 09:40:32,199] {dagbag.py:487} INFO - Filling up the DagBag from /home/airflow/sandbox/lib/python3.8/site-packages/airflow/example_dags/example_task_group_decorator.py
[2021-06-25 09:40:32,227] {scheduler_job.py:643} INFO - DAG(s) dict_keys(['example_task_group_decorator']) retrieved from /home/airflow/sandbox/lib/python3.8/site-packages/airflow/example_dags/example_task_group_decorator.py
[2021-06-25 09:40:32,615] {logging_mixin.py:104} INFO - [2021-06-25 09:40:32,615] {dag.py:1832} INFO - Sync 1 DAGs
[2021-06-25 09:40:32,634] {logging_mixin.py:104} INFO - [2021-06-25 09:40:32,634] {dag.py:2305} INFO - Setting next_dagrun for example_task_group_decorator to 2021-06-23 00:00:00+00:00
[2021-06-25 09:40:32,648] {scheduler_job.py:190} INFO - Processing /home/airflow/sandbox/lib/python3.8/site-packages/airflow/example_dags/example_task_group_decorator.py took 0.457 seconds
[2021-06-25 09:41:02,872] {scheduler_job.py:182} INFO - Started process (PID=16583) to work on /home/airflow/sandbox/lib/python3.8/site-packages/airflow/example_dags/example_task_group_decorator.py
[2021-06-25 09:41:02,889] {scheduler_job.py:633} INFO - Processing file /home/airflow/sandbox/lib/python3.8/site-packages/airflow/example_dags/example_task_group_decorator.py for tasks to queue
[2021-06-25 09:41:02,893] {logging_mixin.py:104} INFO - [2021-06-25 09:41:02,892] {dagbag.py:487} INFO - Filling up the DagBag from /home/airflow/sandbox/lib/python3.8/site-packages/airflow/example_dags/example_task_group_decorator.py
[2021-06-25 09:41:02,999] {scheduler_job.py:643} INFO - DAG(s) dict_keys(['example_task_group_decorator']) retrieved from /home/airflow/sandbox/lib/python3.8/site-packages/airflow/example_dags/example_task_group_decorator.py
[2021-06-25 09:41:05,026] {logging_mixin.py:104} INFO - [2021-06-25 09:41:05,025] {dag.py:1832} INFO - Sync 1 DAGs
[2021-06-25 09:41:05,074] {logging_mixin.py:104} INFO - [2021-06-25 09:41:05,073] {dag.py:2305} INFO - Setting next_dagrun for example_task_group_decorator to 2021-06-23 00:00:00+00:00
[2021-06-25 09:41:05,164] {scheduler_job.py:190} INFO - Processing /home/airflow/sandbox/lib/python3.8/site-packages/airflow/example_dags/example_task_group_decorator.py took 2.302 seconds
[2021-06-25 09:41:35,503] {scheduler_job.py:182} INFO - Started process (PID=16787) to work on /home/airflow/sandbox/lib/python3.8/site-packages/airflow/example_dags/example_task_group_decorator.py
[2021-06-25 09:41:35,505] {scheduler_job.py:633} INFO - Processing file /home/airflow/sandbox/lib/python3.8/site-packages/airflow/example_dags/example_task_group_decorator.py for tasks to queue
[2021-06-25 09:41:35,506] {logging_mixin.py:104} INFO - [2021-06-25 09:41:35,505] {dagbag.py:487} INFO - Filling up the DagBag from /home/airflow/sandbox/lib/python3.8/site-packages/airflow/example_dags/example_task_group_decorator.py
[2021-06-25 09:41:35,534] {scheduler_job.py:643} INFO - DAG(s) dict_keys(['example_task_group_decorator']) retrieved from /home/airflow/sandbox/lib/python3.8/site-packages/airflow/example_dags/example_task_group_decorator.py
[2021-06-25 09:41:35,972] {logging_mixin.py:104} INFO - [2021-06-25 09:41:35,972] {dag.py:1832} INFO - Sync 1 DAGs
[2021-06-25 09:41:35,986] {logging_mixin.py:104} INFO - [2021-06-25 09:41:35,986] {dag.py:2305} INFO - Setting next_dagrun for example_task_group_decorator to 2021-06-23 00:00:00+00:00
[2021-06-25 09:41:36,004] {scheduler_job.py:190} INFO - Processing /home/airflow/sandbox/lib/python3.8/site-packages/airflow/example_dags/example_task_group_decorator.py took 0.507 seconds
[2021-06-25 09:42:06,449] {scheduler_job.py:182} INFO - Started process (PID=16985) to work on /home/airflow/sandbox/lib/python3.8/site-packages/airflow/example_dags/example_task_group_decorator.py
[2021-06-25 09:42:06,456] {scheduler_job.py:633} INFO - Processing file /home/airflow/sandbox/lib/python3.8/site-packages/airflow/example_dags/example_task_group_decorator.py for tasks to queue
[2021-06-25 09:42:06,471] {logging_mixin.py:104} INFO - [2021-06-25 09:42:06,461] {dagbag.py:487} INFO - Filling up the DagBag from /home/airflow/sandbox/lib/python3.8/site-packages/airflow/example_dags/example_task_group_decorator.py
[2021-06-25 09:42:06,616] {scheduler_job.py:643} INFO - DAG(s) dict_keys(['example_task_group_decorator']) retrieved from /home/airflow/sandbox/lib/python3.8/site-packages/airflow/example_dags/example_task_group_decorator.py
[2021-06-25 09:42:07,572] {logging_mixin.py:104} INFO - [2021-06-25 09:42:07,572] {dag.py:1832} INFO - Sync 1 DAGs
[2021-06-25 09:42:07,605] {logging_mixin.py:104} INFO - [2021-06-25 09:42:07,605] {dag.py:2305} INFO - Setting next_dagrun for example_task_group_decorator to 2021-06-23 00:00:00+00:00
[2021-06-25 09:42:07,638] {scheduler_job.py:190} INFO - Processing /home/airflow/sandbox/lib/python3.8/site-packages/airflow/example_dags/example_task_group_decorator.py took 1.202 seconds
[2021-06-25 09:42:38,929] {scheduler_job.py:182} INFO - Started process (PID=17184) to work on /home/airflow/sandbox/lib/python3.8/site-packages/airflow/example_dags/example_task_group_decorator.py
[2021-06-25 09:42:38,970] {scheduler_job.py:633} INFO - Processing file /home/airflow/sandbox/lib/python3.8/site-packages/airflow/example_dags/example_task_group_decorator.py for tasks to queue
[2021-06-25 09:42:38,971] {logging_mixin.py:104} INFO - [2021-06-25 09:42:38,971] {dagbag.py:487} INFO - Filling up the DagBag from /home/airflow/sandbox/lib/python3.8/site-packages/airflow/example_dags/example_task_group_decorator.py
[2021-06-25 09:42:39,057] {scheduler_job.py:643} INFO - DAG(s) dict_keys(['example_task_group_decorator']) retrieved from /home/airflow/sandbox/lib/python3.8/site-packages/airflow/example_dags/example_task_group_decorator.py
[2021-06-25 09:42:40,171] {logging_mixin.py:104} INFO - [2021-06-25 09:42:40,171] {dag.py:1832} INFO - Sync 1 DAGs
[2021-06-25 09:42:40,194] {logging_mixin.py:104} INFO - [2021-06-25 09:42:40,193] {dag.py:2305} INFO - Setting next_dagrun for example_task_group_decorator to 2021-06-23 00:00:00+00:00
[2021-06-25 09:42:40,229] {scheduler_job.py:190} INFO - Processing /home/airflow/sandbox/lib/python3.8/site-packages/airflow/example_dags/example_task_group_decorator.py took 1.335 seconds
[2021-06-25 09:43:10,891] {scheduler_job.py:182} INFO - Started process (PID=17382) to work on /home/airflow/sandbox/lib/python3.8/site-packages/airflow/example_dags/example_task_group_decorator.py
[2021-06-25 09:43:10,905] {scheduler_job.py:633} INFO - Processing file /home/airflow/sandbox/lib/python3.8/site-packages/airflow/example_dags/example_task_group_decorator.py for tasks to queue
[2021-06-25 09:43:10,905] {logging_mixin.py:104} INFO - [2021-06-25 09:43:10,905] {dagbag.py:487} INFO - Filling up the DagBag from /home/airflow/sandbox/lib/python3.8/site-packages/airflow/example_dags/example_task_group_decorator.py
[2021-06-25 09:43:10,945] {scheduler_job.py:643} INFO - DAG(s) dict_keys(['example_task_group_decorator']) retrieved from /home/airflow/sandbox/lib/python3.8/site-packages/airflow/example_dags/example_task_group_decorator.py
[2021-06-25 09:43:11,478] {logging_mixin.py:104} INFO - [2021-06-25 09:43:11,478] {dag.py:1832} INFO - Sync 1 DAGs
[2021-06-25 09:43:11,495] {logging_mixin.py:104} INFO - [2021-06-25 09:43:11,495] {dag.py:2305} INFO - Setting next_dagrun for example_task_group_decorator to 2021-06-23 00:00:00+00:00
[2021-06-25 09:43:11,515] {scheduler_job.py:190} INFO - Processing /home/airflow/sandbox/lib/python3.8/site-packages/airflow/example_dags/example_task_group_decorator.py took 0.627 seconds
[2021-06-25 09:43:41,665] {scheduler_job.py:182} INFO - Started process (PID=17586) to work on /home/airflow/sandbox/lib/python3.8/site-packages/airflow/example_dags/example_task_group_decorator.py
[2021-06-25 09:43:41,667] {scheduler_job.py:633} INFO - Processing file /home/airflow/sandbox/lib/python3.8/site-packages/airflow/example_dags/example_task_group_decorator.py for tasks to queue
[2021-06-25 09:43:41,674] {logging_mixin.py:104} INFO - [2021-06-25 09:43:41,674] {dagbag.py:487} INFO - Filling up the DagBag from /home/airflow/sandbox/lib/python3.8/site-packages/airflow/example_dags/example_task_group_decorator.py
[2021-06-25 09:43:41,748] {scheduler_job.py:643} INFO - DAG(s) dict_keys(['example_task_group_decorator']) retrieved from /home/airflow/sandbox/lib/python3.8/site-packages/airflow/example_dags/example_task_group_decorator.py
[2021-06-25 09:43:42,348] {logging_mixin.py:104} INFO - [2021-06-25 09:43:42,347] {dag.py:1832} INFO - Sync 1 DAGs
[2021-06-25 09:43:42,367] {logging_mixin.py:104} INFO - [2021-06-25 09:43:42,366] {dag.py:2305} INFO - Setting next_dagrun for example_task_group_decorator to 2021-06-23 00:00:00+00:00
[2021-06-25 09:43:42,385] {scheduler_job.py:190} INFO - Processing /home/airflow/sandbox/lib/python3.8/site-packages/airflow/example_dags/example_task_group_decorator.py took 0.725 seconds
[2021-06-25 09:44:13,146] {scheduler_job.py:182} INFO - Started process (PID=17788) to work on /home/airflow/sandbox/lib/python3.8/site-packages/airflow/example_dags/example_task_group_decorator.py
[2021-06-25 09:44:13,152] {scheduler_job.py:633} INFO - Processing file /home/airflow/sandbox/lib/python3.8/site-packages/airflow/example_dags/example_task_group_decorator.py for tasks to queue
[2021-06-25 09:44:13,155] {logging_mixin.py:104} INFO - [2021-06-25 09:44:13,154] {dagbag.py:487} INFO - Filling up the DagBag from /home/airflow/sandbox/lib/python3.8/site-packages/airflow/example_dags/example_task_group_decorator.py
[2021-06-25 09:44:13,269] {scheduler_job.py:643} INFO - DAG(s) dict_keys(['example_task_group_decorator']) retrieved from /home/airflow/sandbox/lib/python3.8/site-packages/airflow/example_dags/example_task_group_decorator.py
[2021-06-25 09:44:14,875] {logging_mixin.py:104} INFO - [2021-06-25 09:44:14,875] {dag.py:1832} INFO - Sync 1 DAGs
[2021-06-25 09:44:14,919] {logging_mixin.py:104} INFO - [2021-06-25 09:44:14,918] {dag.py:2305} INFO - Setting next_dagrun for example_task_group_decorator to 2021-06-23 00:00:00+00:00
[2021-06-25 09:44:14,950] {scheduler_job.py:190} INFO - Processing /home/airflow/sandbox/lib/python3.8/site-packages/airflow/example_dags/example_task_group_decorator.py took 1.822 seconds
[2021-06-25 09:44:45,841] {scheduler_job.py:182} INFO - Started process (PID=18294) to work on /home/airflow/sandbox/lib/python3.8/site-packages/airflow/example_dags/example_task_group_decorator.py
[2021-06-25 09:44:45,880] {scheduler_job.py:633} INFO - Processing file /home/airflow/sandbox/lib/python3.8/site-packages/airflow/example_dags/example_task_group_decorator.py for tasks to queue
[2021-06-25 09:44:45,906] {logging_mixin.py:104} INFO - [2021-06-25 09:44:45,905] {dagbag.py:487} INFO - Filling up the DagBag from /home/airflow/sandbox/lib/python3.8/site-packages/airflow/example_dags/example_task_group_decorator.py
[2021-06-25 09:44:46,504] {scheduler_job.py:643} INFO - DAG(s) dict_keys(['example_task_group_decorator']) retrieved from /home/airflow/sandbox/lib/python3.8/site-packages/airflow/example_dags/example_task_group_decorator.py
[2021-06-25 09:45:04,381] {logging_mixin.py:104} INFO - [2021-06-25 09:45:04,381] {dag.py:1832} INFO - Sync 1 DAGs
[2021-06-25 09:45:04,839] {logging_mixin.py:104} INFO - [2021-06-25 09:45:04,838] {dag.py:2305} INFO - Setting next_dagrun for example_task_group_decorator to 2021-06-23 00:00:00+00:00
[2021-06-25 09:45:05,058] {scheduler_job.py:190} INFO - Processing /home/airflow/sandbox/lib/python3.8/site-packages/airflow/example_dags/example_task_group_decorator.py took 19.319 seconds
[2021-06-25 09:45:56,500] {scheduler_job.py:182} INFO - Started process (PID=19434) to work on /home/airflow/sandbox/lib/python3.8/site-packages/airflow/example_dags/example_task_group_decorator.py
[2021-06-25 09:45:56,506] {scheduler_job.py:633} INFO - Processing file /home/airflow/sandbox/lib/python3.8/site-packages/airflow/example_dags/example_task_group_decorator.py for tasks to queue
[2021-06-25 09:45:56,510] {logging_mixin.py:104} INFO - [2021-06-25 09:45:56,509] {dagbag.py:487} INFO - Filling up the DagBag from /home/airflow/sandbox/lib/python3.8/site-packages/airflow/example_dags/example_task_group_decorator.py
[2021-06-25 09:45:56,601] {scheduler_job.py:643} INFO - DAG(s) dict_keys(['example_task_group_decorator']) retrieved from /home/airflow/sandbox/lib/python3.8/site-packages/airflow/example_dags/example_task_group_decorator.py
[2021-06-25 09:45:57,529] {logging_mixin.py:104} INFO - [2021-06-25 09:45:57,529] {dag.py:1832} INFO - Sync 1 DAGs
[2021-06-25 09:45:57,550] {logging_mixin.py:104} INFO - [2021-06-25 09:45:57,550] {dag.py:2305} INFO - Setting next_dagrun for example_task_group_decorator to 2021-06-23 00:00:00+00:00
[2021-06-25 09:45:57,568] {scheduler_job.py:190} INFO - Processing /home/airflow/sandbox/lib/python3.8/site-packages/airflow/example_dags/example_task_group_decorator.py took 1.078 seconds
[2021-06-25 09:46:27,663] {scheduler_job.py:182} INFO - Started process (PID=19645) to work on /home/airflow/sandbox/lib/python3.8/site-packages/airflow/example_dags/example_task_group_decorator.py
[2021-06-25 09:46:27,667] {scheduler_job.py:633} INFO - Processing file /home/airflow/sandbox/lib/python3.8/site-packages/airflow/example_dags/example_task_group_decorator.py for tasks to queue
[2021-06-25 09:46:27,674] {logging_mixin.py:104} INFO - [2021-06-25 09:46:27,674] {dagbag.py:487} INFO - Filling up the DagBag from /home/airflow/sandbox/lib/python3.8/site-packages/airflow/example_dags/example_task_group_decorator.py
[2021-06-25 09:46:27,703] {scheduler_job.py:643} INFO - DAG(s) dict_keys(['example_task_group_decorator']) retrieved from /home/airflow/sandbox/lib/python3.8/site-packages/airflow/example_dags/example_task_group_decorator.py
[2021-06-25 09:46:28,062] {logging_mixin.py:104} INFO - [2021-06-25 09:46:28,062] {dag.py:1832} INFO - Sync 1 DAGs
[2021-06-25 09:46:28,079] {logging_mixin.py:104} INFO - [2021-06-25 09:46:28,079] {dag.py:2305} INFO - Setting next_dagrun for example_task_group_decorator to 2021-06-23 00:00:00+00:00
[2021-06-25 09:46:28,095] {scheduler_job.py:190} INFO - Processing /home/airflow/sandbox/lib/python3.8/site-packages/airflow/example_dags/example_task_group_decorator.py took 0.436 seconds
[2021-06-25 09:46:58,392] {scheduler_job.py:182} INFO - Started process (PID=19845) to work on /home/airflow/sandbox/lib/python3.8/site-packages/airflow/example_dags/example_task_group_decorator.py
[2021-06-25 09:46:58,394] {scheduler_job.py:633} INFO - Processing file /home/airflow/sandbox/lib/python3.8/site-packages/airflow/example_dags/example_task_group_decorator.py for tasks to queue
[2021-06-25 09:46:58,397] {logging_mixin.py:104} INFO - [2021-06-25 09:46:58,396] {dagbag.py:487} INFO - Filling up the DagBag from /home/airflow/sandbox/lib/python3.8/site-packages/airflow/example_dags/example_task_group_decorator.py
[2021-06-25 09:46:58,467] {scheduler_job.py:643} INFO - DAG(s) dict_keys(['example_task_group_decorator']) retrieved from /home/airflow/sandbox/lib/python3.8/site-packages/airflow/example_dags/example_task_group_decorator.py
[2021-06-25 09:46:59,115] {logging_mixin.py:104} INFO - [2021-06-25 09:46:59,114] {dag.py:1832} INFO - Sync 1 DAGs
[2021-06-25 09:46:59,151] {logging_mixin.py:104} INFO - [2021-06-25 09:46:59,151] {dag.py:2305} INFO - Setting next_dagrun for example_task_group_decorator to 2021-06-23 00:00:00+00:00
[2021-06-25 09:46:59,184] {scheduler_job.py:190} INFO - Processing /home/airflow/sandbox/lib/python3.8/site-packages/airflow/example_dags/example_task_group_decorator.py took 0.797 seconds
[2021-06-25 09:47:29,386] {scheduler_job.py:182} INFO - Started process (PID=20076) to work on /home/airflow/sandbox/lib/python3.8/site-packages/airflow/example_dags/example_task_group_decorator.py
[2021-06-25 09:47:29,405] {scheduler_job.py:633} INFO - Processing file /home/airflow/sandbox/lib/python3.8/site-packages/airflow/example_dags/example_task_group_decorator.py for tasks to queue
[2021-06-25 09:47:29,412] {logging_mixin.py:104} INFO - [2021-06-25 09:47:29,411] {dagbag.py:487} INFO - Filling up the DagBag from /home/airflow/sandbox/lib/python3.8/site-packages/airflow/example_dags/example_task_group_decorator.py
[2021-06-25 09:47:29,494] {scheduler_job.py:643} INFO - DAG(s) dict_keys(['example_task_group_decorator']) retrieved from /home/airflow/sandbox/lib/python3.8/site-packages/airflow/example_dags/example_task_group_decorator.py
[2021-06-25 09:47:31,533] {logging_mixin.py:104} INFO - [2021-06-25 09:47:31,533] {dag.py:1832} INFO - Sync 1 DAGs
[2021-06-25 09:47:31,663] {logging_mixin.py:104} INFO - [2021-06-25 09:47:31,658] {dag.py:2305} INFO - Setting next_dagrun for example_task_group_decorator to 2021-06-23 00:00:00+00:00
[2021-06-25 09:47:31,769] {scheduler_job.py:190} INFO - Processing /home/airflow/sandbox/lib/python3.8/site-packages/airflow/example_dags/example_task_group_decorator.py took 2.410 seconds
[2021-06-25 09:48:02,044] {scheduler_job.py:182} INFO - Started process (PID=20420) to work on /home/airflow/sandbox/lib/python3.8/site-packages/airflow/example_dags/example_task_group_decorator.py
[2021-06-25 09:48:02,048] {scheduler_job.py:633} INFO - Processing file /home/airflow/sandbox/lib/python3.8/site-packages/airflow/example_dags/example_task_group_decorator.py for tasks to queue
[2021-06-25 09:48:02,058] {logging_mixin.py:104} INFO - [2021-06-25 09:48:02,058] {dagbag.py:487} INFO - Filling up the DagBag from /home/airflow/sandbox/lib/python3.8/site-packages/airflow/example_dags/example_task_group_decorator.py
[2021-06-25 09:48:02,217] {scheduler_job.py:643} INFO - DAG(s) dict_keys(['example_task_group_decorator']) retrieved from /home/airflow/sandbox/lib/python3.8/site-packages/airflow/example_dags/example_task_group_decorator.py
[2021-06-25 09:48:03,605] {logging_mixin.py:104} INFO - [2021-06-25 09:48:03,603] {dag.py:1832} INFO - Sync 1 DAGs
[2021-06-25 09:48:03,684] {logging_mixin.py:104} INFO - [2021-06-25 09:48:03,680] {dag.py:2305} INFO - Setting next_dagrun for example_task_group_decorator to 2021-06-23 00:00:00+00:00
[2021-06-25 09:48:03,844] {scheduler_job.py:190} INFO - Processing /home/airflow/sandbox/lib/python3.8/site-packages/airflow/example_dags/example_task_group_decorator.py took 1.806 seconds
[2021-06-25 09:48:34,138] {scheduler_job.py:182} INFO - Started process (PID=20660) to work on /home/airflow/sandbox/lib/python3.8/site-packages/airflow/example_dags/example_task_group_decorator.py
[2021-06-25 09:48:34,165] {scheduler_job.py:633} INFO - Processing file /home/airflow/sandbox/lib/python3.8/site-packages/airflow/example_dags/example_task_group_decorator.py for tasks to queue
[2021-06-25 09:48:34,194] {logging_mixin.py:104} INFO - [2021-06-25 09:48:34,192] {dagbag.py:487} INFO - Filling up the DagBag from /home/airflow/sandbox/lib/python3.8/site-packages/airflow/example_dags/example_task_group_decorator.py
[2021-06-25 09:48:34,266] {scheduler_job.py:643} INFO - DAG(s) dict_keys(['example_task_group_decorator']) retrieved from /home/airflow/sandbox/lib/python3.8/site-packages/airflow/example_dags/example_task_group_decorator.py
[2021-06-25 09:48:35,096] {logging_mixin.py:104} INFO - [2021-06-25 09:48:35,096] {dag.py:1832} INFO - Sync 1 DAGs
[2021-06-25 09:48:35,123] {logging_mixin.py:104} INFO - [2021-06-25 09:48:35,122] {dag.py:2305} INFO - Setting next_dagrun for example_task_group_decorator to 2021-06-23 00:00:00+00:00
[2021-06-25 09:48:35,169] {scheduler_job.py:190} INFO - Processing /home/airflow/sandbox/lib/python3.8/site-packages/airflow/example_dags/example_task_group_decorator.py took 1.037 seconds
[2021-06-25 09:49:05,235] {scheduler_job.py:182} INFO - Started process (PID=20861) to work on /home/airflow/sandbox/lib/python3.8/site-packages/airflow/example_dags/example_task_group_decorator.py
[2021-06-25 09:49:05,238] {scheduler_job.py:633} INFO - Processing file /home/airflow/sandbox/lib/python3.8/site-packages/airflow/example_dags/example_task_group_decorator.py for tasks to queue
[2021-06-25 09:49:05,241] {logging_mixin.py:104} INFO - [2021-06-25 09:49:05,241] {dagbag.py:487} INFO - Filling up the DagBag from /home/airflow/sandbox/lib/python3.8/site-packages/airflow/example_dags/example_task_group_decorator.py
[2021-06-25 09:49:05,286] {scheduler_job.py:643} INFO - DAG(s) dict_keys(['example_task_group_decorator']) retrieved from /home/airflow/sandbox/lib/python3.8/site-packages/airflow/example_dags/example_task_group_decorator.py
[2021-06-25 09:49:05,791] {logging_mixin.py:104} INFO - [2021-06-25 09:49:05,790] {dag.py:1832} INFO - Sync 1 DAGs
[2021-06-25 09:49:05,812] {logging_mixin.py:104} INFO - [2021-06-25 09:49:05,812] {dag.py:2305} INFO - Setting next_dagrun for example_task_group_decorator to 2021-06-23 00:00:00+00:00
[2021-06-25 09:49:05,833] {scheduler_job.py:190} INFO - Processing /home/airflow/sandbox/lib/python3.8/site-packages/airflow/example_dags/example_task_group_decorator.py took 0.601 seconds
[2021-06-25 09:49:36,517] {scheduler_job.py:182} INFO - Started process (PID=21061) to work on /home/airflow/sandbox/lib/python3.8/site-packages/airflow/example_dags/example_task_group_decorator.py
[2021-06-25 09:49:36,524] {scheduler_job.py:633} INFO - Processing file /home/airflow/sandbox/lib/python3.8/site-packages/airflow/example_dags/example_task_group_decorator.py for tasks to queue
[2021-06-25 09:49:36,525] {logging_mixin.py:104} INFO - [2021-06-25 09:49:36,525] {dagbag.py:487} INFO - Filling up the DagBag from /home/airflow/sandbox/lib/python3.8/site-packages/airflow/example_dags/example_task_group_decorator.py
[2021-06-25 09:49:36,585] {scheduler_job.py:643} INFO - DAG(s) dict_keys(['example_task_group_decorator']) retrieved from /home/airflow/sandbox/lib/python3.8/site-packages/airflow/example_dags/example_task_group_decorator.py
[2021-06-25 09:49:37,338] {logging_mixin.py:104} INFO - [2021-06-25 09:49:37,338] {dag.py:1832} INFO - Sync 1 DAGs
[2021-06-25 09:49:37,365] {logging_mixin.py:104} INFO - [2021-06-25 09:49:37,365] {dag.py:2305} INFO - Setting next_dagrun for example_task_group_decorator to 2021-06-23 00:00:00+00:00
[2021-06-25 09:49:37,392] {scheduler_job.py:190} INFO - Processing /home/airflow/sandbox/lib/python3.8/site-packages/airflow/example_dags/example_task_group_decorator.py took 0.882 seconds
[2021-06-25 09:50:08,268] {scheduler_job.py:182} INFO - Started process (PID=21268) to work on /home/airflow/sandbox/lib/python3.8/site-packages/airflow/example_dags/example_task_group_decorator.py
[2021-06-25 09:50:08,273] {scheduler_job.py:633} INFO - Processing file /home/airflow/sandbox/lib/python3.8/site-packages/airflow/example_dags/example_task_group_decorator.py for tasks to queue
[2021-06-25 09:50:08,276] {logging_mixin.py:104} INFO - [2021-06-25 09:50:08,276] {dagbag.py:487} INFO - Filling up the DagBag from /home/airflow/sandbox/lib/python3.8/site-packages/airflow/example_dags/example_task_group_decorator.py
[2021-06-25 09:50:08,381] {scheduler_job.py:643} INFO - DAG(s) dict_keys(['example_task_group_decorator']) retrieved from /home/airflow/sandbox/lib/python3.8/site-packages/airflow/example_dags/example_task_group_decorator.py
[2021-06-25 09:50:08,947] {logging_mixin.py:104} INFO - [2021-06-25 09:50:08,946] {dag.py:1832} INFO - Sync 1 DAGs
[2021-06-25 09:50:08,966] {logging_mixin.py:104} INFO - [2021-06-25 09:50:08,965] {dag.py:2305} INFO - Setting next_dagrun for example_task_group_decorator to 2021-06-23 00:00:00+00:00
[2021-06-25 09:50:08,992] {scheduler_job.py:190} INFO - Processing /home/airflow/sandbox/lib/python3.8/site-packages/airflow/example_dags/example_task_group_decorator.py took 0.727 seconds
[2021-06-25 09:50:39,172] {scheduler_job.py:182} INFO - Started process (PID=21470) to work on /home/airflow/sandbox/lib/python3.8/site-packages/airflow/example_dags/example_task_group_decorator.py
[2021-06-25 09:50:39,176] {scheduler_job.py:633} INFO - Processing file /home/airflow/sandbox/lib/python3.8/site-packages/airflow/example_dags/example_task_group_decorator.py for tasks to queue
[2021-06-25 09:50:39,180] {logging_mixin.py:104} INFO - [2021-06-25 09:50:39,177] {dagbag.py:487} INFO - Filling up the DagBag from /home/airflow/sandbox/lib/python3.8/site-packages/airflow/example_dags/example_task_group_decorator.py
[2021-06-25 09:50:39,223] {scheduler_job.py:643} INFO - DAG(s) dict_keys(['example_task_group_decorator']) retrieved from /home/airflow/sandbox/lib/python3.8/site-packages/airflow/example_dags/example_task_group_decorator.py
[2021-06-25 09:50:39,777] {logging_mixin.py:104} INFO - [2021-06-25 09:50:39,777] {dag.py:1832} INFO - Sync 1 DAGs
[2021-06-25 09:50:39,804] {logging_mixin.py:104} INFO - [2021-06-25 09:50:39,804] {dag.py:2305} INFO - Setting next_dagrun for example_task_group_decorator to 2021-06-23 00:00:00+00:00
[2021-06-25 09:50:39,825] {scheduler_job.py:190} INFO - Processing /home/airflow/sandbox/lib/python3.8/site-packages/airflow/example_dags/example_task_group_decorator.py took 0.657 seconds
[2021-06-25 09:51:10,145] {scheduler_job.py:182} INFO - Started process (PID=21671) to work on /home/airflow/sandbox/lib/python3.8/site-packages/airflow/example_dags/example_task_group_decorator.py
[2021-06-25 09:51:10,146] {scheduler_job.py:633} INFO - Processing file /home/airflow/sandbox/lib/python3.8/site-packages/airflow/example_dags/example_task_group_decorator.py for tasks to queue
[2021-06-25 09:51:10,147] {logging_mixin.py:104} INFO - [2021-06-25 09:51:10,147] {dagbag.py:487} INFO - Filling up the DagBag from /home/airflow/sandbox/lib/python3.8/site-packages/airflow/example_dags/example_task_group_decorator.py
[2021-06-25 09:51:10,170] {scheduler_job.py:643} INFO - DAG(s) dict_keys(['example_task_group_decorator']) retrieved from /home/airflow/sandbox/lib/python3.8/site-packages/airflow/example_dags/example_task_group_decorator.py
[2021-06-25 09:51:10,555] {logging_mixin.py:104} INFO - [2021-06-25 09:51:10,555] {dag.py:1832} INFO - Sync 1 DAGs
[2021-06-25 09:51:10,568] {logging_mixin.py:104} INFO - [2021-06-25 09:51:10,568] {dag.py:2305} INFO - Setting next_dagrun for example_task_group_decorator to 2021-06-23 00:00:00+00:00
[2021-06-25 09:51:10,581] {scheduler_job.py:190} INFO - Processing /home/airflow/sandbox/lib/python3.8/site-packages/airflow/example_dags/example_task_group_decorator.py took 0.440 seconds
[2021-06-25 09:51:40,684] {scheduler_job.py:182} INFO - Started process (PID=21871) to work on /home/airflow/sandbox/lib/python3.8/site-packages/airflow/example_dags/example_task_group_decorator.py
[2021-06-25 09:51:40,685] {scheduler_job.py:633} INFO - Processing file /home/airflow/sandbox/lib/python3.8/site-packages/airflow/example_dags/example_task_group_decorator.py for tasks to queue
[2021-06-25 09:51:40,686] {logging_mixin.py:104} INFO - [2021-06-25 09:51:40,686] {dagbag.py:487} INFO - Filling up the DagBag from /home/airflow/sandbox/lib/python3.8/site-packages/airflow/example_dags/example_task_group_decorator.py
[2021-06-25 09:51:40,716] {scheduler_job.py:643} INFO - DAG(s) dict_keys(['example_task_group_decorator']) retrieved from /home/airflow/sandbox/lib/python3.8/site-packages/airflow/example_dags/example_task_group_decorator.py
[2021-06-25 09:51:41,120] {logging_mixin.py:104} INFO - [2021-06-25 09:51:41,120] {dag.py:1832} INFO - Sync 1 DAGs
[2021-06-25 09:51:41,134] {logging_mixin.py:104} INFO - [2021-06-25 09:51:41,134] {dag.py:2305} INFO - Setting next_dagrun for example_task_group_decorator to 2021-06-23 00:00:00+00:00
[2021-06-25 09:51:41,151] {scheduler_job.py:190} INFO - Processing /home/airflow/sandbox/lib/python3.8/site-packages/airflow/example_dags/example_task_group_decorator.py took 0.471 seconds
[2021-06-25 09:52:11,194] {scheduler_job.py:182} INFO - Started process (PID=22071) to work on /home/airflow/sandbox/lib/python3.8/site-packages/airflow/example_dags/example_task_group_decorator.py
[2021-06-25 09:52:11,199] {scheduler_job.py:633} INFO - Processing file /home/airflow/sandbox/lib/python3.8/site-packages/airflow/example_dags/example_task_group_decorator.py for tasks to queue
[2021-06-25 09:52:11,201] {logging_mixin.py:104} INFO - [2021-06-25 09:52:11,201] {dagbag.py:487} INFO - Filling up the DagBag from /home/airflow/sandbox/lib/python3.8/site-packages/airflow/example_dags/example_task_group_decorator.py
[2021-06-25 09:52:11,275] {scheduler_job.py:643} INFO - DAG(s) dict_keys(['example_task_group_decorator']) retrieved from /home/airflow/sandbox/lib/python3.8/site-packages/airflow/example_dags/example_task_group_decorator.py
[2021-06-25 09:52:11,781] {logging_mixin.py:104} INFO - [2021-06-25 09:52:11,780] {dag.py:1832} INFO - Sync 1 DAGs
[2021-06-25 09:52:11,802] {logging_mixin.py:104} INFO - [2021-06-25 09:52:11,802] {dag.py:2305} INFO - Setting next_dagrun for example_task_group_decorator to 2021-06-23 00:00:00+00:00
[2021-06-25 09:52:11,826] {scheduler_job.py:190} INFO - Processing /home/airflow/sandbox/lib/python3.8/site-packages/airflow/example_dags/example_task_group_decorator.py took 0.636 seconds
[2021-06-25 09:52:41,934] {scheduler_job.py:182} INFO - Started process (PID=22271) to work on /home/airflow/sandbox/lib/python3.8/site-packages/airflow/example_dags/example_task_group_decorator.py
[2021-06-25 09:52:41,941] {scheduler_job.py:633} INFO - Processing file /home/airflow/sandbox/lib/python3.8/site-packages/airflow/example_dags/example_task_group_decorator.py for tasks to queue
[2021-06-25 09:52:41,946] {logging_mixin.py:104} INFO - [2021-06-25 09:52:41,946] {dagbag.py:487} INFO - Filling up the DagBag from /home/airflow/sandbox/lib/python3.8/site-packages/airflow/example_dags/example_task_group_decorator.py
[2021-06-25 09:52:41,995] {scheduler_job.py:643} INFO - DAG(s) dict_keys(['example_task_group_decorator']) retrieved from /home/airflow/sandbox/lib/python3.8/site-packages/airflow/example_dags/example_task_group_decorator.py
[2021-06-25 09:52:42,560] {logging_mixin.py:104} INFO - [2021-06-25 09:52:42,560] {dag.py:1832} INFO - Sync 1 DAGs
[2021-06-25 09:52:42,580] {logging_mixin.py:104} INFO - [2021-06-25 09:52:42,580] {dag.py:2305} INFO - Setting next_dagrun for example_task_group_decorator to 2021-06-23 00:00:00+00:00
[2021-06-25 09:52:42,598] {scheduler_job.py:190} INFO - Processing /home/airflow/sandbox/lib/python3.8/site-packages/airflow/example_dags/example_task_group_decorator.py took 0.668 seconds
[2021-06-25 09:53:13,538] {scheduler_job.py:182} INFO - Started process (PID=22477) to work on /home/airflow/sandbox/lib/python3.8/site-packages/airflow/example_dags/example_task_group_decorator.py
[2021-06-25 09:53:13,543] {scheduler_job.py:633} INFO - Processing file /home/airflow/sandbox/lib/python3.8/site-packages/airflow/example_dags/example_task_group_decorator.py for tasks to queue
[2021-06-25 09:53:13,549] {logging_mixin.py:104} INFO - [2021-06-25 09:53:13,548] {dagbag.py:487} INFO - Filling up the DagBag from /home/airflow/sandbox/lib/python3.8/site-packages/airflow/example_dags/example_task_group_decorator.py
[2021-06-25 09:53:13,599] {scheduler_job.py:643} INFO - DAG(s) dict_keys(['example_task_group_decorator']) retrieved from /home/airflow/sandbox/lib/python3.8/site-packages/airflow/example_dags/example_task_group_decorator.py
[2021-06-25 09:53:14,196] {logging_mixin.py:104} INFO - [2021-06-25 09:53:14,196] {dag.py:1832} INFO - Sync 1 DAGs
[2021-06-25 09:53:14,216] {logging_mixin.py:104} INFO - [2021-06-25 09:53:14,216] {dag.py:2305} INFO - Setting next_dagrun for example_task_group_decorator to 2021-06-23 00:00:00+00:00
[2021-06-25 09:53:14,231] {scheduler_job.py:190} INFO - Processing /home/airflow/sandbox/lib/python3.8/site-packages/airflow/example_dags/example_task_group_decorator.py took 0.697 seconds
[2021-06-25 09:53:44,962] {scheduler_job.py:182} INFO - Started process (PID=22690) to work on /home/airflow/sandbox/lib/python3.8/site-packages/airflow/example_dags/example_task_group_decorator.py
[2021-06-25 09:53:44,964] {scheduler_job.py:633} INFO - Processing file /home/airflow/sandbox/lib/python3.8/site-packages/airflow/example_dags/example_task_group_decorator.py for tasks to queue
[2021-06-25 09:53:44,966] {logging_mixin.py:104} INFO - [2021-06-25 09:53:44,966] {dagbag.py:487} INFO - Filling up the DagBag from /home/airflow/sandbox/lib/python3.8/site-packages/airflow/example_dags/example_task_group_decorator.py
[2021-06-25 09:53:45,002] {scheduler_job.py:643} INFO - DAG(s) dict_keys(['example_task_group_decorator']) retrieved from /home/airflow/sandbox/lib/python3.8/site-packages/airflow/example_dags/example_task_group_decorator.py
[2021-06-25 09:53:45,496] {logging_mixin.py:104} INFO - [2021-06-25 09:53:45,496] {dag.py:1832} INFO - Sync 1 DAGs
[2021-06-25 09:53:45,524] {logging_mixin.py:104} INFO - [2021-06-25 09:53:45,524] {dag.py:2305} INFO - Setting next_dagrun for example_task_group_decorator to 2021-06-23 00:00:00+00:00
[2021-06-25 09:53:45,556] {scheduler_job.py:190} INFO - Processing /home/airflow/sandbox/lib/python3.8/site-packages/airflow/example_dags/example_task_group_decorator.py took 0.598 seconds
[2021-06-25 09:54:16,179] {scheduler_job.py:182} INFO - Started process (PID=22892) to work on /home/airflow/sandbox/lib/python3.8/site-packages/airflow/example_dags/example_task_group_decorator.py
[2021-06-25 09:54:16,183] {scheduler_job.py:633} INFO - Processing file /home/airflow/sandbox/lib/python3.8/site-packages/airflow/example_dags/example_task_group_decorator.py for tasks to queue
[2021-06-25 09:54:16,184] {logging_mixin.py:104} INFO - [2021-06-25 09:54:16,183] {dagbag.py:487} INFO - Filling up the DagBag from /home/airflow/sandbox/lib/python3.8/site-packages/airflow/example_dags/example_task_group_decorator.py
[2021-06-25 09:54:16,275] {scheduler_job.py:643} INFO - DAG(s) dict_keys(['example_task_group_decorator']) retrieved from /home/airflow/sandbox/lib/python3.8/site-packages/airflow/example_dags/example_task_group_decorator.py
[2021-06-25 09:54:16,913] {logging_mixin.py:104} INFO - [2021-06-25 09:54:16,913] {dag.py:1832} INFO - Sync 1 DAGs
[2021-06-25 09:54:16,936] {logging_mixin.py:104} INFO - [2021-06-25 09:54:16,935] {dag.py:2305} INFO - Setting next_dagrun for example_task_group_decorator to 2021-06-23 00:00:00+00:00
[2021-06-25 09:54:16,960] {scheduler_job.py:190} INFO - Processing /home/airflow/sandbox/lib/python3.8/site-packages/airflow/example_dags/example_task_group_decorator.py took 0.794 seconds
