[2021-06-25 08:55:31,187] {scheduler_job.py:182} INFO - Started process (PID=2187) to work on /home/airflow/sandbox/lib/python3.8/site-packages/airflow/example_dags/example_branch_labels.py
[2021-06-25 08:55:31,195] {scheduler_job.py:633} INFO - Processing file /home/airflow/sandbox/lib/python3.8/site-packages/airflow/example_dags/example_branch_labels.py for tasks to queue
[2021-06-25 08:55:31,198] {logging_mixin.py:104} INFO - [2021-06-25 08:55:31,198] {dagbag.py:487} INFO - Filling up the DagBag from /home/airflow/sandbox/lib/python3.8/site-packages/airflow/example_dags/example_branch_labels.py
[2021-06-25 08:55:31,216] {scheduler_job.py:643} INFO - DAG(s) dict_keys(['example_branch_labels']) retrieved from /home/airflow/sandbox/lib/python3.8/site-packages/airflow/example_dags/example_branch_labels.py
[2021-06-25 08:55:32,513] {logging_mixin.py:104} INFO - [2021-06-25 08:55:32,513] {dag.py:1832} INFO - Sync 1 DAGs
[2021-06-25 08:55:32,578] {logging_mixin.py:104} INFO - [2021-06-25 08:55:32,578] {dag.py:2305} INFO - Setting next_dagrun for example_branch_labels to 2021-06-23 00:00:00+00:00
[2021-06-25 08:55:32,680] {scheduler_job.py:190} INFO - Processing /home/airflow/sandbox/lib/python3.8/site-packages/airflow/example_dags/example_branch_labels.py took 1.499 seconds
[2021-06-25 09:15:21,109] {scheduler_job.py:182} INFO - Started process (PID=3662) to work on /home/airflow/sandbox/lib/python3.8/site-packages/airflow/example_dags/example_branch_labels.py
[2021-06-25 09:15:21,121] {scheduler_job.py:633} INFO - Processing file /home/airflow/sandbox/lib/python3.8/site-packages/airflow/example_dags/example_branch_labels.py for tasks to queue
[2021-06-25 09:15:21,125] {logging_mixin.py:104} INFO - [2021-06-25 09:15:21,125] {dagbag.py:487} INFO - Filling up the DagBag from /home/airflow/sandbox/lib/python3.8/site-packages/airflow/example_dags/example_branch_labels.py
[2021-06-25 09:15:21,161] {scheduler_job.py:643} INFO - DAG(s) dict_keys(['example_branch_labels']) retrieved from /home/airflow/sandbox/lib/python3.8/site-packages/airflow/example_dags/example_branch_labels.py
[2021-06-25 09:15:21,214] {logging_mixin.py:104} INFO - [2021-06-25 09:15:21,214] {dag.py:1832} INFO - Sync 1 DAGs
[2021-06-25 09:15:21,277] {logging_mixin.py:104} INFO - [2021-06-25 09:15:21,276] {dag.py:2305} INFO - Setting next_dagrun for example_branch_labels to 2021-06-23 00:00:00+00:00
[2021-06-25 09:15:21,304] {scheduler_job.py:190} INFO - Processing /home/airflow/sandbox/lib/python3.8/site-packages/airflow/example_dags/example_branch_labels.py took 0.214 seconds
[2021-06-25 09:16:01,857] {scheduler_job.py:182} INFO - Started process (PID=3745) to work on /home/airflow/sandbox/lib/python3.8/site-packages/airflow/example_dags/example_branch_labels.py
[2021-06-25 09:16:01,884] {scheduler_job.py:633} INFO - Processing file /home/airflow/sandbox/lib/python3.8/site-packages/airflow/example_dags/example_branch_labels.py for tasks to queue
[2021-06-25 09:16:01,912] {logging_mixin.py:104} INFO - [2021-06-25 09:16:01,912] {dagbag.py:487} INFO - Filling up the DagBag from /home/airflow/sandbox/lib/python3.8/site-packages/airflow/example_dags/example_branch_labels.py
[2021-06-25 09:16:02,127] {scheduler_job.py:643} INFO - DAG(s) dict_keys(['example_branch_labels']) retrieved from /home/airflow/sandbox/lib/python3.8/site-packages/airflow/example_dags/example_branch_labels.py
[2021-06-25 09:16:02,396] {logging_mixin.py:104} INFO - [2021-06-25 09:16:02,396] {dag.py:1832} INFO - Sync 1 DAGs
[2021-06-25 09:16:02,816] {logging_mixin.py:104} INFO - [2021-06-25 09:16:02,816] {dag.py:2305} INFO - Setting next_dagrun for example_branch_labels to 2021-06-23 00:00:00+00:00
[2021-06-25 09:16:02,948] {scheduler_job.py:190} INFO - Processing /home/airflow/sandbox/lib/python3.8/site-packages/airflow/example_dags/example_branch_labels.py took 1.139 seconds
[2021-06-25 09:17:18,875] {scheduler_job.py:182} INFO - Started process (PID=4796) to work on /home/airflow/sandbox/lib/python3.8/site-packages/airflow/example_dags/example_branch_labels.py
[2021-06-25 09:17:18,921] {scheduler_job.py:633} INFO - Processing file /home/airflow/sandbox/lib/python3.8/site-packages/airflow/example_dags/example_branch_labels.py for tasks to queue
[2021-06-25 09:17:18,940] {logging_mixin.py:104} INFO - [2021-06-25 09:17:18,923] {dagbag.py:487} INFO - Filling up the DagBag from /home/airflow/sandbox/lib/python3.8/site-packages/airflow/example_dags/example_branch_labels.py
[2021-06-25 09:17:19,138] {scheduler_job.py:643} INFO - DAG(s) dict_keys(['example_branch_labels']) retrieved from /home/airflow/sandbox/lib/python3.8/site-packages/airflow/example_dags/example_branch_labels.py
[2021-06-25 09:17:19,538] {logging_mixin.py:104} INFO - [2021-06-25 09:17:19,538] {dag.py:1832} INFO - Sync 1 DAGs
[2021-06-25 09:17:19,741] {logging_mixin.py:104} INFO - [2021-06-25 09:17:19,741] {dag.py:2305} INFO - Setting next_dagrun for example_branch_labels to 2021-06-23 00:00:00+00:00
[2021-06-25 09:17:19,839] {scheduler_job.py:190} INFO - Processing /home/airflow/sandbox/lib/python3.8/site-packages/airflow/example_dags/example_branch_labels.py took 1.047 seconds
[2021-06-25 09:17:56,065] {scheduler_job.py:182} INFO - Started process (PID=5839) to work on /home/airflow/sandbox/lib/python3.8/site-packages/airflow/example_dags/example_branch_labels.py
[2021-06-25 09:17:56,096] {scheduler_job.py:633} INFO - Processing file /home/airflow/sandbox/lib/python3.8/site-packages/airflow/example_dags/example_branch_labels.py for tasks to queue
[2021-06-25 09:17:56,097] {logging_mixin.py:104} INFO - [2021-06-25 09:17:56,097] {dagbag.py:487} INFO - Filling up the DagBag from /home/airflow/sandbox/lib/python3.8/site-packages/airflow/example_dags/example_branch_labels.py
[2021-06-25 09:17:56,328] {scheduler_job.py:643} INFO - DAG(s) dict_keys(['example_branch_labels']) retrieved from /home/airflow/sandbox/lib/python3.8/site-packages/airflow/example_dags/example_branch_labels.py
[2021-06-25 09:17:56,780] {logging_mixin.py:104} INFO - [2021-06-25 09:17:56,780] {dag.py:1832} INFO - Sync 1 DAGs
[2021-06-25 09:17:57,404] {logging_mixin.py:104} INFO - [2021-06-25 09:17:57,404] {dag.py:2305} INFO - Setting next_dagrun for example_branch_labels to 2021-06-23 00:00:00+00:00
[2021-06-25 09:17:57,707] {scheduler_job.py:190} INFO - Processing /home/airflow/sandbox/lib/python3.8/site-packages/airflow/example_dags/example_branch_labels.py took 1.710 seconds
[2021-06-25 09:18:38,050] {scheduler_job.py:182} INFO - Started process (PID=6945) to work on /home/airflow/sandbox/lib/python3.8/site-packages/airflow/example_dags/example_branch_labels.py
[2021-06-25 09:18:38,057] {scheduler_job.py:633} INFO - Processing file /home/airflow/sandbox/lib/python3.8/site-packages/airflow/example_dags/example_branch_labels.py for tasks to queue
[2021-06-25 09:18:38,058] {logging_mixin.py:104} INFO - [2021-06-25 09:18:38,058] {dagbag.py:487} INFO - Filling up the DagBag from /home/airflow/sandbox/lib/python3.8/site-packages/airflow/example_dags/example_branch_labels.py
[2021-06-25 09:18:38,228] {scheduler_job.py:643} INFO - DAG(s) dict_keys(['example_branch_labels']) retrieved from /home/airflow/sandbox/lib/python3.8/site-packages/airflow/example_dags/example_branch_labels.py
[2021-06-25 09:18:38,543] {logging_mixin.py:104} INFO - [2021-06-25 09:18:38,543] {dag.py:1832} INFO - Sync 1 DAGs
[2021-06-25 09:18:38,849] {logging_mixin.py:104} INFO - [2021-06-25 09:18:38,846] {dag.py:2305} INFO - Setting next_dagrun for example_branch_labels to 2021-06-23 00:00:00+00:00
[2021-06-25 09:18:38,996] {scheduler_job.py:190} INFO - Processing /home/airflow/sandbox/lib/python3.8/site-packages/airflow/example_dags/example_branch_labels.py took 0.996 seconds
[2021-06-25 09:19:34,166] {scheduler_job.py:182} INFO - Started process (PID=8476) to work on /home/airflow/sandbox/lib/python3.8/site-packages/airflow/example_dags/example_branch_labels.py
[2021-06-25 09:19:34,203] {scheduler_job.py:633} INFO - Processing file /home/airflow/sandbox/lib/python3.8/site-packages/airflow/example_dags/example_branch_labels.py for tasks to queue
[2021-06-25 09:19:34,219] {logging_mixin.py:104} INFO - [2021-06-25 09:19:34,219] {dagbag.py:487} INFO - Filling up the DagBag from /home/airflow/sandbox/lib/python3.8/site-packages/airflow/example_dags/example_branch_labels.py
[2021-06-25 09:19:34,546] {scheduler_job.py:643} INFO - DAG(s) dict_keys(['example_branch_labels']) retrieved from /home/airflow/sandbox/lib/python3.8/site-packages/airflow/example_dags/example_branch_labels.py
[2021-06-25 09:19:34,939] {logging_mixin.py:104} INFO - [2021-06-25 09:19:34,939] {dag.py:1832} INFO - Sync 1 DAGs
[2021-06-25 09:19:35,252] {logging_mixin.py:104} INFO - [2021-06-25 09:19:35,252] {dag.py:2305} INFO - Setting next_dagrun for example_branch_labels to 2021-06-23 00:00:00+00:00
[2021-06-25 09:19:35,465] {scheduler_job.py:190} INFO - Processing /home/airflow/sandbox/lib/python3.8/site-packages/airflow/example_dags/example_branch_labels.py took 1.353 seconds
[2021-06-25 09:20:15,018] {scheduler_job.py:182} INFO - Started process (PID=9681) to work on /home/airflow/sandbox/lib/python3.8/site-packages/airflow/example_dags/example_branch_labels.py
[2021-06-25 09:20:15,046] {scheduler_job.py:633} INFO - Processing file /home/airflow/sandbox/lib/python3.8/site-packages/airflow/example_dags/example_branch_labels.py for tasks to queue
[2021-06-25 09:20:15,058] {logging_mixin.py:104} INFO - [2021-06-25 09:20:15,058] {dagbag.py:487} INFO - Filling up the DagBag from /home/airflow/sandbox/lib/python3.8/site-packages/airflow/example_dags/example_branch_labels.py
[2021-06-25 09:20:15,116] {scheduler_job.py:643} INFO - DAG(s) dict_keys(['example_branch_labels']) retrieved from /home/airflow/sandbox/lib/python3.8/site-packages/airflow/example_dags/example_branch_labels.py
[2021-06-25 09:20:15,285] {logging_mixin.py:104} INFO - [2021-06-25 09:20:15,285] {dag.py:1832} INFO - Sync 1 DAGs
[2021-06-25 09:20:15,581] {logging_mixin.py:104} INFO - [2021-06-25 09:20:15,567] {dag.py:2305} INFO - Setting next_dagrun for example_branch_labels to 2021-06-23 00:00:00+00:00
[2021-06-25 09:20:15,700] {scheduler_job.py:190} INFO - Processing /home/airflow/sandbox/lib/python3.8/site-packages/airflow/example_dags/example_branch_labels.py took 0.702 seconds
[2021-06-25 09:20:45,952] {scheduler_job.py:182} INFO - Started process (PID=9929) to work on /home/airflow/sandbox/lib/python3.8/site-packages/airflow/example_dags/example_branch_labels.py
[2021-06-25 09:20:45,954] {scheduler_job.py:633} INFO - Processing file /home/airflow/sandbox/lib/python3.8/site-packages/airflow/example_dags/example_branch_labels.py for tasks to queue
[2021-06-25 09:20:45,956] {logging_mixin.py:104} INFO - [2021-06-25 09:20:45,956] {dagbag.py:487} INFO - Filling up the DagBag from /home/airflow/sandbox/lib/python3.8/site-packages/airflow/example_dags/example_branch_labels.py
[2021-06-25 09:20:45,970] {scheduler_job.py:643} INFO - DAG(s) dict_keys(['example_branch_labels']) retrieved from /home/airflow/sandbox/lib/python3.8/site-packages/airflow/example_dags/example_branch_labels.py
[2021-06-25 09:20:46,003] {logging_mixin.py:104} INFO - [2021-06-25 09:20:46,003] {dag.py:1832} INFO - Sync 1 DAGs
[2021-06-25 09:20:46,029] {logging_mixin.py:104} INFO - [2021-06-25 09:20:46,029] {dag.py:2305} INFO - Setting next_dagrun for example_branch_labels to 2021-06-23 00:00:00+00:00
[2021-06-25 09:20:46,045] {scheduler_job.py:190} INFO - Processing /home/airflow/sandbox/lib/python3.8/site-packages/airflow/example_dags/example_branch_labels.py took 0.097 seconds
[2021-06-25 09:21:16,377] {scheduler_job.py:182} INFO - Started process (PID=9998) to work on /home/airflow/sandbox/lib/python3.8/site-packages/airflow/example_dags/example_branch_labels.py
[2021-06-25 09:21:16,381] {scheduler_job.py:633} INFO - Processing file /home/airflow/sandbox/lib/python3.8/site-packages/airflow/example_dags/example_branch_labels.py for tasks to queue
[2021-06-25 09:21:16,385] {logging_mixin.py:104} INFO - [2021-06-25 09:21:16,385] {dagbag.py:487} INFO - Filling up the DagBag from /home/airflow/sandbox/lib/python3.8/site-packages/airflow/example_dags/example_branch_labels.py
[2021-06-25 09:21:16,404] {scheduler_job.py:643} INFO - DAG(s) dict_keys(['example_branch_labels']) retrieved from /home/airflow/sandbox/lib/python3.8/site-packages/airflow/example_dags/example_branch_labels.py
[2021-06-25 09:21:16,444] {logging_mixin.py:104} INFO - [2021-06-25 09:21:16,443] {dag.py:1832} INFO - Sync 1 DAGs
[2021-06-25 09:21:16,470] {logging_mixin.py:104} INFO - [2021-06-25 09:21:16,470] {dag.py:2305} INFO - Setting next_dagrun for example_branch_labels to 2021-06-23 00:00:00+00:00
[2021-06-25 09:21:16,482] {scheduler_job.py:190} INFO - Processing /home/airflow/sandbox/lib/python3.8/site-packages/airflow/example_dags/example_branch_labels.py took 0.109 seconds
[2021-06-25 09:21:46,719] {scheduler_job.py:182} INFO - Started process (PID=10066) to work on /home/airflow/sandbox/lib/python3.8/site-packages/airflow/example_dags/example_branch_labels.py
[2021-06-25 09:21:46,722] {scheduler_job.py:633} INFO - Processing file /home/airflow/sandbox/lib/python3.8/site-packages/airflow/example_dags/example_branch_labels.py for tasks to queue
[2021-06-25 09:21:46,725] {logging_mixin.py:104} INFO - [2021-06-25 09:21:46,725] {dagbag.py:487} INFO - Filling up the DagBag from /home/airflow/sandbox/lib/python3.8/site-packages/airflow/example_dags/example_branch_labels.py
[2021-06-25 09:21:46,742] {scheduler_job.py:643} INFO - DAG(s) dict_keys(['example_branch_labels']) retrieved from /home/airflow/sandbox/lib/python3.8/site-packages/airflow/example_dags/example_branch_labels.py
[2021-06-25 09:21:46,779] {logging_mixin.py:104} INFO - [2021-06-25 09:21:46,779] {dag.py:1832} INFO - Sync 1 DAGs
[2021-06-25 09:21:46,805] {logging_mixin.py:104} INFO - [2021-06-25 09:21:46,805] {dag.py:2305} INFO - Setting next_dagrun for example_branch_labels to 2021-06-23 00:00:00+00:00
[2021-06-25 09:21:46,818] {scheduler_job.py:190} INFO - Processing /home/airflow/sandbox/lib/python3.8/site-packages/airflow/example_dags/example_branch_labels.py took 0.102 seconds
[2021-06-25 09:22:16,873] {scheduler_job.py:182} INFO - Started process (PID=10140) to work on /home/airflow/sandbox/lib/python3.8/site-packages/airflow/example_dags/example_branch_labels.py
[2021-06-25 09:22:16,876] {scheduler_job.py:633} INFO - Processing file /home/airflow/sandbox/lib/python3.8/site-packages/airflow/example_dags/example_branch_labels.py for tasks to queue
[2021-06-25 09:22:16,877] {logging_mixin.py:104} INFO - [2021-06-25 09:22:16,877] {dagbag.py:487} INFO - Filling up the DagBag from /home/airflow/sandbox/lib/python3.8/site-packages/airflow/example_dags/example_branch_labels.py
[2021-06-25 09:22:16,888] {scheduler_job.py:643} INFO - DAG(s) dict_keys(['example_branch_labels']) retrieved from /home/airflow/sandbox/lib/python3.8/site-packages/airflow/example_dags/example_branch_labels.py
[2021-06-25 09:22:16,922] {logging_mixin.py:104} INFO - [2021-06-25 09:22:16,922] {dag.py:1832} INFO - Sync 1 DAGs
[2021-06-25 09:22:16,944] {logging_mixin.py:104} INFO - [2021-06-25 09:22:16,944] {dag.py:2305} INFO - Setting next_dagrun for example_branch_labels to 2021-06-23 00:00:00+00:00
[2021-06-25 09:22:16,955] {scheduler_job.py:190} INFO - Processing /home/airflow/sandbox/lib/python3.8/site-packages/airflow/example_dags/example_branch_labels.py took 0.085 seconds
[2021-06-25 09:22:47,559] {scheduler_job.py:182} INFO - Started process (PID=10208) to work on /home/airflow/sandbox/lib/python3.8/site-packages/airflow/example_dags/example_branch_labels.py
[2021-06-25 09:22:47,561] {scheduler_job.py:633} INFO - Processing file /home/airflow/sandbox/lib/python3.8/site-packages/airflow/example_dags/example_branch_labels.py for tasks to queue
[2021-06-25 09:22:47,562] {logging_mixin.py:104} INFO - [2021-06-25 09:22:47,562] {dagbag.py:487} INFO - Filling up the DagBag from /home/airflow/sandbox/lib/python3.8/site-packages/airflow/example_dags/example_branch_labels.py
[2021-06-25 09:22:47,610] {scheduler_job.py:643} INFO - DAG(s) dict_keys(['example_branch_labels']) retrieved from /home/airflow/sandbox/lib/python3.8/site-packages/airflow/example_dags/example_branch_labels.py
[2021-06-25 09:22:47,696] {logging_mixin.py:104} INFO - [2021-06-25 09:22:47,696] {dag.py:1832} INFO - Sync 1 DAGs
[2021-06-25 09:22:47,780] {logging_mixin.py:104} INFO - [2021-06-25 09:22:47,780] {dag.py:2305} INFO - Setting next_dagrun for example_branch_labels to 2021-06-23 00:00:00+00:00
[2021-06-25 09:22:47,811] {scheduler_job.py:190} INFO - Processing /home/airflow/sandbox/lib/python3.8/site-packages/airflow/example_dags/example_branch_labels.py took 0.264 seconds
[2021-06-25 09:24:06,686] {scheduler_job.py:182} INFO - Started process (PID=10495) to work on /home/airflow/sandbox/lib/python3.8/site-packages/airflow/example_dags/example_branch_labels.py
[2021-06-25 09:24:06,690] {scheduler_job.py:633} INFO - Processing file /home/airflow/sandbox/lib/python3.8/site-packages/airflow/example_dags/example_branch_labels.py for tasks to queue
[2021-06-25 09:24:06,693] {logging_mixin.py:104} INFO - [2021-06-25 09:24:06,693] {dagbag.py:487} INFO - Filling up the DagBag from /home/airflow/sandbox/lib/python3.8/site-packages/airflow/example_dags/example_branch_labels.py
[2021-06-25 09:24:06,723] {scheduler_job.py:643} INFO - DAG(s) dict_keys(['example_branch_labels']) retrieved from /home/airflow/sandbox/lib/python3.8/site-packages/airflow/example_dags/example_branch_labels.py
[2021-06-25 09:24:06,790] {logging_mixin.py:104} INFO - [2021-06-25 09:24:06,790] {dag.py:1832} INFO - Sync 1 DAGs
[2021-06-25 09:24:06,831] {logging_mixin.py:104} INFO - [2021-06-25 09:24:06,831] {dag.py:2305} INFO - Setting next_dagrun for example_branch_labels to 2021-06-23 00:00:00+00:00
[2021-06-25 09:24:06,863] {scheduler_job.py:190} INFO - Processing /home/airflow/sandbox/lib/python3.8/site-packages/airflow/example_dags/example_branch_labels.py took 0.181 seconds
[2021-06-25 09:24:37,710] {scheduler_job.py:182} INFO - Started process (PID=10707) to work on /home/airflow/sandbox/lib/python3.8/site-packages/airflow/example_dags/example_branch_labels.py
[2021-06-25 09:24:37,722] {scheduler_job.py:633} INFO - Processing file /home/airflow/sandbox/lib/python3.8/site-packages/airflow/example_dags/example_branch_labels.py for tasks to queue
[2021-06-25 09:24:37,725] {logging_mixin.py:104} INFO - [2021-06-25 09:24:37,725] {dagbag.py:487} INFO - Filling up the DagBag from /home/airflow/sandbox/lib/python3.8/site-packages/airflow/example_dags/example_branch_labels.py
[2021-06-25 09:24:37,750] {scheduler_job.py:643} INFO - DAG(s) dict_keys(['example_branch_labels']) retrieved from /home/airflow/sandbox/lib/python3.8/site-packages/airflow/example_dags/example_branch_labels.py
[2021-06-25 09:24:37,798] {logging_mixin.py:104} INFO - [2021-06-25 09:24:37,798] {dag.py:1832} INFO - Sync 1 DAGs
[2021-06-25 09:24:37,842] {logging_mixin.py:104} INFO - [2021-06-25 09:24:37,841] {dag.py:2305} INFO - Setting next_dagrun for example_branch_labels to 2021-06-23 00:00:00+00:00
[2021-06-25 09:24:37,863] {scheduler_job.py:190} INFO - Processing /home/airflow/sandbox/lib/python3.8/site-packages/airflow/example_dags/example_branch_labels.py took 0.159 seconds
[2021-06-25 09:25:08,904] {scheduler_job.py:182} INFO - Started process (PID=10910) to work on /home/airflow/sandbox/lib/python3.8/site-packages/airflow/example_dags/example_branch_labels.py
[2021-06-25 09:25:08,905] {scheduler_job.py:633} INFO - Processing file /home/airflow/sandbox/lib/python3.8/site-packages/airflow/example_dags/example_branch_labels.py for tasks to queue
[2021-06-25 09:25:08,906] {logging_mixin.py:104} INFO - [2021-06-25 09:25:08,906] {dagbag.py:487} INFO - Filling up the DagBag from /home/airflow/sandbox/lib/python3.8/site-packages/airflow/example_dags/example_branch_labels.py
[2021-06-25 09:25:08,933] {scheduler_job.py:643} INFO - DAG(s) dict_keys(['example_branch_labels']) retrieved from /home/airflow/sandbox/lib/python3.8/site-packages/airflow/example_dags/example_branch_labels.py
[2021-06-25 09:25:08,967] {logging_mixin.py:104} INFO - [2021-06-25 09:25:08,967] {dag.py:1832} INFO - Sync 1 DAGs
[2021-06-25 09:25:08,988] {logging_mixin.py:104} INFO - [2021-06-25 09:25:08,988] {dag.py:2305} INFO - Setting next_dagrun for example_branch_labels to 2021-06-23 00:00:00+00:00
[2021-06-25 09:25:09,006] {scheduler_job.py:190} INFO - Processing /home/airflow/sandbox/lib/python3.8/site-packages/airflow/example_dags/example_branch_labels.py took 0.107 seconds
[2021-06-25 09:25:39,824] {scheduler_job.py:182} INFO - Started process (PID=11110) to work on /home/airflow/sandbox/lib/python3.8/site-packages/airflow/example_dags/example_branch_labels.py
[2021-06-25 09:25:39,827] {scheduler_job.py:633} INFO - Processing file /home/airflow/sandbox/lib/python3.8/site-packages/airflow/example_dags/example_branch_labels.py for tasks to queue
[2021-06-25 09:25:39,830] {logging_mixin.py:104} INFO - [2021-06-25 09:25:39,829] {dagbag.py:487} INFO - Filling up the DagBag from /home/airflow/sandbox/lib/python3.8/site-packages/airflow/example_dags/example_branch_labels.py
[2021-06-25 09:25:39,849] {scheduler_job.py:643} INFO - DAG(s) dict_keys(['example_branch_labels']) retrieved from /home/airflow/sandbox/lib/python3.8/site-packages/airflow/example_dags/example_branch_labels.py
[2021-06-25 09:25:39,892] {logging_mixin.py:104} INFO - [2021-06-25 09:25:39,891] {dag.py:1832} INFO - Sync 1 DAGs
[2021-06-25 09:25:39,915] {logging_mixin.py:104} INFO - [2021-06-25 09:25:39,915] {dag.py:2305} INFO - Setting next_dagrun for example_branch_labels to 2021-06-23 00:00:00+00:00
[2021-06-25 09:25:39,930] {scheduler_job.py:190} INFO - Processing /home/airflow/sandbox/lib/python3.8/site-packages/airflow/example_dags/example_branch_labels.py took 0.113 seconds
[2021-06-25 09:26:10,950] {scheduler_job.py:182} INFO - Started process (PID=11310) to work on /home/airflow/sandbox/lib/python3.8/site-packages/airflow/example_dags/example_branch_labels.py
[2021-06-25 09:26:10,954] {scheduler_job.py:633} INFO - Processing file /home/airflow/sandbox/lib/python3.8/site-packages/airflow/example_dags/example_branch_labels.py for tasks to queue
[2021-06-25 09:26:10,956] {logging_mixin.py:104} INFO - [2021-06-25 09:26:10,956] {dagbag.py:487} INFO - Filling up the DagBag from /home/airflow/sandbox/lib/python3.8/site-packages/airflow/example_dags/example_branch_labels.py
[2021-06-25 09:26:10,981] {scheduler_job.py:643} INFO - DAG(s) dict_keys(['example_branch_labels']) retrieved from /home/airflow/sandbox/lib/python3.8/site-packages/airflow/example_dags/example_branch_labels.py
[2021-06-25 09:26:11,021] {logging_mixin.py:104} INFO - [2021-06-25 09:26:11,021] {dag.py:1832} INFO - Sync 1 DAGs
[2021-06-25 09:26:11,048] {logging_mixin.py:104} INFO - [2021-06-25 09:26:11,048] {dag.py:2305} INFO - Setting next_dagrun for example_branch_labels to 2021-06-23 00:00:00+00:00
[2021-06-25 09:26:11,068] {scheduler_job.py:190} INFO - Processing /home/airflow/sandbox/lib/python3.8/site-packages/airflow/example_dags/example_branch_labels.py took 0.121 seconds
[2021-06-25 09:27:04,849] {scheduler_job.py:182} INFO - Started process (PID=11661) to work on /home/airflow/sandbox/lib/python3.8/site-packages/airflow/example_dags/example_branch_labels.py
[2021-06-25 09:27:04,855] {scheduler_job.py:633} INFO - Processing file /home/airflow/sandbox/lib/python3.8/site-packages/airflow/example_dags/example_branch_labels.py for tasks to queue
[2021-06-25 09:27:04,858] {logging_mixin.py:104} INFO - [2021-06-25 09:27:04,857] {dagbag.py:487} INFO - Filling up the DagBag from /home/airflow/sandbox/lib/python3.8/site-packages/airflow/example_dags/example_branch_labels.py
[2021-06-25 09:27:04,897] {scheduler_job.py:643} INFO - DAG(s) dict_keys(['example_branch_labels']) retrieved from /home/airflow/sandbox/lib/python3.8/site-packages/airflow/example_dags/example_branch_labels.py
[2021-06-25 09:27:04,982] {logging_mixin.py:104} INFO - [2021-06-25 09:27:04,982] {dag.py:1832} INFO - Sync 1 DAGs
[2021-06-25 09:27:05,046] {logging_mixin.py:104} INFO - [2021-06-25 09:27:05,046] {dag.py:2305} INFO - Setting next_dagrun for example_branch_labels to 2021-06-23 00:00:00+00:00
[2021-06-25 09:27:05,133] {scheduler_job.py:190} INFO - Processing /home/airflow/sandbox/lib/python3.8/site-packages/airflow/example_dags/example_branch_labels.py took 0.293 seconds
[2021-06-25 09:27:36,406] {scheduler_job.py:182} INFO - Started process (PID=11875) to work on /home/airflow/sandbox/lib/python3.8/site-packages/airflow/example_dags/example_branch_labels.py
[2021-06-25 09:27:36,412] {scheduler_job.py:633} INFO - Processing file /home/airflow/sandbox/lib/python3.8/site-packages/airflow/example_dags/example_branch_labels.py for tasks to queue
[2021-06-25 09:27:36,420] {logging_mixin.py:104} INFO - [2021-06-25 09:27:36,420] {dagbag.py:487} INFO - Filling up the DagBag from /home/airflow/sandbox/lib/python3.8/site-packages/airflow/example_dags/example_branch_labels.py
[2021-06-25 09:27:36,510] {scheduler_job.py:643} INFO - DAG(s) dict_keys(['example_branch_labels']) retrieved from /home/airflow/sandbox/lib/python3.8/site-packages/airflow/example_dags/example_branch_labels.py
[2021-06-25 09:27:36,656] {logging_mixin.py:104} INFO - [2021-06-25 09:27:36,654] {dag.py:1832} INFO - Sync 1 DAGs
[2021-06-25 09:27:36,745] {logging_mixin.py:104} INFO - [2021-06-25 09:27:36,745] {dag.py:2305} INFO - Setting next_dagrun for example_branch_labels to 2021-06-23 00:00:00+00:00
[2021-06-25 09:27:36,808] {scheduler_job.py:190} INFO - Processing /home/airflow/sandbox/lib/python3.8/site-packages/airflow/example_dags/example_branch_labels.py took 0.415 seconds
[2021-06-25 09:28:08,890] {scheduler_job.py:182} INFO - Started process (PID=12075) to work on /home/airflow/sandbox/lib/python3.8/site-packages/airflow/example_dags/example_branch_labels.py
[2021-06-25 09:28:08,894] {scheduler_job.py:633} INFO - Processing file /home/airflow/sandbox/lib/python3.8/site-packages/airflow/example_dags/example_branch_labels.py for tasks to queue
[2021-06-25 09:28:08,895] {logging_mixin.py:104} INFO - [2021-06-25 09:28:08,895] {dagbag.py:487} INFO - Filling up the DagBag from /home/airflow/sandbox/lib/python3.8/site-packages/airflow/example_dags/example_branch_labels.py
[2021-06-25 09:28:08,917] {scheduler_job.py:643} INFO - DAG(s) dict_keys(['example_branch_labels']) retrieved from /home/airflow/sandbox/lib/python3.8/site-packages/airflow/example_dags/example_branch_labels.py
[2021-06-25 09:28:08,976] {logging_mixin.py:104} INFO - [2021-06-25 09:28:08,976] {dag.py:1832} INFO - Sync 1 DAGs
[2021-06-25 09:28:09,024] {logging_mixin.py:104} INFO - [2021-06-25 09:28:09,024] {dag.py:2305} INFO - Setting next_dagrun for example_branch_labels to 2021-06-23 00:00:00+00:00
[2021-06-25 09:28:09,055] {scheduler_job.py:190} INFO - Processing /home/airflow/sandbox/lib/python3.8/site-packages/airflow/example_dags/example_branch_labels.py took 0.182 seconds
[2021-06-25 09:28:40,293] {scheduler_job.py:182} INFO - Started process (PID=12275) to work on /home/airflow/sandbox/lib/python3.8/site-packages/airflow/example_dags/example_branch_labels.py
[2021-06-25 09:28:40,297] {scheduler_job.py:633} INFO - Processing file /home/airflow/sandbox/lib/python3.8/site-packages/airflow/example_dags/example_branch_labels.py for tasks to queue
[2021-06-25 09:28:40,302] {logging_mixin.py:104} INFO - [2021-06-25 09:28:40,302] {dagbag.py:487} INFO - Filling up the DagBag from /home/airflow/sandbox/lib/python3.8/site-packages/airflow/example_dags/example_branch_labels.py
[2021-06-25 09:28:40,329] {scheduler_job.py:643} INFO - DAG(s) dict_keys(['example_branch_labels']) retrieved from /home/airflow/sandbox/lib/python3.8/site-packages/airflow/example_dags/example_branch_labels.py
[2021-06-25 09:28:40,385] {logging_mixin.py:104} INFO - [2021-06-25 09:28:40,385] {dag.py:1832} INFO - Sync 1 DAGs
[2021-06-25 09:28:40,419] {logging_mixin.py:104} INFO - [2021-06-25 09:28:40,419] {dag.py:2305} INFO - Setting next_dagrun for example_branch_labels to 2021-06-23 00:00:00+00:00
[2021-06-25 09:28:40,434] {scheduler_job.py:190} INFO - Processing /home/airflow/sandbox/lib/python3.8/site-packages/airflow/example_dags/example_branch_labels.py took 0.146 seconds
[2021-06-25 09:29:11,467] {scheduler_job.py:182} INFO - Started process (PID=12475) to work on /home/airflow/sandbox/lib/python3.8/site-packages/airflow/example_dags/example_branch_labels.py
[2021-06-25 09:29:11,472] {scheduler_job.py:633} INFO - Processing file /home/airflow/sandbox/lib/python3.8/site-packages/airflow/example_dags/example_branch_labels.py for tasks to queue
[2021-06-25 09:29:11,474] {logging_mixin.py:104} INFO - [2021-06-25 09:29:11,474] {dagbag.py:487} INFO - Filling up the DagBag from /home/airflow/sandbox/lib/python3.8/site-packages/airflow/example_dags/example_branch_labels.py
[2021-06-25 09:29:11,489] {scheduler_job.py:643} INFO - DAG(s) dict_keys(['example_branch_labels']) retrieved from /home/airflow/sandbox/lib/python3.8/site-packages/airflow/example_dags/example_branch_labels.py
[2021-06-25 09:29:11,523] {logging_mixin.py:104} INFO - [2021-06-25 09:29:11,523] {dag.py:1832} INFO - Sync 1 DAGs
[2021-06-25 09:29:11,548] {logging_mixin.py:104} INFO - [2021-06-25 09:29:11,548] {dag.py:2305} INFO - Setting next_dagrun for example_branch_labels to 2021-06-23 00:00:00+00:00
[2021-06-25 09:29:11,558] {scheduler_job.py:190} INFO - Processing /home/airflow/sandbox/lib/python3.8/site-packages/airflow/example_dags/example_branch_labels.py took 0.094 seconds
[2021-06-25 09:30:31,397] {scheduler_job.py:182} INFO - Started process (PID=12761) to work on /home/airflow/sandbox/lib/python3.8/site-packages/airflow/example_dags/example_branch_labels.py
[2021-06-25 09:30:31,400] {scheduler_job.py:633} INFO - Processing file /home/airflow/sandbox/lib/python3.8/site-packages/airflow/example_dags/example_branch_labels.py for tasks to queue
[2021-06-25 09:30:31,401] {logging_mixin.py:104} INFO - [2021-06-25 09:30:31,400] {dagbag.py:487} INFO - Filling up the DagBag from /home/airflow/sandbox/lib/python3.8/site-packages/airflow/example_dags/example_branch_labels.py
[2021-06-25 09:30:31,423] {scheduler_job.py:643} INFO - DAG(s) dict_keys(['example_branch_labels']) retrieved from /home/airflow/sandbox/lib/python3.8/site-packages/airflow/example_dags/example_branch_labels.py
[2021-06-25 09:30:31,459] {logging_mixin.py:104} INFO - [2021-06-25 09:30:31,459] {dag.py:1832} INFO - Sync 1 DAGs
[2021-06-25 09:30:31,485] {logging_mixin.py:104} INFO - [2021-06-25 09:30:31,485] {dag.py:2305} INFO - Setting next_dagrun for example_branch_labels to 2021-06-23 00:00:00+00:00
[2021-06-25 09:30:31,495] {scheduler_job.py:190} INFO - Processing /home/airflow/sandbox/lib/python3.8/site-packages/airflow/example_dags/example_branch_labels.py took 0.102 seconds
[2021-06-25 09:31:02,724] {scheduler_job.py:182} INFO - Started process (PID=12961) to work on /home/airflow/sandbox/lib/python3.8/site-packages/airflow/example_dags/example_branch_labels.py
[2021-06-25 09:31:02,732] {scheduler_job.py:633} INFO - Processing file /home/airflow/sandbox/lib/python3.8/site-packages/airflow/example_dags/example_branch_labels.py for tasks to queue
[2021-06-25 09:31:02,737] {logging_mixin.py:104} INFO - [2021-06-25 09:31:02,737] {dagbag.py:487} INFO - Filling up the DagBag from /home/airflow/sandbox/lib/python3.8/site-packages/airflow/example_dags/example_branch_labels.py
[2021-06-25 09:31:02,766] {scheduler_job.py:643} INFO - DAG(s) dict_keys(['example_branch_labels']) retrieved from /home/airflow/sandbox/lib/python3.8/site-packages/airflow/example_dags/example_branch_labels.py
[2021-06-25 09:31:02,835] {logging_mixin.py:104} INFO - [2021-06-25 09:31:02,835] {dag.py:1832} INFO - Sync 1 DAGs
[2021-06-25 09:31:02,872] {logging_mixin.py:104} INFO - [2021-06-25 09:31:02,872] {dag.py:2305} INFO - Setting next_dagrun for example_branch_labels to 2021-06-23 00:00:00+00:00
[2021-06-25 09:31:02,891] {scheduler_job.py:190} INFO - Processing /home/airflow/sandbox/lib/python3.8/site-packages/airflow/example_dags/example_branch_labels.py took 0.182 seconds
[2021-06-25 09:31:33,891] {scheduler_job.py:182} INFO - Started process (PID=13161) to work on /home/airflow/sandbox/lib/python3.8/site-packages/airflow/example_dags/example_branch_labels.py
[2021-06-25 09:31:33,893] {scheduler_job.py:633} INFO - Processing file /home/airflow/sandbox/lib/python3.8/site-packages/airflow/example_dags/example_branch_labels.py for tasks to queue
[2021-06-25 09:31:33,894] {logging_mixin.py:104} INFO - [2021-06-25 09:31:33,894] {dagbag.py:487} INFO - Filling up the DagBag from /home/airflow/sandbox/lib/python3.8/site-packages/airflow/example_dags/example_branch_labels.py
[2021-06-25 09:31:33,911] {scheduler_job.py:643} INFO - DAG(s) dict_keys(['example_branch_labels']) retrieved from /home/airflow/sandbox/lib/python3.8/site-packages/airflow/example_dags/example_branch_labels.py
[2021-06-25 09:31:33,958] {logging_mixin.py:104} INFO - [2021-06-25 09:31:33,958] {dag.py:1832} INFO - Sync 1 DAGs
[2021-06-25 09:31:33,987] {logging_mixin.py:104} INFO - [2021-06-25 09:31:33,987] {dag.py:2305} INFO - Setting next_dagrun for example_branch_labels to 2021-06-23 00:00:00+00:00
[2021-06-25 09:31:34,007] {scheduler_job.py:190} INFO - Processing /home/airflow/sandbox/lib/python3.8/site-packages/airflow/example_dags/example_branch_labels.py took 0.127 seconds
[2021-06-25 09:32:11,850] {scheduler_job.py:182} INFO - Started process (PID=13361) to work on /home/airflow/sandbox/lib/python3.8/site-packages/airflow/example_dags/example_branch_labels.py
[2021-06-25 09:32:11,856] {scheduler_job.py:633} INFO - Processing file /home/airflow/sandbox/lib/python3.8/site-packages/airflow/example_dags/example_branch_labels.py for tasks to queue
[2021-06-25 09:32:11,859] {logging_mixin.py:104} INFO - [2021-06-25 09:32:11,859] {dagbag.py:487} INFO - Filling up the DagBag from /home/airflow/sandbox/lib/python3.8/site-packages/airflow/example_dags/example_branch_labels.py
[2021-06-25 09:32:11,937] {scheduler_job.py:643} INFO - DAG(s) dict_keys(['example_branch_labels']) retrieved from /home/airflow/sandbox/lib/python3.8/site-packages/airflow/example_dags/example_branch_labels.py
[2021-06-25 09:32:12,114] {logging_mixin.py:104} INFO - [2021-06-25 09:32:12,114] {dag.py:1832} INFO - Sync 1 DAGs
[2021-06-25 09:32:12,281] {logging_mixin.py:104} INFO - [2021-06-25 09:32:12,280] {dag.py:2305} INFO - Setting next_dagrun for example_branch_labels to 2021-06-23 00:00:00+00:00
[2021-06-25 09:32:12,348] {scheduler_job.py:190} INFO - Processing /home/airflow/sandbox/lib/python3.8/site-packages/airflow/example_dags/example_branch_labels.py took 0.513 seconds
[2021-06-25 09:32:42,479] {scheduler_job.py:182} INFO - Started process (PID=13565) to work on /home/airflow/sandbox/lib/python3.8/site-packages/airflow/example_dags/example_branch_labels.py
[2021-06-25 09:32:42,482] {scheduler_job.py:633} INFO - Processing file /home/airflow/sandbox/lib/python3.8/site-packages/airflow/example_dags/example_branch_labels.py for tasks to queue
[2021-06-25 09:32:42,485] {logging_mixin.py:104} INFO - [2021-06-25 09:32:42,485] {dagbag.py:487} INFO - Filling up the DagBag from /home/airflow/sandbox/lib/python3.8/site-packages/airflow/example_dags/example_branch_labels.py
[2021-06-25 09:32:42,505] {scheduler_job.py:643} INFO - DAG(s) dict_keys(['example_branch_labels']) retrieved from /home/airflow/sandbox/lib/python3.8/site-packages/airflow/example_dags/example_branch_labels.py
[2021-06-25 09:32:42,547] {logging_mixin.py:104} INFO - [2021-06-25 09:32:42,547] {dag.py:1832} INFO - Sync 1 DAGs
[2021-06-25 09:32:42,572] {logging_mixin.py:104} INFO - [2021-06-25 09:32:42,572] {dag.py:2305} INFO - Setting next_dagrun for example_branch_labels to 2021-06-23 00:00:00+00:00
[2021-06-25 09:32:42,585] {scheduler_job.py:190} INFO - Processing /home/airflow/sandbox/lib/python3.8/site-packages/airflow/example_dags/example_branch_labels.py took 0.109 seconds
[2021-06-25 09:33:13,403] {scheduler_job.py:182} INFO - Started process (PID=13764) to work on /home/airflow/sandbox/lib/python3.8/site-packages/airflow/example_dags/example_branch_labels.py
[2021-06-25 09:33:13,406] {scheduler_job.py:633} INFO - Processing file /home/airflow/sandbox/lib/python3.8/site-packages/airflow/example_dags/example_branch_labels.py for tasks to queue
[2021-06-25 09:33:13,407] {logging_mixin.py:104} INFO - [2021-06-25 09:33:13,407] {dagbag.py:487} INFO - Filling up the DagBag from /home/airflow/sandbox/lib/python3.8/site-packages/airflow/example_dags/example_branch_labels.py
[2021-06-25 09:33:13,435] {scheduler_job.py:643} INFO - DAG(s) dict_keys(['example_branch_labels']) retrieved from /home/airflow/sandbox/lib/python3.8/site-packages/airflow/example_dags/example_branch_labels.py
[2021-06-25 09:33:13,490] {logging_mixin.py:104} INFO - [2021-06-25 09:33:13,490] {dag.py:1832} INFO - Sync 1 DAGs
[2021-06-25 09:33:13,521] {logging_mixin.py:104} INFO - [2021-06-25 09:33:13,521] {dag.py:2305} INFO - Setting next_dagrun for example_branch_labels to 2021-06-23 00:00:00+00:00
[2021-06-25 09:33:13,540] {scheduler_job.py:190} INFO - Processing /home/airflow/sandbox/lib/python3.8/site-packages/airflow/example_dags/example_branch_labels.py took 0.150 seconds
[2021-06-25 09:33:43,706] {scheduler_job.py:182} INFO - Started process (PID=13963) to work on /home/airflow/sandbox/lib/python3.8/site-packages/airflow/example_dags/example_branch_labels.py
[2021-06-25 09:33:43,709] {scheduler_job.py:633} INFO - Processing file /home/airflow/sandbox/lib/python3.8/site-packages/airflow/example_dags/example_branch_labels.py for tasks to queue
[2021-06-25 09:33:43,712] {logging_mixin.py:104} INFO - [2021-06-25 09:33:43,711] {dagbag.py:487} INFO - Filling up the DagBag from /home/airflow/sandbox/lib/python3.8/site-packages/airflow/example_dags/example_branch_labels.py
[2021-06-25 09:33:43,749] {scheduler_job.py:643} INFO - DAG(s) dict_keys(['example_branch_labels']) retrieved from /home/airflow/sandbox/lib/python3.8/site-packages/airflow/example_dags/example_branch_labels.py
[2021-06-25 09:33:43,789] {logging_mixin.py:104} INFO - [2021-06-25 09:33:43,789] {dag.py:1832} INFO - Sync 1 DAGs
[2021-06-25 09:33:43,852] {logging_mixin.py:104} INFO - [2021-06-25 09:33:43,852] {dag.py:2305} INFO - Setting next_dagrun for example_branch_labels to 2021-06-23 00:00:00+00:00
[2021-06-25 09:33:43,887] {scheduler_job.py:190} INFO - Processing /home/airflow/sandbox/lib/python3.8/site-packages/airflow/example_dags/example_branch_labels.py took 0.193 seconds
[2021-06-25 09:34:14,891] {scheduler_job.py:182} INFO - Started process (PID=14163) to work on /home/airflow/sandbox/lib/python3.8/site-packages/airflow/example_dags/example_branch_labels.py
[2021-06-25 09:34:14,892] {scheduler_job.py:633} INFO - Processing file /home/airflow/sandbox/lib/python3.8/site-packages/airflow/example_dags/example_branch_labels.py for tasks to queue
[2021-06-25 09:34:14,893] {logging_mixin.py:104} INFO - [2021-06-25 09:34:14,893] {dagbag.py:487} INFO - Filling up the DagBag from /home/airflow/sandbox/lib/python3.8/site-packages/airflow/example_dags/example_branch_labels.py
[2021-06-25 09:34:14,930] {scheduler_job.py:643} INFO - DAG(s) dict_keys(['example_branch_labels']) retrieved from /home/airflow/sandbox/lib/python3.8/site-packages/airflow/example_dags/example_branch_labels.py
[2021-06-25 09:34:15,045] {logging_mixin.py:104} INFO - [2021-06-25 09:34:15,045] {dag.py:1832} INFO - Sync 1 DAGs
[2021-06-25 09:34:15,097] {logging_mixin.py:104} INFO - [2021-06-25 09:34:15,097] {dag.py:2305} INFO - Setting next_dagrun for example_branch_labels to 2021-06-23 00:00:00+00:00
[2021-06-25 09:34:15,128] {scheduler_job.py:190} INFO - Processing /home/airflow/sandbox/lib/python3.8/site-packages/airflow/example_dags/example_branch_labels.py took 0.254 seconds
[2021-06-25 09:34:45,482] {scheduler_job.py:182} INFO - Started process (PID=14367) to work on /home/airflow/sandbox/lib/python3.8/site-packages/airflow/example_dags/example_branch_labels.py
[2021-06-25 09:34:45,484] {scheduler_job.py:633} INFO - Processing file /home/airflow/sandbox/lib/python3.8/site-packages/airflow/example_dags/example_branch_labels.py for tasks to queue
[2021-06-25 09:34:45,484] {logging_mixin.py:104} INFO - [2021-06-25 09:34:45,484] {dagbag.py:487} INFO - Filling up the DagBag from /home/airflow/sandbox/lib/python3.8/site-packages/airflow/example_dags/example_branch_labels.py
[2021-06-25 09:34:45,505] {scheduler_job.py:643} INFO - DAG(s) dict_keys(['example_branch_labels']) retrieved from /home/airflow/sandbox/lib/python3.8/site-packages/airflow/example_dags/example_branch_labels.py
[2021-06-25 09:34:45,544] {logging_mixin.py:104} INFO - [2021-06-25 09:34:45,544] {dag.py:1832} INFO - Sync 1 DAGs
[2021-06-25 09:34:45,567] {logging_mixin.py:104} INFO - [2021-06-25 09:34:45,567] {dag.py:2305} INFO - Setting next_dagrun for example_branch_labels to 2021-06-23 00:00:00+00:00
[2021-06-25 09:34:45,581] {scheduler_job.py:190} INFO - Processing /home/airflow/sandbox/lib/python3.8/site-packages/airflow/example_dags/example_branch_labels.py took 0.102 seconds
[2021-06-25 09:35:15,909] {scheduler_job.py:182} INFO - Started process (PID=14650) to work on /home/airflow/sandbox/lib/python3.8/site-packages/airflow/example_dags/example_branch_labels.py
[2021-06-25 09:35:15,911] {scheduler_job.py:633} INFO - Processing file /home/airflow/sandbox/lib/python3.8/site-packages/airflow/example_dags/example_branch_labels.py for tasks to queue
[2021-06-25 09:35:15,911] {logging_mixin.py:104} INFO - [2021-06-25 09:35:15,911] {dagbag.py:487} INFO - Filling up the DagBag from /home/airflow/sandbox/lib/python3.8/site-packages/airflow/example_dags/example_branch_labels.py
[2021-06-25 09:35:15,929] {scheduler_job.py:643} INFO - DAG(s) dict_keys(['example_branch_labels']) retrieved from /home/airflow/sandbox/lib/python3.8/site-packages/airflow/example_dags/example_branch_labels.py
[2021-06-25 09:35:15,982] {logging_mixin.py:104} INFO - [2021-06-25 09:35:15,982] {dag.py:1832} INFO - Sync 1 DAGs
[2021-06-25 09:35:16,003] {logging_mixin.py:104} INFO - [2021-06-25 09:35:16,003] {dag.py:2305} INFO - Setting next_dagrun for example_branch_labels to 2021-06-23 00:00:00+00:00
[2021-06-25 09:35:16,012] {scheduler_job.py:190} INFO - Processing /home/airflow/sandbox/lib/python3.8/site-packages/airflow/example_dags/example_branch_labels.py took 0.107 seconds
[2021-06-25 09:35:46,651] {scheduler_job.py:182} INFO - Started process (PID=14905) to work on /home/airflow/sandbox/lib/python3.8/site-packages/airflow/example_dags/example_branch_labels.py
[2021-06-25 09:35:46,654] {scheduler_job.py:633} INFO - Processing file /home/airflow/sandbox/lib/python3.8/site-packages/airflow/example_dags/example_branch_labels.py for tasks to queue
[2021-06-25 09:35:46,655] {logging_mixin.py:104} INFO - [2021-06-25 09:35:46,655] {dagbag.py:487} INFO - Filling up the DagBag from /home/airflow/sandbox/lib/python3.8/site-packages/airflow/example_dags/example_branch_labels.py
[2021-06-25 09:35:46,673] {scheduler_job.py:643} INFO - DAG(s) dict_keys(['example_branch_labels']) retrieved from /home/airflow/sandbox/lib/python3.8/site-packages/airflow/example_dags/example_branch_labels.py
[2021-06-25 09:35:46,706] {logging_mixin.py:104} INFO - [2021-06-25 09:35:46,706] {dag.py:1832} INFO - Sync 1 DAGs
[2021-06-25 09:35:46,742] {logging_mixin.py:104} INFO - [2021-06-25 09:35:46,742] {dag.py:2305} INFO - Setting next_dagrun for example_branch_labels to 2021-06-23 00:00:00+00:00
[2021-06-25 09:35:46,755] {scheduler_job.py:190} INFO - Processing /home/airflow/sandbox/lib/python3.8/site-packages/airflow/example_dags/example_branch_labels.py took 0.119 seconds
[2021-06-25 09:36:17,584] {scheduler_job.py:182} INFO - Started process (PID=15106) to work on /home/airflow/sandbox/lib/python3.8/site-packages/airflow/example_dags/example_branch_labels.py
[2021-06-25 09:36:17,587] {scheduler_job.py:633} INFO - Processing file /home/airflow/sandbox/lib/python3.8/site-packages/airflow/example_dags/example_branch_labels.py for tasks to queue
[2021-06-25 09:36:17,588] {logging_mixin.py:104} INFO - [2021-06-25 09:36:17,588] {dagbag.py:487} INFO - Filling up the DagBag from /home/airflow/sandbox/lib/python3.8/site-packages/airflow/example_dags/example_branch_labels.py
[2021-06-25 09:36:17,601] {scheduler_job.py:643} INFO - DAG(s) dict_keys(['example_branch_labels']) retrieved from /home/airflow/sandbox/lib/python3.8/site-packages/airflow/example_dags/example_branch_labels.py
[2021-06-25 09:36:17,629] {logging_mixin.py:104} INFO - [2021-06-25 09:36:17,629] {dag.py:1832} INFO - Sync 1 DAGs
[2021-06-25 09:36:17,658] {logging_mixin.py:104} INFO - [2021-06-25 09:36:17,658] {dag.py:2305} INFO - Setting next_dagrun for example_branch_labels to 2021-06-23 00:00:00+00:00
[2021-06-25 09:36:17,675] {scheduler_job.py:190} INFO - Processing /home/airflow/sandbox/lib/python3.8/site-packages/airflow/example_dags/example_branch_labels.py took 0.099 seconds
[2021-06-25 09:36:48,375] {scheduler_job.py:182} INFO - Started process (PID=15306) to work on /home/airflow/sandbox/lib/python3.8/site-packages/airflow/example_dags/example_branch_labels.py
[2021-06-25 09:36:48,391] {scheduler_job.py:633} INFO - Processing file /home/airflow/sandbox/lib/python3.8/site-packages/airflow/example_dags/example_branch_labels.py for tasks to queue
[2021-06-25 09:36:48,395] {logging_mixin.py:104} INFO - [2021-06-25 09:36:48,394] {dagbag.py:487} INFO - Filling up the DagBag from /home/airflow/sandbox/lib/python3.8/site-packages/airflow/example_dags/example_branch_labels.py
[2021-06-25 09:36:48,411] {scheduler_job.py:643} INFO - DAG(s) dict_keys(['example_branch_labels']) retrieved from /home/airflow/sandbox/lib/python3.8/site-packages/airflow/example_dags/example_branch_labels.py
[2021-06-25 09:36:48,445] {logging_mixin.py:104} INFO - [2021-06-25 09:36:48,445] {dag.py:1832} INFO - Sync 1 DAGs
[2021-06-25 09:36:48,472] {logging_mixin.py:104} INFO - [2021-06-25 09:36:48,472] {dag.py:2305} INFO - Setting next_dagrun for example_branch_labels to 2021-06-23 00:00:00+00:00
[2021-06-25 09:36:48,493] {scheduler_job.py:190} INFO - Processing /home/airflow/sandbox/lib/python3.8/site-packages/airflow/example_dags/example_branch_labels.py took 0.124 seconds
[2021-06-25 09:37:19,367] {scheduler_job.py:182} INFO - Started process (PID=15505) to work on /home/airflow/sandbox/lib/python3.8/site-packages/airflow/example_dags/example_branch_labels.py
[2021-06-25 09:37:19,369] {scheduler_job.py:633} INFO - Processing file /home/airflow/sandbox/lib/python3.8/site-packages/airflow/example_dags/example_branch_labels.py for tasks to queue
[2021-06-25 09:37:19,370] {logging_mixin.py:104} INFO - [2021-06-25 09:37:19,369] {dagbag.py:487} INFO - Filling up the DagBag from /home/airflow/sandbox/lib/python3.8/site-packages/airflow/example_dags/example_branch_labels.py
[2021-06-25 09:37:19,380] {scheduler_job.py:643} INFO - DAG(s) dict_keys(['example_branch_labels']) retrieved from /home/airflow/sandbox/lib/python3.8/site-packages/airflow/example_dags/example_branch_labels.py
[2021-06-25 09:37:19,410] {logging_mixin.py:104} INFO - [2021-06-25 09:37:19,410] {dag.py:1832} INFO - Sync 1 DAGs
[2021-06-25 09:37:19,436] {logging_mixin.py:104} INFO - [2021-06-25 09:37:19,436] {dag.py:2305} INFO - Setting next_dagrun for example_branch_labels to 2021-06-23 00:00:00+00:00
[2021-06-25 09:37:19,446] {scheduler_job.py:190} INFO - Processing /home/airflow/sandbox/lib/python3.8/site-packages/airflow/example_dags/example_branch_labels.py took 0.083 seconds
[2021-06-25 09:37:49,769] {scheduler_job.py:182} INFO - Started process (PID=15701) to work on /home/airflow/sandbox/lib/python3.8/site-packages/airflow/example_dags/example_branch_labels.py
[2021-06-25 09:37:49,771] {scheduler_job.py:633} INFO - Processing file /home/airflow/sandbox/lib/python3.8/site-packages/airflow/example_dags/example_branch_labels.py for tasks to queue
[2021-06-25 09:37:49,772] {logging_mixin.py:104} INFO - [2021-06-25 09:37:49,772] {dagbag.py:487} INFO - Filling up the DagBag from /home/airflow/sandbox/lib/python3.8/site-packages/airflow/example_dags/example_branch_labels.py
[2021-06-25 09:37:49,788] {scheduler_job.py:643} INFO - DAG(s) dict_keys(['example_branch_labels']) retrieved from /home/airflow/sandbox/lib/python3.8/site-packages/airflow/example_dags/example_branch_labels.py
[2021-06-25 09:37:49,825] {logging_mixin.py:104} INFO - [2021-06-25 09:37:49,825] {dag.py:1832} INFO - Sync 1 DAGs
[2021-06-25 09:37:49,854] {logging_mixin.py:104} INFO - [2021-06-25 09:37:49,854] {dag.py:2305} INFO - Setting next_dagrun for example_branch_labels to 2021-06-23 00:00:00+00:00
[2021-06-25 09:37:49,866] {scheduler_job.py:190} INFO - Processing /home/airflow/sandbox/lib/python3.8/site-packages/airflow/example_dags/example_branch_labels.py took 0.103 seconds
[2021-06-25 09:38:21,338] {scheduler_job.py:182} INFO - Started process (PID=15899) to work on /home/airflow/sandbox/lib/python3.8/site-packages/airflow/example_dags/example_branch_labels.py
[2021-06-25 09:38:21,341] {scheduler_job.py:633} INFO - Processing file /home/airflow/sandbox/lib/python3.8/site-packages/airflow/example_dags/example_branch_labels.py for tasks to queue
[2021-06-25 09:38:21,345] {logging_mixin.py:104} INFO - [2021-06-25 09:38:21,345] {dagbag.py:487} INFO - Filling up the DagBag from /home/airflow/sandbox/lib/python3.8/site-packages/airflow/example_dags/example_branch_labels.py
[2021-06-25 09:38:21,361] {scheduler_job.py:643} INFO - DAG(s) dict_keys(['example_branch_labels']) retrieved from /home/airflow/sandbox/lib/python3.8/site-packages/airflow/example_dags/example_branch_labels.py
[2021-06-25 09:38:21,413] {logging_mixin.py:104} INFO - [2021-06-25 09:38:21,412] {dag.py:1832} INFO - Sync 1 DAGs
[2021-06-25 09:38:21,437] {logging_mixin.py:104} INFO - [2021-06-25 09:38:21,437] {dag.py:2305} INFO - Setting next_dagrun for example_branch_labels to 2021-06-23 00:00:00+00:00
[2021-06-25 09:38:21,459] {scheduler_job.py:190} INFO - Processing /home/airflow/sandbox/lib/python3.8/site-packages/airflow/example_dags/example_branch_labels.py took 0.127 seconds
[2021-06-25 09:40:09,825] {scheduler_job.py:182} INFO - Started process (PID=16285) to work on /home/airflow/sandbox/lib/python3.8/site-packages/airflow/example_dags/example_branch_labels.py
[2021-06-25 09:40:09,832] {scheduler_job.py:633} INFO - Processing file /home/airflow/sandbox/lib/python3.8/site-packages/airflow/example_dags/example_branch_labels.py for tasks to queue
[2021-06-25 09:40:09,834] {logging_mixin.py:104} INFO - [2021-06-25 09:40:09,834] {dagbag.py:487} INFO - Filling up the DagBag from /home/airflow/sandbox/lib/python3.8/site-packages/airflow/example_dags/example_branch_labels.py
[2021-06-25 09:40:09,894] {scheduler_job.py:643} INFO - DAG(s) dict_keys(['example_branch_labels']) retrieved from /home/airflow/sandbox/lib/python3.8/site-packages/airflow/example_dags/example_branch_labels.py
[2021-06-25 09:40:09,988] {logging_mixin.py:104} INFO - [2021-06-25 09:40:09,988] {dag.py:1832} INFO - Sync 1 DAGs
[2021-06-25 09:40:10,037] {logging_mixin.py:104} INFO - [2021-06-25 09:40:10,037] {dag.py:2305} INFO - Setting next_dagrun for example_branch_labels to 2021-06-23 00:00:00+00:00
[2021-06-25 09:40:10,092] {scheduler_job.py:190} INFO - Processing /home/airflow/sandbox/lib/python3.8/site-packages/airflow/example_dags/example_branch_labels.py took 0.283 seconds
[2021-06-25 09:40:40,267] {scheduler_job.py:182} INFO - Started process (PID=16488) to work on /home/airflow/sandbox/lib/python3.8/site-packages/airflow/example_dags/example_branch_labels.py
[2021-06-25 09:40:40,269] {scheduler_job.py:633} INFO - Processing file /home/airflow/sandbox/lib/python3.8/site-packages/airflow/example_dags/example_branch_labels.py for tasks to queue
[2021-06-25 09:40:40,270] {logging_mixin.py:104} INFO - [2021-06-25 09:40:40,270] {dagbag.py:487} INFO - Filling up the DagBag from /home/airflow/sandbox/lib/python3.8/site-packages/airflow/example_dags/example_branch_labels.py
[2021-06-25 09:40:40,295] {scheduler_job.py:643} INFO - DAG(s) dict_keys(['example_branch_labels']) retrieved from /home/airflow/sandbox/lib/python3.8/site-packages/airflow/example_dags/example_branch_labels.py
[2021-06-25 09:40:40,329] {logging_mixin.py:104} INFO - [2021-06-25 09:40:40,329] {dag.py:1832} INFO - Sync 1 DAGs
[2021-06-25 09:40:40,352] {logging_mixin.py:104} INFO - [2021-06-25 09:40:40,352] {dag.py:2305} INFO - Setting next_dagrun for example_branch_labels to 2021-06-23 00:00:00+00:00
[2021-06-25 09:40:40,366] {scheduler_job.py:190} INFO - Processing /home/airflow/sandbox/lib/python3.8/site-packages/airflow/example_dags/example_branch_labels.py took 0.103 seconds
[2021-06-25 09:41:10,832] {scheduler_job.py:182} INFO - Started process (PID=16686) to work on /home/airflow/sandbox/lib/python3.8/site-packages/airflow/example_dags/example_branch_labels.py
[2021-06-25 09:41:10,834] {scheduler_job.py:633} INFO - Processing file /home/airflow/sandbox/lib/python3.8/site-packages/airflow/example_dags/example_branch_labels.py for tasks to queue
[2021-06-25 09:41:10,836] {logging_mixin.py:104} INFO - [2021-06-25 09:41:10,836] {dagbag.py:487} INFO - Filling up the DagBag from /home/airflow/sandbox/lib/python3.8/site-packages/airflow/example_dags/example_branch_labels.py
[2021-06-25 09:41:10,861] {scheduler_job.py:643} INFO - DAG(s) dict_keys(['example_branch_labels']) retrieved from /home/airflow/sandbox/lib/python3.8/site-packages/airflow/example_dags/example_branch_labels.py
[2021-06-25 09:41:10,910] {logging_mixin.py:104} INFO - [2021-06-25 09:41:10,910] {dag.py:1832} INFO - Sync 1 DAGs
[2021-06-25 09:41:10,936] {logging_mixin.py:104} INFO - [2021-06-25 09:41:10,936] {dag.py:2305} INFO - Setting next_dagrun for example_branch_labels to 2021-06-23 00:00:00+00:00
[2021-06-25 09:41:10,953] {scheduler_job.py:190} INFO - Processing /home/airflow/sandbox/lib/python3.8/site-packages/airflow/example_dags/example_branch_labels.py took 0.126 seconds
[2021-06-25 09:41:41,667] {scheduler_job.py:182} INFO - Started process (PID=16887) to work on /home/airflow/sandbox/lib/python3.8/site-packages/airflow/example_dags/example_branch_labels.py
[2021-06-25 09:41:41,671] {scheduler_job.py:633} INFO - Processing file /home/airflow/sandbox/lib/python3.8/site-packages/airflow/example_dags/example_branch_labels.py for tasks to queue
[2021-06-25 09:41:41,674] {logging_mixin.py:104} INFO - [2021-06-25 09:41:41,674] {dagbag.py:487} INFO - Filling up the DagBag from /home/airflow/sandbox/lib/python3.8/site-packages/airflow/example_dags/example_branch_labels.py
[2021-06-25 09:41:41,694] {scheduler_job.py:643} INFO - DAG(s) dict_keys(['example_branch_labels']) retrieved from /home/airflow/sandbox/lib/python3.8/site-packages/airflow/example_dags/example_branch_labels.py
[2021-06-25 09:41:41,733] {logging_mixin.py:104} INFO - [2021-06-25 09:41:41,733] {dag.py:1832} INFO - Sync 1 DAGs
[2021-06-25 09:41:41,815] {logging_mixin.py:104} INFO - [2021-06-25 09:41:41,814] {dag.py:2305} INFO - Setting next_dagrun for example_branch_labels to 2021-06-23 00:00:00+00:00
[2021-06-25 09:41:41,864] {scheduler_job.py:190} INFO - Processing /home/airflow/sandbox/lib/python3.8/site-packages/airflow/example_dags/example_branch_labels.py took 0.202 seconds
[2021-06-25 09:42:13,921] {scheduler_job.py:182} INFO - Started process (PID=17088) to work on /home/airflow/sandbox/lib/python3.8/site-packages/airflow/example_dags/example_branch_labels.py
[2021-06-25 09:42:13,930] {scheduler_job.py:633} INFO - Processing file /home/airflow/sandbox/lib/python3.8/site-packages/airflow/example_dags/example_branch_labels.py for tasks to queue
[2021-06-25 09:42:13,936] {logging_mixin.py:104} INFO - [2021-06-25 09:42:13,936] {dagbag.py:487} INFO - Filling up the DagBag from /home/airflow/sandbox/lib/python3.8/site-packages/airflow/example_dags/example_branch_labels.py
[2021-06-25 09:42:13,981] {scheduler_job.py:643} INFO - DAG(s) dict_keys(['example_branch_labels']) retrieved from /home/airflow/sandbox/lib/python3.8/site-packages/airflow/example_dags/example_branch_labels.py
[2021-06-25 09:42:14,065] {logging_mixin.py:104} INFO - [2021-06-25 09:42:14,065] {dag.py:1832} INFO - Sync 1 DAGs
[2021-06-25 09:42:14,113] {logging_mixin.py:104} INFO - [2021-06-25 09:42:14,113] {dag.py:2305} INFO - Setting next_dagrun for example_branch_labels to 2021-06-23 00:00:00+00:00
[2021-06-25 09:42:14,131] {scheduler_job.py:190} INFO - Processing /home/airflow/sandbox/lib/python3.8/site-packages/airflow/example_dags/example_branch_labels.py took 0.248 seconds
[2021-06-25 09:42:44,986] {scheduler_job.py:182} INFO - Started process (PID=17288) to work on /home/airflow/sandbox/lib/python3.8/site-packages/airflow/example_dags/example_branch_labels.py
[2021-06-25 09:42:44,997] {scheduler_job.py:633} INFO - Processing file /home/airflow/sandbox/lib/python3.8/site-packages/airflow/example_dags/example_branch_labels.py for tasks to queue
[2021-06-25 09:42:45,000] {logging_mixin.py:104} INFO - [2021-06-25 09:42:44,999] {dagbag.py:487} INFO - Filling up the DagBag from /home/airflow/sandbox/lib/python3.8/site-packages/airflow/example_dags/example_branch_labels.py
[2021-06-25 09:42:45,025] {scheduler_job.py:643} INFO - DAG(s) dict_keys(['example_branch_labels']) retrieved from /home/airflow/sandbox/lib/python3.8/site-packages/airflow/example_dags/example_branch_labels.py
[2021-06-25 09:42:45,091] {logging_mixin.py:104} INFO - [2021-06-25 09:42:45,089] {dag.py:1832} INFO - Sync 1 DAGs
[2021-06-25 09:42:45,129] {logging_mixin.py:104} INFO - [2021-06-25 09:42:45,129] {dag.py:2305} INFO - Setting next_dagrun for example_branch_labels to 2021-06-23 00:00:00+00:00
[2021-06-25 09:42:45,158] {scheduler_job.py:190} INFO - Processing /home/airflow/sandbox/lib/python3.8/site-packages/airflow/example_dags/example_branch_labels.py took 0.176 seconds
[2021-06-25 09:43:16,435] {scheduler_job.py:182} INFO - Started process (PID=17490) to work on /home/airflow/sandbox/lib/python3.8/site-packages/airflow/example_dags/example_branch_labels.py
[2021-06-25 09:43:16,436] {scheduler_job.py:633} INFO - Processing file /home/airflow/sandbox/lib/python3.8/site-packages/airflow/example_dags/example_branch_labels.py for tasks to queue
[2021-06-25 09:43:16,437] {logging_mixin.py:104} INFO - [2021-06-25 09:43:16,437] {dagbag.py:487} INFO - Filling up the DagBag from /home/airflow/sandbox/lib/python3.8/site-packages/airflow/example_dags/example_branch_labels.py
[2021-06-25 09:43:16,461] {scheduler_job.py:643} INFO - DAG(s) dict_keys(['example_branch_labels']) retrieved from /home/airflow/sandbox/lib/python3.8/site-packages/airflow/example_dags/example_branch_labels.py
[2021-06-25 09:43:16,528] {logging_mixin.py:104} INFO - [2021-06-25 09:43:16,528] {dag.py:1832} INFO - Sync 1 DAGs
[2021-06-25 09:43:16,566] {logging_mixin.py:104} INFO - [2021-06-25 09:43:16,566] {dag.py:2305} INFO - Setting next_dagrun for example_branch_labels to 2021-06-23 00:00:00+00:00
[2021-06-25 09:43:16,597] {scheduler_job.py:190} INFO - Processing /home/airflow/sandbox/lib/python3.8/site-packages/airflow/example_dags/example_branch_labels.py took 0.167 seconds
[2021-06-25 09:43:48,302] {scheduler_job.py:182} INFO - Started process (PID=17689) to work on /home/airflow/sandbox/lib/python3.8/site-packages/airflow/example_dags/example_branch_labels.py
[2021-06-25 09:43:48,307] {scheduler_job.py:633} INFO - Processing file /home/airflow/sandbox/lib/python3.8/site-packages/airflow/example_dags/example_branch_labels.py for tasks to queue
[2021-06-25 09:43:48,311] {logging_mixin.py:104} INFO - [2021-06-25 09:43:48,311] {dagbag.py:487} INFO - Filling up the DagBag from /home/airflow/sandbox/lib/python3.8/site-packages/airflow/example_dags/example_branch_labels.py
[2021-06-25 09:43:48,339] {scheduler_job.py:643} INFO - DAG(s) dict_keys(['example_branch_labels']) retrieved from /home/airflow/sandbox/lib/python3.8/site-packages/airflow/example_dags/example_branch_labels.py
[2021-06-25 09:43:48,411] {logging_mixin.py:104} INFO - [2021-06-25 09:43:48,411] {dag.py:1832} INFO - Sync 1 DAGs
[2021-06-25 09:43:48,457] {logging_mixin.py:104} INFO - [2021-06-25 09:43:48,457] {dag.py:2305} INFO - Setting next_dagrun for example_branch_labels to 2021-06-23 00:00:00+00:00
[2021-06-25 09:43:48,472] {scheduler_job.py:190} INFO - Processing /home/airflow/sandbox/lib/python3.8/site-packages/airflow/example_dags/example_branch_labels.py took 0.176 seconds
[2021-06-25 09:44:19,470] {scheduler_job.py:182} INFO - Started process (PID=17890) to work on /home/airflow/sandbox/lib/python3.8/site-packages/airflow/example_dags/example_branch_labels.py
[2021-06-25 09:44:19,473] {scheduler_job.py:633} INFO - Processing file /home/airflow/sandbox/lib/python3.8/site-packages/airflow/example_dags/example_branch_labels.py for tasks to queue
[2021-06-25 09:44:19,474] {logging_mixin.py:104} INFO - [2021-06-25 09:44:19,474] {dagbag.py:487} INFO - Filling up the DagBag from /home/airflow/sandbox/lib/python3.8/site-packages/airflow/example_dags/example_branch_labels.py
[2021-06-25 09:44:19,503] {scheduler_job.py:643} INFO - DAG(s) dict_keys(['example_branch_labels']) retrieved from /home/airflow/sandbox/lib/python3.8/site-packages/airflow/example_dags/example_branch_labels.py
[2021-06-25 09:44:19,605] {logging_mixin.py:104} INFO - [2021-06-25 09:44:19,605] {dag.py:1832} INFO - Sync 1 DAGs
[2021-06-25 09:44:19,652] {logging_mixin.py:104} INFO - [2021-06-25 09:44:19,652] {dag.py:2305} INFO - Setting next_dagrun for example_branch_labels to 2021-06-23 00:00:00+00:00
[2021-06-25 09:44:19,687] {scheduler_job.py:190} INFO - Processing /home/airflow/sandbox/lib/python3.8/site-packages/airflow/example_dags/example_branch_labels.py took 0.230 seconds
[2021-06-25 09:45:24,601] {scheduler_job.py:182} INFO - Started process (PID=19112) to work on /home/airflow/sandbox/lib/python3.8/site-packages/airflow/example_dags/example_branch_labels.py
[2021-06-25 09:45:24,604] {scheduler_job.py:633} INFO - Processing file /home/airflow/sandbox/lib/python3.8/site-packages/airflow/example_dags/example_branch_labels.py for tasks to queue
[2021-06-25 09:45:24,607] {logging_mixin.py:104} INFO - [2021-06-25 09:45:24,607] {dagbag.py:487} INFO - Filling up the DagBag from /home/airflow/sandbox/lib/python3.8/site-packages/airflow/example_dags/example_branch_labels.py
[2021-06-25 09:45:24,635] {scheduler_job.py:643} INFO - DAG(s) dict_keys(['example_branch_labels']) retrieved from /home/airflow/sandbox/lib/python3.8/site-packages/airflow/example_dags/example_branch_labels.py
[2021-06-25 09:45:24,715] {logging_mixin.py:104} INFO - [2021-06-25 09:45:24,715] {dag.py:1832} INFO - Sync 1 DAGs
[2021-06-25 09:45:24,779] {logging_mixin.py:104} INFO - [2021-06-25 09:45:24,778] {dag.py:2305} INFO - Setting next_dagrun for example_branch_labels to 2021-06-23 00:00:00+00:00
[2021-06-25 09:45:24,864] {scheduler_job.py:190} INFO - Processing /home/airflow/sandbox/lib/python3.8/site-packages/airflow/example_dags/example_branch_labels.py took 0.284 seconds
[2021-06-25 09:46:02,679] {scheduler_job.py:182} INFO - Started process (PID=19550) to work on /home/airflow/sandbox/lib/python3.8/site-packages/airflow/example_dags/example_branch_labels.py
[2021-06-25 09:46:02,699] {scheduler_job.py:633} INFO - Processing file /home/airflow/sandbox/lib/python3.8/site-packages/airflow/example_dags/example_branch_labels.py for tasks to queue
[2021-06-25 09:46:02,701] {logging_mixin.py:104} INFO - [2021-06-25 09:46:02,701] {dagbag.py:487} INFO - Filling up the DagBag from /home/airflow/sandbox/lib/python3.8/site-packages/airflow/example_dags/example_branch_labels.py
[2021-06-25 09:46:02,807] {scheduler_job.py:643} INFO - DAG(s) dict_keys(['example_branch_labels']) retrieved from /home/airflow/sandbox/lib/python3.8/site-packages/airflow/example_dags/example_branch_labels.py
[2021-06-25 09:46:02,919] {logging_mixin.py:104} INFO - [2021-06-25 09:46:02,919] {dag.py:1832} INFO - Sync 1 DAGs
[2021-06-25 09:46:03,127] {logging_mixin.py:104} INFO - [2021-06-25 09:46:03,094] {dag.py:2305} INFO - Setting next_dagrun for example_branch_labels to 2021-06-23 00:00:00+00:00
[2021-06-25 09:46:03,180] {scheduler_job.py:190} INFO - Processing /home/airflow/sandbox/lib/python3.8/site-packages/airflow/example_dags/example_branch_labels.py took 0.531 seconds
[2021-06-25 09:46:34,254] {scheduler_job.py:182} INFO - Started process (PID=19760) to work on /home/airflow/sandbox/lib/python3.8/site-packages/airflow/example_dags/example_branch_labels.py
[2021-06-25 09:46:34,257] {scheduler_job.py:633} INFO - Processing file /home/airflow/sandbox/lib/python3.8/site-packages/airflow/example_dags/example_branch_labels.py for tasks to queue
[2021-06-25 09:46:34,259] {logging_mixin.py:104} INFO - [2021-06-25 09:46:34,259] {dagbag.py:487} INFO - Filling up the DagBag from /home/airflow/sandbox/lib/python3.8/site-packages/airflow/example_dags/example_branch_labels.py
[2021-06-25 09:46:34,287] {scheduler_job.py:643} INFO - DAG(s) dict_keys(['example_branch_labels']) retrieved from /home/airflow/sandbox/lib/python3.8/site-packages/airflow/example_dags/example_branch_labels.py
[2021-06-25 09:46:34,323] {logging_mixin.py:104} INFO - [2021-06-25 09:46:34,323] {dag.py:1832} INFO - Sync 1 DAGs
[2021-06-25 09:46:34,357] {logging_mixin.py:104} INFO - [2021-06-25 09:46:34,357] {dag.py:2305} INFO - Setting next_dagrun for example_branch_labels to 2021-06-23 00:00:00+00:00
[2021-06-25 09:46:34,371] {scheduler_job.py:190} INFO - Processing /home/airflow/sandbox/lib/python3.8/site-packages/airflow/example_dags/example_branch_labels.py took 0.121 seconds
[2021-06-25 09:47:06,454] {scheduler_job.py:182} INFO - Started process (PID=19957) to work on /home/airflow/sandbox/lib/python3.8/site-packages/airflow/example_dags/example_branch_labels.py
[2021-06-25 09:47:06,465] {scheduler_job.py:633} INFO - Processing file /home/airflow/sandbox/lib/python3.8/site-packages/airflow/example_dags/example_branch_labels.py for tasks to queue
[2021-06-25 09:47:06,467] {logging_mixin.py:104} INFO - [2021-06-25 09:47:06,467] {dagbag.py:487} INFO - Filling up the DagBag from /home/airflow/sandbox/lib/python3.8/site-packages/airflow/example_dags/example_branch_labels.py
[2021-06-25 09:47:06,547] {scheduler_job.py:643} INFO - DAG(s) dict_keys(['example_branch_labels']) retrieved from /home/airflow/sandbox/lib/python3.8/site-packages/airflow/example_dags/example_branch_labels.py
[2021-06-25 09:47:06,614] {logging_mixin.py:104} INFO - [2021-06-25 09:47:06,614] {dag.py:1832} INFO - Sync 1 DAGs
[2021-06-25 09:47:06,664] {logging_mixin.py:104} INFO - [2021-06-25 09:47:06,664] {dag.py:2305} INFO - Setting next_dagrun for example_branch_labels to 2021-06-23 00:00:00+00:00
[2021-06-25 09:47:06,707] {scheduler_job.py:190} INFO - Processing /home/airflow/sandbox/lib/python3.8/site-packages/airflow/example_dags/example_branch_labels.py took 0.262 seconds
[2021-06-25 09:47:40,225] {scheduler_job.py:182} INFO - Started process (PID=20223) to work on /home/airflow/sandbox/lib/python3.8/site-packages/airflow/example_dags/example_branch_labels.py
[2021-06-25 09:47:40,233] {scheduler_job.py:633} INFO - Processing file /home/airflow/sandbox/lib/python3.8/site-packages/airflow/example_dags/example_branch_labels.py for tasks to queue
[2021-06-25 09:47:40,254] {logging_mixin.py:104} INFO - [2021-06-25 09:47:40,248] {dagbag.py:487} INFO - Filling up the DagBag from /home/airflow/sandbox/lib/python3.8/site-packages/airflow/example_dags/example_branch_labels.py
[2021-06-25 09:47:40,355] {scheduler_job.py:643} INFO - DAG(s) dict_keys(['example_branch_labels']) retrieved from /home/airflow/sandbox/lib/python3.8/site-packages/airflow/example_dags/example_branch_labels.py
[2021-06-25 09:47:40,614] {logging_mixin.py:104} INFO - [2021-06-25 09:47:40,614] {dag.py:1832} INFO - Sync 1 DAGs
[2021-06-25 09:47:40,785] {logging_mixin.py:104} INFO - [2021-06-25 09:47:40,785] {dag.py:2305} INFO - Setting next_dagrun for example_branch_labels to 2021-06-23 00:00:00+00:00
[2021-06-25 09:47:40,815] {scheduler_job.py:190} INFO - Processing /home/airflow/sandbox/lib/python3.8/site-packages/airflow/example_dags/example_branch_labels.py took 0.645 seconds
[2021-06-25 09:48:13,924] {scheduler_job.py:182} INFO - Started process (PID=20554) to work on /home/airflow/sandbox/lib/python3.8/site-packages/airflow/example_dags/example_branch_labels.py
[2021-06-25 09:48:13,939] {scheduler_job.py:633} INFO - Processing file /home/airflow/sandbox/lib/python3.8/site-packages/airflow/example_dags/example_branch_labels.py for tasks to queue
[2021-06-25 09:48:13,941] {logging_mixin.py:104} INFO - [2021-06-25 09:48:13,941] {dagbag.py:487} INFO - Filling up the DagBag from /home/airflow/sandbox/lib/python3.8/site-packages/airflow/example_dags/example_branch_labels.py
[2021-06-25 09:48:14,047] {scheduler_job.py:643} INFO - DAG(s) dict_keys(['example_branch_labels']) retrieved from /home/airflow/sandbox/lib/python3.8/site-packages/airflow/example_dags/example_branch_labels.py
[2021-06-25 09:48:14,124] {logging_mixin.py:104} INFO - [2021-06-25 09:48:14,124] {dag.py:1832} INFO - Sync 1 DAGs
[2021-06-25 09:48:14,158] {logging_mixin.py:104} INFO - [2021-06-25 09:48:14,157] {dag.py:2305} INFO - Setting next_dagrun for example_branch_labels to 2021-06-23 00:00:00+00:00
[2021-06-25 09:48:14,188] {scheduler_job.py:190} INFO - Processing /home/airflow/sandbox/lib/python3.8/site-packages/airflow/example_dags/example_branch_labels.py took 0.275 seconds
[2021-06-25 09:48:44,460] {scheduler_job.py:182} INFO - Started process (PID=20755) to work on /home/airflow/sandbox/lib/python3.8/site-packages/airflow/example_dags/example_branch_labels.py
[2021-06-25 09:48:44,473] {scheduler_job.py:633} INFO - Processing file /home/airflow/sandbox/lib/python3.8/site-packages/airflow/example_dags/example_branch_labels.py for tasks to queue
[2021-06-25 09:48:44,476] {logging_mixin.py:104} INFO - [2021-06-25 09:48:44,475] {dagbag.py:487} INFO - Filling up the DagBag from /home/airflow/sandbox/lib/python3.8/site-packages/airflow/example_dags/example_branch_labels.py
[2021-06-25 09:48:44,498] {scheduler_job.py:643} INFO - DAG(s) dict_keys(['example_branch_labels']) retrieved from /home/airflow/sandbox/lib/python3.8/site-packages/airflow/example_dags/example_branch_labels.py
[2021-06-25 09:48:44,600] {logging_mixin.py:104} INFO - [2021-06-25 09:48:44,600] {dag.py:1832} INFO - Sync 1 DAGs
[2021-06-25 09:48:44,682] {logging_mixin.py:104} INFO - [2021-06-25 09:48:44,682] {dag.py:2305} INFO - Setting next_dagrun for example_branch_labels to 2021-06-23 00:00:00+00:00
[2021-06-25 09:48:44,738] {scheduler_job.py:190} INFO - Processing /home/airflow/sandbox/lib/python3.8/site-packages/airflow/example_dags/example_branch_labels.py took 0.283 seconds
[2021-06-25 09:49:14,886] {scheduler_job.py:182} INFO - Started process (PID=20952) to work on /home/airflow/sandbox/lib/python3.8/site-packages/airflow/example_dags/example_branch_labels.py
[2021-06-25 09:49:14,888] {scheduler_job.py:633} INFO - Processing file /home/airflow/sandbox/lib/python3.8/site-packages/airflow/example_dags/example_branch_labels.py for tasks to queue
[2021-06-25 09:49:14,889] {logging_mixin.py:104} INFO - [2021-06-25 09:49:14,889] {dagbag.py:487} INFO - Filling up the DagBag from /home/airflow/sandbox/lib/python3.8/site-packages/airflow/example_dags/example_branch_labels.py
[2021-06-25 09:49:14,914] {scheduler_job.py:643} INFO - DAG(s) dict_keys(['example_branch_labels']) retrieved from /home/airflow/sandbox/lib/python3.8/site-packages/airflow/example_dags/example_branch_labels.py
[2021-06-25 09:49:14,959] {logging_mixin.py:104} INFO - [2021-06-25 09:49:14,959] {dag.py:1832} INFO - Sync 1 DAGs
[2021-06-25 09:49:14,985] {logging_mixin.py:104} INFO - [2021-06-25 09:49:14,985] {dag.py:2305} INFO - Setting next_dagrun for example_branch_labels to 2021-06-23 00:00:00+00:00
[2021-06-25 09:49:14,997] {scheduler_job.py:190} INFO - Processing /home/airflow/sandbox/lib/python3.8/site-packages/airflow/example_dags/example_branch_labels.py took 0.115 seconds
[2021-06-25 09:49:45,756] {scheduler_job.py:182} INFO - Started process (PID=21150) to work on /home/airflow/sandbox/lib/python3.8/site-packages/airflow/example_dags/example_branch_labels.py
[2021-06-25 09:49:45,758] {scheduler_job.py:633} INFO - Processing file /home/airflow/sandbox/lib/python3.8/site-packages/airflow/example_dags/example_branch_labels.py for tasks to queue
[2021-06-25 09:49:45,768] {logging_mixin.py:104} INFO - [2021-06-25 09:49:45,759] {dagbag.py:487} INFO - Filling up the DagBag from /home/airflow/sandbox/lib/python3.8/site-packages/airflow/example_dags/example_branch_labels.py
[2021-06-25 09:49:45,814] {scheduler_job.py:643} INFO - DAG(s) dict_keys(['example_branch_labels']) retrieved from /home/airflow/sandbox/lib/python3.8/site-packages/airflow/example_dags/example_branch_labels.py
[2021-06-25 09:49:45,903] {logging_mixin.py:104} INFO - [2021-06-25 09:49:45,903] {dag.py:1832} INFO - Sync 1 DAGs
[2021-06-25 09:49:45,973] {logging_mixin.py:104} INFO - [2021-06-25 09:49:45,973] {dag.py:2305} INFO - Setting next_dagrun for example_branch_labels to 2021-06-23 00:00:00+00:00
[2021-06-25 09:49:46,007] {scheduler_job.py:190} INFO - Processing /home/airflow/sandbox/lib/python3.8/site-packages/airflow/example_dags/example_branch_labels.py took 0.262 seconds
[2021-06-25 09:50:16,168] {scheduler_job.py:182} INFO - Started process (PID=21351) to work on /home/airflow/sandbox/lib/python3.8/site-packages/airflow/example_dags/example_branch_labels.py
[2021-06-25 09:50:16,173] {scheduler_job.py:633} INFO - Processing file /home/airflow/sandbox/lib/python3.8/site-packages/airflow/example_dags/example_branch_labels.py for tasks to queue
[2021-06-25 09:50:16,175] {logging_mixin.py:104} INFO - [2021-06-25 09:50:16,175] {dagbag.py:487} INFO - Filling up the DagBag from /home/airflow/sandbox/lib/python3.8/site-packages/airflow/example_dags/example_branch_labels.py
[2021-06-25 09:50:16,200] {scheduler_job.py:643} INFO - DAG(s) dict_keys(['example_branch_labels']) retrieved from /home/airflow/sandbox/lib/python3.8/site-packages/airflow/example_dags/example_branch_labels.py
[2021-06-25 09:50:16,257] {logging_mixin.py:104} INFO - [2021-06-25 09:50:16,256] {dag.py:1832} INFO - Sync 1 DAGs
[2021-06-25 09:50:16,293] {logging_mixin.py:104} INFO - [2021-06-25 09:50:16,293] {dag.py:2305} INFO - Setting next_dagrun for example_branch_labels to 2021-06-23 00:00:00+00:00
[2021-06-25 09:50:16,306] {scheduler_job.py:190} INFO - Processing /home/airflow/sandbox/lib/python3.8/site-packages/airflow/example_dags/example_branch_labels.py took 0.142 seconds
[2021-06-25 09:50:47,059] {scheduler_job.py:182} INFO - Started process (PID=21553) to work on /home/airflow/sandbox/lib/python3.8/site-packages/airflow/example_dags/example_branch_labels.py
[2021-06-25 09:50:47,063] {scheduler_job.py:633} INFO - Processing file /home/airflow/sandbox/lib/python3.8/site-packages/airflow/example_dags/example_branch_labels.py for tasks to queue
[2021-06-25 09:50:47,065] {logging_mixin.py:104} INFO - [2021-06-25 09:50:47,065] {dagbag.py:487} INFO - Filling up the DagBag from /home/airflow/sandbox/lib/python3.8/site-packages/airflow/example_dags/example_branch_labels.py
[2021-06-25 09:50:47,084] {scheduler_job.py:643} INFO - DAG(s) dict_keys(['example_branch_labels']) retrieved from /home/airflow/sandbox/lib/python3.8/site-packages/airflow/example_dags/example_branch_labels.py
[2021-06-25 09:50:47,136] {logging_mixin.py:104} INFO - [2021-06-25 09:50:47,135] {dag.py:1832} INFO - Sync 1 DAGs
[2021-06-25 09:50:47,169] {logging_mixin.py:104} INFO - [2021-06-25 09:50:47,169] {dag.py:2305} INFO - Setting next_dagrun for example_branch_labels to 2021-06-23 00:00:00+00:00
[2021-06-25 09:50:47,182] {scheduler_job.py:190} INFO - Processing /home/airflow/sandbox/lib/python3.8/site-packages/airflow/example_dags/example_branch_labels.py took 0.130 seconds
[2021-06-25 09:51:18,008] {scheduler_job.py:182} INFO - Started process (PID=21754) to work on /home/airflow/sandbox/lib/python3.8/site-packages/airflow/example_dags/example_branch_labels.py
[2021-06-25 09:51:18,010] {scheduler_job.py:633} INFO - Processing file /home/airflow/sandbox/lib/python3.8/site-packages/airflow/example_dags/example_branch_labels.py for tasks to queue
[2021-06-25 09:51:18,011] {logging_mixin.py:104} INFO - [2021-06-25 09:51:18,011] {dagbag.py:487} INFO - Filling up the DagBag from /home/airflow/sandbox/lib/python3.8/site-packages/airflow/example_dags/example_branch_labels.py
[2021-06-25 09:51:18,035] {scheduler_job.py:643} INFO - DAG(s) dict_keys(['example_branch_labels']) retrieved from /home/airflow/sandbox/lib/python3.8/site-packages/airflow/example_dags/example_branch_labels.py
[2021-06-25 09:51:18,073] {logging_mixin.py:104} INFO - [2021-06-25 09:51:18,073] {dag.py:1832} INFO - Sync 1 DAGs
[2021-06-25 09:51:18,094] {logging_mixin.py:104} INFO - [2021-06-25 09:51:18,094] {dag.py:2305} INFO - Setting next_dagrun for example_branch_labels to 2021-06-23 00:00:00+00:00
[2021-06-25 09:51:18,104] {scheduler_job.py:190} INFO - Processing /home/airflow/sandbox/lib/python3.8/site-packages/airflow/example_dags/example_branch_labels.py took 0.102 seconds
[2021-06-25 09:51:48,775] {scheduler_job.py:182} INFO - Started process (PID=21948) to work on /home/airflow/sandbox/lib/python3.8/site-packages/airflow/example_dags/example_branch_labels.py
[2021-06-25 09:51:48,777] {scheduler_job.py:633} INFO - Processing file /home/airflow/sandbox/lib/python3.8/site-packages/airflow/example_dags/example_branch_labels.py for tasks to queue
[2021-06-25 09:51:48,778] {logging_mixin.py:104} INFO - [2021-06-25 09:51:48,778] {dagbag.py:487} INFO - Filling up the DagBag from /home/airflow/sandbox/lib/python3.8/site-packages/airflow/example_dags/example_branch_labels.py
[2021-06-25 09:51:48,794] {scheduler_job.py:643} INFO - DAG(s) dict_keys(['example_branch_labels']) retrieved from /home/airflow/sandbox/lib/python3.8/site-packages/airflow/example_dags/example_branch_labels.py
[2021-06-25 09:51:48,864] {logging_mixin.py:104} INFO - [2021-06-25 09:51:48,863] {dag.py:1832} INFO - Sync 1 DAGs
[2021-06-25 09:51:48,898] {logging_mixin.py:104} INFO - [2021-06-25 09:51:48,898] {dag.py:2305} INFO - Setting next_dagrun for example_branch_labels to 2021-06-23 00:00:00+00:00
[2021-06-25 09:51:48,916] {scheduler_job.py:190} INFO - Processing /home/airflow/sandbox/lib/python3.8/site-packages/airflow/example_dags/example_branch_labels.py took 0.148 seconds
[2021-06-25 09:52:19,104] {scheduler_job.py:182} INFO - Started process (PID=22150) to work on /home/airflow/sandbox/lib/python3.8/site-packages/airflow/example_dags/example_branch_labels.py
[2021-06-25 09:52:19,107] {scheduler_job.py:633} INFO - Processing file /home/airflow/sandbox/lib/python3.8/site-packages/airflow/example_dags/example_branch_labels.py for tasks to queue
[2021-06-25 09:52:19,110] {logging_mixin.py:104} INFO - [2021-06-25 09:52:19,109] {dagbag.py:487} INFO - Filling up the DagBag from /home/airflow/sandbox/lib/python3.8/site-packages/airflow/example_dags/example_branch_labels.py
[2021-06-25 09:52:19,127] {scheduler_job.py:643} INFO - DAG(s) dict_keys(['example_branch_labels']) retrieved from /home/airflow/sandbox/lib/python3.8/site-packages/airflow/example_dags/example_branch_labels.py
[2021-06-25 09:52:19,178] {logging_mixin.py:104} INFO - [2021-06-25 09:52:19,178] {dag.py:1832} INFO - Sync 1 DAGs
[2021-06-25 09:52:19,217] {logging_mixin.py:104} INFO - [2021-06-25 09:52:19,217] {dag.py:2305} INFO - Setting next_dagrun for example_branch_labels to 2021-06-23 00:00:00+00:00
[2021-06-25 09:52:19,255] {scheduler_job.py:190} INFO - Processing /home/airflow/sandbox/lib/python3.8/site-packages/airflow/example_dags/example_branch_labels.py took 0.154 seconds
[2021-06-25 09:52:49,443] {scheduler_job.py:182} INFO - Started process (PID=22348) to work on /home/airflow/sandbox/lib/python3.8/site-packages/airflow/example_dags/example_branch_labels.py
[2021-06-25 09:52:49,445] {scheduler_job.py:633} INFO - Processing file /home/airflow/sandbox/lib/python3.8/site-packages/airflow/example_dags/example_branch_labels.py for tasks to queue
[2021-06-25 09:52:49,452] {logging_mixin.py:104} INFO - [2021-06-25 09:52:49,446] {dagbag.py:487} INFO - Filling up the DagBag from /home/airflow/sandbox/lib/python3.8/site-packages/airflow/example_dags/example_branch_labels.py
[2021-06-25 09:52:49,508] {scheduler_job.py:643} INFO - DAG(s) dict_keys(['example_branch_labels']) retrieved from /home/airflow/sandbox/lib/python3.8/site-packages/airflow/example_dags/example_branch_labels.py
[2021-06-25 09:52:49,555] {logging_mixin.py:104} INFO - [2021-06-25 09:52:49,555] {dag.py:1832} INFO - Sync 1 DAGs
[2021-06-25 09:52:49,589] {logging_mixin.py:104} INFO - [2021-06-25 09:52:49,589] {dag.py:2305} INFO - Setting next_dagrun for example_branch_labels to 2021-06-23 00:00:00+00:00
[2021-06-25 09:52:49,604] {scheduler_job.py:190} INFO - Processing /home/airflow/sandbox/lib/python3.8/site-packages/airflow/example_dags/example_branch_labels.py took 0.192 seconds
[2021-06-25 09:53:20,143] {scheduler_job.py:182} INFO - Started process (PID=22548) to work on /home/airflow/sandbox/lib/python3.8/site-packages/airflow/example_dags/example_branch_labels.py
[2021-06-25 09:53:20,147] {scheduler_job.py:633} INFO - Processing file /home/airflow/sandbox/lib/python3.8/site-packages/airflow/example_dags/example_branch_labels.py for tasks to queue
[2021-06-25 09:53:20,148] {logging_mixin.py:104} INFO - [2021-06-25 09:53:20,148] {dagbag.py:487} INFO - Filling up the DagBag from /home/airflow/sandbox/lib/python3.8/site-packages/airflow/example_dags/example_branch_labels.py
[2021-06-25 09:53:20,166] {scheduler_job.py:643} INFO - DAG(s) dict_keys(['example_branch_labels']) retrieved from /home/airflow/sandbox/lib/python3.8/site-packages/airflow/example_dags/example_branch_labels.py
[2021-06-25 09:53:20,231] {logging_mixin.py:104} INFO - [2021-06-25 09:53:20,231] {dag.py:1832} INFO - Sync 1 DAGs
[2021-06-25 09:53:20,268] {logging_mixin.py:104} INFO - [2021-06-25 09:53:20,267] {dag.py:2305} INFO - Setting next_dagrun for example_branch_labels to 2021-06-23 00:00:00+00:00
[2021-06-25 09:53:20,306] {scheduler_job.py:190} INFO - Processing /home/airflow/sandbox/lib/python3.8/site-packages/airflow/example_dags/example_branch_labels.py took 0.171 seconds
[2021-06-25 09:53:51,448] {scheduler_job.py:182} INFO - Started process (PID=22749) to work on /home/airflow/sandbox/lib/python3.8/site-packages/airflow/example_dags/example_branch_labels.py
[2021-06-25 09:53:51,455] {scheduler_job.py:633} INFO - Processing file /home/airflow/sandbox/lib/python3.8/site-packages/airflow/example_dags/example_branch_labels.py for tasks to queue
[2021-06-25 09:53:51,459] {logging_mixin.py:104} INFO - [2021-06-25 09:53:51,459] {dagbag.py:487} INFO - Filling up the DagBag from /home/airflow/sandbox/lib/python3.8/site-packages/airflow/example_dags/example_branch_labels.py
[2021-06-25 09:53:51,485] {scheduler_job.py:643} INFO - DAG(s) dict_keys(['example_branch_labels']) retrieved from /home/airflow/sandbox/lib/python3.8/site-packages/airflow/example_dags/example_branch_labels.py
[2021-06-25 09:53:51,544] {logging_mixin.py:104} INFO - [2021-06-25 09:53:51,544] {dag.py:1832} INFO - Sync 1 DAGs
[2021-06-25 09:53:51,601] {logging_mixin.py:104} INFO - [2021-06-25 09:53:51,601] {dag.py:2305} INFO - Setting next_dagrun for example_branch_labels to 2021-06-23 00:00:00+00:00
[2021-06-25 09:53:51,625] {scheduler_job.py:190} INFO - Processing /home/airflow/sandbox/lib/python3.8/site-packages/airflow/example_dags/example_branch_labels.py took 0.186 seconds
[2021-06-25 09:54:23,646] {scheduler_job.py:182} INFO - Started process (PID=22950) to work on /home/airflow/sandbox/lib/python3.8/site-packages/airflow/example_dags/example_branch_labels.py
[2021-06-25 09:54:23,648] {scheduler_job.py:633} INFO - Processing file /home/airflow/sandbox/lib/python3.8/site-packages/airflow/example_dags/example_branch_labels.py for tasks to queue
[2021-06-25 09:54:23,650] {logging_mixin.py:104} INFO - [2021-06-25 09:54:23,650] {dagbag.py:487} INFO - Filling up the DagBag from /home/airflow/sandbox/lib/python3.8/site-packages/airflow/example_dags/example_branch_labels.py
[2021-06-25 09:54:23,692] {scheduler_job.py:643} INFO - DAG(s) dict_keys(['example_branch_labels']) retrieved from /home/airflow/sandbox/lib/python3.8/site-packages/airflow/example_dags/example_branch_labels.py
[2021-06-25 09:54:23,813] {logging_mixin.py:104} INFO - [2021-06-25 09:54:23,812] {dag.py:1832} INFO - Sync 1 DAGs
[2021-06-25 09:54:23,863] {logging_mixin.py:104} INFO - [2021-06-25 09:54:23,863] {dag.py:2305} INFO - Setting next_dagrun for example_branch_labels to 2021-06-23 00:00:00+00:00
[2021-06-25 09:54:23,894] {scheduler_job.py:190} INFO - Processing /home/airflow/sandbox/lib/python3.8/site-packages/airflow/example_dags/example_branch_labels.py took 0.264 seconds
