[2021-06-25 08:55:22,203] {scheduler_job.py:182} INFO - Started process (PID=2169) to work on /home/airflow/sandbox/lib/python3.8/site-packages/airflow/example_dags/example_branch_datetime_operator.py
[2021-06-25 08:55:22,217] {scheduler_job.py:633} INFO - Processing file /home/airflow/sandbox/lib/python3.8/site-packages/airflow/example_dags/example_branch_datetime_operator.py for tasks to queue
[2021-06-25 08:55:22,219] {logging_mixin.py:104} INFO - [2021-06-25 08:55:22,218] {dagbag.py:487} INFO - Filling up the DagBag from /home/airflow/sandbox/lib/python3.8/site-packages/airflow/example_dags/example_branch_datetime_operator.py
[2021-06-25 08:55:22,435] {scheduler_job.py:643} INFO - DAG(s) dict_keys(['example_branch_datetime_operator_2']) retrieved from /home/airflow/sandbox/lib/python3.8/site-packages/airflow/example_dags/example_branch_datetime_operator.py
[2021-06-25 08:55:27,208] {logging_mixin.py:104} INFO - [2021-06-25 08:55:27,207] {dag.py:1832} INFO - Sync 1 DAGs
[2021-06-25 08:55:27,333] {logging_mixin.py:104} INFO - [2021-06-25 08:55:27,333] {dag.py:2305} INFO - Setting next_dagrun for example_branch_datetime_operator_2 to 2021-06-23 00:00:00+00:00
[2021-06-25 08:55:27,445] {scheduler_job.py:190} INFO - Processing /home/airflow/sandbox/lib/python3.8/site-packages/airflow/example_dags/example_branch_datetime_operator.py took 5.343 seconds
[2021-06-25 09:15:20,621] {scheduler_job.py:182} INFO - Started process (PID=3655) to work on /home/airflow/sandbox/lib/python3.8/site-packages/airflow/example_dags/example_branch_datetime_operator.py
[2021-06-25 09:15:20,624] {scheduler_job.py:633} INFO - Processing file /home/airflow/sandbox/lib/python3.8/site-packages/airflow/example_dags/example_branch_datetime_operator.py for tasks to queue
[2021-06-25 09:15:20,625] {logging_mixin.py:104} INFO - [2021-06-25 09:15:20,625] {dagbag.py:487} INFO - Filling up the DagBag from /home/airflow/sandbox/lib/python3.8/site-packages/airflow/example_dags/example_branch_datetime_operator.py
[2021-06-25 09:15:20,656] {scheduler_job.py:643} INFO - DAG(s) dict_keys(['example_branch_datetime_operator_2']) retrieved from /home/airflow/sandbox/lib/python3.8/site-packages/airflow/example_dags/example_branch_datetime_operator.py
[2021-06-25 09:15:20,751] {logging_mixin.py:104} INFO - [2021-06-25 09:15:20,751] {dag.py:1832} INFO - Sync 1 DAGs
[2021-06-25 09:15:20,795] {logging_mixin.py:104} INFO - [2021-06-25 09:15:20,795] {dag.py:2305} INFO - Setting next_dagrun for example_branch_datetime_operator_2 to 2021-06-23 00:00:00+00:00
[2021-06-25 09:15:20,835] {scheduler_job.py:190} INFO - Processing /home/airflow/sandbox/lib/python3.8/site-packages/airflow/example_dags/example_branch_datetime_operator.py took 0.219 seconds
[2021-06-25 09:16:00,525] {scheduler_job.py:182} INFO - Started process (PID=3738) to work on /home/airflow/sandbox/lib/python3.8/site-packages/airflow/example_dags/example_branch_datetime_operator.py
[2021-06-25 09:16:00,530] {scheduler_job.py:633} INFO - Processing file /home/airflow/sandbox/lib/python3.8/site-packages/airflow/example_dags/example_branch_datetime_operator.py for tasks to queue
[2021-06-25 09:16:00,538] {logging_mixin.py:104} INFO - [2021-06-25 09:16:00,538] {dagbag.py:487} INFO - Filling up the DagBag from /home/airflow/sandbox/lib/python3.8/site-packages/airflow/example_dags/example_branch_datetime_operator.py
[2021-06-25 09:16:00,632] {scheduler_job.py:643} INFO - DAG(s) dict_keys(['example_branch_datetime_operator_2']) retrieved from /home/airflow/sandbox/lib/python3.8/site-packages/airflow/example_dags/example_branch_datetime_operator.py
[2021-06-25 09:16:00,803] {logging_mixin.py:104} INFO - [2021-06-25 09:16:00,802] {dag.py:1832} INFO - Sync 1 DAGs
[2021-06-25 09:16:00,996] {logging_mixin.py:104} INFO - [2021-06-25 09:16:00,996] {dag.py:2305} INFO - Setting next_dagrun for example_branch_datetime_operator_2 to 2021-06-23 00:00:00+00:00
[2021-06-25 09:16:01,100] {scheduler_job.py:190} INFO - Processing /home/airflow/sandbox/lib/python3.8/site-packages/airflow/example_dags/example_branch_datetime_operator.py took 0.612 seconds
[2021-06-25 09:17:15,886] {scheduler_job.py:182} INFO - Started process (PID=4759) to work on /home/airflow/sandbox/lib/python3.8/site-packages/airflow/example_dags/example_branch_datetime_operator.py
[2021-06-25 09:17:15,900] {scheduler_job.py:633} INFO - Processing file /home/airflow/sandbox/lib/python3.8/site-packages/airflow/example_dags/example_branch_datetime_operator.py for tasks to queue
[2021-06-25 09:17:15,902] {logging_mixin.py:104} INFO - [2021-06-25 09:17:15,901] {dagbag.py:487} INFO - Filling up the DagBag from /home/airflow/sandbox/lib/python3.8/site-packages/airflow/example_dags/example_branch_datetime_operator.py
[2021-06-25 09:17:16,058] {scheduler_job.py:643} INFO - DAG(s) dict_keys(['example_branch_datetime_operator_2']) retrieved from /home/airflow/sandbox/lib/python3.8/site-packages/airflow/example_dags/example_branch_datetime_operator.py
[2021-06-25 09:17:16,353] {logging_mixin.py:104} INFO - [2021-06-25 09:17:16,353] {dag.py:1832} INFO - Sync 1 DAGs
[2021-06-25 09:17:16,655] {logging_mixin.py:104} INFO - [2021-06-25 09:17:16,655] {dag.py:2305} INFO - Setting next_dagrun for example_branch_datetime_operator_2 to 2021-06-23 00:00:00+00:00
[2021-06-25 09:17:16,776] {scheduler_job.py:190} INFO - Processing /home/airflow/sandbox/lib/python3.8/site-packages/airflow/example_dags/example_branch_datetime_operator.py took 0.910 seconds
[2021-06-25 09:17:51,225] {scheduler_job.py:182} INFO - Started process (PID=5674) to work on /home/airflow/sandbox/lib/python3.8/site-packages/airflow/example_dags/example_branch_datetime_operator.py
[2021-06-25 09:17:51,226] {scheduler_job.py:633} INFO - Processing file /home/airflow/sandbox/lib/python3.8/site-packages/airflow/example_dags/example_branch_datetime_operator.py for tasks to queue
[2021-06-25 09:17:51,227] {logging_mixin.py:104} INFO - [2021-06-25 09:17:51,227] {dagbag.py:487} INFO - Filling up the DagBag from /home/airflow/sandbox/lib/python3.8/site-packages/airflow/example_dags/example_branch_datetime_operator.py
[2021-06-25 09:17:51,545] {scheduler_job.py:643} INFO - DAG(s) dict_keys(['example_branch_datetime_operator_2']) retrieved from /home/airflow/sandbox/lib/python3.8/site-packages/airflow/example_dags/example_branch_datetime_operator.py
[2021-06-25 09:17:52,095] {logging_mixin.py:104} INFO - [2021-06-25 09:17:52,095] {dag.py:1832} INFO - Sync 1 DAGs
[2021-06-25 09:17:52,704] {logging_mixin.py:104} INFO - [2021-06-25 09:17:52,703] {dag.py:2305} INFO - Setting next_dagrun for example_branch_datetime_operator_2 to 2021-06-23 00:00:00+00:00
[2021-06-25 09:17:52,966] {scheduler_job.py:190} INFO - Processing /home/airflow/sandbox/lib/python3.8/site-packages/airflow/example_dags/example_branch_datetime_operator.py took 1.816 seconds
[2021-06-25 09:18:36,882] {scheduler_job.py:182} INFO - Started process (PID=6916) to work on /home/airflow/sandbox/lib/python3.8/site-packages/airflow/example_dags/example_branch_datetime_operator.py
[2021-06-25 09:18:36,892] {scheduler_job.py:633} INFO - Processing file /home/airflow/sandbox/lib/python3.8/site-packages/airflow/example_dags/example_branch_datetime_operator.py for tasks to queue
[2021-06-25 09:18:36,899] {logging_mixin.py:104} INFO - [2021-06-25 09:18:36,898] {dagbag.py:487} INFO - Filling up the DagBag from /home/airflow/sandbox/lib/python3.8/site-packages/airflow/example_dags/example_branch_datetime_operator.py
[2021-06-25 09:18:36,999] {scheduler_job.py:643} INFO - DAG(s) dict_keys(['example_branch_datetime_operator_2']) retrieved from /home/airflow/sandbox/lib/python3.8/site-packages/airflow/example_dags/example_branch_datetime_operator.py
[2021-06-25 09:18:37,214] {logging_mixin.py:104} INFO - [2021-06-25 09:18:37,214] {dag.py:1832} INFO - Sync 1 DAGs
[2021-06-25 09:18:37,459] {logging_mixin.py:104} INFO - [2021-06-25 09:18:37,459] {dag.py:2305} INFO - Setting next_dagrun for example_branch_datetime_operator_2 to 2021-06-23 00:00:00+00:00
[2021-06-25 09:18:37,665] {scheduler_job.py:190} INFO - Processing /home/airflow/sandbox/lib/python3.8/site-packages/airflow/example_dags/example_branch_datetime_operator.py took 0.802 seconds
[2021-06-25 09:19:28,813] {scheduler_job.py:182} INFO - Started process (PID=8333) to work on /home/airflow/sandbox/lib/python3.8/site-packages/airflow/example_dags/example_branch_datetime_operator.py
[2021-06-25 09:19:28,823] {scheduler_job.py:633} INFO - Processing file /home/airflow/sandbox/lib/python3.8/site-packages/airflow/example_dags/example_branch_datetime_operator.py for tasks to queue
[2021-06-25 09:19:28,828] {logging_mixin.py:104} INFO - [2021-06-25 09:19:28,828] {dagbag.py:487} INFO - Filling up the DagBag from /home/airflow/sandbox/lib/python3.8/site-packages/airflow/example_dags/example_branch_datetime_operator.py
[2021-06-25 09:19:28,974] {scheduler_job.py:643} INFO - DAG(s) dict_keys(['example_branch_datetime_operator_2']) retrieved from /home/airflow/sandbox/lib/python3.8/site-packages/airflow/example_dags/example_branch_datetime_operator.py
[2021-06-25 09:19:29,267] {logging_mixin.py:104} INFO - [2021-06-25 09:19:29,267] {dag.py:1832} INFO - Sync 1 DAGs
[2021-06-25 09:19:29,608] {logging_mixin.py:104} INFO - [2021-06-25 09:19:29,608] {dag.py:2305} INFO - Setting next_dagrun for example_branch_datetime_operator_2 to 2021-06-23 00:00:00+00:00
[2021-06-25 09:19:29,829] {scheduler_job.py:190} INFO - Processing /home/airflow/sandbox/lib/python3.8/site-packages/airflow/example_dags/example_branch_datetime_operator.py took 1.064 seconds
[2021-06-25 09:20:12,180] {scheduler_job.py:182} INFO - Started process (PID=9597) to work on /home/airflow/sandbox/lib/python3.8/site-packages/airflow/example_dags/example_branch_datetime_operator.py
[2021-06-25 09:20:12,181] {scheduler_job.py:633} INFO - Processing file /home/airflow/sandbox/lib/python3.8/site-packages/airflow/example_dags/example_branch_datetime_operator.py for tasks to queue
[2021-06-25 09:20:12,182] {logging_mixin.py:104} INFO - [2021-06-25 09:20:12,182] {dagbag.py:487} INFO - Filling up the DagBag from /home/airflow/sandbox/lib/python3.8/site-packages/airflow/example_dags/example_branch_datetime_operator.py
[2021-06-25 09:20:12,476] {scheduler_job.py:643} INFO - DAG(s) dict_keys(['example_branch_datetime_operator_2']) retrieved from /home/airflow/sandbox/lib/python3.8/site-packages/airflow/example_dags/example_branch_datetime_operator.py
[2021-06-25 09:20:12,714] {logging_mixin.py:104} INFO - [2021-06-25 09:20:12,713] {dag.py:1832} INFO - Sync 1 DAGs
[2021-06-25 09:20:13,036] {logging_mixin.py:104} INFO - [2021-06-25 09:20:13,036] {dag.py:2305} INFO - Setting next_dagrun for example_branch_datetime_operator_2 to 2021-06-23 00:00:00+00:00
[2021-06-25 09:20:13,168] {scheduler_job.py:190} INFO - Processing /home/airflow/sandbox/lib/python3.8/site-packages/airflow/example_dags/example_branch_datetime_operator.py took 1.008 seconds
[2021-06-25 09:20:43,784] {scheduler_job.py:182} INFO - Started process (PID=9922) to work on /home/airflow/sandbox/lib/python3.8/site-packages/airflow/example_dags/example_branch_datetime_operator.py
[2021-06-25 09:20:43,787] {scheduler_job.py:633} INFO - Processing file /home/airflow/sandbox/lib/python3.8/site-packages/airflow/example_dags/example_branch_datetime_operator.py for tasks to queue
[2021-06-25 09:20:43,789] {logging_mixin.py:104} INFO - [2021-06-25 09:20:43,789] {dagbag.py:487} INFO - Filling up the DagBag from /home/airflow/sandbox/lib/python3.8/site-packages/airflow/example_dags/example_branch_datetime_operator.py
[2021-06-25 09:20:43,816] {scheduler_job.py:643} INFO - DAG(s) dict_keys(['example_branch_datetime_operator_2']) retrieved from /home/airflow/sandbox/lib/python3.8/site-packages/airflow/example_dags/example_branch_datetime_operator.py
[2021-06-25 09:20:43,874] {logging_mixin.py:104} INFO - [2021-06-25 09:20:43,874] {dag.py:1832} INFO - Sync 1 DAGs
[2021-06-25 09:20:43,907] {logging_mixin.py:104} INFO - [2021-06-25 09:20:43,907] {dag.py:2305} INFO - Setting next_dagrun for example_branch_datetime_operator_2 to 2021-06-23 00:00:00+00:00
[2021-06-25 09:20:43,925] {scheduler_job.py:190} INFO - Processing /home/airflow/sandbox/lib/python3.8/site-packages/airflow/example_dags/example_branch_datetime_operator.py took 0.146 seconds
[2021-06-25 09:21:14,227] {scheduler_job.py:182} INFO - Started process (PID=9991) to work on /home/airflow/sandbox/lib/python3.8/site-packages/airflow/example_dags/example_branch_datetime_operator.py
[2021-06-25 09:21:14,230] {scheduler_job.py:633} INFO - Processing file /home/airflow/sandbox/lib/python3.8/site-packages/airflow/example_dags/example_branch_datetime_operator.py for tasks to queue
[2021-06-25 09:21:14,233] {logging_mixin.py:104} INFO - [2021-06-25 09:21:14,233] {dagbag.py:487} INFO - Filling up the DagBag from /home/airflow/sandbox/lib/python3.8/site-packages/airflow/example_dags/example_branch_datetime_operator.py
[2021-06-25 09:21:14,256] {scheduler_job.py:643} INFO - DAG(s) dict_keys(['example_branch_datetime_operator_2']) retrieved from /home/airflow/sandbox/lib/python3.8/site-packages/airflow/example_dags/example_branch_datetime_operator.py
[2021-06-25 09:21:14,294] {logging_mixin.py:104} INFO - [2021-06-25 09:21:14,294] {dag.py:1832} INFO - Sync 1 DAGs
[2021-06-25 09:21:14,318] {logging_mixin.py:104} INFO - [2021-06-25 09:21:14,318] {dag.py:2305} INFO - Setting next_dagrun for example_branch_datetime_operator_2 to 2021-06-23 00:00:00+00:00
[2021-06-25 09:21:14,339] {scheduler_job.py:190} INFO - Processing /home/airflow/sandbox/lib/python3.8/site-packages/airflow/example_dags/example_branch_datetime_operator.py took 0.116 seconds
[2021-06-25 09:21:44,556] {scheduler_job.py:182} INFO - Started process (PID=10059) to work on /home/airflow/sandbox/lib/python3.8/site-packages/airflow/example_dags/example_branch_datetime_operator.py
[2021-06-25 09:21:44,557] {scheduler_job.py:633} INFO - Processing file /home/airflow/sandbox/lib/python3.8/site-packages/airflow/example_dags/example_branch_datetime_operator.py for tasks to queue
[2021-06-25 09:21:44,558] {logging_mixin.py:104} INFO - [2021-06-25 09:21:44,558] {dagbag.py:487} INFO - Filling up the DagBag from /home/airflow/sandbox/lib/python3.8/site-packages/airflow/example_dags/example_branch_datetime_operator.py
[2021-06-25 09:21:44,575] {scheduler_job.py:643} INFO - DAG(s) dict_keys(['example_branch_datetime_operator_2']) retrieved from /home/airflow/sandbox/lib/python3.8/site-packages/airflow/example_dags/example_branch_datetime_operator.py
[2021-06-25 09:21:44,615] {logging_mixin.py:104} INFO - [2021-06-25 09:21:44,615] {dag.py:1832} INFO - Sync 1 DAGs
[2021-06-25 09:21:44,644] {logging_mixin.py:104} INFO - [2021-06-25 09:21:44,644] {dag.py:2305} INFO - Setting next_dagrun for example_branch_datetime_operator_2 to 2021-06-23 00:00:00+00:00
[2021-06-25 09:21:44,657] {scheduler_job.py:190} INFO - Processing /home/airflow/sandbox/lib/python3.8/site-packages/airflow/example_dags/example_branch_datetime_operator.py took 0.105 seconds
[2021-06-25 09:22:14,729] {scheduler_job.py:182} INFO - Started process (PID=10133) to work on /home/airflow/sandbox/lib/python3.8/site-packages/airflow/example_dags/example_branch_datetime_operator.py
[2021-06-25 09:22:14,734] {scheduler_job.py:633} INFO - Processing file /home/airflow/sandbox/lib/python3.8/site-packages/airflow/example_dags/example_branch_datetime_operator.py for tasks to queue
[2021-06-25 09:22:14,742] {logging_mixin.py:104} INFO - [2021-06-25 09:22:14,742] {dagbag.py:487} INFO - Filling up the DagBag from /home/airflow/sandbox/lib/python3.8/site-packages/airflow/example_dags/example_branch_datetime_operator.py
[2021-06-25 09:22:14,758] {scheduler_job.py:643} INFO - DAG(s) dict_keys(['example_branch_datetime_operator_2']) retrieved from /home/airflow/sandbox/lib/python3.8/site-packages/airflow/example_dags/example_branch_datetime_operator.py
[2021-06-25 09:22:14,797] {logging_mixin.py:104} INFO - [2021-06-25 09:22:14,797] {dag.py:1832} INFO - Sync 1 DAGs
[2021-06-25 09:22:14,833] {logging_mixin.py:104} INFO - [2021-06-25 09:22:14,833] {dag.py:2305} INFO - Setting next_dagrun for example_branch_datetime_operator_2 to 2021-06-23 00:00:00+00:00
[2021-06-25 09:22:14,845] {scheduler_job.py:190} INFO - Processing /home/airflow/sandbox/lib/python3.8/site-packages/airflow/example_dags/example_branch_datetime_operator.py took 0.120 seconds
[2021-06-25 09:22:45,244] {scheduler_job.py:182} INFO - Started process (PID=10202) to work on /home/airflow/sandbox/lib/python3.8/site-packages/airflow/example_dags/example_branch_datetime_operator.py
[2021-06-25 09:22:45,264] {scheduler_job.py:633} INFO - Processing file /home/airflow/sandbox/lib/python3.8/site-packages/airflow/example_dags/example_branch_datetime_operator.py for tasks to queue
[2021-06-25 09:22:45,267] {logging_mixin.py:104} INFO - [2021-06-25 09:22:45,266] {dagbag.py:487} INFO - Filling up the DagBag from /home/airflow/sandbox/lib/python3.8/site-packages/airflow/example_dags/example_branch_datetime_operator.py
[2021-06-25 09:22:45,319] {scheduler_job.py:643} INFO - DAG(s) dict_keys(['example_branch_datetime_operator_2']) retrieved from /home/airflow/sandbox/lib/python3.8/site-packages/airflow/example_dags/example_branch_datetime_operator.py
[2021-06-25 09:22:45,403] {logging_mixin.py:104} INFO - [2021-06-25 09:22:45,403] {dag.py:1832} INFO - Sync 1 DAGs
[2021-06-25 09:22:45,468] {logging_mixin.py:104} INFO - [2021-06-25 09:22:45,466] {dag.py:2305} INFO - Setting next_dagrun for example_branch_datetime_operator_2 to 2021-06-23 00:00:00+00:00
[2021-06-25 09:22:45,502] {scheduler_job.py:190} INFO - Processing /home/airflow/sandbox/lib/python3.8/site-packages/airflow/example_dags/example_branch_datetime_operator.py took 0.270 seconds
[2021-06-25 09:24:06,329] {scheduler_job.py:182} INFO - Started process (PID=10475) to work on /home/airflow/sandbox/lib/python3.8/site-packages/airflow/example_dags/example_branch_datetime_operator.py
[2021-06-25 09:24:06,336] {scheduler_job.py:633} INFO - Processing file /home/airflow/sandbox/lib/python3.8/site-packages/airflow/example_dags/example_branch_datetime_operator.py for tasks to queue
[2021-06-25 09:24:06,339] {logging_mixin.py:104} INFO - [2021-06-25 09:24:06,339] {dagbag.py:487} INFO - Filling up the DagBag from /home/airflow/sandbox/lib/python3.8/site-packages/airflow/example_dags/example_branch_datetime_operator.py
[2021-06-25 09:24:06,358] {scheduler_job.py:643} INFO - DAG(s) dict_keys(['example_branch_datetime_operator_2']) retrieved from /home/airflow/sandbox/lib/python3.8/site-packages/airflow/example_dags/example_branch_datetime_operator.py
[2021-06-25 09:24:06,398] {logging_mixin.py:104} INFO - [2021-06-25 09:24:06,398] {dag.py:1832} INFO - Sync 1 DAGs
[2021-06-25 09:24:06,427] {logging_mixin.py:104} INFO - [2021-06-25 09:24:06,427] {dag.py:2305} INFO - Setting next_dagrun for example_branch_datetime_operator_2 to 2021-06-23 00:00:00+00:00
[2021-06-25 09:24:06,448] {scheduler_job.py:190} INFO - Processing /home/airflow/sandbox/lib/python3.8/site-packages/airflow/example_dags/example_branch_datetime_operator.py took 0.124 seconds
[2021-06-25 09:24:37,480] {scheduler_job.py:182} INFO - Started process (PID=10691) to work on /home/airflow/sandbox/lib/python3.8/site-packages/airflow/example_dags/example_branch_datetime_operator.py
[2021-06-25 09:24:37,481] {scheduler_job.py:633} INFO - Processing file /home/airflow/sandbox/lib/python3.8/site-packages/airflow/example_dags/example_branch_datetime_operator.py for tasks to queue
[2021-06-25 09:24:37,482] {logging_mixin.py:104} INFO - [2021-06-25 09:24:37,481] {dagbag.py:487} INFO - Filling up the DagBag from /home/airflow/sandbox/lib/python3.8/site-packages/airflow/example_dags/example_branch_datetime_operator.py
[2021-06-25 09:24:37,503] {scheduler_job.py:643} INFO - DAG(s) dict_keys(['example_branch_datetime_operator_2']) retrieved from /home/airflow/sandbox/lib/python3.8/site-packages/airflow/example_dags/example_branch_datetime_operator.py
[2021-06-25 09:24:37,537] {logging_mixin.py:104} INFO - [2021-06-25 09:24:37,537] {dag.py:1832} INFO - Sync 1 DAGs
[2021-06-25 09:24:37,566] {logging_mixin.py:104} INFO - [2021-06-25 09:24:37,566] {dag.py:2305} INFO - Setting next_dagrun for example_branch_datetime_operator_2 to 2021-06-23 00:00:00+00:00
[2021-06-25 09:24:37,585] {scheduler_job.py:190} INFO - Processing /home/airflow/sandbox/lib/python3.8/site-packages/airflow/example_dags/example_branch_datetime_operator.py took 0.110 seconds
[2021-06-25 09:25:08,454] {scheduler_job.py:182} INFO - Started process (PID=10892) to work on /home/airflow/sandbox/lib/python3.8/site-packages/airflow/example_dags/example_branch_datetime_operator.py
[2021-06-25 09:25:08,455] {scheduler_job.py:633} INFO - Processing file /home/airflow/sandbox/lib/python3.8/site-packages/airflow/example_dags/example_branch_datetime_operator.py for tasks to queue
[2021-06-25 09:25:08,456] {logging_mixin.py:104} INFO - [2021-06-25 09:25:08,456] {dagbag.py:487} INFO - Filling up the DagBag from /home/airflow/sandbox/lib/python3.8/site-packages/airflow/example_dags/example_branch_datetime_operator.py
[2021-06-25 09:25:08,486] {scheduler_job.py:643} INFO - DAG(s) dict_keys(['example_branch_datetime_operator_2']) retrieved from /home/airflow/sandbox/lib/python3.8/site-packages/airflow/example_dags/example_branch_datetime_operator.py
[2021-06-25 09:25:08,523] {logging_mixin.py:104} INFO - [2021-06-25 09:25:08,523] {dag.py:1832} INFO - Sync 1 DAGs
[2021-06-25 09:25:08,551] {logging_mixin.py:104} INFO - [2021-06-25 09:25:08,550] {dag.py:2305} INFO - Setting next_dagrun for example_branch_datetime_operator_2 to 2021-06-23 00:00:00+00:00
[2021-06-25 09:25:08,567] {scheduler_job.py:190} INFO - Processing /home/airflow/sandbox/lib/python3.8/site-packages/airflow/example_dags/example_branch_datetime_operator.py took 0.117 seconds
[2021-06-25 09:25:39,352] {scheduler_job.py:182} INFO - Started process (PID=11092) to work on /home/airflow/sandbox/lib/python3.8/site-packages/airflow/example_dags/example_branch_datetime_operator.py
[2021-06-25 09:25:39,355] {scheduler_job.py:633} INFO - Processing file /home/airflow/sandbox/lib/python3.8/site-packages/airflow/example_dags/example_branch_datetime_operator.py for tasks to queue
[2021-06-25 09:25:39,357] {logging_mixin.py:104} INFO - [2021-06-25 09:25:39,357] {dagbag.py:487} INFO - Filling up the DagBag from /home/airflow/sandbox/lib/python3.8/site-packages/airflow/example_dags/example_branch_datetime_operator.py
[2021-06-25 09:25:39,381] {scheduler_job.py:643} INFO - DAG(s) dict_keys(['example_branch_datetime_operator_2']) retrieved from /home/airflow/sandbox/lib/python3.8/site-packages/airflow/example_dags/example_branch_datetime_operator.py
[2021-06-25 09:25:39,420] {logging_mixin.py:104} INFO - [2021-06-25 09:25:39,420] {dag.py:1832} INFO - Sync 1 DAGs
[2021-06-25 09:25:39,445] {logging_mixin.py:104} INFO - [2021-06-25 09:25:39,444] {dag.py:2305} INFO - Setting next_dagrun for example_branch_datetime_operator_2 to 2021-06-23 00:00:00+00:00
[2021-06-25 09:25:39,459] {scheduler_job.py:190} INFO - Processing /home/airflow/sandbox/lib/python3.8/site-packages/airflow/example_dags/example_branch_datetime_operator.py took 0.113 seconds
[2021-06-25 09:26:10,514] {scheduler_job.py:182} INFO - Started process (PID=11286) to work on /home/airflow/sandbox/lib/python3.8/site-packages/airflow/example_dags/example_branch_datetime_operator.py
[2021-06-25 09:26:10,519] {scheduler_job.py:633} INFO - Processing file /home/airflow/sandbox/lib/python3.8/site-packages/airflow/example_dags/example_branch_datetime_operator.py for tasks to queue
[2021-06-25 09:26:10,523] {logging_mixin.py:104} INFO - [2021-06-25 09:26:10,522] {dagbag.py:487} INFO - Filling up the DagBag from /home/airflow/sandbox/lib/python3.8/site-packages/airflow/example_dags/example_branch_datetime_operator.py
[2021-06-25 09:26:10,547] {scheduler_job.py:643} INFO - DAG(s) dict_keys(['example_branch_datetime_operator_2']) retrieved from /home/airflow/sandbox/lib/python3.8/site-packages/airflow/example_dags/example_branch_datetime_operator.py
[2021-06-25 09:26:10,585] {logging_mixin.py:104} INFO - [2021-06-25 09:26:10,585] {dag.py:1832} INFO - Sync 1 DAGs
[2021-06-25 09:26:10,616] {logging_mixin.py:104} INFO - [2021-06-25 09:26:10,615] {dag.py:2305} INFO - Setting next_dagrun for example_branch_datetime_operator_2 to 2021-06-23 00:00:00+00:00
[2021-06-25 09:26:10,643] {scheduler_job.py:190} INFO - Processing /home/airflow/sandbox/lib/python3.8/site-packages/airflow/example_dags/example_branch_datetime_operator.py took 0.136 seconds
[2021-06-25 09:27:04,232] {scheduler_job.py:182} INFO - Started process (PID=11643) to work on /home/airflow/sandbox/lib/python3.8/site-packages/airflow/example_dags/example_branch_datetime_operator.py
[2021-06-25 09:27:04,235] {scheduler_job.py:633} INFO - Processing file /home/airflow/sandbox/lib/python3.8/site-packages/airflow/example_dags/example_branch_datetime_operator.py for tasks to queue
[2021-06-25 09:27:04,237] {logging_mixin.py:104} INFO - [2021-06-25 09:27:04,237] {dagbag.py:487} INFO - Filling up the DagBag from /home/airflow/sandbox/lib/python3.8/site-packages/airflow/example_dags/example_branch_datetime_operator.py
[2021-06-25 09:27:04,260] {scheduler_job.py:643} INFO - DAG(s) dict_keys(['example_branch_datetime_operator_2']) retrieved from /home/airflow/sandbox/lib/python3.8/site-packages/airflow/example_dags/example_branch_datetime_operator.py
[2021-06-25 09:27:04,311] {logging_mixin.py:104} INFO - [2021-06-25 09:27:04,310] {dag.py:1832} INFO - Sync 1 DAGs
[2021-06-25 09:27:04,346] {logging_mixin.py:104} INFO - [2021-06-25 09:27:04,346] {dag.py:2305} INFO - Setting next_dagrun for example_branch_datetime_operator_2 to 2021-06-23 00:00:00+00:00
[2021-06-25 09:27:04,380] {scheduler_job.py:190} INFO - Processing /home/airflow/sandbox/lib/python3.8/site-packages/airflow/example_dags/example_branch_datetime_operator.py took 0.153 seconds
[2021-06-25 09:27:35,582] {scheduler_job.py:182} INFO - Started process (PID=11857) to work on /home/airflow/sandbox/lib/python3.8/site-packages/airflow/example_dags/example_branch_datetime_operator.py
[2021-06-25 09:27:35,587] {scheduler_job.py:633} INFO - Processing file /home/airflow/sandbox/lib/python3.8/site-packages/airflow/example_dags/example_branch_datetime_operator.py for tasks to queue
[2021-06-25 09:27:35,589] {logging_mixin.py:104} INFO - [2021-06-25 09:27:35,589] {dagbag.py:487} INFO - Filling up the DagBag from /home/airflow/sandbox/lib/python3.8/site-packages/airflow/example_dags/example_branch_datetime_operator.py
[2021-06-25 09:27:35,628] {scheduler_job.py:643} INFO - DAG(s) dict_keys(['example_branch_datetime_operator_2']) retrieved from /home/airflow/sandbox/lib/python3.8/site-packages/airflow/example_dags/example_branch_datetime_operator.py
[2021-06-25 09:27:35,760] {logging_mixin.py:104} INFO - [2021-06-25 09:27:35,759] {dag.py:1832} INFO - Sync 1 DAGs
[2021-06-25 09:27:35,857] {logging_mixin.py:104} INFO - [2021-06-25 09:27:35,857] {dag.py:2305} INFO - Setting next_dagrun for example_branch_datetime_operator_2 to 2021-06-23 00:00:00+00:00
[2021-06-25 09:27:35,914] {scheduler_job.py:190} INFO - Processing /home/airflow/sandbox/lib/python3.8/site-packages/airflow/example_dags/example_branch_datetime_operator.py took 0.340 seconds
[2021-06-25 09:28:08,433] {scheduler_job.py:182} INFO - Started process (PID=12057) to work on /home/airflow/sandbox/lib/python3.8/site-packages/airflow/example_dags/example_branch_datetime_operator.py
[2021-06-25 09:28:08,435] {scheduler_job.py:633} INFO - Processing file /home/airflow/sandbox/lib/python3.8/site-packages/airflow/example_dags/example_branch_datetime_operator.py for tasks to queue
[2021-06-25 09:28:08,444] {logging_mixin.py:104} INFO - [2021-06-25 09:28:08,444] {dagbag.py:487} INFO - Filling up the DagBag from /home/airflow/sandbox/lib/python3.8/site-packages/airflow/example_dags/example_branch_datetime_operator.py
[2021-06-25 09:28:08,500] {scheduler_job.py:643} INFO - DAG(s) dict_keys(['example_branch_datetime_operator_2']) retrieved from /home/airflow/sandbox/lib/python3.8/site-packages/airflow/example_dags/example_branch_datetime_operator.py
[2021-06-25 09:28:08,582] {logging_mixin.py:104} INFO - [2021-06-25 09:28:08,582] {dag.py:1832} INFO - Sync 1 DAGs
[2021-06-25 09:28:08,681] {logging_mixin.py:104} INFO - [2021-06-25 09:28:08,680] {dag.py:2305} INFO - Setting next_dagrun for example_branch_datetime_operator_2 to 2021-06-23 00:00:00+00:00
[2021-06-25 09:28:08,710] {scheduler_job.py:190} INFO - Processing /home/airflow/sandbox/lib/python3.8/site-packages/airflow/example_dags/example_branch_datetime_operator.py took 0.296 seconds
[2021-06-25 09:28:39,961] {scheduler_job.py:182} INFO - Started process (PID=12256) to work on /home/airflow/sandbox/lib/python3.8/site-packages/airflow/example_dags/example_branch_datetime_operator.py
[2021-06-25 09:28:39,963] {scheduler_job.py:633} INFO - Processing file /home/airflow/sandbox/lib/python3.8/site-packages/airflow/example_dags/example_branch_datetime_operator.py for tasks to queue
[2021-06-25 09:28:39,964] {logging_mixin.py:104} INFO - [2021-06-25 09:28:39,963] {dagbag.py:487} INFO - Filling up the DagBag from /home/airflow/sandbox/lib/python3.8/site-packages/airflow/example_dags/example_branch_datetime_operator.py
[2021-06-25 09:28:39,986] {scheduler_job.py:643} INFO - DAG(s) dict_keys(['example_branch_datetime_operator_2']) retrieved from /home/airflow/sandbox/lib/python3.8/site-packages/airflow/example_dags/example_branch_datetime_operator.py
[2021-06-25 09:28:40,035] {logging_mixin.py:104} INFO - [2021-06-25 09:28:40,035] {dag.py:1832} INFO - Sync 1 DAGs
[2021-06-25 09:28:40,064] {logging_mixin.py:104} INFO - [2021-06-25 09:28:40,064] {dag.py:2305} INFO - Setting next_dagrun for example_branch_datetime_operator_2 to 2021-06-23 00:00:00+00:00
[2021-06-25 09:28:40,085] {scheduler_job.py:190} INFO - Processing /home/airflow/sandbox/lib/python3.8/site-packages/airflow/example_dags/example_branch_datetime_operator.py took 0.130 seconds
[2021-06-25 09:29:11,241] {scheduler_job.py:182} INFO - Started process (PID=12458) to work on /home/airflow/sandbox/lib/python3.8/site-packages/airflow/example_dags/example_branch_datetime_operator.py
[2021-06-25 09:29:11,245] {scheduler_job.py:633} INFO - Processing file /home/airflow/sandbox/lib/python3.8/site-packages/airflow/example_dags/example_branch_datetime_operator.py for tasks to queue
[2021-06-25 09:29:11,255] {logging_mixin.py:104} INFO - [2021-06-25 09:29:11,255] {dagbag.py:487} INFO - Filling up the DagBag from /home/airflow/sandbox/lib/python3.8/site-packages/airflow/example_dags/example_branch_datetime_operator.py
[2021-06-25 09:29:11,277] {scheduler_job.py:643} INFO - DAG(s) dict_keys(['example_branch_datetime_operator_2']) retrieved from /home/airflow/sandbox/lib/python3.8/site-packages/airflow/example_dags/example_branch_datetime_operator.py
[2021-06-25 09:29:11,324] {logging_mixin.py:104} INFO - [2021-06-25 09:29:11,324] {dag.py:1832} INFO - Sync 1 DAGs
[2021-06-25 09:29:11,350] {logging_mixin.py:104} INFO - [2021-06-25 09:29:11,350] {dag.py:2305} INFO - Setting next_dagrun for example_branch_datetime_operator_2 to 2021-06-23 00:00:00+00:00
[2021-06-25 09:29:11,368] {scheduler_job.py:190} INFO - Processing /home/airflow/sandbox/lib/python3.8/site-packages/airflow/example_dags/example_branch_datetime_operator.py took 0.135 seconds
[2021-06-25 09:30:31,180] {scheduler_job.py:182} INFO - Started process (PID=12742) to work on /home/airflow/sandbox/lib/python3.8/site-packages/airflow/example_dags/example_branch_datetime_operator.py
[2021-06-25 09:30:31,182] {scheduler_job.py:633} INFO - Processing file /home/airflow/sandbox/lib/python3.8/site-packages/airflow/example_dags/example_branch_datetime_operator.py for tasks to queue
[2021-06-25 09:30:31,183] {logging_mixin.py:104} INFO - [2021-06-25 09:30:31,183] {dagbag.py:487} INFO - Filling up the DagBag from /home/airflow/sandbox/lib/python3.8/site-packages/airflow/example_dags/example_branch_datetime_operator.py
[2021-06-25 09:30:31,196] {scheduler_job.py:643} INFO - DAG(s) dict_keys(['example_branch_datetime_operator_2']) retrieved from /home/airflow/sandbox/lib/python3.8/site-packages/airflow/example_dags/example_branch_datetime_operator.py
[2021-06-25 09:30:31,226] {logging_mixin.py:104} INFO - [2021-06-25 09:30:31,226] {dag.py:1832} INFO - Sync 1 DAGs
[2021-06-25 09:30:31,248] {logging_mixin.py:104} INFO - [2021-06-25 09:30:31,248] {dag.py:2305} INFO - Setting next_dagrun for example_branch_datetime_operator_2 to 2021-06-23 00:00:00+00:00
[2021-06-25 09:30:31,260] {scheduler_job.py:190} INFO - Processing /home/airflow/sandbox/lib/python3.8/site-packages/airflow/example_dags/example_branch_datetime_operator.py took 0.085 seconds
[2021-06-25 09:31:02,187] {scheduler_job.py:182} INFO - Started process (PID=12942) to work on /home/airflow/sandbox/lib/python3.8/site-packages/airflow/example_dags/example_branch_datetime_operator.py
[2021-06-25 09:31:02,190] {scheduler_job.py:633} INFO - Processing file /home/airflow/sandbox/lib/python3.8/site-packages/airflow/example_dags/example_branch_datetime_operator.py for tasks to queue
[2021-06-25 09:31:02,191] {logging_mixin.py:104} INFO - [2021-06-25 09:31:02,190] {dagbag.py:487} INFO - Filling up the DagBag from /home/airflow/sandbox/lib/python3.8/site-packages/airflow/example_dags/example_branch_datetime_operator.py
[2021-06-25 09:31:02,226] {scheduler_job.py:643} INFO - DAG(s) dict_keys(['example_branch_datetime_operator_2']) retrieved from /home/airflow/sandbox/lib/python3.8/site-packages/airflow/example_dags/example_branch_datetime_operator.py
[2021-06-25 09:31:02,322] {logging_mixin.py:104} INFO - [2021-06-25 09:31:02,321] {dag.py:1832} INFO - Sync 1 DAGs
[2021-06-25 09:31:02,371] {logging_mixin.py:104} INFO - [2021-06-25 09:31:02,370] {dag.py:2305} INFO - Setting next_dagrun for example_branch_datetime_operator_2 to 2021-06-23 00:00:00+00:00
[2021-06-25 09:31:02,407] {scheduler_job.py:190} INFO - Processing /home/airflow/sandbox/lib/python3.8/site-packages/airflow/example_dags/example_branch_datetime_operator.py took 0.231 seconds
[2021-06-25 09:31:33,532] {scheduler_job.py:182} INFO - Started process (PID=13143) to work on /home/airflow/sandbox/lib/python3.8/site-packages/airflow/example_dags/example_branch_datetime_operator.py
[2021-06-25 09:31:33,535] {scheduler_job.py:633} INFO - Processing file /home/airflow/sandbox/lib/python3.8/site-packages/airflow/example_dags/example_branch_datetime_operator.py for tasks to queue
[2021-06-25 09:31:33,537] {logging_mixin.py:104} INFO - [2021-06-25 09:31:33,537] {dagbag.py:487} INFO - Filling up the DagBag from /home/airflow/sandbox/lib/python3.8/site-packages/airflow/example_dags/example_branch_datetime_operator.py
[2021-06-25 09:31:33,552] {scheduler_job.py:643} INFO - DAG(s) dict_keys(['example_branch_datetime_operator_2']) retrieved from /home/airflow/sandbox/lib/python3.8/site-packages/airflow/example_dags/example_branch_datetime_operator.py
[2021-06-25 09:31:33,591] {logging_mixin.py:104} INFO - [2021-06-25 09:31:33,591] {dag.py:1832} INFO - Sync 1 DAGs
[2021-06-25 09:31:33,635] {logging_mixin.py:104} INFO - [2021-06-25 09:31:33,634] {dag.py:2305} INFO - Setting next_dagrun for example_branch_datetime_operator_2 to 2021-06-23 00:00:00+00:00
[2021-06-25 09:31:33,663] {scheduler_job.py:190} INFO - Processing /home/airflow/sandbox/lib/python3.8/site-packages/airflow/example_dags/example_branch_datetime_operator.py took 0.136 seconds
[2021-06-25 09:32:10,739] {scheduler_job.py:182} INFO - Started process (PID=13342) to work on /home/airflow/sandbox/lib/python3.8/site-packages/airflow/example_dags/example_branch_datetime_operator.py
[2021-06-25 09:32:10,744] {scheduler_job.py:633} INFO - Processing file /home/airflow/sandbox/lib/python3.8/site-packages/airflow/example_dags/example_branch_datetime_operator.py for tasks to queue
[2021-06-25 09:32:10,756] {logging_mixin.py:104} INFO - [2021-06-25 09:32:10,746] {dagbag.py:487} INFO - Filling up the DagBag from /home/airflow/sandbox/lib/python3.8/site-packages/airflow/example_dags/example_branch_datetime_operator.py
[2021-06-25 09:32:10,852] {scheduler_job.py:643} INFO - DAG(s) dict_keys(['example_branch_datetime_operator_2']) retrieved from /home/airflow/sandbox/lib/python3.8/site-packages/airflow/example_dags/example_branch_datetime_operator.py
[2021-06-25 09:32:11,050] {logging_mixin.py:104} INFO - [2021-06-25 09:32:11,049] {dag.py:1832} INFO - Sync 1 DAGs
[2021-06-25 09:32:11,150] {logging_mixin.py:104} INFO - [2021-06-25 09:32:11,150] {dag.py:2305} INFO - Setting next_dagrun for example_branch_datetime_operator_2 to 2021-06-23 00:00:00+00:00
[2021-06-25 09:32:11,253] {scheduler_job.py:190} INFO - Processing /home/airflow/sandbox/lib/python3.8/site-packages/airflow/example_dags/example_branch_datetime_operator.py took 0.533 seconds
[2021-06-25 09:32:42,148] {scheduler_job.py:182} INFO - Started process (PID=13547) to work on /home/airflow/sandbox/lib/python3.8/site-packages/airflow/example_dags/example_branch_datetime_operator.py
[2021-06-25 09:32:42,151] {scheduler_job.py:633} INFO - Processing file /home/airflow/sandbox/lib/python3.8/site-packages/airflow/example_dags/example_branch_datetime_operator.py for tasks to queue
[2021-06-25 09:32:42,155] {logging_mixin.py:104} INFO - [2021-06-25 09:32:42,155] {dagbag.py:487} INFO - Filling up the DagBag from /home/airflow/sandbox/lib/python3.8/site-packages/airflow/example_dags/example_branch_datetime_operator.py
[2021-06-25 09:32:42,186] {scheduler_job.py:643} INFO - DAG(s) dict_keys(['example_branch_datetime_operator_2']) retrieved from /home/airflow/sandbox/lib/python3.8/site-packages/airflow/example_dags/example_branch_datetime_operator.py
[2021-06-25 09:32:42,233] {logging_mixin.py:104} INFO - [2021-06-25 09:32:42,233] {dag.py:1832} INFO - Sync 1 DAGs
[2021-06-25 09:32:42,264] {logging_mixin.py:104} INFO - [2021-06-25 09:32:42,264] {dag.py:2305} INFO - Setting next_dagrun for example_branch_datetime_operator_2 to 2021-06-23 00:00:00+00:00
[2021-06-25 09:32:42,282] {scheduler_job.py:190} INFO - Processing /home/airflow/sandbox/lib/python3.8/site-packages/airflow/example_dags/example_branch_datetime_operator.py took 0.138 seconds
[2021-06-25 09:33:13,115] {scheduler_job.py:182} INFO - Started process (PID=13748) to work on /home/airflow/sandbox/lib/python3.8/site-packages/airflow/example_dags/example_branch_datetime_operator.py
[2021-06-25 09:33:13,117] {scheduler_job.py:633} INFO - Processing file /home/airflow/sandbox/lib/python3.8/site-packages/airflow/example_dags/example_branch_datetime_operator.py for tasks to queue
[2021-06-25 09:33:13,118] {logging_mixin.py:104} INFO - [2021-06-25 09:33:13,118] {dagbag.py:487} INFO - Filling up the DagBag from /home/airflow/sandbox/lib/python3.8/site-packages/airflow/example_dags/example_branch_datetime_operator.py
[2021-06-25 09:33:13,151] {scheduler_job.py:643} INFO - DAG(s) dict_keys(['example_branch_datetime_operator_2']) retrieved from /home/airflow/sandbox/lib/python3.8/site-packages/airflow/example_dags/example_branch_datetime_operator.py
[2021-06-25 09:33:13,210] {logging_mixin.py:104} INFO - [2021-06-25 09:33:13,210] {dag.py:1832} INFO - Sync 1 DAGs
[2021-06-25 09:33:13,257] {logging_mixin.py:104} INFO - [2021-06-25 09:33:13,257] {dag.py:2305} INFO - Setting next_dagrun for example_branch_datetime_operator_2 to 2021-06-23 00:00:00+00:00
[2021-06-25 09:33:13,281] {scheduler_job.py:190} INFO - Processing /home/airflow/sandbox/lib/python3.8/site-packages/airflow/example_dags/example_branch_datetime_operator.py took 0.170 seconds
[2021-06-25 09:33:43,510] {scheduler_job.py:182} INFO - Started process (PID=13948) to work on /home/airflow/sandbox/lib/python3.8/site-packages/airflow/example_dags/example_branch_datetime_operator.py
[2021-06-25 09:33:43,516] {scheduler_job.py:633} INFO - Processing file /home/airflow/sandbox/lib/python3.8/site-packages/airflow/example_dags/example_branch_datetime_operator.py for tasks to queue
[2021-06-25 09:33:43,521] {logging_mixin.py:104} INFO - [2021-06-25 09:33:43,521] {dagbag.py:487} INFO - Filling up the DagBag from /home/airflow/sandbox/lib/python3.8/site-packages/airflow/example_dags/example_branch_datetime_operator.py
[2021-06-25 09:33:43,550] {scheduler_job.py:643} INFO - DAG(s) dict_keys(['example_branch_datetime_operator_2']) retrieved from /home/airflow/sandbox/lib/python3.8/site-packages/airflow/example_dags/example_branch_datetime_operator.py
[2021-06-25 09:33:43,603] {logging_mixin.py:104} INFO - [2021-06-25 09:33:43,603] {dag.py:1832} INFO - Sync 1 DAGs
[2021-06-25 09:33:43,629] {logging_mixin.py:104} INFO - [2021-06-25 09:33:43,628] {dag.py:2305} INFO - Setting next_dagrun for example_branch_datetime_operator_2 to 2021-06-23 00:00:00+00:00
[2021-06-25 09:33:43,644] {scheduler_job.py:190} INFO - Processing /home/airflow/sandbox/lib/python3.8/site-packages/airflow/example_dags/example_branch_datetime_operator.py took 0.137 seconds
[2021-06-25 09:34:14,559] {scheduler_job.py:182} INFO - Started process (PID=14148) to work on /home/airflow/sandbox/lib/python3.8/site-packages/airflow/example_dags/example_branch_datetime_operator.py
[2021-06-25 09:34:14,560] {scheduler_job.py:633} INFO - Processing file /home/airflow/sandbox/lib/python3.8/site-packages/airflow/example_dags/example_branch_datetime_operator.py for tasks to queue
[2021-06-25 09:34:14,561] {logging_mixin.py:104} INFO - [2021-06-25 09:34:14,561] {dagbag.py:487} INFO - Filling up the DagBag from /home/airflow/sandbox/lib/python3.8/site-packages/airflow/example_dags/example_branch_datetime_operator.py
[2021-06-25 09:34:14,590] {scheduler_job.py:643} INFO - DAG(s) dict_keys(['example_branch_datetime_operator_2']) retrieved from /home/airflow/sandbox/lib/python3.8/site-packages/airflow/example_dags/example_branch_datetime_operator.py
[2021-06-25 09:34:14,637] {logging_mixin.py:104} INFO - [2021-06-25 09:34:14,637] {dag.py:1832} INFO - Sync 1 DAGs
[2021-06-25 09:34:14,671] {logging_mixin.py:104} INFO - [2021-06-25 09:34:14,671] {dag.py:2305} INFO - Setting next_dagrun for example_branch_datetime_operator_2 to 2021-06-23 00:00:00+00:00
[2021-06-25 09:34:14,718] {scheduler_job.py:190} INFO - Processing /home/airflow/sandbox/lib/python3.8/site-packages/airflow/example_dags/example_branch_datetime_operator.py took 0.163 seconds
[2021-06-25 09:34:45,219] {scheduler_job.py:182} INFO - Started process (PID=14349) to work on /home/airflow/sandbox/lib/python3.8/site-packages/airflow/example_dags/example_branch_datetime_operator.py
[2021-06-25 09:34:45,221] {scheduler_job.py:633} INFO - Processing file /home/airflow/sandbox/lib/python3.8/site-packages/airflow/example_dags/example_branch_datetime_operator.py for tasks to queue
[2021-06-25 09:34:45,227] {logging_mixin.py:104} INFO - [2021-06-25 09:34:45,227] {dagbag.py:487} INFO - Filling up the DagBag from /home/airflow/sandbox/lib/python3.8/site-packages/airflow/example_dags/example_branch_datetime_operator.py
[2021-06-25 09:34:45,259] {scheduler_job.py:643} INFO - DAG(s) dict_keys(['example_branch_datetime_operator_2']) retrieved from /home/airflow/sandbox/lib/python3.8/site-packages/airflow/example_dags/example_branch_datetime_operator.py
[2021-06-25 09:34:45,303] {logging_mixin.py:104} INFO - [2021-06-25 09:34:45,303] {dag.py:1832} INFO - Sync 1 DAGs
[2021-06-25 09:34:45,326] {logging_mixin.py:104} INFO - [2021-06-25 09:34:45,326] {dag.py:2305} INFO - Setting next_dagrun for example_branch_datetime_operator_2 to 2021-06-23 00:00:00+00:00
[2021-06-25 09:34:45,342] {scheduler_job.py:190} INFO - Processing /home/airflow/sandbox/lib/python3.8/site-packages/airflow/example_dags/example_branch_datetime_operator.py took 0.126 seconds
[2021-06-25 09:35:15,685] {scheduler_job.py:182} INFO - Started process (PID=14631) to work on /home/airflow/sandbox/lib/python3.8/site-packages/airflow/example_dags/example_branch_datetime_operator.py
[2021-06-25 09:35:15,688] {scheduler_job.py:633} INFO - Processing file /home/airflow/sandbox/lib/python3.8/site-packages/airflow/example_dags/example_branch_datetime_operator.py for tasks to queue
[2021-06-25 09:35:15,689] {logging_mixin.py:104} INFO - [2021-06-25 09:35:15,688] {dagbag.py:487} INFO - Filling up the DagBag from /home/airflow/sandbox/lib/python3.8/site-packages/airflow/example_dags/example_branch_datetime_operator.py
[2021-06-25 09:35:15,707] {scheduler_job.py:643} INFO - DAG(s) dict_keys(['example_branch_datetime_operator_2']) retrieved from /home/airflow/sandbox/lib/python3.8/site-packages/airflow/example_dags/example_branch_datetime_operator.py
[2021-06-25 09:35:15,737] {logging_mixin.py:104} INFO - [2021-06-25 09:35:15,736] {dag.py:1832} INFO - Sync 1 DAGs
[2021-06-25 09:35:15,771] {logging_mixin.py:104} INFO - [2021-06-25 09:35:15,771] {dag.py:2305} INFO - Setting next_dagrun for example_branch_datetime_operator_2 to 2021-06-23 00:00:00+00:00
[2021-06-25 09:35:15,793] {scheduler_job.py:190} INFO - Processing /home/airflow/sandbox/lib/python3.8/site-packages/airflow/example_dags/example_branch_datetime_operator.py took 0.111 seconds
[2021-06-25 09:35:46,413] {scheduler_job.py:182} INFO - Started process (PID=14887) to work on /home/airflow/sandbox/lib/python3.8/site-packages/airflow/example_dags/example_branch_datetime_operator.py
[2021-06-25 09:35:46,419] {scheduler_job.py:633} INFO - Processing file /home/airflow/sandbox/lib/python3.8/site-packages/airflow/example_dags/example_branch_datetime_operator.py for tasks to queue
[2021-06-25 09:35:46,427] {logging_mixin.py:104} INFO - [2021-06-25 09:35:46,427] {dagbag.py:487} INFO - Filling up the DagBag from /home/airflow/sandbox/lib/python3.8/site-packages/airflow/example_dags/example_branch_datetime_operator.py
[2021-06-25 09:35:46,453] {scheduler_job.py:643} INFO - DAG(s) dict_keys(['example_branch_datetime_operator_2']) retrieved from /home/airflow/sandbox/lib/python3.8/site-packages/airflow/example_dags/example_branch_datetime_operator.py
[2021-06-25 09:35:46,492] {logging_mixin.py:104} INFO - [2021-06-25 09:35:46,492] {dag.py:1832} INFO - Sync 1 DAGs
[2021-06-25 09:35:46,519] {logging_mixin.py:104} INFO - [2021-06-25 09:35:46,519] {dag.py:2305} INFO - Setting next_dagrun for example_branch_datetime_operator_2 to 2021-06-23 00:00:00+00:00
[2021-06-25 09:35:46,535] {scheduler_job.py:190} INFO - Processing /home/airflow/sandbox/lib/python3.8/site-packages/airflow/example_dags/example_branch_datetime_operator.py took 0.126 seconds
[2021-06-25 09:36:17,349] {scheduler_job.py:182} INFO - Started process (PID=15088) to work on /home/airflow/sandbox/lib/python3.8/site-packages/airflow/example_dags/example_branch_datetime_operator.py
[2021-06-25 09:36:17,352] {scheduler_job.py:633} INFO - Processing file /home/airflow/sandbox/lib/python3.8/site-packages/airflow/example_dags/example_branch_datetime_operator.py for tasks to queue
[2021-06-25 09:36:17,355] {logging_mixin.py:104} INFO - [2021-06-25 09:36:17,355] {dagbag.py:487} INFO - Filling up the DagBag from /home/airflow/sandbox/lib/python3.8/site-packages/airflow/example_dags/example_branch_datetime_operator.py
[2021-06-25 09:36:17,386] {scheduler_job.py:643} INFO - DAG(s) dict_keys(['example_branch_datetime_operator_2']) retrieved from /home/airflow/sandbox/lib/python3.8/site-packages/airflow/example_dags/example_branch_datetime_operator.py
[2021-06-25 09:36:17,430] {logging_mixin.py:104} INFO - [2021-06-25 09:36:17,430] {dag.py:1832} INFO - Sync 1 DAGs
[2021-06-25 09:36:17,457] {logging_mixin.py:104} INFO - [2021-06-25 09:36:17,457] {dag.py:2305} INFO - Setting next_dagrun for example_branch_datetime_operator_2 to 2021-06-23 00:00:00+00:00
[2021-06-25 09:36:17,471] {scheduler_job.py:190} INFO - Processing /home/airflow/sandbox/lib/python3.8/site-packages/airflow/example_dags/example_branch_datetime_operator.py took 0.125 seconds
[2021-06-25 09:36:48,204] {scheduler_job.py:182} INFO - Started process (PID=15290) to work on /home/airflow/sandbox/lib/python3.8/site-packages/airflow/example_dags/example_branch_datetime_operator.py
[2021-06-25 09:36:48,209] {scheduler_job.py:633} INFO - Processing file /home/airflow/sandbox/lib/python3.8/site-packages/airflow/example_dags/example_branch_datetime_operator.py for tasks to queue
[2021-06-25 09:36:48,210] {logging_mixin.py:104} INFO - [2021-06-25 09:36:48,210] {dagbag.py:487} INFO - Filling up the DagBag from /home/airflow/sandbox/lib/python3.8/site-packages/airflow/example_dags/example_branch_datetime_operator.py
[2021-06-25 09:36:48,227] {scheduler_job.py:643} INFO - DAG(s) dict_keys(['example_branch_datetime_operator_2']) retrieved from /home/airflow/sandbox/lib/python3.8/site-packages/airflow/example_dags/example_branch_datetime_operator.py
[2021-06-25 09:36:48,255] {logging_mixin.py:104} INFO - [2021-06-25 09:36:48,255] {dag.py:1832} INFO - Sync 1 DAGs
[2021-06-25 09:36:48,279] {logging_mixin.py:104} INFO - [2021-06-25 09:36:48,279] {dag.py:2305} INFO - Setting next_dagrun for example_branch_datetime_operator_2 to 2021-06-23 00:00:00+00:00
[2021-06-25 09:36:48,292] {scheduler_job.py:190} INFO - Processing /home/airflow/sandbox/lib/python3.8/site-packages/airflow/example_dags/example_branch_datetime_operator.py took 0.091 seconds
[2021-06-25 09:37:18,935] {scheduler_job.py:182} INFO - Started process (PID=15484) to work on /home/airflow/sandbox/lib/python3.8/site-packages/airflow/example_dags/example_branch_datetime_operator.py
[2021-06-25 09:37:18,938] {scheduler_job.py:633} INFO - Processing file /home/airflow/sandbox/lib/python3.8/site-packages/airflow/example_dags/example_branch_datetime_operator.py for tasks to queue
[2021-06-25 09:37:18,940] {logging_mixin.py:104} INFO - [2021-06-25 09:37:18,940] {dagbag.py:487} INFO - Filling up the DagBag from /home/airflow/sandbox/lib/python3.8/site-packages/airflow/example_dags/example_branch_datetime_operator.py
[2021-06-25 09:37:18,958] {scheduler_job.py:643} INFO - DAG(s) dict_keys(['example_branch_datetime_operator_2']) retrieved from /home/airflow/sandbox/lib/python3.8/site-packages/airflow/example_dags/example_branch_datetime_operator.py
[2021-06-25 09:37:18,990] {logging_mixin.py:104} INFO - [2021-06-25 09:37:18,990] {dag.py:1832} INFO - Sync 1 DAGs
[2021-06-25 09:37:19,038] {logging_mixin.py:104} INFO - [2021-06-25 09:37:19,038] {dag.py:2305} INFO - Setting next_dagrun for example_branch_datetime_operator_2 to 2021-06-23 00:00:00+00:00
[2021-06-25 09:37:19,057] {scheduler_job.py:190} INFO - Processing /home/airflow/sandbox/lib/python3.8/site-packages/airflow/example_dags/example_branch_datetime_operator.py took 0.126 seconds
[2021-06-25 09:37:49,507] {scheduler_job.py:182} INFO - Started process (PID=15683) to work on /home/airflow/sandbox/lib/python3.8/site-packages/airflow/example_dags/example_branch_datetime_operator.py
[2021-06-25 09:37:49,509] {scheduler_job.py:633} INFO - Processing file /home/airflow/sandbox/lib/python3.8/site-packages/airflow/example_dags/example_branch_datetime_operator.py for tasks to queue
[2021-06-25 09:37:49,510] {logging_mixin.py:104} INFO - [2021-06-25 09:37:49,510] {dagbag.py:487} INFO - Filling up the DagBag from /home/airflow/sandbox/lib/python3.8/site-packages/airflow/example_dags/example_branch_datetime_operator.py
[2021-06-25 09:37:49,535] {scheduler_job.py:643} INFO - DAG(s) dict_keys(['example_branch_datetime_operator_2']) retrieved from /home/airflow/sandbox/lib/python3.8/site-packages/airflow/example_dags/example_branch_datetime_operator.py
[2021-06-25 09:37:49,571] {logging_mixin.py:104} INFO - [2021-06-25 09:37:49,571] {dag.py:1832} INFO - Sync 1 DAGs
[2021-06-25 09:37:49,597] {logging_mixin.py:104} INFO - [2021-06-25 09:37:49,597] {dag.py:2305} INFO - Setting next_dagrun for example_branch_datetime_operator_2 to 2021-06-23 00:00:00+00:00
[2021-06-25 09:37:49,616] {scheduler_job.py:190} INFO - Processing /home/airflow/sandbox/lib/python3.8/site-packages/airflow/example_dags/example_branch_datetime_operator.py took 0.115 seconds
[2021-06-25 09:38:20,787] {scheduler_job.py:182} INFO - Started process (PID=15881) to work on /home/airflow/sandbox/lib/python3.8/site-packages/airflow/example_dags/example_branch_datetime_operator.py
[2021-06-25 09:38:20,794] {scheduler_job.py:633} INFO - Processing file /home/airflow/sandbox/lib/python3.8/site-packages/airflow/example_dags/example_branch_datetime_operator.py for tasks to queue
[2021-06-25 09:38:20,799] {logging_mixin.py:104} INFO - [2021-06-25 09:38:20,798] {dagbag.py:487} INFO - Filling up the DagBag from /home/airflow/sandbox/lib/python3.8/site-packages/airflow/example_dags/example_branch_datetime_operator.py
[2021-06-25 09:38:20,823] {scheduler_job.py:643} INFO - DAG(s) dict_keys(['example_branch_datetime_operator_2']) retrieved from /home/airflow/sandbox/lib/python3.8/site-packages/airflow/example_dags/example_branch_datetime_operator.py
[2021-06-25 09:38:20,872] {logging_mixin.py:104} INFO - [2021-06-25 09:38:20,871] {dag.py:1832} INFO - Sync 1 DAGs
[2021-06-25 09:38:20,915] {logging_mixin.py:104} INFO - [2021-06-25 09:38:20,915] {dag.py:2305} INFO - Setting next_dagrun for example_branch_datetime_operator_2 to 2021-06-23 00:00:00+00:00
[2021-06-25 09:38:20,949] {scheduler_job.py:190} INFO - Processing /home/airflow/sandbox/lib/python3.8/site-packages/airflow/example_dags/example_branch_datetime_operator.py took 0.166 seconds
[2021-06-25 09:40:08,881] {scheduler_job.py:182} INFO - Started process (PID=16268) to work on /home/airflow/sandbox/lib/python3.8/site-packages/airflow/example_dags/example_branch_datetime_operator.py
[2021-06-25 09:40:08,889] {scheduler_job.py:633} INFO - Processing file /home/airflow/sandbox/lib/python3.8/site-packages/airflow/example_dags/example_branch_datetime_operator.py for tasks to queue
[2021-06-25 09:40:08,899] {logging_mixin.py:104} INFO - [2021-06-25 09:40:08,899] {dagbag.py:487} INFO - Filling up the DagBag from /home/airflow/sandbox/lib/python3.8/site-packages/airflow/example_dags/example_branch_datetime_operator.py
[2021-06-25 09:40:09,022] {scheduler_job.py:643} INFO - DAG(s) dict_keys(['example_branch_datetime_operator_2']) retrieved from /home/airflow/sandbox/lib/python3.8/site-packages/airflow/example_dags/example_branch_datetime_operator.py
[2021-06-25 09:40:09,196] {logging_mixin.py:104} INFO - [2021-06-25 09:40:09,195] {dag.py:1832} INFO - Sync 1 DAGs
[2021-06-25 09:40:09,476] {logging_mixin.py:104} INFO - [2021-06-25 09:40:09,475] {dag.py:2305} INFO - Setting next_dagrun for example_branch_datetime_operator_2 to 2021-06-23 00:00:00+00:00
[2021-06-25 09:40:09,575] {scheduler_job.py:190} INFO - Processing /home/airflow/sandbox/lib/python3.8/site-packages/airflow/example_dags/example_branch_datetime_operator.py took 0.700 seconds
[2021-06-25 09:40:39,741] {scheduler_job.py:182} INFO - Started process (PID=16470) to work on /home/airflow/sandbox/lib/python3.8/site-packages/airflow/example_dags/example_branch_datetime_operator.py
[2021-06-25 09:40:39,744] {scheduler_job.py:633} INFO - Processing file /home/airflow/sandbox/lib/python3.8/site-packages/airflow/example_dags/example_branch_datetime_operator.py for tasks to queue
[2021-06-25 09:40:39,745] {logging_mixin.py:104} INFO - [2021-06-25 09:40:39,745] {dagbag.py:487} INFO - Filling up the DagBag from /home/airflow/sandbox/lib/python3.8/site-packages/airflow/example_dags/example_branch_datetime_operator.py
[2021-06-25 09:40:39,764] {scheduler_job.py:643} INFO - DAG(s) dict_keys(['example_branch_datetime_operator_2']) retrieved from /home/airflow/sandbox/lib/python3.8/site-packages/airflow/example_dags/example_branch_datetime_operator.py
[2021-06-25 09:40:39,818] {logging_mixin.py:104} INFO - [2021-06-25 09:40:39,818] {dag.py:1832} INFO - Sync 1 DAGs
[2021-06-25 09:40:39,863] {logging_mixin.py:104} INFO - [2021-06-25 09:40:39,863] {dag.py:2305} INFO - Setting next_dagrun for example_branch_datetime_operator_2 to 2021-06-23 00:00:00+00:00
[2021-06-25 09:40:39,892] {scheduler_job.py:190} INFO - Processing /home/airflow/sandbox/lib/python3.8/site-packages/airflow/example_dags/example_branch_datetime_operator.py took 0.155 seconds
[2021-06-25 09:41:10,159] {scheduler_job.py:182} INFO - Started process (PID=16667) to work on /home/airflow/sandbox/lib/python3.8/site-packages/airflow/example_dags/example_branch_datetime_operator.py
[2021-06-25 09:41:10,173] {scheduler_job.py:633} INFO - Processing file /home/airflow/sandbox/lib/python3.8/site-packages/airflow/example_dags/example_branch_datetime_operator.py for tasks to queue
[2021-06-25 09:41:10,175] {logging_mixin.py:104} INFO - [2021-06-25 09:41:10,175] {dagbag.py:487} INFO - Filling up the DagBag from /home/airflow/sandbox/lib/python3.8/site-packages/airflow/example_dags/example_branch_datetime_operator.py
[2021-06-25 09:41:10,400] {scheduler_job.py:643} INFO - DAG(s) dict_keys(['example_branch_datetime_operator_2']) retrieved from /home/airflow/sandbox/lib/python3.8/site-packages/airflow/example_dags/example_branch_datetime_operator.py
[2021-06-25 09:41:10,497] {logging_mixin.py:104} INFO - [2021-06-25 09:41:10,497] {dag.py:1832} INFO - Sync 1 DAGs
[2021-06-25 09:41:10,532] {logging_mixin.py:104} INFO - [2021-06-25 09:41:10,532] {dag.py:2305} INFO - Setting next_dagrun for example_branch_datetime_operator_2 to 2021-06-23 00:00:00+00:00
[2021-06-25 09:41:10,565] {scheduler_job.py:190} INFO - Processing /home/airflow/sandbox/lib/python3.8/site-packages/airflow/example_dags/example_branch_datetime_operator.py took 0.441 seconds
[2021-06-25 09:41:41,172] {scheduler_job.py:182} INFO - Started process (PID=16867) to work on /home/airflow/sandbox/lib/python3.8/site-packages/airflow/example_dags/example_branch_datetime_operator.py
[2021-06-25 09:41:41,177] {scheduler_job.py:633} INFO - Processing file /home/airflow/sandbox/lib/python3.8/site-packages/airflow/example_dags/example_branch_datetime_operator.py for tasks to queue
[2021-06-25 09:41:41,178] {logging_mixin.py:104} INFO - [2021-06-25 09:41:41,178] {dagbag.py:487} INFO - Filling up the DagBag from /home/airflow/sandbox/lib/python3.8/site-packages/airflow/example_dags/example_branch_datetime_operator.py
[2021-06-25 09:41:41,207] {scheduler_job.py:643} INFO - DAG(s) dict_keys(['example_branch_datetime_operator_2']) retrieved from /home/airflow/sandbox/lib/python3.8/site-packages/airflow/example_dags/example_branch_datetime_operator.py
[2021-06-25 09:41:41,245] {logging_mixin.py:104} INFO - [2021-06-25 09:41:41,245] {dag.py:1832} INFO - Sync 1 DAGs
[2021-06-25 09:41:41,270] {logging_mixin.py:104} INFO - [2021-06-25 09:41:41,270] {dag.py:2305} INFO - Setting next_dagrun for example_branch_datetime_operator_2 to 2021-06-23 00:00:00+00:00
[2021-06-25 09:41:41,288] {scheduler_job.py:190} INFO - Processing /home/airflow/sandbox/lib/python3.8/site-packages/airflow/example_dags/example_branch_datetime_operator.py took 0.126 seconds
[2021-06-25 09:42:11,898] {scheduler_job.py:182} INFO - Started process (PID=17064) to work on /home/airflow/sandbox/lib/python3.8/site-packages/airflow/example_dags/example_branch_datetime_operator.py
[2021-06-25 09:42:11,909] {scheduler_job.py:633} INFO - Processing file /home/airflow/sandbox/lib/python3.8/site-packages/airflow/example_dags/example_branch_datetime_operator.py for tasks to queue
[2021-06-25 09:42:11,913] {logging_mixin.py:104} INFO - [2021-06-25 09:42:11,913] {dagbag.py:487} INFO - Filling up the DagBag from /home/airflow/sandbox/lib/python3.8/site-packages/airflow/example_dags/example_branch_datetime_operator.py
[2021-06-25 09:42:11,981] {scheduler_job.py:643} INFO - DAG(s) dict_keys(['example_branch_datetime_operator_2']) retrieved from /home/airflow/sandbox/lib/python3.8/site-packages/airflow/example_dags/example_branch_datetime_operator.py
[2021-06-25 09:42:12,129] {logging_mixin.py:104} INFO - [2021-06-25 09:42:12,128] {dag.py:1832} INFO - Sync 1 DAGs
[2021-06-25 09:42:12,246] {logging_mixin.py:104} INFO - [2021-06-25 09:42:12,245] {dag.py:2305} INFO - Setting next_dagrun for example_branch_datetime_operator_2 to 2021-06-23 00:00:00+00:00
[2021-06-25 09:42:12,280] {scheduler_job.py:190} INFO - Processing /home/airflow/sandbox/lib/python3.8/site-packages/airflow/example_dags/example_branch_datetime_operator.py took 0.397 seconds
[2021-06-25 09:42:43,060] {scheduler_job.py:182} INFO - Started process (PID=17258) to work on /home/airflow/sandbox/lib/python3.8/site-packages/airflow/example_dags/example_branch_datetime_operator.py
[2021-06-25 09:42:43,076] {scheduler_job.py:633} INFO - Processing file /home/airflow/sandbox/lib/python3.8/site-packages/airflow/example_dags/example_branch_datetime_operator.py for tasks to queue
[2021-06-25 09:42:43,081] {logging_mixin.py:104} INFO - [2021-06-25 09:42:43,081] {dagbag.py:487} INFO - Filling up the DagBag from /home/airflow/sandbox/lib/python3.8/site-packages/airflow/example_dags/example_branch_datetime_operator.py
[2021-06-25 09:42:43,099] {scheduler_job.py:643} INFO - DAG(s) dict_keys(['example_branch_datetime_operator_2']) retrieved from /home/airflow/sandbox/lib/python3.8/site-packages/airflow/example_dags/example_branch_datetime_operator.py
[2021-06-25 09:42:43,153] {logging_mixin.py:104} INFO - [2021-06-25 09:42:43,153] {dag.py:1832} INFO - Sync 1 DAGs
[2021-06-25 09:42:43,188] {logging_mixin.py:104} INFO - [2021-06-25 09:42:43,188] {dag.py:2305} INFO - Setting next_dagrun for example_branch_datetime_operator_2 to 2021-06-23 00:00:00+00:00
[2021-06-25 09:42:43,211] {scheduler_job.py:190} INFO - Processing /home/airflow/sandbox/lib/python3.8/site-packages/airflow/example_dags/example_branch_datetime_operator.py took 0.157 seconds
[2021-06-25 09:43:13,362] {scheduler_job.py:182} INFO - Started process (PID=17459) to work on /home/airflow/sandbox/lib/python3.8/site-packages/airflow/example_dags/example_branch_datetime_operator.py
[2021-06-25 09:43:13,367] {scheduler_job.py:633} INFO - Processing file /home/airflow/sandbox/lib/python3.8/site-packages/airflow/example_dags/example_branch_datetime_operator.py for tasks to queue
[2021-06-25 09:43:13,372] {logging_mixin.py:104} INFO - [2021-06-25 09:43:13,371] {dagbag.py:487} INFO - Filling up the DagBag from /home/airflow/sandbox/lib/python3.8/site-packages/airflow/example_dags/example_branch_datetime_operator.py
[2021-06-25 09:43:13,404] {scheduler_job.py:643} INFO - DAG(s) dict_keys(['example_branch_datetime_operator_2']) retrieved from /home/airflow/sandbox/lib/python3.8/site-packages/airflow/example_dags/example_branch_datetime_operator.py
[2021-06-25 09:43:13,464] {logging_mixin.py:104} INFO - [2021-06-25 09:43:13,464] {dag.py:1832} INFO - Sync 1 DAGs
[2021-06-25 09:43:13,520] {logging_mixin.py:104} INFO - [2021-06-25 09:43:13,520] {dag.py:2305} INFO - Setting next_dagrun for example_branch_datetime_operator_2 to 2021-06-23 00:00:00+00:00
[2021-06-25 09:43:13,533] {scheduler_job.py:190} INFO - Processing /home/airflow/sandbox/lib/python3.8/site-packages/airflow/example_dags/example_branch_datetime_operator.py took 0.175 seconds
[2021-06-25 09:43:44,750] {scheduler_job.py:182} INFO - Started process (PID=17658) to work on /home/airflow/sandbox/lib/python3.8/site-packages/airflow/example_dags/example_branch_datetime_operator.py
[2021-06-25 09:43:44,752] {scheduler_job.py:633} INFO - Processing file /home/airflow/sandbox/lib/python3.8/site-packages/airflow/example_dags/example_branch_datetime_operator.py for tasks to queue
[2021-06-25 09:43:44,753] {logging_mixin.py:104} INFO - [2021-06-25 09:43:44,753] {dagbag.py:487} INFO - Filling up the DagBag from /home/airflow/sandbox/lib/python3.8/site-packages/airflow/example_dags/example_branch_datetime_operator.py
[2021-06-25 09:43:44,774] {scheduler_job.py:643} INFO - DAG(s) dict_keys(['example_branch_datetime_operator_2']) retrieved from /home/airflow/sandbox/lib/python3.8/site-packages/airflow/example_dags/example_branch_datetime_operator.py
[2021-06-25 09:43:44,814] {logging_mixin.py:104} INFO - [2021-06-25 09:43:44,814] {dag.py:1832} INFO - Sync 1 DAGs
[2021-06-25 09:43:44,838] {logging_mixin.py:104} INFO - [2021-06-25 09:43:44,838] {dag.py:2305} INFO - Setting next_dagrun for example_branch_datetime_operator_2 to 2021-06-23 00:00:00+00:00
[2021-06-25 09:43:44,878] {scheduler_job.py:190} INFO - Processing /home/airflow/sandbox/lib/python3.8/site-packages/airflow/example_dags/example_branch_datetime_operator.py took 0.134 seconds
[2021-06-25 09:44:16,754] {scheduler_job.py:182} INFO - Started process (PID=17859) to work on /home/airflow/sandbox/lib/python3.8/site-packages/airflow/example_dags/example_branch_datetime_operator.py
[2021-06-25 09:44:16,755] {scheduler_job.py:633} INFO - Processing file /home/airflow/sandbox/lib/python3.8/site-packages/airflow/example_dags/example_branch_datetime_operator.py for tasks to queue
[2021-06-25 09:44:16,756] {logging_mixin.py:104} INFO - [2021-06-25 09:44:16,756] {dagbag.py:487} INFO - Filling up the DagBag from /home/airflow/sandbox/lib/python3.8/site-packages/airflow/example_dags/example_branch_datetime_operator.py
[2021-06-25 09:44:16,773] {scheduler_job.py:643} INFO - DAG(s) dict_keys(['example_branch_datetime_operator_2']) retrieved from /home/airflow/sandbox/lib/python3.8/site-packages/airflow/example_dags/example_branch_datetime_operator.py
[2021-06-25 09:44:16,817] {logging_mixin.py:104} INFO - [2021-06-25 09:44:16,816] {dag.py:1832} INFO - Sync 1 DAGs
[2021-06-25 09:44:16,855] {logging_mixin.py:104} INFO - [2021-06-25 09:44:16,855] {dag.py:2305} INFO - Setting next_dagrun for example_branch_datetime_operator_2 to 2021-06-23 00:00:00+00:00
[2021-06-25 09:44:16,871] {scheduler_job.py:190} INFO - Processing /home/airflow/sandbox/lib/python3.8/site-packages/airflow/example_dags/example_branch_datetime_operator.py took 0.125 seconds
[2021-06-25 09:45:23,501] {scheduler_job.py:182} INFO - Started process (PID=19062) to work on /home/airflow/sandbox/lib/python3.8/site-packages/airflow/example_dags/example_branch_datetime_operator.py
[2021-06-25 09:45:23,544] {scheduler_job.py:633} INFO - Processing file /home/airflow/sandbox/lib/python3.8/site-packages/airflow/example_dags/example_branch_datetime_operator.py for tasks to queue
[2021-06-25 09:45:23,566] {logging_mixin.py:104} INFO - [2021-06-25 09:45:23,566] {dagbag.py:487} INFO - Filling up the DagBag from /home/airflow/sandbox/lib/python3.8/site-packages/airflow/example_dags/example_branch_datetime_operator.py
[2021-06-25 09:45:23,736] {scheduler_job.py:643} INFO - DAG(s) dict_keys(['example_branch_datetime_operator_2']) retrieved from /home/airflow/sandbox/lib/python3.8/site-packages/airflow/example_dags/example_branch_datetime_operator.py
[2021-06-25 09:45:23,920] {logging_mixin.py:104} INFO - [2021-06-25 09:45:23,919] {dag.py:1832} INFO - Sync 1 DAGs
[2021-06-25 09:45:24,046] {logging_mixin.py:104} INFO - [2021-06-25 09:45:24,046] {dag.py:2305} INFO - Setting next_dagrun for example_branch_datetime_operator_2 to 2021-06-23 00:00:00+00:00
[2021-06-25 09:45:24,166] {scheduler_job.py:190} INFO - Processing /home/airflow/sandbox/lib/python3.8/site-packages/airflow/example_dags/example_branch_datetime_operator.py took 0.715 seconds
[2021-06-25 09:46:01,647] {scheduler_job.py:182} INFO - Started process (PID=19527) to work on /home/airflow/sandbox/lib/python3.8/site-packages/airflow/example_dags/example_branch_datetime_operator.py
[2021-06-25 09:46:01,654] {scheduler_job.py:633} INFO - Processing file /home/airflow/sandbox/lib/python3.8/site-packages/airflow/example_dags/example_branch_datetime_operator.py for tasks to queue
[2021-06-25 09:46:01,668] {logging_mixin.py:104} INFO - [2021-06-25 09:46:01,668] {dagbag.py:487} INFO - Filling up the DagBag from /home/airflow/sandbox/lib/python3.8/site-packages/airflow/example_dags/example_branch_datetime_operator.py
[2021-06-25 09:46:01,758] {scheduler_job.py:643} INFO - DAG(s) dict_keys(['example_branch_datetime_operator_2']) retrieved from /home/airflow/sandbox/lib/python3.8/site-packages/airflow/example_dags/example_branch_datetime_operator.py
[2021-06-25 09:46:01,934] {logging_mixin.py:104} INFO - [2021-06-25 09:46:01,934] {dag.py:1832} INFO - Sync 1 DAGs
[2021-06-25 09:46:02,081] {logging_mixin.py:104} INFO - [2021-06-25 09:46:02,081] {dag.py:2305} INFO - Setting next_dagrun for example_branch_datetime_operator_2 to 2021-06-23 00:00:00+00:00
[2021-06-25 09:46:02,137] {scheduler_job.py:190} INFO - Processing /home/airflow/sandbox/lib/python3.8/site-packages/airflow/example_dags/example_branch_datetime_operator.py took 0.514 seconds
[2021-06-25 09:46:32,822] {scheduler_job.py:182} INFO - Started process (PID=19737) to work on /home/airflow/sandbox/lib/python3.8/site-packages/airflow/example_dags/example_branch_datetime_operator.py
[2021-06-25 09:46:32,830] {scheduler_job.py:633} INFO - Processing file /home/airflow/sandbox/lib/python3.8/site-packages/airflow/example_dags/example_branch_datetime_operator.py for tasks to queue
[2021-06-25 09:46:32,834] {logging_mixin.py:104} INFO - [2021-06-25 09:46:32,834] {dagbag.py:487} INFO - Filling up the DagBag from /home/airflow/sandbox/lib/python3.8/site-packages/airflow/example_dags/example_branch_datetime_operator.py
[2021-06-25 09:46:32,862] {scheduler_job.py:643} INFO - DAG(s) dict_keys(['example_branch_datetime_operator_2']) retrieved from /home/airflow/sandbox/lib/python3.8/site-packages/airflow/example_dags/example_branch_datetime_operator.py
[2021-06-25 09:46:32,906] {logging_mixin.py:104} INFO - [2021-06-25 09:46:32,906] {dag.py:1832} INFO - Sync 1 DAGs
[2021-06-25 09:46:32,938] {logging_mixin.py:104} INFO - [2021-06-25 09:46:32,937] {dag.py:2305} INFO - Setting next_dagrun for example_branch_datetime_operator_2 to 2021-06-23 00:00:00+00:00
[2021-06-25 09:46:32,964] {scheduler_job.py:190} INFO - Processing /home/airflow/sandbox/lib/python3.8/site-packages/airflow/example_dags/example_branch_datetime_operator.py took 0.146 seconds
[2021-06-25 09:47:05,480] {scheduler_job.py:182} INFO - Started process (PID=19940) to work on /home/airflow/sandbox/lib/python3.8/site-packages/airflow/example_dags/example_branch_datetime_operator.py
[2021-06-25 09:47:05,496] {scheduler_job.py:633} INFO - Processing file /home/airflow/sandbox/lib/python3.8/site-packages/airflow/example_dags/example_branch_datetime_operator.py for tasks to queue
[2021-06-25 09:47:05,500] {logging_mixin.py:104} INFO - [2021-06-25 09:47:05,500] {dagbag.py:487} INFO - Filling up the DagBag from /home/airflow/sandbox/lib/python3.8/site-packages/airflow/example_dags/example_branch_datetime_operator.py
[2021-06-25 09:47:05,633] {scheduler_job.py:643} INFO - DAG(s) dict_keys(['example_branch_datetime_operator_2']) retrieved from /home/airflow/sandbox/lib/python3.8/site-packages/airflow/example_dags/example_branch_datetime_operator.py
[2021-06-25 09:47:05,821] {logging_mixin.py:104} INFO - [2021-06-25 09:47:05,818] {dag.py:1832} INFO - Sync 1 DAGs
[2021-06-25 09:47:06,051] {logging_mixin.py:104} INFO - [2021-06-25 09:47:06,051] {dag.py:2305} INFO - Setting next_dagrun for example_branch_datetime_operator_2 to 2021-06-23 00:00:00+00:00
[2021-06-25 09:47:06,130] {scheduler_job.py:190} INFO - Processing /home/airflow/sandbox/lib/python3.8/site-packages/airflow/example_dags/example_branch_datetime_operator.py took 0.678 seconds
[2021-06-25 09:47:38,904] {scheduler_job.py:182} INFO - Started process (PID=20200) to work on /home/airflow/sandbox/lib/python3.8/site-packages/airflow/example_dags/example_branch_datetime_operator.py
[2021-06-25 09:47:38,916] {scheduler_job.py:633} INFO - Processing file /home/airflow/sandbox/lib/python3.8/site-packages/airflow/example_dags/example_branch_datetime_operator.py for tasks to queue
[2021-06-25 09:47:38,925] {logging_mixin.py:104} INFO - [2021-06-25 09:47:38,925] {dagbag.py:487} INFO - Filling up the DagBag from /home/airflow/sandbox/lib/python3.8/site-packages/airflow/example_dags/example_branch_datetime_operator.py
[2021-06-25 09:47:39,026] {scheduler_job.py:643} INFO - DAG(s) dict_keys(['example_branch_datetime_operator_2']) retrieved from /home/airflow/sandbox/lib/python3.8/site-packages/airflow/example_dags/example_branch_datetime_operator.py
[2021-06-25 09:47:39,236] {logging_mixin.py:104} INFO - [2021-06-25 09:47:39,235] {dag.py:1832} INFO - Sync 1 DAGs
[2021-06-25 09:47:39,404] {logging_mixin.py:104} INFO - [2021-06-25 09:47:39,391] {dag.py:2305} INFO - Setting next_dagrun for example_branch_datetime_operator_2 to 2021-06-23 00:00:00+00:00
[2021-06-25 09:47:39,467] {scheduler_job.py:190} INFO - Processing /home/airflow/sandbox/lib/python3.8/site-packages/airflow/example_dags/example_branch_datetime_operator.py took 0.567 seconds
[2021-06-25 09:48:12,315] {scheduler_job.py:182} INFO - Started process (PID=20534) to work on /home/airflow/sandbox/lib/python3.8/site-packages/airflow/example_dags/example_branch_datetime_operator.py
[2021-06-25 09:48:12,324] {scheduler_job.py:633} INFO - Processing file /home/airflow/sandbox/lib/python3.8/site-packages/airflow/example_dags/example_branch_datetime_operator.py for tasks to queue
[2021-06-25 09:48:12,325] {logging_mixin.py:104} INFO - [2021-06-25 09:48:12,325] {dagbag.py:487} INFO - Filling up the DagBag from /home/airflow/sandbox/lib/python3.8/site-packages/airflow/example_dags/example_branch_datetime_operator.py
[2021-06-25 09:48:12,441] {scheduler_job.py:643} INFO - DAG(s) dict_keys(['example_branch_datetime_operator_2']) retrieved from /home/airflow/sandbox/lib/python3.8/site-packages/airflow/example_dags/example_branch_datetime_operator.py
[2021-06-25 09:48:12,566] {logging_mixin.py:104} INFO - [2021-06-25 09:48:12,566] {dag.py:1832} INFO - Sync 1 DAGs
[2021-06-25 09:48:12,639] {logging_mixin.py:104} INFO - [2021-06-25 09:48:12,639] {dag.py:2305} INFO - Setting next_dagrun for example_branch_datetime_operator_2 to 2021-06-23 00:00:00+00:00
[2021-06-25 09:48:12,669] {scheduler_job.py:190} INFO - Processing /home/airflow/sandbox/lib/python3.8/site-packages/airflow/example_dags/example_branch_datetime_operator.py took 0.366 seconds
[2021-06-25 09:48:43,376] {scheduler_job.py:182} INFO - Started process (PID=20733) to work on /home/airflow/sandbox/lib/python3.8/site-packages/airflow/example_dags/example_branch_datetime_operator.py
[2021-06-25 09:48:43,395] {scheduler_job.py:633} INFO - Processing file /home/airflow/sandbox/lib/python3.8/site-packages/airflow/example_dags/example_branch_datetime_operator.py for tasks to queue
[2021-06-25 09:48:43,407] {logging_mixin.py:104} INFO - [2021-06-25 09:48:43,403] {dagbag.py:487} INFO - Filling up the DagBag from /home/airflow/sandbox/lib/python3.8/site-packages/airflow/example_dags/example_branch_datetime_operator.py
[2021-06-25 09:48:43,509] {scheduler_job.py:643} INFO - DAG(s) dict_keys(['example_branch_datetime_operator_2']) retrieved from /home/airflow/sandbox/lib/python3.8/site-packages/airflow/example_dags/example_branch_datetime_operator.py
[2021-06-25 09:48:43,648] {logging_mixin.py:104} INFO - [2021-06-25 09:48:43,648] {dag.py:1832} INFO - Sync 1 DAGs
[2021-06-25 09:48:43,738] {logging_mixin.py:104} INFO - [2021-06-25 09:48:43,736] {dag.py:2305} INFO - Setting next_dagrun for example_branch_datetime_operator_2 to 2021-06-23 00:00:00+00:00
[2021-06-25 09:48:43,795] {scheduler_job.py:190} INFO - Processing /home/airflow/sandbox/lib/python3.8/site-packages/airflow/example_dags/example_branch_datetime_operator.py took 0.427 seconds
[2021-06-25 09:49:14,546] {scheduler_job.py:182} INFO - Started process (PID=20934) to work on /home/airflow/sandbox/lib/python3.8/site-packages/airflow/example_dags/example_branch_datetime_operator.py
[2021-06-25 09:49:14,548] {scheduler_job.py:633} INFO - Processing file /home/airflow/sandbox/lib/python3.8/site-packages/airflow/example_dags/example_branch_datetime_operator.py for tasks to queue
[2021-06-25 09:49:14,549] {logging_mixin.py:104} INFO - [2021-06-25 09:49:14,549] {dagbag.py:487} INFO - Filling up the DagBag from /home/airflow/sandbox/lib/python3.8/site-packages/airflow/example_dags/example_branch_datetime_operator.py
[2021-06-25 09:49:14,572] {scheduler_job.py:643} INFO - DAG(s) dict_keys(['example_branch_datetime_operator_2']) retrieved from /home/airflow/sandbox/lib/python3.8/site-packages/airflow/example_dags/example_branch_datetime_operator.py
[2021-06-25 09:49:14,612] {logging_mixin.py:104} INFO - [2021-06-25 09:49:14,612] {dag.py:1832} INFO - Sync 1 DAGs
[2021-06-25 09:49:14,643] {logging_mixin.py:104} INFO - [2021-06-25 09:49:14,643] {dag.py:2305} INFO - Setting next_dagrun for example_branch_datetime_operator_2 to 2021-06-23 00:00:00+00:00
[2021-06-25 09:49:14,667] {scheduler_job.py:190} INFO - Processing /home/airflow/sandbox/lib/python3.8/site-packages/airflow/example_dags/example_branch_datetime_operator.py took 0.124 seconds
[2021-06-25 09:49:45,377] {scheduler_job.py:182} INFO - Started process (PID=21134) to work on /home/airflow/sandbox/lib/python3.8/site-packages/airflow/example_dags/example_branch_datetime_operator.py
[2021-06-25 09:49:45,385] {scheduler_job.py:633} INFO - Processing file /home/airflow/sandbox/lib/python3.8/site-packages/airflow/example_dags/example_branch_datetime_operator.py for tasks to queue
[2021-06-25 09:49:45,393] {logging_mixin.py:104} INFO - [2021-06-25 09:49:45,393] {dagbag.py:487} INFO - Filling up the DagBag from /home/airflow/sandbox/lib/python3.8/site-packages/airflow/example_dags/example_branch_datetime_operator.py
[2021-06-25 09:49:45,446] {scheduler_job.py:643} INFO - DAG(s) dict_keys(['example_branch_datetime_operator_2']) retrieved from /home/airflow/sandbox/lib/python3.8/site-packages/airflow/example_dags/example_branch_datetime_operator.py
[2021-06-25 09:49:45,537] {logging_mixin.py:104} INFO - [2021-06-25 09:49:45,536] {dag.py:1832} INFO - Sync 1 DAGs
[2021-06-25 09:49:45,595] {logging_mixin.py:104} INFO - [2021-06-25 09:49:45,595] {dag.py:2305} INFO - Setting next_dagrun for example_branch_datetime_operator_2 to 2021-06-23 00:00:00+00:00
[2021-06-25 09:49:45,643] {scheduler_job.py:190} INFO - Processing /home/airflow/sandbox/lib/python3.8/site-packages/airflow/example_dags/example_branch_datetime_operator.py took 0.270 seconds
[2021-06-25 09:50:15,732] {scheduler_job.py:182} INFO - Started process (PID=21333) to work on /home/airflow/sandbox/lib/python3.8/site-packages/airflow/example_dags/example_branch_datetime_operator.py
[2021-06-25 09:50:15,734] {scheduler_job.py:633} INFO - Processing file /home/airflow/sandbox/lib/python3.8/site-packages/airflow/example_dags/example_branch_datetime_operator.py for tasks to queue
[2021-06-25 09:50:15,738] {logging_mixin.py:104} INFO - [2021-06-25 09:50:15,737] {dagbag.py:487} INFO - Filling up the DagBag from /home/airflow/sandbox/lib/python3.8/site-packages/airflow/example_dags/example_branch_datetime_operator.py
[2021-06-25 09:50:15,760] {scheduler_job.py:643} INFO - DAG(s) dict_keys(['example_branch_datetime_operator_2']) retrieved from /home/airflow/sandbox/lib/python3.8/site-packages/airflow/example_dags/example_branch_datetime_operator.py
[2021-06-25 09:50:15,826] {logging_mixin.py:104} INFO - [2021-06-25 09:50:15,825] {dag.py:1832} INFO - Sync 1 DAGs
[2021-06-25 09:50:15,852] {logging_mixin.py:104} INFO - [2021-06-25 09:50:15,852] {dag.py:2305} INFO - Setting next_dagrun for example_branch_datetime_operator_2 to 2021-06-23 00:00:00+00:00
[2021-06-25 09:50:15,874] {scheduler_job.py:190} INFO - Processing /home/airflow/sandbox/lib/python3.8/site-packages/airflow/example_dags/example_branch_datetime_operator.py took 0.146 seconds
[2021-06-25 09:50:46,439] {scheduler_job.py:182} INFO - Started process (PID=21533) to work on /home/airflow/sandbox/lib/python3.8/site-packages/airflow/example_dags/example_branch_datetime_operator.py
[2021-06-25 09:50:46,445] {scheduler_job.py:633} INFO - Processing file /home/airflow/sandbox/lib/python3.8/site-packages/airflow/example_dags/example_branch_datetime_operator.py for tasks to queue
[2021-06-25 09:50:46,450] {logging_mixin.py:104} INFO - [2021-06-25 09:50:46,450] {dagbag.py:487} INFO - Filling up the DagBag from /home/airflow/sandbox/lib/python3.8/site-packages/airflow/example_dags/example_branch_datetime_operator.py
[2021-06-25 09:50:46,479] {scheduler_job.py:643} INFO - DAG(s) dict_keys(['example_branch_datetime_operator_2']) retrieved from /home/airflow/sandbox/lib/python3.8/site-packages/airflow/example_dags/example_branch_datetime_operator.py
[2021-06-25 09:50:46,554] {logging_mixin.py:104} INFO - [2021-06-25 09:50:46,554] {dag.py:1832} INFO - Sync 1 DAGs
[2021-06-25 09:50:46,588] {logging_mixin.py:104} INFO - [2021-06-25 09:50:46,588] {dag.py:2305} INFO - Setting next_dagrun for example_branch_datetime_operator_2 to 2021-06-23 00:00:00+00:00
[2021-06-25 09:50:46,612] {scheduler_job.py:190} INFO - Processing /home/airflow/sandbox/lib/python3.8/site-packages/airflow/example_dags/example_branch_datetime_operator.py took 0.183 seconds
[2021-06-25 09:51:16,715] {scheduler_job.py:182} INFO - Started process (PID=21732) to work on /home/airflow/sandbox/lib/python3.8/site-packages/airflow/example_dags/example_branch_datetime_operator.py
[2021-06-25 09:51:16,717] {scheduler_job.py:633} INFO - Processing file /home/airflow/sandbox/lib/python3.8/site-packages/airflow/example_dags/example_branch_datetime_operator.py for tasks to queue
[2021-06-25 09:51:16,718] {logging_mixin.py:104} INFO - [2021-06-25 09:51:16,718] {dagbag.py:487} INFO - Filling up the DagBag from /home/airflow/sandbox/lib/python3.8/site-packages/airflow/example_dags/example_branch_datetime_operator.py
[2021-06-25 09:51:16,730] {scheduler_job.py:643} INFO - DAG(s) dict_keys(['example_branch_datetime_operator_2']) retrieved from /home/airflow/sandbox/lib/python3.8/site-packages/airflow/example_dags/example_branch_datetime_operator.py
[2021-06-25 09:51:16,767] {logging_mixin.py:104} INFO - [2021-06-25 09:51:16,766] {dag.py:1832} INFO - Sync 1 DAGs
[2021-06-25 09:51:16,798] {logging_mixin.py:104} INFO - [2021-06-25 09:51:16,797] {dag.py:2305} INFO - Setting next_dagrun for example_branch_datetime_operator_2 to 2021-06-23 00:00:00+00:00
[2021-06-25 09:51:16,812] {scheduler_job.py:190} INFO - Processing /home/airflow/sandbox/lib/python3.8/site-packages/airflow/example_dags/example_branch_datetime_operator.py took 0.102 seconds
[2021-06-25 09:51:47,455] {scheduler_job.py:182} INFO - Started process (PID=21932) to work on /home/airflow/sandbox/lib/python3.8/site-packages/airflow/example_dags/example_branch_datetime_operator.py
[2021-06-25 09:51:47,457] {scheduler_job.py:633} INFO - Processing file /home/airflow/sandbox/lib/python3.8/site-packages/airflow/example_dags/example_branch_datetime_operator.py for tasks to queue
[2021-06-25 09:51:47,458] {logging_mixin.py:104} INFO - [2021-06-25 09:51:47,458] {dagbag.py:487} INFO - Filling up the DagBag from /home/airflow/sandbox/lib/python3.8/site-packages/airflow/example_dags/example_branch_datetime_operator.py
[2021-06-25 09:51:47,477] {scheduler_job.py:643} INFO - DAG(s) dict_keys(['example_branch_datetime_operator_2']) retrieved from /home/airflow/sandbox/lib/python3.8/site-packages/airflow/example_dags/example_branch_datetime_operator.py
[2021-06-25 09:51:47,513] {logging_mixin.py:104} INFO - [2021-06-25 09:51:47,513] {dag.py:1832} INFO - Sync 1 DAGs
[2021-06-25 09:51:47,538] {logging_mixin.py:104} INFO - [2021-06-25 09:51:47,538] {dag.py:2305} INFO - Setting next_dagrun for example_branch_datetime_operator_2 to 2021-06-23 00:00:00+00:00
[2021-06-25 09:51:47,558] {scheduler_job.py:190} INFO - Processing /home/airflow/sandbox/lib/python3.8/site-packages/airflow/example_dags/example_branch_datetime_operator.py took 0.108 seconds
[2021-06-25 09:52:17,625] {scheduler_job.py:182} INFO - Started process (PID=22132) to work on /home/airflow/sandbox/lib/python3.8/site-packages/airflow/example_dags/example_branch_datetime_operator.py
[2021-06-25 09:52:17,626] {scheduler_job.py:633} INFO - Processing file /home/airflow/sandbox/lib/python3.8/site-packages/airflow/example_dags/example_branch_datetime_operator.py for tasks to queue
[2021-06-25 09:52:17,627] {logging_mixin.py:104} INFO - [2021-06-25 09:52:17,627] {dagbag.py:487} INFO - Filling up the DagBag from /home/airflow/sandbox/lib/python3.8/site-packages/airflow/example_dags/example_branch_datetime_operator.py
[2021-06-25 09:52:17,653] {scheduler_job.py:643} INFO - DAG(s) dict_keys(['example_branch_datetime_operator_2']) retrieved from /home/airflow/sandbox/lib/python3.8/site-packages/airflow/example_dags/example_branch_datetime_operator.py
[2021-06-25 09:52:17,692] {logging_mixin.py:104} INFO - [2021-06-25 09:52:17,692] {dag.py:1832} INFO - Sync 1 DAGs
[2021-06-25 09:52:17,722] {logging_mixin.py:104} INFO - [2021-06-25 09:52:17,722] {dag.py:2305} INFO - Setting next_dagrun for example_branch_datetime_operator_2 to 2021-06-23 00:00:00+00:00
[2021-06-25 09:52:17,738] {scheduler_job.py:190} INFO - Processing /home/airflow/sandbox/lib/python3.8/site-packages/airflow/example_dags/example_branch_datetime_operator.py took 0.117 seconds
[2021-06-25 09:52:48,640] {scheduler_job.py:182} INFO - Started process (PID=22330) to work on /home/airflow/sandbox/lib/python3.8/site-packages/airflow/example_dags/example_branch_datetime_operator.py
[2021-06-25 09:52:48,646] {scheduler_job.py:633} INFO - Processing file /home/airflow/sandbox/lib/python3.8/site-packages/airflow/example_dags/example_branch_datetime_operator.py for tasks to queue
[2021-06-25 09:52:48,652] {logging_mixin.py:104} INFO - [2021-06-25 09:52:48,652] {dagbag.py:487} INFO - Filling up the DagBag from /home/airflow/sandbox/lib/python3.8/site-packages/airflow/example_dags/example_branch_datetime_operator.py
[2021-06-25 09:52:48,676] {scheduler_job.py:643} INFO - DAG(s) dict_keys(['example_branch_datetime_operator_2']) retrieved from /home/airflow/sandbox/lib/python3.8/site-packages/airflow/example_dags/example_branch_datetime_operator.py
[2021-06-25 09:52:48,725] {logging_mixin.py:104} INFO - [2021-06-25 09:52:48,725] {dag.py:1832} INFO - Sync 1 DAGs
[2021-06-25 09:52:48,759] {logging_mixin.py:104} INFO - [2021-06-25 09:52:48,759] {dag.py:2305} INFO - Setting next_dagrun for example_branch_datetime_operator_2 to 2021-06-23 00:00:00+00:00
[2021-06-25 09:52:48,781] {scheduler_job.py:190} INFO - Processing /home/airflow/sandbox/lib/python3.8/site-packages/airflow/example_dags/example_branch_datetime_operator.py took 0.145 seconds
[2021-06-25 09:53:19,433] {scheduler_job.py:182} INFO - Started process (PID=22523) to work on /home/airflow/sandbox/lib/python3.8/site-packages/airflow/example_dags/example_branch_datetime_operator.py
[2021-06-25 09:53:19,436] {scheduler_job.py:633} INFO - Processing file /home/airflow/sandbox/lib/python3.8/site-packages/airflow/example_dags/example_branch_datetime_operator.py for tasks to queue
[2021-06-25 09:53:19,436] {logging_mixin.py:104} INFO - [2021-06-25 09:53:19,436] {dagbag.py:487} INFO - Filling up the DagBag from /home/airflow/sandbox/lib/python3.8/site-packages/airflow/example_dags/example_branch_datetime_operator.py
[2021-06-25 09:53:19,472] {scheduler_job.py:643} INFO - DAG(s) dict_keys(['example_branch_datetime_operator_2']) retrieved from /home/airflow/sandbox/lib/python3.8/site-packages/airflow/example_dags/example_branch_datetime_operator.py
[2021-06-25 09:53:19,591] {logging_mixin.py:104} INFO - [2021-06-25 09:53:19,591] {dag.py:1832} INFO - Sync 1 DAGs
[2021-06-25 09:53:19,639] {logging_mixin.py:104} INFO - [2021-06-25 09:53:19,639] {dag.py:2305} INFO - Setting next_dagrun for example_branch_datetime_operator_2 to 2021-06-23 00:00:00+00:00
[2021-06-25 09:53:19,663] {scheduler_job.py:190} INFO - Processing /home/airflow/sandbox/lib/python3.8/site-packages/airflow/example_dags/example_branch_datetime_operator.py took 0.242 seconds
[2021-06-25 09:53:50,875] {scheduler_job.py:182} INFO - Started process (PID=22730) to work on /home/airflow/sandbox/lib/python3.8/site-packages/airflow/example_dags/example_branch_datetime_operator.py
[2021-06-25 09:53:50,882] {scheduler_job.py:633} INFO - Processing file /home/airflow/sandbox/lib/python3.8/site-packages/airflow/example_dags/example_branch_datetime_operator.py for tasks to queue
[2021-06-25 09:53:50,886] {logging_mixin.py:104} INFO - [2021-06-25 09:53:50,886] {dagbag.py:487} INFO - Filling up the DagBag from /home/airflow/sandbox/lib/python3.8/site-packages/airflow/example_dags/example_branch_datetime_operator.py
[2021-06-25 09:53:50,912] {scheduler_job.py:643} INFO - DAG(s) dict_keys(['example_branch_datetime_operator_2']) retrieved from /home/airflow/sandbox/lib/python3.8/site-packages/airflow/example_dags/example_branch_datetime_operator.py
[2021-06-25 09:53:50,964] {logging_mixin.py:104} INFO - [2021-06-25 09:53:50,963] {dag.py:1832} INFO - Sync 1 DAGs
[2021-06-25 09:53:51,010] {logging_mixin.py:104} INFO - [2021-06-25 09:53:51,009] {dag.py:2305} INFO - Setting next_dagrun for example_branch_datetime_operator_2 to 2021-06-23 00:00:00+00:00
[2021-06-25 09:53:51,042] {scheduler_job.py:190} INFO - Processing /home/airflow/sandbox/lib/python3.8/site-packages/airflow/example_dags/example_branch_datetime_operator.py took 0.172 seconds
[2021-06-25 09:54:22,282] {scheduler_job.py:182} INFO - Started process (PID=22932) to work on /home/airflow/sandbox/lib/python3.8/site-packages/airflow/example_dags/example_branch_datetime_operator.py
[2021-06-25 09:54:22,293] {scheduler_job.py:633} INFO - Processing file /home/airflow/sandbox/lib/python3.8/site-packages/airflow/example_dags/example_branch_datetime_operator.py for tasks to queue
[2021-06-25 09:54:22,293] {logging_mixin.py:104} INFO - [2021-06-25 09:54:22,293] {dagbag.py:487} INFO - Filling up the DagBag from /home/airflow/sandbox/lib/python3.8/site-packages/airflow/example_dags/example_branch_datetime_operator.py
[2021-06-25 09:54:22,342] {scheduler_job.py:643} INFO - DAG(s) dict_keys(['example_branch_datetime_operator_2']) retrieved from /home/airflow/sandbox/lib/python3.8/site-packages/airflow/example_dags/example_branch_datetime_operator.py
[2021-06-25 09:54:22,447] {logging_mixin.py:104} INFO - [2021-06-25 09:54:22,446] {dag.py:1832} INFO - Sync 1 DAGs
[2021-06-25 09:54:22,556] {logging_mixin.py:104} INFO - [2021-06-25 09:54:22,556] {dag.py:2305} INFO - Setting next_dagrun for example_branch_datetime_operator_2 to 2021-06-23 00:00:00+00:00
[2021-06-25 09:54:22,624] {scheduler_job.py:190} INFO - Processing /home/airflow/sandbox/lib/python3.8/site-packages/airflow/example_dags/example_branch_datetime_operator.py took 0.350 seconds
