[2021-06-25 08:55:26,966] {scheduler_job.py:182} INFO - Started process (PID=2175) to work on /home/airflow/sandbox/lib/python3.8/site-packages/airflow/example_dags/example_kubernetes_executor.py
[2021-06-25 08:55:26,982] {scheduler_job.py:633} INFO - Processing file /home/airflow/sandbox/lib/python3.8/site-packages/airflow/example_dags/example_kubernetes_executor.py for tasks to queue
[2021-06-25 08:55:26,983] {logging_mixin.py:104} INFO - [2021-06-25 08:55:26,983] {dagbag.py:487} INFO - Filling up the DagBag from /home/airflow/sandbox/lib/python3.8/site-packages/airflow/example_dags/example_kubernetes_executor.py
[2021-06-25 08:55:27,118] {scheduler_job.py:643} INFO - DAG(s) dict_keys(['example_kubernetes_executor']) retrieved from /home/airflow/sandbox/lib/python3.8/site-packages/airflow/example_dags/example_kubernetes_executor.py
[2021-06-25 08:55:30,972] {logging_mixin.py:104} INFO - [2021-06-25 08:55:30,972] {dag.py:1832} INFO - Sync 1 DAGs
[2021-06-25 08:55:31,027] {logging_mixin.py:104} INFO - [2021-06-25 08:55:31,027] {dag.py:2305} INFO - Setting next_dagrun for example_kubernetes_executor to None
[2021-06-25 08:55:31,095] {scheduler_job.py:190} INFO - Processing /home/airflow/sandbox/lib/python3.8/site-packages/airflow/example_dags/example_kubernetes_executor.py took 4.162 seconds
[2021-06-25 09:15:20,875] {scheduler_job.py:182} INFO - Started process (PID=3658) to work on /home/airflow/sandbox/lib/python3.8/site-packages/airflow/example_dags/example_kubernetes_executor.py
[2021-06-25 09:15:20,878] {scheduler_job.py:633} INFO - Processing file /home/airflow/sandbox/lib/python3.8/site-packages/airflow/example_dags/example_kubernetes_executor.py for tasks to queue
[2021-06-25 09:15:20,879] {logging_mixin.py:104} INFO - [2021-06-25 09:15:20,879] {dagbag.py:487} INFO - Filling up the DagBag from /home/airflow/sandbox/lib/python3.8/site-packages/airflow/example_dags/example_kubernetes_executor.py
[2021-06-25 09:15:20,912] {scheduler_job.py:643} INFO - DAG(s) dict_keys(['example_kubernetes_executor']) retrieved from /home/airflow/sandbox/lib/python3.8/site-packages/airflow/example_dags/example_kubernetes_executor.py
[2021-06-25 09:15:20,988] {logging_mixin.py:104} INFO - [2021-06-25 09:15:20,987] {dag.py:1832} INFO - Sync 1 DAGs
[2021-06-25 09:15:21,019] {logging_mixin.py:104} INFO - [2021-06-25 09:15:21,019] {dag.py:2305} INFO - Setting next_dagrun for example_kubernetes_executor to None
[2021-06-25 09:15:21,054] {scheduler_job.py:190} INFO - Processing /home/airflow/sandbox/lib/python3.8/site-packages/airflow/example_dags/example_kubernetes_executor.py took 0.192 seconds
[2021-06-25 09:16:01,046] {scheduler_job.py:182} INFO - Started process (PID=3741) to work on /home/airflow/sandbox/lib/python3.8/site-packages/airflow/example_dags/example_kubernetes_executor.py
[2021-06-25 09:16:01,080] {scheduler_job.py:633} INFO - Processing file /home/airflow/sandbox/lib/python3.8/site-packages/airflow/example_dags/example_kubernetes_executor.py for tasks to queue
[2021-06-25 09:16:01,082] {logging_mixin.py:104} INFO - [2021-06-25 09:16:01,081] {dagbag.py:487} INFO - Filling up the DagBag from /home/airflow/sandbox/lib/python3.8/site-packages/airflow/example_dags/example_kubernetes_executor.py
[2021-06-25 09:16:01,230] {scheduler_job.py:643} INFO - DAG(s) dict_keys(['example_kubernetes_executor']) retrieved from /home/airflow/sandbox/lib/python3.8/site-packages/airflow/example_dags/example_kubernetes_executor.py
[2021-06-25 09:16:01,581] {logging_mixin.py:104} INFO - [2021-06-25 09:16:01,580] {dag.py:1832} INFO - Sync 1 DAGs
[2021-06-25 09:16:01,699] {logging_mixin.py:104} INFO - [2021-06-25 09:16:01,699] {dag.py:2305} INFO - Setting next_dagrun for example_kubernetes_executor to None
[2021-06-25 09:16:01,755] {scheduler_job.py:190} INFO - Processing /home/airflow/sandbox/lib/python3.8/site-packages/airflow/example_dags/example_kubernetes_executor.py took 0.730 seconds
[2021-06-25 09:17:16,734] {scheduler_job.py:182} INFO - Started process (PID=4778) to work on /home/airflow/sandbox/lib/python3.8/site-packages/airflow/example_dags/example_kubernetes_executor.py
[2021-06-25 09:17:16,769] {scheduler_job.py:633} INFO - Processing file /home/airflow/sandbox/lib/python3.8/site-packages/airflow/example_dags/example_kubernetes_executor.py for tasks to queue
[2021-06-25 09:17:16,795] {logging_mixin.py:104} INFO - [2021-06-25 09:17:16,791] {dagbag.py:487} INFO - Filling up the DagBag from /home/airflow/sandbox/lib/python3.8/site-packages/airflow/example_dags/example_kubernetes_executor.py
[2021-06-25 09:17:17,052] {scheduler_job.py:643} INFO - DAG(s) dict_keys(['example_kubernetes_executor']) retrieved from /home/airflow/sandbox/lib/python3.8/site-packages/airflow/example_dags/example_kubernetes_executor.py
[2021-06-25 09:17:17,789] {logging_mixin.py:104} INFO - [2021-06-25 09:17:17,789] {dag.py:1832} INFO - Sync 1 DAGs
[2021-06-25 09:17:18,217] {logging_mixin.py:104} INFO - [2021-06-25 09:17:18,217] {dag.py:2305} INFO - Setting next_dagrun for example_kubernetes_executor to None
[2021-06-25 09:17:18,459] {scheduler_job.py:190} INFO - Processing /home/airflow/sandbox/lib/python3.8/site-packages/airflow/example_dags/example_kubernetes_executor.py took 1.754 seconds
[2021-06-25 09:17:52,169] {scheduler_job.py:182} INFO - Started process (PID=5704) to work on /home/airflow/sandbox/lib/python3.8/site-packages/airflow/example_dags/example_kubernetes_executor.py
[2021-06-25 09:17:52,208] {scheduler_job.py:633} INFO - Processing file /home/airflow/sandbox/lib/python3.8/site-packages/airflow/example_dags/example_kubernetes_executor.py for tasks to queue
[2021-06-25 09:17:52,209] {logging_mixin.py:104} INFO - [2021-06-25 09:17:52,209] {dagbag.py:487} INFO - Filling up the DagBag from /home/airflow/sandbox/lib/python3.8/site-packages/airflow/example_dags/example_kubernetes_executor.py
[2021-06-25 09:17:52,734] {scheduler_job.py:643} INFO - DAG(s) dict_keys(['example_kubernetes_executor']) retrieved from /home/airflow/sandbox/lib/python3.8/site-packages/airflow/example_dags/example_kubernetes_executor.py
[2021-06-25 09:17:53,290] {logging_mixin.py:104} INFO - [2021-06-25 09:17:53,290] {dag.py:1832} INFO - Sync 1 DAGs
[2021-06-25 09:17:53,633] {logging_mixin.py:104} INFO - [2021-06-25 09:17:53,633] {dag.py:2305} INFO - Setting next_dagrun for example_kubernetes_executor to None
[2021-06-25 09:17:53,886] {scheduler_job.py:190} INFO - Processing /home/airflow/sandbox/lib/python3.8/site-packages/airflow/example_dags/example_kubernetes_executor.py took 1.882 seconds
[2021-06-25 09:18:36,995] {scheduler_job.py:182} INFO - Started process (PID=6919) to work on /home/airflow/sandbox/lib/python3.8/site-packages/airflow/example_dags/example_kubernetes_executor.py
[2021-06-25 09:18:37,017] {scheduler_job.py:633} INFO - Processing file /home/airflow/sandbox/lib/python3.8/site-packages/airflow/example_dags/example_kubernetes_executor.py for tasks to queue
[2021-06-25 09:18:37,028] {logging_mixin.py:104} INFO - [2021-06-25 09:18:37,028] {dagbag.py:487} INFO - Filling up the DagBag from /home/airflow/sandbox/lib/python3.8/site-packages/airflow/example_dags/example_kubernetes_executor.py
[2021-06-25 09:18:37,211] {scheduler_job.py:643} INFO - DAG(s) dict_keys(['example_kubernetes_executor']) retrieved from /home/airflow/sandbox/lib/python3.8/site-packages/airflow/example_dags/example_kubernetes_executor.py
[2021-06-25 09:18:37,413] {logging_mixin.py:104} INFO - [2021-06-25 09:18:37,413] {dag.py:1832} INFO - Sync 1 DAGs
[2021-06-25 09:18:37,543] {logging_mixin.py:104} INFO - [2021-06-25 09:18:37,543] {dag.py:2305} INFO - Setting next_dagrun for example_kubernetes_executor to None
[2021-06-25 09:18:37,637] {scheduler_job.py:190} INFO - Processing /home/airflow/sandbox/lib/python3.8/site-packages/airflow/example_dags/example_kubernetes_executor.py took 0.670 seconds
[2021-06-25 09:19:30,133] {scheduler_job.py:182} INFO - Started process (PID=8367) to work on /home/airflow/sandbox/lib/python3.8/site-packages/airflow/example_dags/example_kubernetes_executor.py
[2021-06-25 09:19:30,166] {scheduler_job.py:633} INFO - Processing file /home/airflow/sandbox/lib/python3.8/site-packages/airflow/example_dags/example_kubernetes_executor.py for tasks to queue
[2021-06-25 09:19:30,174] {logging_mixin.py:104} INFO - [2021-06-25 09:19:30,174] {dagbag.py:487} INFO - Filling up the DagBag from /home/airflow/sandbox/lib/python3.8/site-packages/airflow/example_dags/example_kubernetes_executor.py
[2021-06-25 09:19:30,585] {scheduler_job.py:643} INFO - DAG(s) dict_keys(['example_kubernetes_executor']) retrieved from /home/airflow/sandbox/lib/python3.8/site-packages/airflow/example_dags/example_kubernetes_executor.py
[2021-06-25 09:19:31,559] {logging_mixin.py:104} INFO - [2021-06-25 09:19:31,559] {dag.py:1832} INFO - Sync 1 DAGs
[2021-06-25 09:19:31,932] {logging_mixin.py:104} INFO - [2021-06-25 09:19:31,932] {dag.py:2305} INFO - Setting next_dagrun for example_kubernetes_executor to None
[2021-06-25 09:19:32,204] {scheduler_job.py:190} INFO - Processing /home/airflow/sandbox/lib/python3.8/site-packages/airflow/example_dags/example_kubernetes_executor.py took 2.148 seconds
[2021-06-25 09:20:12,618] {scheduler_job.py:182} INFO - Started process (PID=9610) to work on /home/airflow/sandbox/lib/python3.8/site-packages/airflow/example_dags/example_kubernetes_executor.py
[2021-06-25 09:20:12,643] {scheduler_job.py:633} INFO - Processing file /home/airflow/sandbox/lib/python3.8/site-packages/airflow/example_dags/example_kubernetes_executor.py for tasks to queue
[2021-06-25 09:20:12,646] {logging_mixin.py:104} INFO - [2021-06-25 09:20:12,646] {dagbag.py:487} INFO - Filling up the DagBag from /home/airflow/sandbox/lib/python3.8/site-packages/airflow/example_dags/example_kubernetes_executor.py
[2021-06-25 09:20:12,676] {scheduler_job.py:643} INFO - DAG(s) dict_keys(['example_kubernetes_executor']) retrieved from /home/airflow/sandbox/lib/python3.8/site-packages/airflow/example_dags/example_kubernetes_executor.py
[2021-06-25 09:20:12,982] {logging_mixin.py:104} INFO - [2021-06-25 09:20:12,982] {dag.py:1832} INFO - Sync 1 DAGs
[2021-06-25 09:20:13,154] {logging_mixin.py:104} INFO - [2021-06-25 09:20:13,154] {dag.py:2305} INFO - Setting next_dagrun for example_kubernetes_executor to None
[2021-06-25 09:20:13,284] {scheduler_job.py:190} INFO - Processing /home/airflow/sandbox/lib/python3.8/site-packages/airflow/example_dags/example_kubernetes_executor.py took 0.742 seconds
[2021-06-25 09:20:43,791] {scheduler_job.py:182} INFO - Started process (PID=9923) to work on /home/airflow/sandbox/lib/python3.8/site-packages/airflow/example_dags/example_kubernetes_executor.py
[2021-06-25 09:20:43,792] {scheduler_job.py:633} INFO - Processing file /home/airflow/sandbox/lib/python3.8/site-packages/airflow/example_dags/example_kubernetes_executor.py for tasks to queue
[2021-06-25 09:20:43,793] {logging_mixin.py:104} INFO - [2021-06-25 09:20:43,793] {dagbag.py:487} INFO - Filling up the DagBag from /home/airflow/sandbox/lib/python3.8/site-packages/airflow/example_dags/example_kubernetes_executor.py
[2021-06-25 09:20:43,808] {scheduler_job.py:643} INFO - DAG(s) dict_keys(['example_kubernetes_executor']) retrieved from /home/airflow/sandbox/lib/python3.8/site-packages/airflow/example_dags/example_kubernetes_executor.py
[2021-06-25 09:20:43,859] {logging_mixin.py:104} INFO - [2021-06-25 09:20:43,859] {dag.py:1832} INFO - Sync 1 DAGs
[2021-06-25 09:20:43,889] {logging_mixin.py:104} INFO - [2021-06-25 09:20:43,889] {dag.py:2305} INFO - Setting next_dagrun for example_kubernetes_executor to None
[2021-06-25 09:20:43,910] {scheduler_job.py:190} INFO - Processing /home/airflow/sandbox/lib/python3.8/site-packages/airflow/example_dags/example_kubernetes_executor.py took 0.125 seconds
[2021-06-25 09:21:14,245] {scheduler_job.py:182} INFO - Started process (PID=9992) to work on /home/airflow/sandbox/lib/python3.8/site-packages/airflow/example_dags/example_kubernetes_executor.py
[2021-06-25 09:21:14,252] {scheduler_job.py:633} INFO - Processing file /home/airflow/sandbox/lib/python3.8/site-packages/airflow/example_dags/example_kubernetes_executor.py for tasks to queue
[2021-06-25 09:21:14,254] {logging_mixin.py:104} INFO - [2021-06-25 09:21:14,253] {dagbag.py:487} INFO - Filling up the DagBag from /home/airflow/sandbox/lib/python3.8/site-packages/airflow/example_dags/example_kubernetes_executor.py
[2021-06-25 09:21:14,277] {scheduler_job.py:643} INFO - DAG(s) dict_keys(['example_kubernetes_executor']) retrieved from /home/airflow/sandbox/lib/python3.8/site-packages/airflow/example_dags/example_kubernetes_executor.py
[2021-06-25 09:21:14,314] {logging_mixin.py:104} INFO - [2021-06-25 09:21:14,314] {dag.py:1832} INFO - Sync 1 DAGs
[2021-06-25 09:21:14,334] {logging_mixin.py:104} INFO - [2021-06-25 09:21:14,334] {dag.py:2305} INFO - Setting next_dagrun for example_kubernetes_executor to None
[2021-06-25 09:21:14,350] {scheduler_job.py:190} INFO - Processing /home/airflow/sandbox/lib/python3.8/site-packages/airflow/example_dags/example_kubernetes_executor.py took 0.120 seconds
[2021-06-25 09:21:44,566] {scheduler_job.py:182} INFO - Started process (PID=10060) to work on /home/airflow/sandbox/lib/python3.8/site-packages/airflow/example_dags/example_kubernetes_executor.py
[2021-06-25 09:21:44,572] {scheduler_job.py:633} INFO - Processing file /home/airflow/sandbox/lib/python3.8/site-packages/airflow/example_dags/example_kubernetes_executor.py for tasks to queue
[2021-06-25 09:21:44,580] {logging_mixin.py:104} INFO - [2021-06-25 09:21:44,580] {dagbag.py:487} INFO - Filling up the DagBag from /home/airflow/sandbox/lib/python3.8/site-packages/airflow/example_dags/example_kubernetes_executor.py
[2021-06-25 09:21:44,608] {scheduler_job.py:643} INFO - DAG(s) dict_keys(['example_kubernetes_executor']) retrieved from /home/airflow/sandbox/lib/python3.8/site-packages/airflow/example_dags/example_kubernetes_executor.py
[2021-06-25 09:21:44,650] {logging_mixin.py:104} INFO - [2021-06-25 09:21:44,650] {dag.py:1832} INFO - Sync 1 DAGs
[2021-06-25 09:21:44,673] {logging_mixin.py:104} INFO - [2021-06-25 09:21:44,673] {dag.py:2305} INFO - Setting next_dagrun for example_kubernetes_executor to None
[2021-06-25 09:21:44,692] {scheduler_job.py:190} INFO - Processing /home/airflow/sandbox/lib/python3.8/site-packages/airflow/example_dags/example_kubernetes_executor.py took 0.130 seconds
[2021-06-25 09:22:14,734] {scheduler_job.py:182} INFO - Started process (PID=10134) to work on /home/airflow/sandbox/lib/python3.8/site-packages/airflow/example_dags/example_kubernetes_executor.py
[2021-06-25 09:22:14,736] {scheduler_job.py:633} INFO - Processing file /home/airflow/sandbox/lib/python3.8/site-packages/airflow/example_dags/example_kubernetes_executor.py for tasks to queue
[2021-06-25 09:22:14,737] {logging_mixin.py:104} INFO - [2021-06-25 09:22:14,737] {dagbag.py:487} INFO - Filling up the DagBag from /home/airflow/sandbox/lib/python3.8/site-packages/airflow/example_dags/example_kubernetes_executor.py
[2021-06-25 09:22:14,750] {scheduler_job.py:643} INFO - DAG(s) dict_keys(['example_kubernetes_executor']) retrieved from /home/airflow/sandbox/lib/python3.8/site-packages/airflow/example_dags/example_kubernetes_executor.py
[2021-06-25 09:22:14,785] {logging_mixin.py:104} INFO - [2021-06-25 09:22:14,785] {dag.py:1832} INFO - Sync 1 DAGs
[2021-06-25 09:22:14,806] {logging_mixin.py:104} INFO - [2021-06-25 09:22:14,805] {dag.py:2305} INFO - Setting next_dagrun for example_kubernetes_executor to None
[2021-06-25 09:22:14,824] {scheduler_job.py:190} INFO - Processing /home/airflow/sandbox/lib/python3.8/site-packages/airflow/example_dags/example_kubernetes_executor.py took 0.095 seconds
[2021-06-25 09:22:45,252] {scheduler_job.py:182} INFO - Started process (PID=10203) to work on /home/airflow/sandbox/lib/python3.8/site-packages/airflow/example_dags/example_kubernetes_executor.py
[2021-06-25 09:22:45,254] {scheduler_job.py:633} INFO - Processing file /home/airflow/sandbox/lib/python3.8/site-packages/airflow/example_dags/example_kubernetes_executor.py for tasks to queue
[2021-06-25 09:22:45,264] {logging_mixin.py:104} INFO - [2021-06-25 09:22:45,259] {dagbag.py:487} INFO - Filling up the DagBag from /home/airflow/sandbox/lib/python3.8/site-packages/airflow/example_dags/example_kubernetes_executor.py
[2021-06-25 09:22:45,300] {scheduler_job.py:643} INFO - DAG(s) dict_keys(['example_kubernetes_executor']) retrieved from /home/airflow/sandbox/lib/python3.8/site-packages/airflow/example_dags/example_kubernetes_executor.py
[2021-06-25 09:22:45,367] {logging_mixin.py:104} INFO - [2021-06-25 09:22:45,367] {dag.py:1832} INFO - Sync 1 DAGs
[2021-06-25 09:22:45,414] {logging_mixin.py:104} INFO - [2021-06-25 09:22:45,414] {dag.py:2305} INFO - Setting next_dagrun for example_kubernetes_executor to None
[2021-06-25 09:22:45,435] {scheduler_job.py:190} INFO - Processing /home/airflow/sandbox/lib/python3.8/site-packages/airflow/example_dags/example_kubernetes_executor.py took 0.192 seconds
[2021-06-25 09:24:06,474] {scheduler_job.py:182} INFO - Started process (PID=10483) to work on /home/airflow/sandbox/lib/python3.8/site-packages/airflow/example_dags/example_kubernetes_executor.py
[2021-06-25 09:24:06,489] {scheduler_job.py:633} INFO - Processing file /home/airflow/sandbox/lib/python3.8/site-packages/airflow/example_dags/example_kubernetes_executor.py for tasks to queue
[2021-06-25 09:24:06,490] {logging_mixin.py:104} INFO - [2021-06-25 09:24:06,489] {dagbag.py:487} INFO - Filling up the DagBag from /home/airflow/sandbox/lib/python3.8/site-packages/airflow/example_dags/example_kubernetes_executor.py
[2021-06-25 09:24:06,546] {scheduler_job.py:643} INFO - DAG(s) dict_keys(['example_kubernetes_executor']) retrieved from /home/airflow/sandbox/lib/python3.8/site-packages/airflow/example_dags/example_kubernetes_executor.py
[2021-06-25 09:24:06,605] {logging_mixin.py:104} INFO - [2021-06-25 09:24:06,605] {dag.py:1832} INFO - Sync 1 DAGs
[2021-06-25 09:24:06,649] {logging_mixin.py:104} INFO - [2021-06-25 09:24:06,649] {dag.py:2305} INFO - Setting next_dagrun for example_kubernetes_executor to None
[2021-06-25 09:24:06,674] {scheduler_job.py:190} INFO - Processing /home/airflow/sandbox/lib/python3.8/site-packages/airflow/example_dags/example_kubernetes_executor.py took 0.205 seconds
[2021-06-25 09:24:37,498] {scheduler_job.py:182} INFO - Started process (PID=10694) to work on /home/airflow/sandbox/lib/python3.8/site-packages/airflow/example_dags/example_kubernetes_executor.py
[2021-06-25 09:24:37,502] {scheduler_job.py:633} INFO - Processing file /home/airflow/sandbox/lib/python3.8/site-packages/airflow/example_dags/example_kubernetes_executor.py for tasks to queue
[2021-06-25 09:24:37,508] {logging_mixin.py:104} INFO - [2021-06-25 09:24:37,508] {dagbag.py:487} INFO - Filling up the DagBag from /home/airflow/sandbox/lib/python3.8/site-packages/airflow/example_dags/example_kubernetes_executor.py
[2021-06-25 09:24:37,532] {scheduler_job.py:643} INFO - DAG(s) dict_keys(['example_kubernetes_executor']) retrieved from /home/airflow/sandbox/lib/python3.8/site-packages/airflow/example_dags/example_kubernetes_executor.py
[2021-06-25 09:24:37,585] {logging_mixin.py:104} INFO - [2021-06-25 09:24:37,584] {dag.py:1832} INFO - Sync 1 DAGs
[2021-06-25 09:24:37,623] {logging_mixin.py:104} INFO - [2021-06-25 09:24:37,622] {dag.py:2305} INFO - Setting next_dagrun for example_kubernetes_executor to None
[2021-06-25 09:24:37,653] {scheduler_job.py:190} INFO - Processing /home/airflow/sandbox/lib/python3.8/site-packages/airflow/example_dags/example_kubernetes_executor.py took 0.160 seconds
[2021-06-25 09:25:08,604] {scheduler_job.py:182} INFO - Started process (PID=10898) to work on /home/airflow/sandbox/lib/python3.8/site-packages/airflow/example_dags/example_kubernetes_executor.py
[2021-06-25 09:25:08,606] {scheduler_job.py:633} INFO - Processing file /home/airflow/sandbox/lib/python3.8/site-packages/airflow/example_dags/example_kubernetes_executor.py for tasks to queue
[2021-06-25 09:25:08,608] {logging_mixin.py:104} INFO - [2021-06-25 09:25:08,607] {dagbag.py:487} INFO - Filling up the DagBag from /home/airflow/sandbox/lib/python3.8/site-packages/airflow/example_dags/example_kubernetes_executor.py
[2021-06-25 09:25:08,632] {scheduler_job.py:643} INFO - DAG(s) dict_keys(['example_kubernetes_executor']) retrieved from /home/airflow/sandbox/lib/python3.8/site-packages/airflow/example_dags/example_kubernetes_executor.py
[2021-06-25 09:25:08,674] {logging_mixin.py:104} INFO - [2021-06-25 09:25:08,674] {dag.py:1832} INFO - Sync 1 DAGs
[2021-06-25 09:25:08,692] {logging_mixin.py:104} INFO - [2021-06-25 09:25:08,692] {dag.py:2305} INFO - Setting next_dagrun for example_kubernetes_executor to None
[2021-06-25 09:25:08,713] {scheduler_job.py:190} INFO - Processing /home/airflow/sandbox/lib/python3.8/site-packages/airflow/example_dags/example_kubernetes_executor.py took 0.112 seconds
[2021-06-25 09:25:39,500] {scheduler_job.py:182} INFO - Started process (PID=11098) to work on /home/airflow/sandbox/lib/python3.8/site-packages/airflow/example_dags/example_kubernetes_executor.py
[2021-06-25 09:25:39,504] {scheduler_job.py:633} INFO - Processing file /home/airflow/sandbox/lib/python3.8/site-packages/airflow/example_dags/example_kubernetes_executor.py for tasks to queue
[2021-06-25 09:25:39,505] {logging_mixin.py:104} INFO - [2021-06-25 09:25:39,505] {dagbag.py:487} INFO - Filling up the DagBag from /home/airflow/sandbox/lib/python3.8/site-packages/airflow/example_dags/example_kubernetes_executor.py
[2021-06-25 09:25:39,526] {scheduler_job.py:643} INFO - DAG(s) dict_keys(['example_kubernetes_executor']) retrieved from /home/airflow/sandbox/lib/python3.8/site-packages/airflow/example_dags/example_kubernetes_executor.py
[2021-06-25 09:25:39,576] {logging_mixin.py:104} INFO - [2021-06-25 09:25:39,576] {dag.py:1832} INFO - Sync 1 DAGs
[2021-06-25 09:25:39,601] {logging_mixin.py:104} INFO - [2021-06-25 09:25:39,601] {dag.py:2305} INFO - Setting next_dagrun for example_kubernetes_executor to None
[2021-06-25 09:25:39,620] {scheduler_job.py:190} INFO - Processing /home/airflow/sandbox/lib/python3.8/site-packages/airflow/example_dags/example_kubernetes_executor.py took 0.126 seconds
[2021-06-25 09:26:10,686] {scheduler_job.py:182} INFO - Started process (PID=11292) to work on /home/airflow/sandbox/lib/python3.8/site-packages/airflow/example_dags/example_kubernetes_executor.py
[2021-06-25 09:26:10,688] {scheduler_job.py:633} INFO - Processing file /home/airflow/sandbox/lib/python3.8/site-packages/airflow/example_dags/example_kubernetes_executor.py for tasks to queue
[2021-06-25 09:26:10,689] {logging_mixin.py:104} INFO - [2021-06-25 09:26:10,688] {dagbag.py:487} INFO - Filling up the DagBag from /home/airflow/sandbox/lib/python3.8/site-packages/airflow/example_dags/example_kubernetes_executor.py
[2021-06-25 09:26:10,724] {scheduler_job.py:643} INFO - DAG(s) dict_keys(['example_kubernetes_executor']) retrieved from /home/airflow/sandbox/lib/python3.8/site-packages/airflow/example_dags/example_kubernetes_executor.py
[2021-06-25 09:26:10,766] {logging_mixin.py:104} INFO - [2021-06-25 09:26:10,766] {dag.py:1832} INFO - Sync 1 DAGs
[2021-06-25 09:26:10,798] {logging_mixin.py:104} INFO - [2021-06-25 09:26:10,798] {dag.py:2305} INFO - Setting next_dagrun for example_kubernetes_executor to None
[2021-06-25 09:26:10,817] {scheduler_job.py:190} INFO - Processing /home/airflow/sandbox/lib/python3.8/site-packages/airflow/example_dags/example_kubernetes_executor.py took 0.136 seconds
[2021-06-25 09:27:04,447] {scheduler_job.py:182} INFO - Started process (PID=11649) to work on /home/airflow/sandbox/lib/python3.8/site-packages/airflow/example_dags/example_kubernetes_executor.py
[2021-06-25 09:27:04,452] {scheduler_job.py:633} INFO - Processing file /home/airflow/sandbox/lib/python3.8/site-packages/airflow/example_dags/example_kubernetes_executor.py for tasks to queue
[2021-06-25 09:27:04,459] {logging_mixin.py:104} INFO - [2021-06-25 09:27:04,457] {dagbag.py:487} INFO - Filling up the DagBag from /home/airflow/sandbox/lib/python3.8/site-packages/airflow/example_dags/example_kubernetes_executor.py
[2021-06-25 09:27:04,497] {scheduler_job.py:643} INFO - DAG(s) dict_keys(['example_kubernetes_executor']) retrieved from /home/airflow/sandbox/lib/python3.8/site-packages/airflow/example_dags/example_kubernetes_executor.py
[2021-06-25 09:27:04,630] {logging_mixin.py:104} INFO - [2021-06-25 09:27:04,629] {dag.py:1832} INFO - Sync 1 DAGs
[2021-06-25 09:27:04,685] {logging_mixin.py:104} INFO - [2021-06-25 09:27:04,685] {dag.py:2305} INFO - Setting next_dagrun for example_kubernetes_executor to None
[2021-06-25 09:27:04,738] {scheduler_job.py:190} INFO - Processing /home/airflow/sandbox/lib/python3.8/site-packages/airflow/example_dags/example_kubernetes_executor.py took 0.305 seconds
[2021-06-25 09:27:35,812] {scheduler_job.py:182} INFO - Started process (PID=11863) to work on /home/airflow/sandbox/lib/python3.8/site-packages/airflow/example_dags/example_kubernetes_executor.py
[2021-06-25 09:27:35,828] {scheduler_job.py:633} INFO - Processing file /home/airflow/sandbox/lib/python3.8/site-packages/airflow/example_dags/example_kubernetes_executor.py for tasks to queue
[2021-06-25 09:27:35,831] {logging_mixin.py:104} INFO - [2021-06-25 09:27:35,831] {dagbag.py:487} INFO - Filling up the DagBag from /home/airflow/sandbox/lib/python3.8/site-packages/airflow/example_dags/example_kubernetes_executor.py
[2021-06-25 09:27:35,952] {scheduler_job.py:643} INFO - DAG(s) dict_keys(['example_kubernetes_executor']) retrieved from /home/airflow/sandbox/lib/python3.8/site-packages/airflow/example_dags/example_kubernetes_executor.py
[2021-06-25 09:27:36,142] {logging_mixin.py:104} INFO - [2021-06-25 09:27:36,141] {dag.py:1832} INFO - Sync 1 DAGs
[2021-06-25 09:27:36,268] {logging_mixin.py:104} INFO - [2021-06-25 09:27:36,268] {dag.py:2305} INFO - Setting next_dagrun for example_kubernetes_executor to None
[2021-06-25 09:27:36,330] {scheduler_job.py:190} INFO - Processing /home/airflow/sandbox/lib/python3.8/site-packages/airflow/example_dags/example_kubernetes_executor.py took 0.529 seconds
[2021-06-25 09:28:08,621] {scheduler_job.py:182} INFO - Started process (PID=12063) to work on /home/airflow/sandbox/lib/python3.8/site-packages/airflow/example_dags/example_kubernetes_executor.py
[2021-06-25 09:28:08,633] {scheduler_job.py:633} INFO - Processing file /home/airflow/sandbox/lib/python3.8/site-packages/airflow/example_dags/example_kubernetes_executor.py for tasks to queue
[2021-06-25 09:28:08,638] {logging_mixin.py:104} INFO - [2021-06-25 09:28:08,637] {dagbag.py:487} INFO - Filling up the DagBag from /home/airflow/sandbox/lib/python3.8/site-packages/airflow/example_dags/example_kubernetes_executor.py
[2021-06-25 09:28:08,678] {scheduler_job.py:643} INFO - DAG(s) dict_keys(['example_kubernetes_executor']) retrieved from /home/airflow/sandbox/lib/python3.8/site-packages/airflow/example_dags/example_kubernetes_executor.py
[2021-06-25 09:28:08,756] {logging_mixin.py:104} INFO - [2021-06-25 09:28:08,756] {dag.py:1832} INFO - Sync 1 DAGs
[2021-06-25 09:28:08,785] {logging_mixin.py:104} INFO - [2021-06-25 09:28:08,785] {dag.py:2305} INFO - Setting next_dagrun for example_kubernetes_executor to None
[2021-06-25 09:28:08,817] {scheduler_job.py:190} INFO - Processing /home/airflow/sandbox/lib/python3.8/site-packages/airflow/example_dags/example_kubernetes_executor.py took 0.211 seconds
[2021-06-25 09:28:40,084] {scheduler_job.py:182} INFO - Started process (PID=12263) to work on /home/airflow/sandbox/lib/python3.8/site-packages/airflow/example_dags/example_kubernetes_executor.py
[2021-06-25 09:28:40,091] {scheduler_job.py:633} INFO - Processing file /home/airflow/sandbox/lib/python3.8/site-packages/airflow/example_dags/example_kubernetes_executor.py for tasks to queue
[2021-06-25 09:28:40,092] {logging_mixin.py:104} INFO - [2021-06-25 09:28:40,092] {dagbag.py:487} INFO - Filling up the DagBag from /home/airflow/sandbox/lib/python3.8/site-packages/airflow/example_dags/example_kubernetes_executor.py
[2021-06-25 09:28:40,119] {scheduler_job.py:643} INFO - DAG(s) dict_keys(['example_kubernetes_executor']) retrieved from /home/airflow/sandbox/lib/python3.8/site-packages/airflow/example_dags/example_kubernetes_executor.py
[2021-06-25 09:28:40,208] {logging_mixin.py:104} INFO - [2021-06-25 09:28:40,207] {dag.py:1832} INFO - Sync 1 DAGs
[2021-06-25 09:28:40,238] {logging_mixin.py:104} INFO - [2021-06-25 09:28:40,238] {dag.py:2305} INFO - Setting next_dagrun for example_kubernetes_executor to None
[2021-06-25 09:28:40,266] {scheduler_job.py:190} INFO - Processing /home/airflow/sandbox/lib/python3.8/site-packages/airflow/example_dags/example_kubernetes_executor.py took 0.186 seconds
[2021-06-25 09:29:11,335] {scheduler_job.py:182} INFO - Started process (PID=12464) to work on /home/airflow/sandbox/lib/python3.8/site-packages/airflow/example_dags/example_kubernetes_executor.py
[2021-06-25 09:29:11,338] {scheduler_job.py:633} INFO - Processing file /home/airflow/sandbox/lib/python3.8/site-packages/airflow/example_dags/example_kubernetes_executor.py for tasks to queue
[2021-06-25 09:29:11,339] {logging_mixin.py:104} INFO - [2021-06-25 09:29:11,339] {dagbag.py:487} INFO - Filling up the DagBag from /home/airflow/sandbox/lib/python3.8/site-packages/airflow/example_dags/example_kubernetes_executor.py
[2021-06-25 09:29:11,358] {scheduler_job.py:643} INFO - DAG(s) dict_keys(['example_kubernetes_executor']) retrieved from /home/airflow/sandbox/lib/python3.8/site-packages/airflow/example_dags/example_kubernetes_executor.py
[2021-06-25 09:29:11,392] {logging_mixin.py:104} INFO - [2021-06-25 09:29:11,392] {dag.py:1832} INFO - Sync 1 DAGs
[2021-06-25 09:29:11,413] {logging_mixin.py:104} INFO - [2021-06-25 09:29:11,413] {dag.py:2305} INFO - Setting next_dagrun for example_kubernetes_executor to None
[2021-06-25 09:29:11,427] {scheduler_job.py:190} INFO - Processing /home/airflow/sandbox/lib/python3.8/site-packages/airflow/example_dags/example_kubernetes_executor.py took 0.098 seconds
[2021-06-25 09:30:31,286] {scheduler_job.py:182} INFO - Started process (PID=12749) to work on /home/airflow/sandbox/lib/python3.8/site-packages/airflow/example_dags/example_kubernetes_executor.py
[2021-06-25 09:30:31,287] {scheduler_job.py:633} INFO - Processing file /home/airflow/sandbox/lib/python3.8/site-packages/airflow/example_dags/example_kubernetes_executor.py for tasks to queue
[2021-06-25 09:30:31,288] {logging_mixin.py:104} INFO - [2021-06-25 09:30:31,288] {dagbag.py:487} INFO - Filling up the DagBag from /home/airflow/sandbox/lib/python3.8/site-packages/airflow/example_dags/example_kubernetes_executor.py
[2021-06-25 09:30:31,304] {scheduler_job.py:643} INFO - DAG(s) dict_keys(['example_kubernetes_executor']) retrieved from /home/airflow/sandbox/lib/python3.8/site-packages/airflow/example_dags/example_kubernetes_executor.py
[2021-06-25 09:30:31,340] {logging_mixin.py:104} INFO - [2021-06-25 09:30:31,340] {dag.py:1832} INFO - Sync 1 DAGs
[2021-06-25 09:30:31,357] {logging_mixin.py:104} INFO - [2021-06-25 09:30:31,357] {dag.py:2305} INFO - Setting next_dagrun for example_kubernetes_executor to None
[2021-06-25 09:30:31,372] {scheduler_job.py:190} INFO - Processing /home/airflow/sandbox/lib/python3.8/site-packages/airflow/example_dags/example_kubernetes_executor.py took 0.089 seconds
[2021-06-25 09:31:02,393] {scheduler_job.py:182} INFO - Started process (PID=12949) to work on /home/airflow/sandbox/lib/python3.8/site-packages/airflow/example_dags/example_kubernetes_executor.py
[2021-06-25 09:31:02,407] {scheduler_job.py:633} INFO - Processing file /home/airflow/sandbox/lib/python3.8/site-packages/airflow/example_dags/example_kubernetes_executor.py for tasks to queue
[2021-06-25 09:31:02,408] {logging_mixin.py:104} INFO - [2021-06-25 09:31:02,408] {dagbag.py:487} INFO - Filling up the DagBag from /home/airflow/sandbox/lib/python3.8/site-packages/airflow/example_dags/example_kubernetes_executor.py
[2021-06-25 09:31:02,427] {scheduler_job.py:643} INFO - DAG(s) dict_keys(['example_kubernetes_executor']) retrieved from /home/airflow/sandbox/lib/python3.8/site-packages/airflow/example_dags/example_kubernetes_executor.py
[2021-06-25 09:31:02,512] {logging_mixin.py:104} INFO - [2021-06-25 09:31:02,512] {dag.py:1832} INFO - Sync 1 DAGs
[2021-06-25 09:31:02,557] {logging_mixin.py:104} INFO - [2021-06-25 09:31:02,556] {dag.py:2305} INFO - Setting next_dagrun for example_kubernetes_executor to None
[2021-06-25 09:31:02,642] {scheduler_job.py:190} INFO - Processing /home/airflow/sandbox/lib/python3.8/site-packages/airflow/example_dags/example_kubernetes_executor.py took 0.260 seconds
[2021-06-25 09:31:33,704] {scheduler_job.py:182} INFO - Started process (PID=13151) to work on /home/airflow/sandbox/lib/python3.8/site-packages/airflow/example_dags/example_kubernetes_executor.py
[2021-06-25 09:31:33,706] {scheduler_job.py:633} INFO - Processing file /home/airflow/sandbox/lib/python3.8/site-packages/airflow/example_dags/example_kubernetes_executor.py for tasks to queue
[2021-06-25 09:31:33,706] {logging_mixin.py:104} INFO - [2021-06-25 09:31:33,706] {dagbag.py:487} INFO - Filling up the DagBag from /home/airflow/sandbox/lib/python3.8/site-packages/airflow/example_dags/example_kubernetes_executor.py
[2021-06-25 09:31:33,733] {scheduler_job.py:643} INFO - DAG(s) dict_keys(['example_kubernetes_executor']) retrieved from /home/airflow/sandbox/lib/python3.8/site-packages/airflow/example_dags/example_kubernetes_executor.py
[2021-06-25 09:31:33,781] {logging_mixin.py:104} INFO - [2021-06-25 09:31:33,781] {dag.py:1832} INFO - Sync 1 DAGs
[2021-06-25 09:31:33,824] {logging_mixin.py:104} INFO - [2021-06-25 09:31:33,824] {dag.py:2305} INFO - Setting next_dagrun for example_kubernetes_executor to None
[2021-06-25 09:31:33,850] {scheduler_job.py:190} INFO - Processing /home/airflow/sandbox/lib/python3.8/site-packages/airflow/example_dags/example_kubernetes_executor.py took 0.152 seconds
[2021-06-25 09:32:11,178] {scheduler_job.py:182} INFO - Started process (PID=13349) to work on /home/airflow/sandbox/lib/python3.8/site-packages/airflow/example_dags/example_kubernetes_executor.py
[2021-06-25 09:32:11,183] {scheduler_job.py:633} INFO - Processing file /home/airflow/sandbox/lib/python3.8/site-packages/airflow/example_dags/example_kubernetes_executor.py for tasks to queue
[2021-06-25 09:32:11,186] {logging_mixin.py:104} INFO - [2021-06-25 09:32:11,186] {dagbag.py:487} INFO - Filling up the DagBag from /home/airflow/sandbox/lib/python3.8/site-packages/airflow/example_dags/example_kubernetes_executor.py
[2021-06-25 09:32:11,327] {scheduler_job.py:643} INFO - DAG(s) dict_keys(['example_kubernetes_executor']) retrieved from /home/airflow/sandbox/lib/python3.8/site-packages/airflow/example_dags/example_kubernetes_executor.py
[2021-06-25 09:32:11,523] {logging_mixin.py:104} INFO - [2021-06-25 09:32:11,521] {dag.py:1832} INFO - Sync 1 DAGs
[2021-06-25 09:32:11,670] {logging_mixin.py:104} INFO - [2021-06-25 09:32:11,670] {dag.py:2305} INFO - Setting next_dagrun for example_kubernetes_executor to None
[2021-06-25 09:32:11,755] {scheduler_job.py:190} INFO - Processing /home/airflow/sandbox/lib/python3.8/site-packages/airflow/example_dags/example_kubernetes_executor.py took 0.598 seconds
[2021-06-25 09:32:42,165] {scheduler_job.py:182} INFO - Started process (PID=13549) to work on /home/airflow/sandbox/lib/python3.8/site-packages/airflow/example_dags/example_kubernetes_executor.py
[2021-06-25 09:32:42,167] {scheduler_job.py:633} INFO - Processing file /home/airflow/sandbox/lib/python3.8/site-packages/airflow/example_dags/example_kubernetes_executor.py for tasks to queue
[2021-06-25 09:32:42,168] {logging_mixin.py:104} INFO - [2021-06-25 09:32:42,168] {dagbag.py:487} INFO - Filling up the DagBag from /home/airflow/sandbox/lib/python3.8/site-packages/airflow/example_dags/example_kubernetes_executor.py
[2021-06-25 09:32:42,192] {scheduler_job.py:643} INFO - DAG(s) dict_keys(['example_kubernetes_executor']) retrieved from /home/airflow/sandbox/lib/python3.8/site-packages/airflow/example_dags/example_kubernetes_executor.py
[2021-06-25 09:32:42,239] {logging_mixin.py:104} INFO - [2021-06-25 09:32:42,239] {dag.py:1832} INFO - Sync 1 DAGs
[2021-06-25 09:32:42,257] {logging_mixin.py:104} INFO - [2021-06-25 09:32:42,257] {dag.py:2305} INFO - Setting next_dagrun for example_kubernetes_executor to None
[2021-06-25 09:32:42,275] {scheduler_job.py:190} INFO - Processing /home/airflow/sandbox/lib/python3.8/site-packages/airflow/example_dags/example_kubernetes_executor.py took 0.115 seconds
[2021-06-25 09:33:13,137] {scheduler_job.py:182} INFO - Started process (PID=13750) to work on /home/airflow/sandbox/lib/python3.8/site-packages/airflow/example_dags/example_kubernetes_executor.py
[2021-06-25 09:33:13,141] {scheduler_job.py:633} INFO - Processing file /home/airflow/sandbox/lib/python3.8/site-packages/airflow/example_dags/example_kubernetes_executor.py for tasks to queue
[2021-06-25 09:33:13,145] {logging_mixin.py:104} INFO - [2021-06-25 09:33:13,145] {dagbag.py:487} INFO - Filling up the DagBag from /home/airflow/sandbox/lib/python3.8/site-packages/airflow/example_dags/example_kubernetes_executor.py
[2021-06-25 09:33:13,183] {scheduler_job.py:643} INFO - DAG(s) dict_keys(['example_kubernetes_executor']) retrieved from /home/airflow/sandbox/lib/python3.8/site-packages/airflow/example_dags/example_kubernetes_executor.py
[2021-06-25 09:33:13,258] {logging_mixin.py:104} INFO - [2021-06-25 09:33:13,257] {dag.py:1832} INFO - Sync 1 DAGs
[2021-06-25 09:33:13,315] {logging_mixin.py:104} INFO - [2021-06-25 09:33:13,315] {dag.py:2305} INFO - Setting next_dagrun for example_kubernetes_executor to None
[2021-06-25 09:33:13,349] {scheduler_job.py:190} INFO - Processing /home/airflow/sandbox/lib/python3.8/site-packages/airflow/example_dags/example_kubernetes_executor.py took 0.216 seconds
[2021-06-25 09:33:43,517] {scheduler_job.py:182} INFO - Started process (PID=13950) to work on /home/airflow/sandbox/lib/python3.8/site-packages/airflow/example_dags/example_kubernetes_executor.py
[2021-06-25 09:33:43,518] {scheduler_job.py:633} INFO - Processing file /home/airflow/sandbox/lib/python3.8/site-packages/airflow/example_dags/example_kubernetes_executor.py for tasks to queue
[2021-06-25 09:33:43,519] {logging_mixin.py:104} INFO - [2021-06-25 09:33:43,519] {dagbag.py:487} INFO - Filling up the DagBag from /home/airflow/sandbox/lib/python3.8/site-packages/airflow/example_dags/example_kubernetes_executor.py
[2021-06-25 09:33:43,541] {scheduler_job.py:643} INFO - DAG(s) dict_keys(['example_kubernetes_executor']) retrieved from /home/airflow/sandbox/lib/python3.8/site-packages/airflow/example_dags/example_kubernetes_executor.py
[2021-06-25 09:33:43,600] {logging_mixin.py:104} INFO - [2021-06-25 09:33:43,600] {dag.py:1832} INFO - Sync 1 DAGs
[2021-06-25 09:33:43,626] {logging_mixin.py:104} INFO - [2021-06-25 09:33:43,626] {dag.py:2305} INFO - Setting next_dagrun for example_kubernetes_executor to None
[2021-06-25 09:33:43,659] {scheduler_job.py:190} INFO - Processing /home/airflow/sandbox/lib/python3.8/site-packages/airflow/example_dags/example_kubernetes_executor.py took 0.145 seconds
[2021-06-25 09:34:14,581] {scheduler_job.py:182} INFO - Started process (PID=14150) to work on /home/airflow/sandbox/lib/python3.8/site-packages/airflow/example_dags/example_kubernetes_executor.py
[2021-06-25 09:34:14,583] {scheduler_job.py:633} INFO - Processing file /home/airflow/sandbox/lib/python3.8/site-packages/airflow/example_dags/example_kubernetes_executor.py for tasks to queue
[2021-06-25 09:34:14,598] {logging_mixin.py:104} INFO - [2021-06-25 09:34:14,598] {dagbag.py:487} INFO - Filling up the DagBag from /home/airflow/sandbox/lib/python3.8/site-packages/airflow/example_dags/example_kubernetes_executor.py
[2021-06-25 09:34:14,678] {scheduler_job.py:643} INFO - DAG(s) dict_keys(['example_kubernetes_executor']) retrieved from /home/airflow/sandbox/lib/python3.8/site-packages/airflow/example_dags/example_kubernetes_executor.py
[2021-06-25 09:34:14,732] {logging_mixin.py:104} INFO - [2021-06-25 09:34:14,732] {dag.py:1832} INFO - Sync 1 DAGs
[2021-06-25 09:34:14,775] {logging_mixin.py:104} INFO - [2021-06-25 09:34:14,775] {dag.py:2305} INFO - Setting next_dagrun for example_kubernetes_executor to None
[2021-06-25 09:34:14,798] {scheduler_job.py:190} INFO - Processing /home/airflow/sandbox/lib/python3.8/site-packages/airflow/example_dags/example_kubernetes_executor.py took 0.232 seconds
[2021-06-25 09:34:45,235] {scheduler_job.py:182} INFO - Started process (PID=14350) to work on /home/airflow/sandbox/lib/python3.8/site-packages/airflow/example_dags/example_kubernetes_executor.py
[2021-06-25 09:34:45,239] {scheduler_job.py:633} INFO - Processing file /home/airflow/sandbox/lib/python3.8/site-packages/airflow/example_dags/example_kubernetes_executor.py for tasks to queue
[2021-06-25 09:34:45,242] {logging_mixin.py:104} INFO - [2021-06-25 09:34:45,242] {dagbag.py:487} INFO - Filling up the DagBag from /home/airflow/sandbox/lib/python3.8/site-packages/airflow/example_dags/example_kubernetes_executor.py
[2021-06-25 09:34:45,264] {scheduler_job.py:643} INFO - DAG(s) dict_keys(['example_kubernetes_executor']) retrieved from /home/airflow/sandbox/lib/python3.8/site-packages/airflow/example_dags/example_kubernetes_executor.py
[2021-06-25 09:34:45,314] {logging_mixin.py:104} INFO - [2021-06-25 09:34:45,314] {dag.py:1832} INFO - Sync 1 DAGs
[2021-06-25 09:34:45,334] {logging_mixin.py:104} INFO - [2021-06-25 09:34:45,334] {dag.py:2305} INFO - Setting next_dagrun for example_kubernetes_executor to None
[2021-06-25 09:34:45,352] {scheduler_job.py:190} INFO - Processing /home/airflow/sandbox/lib/python3.8/site-packages/airflow/example_dags/example_kubernetes_executor.py took 0.136 seconds
[2021-06-25 09:35:15,784] {scheduler_job.py:182} INFO - Started process (PID=14638) to work on /home/airflow/sandbox/lib/python3.8/site-packages/airflow/example_dags/example_kubernetes_executor.py
[2021-06-25 09:35:15,786] {scheduler_job.py:633} INFO - Processing file /home/airflow/sandbox/lib/python3.8/site-packages/airflow/example_dags/example_kubernetes_executor.py for tasks to queue
[2021-06-25 09:35:15,788] {logging_mixin.py:104} INFO - [2021-06-25 09:35:15,788] {dagbag.py:487} INFO - Filling up the DagBag from /home/airflow/sandbox/lib/python3.8/site-packages/airflow/example_dags/example_kubernetes_executor.py
[2021-06-25 09:35:15,813] {scheduler_job.py:643} INFO - DAG(s) dict_keys(['example_kubernetes_executor']) retrieved from /home/airflow/sandbox/lib/python3.8/site-packages/airflow/example_dags/example_kubernetes_executor.py
[2021-06-25 09:35:15,846] {logging_mixin.py:104} INFO - [2021-06-25 09:35:15,846] {dag.py:1832} INFO - Sync 1 DAGs
[2021-06-25 09:35:15,867] {logging_mixin.py:104} INFO - [2021-06-25 09:35:15,867] {dag.py:2305} INFO - Setting next_dagrun for example_kubernetes_executor to None
[2021-06-25 09:35:15,881] {scheduler_job.py:190} INFO - Processing /home/airflow/sandbox/lib/python3.8/site-packages/airflow/example_dags/example_kubernetes_executor.py took 0.102 seconds
[2021-06-25 09:35:46,465] {scheduler_job.py:182} INFO - Started process (PID=14892) to work on /home/airflow/sandbox/lib/python3.8/site-packages/airflow/example_dags/example_kubernetes_executor.py
[2021-06-25 09:35:46,469] {scheduler_job.py:633} INFO - Processing file /home/airflow/sandbox/lib/python3.8/site-packages/airflow/example_dags/example_kubernetes_executor.py for tasks to queue
[2021-06-25 09:35:46,470] {logging_mixin.py:104} INFO - [2021-06-25 09:35:46,470] {dagbag.py:487} INFO - Filling up the DagBag from /home/airflow/sandbox/lib/python3.8/site-packages/airflow/example_dags/example_kubernetes_executor.py
[2021-06-25 09:35:46,495] {scheduler_job.py:643} INFO - DAG(s) dict_keys(['example_kubernetes_executor']) retrieved from /home/airflow/sandbox/lib/python3.8/site-packages/airflow/example_dags/example_kubernetes_executor.py
[2021-06-25 09:35:46,538] {logging_mixin.py:104} INFO - [2021-06-25 09:35:46,538] {dag.py:1832} INFO - Sync 1 DAGs
[2021-06-25 09:35:46,560] {logging_mixin.py:104} INFO - [2021-06-25 09:35:46,560] {dag.py:2305} INFO - Setting next_dagrun for example_kubernetes_executor to None
[2021-06-25 09:35:46,583] {scheduler_job.py:190} INFO - Processing /home/airflow/sandbox/lib/python3.8/site-packages/airflow/example_dags/example_kubernetes_executor.py took 0.123 seconds
[2021-06-25 09:36:17,411] {scheduler_job.py:182} INFO - Started process (PID=15093) to work on /home/airflow/sandbox/lib/python3.8/site-packages/airflow/example_dags/example_kubernetes_executor.py
[2021-06-25 09:36:17,418] {scheduler_job.py:633} INFO - Processing file /home/airflow/sandbox/lib/python3.8/site-packages/airflow/example_dags/example_kubernetes_executor.py for tasks to queue
[2021-06-25 09:36:17,418] {logging_mixin.py:104} INFO - [2021-06-25 09:36:17,418] {dagbag.py:487} INFO - Filling up the DagBag from /home/airflow/sandbox/lib/python3.8/site-packages/airflow/example_dags/example_kubernetes_executor.py
[2021-06-25 09:36:17,439] {scheduler_job.py:643} INFO - DAG(s) dict_keys(['example_kubernetes_executor']) retrieved from /home/airflow/sandbox/lib/python3.8/site-packages/airflow/example_dags/example_kubernetes_executor.py
[2021-06-25 09:36:17,490] {logging_mixin.py:104} INFO - [2021-06-25 09:36:17,490] {dag.py:1832} INFO - Sync 1 DAGs
[2021-06-25 09:36:17,514] {logging_mixin.py:104} INFO - [2021-06-25 09:36:17,514] {dag.py:2305} INFO - Setting next_dagrun for example_kubernetes_executor to None
[2021-06-25 09:36:17,536] {scheduler_job.py:190} INFO - Processing /home/airflow/sandbox/lib/python3.8/site-packages/airflow/example_dags/example_kubernetes_executor.py took 0.131 seconds
[2021-06-25 09:36:48,204] {scheduler_job.py:182} INFO - Started process (PID=15291) to work on /home/airflow/sandbox/lib/python3.8/site-packages/airflow/example_dags/example_kubernetes_executor.py
[2021-06-25 09:36:48,206] {scheduler_job.py:633} INFO - Processing file /home/airflow/sandbox/lib/python3.8/site-packages/airflow/example_dags/example_kubernetes_executor.py for tasks to queue
[2021-06-25 09:36:48,214] {logging_mixin.py:104} INFO - [2021-06-25 09:36:48,214] {dagbag.py:487} INFO - Filling up the DagBag from /home/airflow/sandbox/lib/python3.8/site-packages/airflow/example_dags/example_kubernetes_executor.py
[2021-06-25 09:36:48,239] {scheduler_job.py:643} INFO - DAG(s) dict_keys(['example_kubernetes_executor']) retrieved from /home/airflow/sandbox/lib/python3.8/site-packages/airflow/example_dags/example_kubernetes_executor.py
[2021-06-25 09:36:48,275] {logging_mixin.py:104} INFO - [2021-06-25 09:36:48,275] {dag.py:1832} INFO - Sync 1 DAGs
[2021-06-25 09:36:48,301] {logging_mixin.py:104} INFO - [2021-06-25 09:36:48,301] {dag.py:2305} INFO - Setting next_dagrun for example_kubernetes_executor to None
[2021-06-25 09:36:48,325] {scheduler_job.py:190} INFO - Processing /home/airflow/sandbox/lib/python3.8/site-packages/airflow/example_dags/example_kubernetes_executor.py took 0.117 seconds
[2021-06-25 09:37:19,091] {scheduler_job.py:182} INFO - Started process (PID=15492) to work on /home/airflow/sandbox/lib/python3.8/site-packages/airflow/example_dags/example_kubernetes_executor.py
[2021-06-25 09:37:19,094] {scheduler_job.py:633} INFO - Processing file /home/airflow/sandbox/lib/python3.8/site-packages/airflow/example_dags/example_kubernetes_executor.py for tasks to queue
[2021-06-25 09:37:19,095] {logging_mixin.py:104} INFO - [2021-06-25 09:37:19,095] {dagbag.py:487} INFO - Filling up the DagBag from /home/airflow/sandbox/lib/python3.8/site-packages/airflow/example_dags/example_kubernetes_executor.py
[2021-06-25 09:37:19,107] {scheduler_job.py:643} INFO - DAG(s) dict_keys(['example_kubernetes_executor']) retrieved from /home/airflow/sandbox/lib/python3.8/site-packages/airflow/example_dags/example_kubernetes_executor.py
[2021-06-25 09:37:19,155] {logging_mixin.py:104} INFO - [2021-06-25 09:37:19,154] {dag.py:1832} INFO - Sync 1 DAGs
[2021-06-25 09:37:19,171] {logging_mixin.py:104} INFO - [2021-06-25 09:37:19,171] {dag.py:2305} INFO - Setting next_dagrun for example_kubernetes_executor to None
[2021-06-25 09:37:19,185] {scheduler_job.py:190} INFO - Processing /home/airflow/sandbox/lib/python3.8/site-packages/airflow/example_dags/example_kubernetes_executor.py took 0.098 seconds
[2021-06-25 09:37:49,477] {scheduler_job.py:182} INFO - Started process (PID=15684) to work on /home/airflow/sandbox/lib/python3.8/site-packages/airflow/example_dags/example_kubernetes_executor.py
[2021-06-25 09:37:49,478] {scheduler_job.py:633} INFO - Processing file /home/airflow/sandbox/lib/python3.8/site-packages/airflow/example_dags/example_kubernetes_executor.py for tasks to queue
[2021-06-25 09:37:49,480] {logging_mixin.py:104} INFO - [2021-06-25 09:37:49,480] {dagbag.py:487} INFO - Filling up the DagBag from /home/airflow/sandbox/lib/python3.8/site-packages/airflow/example_dags/example_kubernetes_executor.py
[2021-06-25 09:37:49,507] {scheduler_job.py:643} INFO - DAG(s) dict_keys(['example_kubernetes_executor']) retrieved from /home/airflow/sandbox/lib/python3.8/site-packages/airflow/example_dags/example_kubernetes_executor.py
[2021-06-25 09:37:49,557] {logging_mixin.py:104} INFO - [2021-06-25 09:37:49,557] {dag.py:1832} INFO - Sync 1 DAGs
[2021-06-25 09:37:49,580] {logging_mixin.py:104} INFO - [2021-06-25 09:37:49,580] {dag.py:2305} INFO - Setting next_dagrun for example_kubernetes_executor to None
[2021-06-25 09:37:49,607] {scheduler_job.py:190} INFO - Processing /home/airflow/sandbox/lib/python3.8/site-packages/airflow/example_dags/example_kubernetes_executor.py took 0.137 seconds
[2021-06-25 09:38:20,989] {scheduler_job.py:182} INFO - Started process (PID=15887) to work on /home/airflow/sandbox/lib/python3.8/site-packages/airflow/example_dags/example_kubernetes_executor.py
[2021-06-25 09:38:20,998] {scheduler_job.py:633} INFO - Processing file /home/airflow/sandbox/lib/python3.8/site-packages/airflow/example_dags/example_kubernetes_executor.py for tasks to queue
[2021-06-25 09:38:21,002] {logging_mixin.py:104} INFO - [2021-06-25 09:38:21,002] {dagbag.py:487} INFO - Filling up the DagBag from /home/airflow/sandbox/lib/python3.8/site-packages/airflow/example_dags/example_kubernetes_executor.py
[2021-06-25 09:38:21,025] {scheduler_job.py:643} INFO - DAG(s) dict_keys(['example_kubernetes_executor']) retrieved from /home/airflow/sandbox/lib/python3.8/site-packages/airflow/example_dags/example_kubernetes_executor.py
[2021-06-25 09:38:21,078] {logging_mixin.py:104} INFO - [2021-06-25 09:38:21,078] {dag.py:1832} INFO - Sync 1 DAGs
[2021-06-25 09:38:21,102] {logging_mixin.py:104} INFO - [2021-06-25 09:38:21,102] {dag.py:2305} INFO - Setting next_dagrun for example_kubernetes_executor to None
[2021-06-25 09:38:21,118] {scheduler_job.py:190} INFO - Processing /home/airflow/sandbox/lib/python3.8/site-packages/airflow/example_dags/example_kubernetes_executor.py took 0.135 seconds
[2021-06-25 09:40:09,207] {scheduler_job.py:182} INFO - Started process (PID=16274) to work on /home/airflow/sandbox/lib/python3.8/site-packages/airflow/example_dags/example_kubernetes_executor.py
[2021-06-25 09:40:09,279] {scheduler_job.py:633} INFO - Processing file /home/airflow/sandbox/lib/python3.8/site-packages/airflow/example_dags/example_kubernetes_executor.py for tasks to queue
[2021-06-25 09:40:09,289] {logging_mixin.py:104} INFO - [2021-06-25 09:40:09,289] {dagbag.py:487} INFO - Filling up the DagBag from /home/airflow/sandbox/lib/python3.8/site-packages/airflow/example_dags/example_kubernetes_executor.py
[2021-06-25 09:40:09,446] {scheduler_job.py:643} INFO - DAG(s) dict_keys(['example_kubernetes_executor']) retrieved from /home/airflow/sandbox/lib/python3.8/site-packages/airflow/example_dags/example_kubernetes_executor.py
[2021-06-25 09:40:09,605] {logging_mixin.py:104} INFO - [2021-06-25 09:40:09,605] {dag.py:1832} INFO - Sync 1 DAGs
[2021-06-25 09:40:09,684] {logging_mixin.py:104} INFO - [2021-06-25 09:40:09,684] {dag.py:2305} INFO - Setting next_dagrun for example_kubernetes_executor to None
[2021-06-25 09:40:09,724] {scheduler_job.py:190} INFO - Processing /home/airflow/sandbox/lib/python3.8/site-packages/airflow/example_dags/example_kubernetes_executor.py took 0.533 seconds
[2021-06-25 09:40:39,939] {scheduler_job.py:182} INFO - Started process (PID=16476) to work on /home/airflow/sandbox/lib/python3.8/site-packages/airflow/example_dags/example_kubernetes_executor.py
[2021-06-25 09:40:39,945] {scheduler_job.py:633} INFO - Processing file /home/airflow/sandbox/lib/python3.8/site-packages/airflow/example_dags/example_kubernetes_executor.py for tasks to queue
[2021-06-25 09:40:39,947] {logging_mixin.py:104} INFO - [2021-06-25 09:40:39,946] {dagbag.py:487} INFO - Filling up the DagBag from /home/airflow/sandbox/lib/python3.8/site-packages/airflow/example_dags/example_kubernetes_executor.py
[2021-06-25 09:40:39,980] {scheduler_job.py:643} INFO - DAG(s) dict_keys(['example_kubernetes_executor']) retrieved from /home/airflow/sandbox/lib/python3.8/site-packages/airflow/example_dags/example_kubernetes_executor.py
[2021-06-25 09:40:40,042] {logging_mixin.py:104} INFO - [2021-06-25 09:40:40,042] {dag.py:1832} INFO - Sync 1 DAGs
[2021-06-25 09:40:40,066] {logging_mixin.py:104} INFO - [2021-06-25 09:40:40,065] {dag.py:2305} INFO - Setting next_dagrun for example_kubernetes_executor to None
[2021-06-25 09:40:40,086] {scheduler_job.py:190} INFO - Processing /home/airflow/sandbox/lib/python3.8/site-packages/airflow/example_dags/example_kubernetes_executor.py took 0.155 seconds
[2021-06-25 09:41:10,591] {scheduler_job.py:182} INFO - Started process (PID=16674) to work on /home/airflow/sandbox/lib/python3.8/site-packages/airflow/example_dags/example_kubernetes_executor.py
[2021-06-25 09:41:10,593] {scheduler_job.py:633} INFO - Processing file /home/airflow/sandbox/lib/python3.8/site-packages/airflow/example_dags/example_kubernetes_executor.py for tasks to queue
[2021-06-25 09:41:10,596] {logging_mixin.py:104} INFO - [2021-06-25 09:41:10,596] {dagbag.py:487} INFO - Filling up the DagBag from /home/airflow/sandbox/lib/python3.8/site-packages/airflow/example_dags/example_kubernetes_executor.py
[2021-06-25 09:41:10,632] {scheduler_job.py:643} INFO - DAG(s) dict_keys(['example_kubernetes_executor']) retrieved from /home/airflow/sandbox/lib/python3.8/site-packages/airflow/example_dags/example_kubernetes_executor.py
[2021-06-25 09:41:10,722] {logging_mixin.py:104} INFO - [2021-06-25 09:41:10,722] {dag.py:1832} INFO - Sync 1 DAGs
[2021-06-25 09:41:10,768] {logging_mixin.py:104} INFO - [2021-06-25 09:41:10,767] {dag.py:2305} INFO - Setting next_dagrun for example_kubernetes_executor to None
[2021-06-25 09:41:10,793] {scheduler_job.py:190} INFO - Processing /home/airflow/sandbox/lib/python3.8/site-packages/airflow/example_dags/example_kubernetes_executor.py took 0.210 seconds
[2021-06-25 09:41:41,326] {scheduler_job.py:182} INFO - Started process (PID=16875) to work on /home/airflow/sandbox/lib/python3.8/site-packages/airflow/example_dags/example_kubernetes_executor.py
[2021-06-25 09:41:41,329] {scheduler_job.py:633} INFO - Processing file /home/airflow/sandbox/lib/python3.8/site-packages/airflow/example_dags/example_kubernetes_executor.py for tasks to queue
[2021-06-25 09:41:41,332] {logging_mixin.py:104} INFO - [2021-06-25 09:41:41,331] {dagbag.py:487} INFO - Filling up the DagBag from /home/airflow/sandbox/lib/python3.8/site-packages/airflow/example_dags/example_kubernetes_executor.py
[2021-06-25 09:41:41,355] {scheduler_job.py:643} INFO - DAG(s) dict_keys(['example_kubernetes_executor']) retrieved from /home/airflow/sandbox/lib/python3.8/site-packages/airflow/example_dags/example_kubernetes_executor.py
[2021-06-25 09:41:41,396] {logging_mixin.py:104} INFO - [2021-06-25 09:41:41,396] {dag.py:1832} INFO - Sync 1 DAGs
[2021-06-25 09:41:41,413] {logging_mixin.py:104} INFO - [2021-06-25 09:41:41,413] {dag.py:2305} INFO - Setting next_dagrun for example_kubernetes_executor to None
[2021-06-25 09:41:41,428] {scheduler_job.py:190} INFO - Processing /home/airflow/sandbox/lib/python3.8/site-packages/airflow/example_dags/example_kubernetes_executor.py took 0.107 seconds
[2021-06-25 09:42:12,378] {scheduler_job.py:182} INFO - Started process (PID=17070) to work on /home/airflow/sandbox/lib/python3.8/site-packages/airflow/example_dags/example_kubernetes_executor.py
[2021-06-25 09:42:12,385] {scheduler_job.py:633} INFO - Processing file /home/airflow/sandbox/lib/python3.8/site-packages/airflow/example_dags/example_kubernetes_executor.py for tasks to queue
[2021-06-25 09:42:12,388] {logging_mixin.py:104} INFO - [2021-06-25 09:42:12,388] {dagbag.py:487} INFO - Filling up the DagBag from /home/airflow/sandbox/lib/python3.8/site-packages/airflow/example_dags/example_kubernetes_executor.py
[2021-06-25 09:42:12,493] {scheduler_job.py:643} INFO - DAG(s) dict_keys(['example_kubernetes_executor']) retrieved from /home/airflow/sandbox/lib/python3.8/site-packages/airflow/example_dags/example_kubernetes_executor.py
[2021-06-25 09:42:12,585] {logging_mixin.py:104} INFO - [2021-06-25 09:42:12,585] {dag.py:1832} INFO - Sync 1 DAGs
[2021-06-25 09:42:12,630] {logging_mixin.py:104} INFO - [2021-06-25 09:42:12,629] {dag.py:2305} INFO - Setting next_dagrun for example_kubernetes_executor to None
[2021-06-25 09:42:12,709] {scheduler_job.py:190} INFO - Processing /home/airflow/sandbox/lib/python3.8/site-packages/airflow/example_dags/example_kubernetes_executor.py took 0.365 seconds
[2021-06-25 09:42:43,238] {scheduler_job.py:182} INFO - Started process (PID=17265) to work on /home/airflow/sandbox/lib/python3.8/site-packages/airflow/example_dags/example_kubernetes_executor.py
[2021-06-25 09:42:43,249] {scheduler_job.py:633} INFO - Processing file /home/airflow/sandbox/lib/python3.8/site-packages/airflow/example_dags/example_kubernetes_executor.py for tasks to queue
[2021-06-25 09:42:43,252] {logging_mixin.py:104} INFO - [2021-06-25 09:42:43,252] {dagbag.py:487} INFO - Filling up the DagBag from /home/airflow/sandbox/lib/python3.8/site-packages/airflow/example_dags/example_kubernetes_executor.py
[2021-06-25 09:42:43,271] {scheduler_job.py:643} INFO - DAG(s) dict_keys(['example_kubernetes_executor']) retrieved from /home/airflow/sandbox/lib/python3.8/site-packages/airflow/example_dags/example_kubernetes_executor.py
[2021-06-25 09:42:43,308] {logging_mixin.py:104} INFO - [2021-06-25 09:42:43,308] {dag.py:1832} INFO - Sync 1 DAGs
[2021-06-25 09:42:43,332] {logging_mixin.py:104} INFO - [2021-06-25 09:42:43,332] {dag.py:2305} INFO - Setting next_dagrun for example_kubernetes_executor to None
[2021-06-25 09:42:43,351] {scheduler_job.py:190} INFO - Processing /home/airflow/sandbox/lib/python3.8/site-packages/airflow/example_dags/example_kubernetes_executor.py took 0.119 seconds
[2021-06-25 09:43:13,498] {scheduler_job.py:182} INFO - Started process (PID=17465) to work on /home/airflow/sandbox/lib/python3.8/site-packages/airflow/example_dags/example_kubernetes_executor.py
[2021-06-25 09:43:13,505] {scheduler_job.py:633} INFO - Processing file /home/airflow/sandbox/lib/python3.8/site-packages/airflow/example_dags/example_kubernetes_executor.py for tasks to queue
[2021-06-25 09:43:13,508] {logging_mixin.py:104} INFO - [2021-06-25 09:43:13,508] {dagbag.py:487} INFO - Filling up the DagBag from /home/airflow/sandbox/lib/python3.8/site-packages/airflow/example_dags/example_kubernetes_executor.py
[2021-06-25 09:43:13,529] {scheduler_job.py:643} INFO - DAG(s) dict_keys(['example_kubernetes_executor']) retrieved from /home/airflow/sandbox/lib/python3.8/site-packages/airflow/example_dags/example_kubernetes_executor.py
[2021-06-25 09:43:13,578] {logging_mixin.py:104} INFO - [2021-06-25 09:43:13,577] {dag.py:1832} INFO - Sync 1 DAGs
[2021-06-25 09:43:13,606] {logging_mixin.py:104} INFO - [2021-06-25 09:43:13,606] {dag.py:2305} INFO - Setting next_dagrun for example_kubernetes_executor to None
[2021-06-25 09:43:13,623] {scheduler_job.py:190} INFO - Processing /home/airflow/sandbox/lib/python3.8/site-packages/airflow/example_dags/example_kubernetes_executor.py took 0.131 seconds
[2021-06-25 09:43:44,911] {scheduler_job.py:182} INFO - Started process (PID=17665) to work on /home/airflow/sandbox/lib/python3.8/site-packages/airflow/example_dags/example_kubernetes_executor.py
[2021-06-25 09:43:44,916] {scheduler_job.py:633} INFO - Processing file /home/airflow/sandbox/lib/python3.8/site-packages/airflow/example_dags/example_kubernetes_executor.py for tasks to queue
[2021-06-25 09:43:44,919] {logging_mixin.py:104} INFO - [2021-06-25 09:43:44,919] {dagbag.py:487} INFO - Filling up the DagBag from /home/airflow/sandbox/lib/python3.8/site-packages/airflow/example_dags/example_kubernetes_executor.py
[2021-06-25 09:43:44,949] {scheduler_job.py:643} INFO - DAG(s) dict_keys(['example_kubernetes_executor']) retrieved from /home/airflow/sandbox/lib/python3.8/site-packages/airflow/example_dags/example_kubernetes_executor.py
[2021-06-25 09:43:45,007] {logging_mixin.py:104} INFO - [2021-06-25 09:43:45,006] {dag.py:1832} INFO - Sync 1 DAGs
[2021-06-25 09:43:45,033] {logging_mixin.py:104} INFO - [2021-06-25 09:43:45,033] {dag.py:2305} INFO - Setting next_dagrun for example_kubernetes_executor to None
[2021-06-25 09:43:45,052] {scheduler_job.py:190} INFO - Processing /home/airflow/sandbox/lib/python3.8/site-packages/airflow/example_dags/example_kubernetes_executor.py took 0.150 seconds
[2021-06-25 09:44:16,919] {scheduler_job.py:182} INFO - Started process (PID=17866) to work on /home/airflow/sandbox/lib/python3.8/site-packages/airflow/example_dags/example_kubernetes_executor.py
[2021-06-25 09:44:16,920] {scheduler_job.py:633} INFO - Processing file /home/airflow/sandbox/lib/python3.8/site-packages/airflow/example_dags/example_kubernetes_executor.py for tasks to queue
[2021-06-25 09:44:16,921] {logging_mixin.py:104} INFO - [2021-06-25 09:44:16,921] {dagbag.py:487} INFO - Filling up the DagBag from /home/airflow/sandbox/lib/python3.8/site-packages/airflow/example_dags/example_kubernetes_executor.py
[2021-06-25 09:44:16,942] {scheduler_job.py:643} INFO - DAG(s) dict_keys(['example_kubernetes_executor']) retrieved from /home/airflow/sandbox/lib/python3.8/site-packages/airflow/example_dags/example_kubernetes_executor.py
[2021-06-25 09:44:16,995] {logging_mixin.py:104} INFO - [2021-06-25 09:44:16,994] {dag.py:1832} INFO - Sync 1 DAGs
[2021-06-25 09:44:17,020] {logging_mixin.py:104} INFO - [2021-06-25 09:44:17,020] {dag.py:2305} INFO - Setting next_dagrun for example_kubernetes_executor to None
[2021-06-25 09:44:17,043] {scheduler_job.py:190} INFO - Processing /home/airflow/sandbox/lib/python3.8/site-packages/airflow/example_dags/example_kubernetes_executor.py took 0.135 seconds
[2021-06-25 09:45:24,378] {scheduler_job.py:182} INFO - Started process (PID=19100) to work on /home/airflow/sandbox/lib/python3.8/site-packages/airflow/example_dags/example_kubernetes_executor.py
[2021-06-25 09:45:24,390] {scheduler_job.py:633} INFO - Processing file /home/airflow/sandbox/lib/python3.8/site-packages/airflow/example_dags/example_kubernetes_executor.py for tasks to queue
[2021-06-25 09:45:24,397] {logging_mixin.py:104} INFO - [2021-06-25 09:45:24,397] {dagbag.py:487} INFO - Filling up the DagBag from /home/airflow/sandbox/lib/python3.8/site-packages/airflow/example_dags/example_kubernetes_executor.py
[2021-06-25 09:45:24,429] {scheduler_job.py:643} INFO - DAG(s) dict_keys(['example_kubernetes_executor']) retrieved from /home/airflow/sandbox/lib/python3.8/site-packages/airflow/example_dags/example_kubernetes_executor.py
[2021-06-25 09:45:24,517] {logging_mixin.py:104} INFO - [2021-06-25 09:45:24,517] {dag.py:1832} INFO - Sync 1 DAGs
[2021-06-25 09:45:24,551] {logging_mixin.py:104} INFO - [2021-06-25 09:45:24,550] {dag.py:2305} INFO - Setting next_dagrun for example_kubernetes_executor to None
[2021-06-25 09:45:24,582] {scheduler_job.py:190} INFO - Processing /home/airflow/sandbox/lib/python3.8/site-packages/airflow/example_dags/example_kubernetes_executor.py took 0.248 seconds
[2021-06-25 09:46:02,172] {scheduler_job.py:182} INFO - Started process (PID=19534) to work on /home/airflow/sandbox/lib/python3.8/site-packages/airflow/example_dags/example_kubernetes_executor.py
[2021-06-25 09:46:02,185] {scheduler_job.py:633} INFO - Processing file /home/airflow/sandbox/lib/python3.8/site-packages/airflow/example_dags/example_kubernetes_executor.py for tasks to queue
[2021-06-25 09:46:02,186] {logging_mixin.py:104} INFO - [2021-06-25 09:46:02,185] {dagbag.py:487} INFO - Filling up the DagBag from /home/airflow/sandbox/lib/python3.8/site-packages/airflow/example_dags/example_kubernetes_executor.py
[2021-06-25 09:46:02,274] {scheduler_job.py:643} INFO - DAG(s) dict_keys(['example_kubernetes_executor']) retrieved from /home/airflow/sandbox/lib/python3.8/site-packages/airflow/example_dags/example_kubernetes_executor.py
[2021-06-25 09:46:02,362] {logging_mixin.py:104} INFO - [2021-06-25 09:46:02,362] {dag.py:1832} INFO - Sync 1 DAGs
[2021-06-25 09:46:02,472] {logging_mixin.py:104} INFO - [2021-06-25 09:46:02,472] {dag.py:2305} INFO - Setting next_dagrun for example_kubernetes_executor to None
[2021-06-25 09:46:02,536] {scheduler_job.py:190} INFO - Processing /home/airflow/sandbox/lib/python3.8/site-packages/airflow/example_dags/example_kubernetes_executor.py took 0.368 seconds
[2021-06-25 09:46:32,980] {scheduler_job.py:182} INFO - Started process (PID=19746) to work on /home/airflow/sandbox/lib/python3.8/site-packages/airflow/example_dags/example_kubernetes_executor.py
[2021-06-25 09:46:32,992] {scheduler_job.py:633} INFO - Processing file /home/airflow/sandbox/lib/python3.8/site-packages/airflow/example_dags/example_kubernetes_executor.py for tasks to queue
[2021-06-25 09:46:32,997] {logging_mixin.py:104} INFO - [2021-06-25 09:46:32,997] {dagbag.py:487} INFO - Filling up the DagBag from /home/airflow/sandbox/lib/python3.8/site-packages/airflow/example_dags/example_kubernetes_executor.py
[2021-06-25 09:46:33,054] {scheduler_job.py:643} INFO - DAG(s) dict_keys(['example_kubernetes_executor']) retrieved from /home/airflow/sandbox/lib/python3.8/site-packages/airflow/example_dags/example_kubernetes_executor.py
[2021-06-25 09:46:33,144] {logging_mixin.py:104} INFO - [2021-06-25 09:46:33,144] {dag.py:1832} INFO - Sync 1 DAGs
[2021-06-25 09:46:33,186] {logging_mixin.py:104} INFO - [2021-06-25 09:46:33,186] {dag.py:2305} INFO - Setting next_dagrun for example_kubernetes_executor to None
[2021-06-25 09:46:33,211] {scheduler_job.py:190} INFO - Processing /home/airflow/sandbox/lib/python3.8/site-packages/airflow/example_dags/example_kubernetes_executor.py took 0.247 seconds
[2021-06-25 09:47:05,796] {scheduler_job.py:182} INFO - Started process (PID=19946) to work on /home/airflow/sandbox/lib/python3.8/site-packages/airflow/example_dags/example_kubernetes_executor.py
[2021-06-25 09:47:05,808] {scheduler_job.py:633} INFO - Processing file /home/airflow/sandbox/lib/python3.8/site-packages/airflow/example_dags/example_kubernetes_executor.py for tasks to queue
[2021-06-25 09:47:05,815] {logging_mixin.py:104} INFO - [2021-06-25 09:47:05,814] {dagbag.py:487} INFO - Filling up the DagBag from /home/airflow/sandbox/lib/python3.8/site-packages/airflow/example_dags/example_kubernetes_executor.py
[2021-06-25 09:47:06,027] {scheduler_job.py:643} INFO - DAG(s) dict_keys(['example_kubernetes_executor']) retrieved from /home/airflow/sandbox/lib/python3.8/site-packages/airflow/example_dags/example_kubernetes_executor.py
[2021-06-25 09:47:06,201] {logging_mixin.py:104} INFO - [2021-06-25 09:47:06,201] {dag.py:1832} INFO - Sync 1 DAGs
[2021-06-25 09:47:06,283] {logging_mixin.py:104} INFO - [2021-06-25 09:47:06,282] {dag.py:2305} INFO - Setting next_dagrun for example_kubernetes_executor to None
[2021-06-25 09:47:06,359] {scheduler_job.py:190} INFO - Processing /home/airflow/sandbox/lib/python3.8/site-packages/airflow/example_dags/example_kubernetes_executor.py took 0.575 seconds
[2021-06-25 09:47:39,401] {scheduler_job.py:182} INFO - Started process (PID=20206) to work on /home/airflow/sandbox/lib/python3.8/site-packages/airflow/example_dags/example_kubernetes_executor.py
[2021-06-25 09:47:39,420] {scheduler_job.py:633} INFO - Processing file /home/airflow/sandbox/lib/python3.8/site-packages/airflow/example_dags/example_kubernetes_executor.py for tasks to queue
[2021-06-25 09:47:39,421] {logging_mixin.py:104} INFO - [2021-06-25 09:47:39,421] {dagbag.py:487} INFO - Filling up the DagBag from /home/airflow/sandbox/lib/python3.8/site-packages/airflow/example_dags/example_kubernetes_executor.py
[2021-06-25 09:47:39,680] {scheduler_job.py:643} INFO - DAG(s) dict_keys(['example_kubernetes_executor']) retrieved from /home/airflow/sandbox/lib/python3.8/site-packages/airflow/example_dags/example_kubernetes_executor.py
[2021-06-25 09:47:39,845] {logging_mixin.py:104} INFO - [2021-06-25 09:47:39,845] {dag.py:1832} INFO - Sync 1 DAGs
[2021-06-25 09:47:39,936] {logging_mixin.py:104} INFO - [2021-06-25 09:47:39,936] {dag.py:2305} INFO - Setting next_dagrun for example_kubernetes_executor to None
[2021-06-25 09:47:40,012] {scheduler_job.py:190} INFO - Processing /home/airflow/sandbox/lib/python3.8/site-packages/airflow/example_dags/example_kubernetes_executor.py took 0.691 seconds
[2021-06-25 09:48:12,741] {scheduler_job.py:182} INFO - Started process (PID=20540) to work on /home/airflow/sandbox/lib/python3.8/site-packages/airflow/example_dags/example_kubernetes_executor.py
[2021-06-25 09:48:12,744] {scheduler_job.py:633} INFO - Processing file /home/airflow/sandbox/lib/python3.8/site-packages/airflow/example_dags/example_kubernetes_executor.py for tasks to queue
[2021-06-25 09:48:12,749] {logging_mixin.py:104} INFO - [2021-06-25 09:48:12,749] {dagbag.py:487} INFO - Filling up the DagBag from /home/airflow/sandbox/lib/python3.8/site-packages/airflow/example_dags/example_kubernetes_executor.py
[2021-06-25 09:48:12,776] {scheduler_job.py:643} INFO - DAG(s) dict_keys(['example_kubernetes_executor']) retrieved from /home/airflow/sandbox/lib/python3.8/site-packages/airflow/example_dags/example_kubernetes_executor.py
[2021-06-25 09:48:12,845] {logging_mixin.py:104} INFO - [2021-06-25 09:48:12,844] {dag.py:1832} INFO - Sync 1 DAGs
[2021-06-25 09:48:12,892] {logging_mixin.py:104} INFO - [2021-06-25 09:48:12,892] {dag.py:2305} INFO - Setting next_dagrun for example_kubernetes_executor to None
[2021-06-25 09:48:12,946] {scheduler_job.py:190} INFO - Processing /home/airflow/sandbox/lib/python3.8/site-packages/airflow/example_dags/example_kubernetes_executor.py took 0.213 seconds
[2021-06-25 09:48:43,380] {scheduler_job.py:182} INFO - Started process (PID=20735) to work on /home/airflow/sandbox/lib/python3.8/site-packages/airflow/example_dags/example_kubernetes_executor.py
[2021-06-25 09:48:43,395] {scheduler_job.py:633} INFO - Processing file /home/airflow/sandbox/lib/python3.8/site-packages/airflow/example_dags/example_kubernetes_executor.py for tasks to queue
[2021-06-25 09:48:43,397] {logging_mixin.py:104} INFO - [2021-06-25 09:48:43,396] {dagbag.py:487} INFO - Filling up the DagBag from /home/airflow/sandbox/lib/python3.8/site-packages/airflow/example_dags/example_kubernetes_executor.py
[2021-06-25 09:48:43,420] {scheduler_job.py:643} INFO - DAG(s) dict_keys(['example_kubernetes_executor']) retrieved from /home/airflow/sandbox/lib/python3.8/site-packages/airflow/example_dags/example_kubernetes_executor.py
[2021-06-25 09:48:43,568] {logging_mixin.py:104} INFO - [2021-06-25 09:48:43,568] {dag.py:1832} INFO - Sync 1 DAGs
[2021-06-25 09:48:43,629] {logging_mixin.py:104} INFO - [2021-06-25 09:48:43,628] {dag.py:2305} INFO - Setting next_dagrun for example_kubernetes_executor to None
[2021-06-25 09:48:43,666] {scheduler_job.py:190} INFO - Processing /home/airflow/sandbox/lib/python3.8/site-packages/airflow/example_dags/example_kubernetes_executor.py took 0.290 seconds
[2021-06-25 09:49:14,564] {scheduler_job.py:182} INFO - Started process (PID=20936) to work on /home/airflow/sandbox/lib/python3.8/site-packages/airflow/example_dags/example_kubernetes_executor.py
[2021-06-25 09:49:14,565] {scheduler_job.py:633} INFO - Processing file /home/airflow/sandbox/lib/python3.8/site-packages/airflow/example_dags/example_kubernetes_executor.py for tasks to queue
[2021-06-25 09:49:14,566] {logging_mixin.py:104} INFO - [2021-06-25 09:49:14,566] {dagbag.py:487} INFO - Filling up the DagBag from /home/airflow/sandbox/lib/python3.8/site-packages/airflow/example_dags/example_kubernetes_executor.py
[2021-06-25 09:49:14,587] {scheduler_job.py:643} INFO - DAG(s) dict_keys(['example_kubernetes_executor']) retrieved from /home/airflow/sandbox/lib/python3.8/site-packages/airflow/example_dags/example_kubernetes_executor.py
[2021-06-25 09:49:14,632] {logging_mixin.py:104} INFO - [2021-06-25 09:49:14,631] {dag.py:1832} INFO - Sync 1 DAGs
[2021-06-25 09:49:14,667] {logging_mixin.py:104} INFO - [2021-06-25 09:49:14,667] {dag.py:2305} INFO - Setting next_dagrun for example_kubernetes_executor to None
[2021-06-25 09:49:14,689] {scheduler_job.py:190} INFO - Processing /home/airflow/sandbox/lib/python3.8/site-packages/airflow/example_dags/example_kubernetes_executor.py took 0.142 seconds
[2021-06-25 09:49:45,427] {scheduler_job.py:182} INFO - Started process (PID=21135) to work on /home/airflow/sandbox/lib/python3.8/site-packages/airflow/example_dags/example_kubernetes_executor.py
[2021-06-25 09:49:45,438] {scheduler_job.py:633} INFO - Processing file /home/airflow/sandbox/lib/python3.8/site-packages/airflow/example_dags/example_kubernetes_executor.py for tasks to queue
[2021-06-25 09:49:45,449] {logging_mixin.py:104} INFO - [2021-06-25 09:49:45,448] {dagbag.py:487} INFO - Filling up the DagBag from /home/airflow/sandbox/lib/python3.8/site-packages/airflow/example_dags/example_kubernetes_executor.py
[2021-06-25 09:49:45,496] {scheduler_job.py:643} INFO - DAG(s) dict_keys(['example_kubernetes_executor']) retrieved from /home/airflow/sandbox/lib/python3.8/site-packages/airflow/example_dags/example_kubernetes_executor.py
[2021-06-25 09:49:45,572] {logging_mixin.py:104} INFO - [2021-06-25 09:49:45,572] {dag.py:1832} INFO - Sync 1 DAGs
[2021-06-25 09:49:45,614] {logging_mixin.py:104} INFO - [2021-06-25 09:49:45,614] {dag.py:2305} INFO - Setting next_dagrun for example_kubernetes_executor to None
[2021-06-25 09:49:45,657] {scheduler_job.py:190} INFO - Processing /home/airflow/sandbox/lib/python3.8/site-packages/airflow/example_dags/example_kubernetes_executor.py took 0.239 seconds
[2021-06-25 09:50:15,930] {scheduler_job.py:182} INFO - Started process (PID=21339) to work on /home/airflow/sandbox/lib/python3.8/site-packages/airflow/example_dags/example_kubernetes_executor.py
[2021-06-25 09:50:15,932] {scheduler_job.py:633} INFO - Processing file /home/airflow/sandbox/lib/python3.8/site-packages/airflow/example_dags/example_kubernetes_executor.py for tasks to queue
[2021-06-25 09:50:15,932] {logging_mixin.py:104} INFO - [2021-06-25 09:50:15,932] {dagbag.py:487} INFO - Filling up the DagBag from /home/airflow/sandbox/lib/python3.8/site-packages/airflow/example_dags/example_kubernetes_executor.py
[2021-06-25 09:50:15,958] {scheduler_job.py:643} INFO - DAG(s) dict_keys(['example_kubernetes_executor']) retrieved from /home/airflow/sandbox/lib/python3.8/site-packages/airflow/example_dags/example_kubernetes_executor.py
[2021-06-25 09:50:16,028] {logging_mixin.py:104} INFO - [2021-06-25 09:50:16,028] {dag.py:1832} INFO - Sync 1 DAGs
[2021-06-25 09:50:16,051] {logging_mixin.py:104} INFO - [2021-06-25 09:50:16,050] {dag.py:2305} INFO - Setting next_dagrun for example_kubernetes_executor to None
[2021-06-25 09:50:16,074] {scheduler_job.py:190} INFO - Processing /home/airflow/sandbox/lib/python3.8/site-packages/airflow/example_dags/example_kubernetes_executor.py took 0.158 seconds
[2021-06-25 09:50:46,656] {scheduler_job.py:182} INFO - Started process (PID=21540) to work on /home/airflow/sandbox/lib/python3.8/site-packages/airflow/example_dags/example_kubernetes_executor.py
[2021-06-25 09:50:46,661] {scheduler_job.py:633} INFO - Processing file /home/airflow/sandbox/lib/python3.8/site-packages/airflow/example_dags/example_kubernetes_executor.py for tasks to queue
[2021-06-25 09:50:46,666] {logging_mixin.py:104} INFO - [2021-06-25 09:50:46,666] {dagbag.py:487} INFO - Filling up the DagBag from /home/airflow/sandbox/lib/python3.8/site-packages/airflow/example_dags/example_kubernetes_executor.py
[2021-06-25 09:50:46,695] {scheduler_job.py:643} INFO - DAG(s) dict_keys(['example_kubernetes_executor']) retrieved from /home/airflow/sandbox/lib/python3.8/site-packages/airflow/example_dags/example_kubernetes_executor.py
[2021-06-25 09:50:46,742] {logging_mixin.py:104} INFO - [2021-06-25 09:50:46,742] {dag.py:1832} INFO - Sync 1 DAGs
[2021-06-25 09:50:46,783] {logging_mixin.py:104} INFO - [2021-06-25 09:50:46,783] {dag.py:2305} INFO - Setting next_dagrun for example_kubernetes_executor to None
[2021-06-25 09:50:46,824] {scheduler_job.py:190} INFO - Processing /home/airflow/sandbox/lib/python3.8/site-packages/airflow/example_dags/example_kubernetes_executor.py took 0.173 seconds
[2021-06-25 09:51:17,741] {scheduler_job.py:182} INFO - Started process (PID=21740) to work on /home/airflow/sandbox/lib/python3.8/site-packages/airflow/example_dags/example_kubernetes_executor.py
[2021-06-25 09:51:17,743] {scheduler_job.py:633} INFO - Processing file /home/airflow/sandbox/lib/python3.8/site-packages/airflow/example_dags/example_kubernetes_executor.py for tasks to queue
[2021-06-25 09:51:17,745] {logging_mixin.py:104} INFO - [2021-06-25 09:51:17,743] {dagbag.py:487} INFO - Filling up the DagBag from /home/airflow/sandbox/lib/python3.8/site-packages/airflow/example_dags/example_kubernetes_executor.py
[2021-06-25 09:51:17,770] {scheduler_job.py:643} INFO - DAG(s) dict_keys(['example_kubernetes_executor']) retrieved from /home/airflow/sandbox/lib/python3.8/site-packages/airflow/example_dags/example_kubernetes_executor.py
[2021-06-25 09:51:17,808] {logging_mixin.py:104} INFO - [2021-06-25 09:51:17,808] {dag.py:1832} INFO - Sync 1 DAGs
[2021-06-25 09:51:17,827] {logging_mixin.py:104} INFO - [2021-06-25 09:51:17,827] {dag.py:2305} INFO - Setting next_dagrun for example_kubernetes_executor to None
[2021-06-25 09:51:17,845] {scheduler_job.py:190} INFO - Processing /home/airflow/sandbox/lib/python3.8/site-packages/airflow/example_dags/example_kubernetes_executor.py took 0.117 seconds
[2021-06-25 09:51:48,496] {scheduler_job.py:182} INFO - Started process (PID=21938) to work on /home/airflow/sandbox/lib/python3.8/site-packages/airflow/example_dags/example_kubernetes_executor.py
[2021-06-25 09:51:48,500] {scheduler_job.py:633} INFO - Processing file /home/airflow/sandbox/lib/python3.8/site-packages/airflow/example_dags/example_kubernetes_executor.py for tasks to queue
[2021-06-25 09:51:48,501] {logging_mixin.py:104} INFO - [2021-06-25 09:51:48,501] {dagbag.py:487} INFO - Filling up the DagBag from /home/airflow/sandbox/lib/python3.8/site-packages/airflow/example_dags/example_kubernetes_executor.py
[2021-06-25 09:51:48,531] {scheduler_job.py:643} INFO - DAG(s) dict_keys(['example_kubernetes_executor']) retrieved from /home/airflow/sandbox/lib/python3.8/site-packages/airflow/example_dags/example_kubernetes_executor.py
[2021-06-25 09:51:48,600] {logging_mixin.py:104} INFO - [2021-06-25 09:51:48,600] {dag.py:1832} INFO - Sync 1 DAGs
[2021-06-25 09:51:48,678] {logging_mixin.py:104} INFO - [2021-06-25 09:51:48,678] {dag.py:2305} INFO - Setting next_dagrun for example_kubernetes_executor to None
[2021-06-25 09:51:48,729] {scheduler_job.py:190} INFO - Processing /home/airflow/sandbox/lib/python3.8/site-packages/airflow/example_dags/example_kubernetes_executor.py took 0.248 seconds
[2021-06-25 09:52:18,777] {scheduler_job.py:182} INFO - Started process (PID=22138) to work on /home/airflow/sandbox/lib/python3.8/site-packages/airflow/example_dags/example_kubernetes_executor.py
[2021-06-25 09:52:18,783] {scheduler_job.py:633} INFO - Processing file /home/airflow/sandbox/lib/python3.8/site-packages/airflow/example_dags/example_kubernetes_executor.py for tasks to queue
[2021-06-25 09:52:18,784] {logging_mixin.py:104} INFO - [2021-06-25 09:52:18,784] {dagbag.py:487} INFO - Filling up the DagBag from /home/airflow/sandbox/lib/python3.8/site-packages/airflow/example_dags/example_kubernetes_executor.py
[2021-06-25 09:52:18,814] {scheduler_job.py:643} INFO - DAG(s) dict_keys(['example_kubernetes_executor']) retrieved from /home/airflow/sandbox/lib/python3.8/site-packages/airflow/example_dags/example_kubernetes_executor.py
[2021-06-25 09:52:18,856] {logging_mixin.py:104} INFO - [2021-06-25 09:52:18,856] {dag.py:1832} INFO - Sync 1 DAGs
[2021-06-25 09:52:18,886] {logging_mixin.py:104} INFO - [2021-06-25 09:52:18,886] {dag.py:2305} INFO - Setting next_dagrun for example_kubernetes_executor to None
[2021-06-25 09:52:18,901] {scheduler_job.py:190} INFO - Processing /home/airflow/sandbox/lib/python3.8/site-packages/airflow/example_dags/example_kubernetes_executor.py took 0.129 seconds
[2021-06-25 09:52:49,127] {scheduler_job.py:182} INFO - Started process (PID=22338) to work on /home/airflow/sandbox/lib/python3.8/site-packages/airflow/example_dags/example_kubernetes_executor.py
[2021-06-25 09:52:49,129] {scheduler_job.py:633} INFO - Processing file /home/airflow/sandbox/lib/python3.8/site-packages/airflow/example_dags/example_kubernetes_executor.py for tasks to queue
[2021-06-25 09:52:49,130] {logging_mixin.py:104} INFO - [2021-06-25 09:52:49,130] {dagbag.py:487} INFO - Filling up the DagBag from /home/airflow/sandbox/lib/python3.8/site-packages/airflow/example_dags/example_kubernetes_executor.py
[2021-06-25 09:52:49,160] {scheduler_job.py:643} INFO - DAG(s) dict_keys(['example_kubernetes_executor']) retrieved from /home/airflow/sandbox/lib/python3.8/site-packages/airflow/example_dags/example_kubernetes_executor.py
[2021-06-25 09:52:49,213] {logging_mixin.py:104} INFO - [2021-06-25 09:52:49,213] {dag.py:1832} INFO - Sync 1 DAGs
[2021-06-25 09:52:49,249] {logging_mixin.py:104} INFO - [2021-06-25 09:52:49,249] {dag.py:2305} INFO - Setting next_dagrun for example_kubernetes_executor to None
[2021-06-25 09:52:49,294] {scheduler_job.py:190} INFO - Processing /home/airflow/sandbox/lib/python3.8/site-packages/airflow/example_dags/example_kubernetes_executor.py took 0.170 seconds
[2021-06-25 09:53:19,719] {scheduler_job.py:182} INFO - Started process (PID=22536) to work on /home/airflow/sandbox/lib/python3.8/site-packages/airflow/example_dags/example_kubernetes_executor.py
[2021-06-25 09:53:19,726] {scheduler_job.py:633} INFO - Processing file /home/airflow/sandbox/lib/python3.8/site-packages/airflow/example_dags/example_kubernetes_executor.py for tasks to queue
[2021-06-25 09:53:19,726] {logging_mixin.py:104} INFO - [2021-06-25 09:53:19,726] {dagbag.py:487} INFO - Filling up the DagBag from /home/airflow/sandbox/lib/python3.8/site-packages/airflow/example_dags/example_kubernetes_executor.py
[2021-06-25 09:53:19,770] {scheduler_job.py:643} INFO - DAG(s) dict_keys(['example_kubernetes_executor']) retrieved from /home/airflow/sandbox/lib/python3.8/site-packages/airflow/example_dags/example_kubernetes_executor.py
[2021-06-25 09:53:19,849] {logging_mixin.py:104} INFO - [2021-06-25 09:53:19,849] {dag.py:1832} INFO - Sync 1 DAGs
[2021-06-25 09:53:19,879] {logging_mixin.py:104} INFO - [2021-06-25 09:53:19,879] {dag.py:2305} INFO - Setting next_dagrun for example_kubernetes_executor to None
[2021-06-25 09:53:19,901] {scheduler_job.py:190} INFO - Processing /home/airflow/sandbox/lib/python3.8/site-packages/airflow/example_dags/example_kubernetes_executor.py took 0.195 seconds
[2021-06-25 09:53:51,084] {scheduler_job.py:182} INFO - Started process (PID=22737) to work on /home/airflow/sandbox/lib/python3.8/site-packages/airflow/example_dags/example_kubernetes_executor.py
[2021-06-25 09:53:51,086] {scheduler_job.py:633} INFO - Processing file /home/airflow/sandbox/lib/python3.8/site-packages/airflow/example_dags/example_kubernetes_executor.py for tasks to queue
[2021-06-25 09:53:51,089] {logging_mixin.py:104} INFO - [2021-06-25 09:53:51,088] {dagbag.py:487} INFO - Filling up the DagBag from /home/airflow/sandbox/lib/python3.8/site-packages/airflow/example_dags/example_kubernetes_executor.py
[2021-06-25 09:53:51,108] {scheduler_job.py:643} INFO - DAG(s) dict_keys(['example_kubernetes_executor']) retrieved from /home/airflow/sandbox/lib/python3.8/site-packages/airflow/example_dags/example_kubernetes_executor.py
[2021-06-25 09:53:51,154] {logging_mixin.py:104} INFO - [2021-06-25 09:53:51,154] {dag.py:1832} INFO - Sync 1 DAGs
[2021-06-25 09:53:51,178] {logging_mixin.py:104} INFO - [2021-06-25 09:53:51,178] {dag.py:2305} INFO - Setting next_dagrun for example_kubernetes_executor to None
[2021-06-25 09:53:51,209] {scheduler_job.py:190} INFO - Processing /home/airflow/sandbox/lib/python3.8/site-packages/airflow/example_dags/example_kubernetes_executor.py took 0.131 seconds
[2021-06-25 09:54:22,816] {scheduler_job.py:182} INFO - Started process (PID=22938) to work on /home/airflow/sandbox/lib/python3.8/site-packages/airflow/example_dags/example_kubernetes_executor.py
[2021-06-25 09:54:22,829] {scheduler_job.py:633} INFO - Processing file /home/airflow/sandbox/lib/python3.8/site-packages/airflow/example_dags/example_kubernetes_executor.py for tasks to queue
[2021-06-25 09:54:22,830] {logging_mixin.py:104} INFO - [2021-06-25 09:54:22,830] {dagbag.py:487} INFO - Filling up the DagBag from /home/airflow/sandbox/lib/python3.8/site-packages/airflow/example_dags/example_kubernetes_executor.py
[2021-06-25 09:54:22,894] {scheduler_job.py:643} INFO - DAG(s) dict_keys(['example_kubernetes_executor']) retrieved from /home/airflow/sandbox/lib/python3.8/site-packages/airflow/example_dags/example_kubernetes_executor.py
[2021-06-25 09:54:22,977] {logging_mixin.py:104} INFO - [2021-06-25 09:54:22,976] {dag.py:1832} INFO - Sync 1 DAGs
[2021-06-25 09:54:23,010] {logging_mixin.py:104} INFO - [2021-06-25 09:54:23,010] {dag.py:2305} INFO - Setting next_dagrun for example_kubernetes_executor to None
[2021-06-25 09:54:23,042] {scheduler_job.py:190} INFO - Processing /home/airflow/sandbox/lib/python3.8/site-packages/airflow/example_dags/example_kubernetes_executor.py took 0.243 seconds
