[2021-06-25 08:55:32,872] {scheduler_job.py:182} INFO - Started process (PID=2199) to work on /home/airflow/sandbox/lib/python3.8/site-packages/airflow/example_dags/example_skip_dag.py
[2021-06-25 08:55:32,924] {scheduler_job.py:633} INFO - Processing file /home/airflow/sandbox/lib/python3.8/site-packages/airflow/example_dags/example_skip_dag.py for tasks to queue
[2021-06-25 08:55:32,946] {logging_mixin.py:104} INFO - [2021-06-25 08:55:32,945] {dagbag.py:487} INFO - Filling up the DagBag from /home/airflow/sandbox/lib/python3.8/site-packages/airflow/example_dags/example_skip_dag.py
[2021-06-25 08:55:33,156] {scheduler_job.py:643} INFO - DAG(s) dict_keys(['example_skip_dag']) retrieved from /home/airflow/sandbox/lib/python3.8/site-packages/airflow/example_dags/example_skip_dag.py
[2021-06-25 08:55:35,840] {logging_mixin.py:104} INFO - [2021-06-25 08:55:35,840] {dag.py:1832} INFO - Sync 1 DAGs
[2021-06-25 08:55:35,872] {logging_mixin.py:104} INFO - [2021-06-25 08:55:35,872] {dag.py:2305} INFO - Setting next_dagrun for example_skip_dag to 2021-06-23 00:00:00+00:00
[2021-06-25 08:55:35,924] {scheduler_job.py:190} INFO - Processing /home/airflow/sandbox/lib/python3.8/site-packages/airflow/example_dags/example_skip_dag.py took 3.141 seconds
[2021-06-25 09:15:21,361] {scheduler_job.py:182} INFO - Started process (PID=3666) to work on /home/airflow/sandbox/lib/python3.8/site-packages/airflow/example_dags/example_skip_dag.py
[2021-06-25 09:15:21,369] {scheduler_job.py:633} INFO - Processing file /home/airflow/sandbox/lib/python3.8/site-packages/airflow/example_dags/example_skip_dag.py for tasks to queue
[2021-06-25 09:15:21,373] {logging_mixin.py:104} INFO - [2021-06-25 09:15:21,372] {dagbag.py:487} INFO - Filling up the DagBag from /home/airflow/sandbox/lib/python3.8/site-packages/airflow/example_dags/example_skip_dag.py
[2021-06-25 09:15:21,428] {scheduler_job.py:643} INFO - DAG(s) dict_keys(['example_skip_dag']) retrieved from /home/airflow/sandbox/lib/python3.8/site-packages/airflow/example_dags/example_skip_dag.py
[2021-06-25 09:15:21,550] {logging_mixin.py:104} INFO - [2021-06-25 09:15:21,550] {dag.py:1832} INFO - Sync 1 DAGs
[2021-06-25 09:15:21,580] {logging_mixin.py:104} INFO - [2021-06-25 09:15:21,580] {dag.py:2305} INFO - Setting next_dagrun for example_skip_dag to 2021-06-23 00:00:00+00:00
[2021-06-25 09:15:21,611] {scheduler_job.py:190} INFO - Processing /home/airflow/sandbox/lib/python3.8/site-packages/airflow/example_dags/example_skip_dag.py took 0.259 seconds
[2021-06-25 09:16:03,165] {scheduler_job.py:182} INFO - Started process (PID=3749) to work on /home/airflow/sandbox/lib/python3.8/site-packages/airflow/example_dags/example_skip_dag.py
[2021-06-25 09:16:03,184] {scheduler_job.py:633} INFO - Processing file /home/airflow/sandbox/lib/python3.8/site-packages/airflow/example_dags/example_skip_dag.py for tasks to queue
[2021-06-25 09:16:03,185] {logging_mixin.py:104} INFO - [2021-06-25 09:16:03,185] {dagbag.py:487} INFO - Filling up the DagBag from /home/airflow/sandbox/lib/python3.8/site-packages/airflow/example_dags/example_skip_dag.py
[2021-06-25 09:16:03,320] {scheduler_job.py:643} INFO - DAG(s) dict_keys(['example_skip_dag']) retrieved from /home/airflow/sandbox/lib/python3.8/site-packages/airflow/example_dags/example_skip_dag.py
[2021-06-25 09:16:03,512] {logging_mixin.py:104} INFO - [2021-06-25 09:16:03,512] {dag.py:1832} INFO - Sync 1 DAGs
[2021-06-25 09:16:03,715] {logging_mixin.py:104} INFO - [2021-06-25 09:16:03,715] {dag.py:2305} INFO - Setting next_dagrun for example_skip_dag to 2021-06-23 00:00:00+00:00
[2021-06-25 09:16:03,761] {scheduler_job.py:190} INFO - Processing /home/airflow/sandbox/lib/python3.8/site-packages/airflow/example_dags/example_skip_dag.py took 0.648 seconds
[2021-06-25 09:17:19,987] {scheduler_job.py:182} INFO - Started process (PID=4807) to work on /home/airflow/sandbox/lib/python3.8/site-packages/airflow/example_dags/example_skip_dag.py
[2021-06-25 09:17:19,992] {scheduler_job.py:633} INFO - Processing file /home/airflow/sandbox/lib/python3.8/site-packages/airflow/example_dags/example_skip_dag.py for tasks to queue
[2021-06-25 09:17:20,006] {logging_mixin.py:104} INFO - [2021-06-25 09:17:20,004] {dagbag.py:487} INFO - Filling up the DagBag from /home/airflow/sandbox/lib/python3.8/site-packages/airflow/example_dags/example_skip_dag.py
[2021-06-25 09:17:20,188] {scheduler_job.py:643} INFO - DAG(s) dict_keys(['example_skip_dag']) retrieved from /home/airflow/sandbox/lib/python3.8/site-packages/airflow/example_dags/example_skip_dag.py
[2021-06-25 09:17:20,448] {logging_mixin.py:104} INFO - [2021-06-25 09:17:20,448] {dag.py:1832} INFO - Sync 1 DAGs
[2021-06-25 09:17:20,535] {logging_mixin.py:104} INFO - [2021-06-25 09:17:20,528] {dag.py:2305} INFO - Setting next_dagrun for example_skip_dag to 2021-06-23 00:00:00+00:00
[2021-06-25 09:17:20,571] {scheduler_job.py:190} INFO - Processing /home/airflow/sandbox/lib/python3.8/site-packages/airflow/example_dags/example_skip_dag.py took 0.615 seconds
[2021-06-25 09:18:00,876] {scheduler_job.py:182} INFO - Started process (PID=5995) to work on /home/airflow/sandbox/lib/python3.8/site-packages/airflow/example_dags/example_skip_dag.py
[2021-06-25 09:18:00,896] {scheduler_job.py:633} INFO - Processing file /home/airflow/sandbox/lib/python3.8/site-packages/airflow/example_dags/example_skip_dag.py for tasks to queue
[2021-06-25 09:18:00,907] {logging_mixin.py:104} INFO - [2021-06-25 09:18:00,907] {dagbag.py:487} INFO - Filling up the DagBag from /home/airflow/sandbox/lib/python3.8/site-packages/airflow/example_dags/example_skip_dag.py
[2021-06-25 09:18:01,070] {scheduler_job.py:643} INFO - DAG(s) dict_keys(['example_skip_dag']) retrieved from /home/airflow/sandbox/lib/python3.8/site-packages/airflow/example_dags/example_skip_dag.py
[2021-06-25 09:18:01,292] {logging_mixin.py:104} INFO - [2021-06-25 09:18:01,292] {dag.py:1832} INFO - Sync 1 DAGs
[2021-06-25 09:18:01,499] {logging_mixin.py:104} INFO - [2021-06-25 09:18:01,498] {dag.py:2305} INFO - Setting next_dagrun for example_skip_dag to 2021-06-23 00:00:00+00:00
[2021-06-25 09:18:01,642] {scheduler_job.py:190} INFO - Processing /home/airflow/sandbox/lib/python3.8/site-packages/airflow/example_dags/example_skip_dag.py took 0.801 seconds
[2021-06-25 09:18:40,429] {scheduler_job.py:182} INFO - Started process (PID=7026) to work on /home/airflow/sandbox/lib/python3.8/site-packages/airflow/example_dags/example_skip_dag.py
[2021-06-25 09:18:40,431] {scheduler_job.py:633} INFO - Processing file /home/airflow/sandbox/lib/python3.8/site-packages/airflow/example_dags/example_skip_dag.py for tasks to queue
[2021-06-25 09:18:40,433] {logging_mixin.py:104} INFO - [2021-06-25 09:18:40,432] {dagbag.py:487} INFO - Filling up the DagBag from /home/airflow/sandbox/lib/python3.8/site-packages/airflow/example_dags/example_skip_dag.py
[2021-06-25 09:18:40,464] {scheduler_job.py:643} INFO - DAG(s) dict_keys(['example_skip_dag']) retrieved from /home/airflow/sandbox/lib/python3.8/site-packages/airflow/example_dags/example_skip_dag.py
[2021-06-25 09:18:40,595] {logging_mixin.py:104} INFO - [2021-06-25 09:18:40,595] {dag.py:1832} INFO - Sync 1 DAGs
[2021-06-25 09:18:40,800] {logging_mixin.py:104} INFO - [2021-06-25 09:18:40,800] {dag.py:2305} INFO - Setting next_dagrun for example_skip_dag to 2021-06-23 00:00:00+00:00
[2021-06-25 09:18:40,924] {scheduler_job.py:190} INFO - Processing /home/airflow/sandbox/lib/python3.8/site-packages/airflow/example_dags/example_skip_dag.py took 0.507 seconds
[2021-06-25 09:19:35,746] {scheduler_job.py:182} INFO - Started process (PID=8500) to work on /home/airflow/sandbox/lib/python3.8/site-packages/airflow/example_dags/example_skip_dag.py
[2021-06-25 09:19:35,784] {scheduler_job.py:633} INFO - Processing file /home/airflow/sandbox/lib/python3.8/site-packages/airflow/example_dags/example_skip_dag.py for tasks to queue
[2021-06-25 09:19:35,788] {logging_mixin.py:104} INFO - [2021-06-25 09:19:35,788] {dagbag.py:487} INFO - Filling up the DagBag from /home/airflow/sandbox/lib/python3.8/site-packages/airflow/example_dags/example_skip_dag.py
[2021-06-25 09:19:36,029] {scheduler_job.py:643} INFO - DAG(s) dict_keys(['example_skip_dag']) retrieved from /home/airflow/sandbox/lib/python3.8/site-packages/airflow/example_dags/example_skip_dag.py
[2021-06-25 09:19:36,851] {logging_mixin.py:104} INFO - [2021-06-25 09:19:36,850] {dag.py:1832} INFO - Sync 1 DAGs
[2021-06-25 09:19:37,273] {logging_mixin.py:104} INFO - [2021-06-25 09:19:37,272] {dag.py:2305} INFO - Setting next_dagrun for example_skip_dag to 2021-06-23 00:00:00+00:00
[2021-06-25 09:19:37,497] {scheduler_job.py:190} INFO - Processing /home/airflow/sandbox/lib/python3.8/site-packages/airflow/example_dags/example_skip_dag.py took 1.837 seconds
[2021-06-25 09:20:16,578] {scheduler_job.py:182} INFO - Started process (PID=9727) to work on /home/airflow/sandbox/lib/python3.8/site-packages/airflow/example_dags/example_skip_dag.py
[2021-06-25 09:20:16,584] {scheduler_job.py:633} INFO - Processing file /home/airflow/sandbox/lib/python3.8/site-packages/airflow/example_dags/example_skip_dag.py for tasks to queue
[2021-06-25 09:20:16,587] {logging_mixin.py:104} INFO - [2021-06-25 09:20:16,585] {dagbag.py:487} INFO - Filling up the DagBag from /home/airflow/sandbox/lib/python3.8/site-packages/airflow/example_dags/example_skip_dag.py
[2021-06-25 09:20:16,664] {scheduler_job.py:643} INFO - DAG(s) dict_keys(['example_skip_dag']) retrieved from /home/airflow/sandbox/lib/python3.8/site-packages/airflow/example_dags/example_skip_dag.py
[2021-06-25 09:20:16,797] {logging_mixin.py:104} INFO - [2021-06-25 09:20:16,796] {dag.py:1832} INFO - Sync 1 DAGs
[2021-06-25 09:20:16,875] {logging_mixin.py:104} INFO - [2021-06-25 09:20:16,875] {dag.py:2305} INFO - Setting next_dagrun for example_skip_dag to 2021-06-23 00:00:00+00:00
[2021-06-25 09:20:16,932] {scheduler_job.py:190} INFO - Processing /home/airflow/sandbox/lib/python3.8/site-packages/airflow/example_dags/example_skip_dag.py took 0.397 seconds
[2021-06-25 09:20:46,969] {scheduler_job.py:182} INFO - Started process (PID=9932) to work on /home/airflow/sandbox/lib/python3.8/site-packages/airflow/example_dags/example_skip_dag.py
[2021-06-25 09:20:46,972] {scheduler_job.py:633} INFO - Processing file /home/airflow/sandbox/lib/python3.8/site-packages/airflow/example_dags/example_skip_dag.py for tasks to queue
[2021-06-25 09:20:46,975] {logging_mixin.py:104} INFO - [2021-06-25 09:20:46,975] {dagbag.py:487} INFO - Filling up the DagBag from /home/airflow/sandbox/lib/python3.8/site-packages/airflow/example_dags/example_skip_dag.py
[2021-06-25 09:20:46,992] {scheduler_job.py:643} INFO - DAG(s) dict_keys(['example_skip_dag']) retrieved from /home/airflow/sandbox/lib/python3.8/site-packages/airflow/example_dags/example_skip_dag.py
[2021-06-25 09:20:47,030] {logging_mixin.py:104} INFO - [2021-06-25 09:20:47,030] {dag.py:1832} INFO - Sync 1 DAGs
[2021-06-25 09:20:47,058] {logging_mixin.py:104} INFO - [2021-06-25 09:20:47,058] {dag.py:2305} INFO - Setting next_dagrun for example_skip_dag to 2021-06-23 00:00:00+00:00
[2021-06-25 09:20:47,070] {scheduler_job.py:190} INFO - Processing /home/airflow/sandbox/lib/python3.8/site-packages/airflow/example_dags/example_skip_dag.py took 0.106 seconds
[2021-06-25 09:21:17,389] {scheduler_job.py:182} INFO - Started process (PID=10001) to work on /home/airflow/sandbox/lib/python3.8/site-packages/airflow/example_dags/example_skip_dag.py
[2021-06-25 09:21:17,390] {scheduler_job.py:633} INFO - Processing file /home/airflow/sandbox/lib/python3.8/site-packages/airflow/example_dags/example_skip_dag.py for tasks to queue
[2021-06-25 09:21:17,391] {logging_mixin.py:104} INFO - [2021-06-25 09:21:17,391] {dagbag.py:487} INFO - Filling up the DagBag from /home/airflow/sandbox/lib/python3.8/site-packages/airflow/example_dags/example_skip_dag.py
[2021-06-25 09:21:17,418] {scheduler_job.py:643} INFO - DAG(s) dict_keys(['example_skip_dag']) retrieved from /home/airflow/sandbox/lib/python3.8/site-packages/airflow/example_dags/example_skip_dag.py
[2021-06-25 09:21:17,468] {logging_mixin.py:104} INFO - [2021-06-25 09:21:17,468] {dag.py:1832} INFO - Sync 1 DAGs
[2021-06-25 09:21:17,498] {logging_mixin.py:104} INFO - [2021-06-25 09:21:17,497] {dag.py:2305} INFO - Setting next_dagrun for example_skip_dag to 2021-06-23 00:00:00+00:00
[2021-06-25 09:21:17,517] {scheduler_job.py:190} INFO - Processing /home/airflow/sandbox/lib/python3.8/site-packages/airflow/example_dags/example_skip_dag.py took 0.132 seconds
[2021-06-25 09:21:47,832] {scheduler_job.py:182} INFO - Started process (PID=10069) to work on /home/airflow/sandbox/lib/python3.8/site-packages/airflow/example_dags/example_skip_dag.py
[2021-06-25 09:21:47,833] {scheduler_job.py:633} INFO - Processing file /home/airflow/sandbox/lib/python3.8/site-packages/airflow/example_dags/example_skip_dag.py for tasks to queue
[2021-06-25 09:21:47,834] {logging_mixin.py:104} INFO - [2021-06-25 09:21:47,834] {dagbag.py:487} INFO - Filling up the DagBag from /home/airflow/sandbox/lib/python3.8/site-packages/airflow/example_dags/example_skip_dag.py
[2021-06-25 09:21:47,851] {scheduler_job.py:643} INFO - DAG(s) dict_keys(['example_skip_dag']) retrieved from /home/airflow/sandbox/lib/python3.8/site-packages/airflow/example_dags/example_skip_dag.py
[2021-06-25 09:21:47,893] {logging_mixin.py:104} INFO - [2021-06-25 09:21:47,893] {dag.py:1832} INFO - Sync 1 DAGs
[2021-06-25 09:21:47,922] {logging_mixin.py:104} INFO - [2021-06-25 09:21:47,922] {dag.py:2305} INFO - Setting next_dagrun for example_skip_dag to 2021-06-23 00:00:00+00:00
[2021-06-25 09:21:47,940] {scheduler_job.py:190} INFO - Processing /home/airflow/sandbox/lib/python3.8/site-packages/airflow/example_dags/example_skip_dag.py took 0.113 seconds
[2021-06-25 09:22:17,977] {scheduler_job.py:182} INFO - Started process (PID=10142) to work on /home/airflow/sandbox/lib/python3.8/site-packages/airflow/example_dags/example_skip_dag.py
[2021-06-25 09:22:17,981] {scheduler_job.py:633} INFO - Processing file /home/airflow/sandbox/lib/python3.8/site-packages/airflow/example_dags/example_skip_dag.py for tasks to queue
[2021-06-25 09:22:17,984] {logging_mixin.py:104} INFO - [2021-06-25 09:22:17,984] {dagbag.py:487} INFO - Filling up the DagBag from /home/airflow/sandbox/lib/python3.8/site-packages/airflow/example_dags/example_skip_dag.py
[2021-06-25 09:22:18,001] {scheduler_job.py:643} INFO - DAG(s) dict_keys(['example_skip_dag']) retrieved from /home/airflow/sandbox/lib/python3.8/site-packages/airflow/example_dags/example_skip_dag.py
[2021-06-25 09:22:18,034] {logging_mixin.py:104} INFO - [2021-06-25 09:22:18,034] {dag.py:1832} INFO - Sync 1 DAGs
[2021-06-25 09:22:18,054] {logging_mixin.py:104} INFO - [2021-06-25 09:22:18,054] {dag.py:2305} INFO - Setting next_dagrun for example_skip_dag to 2021-06-23 00:00:00+00:00
[2021-06-25 09:22:18,068] {scheduler_job.py:190} INFO - Processing /home/airflow/sandbox/lib/python3.8/site-packages/airflow/example_dags/example_skip_dag.py took 0.094 seconds
[2021-06-25 09:22:48,610] {scheduler_job.py:182} INFO - Started process (PID=10211) to work on /home/airflow/sandbox/lib/python3.8/site-packages/airflow/example_dags/example_skip_dag.py
[2021-06-25 09:22:48,619] {scheduler_job.py:633} INFO - Processing file /home/airflow/sandbox/lib/python3.8/site-packages/airflow/example_dags/example_skip_dag.py for tasks to queue
[2021-06-25 09:22:48,622] {logging_mixin.py:104} INFO - [2021-06-25 09:22:48,622] {dagbag.py:487} INFO - Filling up the DagBag from /home/airflow/sandbox/lib/python3.8/site-packages/airflow/example_dags/example_skip_dag.py
[2021-06-25 09:22:48,652] {scheduler_job.py:643} INFO - DAG(s) dict_keys(['example_skip_dag']) retrieved from /home/airflow/sandbox/lib/python3.8/site-packages/airflow/example_dags/example_skip_dag.py
[2021-06-25 09:22:48,732] {logging_mixin.py:104} INFO - [2021-06-25 09:22:48,731] {dag.py:1832} INFO - Sync 1 DAGs
[2021-06-25 09:22:48,760] {logging_mixin.py:104} INFO - [2021-06-25 09:22:48,760] {dag.py:2305} INFO - Setting next_dagrun for example_skip_dag to 2021-06-23 00:00:00+00:00
[2021-06-25 09:22:48,777] {scheduler_job.py:190} INFO - Processing /home/airflow/sandbox/lib/python3.8/site-packages/airflow/example_dags/example_skip_dag.py took 0.171 seconds
[2021-06-25 09:24:06,939] {scheduler_job.py:182} INFO - Started process (PID=10510) to work on /home/airflow/sandbox/lib/python3.8/site-packages/airflow/example_dags/example_skip_dag.py
[2021-06-25 09:24:06,965] {scheduler_job.py:633} INFO - Processing file /home/airflow/sandbox/lib/python3.8/site-packages/airflow/example_dags/example_skip_dag.py for tasks to queue
[2021-06-25 09:24:06,968] {logging_mixin.py:104} INFO - [2021-06-25 09:24:06,968] {dagbag.py:487} INFO - Filling up the DagBag from /home/airflow/sandbox/lib/python3.8/site-packages/airflow/example_dags/example_skip_dag.py
[2021-06-25 09:24:07,029] {scheduler_job.py:643} INFO - DAG(s) dict_keys(['example_skip_dag']) retrieved from /home/airflow/sandbox/lib/python3.8/site-packages/airflow/example_dags/example_skip_dag.py
[2021-06-25 09:24:07,116] {logging_mixin.py:104} INFO - [2021-06-25 09:24:07,115] {dag.py:1832} INFO - Sync 1 DAGs
[2021-06-25 09:24:07,156] {logging_mixin.py:104} INFO - [2021-06-25 09:24:07,156] {dag.py:2305} INFO - Setting next_dagrun for example_skip_dag to 2021-06-23 00:00:00+00:00
[2021-06-25 09:24:07,191] {scheduler_job.py:190} INFO - Processing /home/airflow/sandbox/lib/python3.8/site-packages/airflow/example_dags/example_skip_dag.py took 0.257 seconds
[2021-06-25 09:24:37,810] {scheduler_job.py:182} INFO - Started process (PID=10713) to work on /home/airflow/sandbox/lib/python3.8/site-packages/airflow/example_dags/example_skip_dag.py
[2021-06-25 09:24:37,812] {scheduler_job.py:633} INFO - Processing file /home/airflow/sandbox/lib/python3.8/site-packages/airflow/example_dags/example_skip_dag.py for tasks to queue
[2021-06-25 09:24:37,813] {logging_mixin.py:104} INFO - [2021-06-25 09:24:37,813] {dagbag.py:487} INFO - Filling up the DagBag from /home/airflow/sandbox/lib/python3.8/site-packages/airflow/example_dags/example_skip_dag.py
[2021-06-25 09:24:37,845] {scheduler_job.py:643} INFO - DAG(s) dict_keys(['example_skip_dag']) retrieved from /home/airflow/sandbox/lib/python3.8/site-packages/airflow/example_dags/example_skip_dag.py
[2021-06-25 09:24:37,890] {logging_mixin.py:104} INFO - [2021-06-25 09:24:37,890] {dag.py:1832} INFO - Sync 1 DAGs
[2021-06-25 09:24:37,916] {logging_mixin.py:104} INFO - [2021-06-25 09:24:37,916] {dag.py:2305} INFO - Setting next_dagrun for example_skip_dag to 2021-06-23 00:00:00+00:00
[2021-06-25 09:24:37,933] {scheduler_job.py:190} INFO - Processing /home/airflow/sandbox/lib/python3.8/site-packages/airflow/example_dags/example_skip_dag.py took 0.129 seconds
[2021-06-25 09:25:09,036] {scheduler_job.py:182} INFO - Started process (PID=10916) to work on /home/airflow/sandbox/lib/python3.8/site-packages/airflow/example_dags/example_skip_dag.py
[2021-06-25 09:25:09,037] {scheduler_job.py:633} INFO - Processing file /home/airflow/sandbox/lib/python3.8/site-packages/airflow/example_dags/example_skip_dag.py for tasks to queue
[2021-06-25 09:25:09,038] {logging_mixin.py:104} INFO - [2021-06-25 09:25:09,038] {dagbag.py:487} INFO - Filling up the DagBag from /home/airflow/sandbox/lib/python3.8/site-packages/airflow/example_dags/example_skip_dag.py
[2021-06-25 09:25:09,053] {scheduler_job.py:643} INFO - DAG(s) dict_keys(['example_skip_dag']) retrieved from /home/airflow/sandbox/lib/python3.8/site-packages/airflow/example_dags/example_skip_dag.py
[2021-06-25 09:25:09,095] {logging_mixin.py:104} INFO - [2021-06-25 09:25:09,094] {dag.py:1832} INFO - Sync 1 DAGs
[2021-06-25 09:25:09,138] {logging_mixin.py:104} INFO - [2021-06-25 09:25:09,138] {dag.py:2305} INFO - Setting next_dagrun for example_skip_dag to 2021-06-23 00:00:00+00:00
[2021-06-25 09:25:09,156] {scheduler_job.py:190} INFO - Processing /home/airflow/sandbox/lib/python3.8/site-packages/airflow/example_dags/example_skip_dag.py took 0.126 seconds
[2021-06-25 09:25:39,960] {scheduler_job.py:182} INFO - Started process (PID=11116) to work on /home/airflow/sandbox/lib/python3.8/site-packages/airflow/example_dags/example_skip_dag.py
[2021-06-25 09:25:39,963] {scheduler_job.py:633} INFO - Processing file /home/airflow/sandbox/lib/python3.8/site-packages/airflow/example_dags/example_skip_dag.py for tasks to queue
[2021-06-25 09:25:39,964] {logging_mixin.py:104} INFO - [2021-06-25 09:25:39,964] {dagbag.py:487} INFO - Filling up the DagBag from /home/airflow/sandbox/lib/python3.8/site-packages/airflow/example_dags/example_skip_dag.py
[2021-06-25 09:25:39,982] {scheduler_job.py:643} INFO - DAG(s) dict_keys(['example_skip_dag']) retrieved from /home/airflow/sandbox/lib/python3.8/site-packages/airflow/example_dags/example_skip_dag.py
[2021-06-25 09:25:40,053] {logging_mixin.py:104} INFO - [2021-06-25 09:25:40,052] {dag.py:1832} INFO - Sync 1 DAGs
[2021-06-25 09:25:40,081] {logging_mixin.py:104} INFO - [2021-06-25 09:25:40,081] {dag.py:2305} INFO - Setting next_dagrun for example_skip_dag to 2021-06-23 00:00:00+00:00
[2021-06-25 09:25:40,102] {scheduler_job.py:190} INFO - Processing /home/airflow/sandbox/lib/python3.8/site-packages/airflow/example_dags/example_skip_dag.py took 0.147 seconds
[2021-06-25 09:26:11,279] {scheduler_job.py:182} INFO - Started process (PID=11322) to work on /home/airflow/sandbox/lib/python3.8/site-packages/airflow/example_dags/example_skip_dag.py
[2021-06-25 09:26:11,280] {scheduler_job.py:633} INFO - Processing file /home/airflow/sandbox/lib/python3.8/site-packages/airflow/example_dags/example_skip_dag.py for tasks to queue
[2021-06-25 09:26:11,281] {logging_mixin.py:104} INFO - [2021-06-25 09:26:11,281] {dagbag.py:487} INFO - Filling up the DagBag from /home/airflow/sandbox/lib/python3.8/site-packages/airflow/example_dags/example_skip_dag.py
[2021-06-25 09:26:11,305] {scheduler_job.py:643} INFO - DAG(s) dict_keys(['example_skip_dag']) retrieved from /home/airflow/sandbox/lib/python3.8/site-packages/airflow/example_dags/example_skip_dag.py
[2021-06-25 09:26:11,348] {logging_mixin.py:104} INFO - [2021-06-25 09:26:11,348] {dag.py:1832} INFO - Sync 1 DAGs
[2021-06-25 09:26:11,377] {logging_mixin.py:104} INFO - [2021-06-25 09:26:11,376] {dag.py:2305} INFO - Setting next_dagrun for example_skip_dag to 2021-06-23 00:00:00+00:00
[2021-06-25 09:26:11,398] {scheduler_job.py:190} INFO - Processing /home/airflow/sandbox/lib/python3.8/site-packages/airflow/example_dags/example_skip_dag.py took 0.125 seconds
[2021-06-25 09:27:05,198] {scheduler_job.py:182} INFO - Started process (PID=11673) to work on /home/airflow/sandbox/lib/python3.8/site-packages/airflow/example_dags/example_skip_dag.py
[2021-06-25 09:27:05,203] {scheduler_job.py:633} INFO - Processing file /home/airflow/sandbox/lib/python3.8/site-packages/airflow/example_dags/example_skip_dag.py for tasks to queue
[2021-06-25 09:27:05,207] {logging_mixin.py:104} INFO - [2021-06-25 09:27:05,206] {dagbag.py:487} INFO - Filling up the DagBag from /home/airflow/sandbox/lib/python3.8/site-packages/airflow/example_dags/example_skip_dag.py
[2021-06-25 09:27:05,249] {scheduler_job.py:643} INFO - DAG(s) dict_keys(['example_skip_dag']) retrieved from /home/airflow/sandbox/lib/python3.8/site-packages/airflow/example_dags/example_skip_dag.py
[2021-06-25 09:27:05,354] {logging_mixin.py:104} INFO - [2021-06-25 09:27:05,354] {dag.py:1832} INFO - Sync 1 DAGs
[2021-06-25 09:27:05,422] {logging_mixin.py:104} INFO - [2021-06-25 09:27:05,422] {dag.py:2305} INFO - Setting next_dagrun for example_skip_dag to 2021-06-23 00:00:00+00:00
[2021-06-25 09:27:05,482] {scheduler_job.py:190} INFO - Processing /home/airflow/sandbox/lib/python3.8/site-packages/airflow/example_dags/example_skip_dag.py took 0.295 seconds
[2021-06-25 09:27:36,894] {scheduler_job.py:182} INFO - Started process (PID=11886) to work on /home/airflow/sandbox/lib/python3.8/site-packages/airflow/example_dags/example_skip_dag.py
[2021-06-25 09:27:36,903] {scheduler_job.py:633} INFO - Processing file /home/airflow/sandbox/lib/python3.8/site-packages/airflow/example_dags/example_skip_dag.py for tasks to queue
[2021-06-25 09:27:36,908] {logging_mixin.py:104} INFO - [2021-06-25 09:27:36,908] {dagbag.py:487} INFO - Filling up the DagBag from /home/airflow/sandbox/lib/python3.8/site-packages/airflow/example_dags/example_skip_dag.py
[2021-06-25 09:27:36,974] {scheduler_job.py:643} INFO - DAG(s) dict_keys(['example_skip_dag']) retrieved from /home/airflow/sandbox/lib/python3.8/site-packages/airflow/example_dags/example_skip_dag.py
[2021-06-25 09:27:37,132] {logging_mixin.py:104} INFO - [2021-06-25 09:27:37,131] {dag.py:1832} INFO - Sync 1 DAGs
[2021-06-25 09:27:37,256] {logging_mixin.py:104} INFO - [2021-06-25 09:27:37,256] {dag.py:2305} INFO - Setting next_dagrun for example_skip_dag to 2021-06-23 00:00:00+00:00
[2021-06-25 09:27:37,334] {scheduler_job.py:190} INFO - Processing /home/airflow/sandbox/lib/python3.8/site-packages/airflow/example_dags/example_skip_dag.py took 0.445 seconds
[2021-06-25 09:28:09,469] {scheduler_job.py:182} INFO - Started process (PID=12089) to work on /home/airflow/sandbox/lib/python3.8/site-packages/airflow/example_dags/example_skip_dag.py
[2021-06-25 09:28:09,473] {scheduler_job.py:633} INFO - Processing file /home/airflow/sandbox/lib/python3.8/site-packages/airflow/example_dags/example_skip_dag.py for tasks to queue
[2021-06-25 09:28:09,474] {logging_mixin.py:104} INFO - [2021-06-25 09:28:09,474] {dagbag.py:487} INFO - Filling up the DagBag from /home/airflow/sandbox/lib/python3.8/site-packages/airflow/example_dags/example_skip_dag.py
[2021-06-25 09:28:09,494] {scheduler_job.py:643} INFO - DAG(s) dict_keys(['example_skip_dag']) retrieved from /home/airflow/sandbox/lib/python3.8/site-packages/airflow/example_dags/example_skip_dag.py
[2021-06-25 09:28:09,535] {logging_mixin.py:104} INFO - [2021-06-25 09:28:09,535] {dag.py:1832} INFO - Sync 1 DAGs
[2021-06-25 09:28:09,598] {logging_mixin.py:104} INFO - [2021-06-25 09:28:09,598] {dag.py:2305} INFO - Setting next_dagrun for example_skip_dag to 2021-06-23 00:00:00+00:00
[2021-06-25 09:28:09,691] {scheduler_job.py:190} INFO - Processing /home/airflow/sandbox/lib/python3.8/site-packages/airflow/example_dags/example_skip_dag.py took 0.227 seconds
[2021-06-25 09:28:40,488] {scheduler_job.py:182} INFO - Started process (PID=12287) to work on /home/airflow/sandbox/lib/python3.8/site-packages/airflow/example_dags/example_skip_dag.py
[2021-06-25 09:28:40,492] {scheduler_job.py:633} INFO - Processing file /home/airflow/sandbox/lib/python3.8/site-packages/airflow/example_dags/example_skip_dag.py for tasks to queue
[2021-06-25 09:28:40,493] {logging_mixin.py:104} INFO - [2021-06-25 09:28:40,493] {dagbag.py:487} INFO - Filling up the DagBag from /home/airflow/sandbox/lib/python3.8/site-packages/airflow/example_dags/example_skip_dag.py
[2021-06-25 09:28:40,514] {scheduler_job.py:643} INFO - DAG(s) dict_keys(['example_skip_dag']) retrieved from /home/airflow/sandbox/lib/python3.8/site-packages/airflow/example_dags/example_skip_dag.py
[2021-06-25 09:28:40,629] {logging_mixin.py:104} INFO - [2021-06-25 09:28:40,629] {dag.py:1832} INFO - Sync 1 DAGs
[2021-06-25 09:28:40,697] {logging_mixin.py:104} INFO - [2021-06-25 09:28:40,697] {dag.py:2305} INFO - Setting next_dagrun for example_skip_dag to 2021-06-23 00:00:00+00:00
[2021-06-25 09:28:40,730] {scheduler_job.py:190} INFO - Processing /home/airflow/sandbox/lib/python3.8/site-packages/airflow/example_dags/example_skip_dag.py took 0.246 seconds
[2021-06-25 09:29:11,581] {scheduler_job.py:182} INFO - Started process (PID=12487) to work on /home/airflow/sandbox/lib/python3.8/site-packages/airflow/example_dags/example_skip_dag.py
[2021-06-25 09:29:11,582] {scheduler_job.py:633} INFO - Processing file /home/airflow/sandbox/lib/python3.8/site-packages/airflow/example_dags/example_skip_dag.py for tasks to queue
[2021-06-25 09:29:11,589] {logging_mixin.py:104} INFO - [2021-06-25 09:29:11,589] {dagbag.py:487} INFO - Filling up the DagBag from /home/airflow/sandbox/lib/python3.8/site-packages/airflow/example_dags/example_skip_dag.py
[2021-06-25 09:29:11,605] {scheduler_job.py:643} INFO - DAG(s) dict_keys(['example_skip_dag']) retrieved from /home/airflow/sandbox/lib/python3.8/site-packages/airflow/example_dags/example_skip_dag.py
[2021-06-25 09:29:11,659] {logging_mixin.py:104} INFO - [2021-06-25 09:29:11,658] {dag.py:1832} INFO - Sync 1 DAGs
[2021-06-25 09:29:11,681] {logging_mixin.py:104} INFO - [2021-06-25 09:29:11,681] {dag.py:2305} INFO - Setting next_dagrun for example_skip_dag to 2021-06-23 00:00:00+00:00
[2021-06-25 09:29:11,699] {scheduler_job.py:190} INFO - Processing /home/airflow/sandbox/lib/python3.8/site-packages/airflow/example_dags/example_skip_dag.py took 0.121 seconds
[2021-06-25 09:30:31,532] {scheduler_job.py:182} INFO - Started process (PID=12773) to work on /home/airflow/sandbox/lib/python3.8/site-packages/airflow/example_dags/example_skip_dag.py
[2021-06-25 09:30:31,536] {scheduler_job.py:633} INFO - Processing file /home/airflow/sandbox/lib/python3.8/site-packages/airflow/example_dags/example_skip_dag.py for tasks to queue
[2021-06-25 09:30:31,539] {logging_mixin.py:104} INFO - [2021-06-25 09:30:31,539] {dagbag.py:487} INFO - Filling up the DagBag from /home/airflow/sandbox/lib/python3.8/site-packages/airflow/example_dags/example_skip_dag.py
[2021-06-25 09:30:31,551] {scheduler_job.py:643} INFO - DAG(s) dict_keys(['example_skip_dag']) retrieved from /home/airflow/sandbox/lib/python3.8/site-packages/airflow/example_dags/example_skip_dag.py
[2021-06-25 09:30:31,608] {logging_mixin.py:104} INFO - [2021-06-25 09:30:31,608] {dag.py:1832} INFO - Sync 1 DAGs
[2021-06-25 09:30:31,625] {logging_mixin.py:104} INFO - [2021-06-25 09:30:31,625] {dag.py:2305} INFO - Setting next_dagrun for example_skip_dag to 2021-06-23 00:00:00+00:00
[2021-06-25 09:30:31,637] {scheduler_job.py:190} INFO - Processing /home/airflow/sandbox/lib/python3.8/site-packages/airflow/example_dags/example_skip_dag.py took 0.109 seconds
[2021-06-25 09:31:02,935] {scheduler_job.py:182} INFO - Started process (PID=12973) to work on /home/airflow/sandbox/lib/python3.8/site-packages/airflow/example_dags/example_skip_dag.py
[2021-06-25 09:31:02,936] {scheduler_job.py:633} INFO - Processing file /home/airflow/sandbox/lib/python3.8/site-packages/airflow/example_dags/example_skip_dag.py for tasks to queue
[2021-06-25 09:31:02,937] {logging_mixin.py:104} INFO - [2021-06-25 09:31:02,937] {dagbag.py:487} INFO - Filling up the DagBag from /home/airflow/sandbox/lib/python3.8/site-packages/airflow/example_dags/example_skip_dag.py
[2021-06-25 09:31:02,956] {scheduler_job.py:643} INFO - DAG(s) dict_keys(['example_skip_dag']) retrieved from /home/airflow/sandbox/lib/python3.8/site-packages/airflow/example_dags/example_skip_dag.py
[2021-06-25 09:31:03,019] {logging_mixin.py:104} INFO - [2021-06-25 09:31:03,018] {dag.py:1832} INFO - Sync 1 DAGs
[2021-06-25 09:31:03,054] {logging_mixin.py:104} INFO - [2021-06-25 09:31:03,054] {dag.py:2305} INFO - Setting next_dagrun for example_skip_dag to 2021-06-23 00:00:00+00:00
[2021-06-25 09:31:03,067] {scheduler_job.py:190} INFO - Processing /home/airflow/sandbox/lib/python3.8/site-packages/airflow/example_dags/example_skip_dag.py took 0.141 seconds
[2021-06-25 09:31:34,037] {scheduler_job.py:182} INFO - Started process (PID=13173) to work on /home/airflow/sandbox/lib/python3.8/site-packages/airflow/example_dags/example_skip_dag.py
[2021-06-25 09:31:34,063] {scheduler_job.py:633} INFO - Processing file /home/airflow/sandbox/lib/python3.8/site-packages/airflow/example_dags/example_skip_dag.py for tasks to queue
[2021-06-25 09:31:34,066] {logging_mixin.py:104} INFO - [2021-06-25 09:31:34,066] {dagbag.py:487} INFO - Filling up the DagBag from /home/airflow/sandbox/lib/python3.8/site-packages/airflow/example_dags/example_skip_dag.py
[2021-06-25 09:31:34,084] {scheduler_job.py:643} INFO - DAG(s) dict_keys(['example_skip_dag']) retrieved from /home/airflow/sandbox/lib/python3.8/site-packages/airflow/example_dags/example_skip_dag.py
[2021-06-25 09:31:34,151] {logging_mixin.py:104} INFO - [2021-06-25 09:31:34,151] {dag.py:1832} INFO - Sync 1 DAGs
[2021-06-25 09:31:34,178] {logging_mixin.py:104} INFO - [2021-06-25 09:31:34,177] {dag.py:2305} INFO - Setting next_dagrun for example_skip_dag to 2021-06-23 00:00:00+00:00
[2021-06-25 09:31:34,206] {scheduler_job.py:190} INFO - Processing /home/airflow/sandbox/lib/python3.8/site-packages/airflow/example_dags/example_skip_dag.py took 0.176 seconds
[2021-06-25 09:32:12,529] {scheduler_job.py:182} INFO - Started process (PID=13373) to work on /home/airflow/sandbox/lib/python3.8/site-packages/airflow/example_dags/example_skip_dag.py
[2021-06-25 09:32:12,540] {scheduler_job.py:633} INFO - Processing file /home/airflow/sandbox/lib/python3.8/site-packages/airflow/example_dags/example_skip_dag.py for tasks to queue
[2021-06-25 09:32:12,542] {logging_mixin.py:104} INFO - [2021-06-25 09:32:12,542] {dagbag.py:487} INFO - Filling up the DagBag from /home/airflow/sandbox/lib/python3.8/site-packages/airflow/example_dags/example_skip_dag.py
[2021-06-25 09:32:12,645] {scheduler_job.py:643} INFO - DAG(s) dict_keys(['example_skip_dag']) retrieved from /home/airflow/sandbox/lib/python3.8/site-packages/airflow/example_dags/example_skip_dag.py
[2021-06-25 09:32:12,782] {logging_mixin.py:104} INFO - [2021-06-25 09:32:12,782] {dag.py:1832} INFO - Sync 1 DAGs
[2021-06-25 09:32:12,840] {logging_mixin.py:104} INFO - [2021-06-25 09:32:12,839] {dag.py:2305} INFO - Setting next_dagrun for example_skip_dag to 2021-06-23 00:00:00+00:00
[2021-06-25 09:32:12,891] {scheduler_job.py:190} INFO - Processing /home/airflow/sandbox/lib/python3.8/site-packages/airflow/example_dags/example_skip_dag.py took 0.378 seconds
[2021-06-25 09:32:43,636] {scheduler_job.py:182} INFO - Started process (PID=13577) to work on /home/airflow/sandbox/lib/python3.8/site-packages/airflow/example_dags/example_skip_dag.py
[2021-06-25 09:32:43,643] {scheduler_job.py:633} INFO - Processing file /home/airflow/sandbox/lib/python3.8/site-packages/airflow/example_dags/example_skip_dag.py for tasks to queue
[2021-06-25 09:32:43,644] {logging_mixin.py:104} INFO - [2021-06-25 09:32:43,644] {dagbag.py:487} INFO - Filling up the DagBag from /home/airflow/sandbox/lib/python3.8/site-packages/airflow/example_dags/example_skip_dag.py
[2021-06-25 09:32:43,670] {scheduler_job.py:643} INFO - DAG(s) dict_keys(['example_skip_dag']) retrieved from /home/airflow/sandbox/lib/python3.8/site-packages/airflow/example_dags/example_skip_dag.py
[2021-06-25 09:32:43,775] {logging_mixin.py:104} INFO - [2021-06-25 09:32:43,775] {dag.py:1832} INFO - Sync 1 DAGs
[2021-06-25 09:32:43,835] {logging_mixin.py:104} INFO - [2021-06-25 09:32:43,834] {dag.py:2305} INFO - Setting next_dagrun for example_skip_dag to 2021-06-23 00:00:00+00:00
[2021-06-25 09:32:43,866] {scheduler_job.py:190} INFO - Processing /home/airflow/sandbox/lib/python3.8/site-packages/airflow/example_dags/example_skip_dag.py took 0.235 seconds
[2021-06-25 09:33:14,573] {scheduler_job.py:182} INFO - Started process (PID=13778) to work on /home/airflow/sandbox/lib/python3.8/site-packages/airflow/example_dags/example_skip_dag.py
[2021-06-25 09:33:14,578] {scheduler_job.py:633} INFO - Processing file /home/airflow/sandbox/lib/python3.8/site-packages/airflow/example_dags/example_skip_dag.py for tasks to queue
[2021-06-25 09:33:14,580] {logging_mixin.py:104} INFO - [2021-06-25 09:33:14,580] {dagbag.py:487} INFO - Filling up the DagBag from /home/airflow/sandbox/lib/python3.8/site-packages/airflow/example_dags/example_skip_dag.py
[2021-06-25 09:33:14,606] {scheduler_job.py:643} INFO - DAG(s) dict_keys(['example_skip_dag']) retrieved from /home/airflow/sandbox/lib/python3.8/site-packages/airflow/example_dags/example_skip_dag.py
[2021-06-25 09:33:14,653] {logging_mixin.py:104} INFO - [2021-06-25 09:33:14,652] {dag.py:1832} INFO - Sync 1 DAGs
[2021-06-25 09:33:14,701] {logging_mixin.py:104} INFO - [2021-06-25 09:33:14,700] {dag.py:2305} INFO - Setting next_dagrun for example_skip_dag to 2021-06-23 00:00:00+00:00
[2021-06-25 09:33:14,726] {scheduler_job.py:190} INFO - Processing /home/airflow/sandbox/lib/python3.8/site-packages/airflow/example_dags/example_skip_dag.py took 0.156 seconds
[2021-06-25 09:33:45,075] {scheduler_job.py:182} INFO - Started process (PID=13979) to work on /home/airflow/sandbox/lib/python3.8/site-packages/airflow/example_dags/example_skip_dag.py
[2021-06-25 09:33:45,077] {scheduler_job.py:633} INFO - Processing file /home/airflow/sandbox/lib/python3.8/site-packages/airflow/example_dags/example_skip_dag.py for tasks to queue
[2021-06-25 09:33:45,078] {logging_mixin.py:104} INFO - [2021-06-25 09:33:45,078] {dagbag.py:487} INFO - Filling up the DagBag from /home/airflow/sandbox/lib/python3.8/site-packages/airflow/example_dags/example_skip_dag.py
[2021-06-25 09:33:45,100] {scheduler_job.py:643} INFO - DAG(s) dict_keys(['example_skip_dag']) retrieved from /home/airflow/sandbox/lib/python3.8/site-packages/airflow/example_dags/example_skip_dag.py
[2021-06-25 09:33:45,136] {logging_mixin.py:104} INFO - [2021-06-25 09:33:45,136] {dag.py:1832} INFO - Sync 1 DAGs
[2021-06-25 09:33:45,158] {logging_mixin.py:104} INFO - [2021-06-25 09:33:45,158] {dag.py:2305} INFO - Setting next_dagrun for example_skip_dag to 2021-06-23 00:00:00+00:00
[2021-06-25 09:33:45,184] {scheduler_job.py:190} INFO - Processing /home/airflow/sandbox/lib/python3.8/site-packages/airflow/example_dags/example_skip_dag.py took 0.113 seconds
[2021-06-25 09:34:15,485] {scheduler_job.py:182} INFO - Started process (PID=14179) to work on /home/airflow/sandbox/lib/python3.8/site-packages/airflow/example_dags/example_skip_dag.py
[2021-06-25 09:34:15,498] {scheduler_job.py:633} INFO - Processing file /home/airflow/sandbox/lib/python3.8/site-packages/airflow/example_dags/example_skip_dag.py for tasks to queue
[2021-06-25 09:34:15,502] {logging_mixin.py:104} INFO - [2021-06-25 09:34:15,501] {dagbag.py:487} INFO - Filling up the DagBag from /home/airflow/sandbox/lib/python3.8/site-packages/airflow/example_dags/example_skip_dag.py
[2021-06-25 09:34:15,568] {scheduler_job.py:643} INFO - DAG(s) dict_keys(['example_skip_dag']) retrieved from /home/airflow/sandbox/lib/python3.8/site-packages/airflow/example_dags/example_skip_dag.py
[2021-06-25 09:34:15,697] {logging_mixin.py:104} INFO - [2021-06-25 09:34:15,696] {dag.py:1832} INFO - Sync 1 DAGs
[2021-06-25 09:34:15,783] {logging_mixin.py:104} INFO - [2021-06-25 09:34:15,782] {dag.py:2305} INFO - Setting next_dagrun for example_skip_dag to 2021-06-23 00:00:00+00:00
[2021-06-25 09:34:15,846] {scheduler_job.py:190} INFO - Processing /home/airflow/sandbox/lib/python3.8/site-packages/airflow/example_dags/example_skip_dag.py took 0.369 seconds
[2021-06-25 09:34:46,631] {scheduler_job.py:182} INFO - Started process (PID=14379) to work on /home/airflow/sandbox/lib/python3.8/site-packages/airflow/example_dags/example_skip_dag.py
[2021-06-25 09:34:46,640] {scheduler_job.py:633} INFO - Processing file /home/airflow/sandbox/lib/python3.8/site-packages/airflow/example_dags/example_skip_dag.py for tasks to queue
[2021-06-25 09:34:46,641] {logging_mixin.py:104} INFO - [2021-06-25 09:34:46,641] {dagbag.py:487} INFO - Filling up the DagBag from /home/airflow/sandbox/lib/python3.8/site-packages/airflow/example_dags/example_skip_dag.py
[2021-06-25 09:34:46,660] {scheduler_job.py:643} INFO - DAG(s) dict_keys(['example_skip_dag']) retrieved from /home/airflow/sandbox/lib/python3.8/site-packages/airflow/example_dags/example_skip_dag.py
[2021-06-25 09:34:46,697] {logging_mixin.py:104} INFO - [2021-06-25 09:34:46,697] {dag.py:1832} INFO - Sync 1 DAGs
[2021-06-25 09:34:46,715] {logging_mixin.py:104} INFO - [2021-06-25 09:34:46,715] {dag.py:2305} INFO - Setting next_dagrun for example_skip_dag to 2021-06-23 00:00:00+00:00
[2021-06-25 09:34:46,734] {scheduler_job.py:190} INFO - Processing /home/airflow/sandbox/lib/python3.8/site-packages/airflow/example_dags/example_skip_dag.py took 0.106 seconds
[2021-06-25 09:35:17,060] {scheduler_job.py:182} INFO - Started process (PID=14664) to work on /home/airflow/sandbox/lib/python3.8/site-packages/airflow/example_dags/example_skip_dag.py
[2021-06-25 09:35:17,062] {scheduler_job.py:633} INFO - Processing file /home/airflow/sandbox/lib/python3.8/site-packages/airflow/example_dags/example_skip_dag.py for tasks to queue
[2021-06-25 09:35:17,063] {logging_mixin.py:104} INFO - [2021-06-25 09:35:17,063] {dagbag.py:487} INFO - Filling up the DagBag from /home/airflow/sandbox/lib/python3.8/site-packages/airflow/example_dags/example_skip_dag.py
[2021-06-25 09:35:17,085] {scheduler_job.py:643} INFO - DAG(s) dict_keys(['example_skip_dag']) retrieved from /home/airflow/sandbox/lib/python3.8/site-packages/airflow/example_dags/example_skip_dag.py
[2021-06-25 09:35:17,117] {logging_mixin.py:104} INFO - [2021-06-25 09:35:17,117] {dag.py:1832} INFO - Sync 1 DAGs
[2021-06-25 09:35:17,135] {logging_mixin.py:104} INFO - [2021-06-25 09:35:17,135] {dag.py:2305} INFO - Setting next_dagrun for example_skip_dag to 2021-06-23 00:00:00+00:00
[2021-06-25 09:35:17,146] {scheduler_job.py:190} INFO - Processing /home/airflow/sandbox/lib/python3.8/site-packages/airflow/example_dags/example_skip_dag.py took 0.104 seconds
[2021-06-25 09:35:47,800] {scheduler_job.py:182} INFO - Started process (PID=14919) to work on /home/airflow/sandbox/lib/python3.8/site-packages/airflow/example_dags/example_skip_dag.py
[2021-06-25 09:35:47,802] {scheduler_job.py:633} INFO - Processing file /home/airflow/sandbox/lib/python3.8/site-packages/airflow/example_dags/example_skip_dag.py for tasks to queue
[2021-06-25 09:35:47,803] {logging_mixin.py:104} INFO - [2021-06-25 09:35:47,803] {dagbag.py:487} INFO - Filling up the DagBag from /home/airflow/sandbox/lib/python3.8/site-packages/airflow/example_dags/example_skip_dag.py
[2021-06-25 09:35:47,820] {scheduler_job.py:643} INFO - DAG(s) dict_keys(['example_skip_dag']) retrieved from /home/airflow/sandbox/lib/python3.8/site-packages/airflow/example_dags/example_skip_dag.py
[2021-06-25 09:35:47,851] {logging_mixin.py:104} INFO - [2021-06-25 09:35:47,850] {dag.py:1832} INFO - Sync 1 DAGs
[2021-06-25 09:35:47,873] {logging_mixin.py:104} INFO - [2021-06-25 09:35:47,873] {dag.py:2305} INFO - Setting next_dagrun for example_skip_dag to 2021-06-23 00:00:00+00:00
[2021-06-25 09:35:47,888] {scheduler_job.py:190} INFO - Processing /home/airflow/sandbox/lib/python3.8/site-packages/airflow/example_dags/example_skip_dag.py took 0.094 seconds
[2021-06-25 09:36:18,710] {scheduler_job.py:182} INFO - Started process (PID=15120) to work on /home/airflow/sandbox/lib/python3.8/site-packages/airflow/example_dags/example_skip_dag.py
[2021-06-25 09:36:18,714] {scheduler_job.py:633} INFO - Processing file /home/airflow/sandbox/lib/python3.8/site-packages/airflow/example_dags/example_skip_dag.py for tasks to queue
[2021-06-25 09:36:18,717] {logging_mixin.py:104} INFO - [2021-06-25 09:36:18,717] {dagbag.py:487} INFO - Filling up the DagBag from /home/airflow/sandbox/lib/python3.8/site-packages/airflow/example_dags/example_skip_dag.py
[2021-06-25 09:36:18,735] {scheduler_job.py:643} INFO - DAG(s) dict_keys(['example_skip_dag']) retrieved from /home/airflow/sandbox/lib/python3.8/site-packages/airflow/example_dags/example_skip_dag.py
[2021-06-25 09:36:18,773] {logging_mixin.py:104} INFO - [2021-06-25 09:36:18,772] {dag.py:1832} INFO - Sync 1 DAGs
[2021-06-25 09:36:18,792] {logging_mixin.py:104} INFO - [2021-06-25 09:36:18,792] {dag.py:2305} INFO - Setting next_dagrun for example_skip_dag to 2021-06-23 00:00:00+00:00
[2021-06-25 09:36:18,803] {scheduler_job.py:190} INFO - Processing /home/airflow/sandbox/lib/python3.8/site-packages/airflow/example_dags/example_skip_dag.py took 0.096 seconds
[2021-06-25 09:36:49,524] {scheduler_job.py:182} INFO - Started process (PID=15320) to work on /home/airflow/sandbox/lib/python3.8/site-packages/airflow/example_dags/example_skip_dag.py
[2021-06-25 09:36:49,526] {scheduler_job.py:633} INFO - Processing file /home/airflow/sandbox/lib/python3.8/site-packages/airflow/example_dags/example_skip_dag.py for tasks to queue
[2021-06-25 09:36:49,527] {logging_mixin.py:104} INFO - [2021-06-25 09:36:49,527] {dagbag.py:487} INFO - Filling up the DagBag from /home/airflow/sandbox/lib/python3.8/site-packages/airflow/example_dags/example_skip_dag.py
[2021-06-25 09:36:49,544] {scheduler_job.py:643} INFO - DAG(s) dict_keys(['example_skip_dag']) retrieved from /home/airflow/sandbox/lib/python3.8/site-packages/airflow/example_dags/example_skip_dag.py
[2021-06-25 09:36:49,577] {logging_mixin.py:104} INFO - [2021-06-25 09:36:49,577] {dag.py:1832} INFO - Sync 1 DAGs
[2021-06-25 09:36:49,603] {logging_mixin.py:104} INFO - [2021-06-25 09:36:49,603] {dag.py:2305} INFO - Setting next_dagrun for example_skip_dag to 2021-06-23 00:00:00+00:00
[2021-06-25 09:36:49,618] {scheduler_job.py:190} INFO - Processing /home/airflow/sandbox/lib/python3.8/site-packages/airflow/example_dags/example_skip_dag.py took 0.097 seconds
[2021-06-25 09:37:19,840] {scheduler_job.py:182} INFO - Started process (PID=15520) to work on /home/airflow/sandbox/lib/python3.8/site-packages/airflow/example_dags/example_skip_dag.py
[2021-06-25 09:37:19,842] {scheduler_job.py:633} INFO - Processing file /home/airflow/sandbox/lib/python3.8/site-packages/airflow/example_dags/example_skip_dag.py for tasks to queue
[2021-06-25 09:37:19,846] {logging_mixin.py:104} INFO - [2021-06-25 09:37:19,846] {dagbag.py:487} INFO - Filling up the DagBag from /home/airflow/sandbox/lib/python3.8/site-packages/airflow/example_dags/example_skip_dag.py
[2021-06-25 09:37:19,863] {scheduler_job.py:643} INFO - DAG(s) dict_keys(['example_skip_dag']) retrieved from /home/airflow/sandbox/lib/python3.8/site-packages/airflow/example_dags/example_skip_dag.py
[2021-06-25 09:37:19,893] {logging_mixin.py:104} INFO - [2021-06-25 09:37:19,893] {dag.py:1832} INFO - Sync 1 DAGs
[2021-06-25 09:37:19,912] {logging_mixin.py:104} INFO - [2021-06-25 09:37:19,912] {dag.py:2305} INFO - Setting next_dagrun for example_skip_dag to 2021-06-23 00:00:00+00:00
[2021-06-25 09:37:19,924] {scheduler_job.py:190} INFO - Processing /home/airflow/sandbox/lib/python3.8/site-packages/airflow/example_dags/example_skip_dag.py took 0.088 seconds
[2021-06-25 09:37:50,882] {scheduler_job.py:182} INFO - Started process (PID=15720) to work on /home/airflow/sandbox/lib/python3.8/site-packages/airflow/example_dags/example_skip_dag.py
[2021-06-25 09:37:50,887] {scheduler_job.py:633} INFO - Processing file /home/airflow/sandbox/lib/python3.8/site-packages/airflow/example_dags/example_skip_dag.py for tasks to queue
[2021-06-25 09:37:50,888] {logging_mixin.py:104} INFO - [2021-06-25 09:37:50,888] {dagbag.py:487} INFO - Filling up the DagBag from /home/airflow/sandbox/lib/python3.8/site-packages/airflow/example_dags/example_skip_dag.py
[2021-06-25 09:37:50,919] {scheduler_job.py:643} INFO - DAG(s) dict_keys(['example_skip_dag']) retrieved from /home/airflow/sandbox/lib/python3.8/site-packages/airflow/example_dags/example_skip_dag.py
[2021-06-25 09:37:50,973] {logging_mixin.py:104} INFO - [2021-06-25 09:37:50,973] {dag.py:1832} INFO - Sync 1 DAGs
[2021-06-25 09:37:50,996] {logging_mixin.py:104} INFO - [2021-06-25 09:37:50,996] {dag.py:2305} INFO - Setting next_dagrun for example_skip_dag to 2021-06-23 00:00:00+00:00
[2021-06-25 09:37:51,016] {scheduler_job.py:190} INFO - Processing /home/airflow/sandbox/lib/python3.8/site-packages/airflow/example_dags/example_skip_dag.py took 0.138 seconds
[2021-06-25 09:38:21,685] {scheduler_job.py:182} INFO - Started process (PID=15916) to work on /home/airflow/sandbox/lib/python3.8/site-packages/airflow/example_dags/example_skip_dag.py
[2021-06-25 09:38:21,693] {scheduler_job.py:633} INFO - Processing file /home/airflow/sandbox/lib/python3.8/site-packages/airflow/example_dags/example_skip_dag.py for tasks to queue
[2021-06-25 09:38:21,698] {logging_mixin.py:104} INFO - [2021-06-25 09:38:21,698] {dagbag.py:487} INFO - Filling up the DagBag from /home/airflow/sandbox/lib/python3.8/site-packages/airflow/example_dags/example_skip_dag.py
[2021-06-25 09:38:21,717] {scheduler_job.py:643} INFO - DAG(s) dict_keys(['example_skip_dag']) retrieved from /home/airflow/sandbox/lib/python3.8/site-packages/airflow/example_dags/example_skip_dag.py
[2021-06-25 09:38:21,792] {logging_mixin.py:104} INFO - [2021-06-25 09:38:21,792] {dag.py:1832} INFO - Sync 1 DAGs
[2021-06-25 09:38:21,817] {logging_mixin.py:104} INFO - [2021-06-25 09:38:21,817] {dag.py:2305} INFO - Setting next_dagrun for example_skip_dag to 2021-06-23 00:00:00+00:00
[2021-06-25 09:38:21,838] {scheduler_job.py:190} INFO - Processing /home/airflow/sandbox/lib/python3.8/site-packages/airflow/example_dags/example_skip_dag.py took 0.158 seconds
[2021-06-25 09:40:10,191] {scheduler_job.py:182} INFO - Started process (PID=16297) to work on /home/airflow/sandbox/lib/python3.8/site-packages/airflow/example_dags/example_skip_dag.py
[2021-06-25 09:40:10,195] {scheduler_job.py:633} INFO - Processing file /home/airflow/sandbox/lib/python3.8/site-packages/airflow/example_dags/example_skip_dag.py for tasks to queue
[2021-06-25 09:40:10,201] {logging_mixin.py:104} INFO - [2021-06-25 09:40:10,201] {dagbag.py:487} INFO - Filling up the DagBag from /home/airflow/sandbox/lib/python3.8/site-packages/airflow/example_dags/example_skip_dag.py
[2021-06-25 09:40:10,252] {scheduler_job.py:643} INFO - DAG(s) dict_keys(['example_skip_dag']) retrieved from /home/airflow/sandbox/lib/python3.8/site-packages/airflow/example_dags/example_skip_dag.py
[2021-06-25 09:40:10,363] {logging_mixin.py:104} INFO - [2021-06-25 09:40:10,363] {dag.py:1832} INFO - Sync 1 DAGs
[2021-06-25 09:40:10,414] {logging_mixin.py:104} INFO - [2021-06-25 09:40:10,414] {dag.py:2305} INFO - Setting next_dagrun for example_skip_dag to 2021-06-23 00:00:00+00:00
[2021-06-25 09:40:10,457] {scheduler_job.py:190} INFO - Processing /home/airflow/sandbox/lib/python3.8/site-packages/airflow/example_dags/example_skip_dag.py took 0.270 seconds
[2021-06-25 09:40:41,281] {scheduler_job.py:182} INFO - Started process (PID=16494) to work on /home/airflow/sandbox/lib/python3.8/site-packages/airflow/example_dags/example_skip_dag.py
[2021-06-25 09:40:41,292] {scheduler_job.py:633} INFO - Processing file /home/airflow/sandbox/lib/python3.8/site-packages/airflow/example_dags/example_skip_dag.py for tasks to queue
[2021-06-25 09:40:41,292] {logging_mixin.py:104} INFO - [2021-06-25 09:40:41,292] {dagbag.py:487} INFO - Filling up the DagBag from /home/airflow/sandbox/lib/python3.8/site-packages/airflow/example_dags/example_skip_dag.py
[2021-06-25 09:40:41,316] {scheduler_job.py:643} INFO - DAG(s) dict_keys(['example_skip_dag']) retrieved from /home/airflow/sandbox/lib/python3.8/site-packages/airflow/example_dags/example_skip_dag.py
[2021-06-25 09:40:41,369] {logging_mixin.py:104} INFO - [2021-06-25 09:40:41,369] {dag.py:1832} INFO - Sync 1 DAGs
[2021-06-25 09:40:41,395] {logging_mixin.py:104} INFO - [2021-06-25 09:40:41,395] {dag.py:2305} INFO - Setting next_dagrun for example_skip_dag to 2021-06-23 00:00:00+00:00
[2021-06-25 09:40:41,416] {scheduler_job.py:190} INFO - Processing /home/airflow/sandbox/lib/python3.8/site-packages/airflow/example_dags/example_skip_dag.py took 0.140 seconds
[2021-06-25 09:41:12,050] {scheduler_job.py:182} INFO - Started process (PID=16694) to work on /home/airflow/sandbox/lib/python3.8/site-packages/airflow/example_dags/example_skip_dag.py
[2021-06-25 09:41:12,052] {scheduler_job.py:633} INFO - Processing file /home/airflow/sandbox/lib/python3.8/site-packages/airflow/example_dags/example_skip_dag.py for tasks to queue
[2021-06-25 09:41:12,053] {logging_mixin.py:104} INFO - [2021-06-25 09:41:12,052] {dagbag.py:487} INFO - Filling up the DagBag from /home/airflow/sandbox/lib/python3.8/site-packages/airflow/example_dags/example_skip_dag.py
[2021-06-25 09:41:12,154] {scheduler_job.py:643} INFO - DAG(s) dict_keys(['example_skip_dag']) retrieved from /home/airflow/sandbox/lib/python3.8/site-packages/airflow/example_dags/example_skip_dag.py
[2021-06-25 09:41:12,242] {logging_mixin.py:104} INFO - [2021-06-25 09:41:12,241] {dag.py:1832} INFO - Sync 1 DAGs
[2021-06-25 09:41:12,304] {logging_mixin.py:104} INFO - [2021-06-25 09:41:12,303] {dag.py:2305} INFO - Setting next_dagrun for example_skip_dag to 2021-06-23 00:00:00+00:00
[2021-06-25 09:41:12,341] {scheduler_job.py:190} INFO - Processing /home/airflow/sandbox/lib/python3.8/site-packages/airflow/example_dags/example_skip_dag.py took 0.315 seconds
[2021-06-25 09:41:42,931] {scheduler_job.py:182} INFO - Started process (PID=16895) to work on /home/airflow/sandbox/lib/python3.8/site-packages/airflow/example_dags/example_skip_dag.py
[2021-06-25 09:41:42,944] {scheduler_job.py:633} INFO - Processing file /home/airflow/sandbox/lib/python3.8/site-packages/airflow/example_dags/example_skip_dag.py for tasks to queue
[2021-06-25 09:41:42,946] {logging_mixin.py:104} INFO - [2021-06-25 09:41:42,946] {dagbag.py:487} INFO - Filling up the DagBag from /home/airflow/sandbox/lib/python3.8/site-packages/airflow/example_dags/example_skip_dag.py
[2021-06-25 09:41:43,045] {scheduler_job.py:643} INFO - DAG(s) dict_keys(['example_skip_dag']) retrieved from /home/airflow/sandbox/lib/python3.8/site-packages/airflow/example_dags/example_skip_dag.py
[2021-06-25 09:41:43,127] {logging_mixin.py:104} INFO - [2021-06-25 09:41:43,127] {dag.py:1832} INFO - Sync 1 DAGs
[2021-06-25 09:41:43,174] {logging_mixin.py:104} INFO - [2021-06-25 09:41:43,174] {dag.py:2305} INFO - Setting next_dagrun for example_skip_dag to 2021-06-23 00:00:00+00:00
[2021-06-25 09:41:43,205] {scheduler_job.py:190} INFO - Processing /home/airflow/sandbox/lib/python3.8/site-packages/airflow/example_dags/example_skip_dag.py took 0.279 seconds
[2021-06-25 09:42:14,047] {scheduler_job.py:182} INFO - Started process (PID=17094) to work on /home/airflow/sandbox/lib/python3.8/site-packages/airflow/example_dags/example_skip_dag.py
[2021-06-25 09:42:14,051] {scheduler_job.py:633} INFO - Processing file /home/airflow/sandbox/lib/python3.8/site-packages/airflow/example_dags/example_skip_dag.py for tasks to queue
[2021-06-25 09:42:14,055] {logging_mixin.py:104} INFO - [2021-06-25 09:42:14,054] {dagbag.py:487} INFO - Filling up the DagBag from /home/airflow/sandbox/lib/python3.8/site-packages/airflow/example_dags/example_skip_dag.py
[2021-06-25 09:42:14,098] {scheduler_job.py:643} INFO - DAG(s) dict_keys(['example_skip_dag']) retrieved from /home/airflow/sandbox/lib/python3.8/site-packages/airflow/example_dags/example_skip_dag.py
[2021-06-25 09:42:14,165] {logging_mixin.py:104} INFO - [2021-06-25 09:42:14,165] {dag.py:1832} INFO - Sync 1 DAGs
[2021-06-25 09:42:14,232] {logging_mixin.py:104} INFO - [2021-06-25 09:42:14,232] {dag.py:2305} INFO - Setting next_dagrun for example_skip_dag to 2021-06-23 00:00:00+00:00
[2021-06-25 09:42:14,280] {scheduler_job.py:190} INFO - Processing /home/airflow/sandbox/lib/python3.8/site-packages/airflow/example_dags/example_skip_dag.py took 0.245 seconds
[2021-06-25 09:42:45,134] {scheduler_job.py:182} INFO - Started process (PID=17295) to work on /home/airflow/sandbox/lib/python3.8/site-packages/airflow/example_dags/example_skip_dag.py
[2021-06-25 09:42:45,149] {scheduler_job.py:633} INFO - Processing file /home/airflow/sandbox/lib/python3.8/site-packages/airflow/example_dags/example_skip_dag.py for tasks to queue
[2021-06-25 09:42:45,151] {logging_mixin.py:104} INFO - [2021-06-25 09:42:45,151] {dagbag.py:487} INFO - Filling up the DagBag from /home/airflow/sandbox/lib/python3.8/site-packages/airflow/example_dags/example_skip_dag.py
[2021-06-25 09:42:45,172] {scheduler_job.py:643} INFO - DAG(s) dict_keys(['example_skip_dag']) retrieved from /home/airflow/sandbox/lib/python3.8/site-packages/airflow/example_dags/example_skip_dag.py
[2021-06-25 09:42:45,218] {logging_mixin.py:104} INFO - [2021-06-25 09:42:45,218] {dag.py:1832} INFO - Sync 1 DAGs
[2021-06-25 09:42:45,246] {logging_mixin.py:104} INFO - [2021-06-25 09:42:45,246] {dag.py:2305} INFO - Setting next_dagrun for example_skip_dag to 2021-06-23 00:00:00+00:00
[2021-06-25 09:42:45,270] {scheduler_job.py:190} INFO - Processing /home/airflow/sandbox/lib/python3.8/site-packages/airflow/example_dags/example_skip_dag.py took 0.144 seconds
[2021-06-25 09:43:16,537] {scheduler_job.py:182} INFO - Started process (PID=17496) to work on /home/airflow/sandbox/lib/python3.8/site-packages/airflow/example_dags/example_skip_dag.py
[2021-06-25 09:43:16,540] {scheduler_job.py:633} INFO - Processing file /home/airflow/sandbox/lib/python3.8/site-packages/airflow/example_dags/example_skip_dag.py for tasks to queue
[2021-06-25 09:43:16,541] {logging_mixin.py:104} INFO - [2021-06-25 09:43:16,541] {dagbag.py:487} INFO - Filling up the DagBag from /home/airflow/sandbox/lib/python3.8/site-packages/airflow/example_dags/example_skip_dag.py
[2021-06-25 09:43:16,576] {scheduler_job.py:643} INFO - DAG(s) dict_keys(['example_skip_dag']) retrieved from /home/airflow/sandbox/lib/python3.8/site-packages/airflow/example_dags/example_skip_dag.py
[2021-06-25 09:43:16,633] {logging_mixin.py:104} INFO - [2021-06-25 09:43:16,633] {dag.py:1832} INFO - Sync 1 DAGs
[2021-06-25 09:43:16,657] {logging_mixin.py:104} INFO - [2021-06-25 09:43:16,656] {dag.py:2305} INFO - Setting next_dagrun for example_skip_dag to 2021-06-23 00:00:00+00:00
[2021-06-25 09:43:16,673] {scheduler_job.py:190} INFO - Processing /home/airflow/sandbox/lib/python3.8/site-packages/airflow/example_dags/example_skip_dag.py took 0.148 seconds
[2021-06-25 09:43:48,470] {scheduler_job.py:182} INFO - Started process (PID=17696) to work on /home/airflow/sandbox/lib/python3.8/site-packages/airflow/example_dags/example_skip_dag.py
[2021-06-25 09:43:48,482] {scheduler_job.py:633} INFO - Processing file /home/airflow/sandbox/lib/python3.8/site-packages/airflow/example_dags/example_skip_dag.py for tasks to queue
[2021-06-25 09:43:48,488] {logging_mixin.py:104} INFO - [2021-06-25 09:43:48,488] {dagbag.py:487} INFO - Filling up the DagBag from /home/airflow/sandbox/lib/python3.8/site-packages/airflow/example_dags/example_skip_dag.py
[2021-06-25 09:43:48,502] {scheduler_job.py:643} INFO - DAG(s) dict_keys(['example_skip_dag']) retrieved from /home/airflow/sandbox/lib/python3.8/site-packages/airflow/example_dags/example_skip_dag.py
[2021-06-25 09:43:48,542] {logging_mixin.py:104} INFO - [2021-06-25 09:43:48,542] {dag.py:1832} INFO - Sync 1 DAGs
[2021-06-25 09:43:48,577] {logging_mixin.py:104} INFO - [2021-06-25 09:43:48,576] {dag.py:2305} INFO - Setting next_dagrun for example_skip_dag to 2021-06-23 00:00:00+00:00
[2021-06-25 09:43:48,598] {scheduler_job.py:190} INFO - Processing /home/airflow/sandbox/lib/python3.8/site-packages/airflow/example_dags/example_skip_dag.py took 0.133 seconds
[2021-06-25 09:44:19,739] {scheduler_job.py:182} INFO - Started process (PID=17896) to work on /home/airflow/sandbox/lib/python3.8/site-packages/airflow/example_dags/example_skip_dag.py
[2021-06-25 09:44:19,741] {scheduler_job.py:633} INFO - Processing file /home/airflow/sandbox/lib/python3.8/site-packages/airflow/example_dags/example_skip_dag.py for tasks to queue
[2021-06-25 09:44:19,748] {logging_mixin.py:104} INFO - [2021-06-25 09:44:19,748] {dagbag.py:487} INFO - Filling up the DagBag from /home/airflow/sandbox/lib/python3.8/site-packages/airflow/example_dags/example_skip_dag.py
[2021-06-25 09:44:19,779] {scheduler_job.py:643} INFO - DAG(s) dict_keys(['example_skip_dag']) retrieved from /home/airflow/sandbox/lib/python3.8/site-packages/airflow/example_dags/example_skip_dag.py
[2021-06-25 09:44:19,824] {logging_mixin.py:104} INFO - [2021-06-25 09:44:19,824] {dag.py:1832} INFO - Sync 1 DAGs
[2021-06-25 09:44:19,853] {logging_mixin.py:104} INFO - [2021-06-25 09:44:19,853] {dag.py:2305} INFO - Setting next_dagrun for example_skip_dag to 2021-06-23 00:00:00+00:00
[2021-06-25 09:44:19,872] {scheduler_job.py:190} INFO - Processing /home/airflow/sandbox/lib/python3.8/site-packages/airflow/example_dags/example_skip_dag.py took 0.143 seconds
[2021-06-25 09:45:24,984] {scheduler_job.py:182} INFO - Started process (PID=19124) to work on /home/airflow/sandbox/lib/python3.8/site-packages/airflow/example_dags/example_skip_dag.py
[2021-06-25 09:45:25,006] {scheduler_job.py:633} INFO - Processing file /home/airflow/sandbox/lib/python3.8/site-packages/airflow/example_dags/example_skip_dag.py for tasks to queue
[2021-06-25 09:45:25,033] {logging_mixin.py:104} INFO - [2021-06-25 09:45:25,033] {dagbag.py:487} INFO - Filling up the DagBag from /home/airflow/sandbox/lib/python3.8/site-packages/airflow/example_dags/example_skip_dag.py
[2021-06-25 09:45:25,150] {scheduler_job.py:643} INFO - DAG(s) dict_keys(['example_skip_dag']) retrieved from /home/airflow/sandbox/lib/python3.8/site-packages/airflow/example_dags/example_skip_dag.py
[2021-06-25 09:45:25,311] {logging_mixin.py:104} INFO - [2021-06-25 09:45:25,311] {dag.py:1832} INFO - Sync 1 DAGs
[2021-06-25 09:45:25,383] {logging_mixin.py:104} INFO - [2021-06-25 09:45:25,382] {dag.py:2305} INFO - Setting next_dagrun for example_skip_dag to 2021-06-23 00:00:00+00:00
[2021-06-25 09:45:25,458] {scheduler_job.py:190} INFO - Processing /home/airflow/sandbox/lib/python3.8/site-packages/airflow/example_dags/example_skip_dag.py took 0.507 seconds
[2021-06-25 09:46:03,317] {scheduler_job.py:182} INFO - Started process (PID=19562) to work on /home/airflow/sandbox/lib/python3.8/site-packages/airflow/example_dags/example_skip_dag.py
[2021-06-25 09:46:03,319] {scheduler_job.py:633} INFO - Processing file /home/airflow/sandbox/lib/python3.8/site-packages/airflow/example_dags/example_skip_dag.py for tasks to queue
[2021-06-25 09:46:03,321] {logging_mixin.py:104} INFO - [2021-06-25 09:46:03,321] {dagbag.py:487} INFO - Filling up the DagBag from /home/airflow/sandbox/lib/python3.8/site-packages/airflow/example_dags/example_skip_dag.py
[2021-06-25 09:46:03,398] {scheduler_job.py:643} INFO - DAG(s) dict_keys(['example_skip_dag']) retrieved from /home/airflow/sandbox/lib/python3.8/site-packages/airflow/example_dags/example_skip_dag.py
[2021-06-25 09:46:03,519] {logging_mixin.py:104} INFO - [2021-06-25 09:46:03,519] {dag.py:1832} INFO - Sync 1 DAGs
[2021-06-25 09:46:03,583] {logging_mixin.py:104} INFO - [2021-06-25 09:46:03,583] {dag.py:2305} INFO - Setting next_dagrun for example_skip_dag to 2021-06-23 00:00:00+00:00
[2021-06-25 09:46:03,613] {scheduler_job.py:190} INFO - Processing /home/airflow/sandbox/lib/python3.8/site-packages/airflow/example_dags/example_skip_dag.py took 0.312 seconds
[2021-06-25 09:46:34,384] {scheduler_job.py:182} INFO - Started process (PID=19770) to work on /home/airflow/sandbox/lib/python3.8/site-packages/airflow/example_dags/example_skip_dag.py
[2021-06-25 09:46:34,386] {scheduler_job.py:633} INFO - Processing file /home/airflow/sandbox/lib/python3.8/site-packages/airflow/example_dags/example_skip_dag.py for tasks to queue
[2021-06-25 09:46:34,388] {logging_mixin.py:104} INFO - [2021-06-25 09:46:34,388] {dagbag.py:487} INFO - Filling up the DagBag from /home/airflow/sandbox/lib/python3.8/site-packages/airflow/example_dags/example_skip_dag.py
[2021-06-25 09:46:34,411] {scheduler_job.py:643} INFO - DAG(s) dict_keys(['example_skip_dag']) retrieved from /home/airflow/sandbox/lib/python3.8/site-packages/airflow/example_dags/example_skip_dag.py
[2021-06-25 09:46:34,445] {logging_mixin.py:104} INFO - [2021-06-25 09:46:34,445] {dag.py:1832} INFO - Sync 1 DAGs
[2021-06-25 09:46:34,467] {logging_mixin.py:104} INFO - [2021-06-25 09:46:34,467] {dag.py:2305} INFO - Setting next_dagrun for example_skip_dag to 2021-06-23 00:00:00+00:00
[2021-06-25 09:46:34,481] {scheduler_job.py:190} INFO - Processing /home/airflow/sandbox/lib/python3.8/site-packages/airflow/example_dags/example_skip_dag.py took 0.104 seconds
[2021-06-25 09:47:06,756] {scheduler_job.py:182} INFO - Started process (PID=19969) to work on /home/airflow/sandbox/lib/python3.8/site-packages/airflow/example_dags/example_skip_dag.py
[2021-06-25 09:47:06,761] {scheduler_job.py:633} INFO - Processing file /home/airflow/sandbox/lib/python3.8/site-packages/airflow/example_dags/example_skip_dag.py for tasks to queue
[2021-06-25 09:47:06,763] {logging_mixin.py:104} INFO - [2021-06-25 09:47:06,762] {dagbag.py:487} INFO - Filling up the DagBag from /home/airflow/sandbox/lib/python3.8/site-packages/airflow/example_dags/example_skip_dag.py
[2021-06-25 09:47:06,790] {scheduler_job.py:643} INFO - DAG(s) dict_keys(['example_skip_dag']) retrieved from /home/airflow/sandbox/lib/python3.8/site-packages/airflow/example_dags/example_skip_dag.py
[2021-06-25 09:47:06,845] {logging_mixin.py:104} INFO - [2021-06-25 09:47:06,845] {dag.py:1832} INFO - Sync 1 DAGs
[2021-06-25 09:47:06,891] {logging_mixin.py:104} INFO - [2021-06-25 09:47:06,890] {dag.py:2305} INFO - Setting next_dagrun for example_skip_dag to 2021-06-23 00:00:00+00:00
[2021-06-25 09:47:06,922] {scheduler_job.py:190} INFO - Processing /home/airflow/sandbox/lib/python3.8/site-packages/airflow/example_dags/example_skip_dag.py took 0.177 seconds
[2021-06-25 09:47:40,870] {scheduler_job.py:182} INFO - Started process (PID=20240) to work on /home/airflow/sandbox/lib/python3.8/site-packages/airflow/example_dags/example_skip_dag.py
[2021-06-25 09:47:40,880] {scheduler_job.py:633} INFO - Processing file /home/airflow/sandbox/lib/python3.8/site-packages/airflow/example_dags/example_skip_dag.py for tasks to queue
[2021-06-25 09:47:40,881] {logging_mixin.py:104} INFO - [2021-06-25 09:47:40,881] {dagbag.py:487} INFO - Filling up the DagBag from /home/airflow/sandbox/lib/python3.8/site-packages/airflow/example_dags/example_skip_dag.py
[2021-06-25 09:47:40,984] {scheduler_job.py:643} INFO - DAG(s) dict_keys(['example_skip_dag']) retrieved from /home/airflow/sandbox/lib/python3.8/site-packages/airflow/example_dags/example_skip_dag.py
[2021-06-25 09:47:41,078] {logging_mixin.py:104} INFO - [2021-06-25 09:47:41,078] {dag.py:1832} INFO - Sync 1 DAGs
[2021-06-25 09:47:41,129] {logging_mixin.py:104} INFO - [2021-06-25 09:47:41,128] {dag.py:2305} INFO - Setting next_dagrun for example_skip_dag to 2021-06-23 00:00:00+00:00
[2021-06-25 09:47:41,154] {scheduler_job.py:190} INFO - Processing /home/airflow/sandbox/lib/python3.8/site-packages/airflow/example_dags/example_skip_dag.py took 0.304 seconds
[2021-06-25 09:48:14,382] {scheduler_job.py:182} INFO - Started process (PID=20561) to work on /home/airflow/sandbox/lib/python3.8/site-packages/airflow/example_dags/example_skip_dag.py
[2021-06-25 09:48:14,390] {scheduler_job.py:633} INFO - Processing file /home/airflow/sandbox/lib/python3.8/site-packages/airflow/example_dags/example_skip_dag.py for tasks to queue
[2021-06-25 09:48:14,407] {logging_mixin.py:104} INFO - [2021-06-25 09:48:14,407] {dagbag.py:487} INFO - Filling up the DagBag from /home/airflow/sandbox/lib/python3.8/site-packages/airflow/example_dags/example_skip_dag.py
[2021-06-25 09:48:14,456] {scheduler_job.py:643} INFO - DAG(s) dict_keys(['example_skip_dag']) retrieved from /home/airflow/sandbox/lib/python3.8/site-packages/airflow/example_dags/example_skip_dag.py
[2021-06-25 09:48:14,514] {logging_mixin.py:104} INFO - [2021-06-25 09:48:14,514] {dag.py:1832} INFO - Sync 1 DAGs
[2021-06-25 09:48:14,548] {logging_mixin.py:104} INFO - [2021-06-25 09:48:14,548] {dag.py:2305} INFO - Setting next_dagrun for example_skip_dag to 2021-06-23 00:00:00+00:00
[2021-06-25 09:48:14,570] {scheduler_job.py:190} INFO - Processing /home/airflow/sandbox/lib/python3.8/site-packages/airflow/example_dags/example_skip_dag.py took 0.230 seconds
[2021-06-25 09:48:45,077] {scheduler_job.py:182} INFO - Started process (PID=20767) to work on /home/airflow/sandbox/lib/python3.8/site-packages/airflow/example_dags/example_skip_dag.py
[2021-06-25 09:48:45,098] {scheduler_job.py:633} INFO - Processing file /home/airflow/sandbox/lib/python3.8/site-packages/airflow/example_dags/example_skip_dag.py for tasks to queue
[2021-06-25 09:48:45,106] {logging_mixin.py:104} INFO - [2021-06-25 09:48:45,105] {dagbag.py:487} INFO - Filling up the DagBag from /home/airflow/sandbox/lib/python3.8/site-packages/airflow/example_dags/example_skip_dag.py
[2021-06-25 09:48:45,130] {scheduler_job.py:643} INFO - DAG(s) dict_keys(['example_skip_dag']) retrieved from /home/airflow/sandbox/lib/python3.8/site-packages/airflow/example_dags/example_skip_dag.py
[2021-06-25 09:48:45,239] {logging_mixin.py:104} INFO - [2021-06-25 09:48:45,238] {dag.py:1832} INFO - Sync 1 DAGs
[2021-06-25 09:48:45,293] {logging_mixin.py:104} INFO - [2021-06-25 09:48:45,293] {dag.py:2305} INFO - Setting next_dagrun for example_skip_dag to 2021-06-23 00:00:00+00:00
[2021-06-25 09:48:45,325] {scheduler_job.py:190} INFO - Processing /home/airflow/sandbox/lib/python3.8/site-packages/airflow/example_dags/example_skip_dag.py took 0.253 seconds
[2021-06-25 09:49:16,296] {scheduler_job.py:182} INFO - Started process (PID=20969) to work on /home/airflow/sandbox/lib/python3.8/site-packages/airflow/example_dags/example_skip_dag.py
[2021-06-25 09:49:16,304] {scheduler_job.py:633} INFO - Processing file /home/airflow/sandbox/lib/python3.8/site-packages/airflow/example_dags/example_skip_dag.py for tasks to queue
[2021-06-25 09:49:16,313] {logging_mixin.py:104} INFO - [2021-06-25 09:49:16,313] {dagbag.py:487} INFO - Filling up the DagBag from /home/airflow/sandbox/lib/python3.8/site-packages/airflow/example_dags/example_skip_dag.py
[2021-06-25 09:49:16,337] {scheduler_job.py:643} INFO - DAG(s) dict_keys(['example_skip_dag']) retrieved from /home/airflow/sandbox/lib/python3.8/site-packages/airflow/example_dags/example_skip_dag.py
[2021-06-25 09:49:16,437] {logging_mixin.py:104} INFO - [2021-06-25 09:49:16,437] {dag.py:1832} INFO - Sync 1 DAGs
[2021-06-25 09:49:16,476] {logging_mixin.py:104} INFO - [2021-06-25 09:49:16,476] {dag.py:2305} INFO - Setting next_dagrun for example_skip_dag to 2021-06-23 00:00:00+00:00
[2021-06-25 09:49:16,501] {scheduler_job.py:190} INFO - Processing /home/airflow/sandbox/lib/python3.8/site-packages/airflow/example_dags/example_skip_dag.py took 0.216 seconds
[2021-06-25 09:49:47,675] {scheduler_job.py:182} INFO - Started process (PID=21169) to work on /home/airflow/sandbox/lib/python3.8/site-packages/airflow/example_dags/example_skip_dag.py
[2021-06-25 09:49:47,677] {scheduler_job.py:633} INFO - Processing file /home/airflow/sandbox/lib/python3.8/site-packages/airflow/example_dags/example_skip_dag.py for tasks to queue
[2021-06-25 09:49:47,678] {logging_mixin.py:104} INFO - [2021-06-25 09:49:47,677] {dagbag.py:487} INFO - Filling up the DagBag from /home/airflow/sandbox/lib/python3.8/site-packages/airflow/example_dags/example_skip_dag.py
[2021-06-25 09:49:47,713] {scheduler_job.py:643} INFO - DAG(s) dict_keys(['example_skip_dag']) retrieved from /home/airflow/sandbox/lib/python3.8/site-packages/airflow/example_dags/example_skip_dag.py
[2021-06-25 09:49:47,807] {logging_mixin.py:104} INFO - [2021-06-25 09:49:47,807] {dag.py:1832} INFO - Sync 1 DAGs
[2021-06-25 09:49:47,863] {logging_mixin.py:104} INFO - [2021-06-25 09:49:47,862] {dag.py:2305} INFO - Setting next_dagrun for example_skip_dag to 2021-06-23 00:00:00+00:00
[2021-06-25 09:49:47,906] {scheduler_job.py:190} INFO - Processing /home/airflow/sandbox/lib/python3.8/site-packages/airflow/example_dags/example_skip_dag.py took 0.243 seconds
[2021-06-25 09:50:18,223] {scheduler_job.py:182} INFO - Started process (PID=21363) to work on /home/airflow/sandbox/lib/python3.8/site-packages/airflow/example_dags/example_skip_dag.py
[2021-06-25 09:50:18,228] {scheduler_job.py:633} INFO - Processing file /home/airflow/sandbox/lib/python3.8/site-packages/airflow/example_dags/example_skip_dag.py for tasks to queue
[2021-06-25 09:50:18,235] {logging_mixin.py:104} INFO - [2021-06-25 09:50:18,234] {dagbag.py:487} INFO - Filling up the DagBag from /home/airflow/sandbox/lib/python3.8/site-packages/airflow/example_dags/example_skip_dag.py
[2021-06-25 09:50:18,258] {scheduler_job.py:643} INFO - DAG(s) dict_keys(['example_skip_dag']) retrieved from /home/airflow/sandbox/lib/python3.8/site-packages/airflow/example_dags/example_skip_dag.py
[2021-06-25 09:50:18,315] {logging_mixin.py:104} INFO - [2021-06-25 09:50:18,315] {dag.py:1832} INFO - Sync 1 DAGs
[2021-06-25 09:50:18,372] {logging_mixin.py:104} INFO - [2021-06-25 09:50:18,372] {dag.py:2305} INFO - Setting next_dagrun for example_skip_dag to 2021-06-23 00:00:00+00:00
[2021-06-25 09:50:18,407] {scheduler_job.py:190} INFO - Processing /home/airflow/sandbox/lib/python3.8/site-packages/airflow/example_dags/example_skip_dag.py took 0.196 seconds
[2021-06-25 09:50:48,744] {scheduler_job.py:182} INFO - Started process (PID=21564) to work on /home/airflow/sandbox/lib/python3.8/site-packages/airflow/example_dags/example_skip_dag.py
[2021-06-25 09:50:48,765] {scheduler_job.py:633} INFO - Processing file /home/airflow/sandbox/lib/python3.8/site-packages/airflow/example_dags/example_skip_dag.py for tasks to queue
[2021-06-25 09:50:48,771] {logging_mixin.py:104} INFO - [2021-06-25 09:50:48,771] {dagbag.py:487} INFO - Filling up the DagBag from /home/airflow/sandbox/lib/python3.8/site-packages/airflow/example_dags/example_skip_dag.py
[2021-06-25 09:50:48,806] {scheduler_job.py:643} INFO - DAG(s) dict_keys(['example_skip_dag']) retrieved from /home/airflow/sandbox/lib/python3.8/site-packages/airflow/example_dags/example_skip_dag.py
[2021-06-25 09:50:48,971] {logging_mixin.py:104} INFO - [2021-06-25 09:50:48,971] {dag.py:1832} INFO - Sync 1 DAGs
[2021-06-25 09:50:49,154] {logging_mixin.py:104} INFO - [2021-06-25 09:50:49,154] {dag.py:2305} INFO - Setting next_dagrun for example_skip_dag to 2021-06-23 00:00:00+00:00
[2021-06-25 09:50:49,203] {scheduler_job.py:190} INFO - Processing /home/airflow/sandbox/lib/python3.8/site-packages/airflow/example_dags/example_skip_dag.py took 0.478 seconds
[2021-06-25 09:51:19,670] {scheduler_job.py:182} INFO - Started process (PID=21765) to work on /home/airflow/sandbox/lib/python3.8/site-packages/airflow/example_dags/example_skip_dag.py
[2021-06-25 09:51:19,673] {scheduler_job.py:633} INFO - Processing file /home/airflow/sandbox/lib/python3.8/site-packages/airflow/example_dags/example_skip_dag.py for tasks to queue
[2021-06-25 09:51:19,676] {logging_mixin.py:104} INFO - [2021-06-25 09:51:19,676] {dagbag.py:487} INFO - Filling up the DagBag from /home/airflow/sandbox/lib/python3.8/site-packages/airflow/example_dags/example_skip_dag.py
[2021-06-25 09:51:19,695] {scheduler_job.py:643} INFO - DAG(s) dict_keys(['example_skip_dag']) retrieved from /home/airflow/sandbox/lib/python3.8/site-packages/airflow/example_dags/example_skip_dag.py
[2021-06-25 09:51:19,729] {logging_mixin.py:104} INFO - [2021-06-25 09:51:19,729] {dag.py:1832} INFO - Sync 1 DAGs
[2021-06-25 09:51:19,756] {logging_mixin.py:104} INFO - [2021-06-25 09:51:19,756] {dag.py:2305} INFO - Setting next_dagrun for example_skip_dag to 2021-06-23 00:00:00+00:00
[2021-06-25 09:51:19,776] {scheduler_job.py:190} INFO - Processing /home/airflow/sandbox/lib/python3.8/site-packages/airflow/example_dags/example_skip_dag.py took 0.109 seconds
[2021-06-25 09:51:50,683] {scheduler_job.py:182} INFO - Started process (PID=21966) to work on /home/airflow/sandbox/lib/python3.8/site-packages/airflow/example_dags/example_skip_dag.py
[2021-06-25 09:51:50,692] {scheduler_job.py:633} INFO - Processing file /home/airflow/sandbox/lib/python3.8/site-packages/airflow/example_dags/example_skip_dag.py for tasks to queue
[2021-06-25 09:51:50,695] {logging_mixin.py:104} INFO - [2021-06-25 09:51:50,694] {dagbag.py:487} INFO - Filling up the DagBag from /home/airflow/sandbox/lib/python3.8/site-packages/airflow/example_dags/example_skip_dag.py
[2021-06-25 09:51:50,838] {scheduler_job.py:643} INFO - DAG(s) dict_keys(['example_skip_dag']) retrieved from /home/airflow/sandbox/lib/python3.8/site-packages/airflow/example_dags/example_skip_dag.py
[2021-06-25 09:51:50,998] {logging_mixin.py:104} INFO - [2021-06-25 09:51:50,998] {dag.py:1832} INFO - Sync 1 DAGs
[2021-06-25 09:51:51,210] {logging_mixin.py:104} INFO - [2021-06-25 09:51:51,208] {dag.py:2305} INFO - Setting next_dagrun for example_skip_dag to 2021-06-23 00:00:00+00:00
[2021-06-25 09:51:51,344] {scheduler_job.py:190} INFO - Processing /home/airflow/sandbox/lib/python3.8/site-packages/airflow/example_dags/example_skip_dag.py took 0.678 seconds
[2021-06-25 09:52:22,339] {scheduler_job.py:182} INFO - Started process (PID=22164) to work on /home/airflow/sandbox/lib/python3.8/site-packages/airflow/example_dags/example_skip_dag.py
[2021-06-25 09:52:22,341] {scheduler_job.py:633} INFO - Processing file /home/airflow/sandbox/lib/python3.8/site-packages/airflow/example_dags/example_skip_dag.py for tasks to queue
[2021-06-25 09:52:22,342] {logging_mixin.py:104} INFO - [2021-06-25 09:52:22,342] {dagbag.py:487} INFO - Filling up the DagBag from /home/airflow/sandbox/lib/python3.8/site-packages/airflow/example_dags/example_skip_dag.py
[2021-06-25 09:52:22,358] {scheduler_job.py:643} INFO - DAG(s) dict_keys(['example_skip_dag']) retrieved from /home/airflow/sandbox/lib/python3.8/site-packages/airflow/example_dags/example_skip_dag.py
[2021-06-25 09:52:22,406] {logging_mixin.py:104} INFO - [2021-06-25 09:52:22,406] {dag.py:1832} INFO - Sync 1 DAGs
[2021-06-25 09:52:22,434] {logging_mixin.py:104} INFO - [2021-06-25 09:52:22,434] {dag.py:2305} INFO - Setting next_dagrun for example_skip_dag to 2021-06-23 00:00:00+00:00
[2021-06-25 09:52:22,457] {scheduler_job.py:190} INFO - Processing /home/airflow/sandbox/lib/python3.8/site-packages/airflow/example_dags/example_skip_dag.py took 0.122 seconds
[2021-06-25 09:52:52,657] {scheduler_job.py:182} INFO - Started process (PID=22362) to work on /home/airflow/sandbox/lib/python3.8/site-packages/airflow/example_dags/example_skip_dag.py
[2021-06-25 09:52:52,658] {scheduler_job.py:633} INFO - Processing file /home/airflow/sandbox/lib/python3.8/site-packages/airflow/example_dags/example_skip_dag.py for tasks to queue
[2021-06-25 09:52:52,660] {logging_mixin.py:104} INFO - [2021-06-25 09:52:52,660] {dagbag.py:487} INFO - Filling up the DagBag from /home/airflow/sandbox/lib/python3.8/site-packages/airflow/example_dags/example_skip_dag.py
[2021-06-25 09:52:52,677] {scheduler_job.py:643} INFO - DAG(s) dict_keys(['example_skip_dag']) retrieved from /home/airflow/sandbox/lib/python3.8/site-packages/airflow/example_dags/example_skip_dag.py
[2021-06-25 09:52:52,725] {logging_mixin.py:104} INFO - [2021-06-25 09:52:52,725] {dag.py:1832} INFO - Sync 1 DAGs
[2021-06-25 09:52:52,753] {logging_mixin.py:104} INFO - [2021-06-25 09:52:52,752] {dag.py:2305} INFO - Setting next_dagrun for example_skip_dag to 2021-06-23 00:00:00+00:00
[2021-06-25 09:52:52,770] {scheduler_job.py:190} INFO - Processing /home/airflow/sandbox/lib/python3.8/site-packages/airflow/example_dags/example_skip_dag.py took 0.116 seconds
[2021-06-25 09:53:23,384] {scheduler_job.py:182} INFO - Started process (PID=22562) to work on /home/airflow/sandbox/lib/python3.8/site-packages/airflow/example_dags/example_skip_dag.py
[2021-06-25 09:53:23,388] {scheduler_job.py:633} INFO - Processing file /home/airflow/sandbox/lib/python3.8/site-packages/airflow/example_dags/example_skip_dag.py for tasks to queue
[2021-06-25 09:53:23,391] {logging_mixin.py:104} INFO - [2021-06-25 09:53:23,390] {dagbag.py:487} INFO - Filling up the DagBag from /home/airflow/sandbox/lib/python3.8/site-packages/airflow/example_dags/example_skip_dag.py
[2021-06-25 09:53:23,406] {scheduler_job.py:643} INFO - DAG(s) dict_keys(['example_skip_dag']) retrieved from /home/airflow/sandbox/lib/python3.8/site-packages/airflow/example_dags/example_skip_dag.py
[2021-06-25 09:53:23,464] {logging_mixin.py:104} INFO - [2021-06-25 09:53:23,464] {dag.py:1832} INFO - Sync 1 DAGs
[2021-06-25 09:53:23,494] {logging_mixin.py:104} INFO - [2021-06-25 09:53:23,494] {dag.py:2305} INFO - Setting next_dagrun for example_skip_dag to 2021-06-23 00:00:00+00:00
[2021-06-25 09:53:23,529] {scheduler_job.py:190} INFO - Processing /home/airflow/sandbox/lib/python3.8/site-packages/airflow/example_dags/example_skip_dag.py took 0.153 seconds
[2021-06-25 09:53:53,725] {scheduler_job.py:182} INFO - Started process (PID=22764) to work on /home/airflow/sandbox/lib/python3.8/site-packages/airflow/example_dags/example_skip_dag.py
[2021-06-25 09:53:53,737] {scheduler_job.py:633} INFO - Processing file /home/airflow/sandbox/lib/python3.8/site-packages/airflow/example_dags/example_skip_dag.py for tasks to queue
[2021-06-25 09:53:53,738] {logging_mixin.py:104} INFO - [2021-06-25 09:53:53,737] {dagbag.py:487} INFO - Filling up the DagBag from /home/airflow/sandbox/lib/python3.8/site-packages/airflow/example_dags/example_skip_dag.py
[2021-06-25 09:53:53,766] {scheduler_job.py:643} INFO - DAG(s) dict_keys(['example_skip_dag']) retrieved from /home/airflow/sandbox/lib/python3.8/site-packages/airflow/example_dags/example_skip_dag.py
[2021-06-25 09:53:53,834] {logging_mixin.py:104} INFO - [2021-06-25 09:53:53,833] {dag.py:1832} INFO - Sync 1 DAGs
[2021-06-25 09:53:53,871] {logging_mixin.py:104} INFO - [2021-06-25 09:53:53,871] {dag.py:2305} INFO - Setting next_dagrun for example_skip_dag to 2021-06-23 00:00:00+00:00
[2021-06-25 09:53:53,899] {scheduler_job.py:190} INFO - Processing /home/airflow/sandbox/lib/python3.8/site-packages/airflow/example_dags/example_skip_dag.py took 0.178 seconds
[2021-06-25 09:54:24,098] {scheduler_job.py:182} INFO - Started process (PID=22962) to work on /home/airflow/sandbox/lib/python3.8/site-packages/airflow/example_dags/example_skip_dag.py
[2021-06-25 09:54:24,108] {scheduler_job.py:633} INFO - Processing file /home/airflow/sandbox/lib/python3.8/site-packages/airflow/example_dags/example_skip_dag.py for tasks to queue
[2021-06-25 09:54:24,111] {logging_mixin.py:104} INFO - [2021-06-25 09:54:24,110] {dagbag.py:487} INFO - Filling up the DagBag from /home/airflow/sandbox/lib/python3.8/site-packages/airflow/example_dags/example_skip_dag.py
[2021-06-25 09:54:24,178] {scheduler_job.py:643} INFO - DAG(s) dict_keys(['example_skip_dag']) retrieved from /home/airflow/sandbox/lib/python3.8/site-packages/airflow/example_dags/example_skip_dag.py
[2021-06-25 09:54:24,316] {logging_mixin.py:104} INFO - [2021-06-25 09:54:24,316] {dag.py:1832} INFO - Sync 1 DAGs
[2021-06-25 09:54:24,395] {logging_mixin.py:104} INFO - [2021-06-25 09:54:24,394] {dag.py:2305} INFO - Setting next_dagrun for example_skip_dag to 2021-06-23 00:00:00+00:00
[2021-06-25 09:54:24,454] {scheduler_job.py:190} INFO - Processing /home/airflow/sandbox/lib/python3.8/site-packages/airflow/example_dags/example_skip_dag.py took 0.373 seconds
