[2021-06-25 08:55:21,480] {scheduler_job.py:182} INFO - Started process (PID=2163) to work on /home/airflow/sandbox/lib/python3.8/site-packages/airflow/example_dags/example_latest_only_with_trigger.py
[2021-06-25 08:55:21,502] {scheduler_job.py:633} INFO - Processing file /home/airflow/sandbox/lib/python3.8/site-packages/airflow/example_dags/example_latest_only_with_trigger.py for tasks to queue
[2021-06-25 08:55:21,513] {logging_mixin.py:104} INFO - [2021-06-25 08:55:21,511] {dagbag.py:487} INFO - Filling up the DagBag from /home/airflow/sandbox/lib/python3.8/site-packages/airflow/example_dags/example_latest_only_with_trigger.py
[2021-06-25 08:55:21,613] {scheduler_job.py:643} INFO - DAG(s) dict_keys(['latest_only_with_trigger']) retrieved from /home/airflow/sandbox/lib/python3.8/site-packages/airflow/example_dags/example_latest_only_with_trigger.py
[2021-06-25 08:55:26,485] {logging_mixin.py:104} INFO - [2021-06-25 08:55:26,485] {dag.py:1832} INFO - Sync 1 DAGs
[2021-06-25 08:55:26,589] {logging_mixin.py:104} INFO - [2021-06-25 08:55:26,589] {dag.py:2305} INFO - Setting next_dagrun for latest_only_with_trigger to 2021-06-23 00:00:00+00:00
[2021-06-25 08:55:26,765] {scheduler_job.py:190} INFO - Processing /home/airflow/sandbox/lib/python3.8/site-packages/airflow/example_dags/example_latest_only_with_trigger.py took 5.312 seconds
[2021-06-25 09:15:20,565] {scheduler_job.py:182} INFO - Started process (PID=3654) to work on /home/airflow/sandbox/lib/python3.8/site-packages/airflow/example_dags/example_latest_only_with_trigger.py
[2021-06-25 09:15:20,591] {scheduler_job.py:633} INFO - Processing file /home/airflow/sandbox/lib/python3.8/site-packages/airflow/example_dags/example_latest_only_with_trigger.py for tasks to queue
[2021-06-25 09:15:20,596] {logging_mixin.py:104} INFO - [2021-06-25 09:15:20,596] {dagbag.py:487} INFO - Filling up the DagBag from /home/airflow/sandbox/lib/python3.8/site-packages/airflow/example_dags/example_latest_only_with_trigger.py
[2021-06-25 09:15:20,673] {scheduler_job.py:643} INFO - DAG(s) dict_keys(['latest_only_with_trigger']) retrieved from /home/airflow/sandbox/lib/python3.8/site-packages/airflow/example_dags/example_latest_only_with_trigger.py
[2021-06-25 09:15:20,785] {logging_mixin.py:104} INFO - [2021-06-25 09:15:20,785] {dag.py:1832} INFO - Sync 1 DAGs
[2021-06-25 09:15:20,829] {logging_mixin.py:104} INFO - [2021-06-25 09:15:20,828] {dag.py:2305} INFO - Setting next_dagrun for latest_only_with_trigger to 2021-06-23 00:00:00+00:00
[2021-06-25 09:15:20,883] {scheduler_job.py:190} INFO - Processing /home/airflow/sandbox/lib/python3.8/site-packages/airflow/example_dags/example_latest_only_with_trigger.py took 0.329 seconds
[2021-06-25 09:16:00,448] {scheduler_job.py:182} INFO - Started process (PID=3737) to work on /home/airflow/sandbox/lib/python3.8/site-packages/airflow/example_dags/example_latest_only_with_trigger.py
[2021-06-25 09:16:00,456] {scheduler_job.py:633} INFO - Processing file /home/airflow/sandbox/lib/python3.8/site-packages/airflow/example_dags/example_latest_only_with_trigger.py for tasks to queue
[2021-06-25 09:16:00,457] {logging_mixin.py:104} INFO - [2021-06-25 09:16:00,457] {dagbag.py:487} INFO - Filling up the DagBag from /home/airflow/sandbox/lib/python3.8/site-packages/airflow/example_dags/example_latest_only_with_trigger.py
[2021-06-25 09:16:00,544] {scheduler_job.py:643} INFO - DAG(s) dict_keys(['latest_only_with_trigger']) retrieved from /home/airflow/sandbox/lib/python3.8/site-packages/airflow/example_dags/example_latest_only_with_trigger.py
[2021-06-25 09:16:00,673] {logging_mixin.py:104} INFO - [2021-06-25 09:16:00,672] {dag.py:1832} INFO - Sync 1 DAGs
[2021-06-25 09:16:00,777] {logging_mixin.py:104} INFO - [2021-06-25 09:16:00,777] {dag.py:2305} INFO - Setting next_dagrun for latest_only_with_trigger to 2021-06-23 00:00:00+00:00
[2021-06-25 09:16:00,927] {scheduler_job.py:190} INFO - Processing /home/airflow/sandbox/lib/python3.8/site-packages/airflow/example_dags/example_latest_only_with_trigger.py took 0.500 seconds
[2021-06-25 09:17:15,731] {scheduler_job.py:182} INFO - Started process (PID=4758) to work on /home/airflow/sandbox/lib/python3.8/site-packages/airflow/example_dags/example_latest_only_with_trigger.py
[2021-06-25 09:17:15,735] {scheduler_job.py:633} INFO - Processing file /home/airflow/sandbox/lib/python3.8/site-packages/airflow/example_dags/example_latest_only_with_trigger.py for tasks to queue
[2021-06-25 09:17:15,749] {logging_mixin.py:104} INFO - [2021-06-25 09:17:15,747] {dagbag.py:487} INFO - Filling up the DagBag from /home/airflow/sandbox/lib/python3.8/site-packages/airflow/example_dags/example_latest_only_with_trigger.py
[2021-06-25 09:17:15,811] {scheduler_job.py:643} INFO - DAG(s) dict_keys(['latest_only_with_trigger']) retrieved from /home/airflow/sandbox/lib/python3.8/site-packages/airflow/example_dags/example_latest_only_with_trigger.py
[2021-06-25 09:17:16,170] {logging_mixin.py:104} INFO - [2021-06-25 09:17:16,170] {dag.py:1832} INFO - Sync 1 DAGs
[2021-06-25 09:17:16,392] {logging_mixin.py:104} INFO - [2021-06-25 09:17:16,392] {dag.py:2305} INFO - Setting next_dagrun for latest_only_with_trigger to 2021-06-23 00:00:00+00:00
[2021-06-25 09:17:16,604] {scheduler_job.py:190} INFO - Processing /home/airflow/sandbox/lib/python3.8/site-packages/airflow/example_dags/example_latest_only_with_trigger.py took 0.917 seconds
[2021-06-25 09:17:49,715] {scheduler_job.py:182} INFO - Started process (PID=5635) to work on /home/airflow/sandbox/lib/python3.8/site-packages/airflow/example_dags/example_latest_only_with_trigger.py
[2021-06-25 09:17:49,728] {scheduler_job.py:633} INFO - Processing file /home/airflow/sandbox/lib/python3.8/site-packages/airflow/example_dags/example_latest_only_with_trigger.py for tasks to queue
[2021-06-25 09:17:49,737] {logging_mixin.py:104} INFO - [2021-06-25 09:17:49,737] {dagbag.py:487} INFO - Filling up the DagBag from /home/airflow/sandbox/lib/python3.8/site-packages/airflow/example_dags/example_latest_only_with_trigger.py
[2021-06-25 09:17:49,830] {scheduler_job.py:643} INFO - DAG(s) dict_keys(['latest_only_with_trigger']) retrieved from /home/airflow/sandbox/lib/python3.8/site-packages/airflow/example_dags/example_latest_only_with_trigger.py
[2021-06-25 09:17:50,369] {logging_mixin.py:104} INFO - [2021-06-25 09:17:50,368] {dag.py:1832} INFO - Sync 1 DAGs
[2021-06-25 09:17:50,667] {logging_mixin.py:104} INFO - [2021-06-25 09:17:50,667] {dag.py:2305} INFO - Setting next_dagrun for latest_only_with_trigger to 2021-06-23 00:00:00+00:00
[2021-06-25 09:17:50,944] {scheduler_job.py:190} INFO - Processing /home/airflow/sandbox/lib/python3.8/site-packages/airflow/example_dags/example_latest_only_with_trigger.py took 1.241 seconds
[2021-06-25 09:18:36,325] {scheduler_job.py:182} INFO - Started process (PID=6904) to work on /home/airflow/sandbox/lib/python3.8/site-packages/airflow/example_dags/example_latest_only_with_trigger.py
[2021-06-25 09:18:36,353] {scheduler_job.py:633} INFO - Processing file /home/airflow/sandbox/lib/python3.8/site-packages/airflow/example_dags/example_latest_only_with_trigger.py for tasks to queue
[2021-06-25 09:18:36,372] {logging_mixin.py:104} INFO - [2021-06-25 09:18:36,371] {dagbag.py:487} INFO - Filling up the DagBag from /home/airflow/sandbox/lib/python3.8/site-packages/airflow/example_dags/example_latest_only_with_trigger.py
[2021-06-25 09:18:36,490] {scheduler_job.py:643} INFO - DAG(s) dict_keys(['latest_only_with_trigger']) retrieved from /home/airflow/sandbox/lib/python3.8/site-packages/airflow/example_dags/example_latest_only_with_trigger.py
[2021-06-25 09:18:36,722] {logging_mixin.py:104} INFO - [2021-06-25 09:18:36,722] {dag.py:1832} INFO - Sync 1 DAGs
[2021-06-25 09:18:36,839] {logging_mixin.py:104} INFO - [2021-06-25 09:18:36,839] {dag.py:2305} INFO - Setting next_dagrun for latest_only_with_trigger to 2021-06-23 00:00:00+00:00
[2021-06-25 09:18:36,913] {scheduler_job.py:190} INFO - Processing /home/airflow/sandbox/lib/python3.8/site-packages/airflow/example_dags/example_latest_only_with_trigger.py took 0.615 seconds
[2021-06-25 09:19:28,033] {scheduler_job.py:182} INFO - Started process (PID=8307) to work on /home/airflow/sandbox/lib/python3.8/site-packages/airflow/example_dags/example_latest_only_with_trigger.py
[2021-06-25 09:19:28,040] {scheduler_job.py:633} INFO - Processing file /home/airflow/sandbox/lib/python3.8/site-packages/airflow/example_dags/example_latest_only_with_trigger.py for tasks to queue
[2021-06-25 09:19:28,041] {logging_mixin.py:104} INFO - [2021-06-25 09:19:28,041] {dagbag.py:487} INFO - Filling up the DagBag from /home/airflow/sandbox/lib/python3.8/site-packages/airflow/example_dags/example_latest_only_with_trigger.py
[2021-06-25 09:19:28,208] {scheduler_job.py:643} INFO - DAG(s) dict_keys(['latest_only_with_trigger']) retrieved from /home/airflow/sandbox/lib/python3.8/site-packages/airflow/example_dags/example_latest_only_with_trigger.py
[2021-06-25 09:19:28,413] {logging_mixin.py:104} INFO - [2021-06-25 09:19:28,413] {dag.py:1832} INFO - Sync 1 DAGs
[2021-06-25 09:19:28,578] {logging_mixin.py:104} INFO - [2021-06-25 09:19:28,578] {dag.py:2305} INFO - Setting next_dagrun for latest_only_with_trigger to 2021-06-23 00:00:00+00:00
[2021-06-25 09:19:28,684] {scheduler_job.py:190} INFO - Processing /home/airflow/sandbox/lib/python3.8/site-packages/airflow/example_dags/example_latest_only_with_trigger.py took 0.724 seconds
[2021-06-25 09:20:11,584] {scheduler_job.py:182} INFO - Started process (PID=9582) to work on /home/airflow/sandbox/lib/python3.8/site-packages/airflow/example_dags/example_latest_only_with_trigger.py
[2021-06-25 09:20:11,608] {scheduler_job.py:633} INFO - Processing file /home/airflow/sandbox/lib/python3.8/site-packages/airflow/example_dags/example_latest_only_with_trigger.py for tasks to queue
[2021-06-25 09:20:11,647] {logging_mixin.py:104} INFO - [2021-06-25 09:20:11,646] {dagbag.py:487} INFO - Filling up the DagBag from /home/airflow/sandbox/lib/python3.8/site-packages/airflow/example_dags/example_latest_only_with_trigger.py
[2021-06-25 09:20:11,867] {scheduler_job.py:643} INFO - DAG(s) dict_keys(['latest_only_with_trigger']) retrieved from /home/airflow/sandbox/lib/python3.8/site-packages/airflow/example_dags/example_latest_only_with_trigger.py
[2021-06-25 09:20:12,152] {logging_mixin.py:104} INFO - [2021-06-25 09:20:12,152] {dag.py:1832} INFO - Sync 1 DAGs
[2021-06-25 09:20:12,327] {logging_mixin.py:104} INFO - [2021-06-25 09:20:12,327] {dag.py:2305} INFO - Setting next_dagrun for latest_only_with_trigger to 2021-06-23 00:00:00+00:00
[2021-06-25 09:20:12,443] {scheduler_job.py:190} INFO - Processing /home/airflow/sandbox/lib/python3.8/site-packages/airflow/example_dags/example_latest_only_with_trigger.py took 0.925 seconds
[2021-06-25 09:20:42,782] {scheduler_job.py:182} INFO - Started process (PID=9919) to work on /home/airflow/sandbox/lib/python3.8/site-packages/airflow/example_dags/example_latest_only_with_trigger.py
[2021-06-25 09:20:42,784] {scheduler_job.py:633} INFO - Processing file /home/airflow/sandbox/lib/python3.8/site-packages/airflow/example_dags/example_latest_only_with_trigger.py for tasks to queue
[2021-06-25 09:20:42,785] {logging_mixin.py:104} INFO - [2021-06-25 09:20:42,785] {dagbag.py:487} INFO - Filling up the DagBag from /home/airflow/sandbox/lib/python3.8/site-packages/airflow/example_dags/example_latest_only_with_trigger.py
[2021-06-25 09:20:42,800] {scheduler_job.py:643} INFO - DAG(s) dict_keys(['latest_only_with_trigger']) retrieved from /home/airflow/sandbox/lib/python3.8/site-packages/airflow/example_dags/example_latest_only_with_trigger.py
[2021-06-25 09:20:42,846] {logging_mixin.py:104} INFO - [2021-06-25 09:20:42,846] {dag.py:1832} INFO - Sync 1 DAGs
[2021-06-25 09:20:42,883] {logging_mixin.py:104} INFO - [2021-06-25 09:20:42,882] {dag.py:2305} INFO - Setting next_dagrun for latest_only_with_trigger to 2021-06-23 00:00:00+00:00
[2021-06-25 09:20:42,905] {scheduler_job.py:190} INFO - Processing /home/airflow/sandbox/lib/python3.8/site-packages/airflow/example_dags/example_latest_only_with_trigger.py took 0.129 seconds
[2021-06-25 09:21:13,100] {scheduler_job.py:182} INFO - Started process (PID=9988) to work on /home/airflow/sandbox/lib/python3.8/site-packages/airflow/example_dags/example_latest_only_with_trigger.py
[2021-06-25 09:21:13,102] {scheduler_job.py:633} INFO - Processing file /home/airflow/sandbox/lib/python3.8/site-packages/airflow/example_dags/example_latest_only_with_trigger.py for tasks to queue
[2021-06-25 09:21:13,109] {logging_mixin.py:104} INFO - [2021-06-25 09:21:13,109] {dagbag.py:487} INFO - Filling up the DagBag from /home/airflow/sandbox/lib/python3.8/site-packages/airflow/example_dags/example_latest_only_with_trigger.py
[2021-06-25 09:21:13,129] {scheduler_job.py:643} INFO - DAG(s) dict_keys(['latest_only_with_trigger']) retrieved from /home/airflow/sandbox/lib/python3.8/site-packages/airflow/example_dags/example_latest_only_with_trigger.py
[2021-06-25 09:21:13,176] {logging_mixin.py:104} INFO - [2021-06-25 09:21:13,176] {dag.py:1832} INFO - Sync 1 DAGs
[2021-06-25 09:21:13,205] {logging_mixin.py:104} INFO - [2021-06-25 09:21:13,205] {dag.py:2305} INFO - Setting next_dagrun for latest_only_with_trigger to 2021-06-23 00:00:00+00:00
[2021-06-25 09:21:13,227] {scheduler_job.py:190} INFO - Processing /home/airflow/sandbox/lib/python3.8/site-packages/airflow/example_dags/example_latest_only_with_trigger.py took 0.137 seconds
[2021-06-25 09:21:43,467] {scheduler_job.py:182} INFO - Started process (PID=10057) to work on /home/airflow/sandbox/lib/python3.8/site-packages/airflow/example_dags/example_latest_only_with_trigger.py
[2021-06-25 09:21:43,469] {scheduler_job.py:633} INFO - Processing file /home/airflow/sandbox/lib/python3.8/site-packages/airflow/example_dags/example_latest_only_with_trigger.py for tasks to queue
[2021-06-25 09:21:43,470] {logging_mixin.py:104} INFO - [2021-06-25 09:21:43,470] {dagbag.py:487} INFO - Filling up the DagBag from /home/airflow/sandbox/lib/python3.8/site-packages/airflow/example_dags/example_latest_only_with_trigger.py
[2021-06-25 09:21:43,490] {scheduler_job.py:643} INFO - DAG(s) dict_keys(['latest_only_with_trigger']) retrieved from /home/airflow/sandbox/lib/python3.8/site-packages/airflow/example_dags/example_latest_only_with_trigger.py
[2021-06-25 09:21:43,534] {logging_mixin.py:104} INFO - [2021-06-25 09:21:43,534] {dag.py:1832} INFO - Sync 1 DAGs
[2021-06-25 09:21:43,557] {logging_mixin.py:104} INFO - [2021-06-25 09:21:43,557] {dag.py:2305} INFO - Setting next_dagrun for latest_only_with_trigger to 2021-06-23 00:00:00+00:00
[2021-06-25 09:21:43,570] {scheduler_job.py:190} INFO - Processing /home/airflow/sandbox/lib/python3.8/site-packages/airflow/example_dags/example_latest_only_with_trigger.py took 0.113 seconds
[2021-06-25 09:22:13,615] {scheduler_job.py:182} INFO - Started process (PID=10130) to work on /home/airflow/sandbox/lib/python3.8/site-packages/airflow/example_dags/example_latest_only_with_trigger.py
[2021-06-25 09:22:13,617] {scheduler_job.py:633} INFO - Processing file /home/airflow/sandbox/lib/python3.8/site-packages/airflow/example_dags/example_latest_only_with_trigger.py for tasks to queue
[2021-06-25 09:22:13,618] {logging_mixin.py:104} INFO - [2021-06-25 09:22:13,618] {dagbag.py:487} INFO - Filling up the DagBag from /home/airflow/sandbox/lib/python3.8/site-packages/airflow/example_dags/example_latest_only_with_trigger.py
[2021-06-25 09:22:13,629] {scheduler_job.py:643} INFO - DAG(s) dict_keys(['latest_only_with_trigger']) retrieved from /home/airflow/sandbox/lib/python3.8/site-packages/airflow/example_dags/example_latest_only_with_trigger.py
[2021-06-25 09:22:13,671] {logging_mixin.py:104} INFO - [2021-06-25 09:22:13,670] {dag.py:1832} INFO - Sync 1 DAGs
[2021-06-25 09:22:13,693] {logging_mixin.py:104} INFO - [2021-06-25 09:22:13,693] {dag.py:2305} INFO - Setting next_dagrun for latest_only_with_trigger to 2021-06-23 00:00:00+00:00
[2021-06-25 09:22:13,706] {scheduler_job.py:190} INFO - Processing /home/airflow/sandbox/lib/python3.8/site-packages/airflow/example_dags/example_latest_only_with_trigger.py took 0.095 seconds
[2021-06-25 09:22:45,047] {scheduler_job.py:182} INFO - Started process (PID=10200) to work on /home/airflow/sandbox/lib/python3.8/site-packages/airflow/example_dags/example_latest_only_with_trigger.py
[2021-06-25 09:22:45,053] {scheduler_job.py:633} INFO - Processing file /home/airflow/sandbox/lib/python3.8/site-packages/airflow/example_dags/example_latest_only_with_trigger.py for tasks to queue
[2021-06-25 09:22:45,060] {logging_mixin.py:104} INFO - [2021-06-25 09:22:45,060] {dagbag.py:487} INFO - Filling up the DagBag from /home/airflow/sandbox/lib/python3.8/site-packages/airflow/example_dags/example_latest_only_with_trigger.py
[2021-06-25 09:22:45,082] {scheduler_job.py:643} INFO - DAG(s) dict_keys(['latest_only_with_trigger']) retrieved from /home/airflow/sandbox/lib/python3.8/site-packages/airflow/example_dags/example_latest_only_with_trigger.py
[2021-06-25 09:22:45,120] {logging_mixin.py:104} INFO - [2021-06-25 09:22:45,120] {dag.py:1832} INFO - Sync 1 DAGs
[2021-06-25 09:22:45,154] {logging_mixin.py:104} INFO - [2021-06-25 09:22:45,154] {dag.py:2305} INFO - Setting next_dagrun for latest_only_with_trigger to 2021-06-23 00:00:00+00:00
[2021-06-25 09:22:45,186] {scheduler_job.py:190} INFO - Processing /home/airflow/sandbox/lib/python3.8/site-packages/airflow/example_dags/example_latest_only_with_trigger.py took 0.149 seconds
[2021-06-25 09:24:06,291] {scheduler_job.py:182} INFO - Started process (PID=10472) to work on /home/airflow/sandbox/lib/python3.8/site-packages/airflow/example_dags/example_latest_only_with_trigger.py
[2021-06-25 09:24:06,292] {scheduler_job.py:633} INFO - Processing file /home/airflow/sandbox/lib/python3.8/site-packages/airflow/example_dags/example_latest_only_with_trigger.py for tasks to queue
[2021-06-25 09:24:06,293] {logging_mixin.py:104} INFO - [2021-06-25 09:24:06,293] {dagbag.py:487} INFO - Filling up the DagBag from /home/airflow/sandbox/lib/python3.8/site-packages/airflow/example_dags/example_latest_only_with_trigger.py
[2021-06-25 09:24:06,317] {scheduler_job.py:643} INFO - DAG(s) dict_keys(['latest_only_with_trigger']) retrieved from /home/airflow/sandbox/lib/python3.8/site-packages/airflow/example_dags/example_latest_only_with_trigger.py
[2021-06-25 09:24:06,362] {logging_mixin.py:104} INFO - [2021-06-25 09:24:06,362] {dag.py:1832} INFO - Sync 1 DAGs
[2021-06-25 09:24:06,395] {logging_mixin.py:104} INFO - [2021-06-25 09:24:06,395] {dag.py:2305} INFO - Setting next_dagrun for latest_only_with_trigger to 2021-06-23 00:00:00+00:00
[2021-06-25 09:24:06,415] {scheduler_job.py:190} INFO - Processing /home/airflow/sandbox/lib/python3.8/site-packages/airflow/example_dags/example_latest_only_with_trigger.py took 0.126 seconds
[2021-06-25 09:24:37,333] {scheduler_job.py:182} INFO - Started process (PID=10683) to work on /home/airflow/sandbox/lib/python3.8/site-packages/airflow/example_dags/example_latest_only_with_trigger.py
[2021-06-25 09:24:37,335] {scheduler_job.py:633} INFO - Processing file /home/airflow/sandbox/lib/python3.8/site-packages/airflow/example_dags/example_latest_only_with_trigger.py for tasks to queue
[2021-06-25 09:24:37,336] {logging_mixin.py:104} INFO - [2021-06-25 09:24:37,336] {dagbag.py:487} INFO - Filling up the DagBag from /home/airflow/sandbox/lib/python3.8/site-packages/airflow/example_dags/example_latest_only_with_trigger.py
[2021-06-25 09:24:37,364] {scheduler_job.py:643} INFO - DAG(s) dict_keys(['latest_only_with_trigger']) retrieved from /home/airflow/sandbox/lib/python3.8/site-packages/airflow/example_dags/example_latest_only_with_trigger.py
[2021-06-25 09:24:37,415] {logging_mixin.py:104} INFO - [2021-06-25 09:24:37,415] {dag.py:1832} INFO - Sync 1 DAGs
[2021-06-25 09:24:37,435] {logging_mixin.py:104} INFO - [2021-06-25 09:24:37,435] {dag.py:2305} INFO - Setting next_dagrun for latest_only_with_trigger to 2021-06-23 00:00:00+00:00
[2021-06-25 09:24:37,448] {scheduler_job.py:190} INFO - Processing /home/airflow/sandbox/lib/python3.8/site-packages/airflow/example_dags/example_latest_only_with_trigger.py took 0.119 seconds
[2021-06-25 09:25:08,258] {scheduler_job.py:182} INFO - Started process (PID=10883) to work on /home/airflow/sandbox/lib/python3.8/site-packages/airflow/example_dags/example_latest_only_with_trigger.py
[2021-06-25 09:25:08,269] {scheduler_job.py:633} INFO - Processing file /home/airflow/sandbox/lib/python3.8/site-packages/airflow/example_dags/example_latest_only_with_trigger.py for tasks to queue
[2021-06-25 09:25:08,270] {logging_mixin.py:104} INFO - [2021-06-25 09:25:08,269] {dagbag.py:487} INFO - Filling up the DagBag from /home/airflow/sandbox/lib/python3.8/site-packages/airflow/example_dags/example_latest_only_with_trigger.py
[2021-06-25 09:25:08,292] {scheduler_job.py:643} INFO - DAG(s) dict_keys(['latest_only_with_trigger']) retrieved from /home/airflow/sandbox/lib/python3.8/site-packages/airflow/example_dags/example_latest_only_with_trigger.py
[2021-06-25 09:25:08,338] {logging_mixin.py:104} INFO - [2021-06-25 09:25:08,338] {dag.py:1832} INFO - Sync 1 DAGs
[2021-06-25 09:25:08,356] {logging_mixin.py:104} INFO - [2021-06-25 09:25:08,356] {dag.py:2305} INFO - Setting next_dagrun for latest_only_with_trigger to 2021-06-23 00:00:00+00:00
[2021-06-25 09:25:08,409] {scheduler_job.py:190} INFO - Processing /home/airflow/sandbox/lib/python3.8/site-packages/airflow/example_dags/example_latest_only_with_trigger.py took 0.166 seconds
[2021-06-25 09:25:39,180] {scheduler_job.py:182} INFO - Started process (PID=11080) to work on /home/airflow/sandbox/lib/python3.8/site-packages/airflow/example_dags/example_latest_only_with_trigger.py
[2021-06-25 09:25:39,185] {scheduler_job.py:633} INFO - Processing file /home/airflow/sandbox/lib/python3.8/site-packages/airflow/example_dags/example_latest_only_with_trigger.py for tasks to queue
[2021-06-25 09:25:39,188] {logging_mixin.py:104} INFO - [2021-06-25 09:25:39,188] {dagbag.py:487} INFO - Filling up the DagBag from /home/airflow/sandbox/lib/python3.8/site-packages/airflow/example_dags/example_latest_only_with_trigger.py
[2021-06-25 09:25:39,215] {scheduler_job.py:643} INFO - DAG(s) dict_keys(['latest_only_with_trigger']) retrieved from /home/airflow/sandbox/lib/python3.8/site-packages/airflow/example_dags/example_latest_only_with_trigger.py
[2021-06-25 09:25:39,274] {logging_mixin.py:104} INFO - [2021-06-25 09:25:39,273] {dag.py:1832} INFO - Sync 1 DAGs
[2021-06-25 09:25:39,300] {logging_mixin.py:104} INFO - [2021-06-25 09:25:39,300] {dag.py:2305} INFO - Setting next_dagrun for latest_only_with_trigger to 2021-06-23 00:00:00+00:00
[2021-06-25 09:25:39,319] {scheduler_job.py:190} INFO - Processing /home/airflow/sandbox/lib/python3.8/site-packages/airflow/example_dags/example_latest_only_with_trigger.py took 0.144 seconds
[2021-06-25 09:26:10,299] {scheduler_job.py:182} INFO - Started process (PID=11280) to work on /home/airflow/sandbox/lib/python3.8/site-packages/airflow/example_dags/example_latest_only_with_trigger.py
[2021-06-25 09:26:10,303] {scheduler_job.py:633} INFO - Processing file /home/airflow/sandbox/lib/python3.8/site-packages/airflow/example_dags/example_latest_only_with_trigger.py for tasks to queue
[2021-06-25 09:26:10,307] {logging_mixin.py:104} INFO - [2021-06-25 09:26:10,306] {dagbag.py:487} INFO - Filling up the DagBag from /home/airflow/sandbox/lib/python3.8/site-packages/airflow/example_dags/example_latest_only_with_trigger.py
[2021-06-25 09:26:10,333] {scheduler_job.py:643} INFO - DAG(s) dict_keys(['latest_only_with_trigger']) retrieved from /home/airflow/sandbox/lib/python3.8/site-packages/airflow/example_dags/example_latest_only_with_trigger.py
[2021-06-25 09:26:10,382] {logging_mixin.py:104} INFO - [2021-06-25 09:26:10,382] {dag.py:1832} INFO - Sync 1 DAGs
[2021-06-25 09:26:10,403] {logging_mixin.py:104} INFO - [2021-06-25 09:26:10,403] {dag.py:2305} INFO - Setting next_dagrun for latest_only_with_trigger to 2021-06-23 00:00:00+00:00
[2021-06-25 09:26:10,460] {scheduler_job.py:190} INFO - Processing /home/airflow/sandbox/lib/python3.8/site-packages/airflow/example_dags/example_latest_only_with_trigger.py took 0.170 seconds
[2021-06-25 09:27:03,945] {scheduler_job.py:182} INFO - Started process (PID=11637) to work on /home/airflow/sandbox/lib/python3.8/site-packages/airflow/example_dags/example_latest_only_with_trigger.py
[2021-06-25 09:27:03,946] {scheduler_job.py:633} INFO - Processing file /home/airflow/sandbox/lib/python3.8/site-packages/airflow/example_dags/example_latest_only_with_trigger.py for tasks to queue
[2021-06-25 09:27:03,947] {logging_mixin.py:104} INFO - [2021-06-25 09:27:03,947] {dagbag.py:487} INFO - Filling up the DagBag from /home/airflow/sandbox/lib/python3.8/site-packages/airflow/example_dags/example_latest_only_with_trigger.py
[2021-06-25 09:27:03,986] {scheduler_job.py:643} INFO - DAG(s) dict_keys(['latest_only_with_trigger']) retrieved from /home/airflow/sandbox/lib/python3.8/site-packages/airflow/example_dags/example_latest_only_with_trigger.py
[2021-06-25 09:27:04,080] {logging_mixin.py:104} INFO - [2021-06-25 09:27:04,080] {dag.py:1832} INFO - Sync 1 DAGs
[2021-06-25 09:27:04,112] {logging_mixin.py:104} INFO - [2021-06-25 09:27:04,112] {dag.py:2305} INFO - Setting next_dagrun for latest_only_with_trigger to 2021-06-23 00:00:00+00:00
[2021-06-25 09:27:04,147] {scheduler_job.py:190} INFO - Processing /home/airflow/sandbox/lib/python3.8/site-packages/airflow/example_dags/example_latest_only_with_trigger.py took 0.208 seconds
[2021-06-25 09:27:35,430] {scheduler_job.py:182} INFO - Started process (PID=11851) to work on /home/airflow/sandbox/lib/python3.8/site-packages/airflow/example_dags/example_latest_only_with_trigger.py
[2021-06-25 09:27:35,438] {scheduler_job.py:633} INFO - Processing file /home/airflow/sandbox/lib/python3.8/site-packages/airflow/example_dags/example_latest_only_with_trigger.py for tasks to queue
[2021-06-25 09:27:35,440] {logging_mixin.py:104} INFO - [2021-06-25 09:27:35,440] {dagbag.py:487} INFO - Filling up the DagBag from /home/airflow/sandbox/lib/python3.8/site-packages/airflow/example_dags/example_latest_only_with_trigger.py
[2021-06-25 09:27:35,492] {scheduler_job.py:643} INFO - DAG(s) dict_keys(['latest_only_with_trigger']) retrieved from /home/airflow/sandbox/lib/python3.8/site-packages/airflow/example_dags/example_latest_only_with_trigger.py
[2021-06-25 09:27:35,600] {logging_mixin.py:104} INFO - [2021-06-25 09:27:35,600] {dag.py:1832} INFO - Sync 1 DAGs
[2021-06-25 09:27:35,655] {logging_mixin.py:104} INFO - [2021-06-25 09:27:35,655] {dag.py:2305} INFO - Setting next_dagrun for latest_only_with_trigger to 2021-06-23 00:00:00+00:00
[2021-06-25 09:27:35,687] {scheduler_job.py:190} INFO - Processing /home/airflow/sandbox/lib/python3.8/site-packages/airflow/example_dags/example_latest_only_with_trigger.py took 0.273 seconds
[2021-06-25 09:28:08,311] {scheduler_job.py:182} INFO - Started process (PID=12051) to work on /home/airflow/sandbox/lib/python3.8/site-packages/airflow/example_dags/example_latest_only_with_trigger.py
[2021-06-25 09:28:08,314] {scheduler_job.py:633} INFO - Processing file /home/airflow/sandbox/lib/python3.8/site-packages/airflow/example_dags/example_latest_only_with_trigger.py for tasks to queue
[2021-06-25 09:28:08,323] {logging_mixin.py:104} INFO - [2021-06-25 09:28:08,323] {dagbag.py:487} INFO - Filling up the DagBag from /home/airflow/sandbox/lib/python3.8/site-packages/airflow/example_dags/example_latest_only_with_trigger.py
[2021-06-25 09:28:08,351] {scheduler_job.py:643} INFO - DAG(s) dict_keys(['latest_only_with_trigger']) retrieved from /home/airflow/sandbox/lib/python3.8/site-packages/airflow/example_dags/example_latest_only_with_trigger.py
[2021-06-25 09:28:08,450] {logging_mixin.py:104} INFO - [2021-06-25 09:28:08,449] {dag.py:1832} INFO - Sync 1 DAGs
[2021-06-25 09:28:08,490] {logging_mixin.py:104} INFO - [2021-06-25 09:28:08,490] {dag.py:2305} INFO - Setting next_dagrun for latest_only_with_trigger to 2021-06-23 00:00:00+00:00
[2021-06-25 09:28:08,530] {scheduler_job.py:190} INFO - Processing /home/airflow/sandbox/lib/python3.8/site-packages/airflow/example_dags/example_latest_only_with_trigger.py took 0.225 seconds
[2021-06-25 09:28:39,912] {scheduler_job.py:182} INFO - Started process (PID=12251) to work on /home/airflow/sandbox/lib/python3.8/site-packages/airflow/example_dags/example_latest_only_with_trigger.py
[2021-06-25 09:28:39,914] {scheduler_job.py:633} INFO - Processing file /home/airflow/sandbox/lib/python3.8/site-packages/airflow/example_dags/example_latest_only_with_trigger.py for tasks to queue
[2021-06-25 09:28:39,915] {logging_mixin.py:104} INFO - [2021-06-25 09:28:39,915] {dagbag.py:487} INFO - Filling up the DagBag from /home/airflow/sandbox/lib/python3.8/site-packages/airflow/example_dags/example_latest_only_with_trigger.py
[2021-06-25 09:28:39,933] {scheduler_job.py:643} INFO - DAG(s) dict_keys(['latest_only_with_trigger']) retrieved from /home/airflow/sandbox/lib/python3.8/site-packages/airflow/example_dags/example_latest_only_with_trigger.py
[2021-06-25 09:28:40,000] {logging_mixin.py:104} INFO - [2021-06-25 09:28:40,000] {dag.py:1832} INFO - Sync 1 DAGs
[2021-06-25 09:28:40,032] {logging_mixin.py:104} INFO - [2021-06-25 09:28:40,031] {dag.py:2305} INFO - Setting next_dagrun for latest_only_with_trigger to 2021-06-23 00:00:00+00:00
[2021-06-25 09:28:40,054] {scheduler_job.py:190} INFO - Processing /home/airflow/sandbox/lib/python3.8/site-packages/airflow/example_dags/example_latest_only_with_trigger.py took 0.154 seconds
[2021-06-25 09:29:11,171] {scheduler_job.py:182} INFO - Started process (PID=12452) to work on /home/airflow/sandbox/lib/python3.8/site-packages/airflow/example_dags/example_latest_only_with_trigger.py
[2021-06-25 09:29:11,177] {scheduler_job.py:633} INFO - Processing file /home/airflow/sandbox/lib/python3.8/site-packages/airflow/example_dags/example_latest_only_with_trigger.py for tasks to queue
[2021-06-25 09:29:11,183] {logging_mixin.py:104} INFO - [2021-06-25 09:29:11,183] {dagbag.py:487} INFO - Filling up the DagBag from /home/airflow/sandbox/lib/python3.8/site-packages/airflow/example_dags/example_latest_only_with_trigger.py
[2021-06-25 09:29:11,202] {scheduler_job.py:643} INFO - DAG(s) dict_keys(['latest_only_with_trigger']) retrieved from /home/airflow/sandbox/lib/python3.8/site-packages/airflow/example_dags/example_latest_only_with_trigger.py
[2021-06-25 09:29:11,249] {logging_mixin.py:104} INFO - [2021-06-25 09:29:11,249] {dag.py:1832} INFO - Sync 1 DAGs
[2021-06-25 09:29:11,270] {logging_mixin.py:104} INFO - [2021-06-25 09:29:11,270] {dag.py:2305} INFO - Setting next_dagrun for latest_only_with_trigger to 2021-06-23 00:00:00+00:00
[2021-06-25 09:29:11,296] {scheduler_job.py:190} INFO - Processing /home/airflow/sandbox/lib/python3.8/site-packages/airflow/example_dags/example_latest_only_with_trigger.py took 0.128 seconds
[2021-06-25 09:30:31,170] {scheduler_job.py:182} INFO - Started process (PID=12737) to work on /home/airflow/sandbox/lib/python3.8/site-packages/airflow/example_dags/example_latest_only_with_trigger.py
[2021-06-25 09:30:31,175] {scheduler_job.py:633} INFO - Processing file /home/airflow/sandbox/lib/python3.8/site-packages/airflow/example_dags/example_latest_only_with_trigger.py for tasks to queue
[2021-06-25 09:30:31,178] {logging_mixin.py:104} INFO - [2021-06-25 09:30:31,178] {dagbag.py:487} INFO - Filling up the DagBag from /home/airflow/sandbox/lib/python3.8/site-packages/airflow/example_dags/example_latest_only_with_trigger.py
[2021-06-25 09:30:31,205] {scheduler_job.py:643} INFO - DAG(s) dict_keys(['latest_only_with_trigger']) retrieved from /home/airflow/sandbox/lib/python3.8/site-packages/airflow/example_dags/example_latest_only_with_trigger.py
[2021-06-25 09:30:31,239] {logging_mixin.py:104} INFO - [2021-06-25 09:30:31,239] {dag.py:1832} INFO - Sync 1 DAGs
[2021-06-25 09:30:31,258] {logging_mixin.py:104} INFO - [2021-06-25 09:30:31,258] {dag.py:2305} INFO - Setting next_dagrun for latest_only_with_trigger to 2021-06-23 00:00:00+00:00
[2021-06-25 09:30:31,279] {scheduler_job.py:190} INFO - Processing /home/airflow/sandbox/lib/python3.8/site-packages/airflow/example_dags/example_latest_only_with_trigger.py took 0.125 seconds
[2021-06-25 09:31:02,105] {scheduler_job.py:182} INFO - Started process (PID=12937) to work on /home/airflow/sandbox/lib/python3.8/site-packages/airflow/example_dags/example_latest_only_with_trigger.py
[2021-06-25 09:31:02,109] {scheduler_job.py:633} INFO - Processing file /home/airflow/sandbox/lib/python3.8/site-packages/airflow/example_dags/example_latest_only_with_trigger.py for tasks to queue
[2021-06-25 09:31:02,117] {logging_mixin.py:104} INFO - [2021-06-25 09:31:02,117] {dagbag.py:487} INFO - Filling up the DagBag from /home/airflow/sandbox/lib/python3.8/site-packages/airflow/example_dags/example_latest_only_with_trigger.py
[2021-06-25 09:31:02,156] {scheduler_job.py:643} INFO - DAG(s) dict_keys(['latest_only_with_trigger']) retrieved from /home/airflow/sandbox/lib/python3.8/site-packages/airflow/example_dags/example_latest_only_with_trigger.py
[2021-06-25 09:31:02,241] {logging_mixin.py:104} INFO - [2021-06-25 09:31:02,241] {dag.py:1832} INFO - Sync 1 DAGs
[2021-06-25 09:31:02,276] {logging_mixin.py:104} INFO - [2021-06-25 09:31:02,275] {dag.py:2305} INFO - Setting next_dagrun for latest_only_with_trigger to 2021-06-23 00:00:00+00:00
[2021-06-25 09:31:02,325] {scheduler_job.py:190} INFO - Processing /home/airflow/sandbox/lib/python3.8/site-packages/airflow/example_dags/example_latest_only_with_trigger.py took 0.235 seconds
[2021-06-25 09:31:33,358] {scheduler_job.py:182} INFO - Started process (PID=13137) to work on /home/airflow/sandbox/lib/python3.8/site-packages/airflow/example_dags/example_latest_only_with_trigger.py
[2021-06-25 09:31:33,363] {scheduler_job.py:633} INFO - Processing file /home/airflow/sandbox/lib/python3.8/site-packages/airflow/example_dags/example_latest_only_with_trigger.py for tasks to queue
[2021-06-25 09:31:33,365] {logging_mixin.py:104} INFO - [2021-06-25 09:31:33,365] {dagbag.py:487} INFO - Filling up the DagBag from /home/airflow/sandbox/lib/python3.8/site-packages/airflow/example_dags/example_latest_only_with_trigger.py
[2021-06-25 09:31:33,381] {scheduler_job.py:643} INFO - DAG(s) dict_keys(['latest_only_with_trigger']) retrieved from /home/airflow/sandbox/lib/python3.8/site-packages/airflow/example_dags/example_latest_only_with_trigger.py
[2021-06-25 09:31:33,439] {logging_mixin.py:104} INFO - [2021-06-25 09:31:33,439] {dag.py:1832} INFO - Sync 1 DAGs
[2021-06-25 09:31:33,462] {logging_mixin.py:104} INFO - [2021-06-25 09:31:33,462] {dag.py:2305} INFO - Setting next_dagrun for latest_only_with_trigger to 2021-06-23 00:00:00+00:00
[2021-06-25 09:31:33,494] {scheduler_job.py:190} INFO - Processing /home/airflow/sandbox/lib/python3.8/site-packages/airflow/example_dags/example_latest_only_with_trigger.py took 0.141 seconds
[2021-06-25 09:32:10,692] {scheduler_job.py:182} INFO - Started process (PID=13339) to work on /home/airflow/sandbox/lib/python3.8/site-packages/airflow/example_dags/example_latest_only_with_trigger.py
[2021-06-25 09:32:10,695] {scheduler_job.py:633} INFO - Processing file /home/airflow/sandbox/lib/python3.8/site-packages/airflow/example_dags/example_latest_only_with_trigger.py for tasks to queue
[2021-06-25 09:32:10,697] {logging_mixin.py:104} INFO - [2021-06-25 09:32:10,697] {dagbag.py:487} INFO - Filling up the DagBag from /home/airflow/sandbox/lib/python3.8/site-packages/airflow/example_dags/example_latest_only_with_trigger.py
[2021-06-25 09:32:10,745] {scheduler_job.py:643} INFO - DAG(s) dict_keys(['latest_only_with_trigger']) retrieved from /home/airflow/sandbox/lib/python3.8/site-packages/airflow/example_dags/example_latest_only_with_trigger.py
[2021-06-25 09:32:10,858] {logging_mixin.py:104} INFO - [2021-06-25 09:32:10,858] {dag.py:1832} INFO - Sync 1 DAGs
[2021-06-25 09:32:10,919] {logging_mixin.py:104} INFO - [2021-06-25 09:32:10,918] {dag.py:2305} INFO - Setting next_dagrun for latest_only_with_trigger to 2021-06-23 00:00:00+00:00
[2021-06-25 09:32:10,997] {scheduler_job.py:190} INFO - Processing /home/airflow/sandbox/lib/python3.8/site-packages/airflow/example_dags/example_latest_only_with_trigger.py took 0.315 seconds
[2021-06-25 09:32:41,135] {scheduler_job.py:182} INFO - Started process (PID=13539) to work on /home/airflow/sandbox/lib/python3.8/site-packages/airflow/example_dags/example_latest_only_with_trigger.py
[2021-06-25 09:32:41,139] {scheduler_job.py:633} INFO - Processing file /home/airflow/sandbox/lib/python3.8/site-packages/airflow/example_dags/example_latest_only_with_trigger.py for tasks to queue
[2021-06-25 09:32:41,143] {logging_mixin.py:104} INFO - [2021-06-25 09:32:41,143] {dagbag.py:487} INFO - Filling up the DagBag from /home/airflow/sandbox/lib/python3.8/site-packages/airflow/example_dags/example_latest_only_with_trigger.py
[2021-06-25 09:32:41,165] {scheduler_job.py:643} INFO - DAG(s) dict_keys(['latest_only_with_trigger']) retrieved from /home/airflow/sandbox/lib/python3.8/site-packages/airflow/example_dags/example_latest_only_with_trigger.py
[2021-06-25 09:32:41,209] {logging_mixin.py:104} INFO - [2021-06-25 09:32:41,209] {dag.py:1832} INFO - Sync 1 DAGs
[2021-06-25 09:32:41,230] {logging_mixin.py:104} INFO - [2021-06-25 09:32:41,230] {dag.py:2305} INFO - Setting next_dagrun for latest_only_with_trigger to 2021-06-23 00:00:00+00:00
[2021-06-25 09:32:41,246] {scheduler_job.py:190} INFO - Processing /home/airflow/sandbox/lib/python3.8/site-packages/airflow/example_dags/example_latest_only_with_trigger.py took 0.115 seconds
[2021-06-25 09:33:12,057] {scheduler_job.py:182} INFO - Started process (PID=13740) to work on /home/airflow/sandbox/lib/python3.8/site-packages/airflow/example_dags/example_latest_only_with_trigger.py
[2021-06-25 09:33:12,069] {scheduler_job.py:633} INFO - Processing file /home/airflow/sandbox/lib/python3.8/site-packages/airflow/example_dags/example_latest_only_with_trigger.py for tasks to queue
[2021-06-25 09:33:12,070] {logging_mixin.py:104} INFO - [2021-06-25 09:33:12,070] {dagbag.py:487} INFO - Filling up the DagBag from /home/airflow/sandbox/lib/python3.8/site-packages/airflow/example_dags/example_latest_only_with_trigger.py
[2021-06-25 09:33:12,090] {scheduler_job.py:643} INFO - DAG(s) dict_keys(['latest_only_with_trigger']) retrieved from /home/airflow/sandbox/lib/python3.8/site-packages/airflow/example_dags/example_latest_only_with_trigger.py
[2021-06-25 09:33:12,122] {logging_mixin.py:104} INFO - [2021-06-25 09:33:12,122] {dag.py:1832} INFO - Sync 1 DAGs
[2021-06-25 09:33:12,149] {logging_mixin.py:104} INFO - [2021-06-25 09:33:12,149] {dag.py:2305} INFO - Setting next_dagrun for latest_only_with_trigger to 2021-06-23 00:00:00+00:00
[2021-06-25 09:33:12,171] {scheduler_job.py:190} INFO - Processing /home/airflow/sandbox/lib/python3.8/site-packages/airflow/example_dags/example_latest_only_with_trigger.py took 0.119 seconds
[2021-06-25 09:33:42,506] {scheduler_job.py:182} INFO - Started process (PID=13942) to work on /home/airflow/sandbox/lib/python3.8/site-packages/airflow/example_dags/example_latest_only_with_trigger.py
[2021-06-25 09:33:42,507] {scheduler_job.py:633} INFO - Processing file /home/airflow/sandbox/lib/python3.8/site-packages/airflow/example_dags/example_latest_only_with_trigger.py for tasks to queue
[2021-06-25 09:33:42,508] {logging_mixin.py:104} INFO - [2021-06-25 09:33:42,508] {dagbag.py:487} INFO - Filling up the DagBag from /home/airflow/sandbox/lib/python3.8/site-packages/airflow/example_dags/example_latest_only_with_trigger.py
[2021-06-25 09:33:42,526] {scheduler_job.py:643} INFO - DAG(s) dict_keys(['latest_only_with_trigger']) retrieved from /home/airflow/sandbox/lib/python3.8/site-packages/airflow/example_dags/example_latest_only_with_trigger.py
[2021-06-25 09:33:42,561] {logging_mixin.py:104} INFO - [2021-06-25 09:33:42,561] {dag.py:1832} INFO - Sync 1 DAGs
[2021-06-25 09:33:42,584] {logging_mixin.py:104} INFO - [2021-06-25 09:33:42,584] {dag.py:2305} INFO - Setting next_dagrun for latest_only_with_trigger to 2021-06-23 00:00:00+00:00
[2021-06-25 09:33:42,601] {scheduler_job.py:190} INFO - Processing /home/airflow/sandbox/lib/python3.8/site-packages/airflow/example_dags/example_latest_only_with_trigger.py took 0.100 seconds
[2021-06-25 09:34:13,432] {scheduler_job.py:182} INFO - Started process (PID=14140) to work on /home/airflow/sandbox/lib/python3.8/site-packages/airflow/example_dags/example_latest_only_with_trigger.py
[2021-06-25 09:34:13,433] {scheduler_job.py:633} INFO - Processing file /home/airflow/sandbox/lib/python3.8/site-packages/airflow/example_dags/example_latest_only_with_trigger.py for tasks to queue
[2021-06-25 09:34:13,435] {logging_mixin.py:104} INFO - [2021-06-25 09:34:13,434] {dagbag.py:487} INFO - Filling up the DagBag from /home/airflow/sandbox/lib/python3.8/site-packages/airflow/example_dags/example_latest_only_with_trigger.py
[2021-06-25 09:34:13,459] {scheduler_job.py:643} INFO - DAG(s) dict_keys(['latest_only_with_trigger']) retrieved from /home/airflow/sandbox/lib/python3.8/site-packages/airflow/example_dags/example_latest_only_with_trigger.py
[2021-06-25 09:34:13,521] {logging_mixin.py:104} INFO - [2021-06-25 09:34:13,521] {dag.py:1832} INFO - Sync 1 DAGs
[2021-06-25 09:34:13,546] {logging_mixin.py:104} INFO - [2021-06-25 09:34:13,546] {dag.py:2305} INFO - Setting next_dagrun for latest_only_with_trigger to 2021-06-23 00:00:00+00:00
[2021-06-25 09:34:13,563] {scheduler_job.py:190} INFO - Processing /home/airflow/sandbox/lib/python3.8/site-packages/airflow/example_dags/example_latest_only_with_trigger.py took 0.136 seconds
[2021-06-25 09:34:44,146] {scheduler_job.py:182} INFO - Started process (PID=14340) to work on /home/airflow/sandbox/lib/python3.8/site-packages/airflow/example_dags/example_latest_only_with_trigger.py
[2021-06-25 09:34:44,147] {scheduler_job.py:633} INFO - Processing file /home/airflow/sandbox/lib/python3.8/site-packages/airflow/example_dags/example_latest_only_with_trigger.py for tasks to queue
[2021-06-25 09:34:44,148] {logging_mixin.py:104} INFO - [2021-06-25 09:34:44,148] {dagbag.py:487} INFO - Filling up the DagBag from /home/airflow/sandbox/lib/python3.8/site-packages/airflow/example_dags/example_latest_only_with_trigger.py
[2021-06-25 09:34:44,172] {scheduler_job.py:643} INFO - DAG(s) dict_keys(['latest_only_with_trigger']) retrieved from /home/airflow/sandbox/lib/python3.8/site-packages/airflow/example_dags/example_latest_only_with_trigger.py
[2021-06-25 09:34:44,208] {logging_mixin.py:104} INFO - [2021-06-25 09:34:44,208] {dag.py:1832} INFO - Sync 1 DAGs
[2021-06-25 09:34:44,231] {logging_mixin.py:104} INFO - [2021-06-25 09:34:44,231] {dag.py:2305} INFO - Setting next_dagrun for latest_only_with_trigger to 2021-06-23 00:00:00+00:00
[2021-06-25 09:34:44,246] {scheduler_job.py:190} INFO - Processing /home/airflow/sandbox/lib/python3.8/site-packages/airflow/example_dags/example_latest_only_with_trigger.py took 0.103 seconds
[2021-06-25 09:35:15,640] {scheduler_job.py:182} INFO - Started process (PID=14626) to work on /home/airflow/sandbox/lib/python3.8/site-packages/airflow/example_dags/example_latest_only_with_trigger.py
[2021-06-25 09:35:15,643] {scheduler_job.py:633} INFO - Processing file /home/airflow/sandbox/lib/python3.8/site-packages/airflow/example_dags/example_latest_only_with_trigger.py for tasks to queue
[2021-06-25 09:35:15,644] {logging_mixin.py:104} INFO - [2021-06-25 09:35:15,644] {dagbag.py:487} INFO - Filling up the DagBag from /home/airflow/sandbox/lib/python3.8/site-packages/airflow/example_dags/example_latest_only_with_trigger.py
[2021-06-25 09:35:15,668] {scheduler_job.py:643} INFO - DAG(s) dict_keys(['latest_only_with_trigger']) retrieved from /home/airflow/sandbox/lib/python3.8/site-packages/airflow/example_dags/example_latest_only_with_trigger.py
[2021-06-25 09:35:15,710] {logging_mixin.py:104} INFO - [2021-06-25 09:35:15,710] {dag.py:1832} INFO - Sync 1 DAGs
[2021-06-25 09:35:15,728] {logging_mixin.py:104} INFO - [2021-06-25 09:35:15,727] {dag.py:2305} INFO - Setting next_dagrun for latest_only_with_trigger to 2021-06-23 00:00:00+00:00
[2021-06-25 09:35:15,747] {scheduler_job.py:190} INFO - Processing /home/airflow/sandbox/lib/python3.8/site-packages/airflow/example_dags/example_latest_only_with_trigger.py took 0.113 seconds
[2021-06-25 09:35:46,319] {scheduler_job.py:182} INFO - Started process (PID=14880) to work on /home/airflow/sandbox/lib/python3.8/site-packages/airflow/example_dags/example_latest_only_with_trigger.py
[2021-06-25 09:35:46,322] {scheduler_job.py:633} INFO - Processing file /home/airflow/sandbox/lib/python3.8/site-packages/airflow/example_dags/example_latest_only_with_trigger.py for tasks to queue
[2021-06-25 09:35:46,325] {logging_mixin.py:104} INFO - [2021-06-25 09:35:46,325] {dagbag.py:487} INFO - Filling up the DagBag from /home/airflow/sandbox/lib/python3.8/site-packages/airflow/example_dags/example_latest_only_with_trigger.py
[2021-06-25 09:35:46,347] {scheduler_job.py:643} INFO - DAG(s) dict_keys(['latest_only_with_trigger']) retrieved from /home/airflow/sandbox/lib/python3.8/site-packages/airflow/example_dags/example_latest_only_with_trigger.py
[2021-06-25 09:35:46,385] {logging_mixin.py:104} INFO - [2021-06-25 09:35:46,385] {dag.py:1832} INFO - Sync 1 DAGs
[2021-06-25 09:35:46,416] {logging_mixin.py:104} INFO - [2021-06-25 09:35:46,416] {dag.py:2305} INFO - Setting next_dagrun for latest_only_with_trigger to 2021-06-23 00:00:00+00:00
[2021-06-25 09:35:46,436] {scheduler_job.py:190} INFO - Processing /home/airflow/sandbox/lib/python3.8/site-packages/airflow/example_dags/example_latest_only_with_trigger.py took 0.124 seconds
[2021-06-25 09:36:17,229] {scheduler_job.py:182} INFO - Started process (PID=15081) to work on /home/airflow/sandbox/lib/python3.8/site-packages/airflow/example_dags/example_latest_only_with_trigger.py
[2021-06-25 09:36:17,232] {scheduler_job.py:633} INFO - Processing file /home/airflow/sandbox/lib/python3.8/site-packages/airflow/example_dags/example_latest_only_with_trigger.py for tasks to queue
[2021-06-25 09:36:17,234] {logging_mixin.py:104} INFO - [2021-06-25 09:36:17,234] {dagbag.py:487} INFO - Filling up the DagBag from /home/airflow/sandbox/lib/python3.8/site-packages/airflow/example_dags/example_latest_only_with_trigger.py
[2021-06-25 09:36:17,249] {scheduler_job.py:643} INFO - DAG(s) dict_keys(['latest_only_with_trigger']) retrieved from /home/airflow/sandbox/lib/python3.8/site-packages/airflow/example_dags/example_latest_only_with_trigger.py
[2021-06-25 09:36:17,280] {logging_mixin.py:104} INFO - [2021-06-25 09:36:17,279] {dag.py:1832} INFO - Sync 1 DAGs
[2021-06-25 09:36:17,299] {logging_mixin.py:104} INFO - [2021-06-25 09:36:17,299] {dag.py:2305} INFO - Setting next_dagrun for latest_only_with_trigger to 2021-06-23 00:00:00+00:00
[2021-06-25 09:36:17,317] {scheduler_job.py:190} INFO - Processing /home/airflow/sandbox/lib/python3.8/site-packages/airflow/example_dags/example_latest_only_with_trigger.py took 0.091 seconds
[2021-06-25 09:36:47,395] {scheduler_job.py:182} INFO - Started process (PID=15275) to work on /home/airflow/sandbox/lib/python3.8/site-packages/airflow/example_dags/example_latest_only_with_trigger.py
[2021-06-25 09:36:47,396] {scheduler_job.py:633} INFO - Processing file /home/airflow/sandbox/lib/python3.8/site-packages/airflow/example_dags/example_latest_only_with_trigger.py for tasks to queue
[2021-06-25 09:36:47,397] {logging_mixin.py:104} INFO - [2021-06-25 09:36:47,397] {dagbag.py:487} INFO - Filling up the DagBag from /home/airflow/sandbox/lib/python3.8/site-packages/airflow/example_dags/example_latest_only_with_trigger.py
[2021-06-25 09:36:47,410] {scheduler_job.py:643} INFO - DAG(s) dict_keys(['latest_only_with_trigger']) retrieved from /home/airflow/sandbox/lib/python3.8/site-packages/airflow/example_dags/example_latest_only_with_trigger.py
[2021-06-25 09:36:47,445] {logging_mixin.py:104} INFO - [2021-06-25 09:36:47,445] {dag.py:1832} INFO - Sync 1 DAGs
[2021-06-25 09:36:47,465] {logging_mixin.py:104} INFO - [2021-06-25 09:36:47,464] {dag.py:2305} INFO - Setting next_dagrun for latest_only_with_trigger to 2021-06-23 00:00:00+00:00
[2021-06-25 09:36:47,476] {scheduler_job.py:190} INFO - Processing /home/airflow/sandbox/lib/python3.8/site-packages/airflow/example_dags/example_latest_only_with_trigger.py took 0.085 seconds
[2021-06-25 09:37:17,824] {scheduler_job.py:182} INFO - Started process (PID=15475) to work on /home/airflow/sandbox/lib/python3.8/site-packages/airflow/example_dags/example_latest_only_with_trigger.py
[2021-06-25 09:37:17,826] {scheduler_job.py:633} INFO - Processing file /home/airflow/sandbox/lib/python3.8/site-packages/airflow/example_dags/example_latest_only_with_trigger.py for tasks to queue
[2021-06-25 09:37:17,826] {logging_mixin.py:104} INFO - [2021-06-25 09:37:17,826] {dagbag.py:487} INFO - Filling up the DagBag from /home/airflow/sandbox/lib/python3.8/site-packages/airflow/example_dags/example_latest_only_with_trigger.py
[2021-06-25 09:37:17,838] {scheduler_job.py:643} INFO - DAG(s) dict_keys(['latest_only_with_trigger']) retrieved from /home/airflow/sandbox/lib/python3.8/site-packages/airflow/example_dags/example_latest_only_with_trigger.py
[2021-06-25 09:37:17,867] {logging_mixin.py:104} INFO - [2021-06-25 09:37:17,867] {dag.py:1832} INFO - Sync 1 DAGs
[2021-06-25 09:37:17,886] {logging_mixin.py:104} INFO - [2021-06-25 09:37:17,886] {dag.py:2305} INFO - Setting next_dagrun for latest_only_with_trigger to 2021-06-23 00:00:00+00:00
[2021-06-25 09:37:17,904] {scheduler_job.py:190} INFO - Processing /home/airflow/sandbox/lib/python3.8/site-packages/airflow/example_dags/example_latest_only_with_trigger.py took 0.083 seconds
[2021-06-25 09:37:48,246] {scheduler_job.py:182} INFO - Started process (PID=15668) to work on /home/airflow/sandbox/lib/python3.8/site-packages/airflow/example_dags/example_latest_only_with_trigger.py
[2021-06-25 09:37:48,248] {scheduler_job.py:633} INFO - Processing file /home/airflow/sandbox/lib/python3.8/site-packages/airflow/example_dags/example_latest_only_with_trigger.py for tasks to queue
[2021-06-25 09:37:48,249] {logging_mixin.py:104} INFO - [2021-06-25 09:37:48,249] {dagbag.py:487} INFO - Filling up the DagBag from /home/airflow/sandbox/lib/python3.8/site-packages/airflow/example_dags/example_latest_only_with_trigger.py
[2021-06-25 09:37:48,285] {scheduler_job.py:643} INFO - DAG(s) dict_keys(['latest_only_with_trigger']) retrieved from /home/airflow/sandbox/lib/python3.8/site-packages/airflow/example_dags/example_latest_only_with_trigger.py
[2021-06-25 09:37:48,324] {logging_mixin.py:104} INFO - [2021-06-25 09:37:48,324] {dag.py:1832} INFO - Sync 1 DAGs
[2021-06-25 09:37:48,382] {logging_mixin.py:104} INFO - [2021-06-25 09:37:48,380] {dag.py:2305} INFO - Setting next_dagrun for latest_only_with_trigger to 2021-06-23 00:00:00+00:00
[2021-06-25 09:37:48,407] {scheduler_job.py:190} INFO - Processing /home/airflow/sandbox/lib/python3.8/site-packages/airflow/example_dags/example_latest_only_with_trigger.py took 0.166 seconds
[2021-06-25 09:38:20,278] {scheduler_job.py:182} INFO - Started process (PID=15869) to work on /home/airflow/sandbox/lib/python3.8/site-packages/airflow/example_dags/example_latest_only_with_trigger.py
[2021-06-25 09:38:20,284] {scheduler_job.py:633} INFO - Processing file /home/airflow/sandbox/lib/python3.8/site-packages/airflow/example_dags/example_latest_only_with_trigger.py for tasks to queue
[2021-06-25 09:38:20,288] {logging_mixin.py:104} INFO - [2021-06-25 09:38:20,288] {dagbag.py:487} INFO - Filling up the DagBag from /home/airflow/sandbox/lib/python3.8/site-packages/airflow/example_dags/example_latest_only_with_trigger.py
[2021-06-25 09:38:20,321] {scheduler_job.py:643} INFO - DAG(s) dict_keys(['latest_only_with_trigger']) retrieved from /home/airflow/sandbox/lib/python3.8/site-packages/airflow/example_dags/example_latest_only_with_trigger.py
[2021-06-25 09:38:20,440] {logging_mixin.py:104} INFO - [2021-06-25 09:38:20,440] {dag.py:1832} INFO - Sync 1 DAGs
[2021-06-25 09:38:20,532] {logging_mixin.py:104} INFO - [2021-06-25 09:38:20,531] {dag.py:2305} INFO - Setting next_dagrun for latest_only_with_trigger to 2021-06-23 00:00:00+00:00
[2021-06-25 09:38:20,583] {scheduler_job.py:190} INFO - Processing /home/airflow/sandbox/lib/python3.8/site-packages/airflow/example_dags/example_latest_only_with_trigger.py took 0.327 seconds
[2021-06-25 09:40:08,282] {scheduler_job.py:182} INFO - Started process (PID=16262) to work on /home/airflow/sandbox/lib/python3.8/site-packages/airflow/example_dags/example_latest_only_with_trigger.py
[2021-06-25 09:40:08,291] {scheduler_job.py:633} INFO - Processing file /home/airflow/sandbox/lib/python3.8/site-packages/airflow/example_dags/example_latest_only_with_trigger.py for tasks to queue
[2021-06-25 09:40:08,294] {logging_mixin.py:104} INFO - [2021-06-25 09:40:08,294] {dagbag.py:487} INFO - Filling up the DagBag from /home/airflow/sandbox/lib/python3.8/site-packages/airflow/example_dags/example_latest_only_with_trigger.py
[2021-06-25 09:40:08,492] {scheduler_job.py:643} INFO - DAG(s) dict_keys(['latest_only_with_trigger']) retrieved from /home/airflow/sandbox/lib/python3.8/site-packages/airflow/example_dags/example_latest_only_with_trigger.py
[2021-06-25 09:40:08,632] {logging_mixin.py:104} INFO - [2021-06-25 09:40:08,632] {dag.py:1832} INFO - Sync 1 DAGs
[2021-06-25 09:40:08,721] {logging_mixin.py:104} INFO - [2021-06-25 09:40:08,721] {dag.py:2305} INFO - Setting next_dagrun for latest_only_with_trigger to 2021-06-23 00:00:00+00:00
[2021-06-25 09:40:08,769] {scheduler_job.py:190} INFO - Processing /home/airflow/sandbox/lib/python3.8/site-packages/airflow/example_dags/example_latest_only_with_trigger.py took 0.537 seconds
[2021-06-25 09:40:39,019] {scheduler_job.py:182} INFO - Started process (PID=16454) to work on /home/airflow/sandbox/lib/python3.8/site-packages/airflow/example_dags/example_latest_only_with_trigger.py
[2021-06-25 09:40:39,020] {scheduler_job.py:633} INFO - Processing file /home/airflow/sandbox/lib/python3.8/site-packages/airflow/example_dags/example_latest_only_with_trigger.py for tasks to queue
[2021-06-25 09:40:39,021] {logging_mixin.py:104} INFO - [2021-06-25 09:40:39,021] {dagbag.py:487} INFO - Filling up the DagBag from /home/airflow/sandbox/lib/python3.8/site-packages/airflow/example_dags/example_latest_only_with_trigger.py
[2021-06-25 09:40:39,042] {scheduler_job.py:643} INFO - DAG(s) dict_keys(['latest_only_with_trigger']) retrieved from /home/airflow/sandbox/lib/python3.8/site-packages/airflow/example_dags/example_latest_only_with_trigger.py
[2021-06-25 09:40:39,127] {logging_mixin.py:104} INFO - [2021-06-25 09:40:39,126] {dag.py:1832} INFO - Sync 1 DAGs
[2021-06-25 09:40:39,175] {logging_mixin.py:104} INFO - [2021-06-25 09:40:39,175] {dag.py:2305} INFO - Setting next_dagrun for latest_only_with_trigger to 2021-06-23 00:00:00+00:00
[2021-06-25 09:40:39,198] {scheduler_job.py:190} INFO - Processing /home/airflow/sandbox/lib/python3.8/site-packages/airflow/example_dags/example_latest_only_with_trigger.py took 0.195 seconds
[2021-06-25 09:41:09,582] {scheduler_job.py:182} INFO - Started process (PID=16653) to work on /home/airflow/sandbox/lib/python3.8/site-packages/airflow/example_dags/example_latest_only_with_trigger.py
[2021-06-25 09:41:09,584] {scheduler_job.py:633} INFO - Processing file /home/airflow/sandbox/lib/python3.8/site-packages/airflow/example_dags/example_latest_only_with_trigger.py for tasks to queue
[2021-06-25 09:41:09,585] {logging_mixin.py:104} INFO - [2021-06-25 09:41:09,585] {dagbag.py:487} INFO - Filling up the DagBag from /home/airflow/sandbox/lib/python3.8/site-packages/airflow/example_dags/example_latest_only_with_trigger.py
[2021-06-25 09:41:09,628] {scheduler_job.py:643} INFO - DAG(s) dict_keys(['latest_only_with_trigger']) retrieved from /home/airflow/sandbox/lib/python3.8/site-packages/airflow/example_dags/example_latest_only_with_trigger.py
[2021-06-25 09:41:09,818] {logging_mixin.py:104} INFO - [2021-06-25 09:41:09,811] {dag.py:1832} INFO - Sync 1 DAGs
[2021-06-25 09:41:09,924] {logging_mixin.py:104} INFO - [2021-06-25 09:41:09,924] {dag.py:2305} INFO - Setting next_dagrun for latest_only_with_trigger to 2021-06-23 00:00:00+00:00
[2021-06-25 09:41:10,006] {scheduler_job.py:190} INFO - Processing /home/airflow/sandbox/lib/python3.8/site-packages/airflow/example_dags/example_latest_only_with_trigger.py took 0.437 seconds
[2021-06-25 09:41:40,265] {scheduler_job.py:182} INFO - Started process (PID=16857) to work on /home/airflow/sandbox/lib/python3.8/site-packages/airflow/example_dags/example_latest_only_with_trigger.py
[2021-06-25 09:41:40,269] {scheduler_job.py:633} INFO - Processing file /home/airflow/sandbox/lib/python3.8/site-packages/airflow/example_dags/example_latest_only_with_trigger.py for tasks to queue
[2021-06-25 09:41:40,272] {logging_mixin.py:104} INFO - [2021-06-25 09:41:40,272] {dagbag.py:487} INFO - Filling up the DagBag from /home/airflow/sandbox/lib/python3.8/site-packages/airflow/example_dags/example_latest_only_with_trigger.py
[2021-06-25 09:41:40,294] {scheduler_job.py:643} INFO - DAG(s) dict_keys(['latest_only_with_trigger']) retrieved from /home/airflow/sandbox/lib/python3.8/site-packages/airflow/example_dags/example_latest_only_with_trigger.py
[2021-06-25 09:41:40,337] {logging_mixin.py:104} INFO - [2021-06-25 09:41:40,337] {dag.py:1832} INFO - Sync 1 DAGs
[2021-06-25 09:41:40,358] {logging_mixin.py:104} INFO - [2021-06-25 09:41:40,358] {dag.py:2305} INFO - Setting next_dagrun for latest_only_with_trigger to 2021-06-23 00:00:00+00:00
[2021-06-25 09:41:40,371] {scheduler_job.py:190} INFO - Processing /home/airflow/sandbox/lib/python3.8/site-packages/airflow/example_dags/example_latest_only_with_trigger.py took 0.111 seconds
[2021-06-25 09:42:11,484] {scheduler_job.py:182} INFO - Started process (PID=17052) to work on /home/airflow/sandbox/lib/python3.8/site-packages/airflow/example_dags/example_latest_only_with_trigger.py
[2021-06-25 09:42:11,486] {scheduler_job.py:633} INFO - Processing file /home/airflow/sandbox/lib/python3.8/site-packages/airflow/example_dags/example_latest_only_with_trigger.py for tasks to queue
[2021-06-25 09:42:11,487] {logging_mixin.py:104} INFO - [2021-06-25 09:42:11,487] {dagbag.py:487} INFO - Filling up the DagBag from /home/airflow/sandbox/lib/python3.8/site-packages/airflow/example_dags/example_latest_only_with_trigger.py
[2021-06-25 09:42:11,548] {scheduler_job.py:643} INFO - DAG(s) dict_keys(['latest_only_with_trigger']) retrieved from /home/airflow/sandbox/lib/python3.8/site-packages/airflow/example_dags/example_latest_only_with_trigger.py
[2021-06-25 09:42:11,672] {logging_mixin.py:104} INFO - [2021-06-25 09:42:11,671] {dag.py:1832} INFO - Sync 1 DAGs
[2021-06-25 09:42:11,728] {logging_mixin.py:104} INFO - [2021-06-25 09:42:11,728] {dag.py:2305} INFO - Setting next_dagrun for latest_only_with_trigger to 2021-06-23 00:00:00+00:00
[2021-06-25 09:42:11,773] {scheduler_job.py:190} INFO - Processing /home/airflow/sandbox/lib/python3.8/site-packages/airflow/example_dags/example_latest_only_with_trigger.py took 0.299 seconds
[2021-06-25 09:42:43,007] {scheduler_job.py:182} INFO - Started process (PID=17253) to work on /home/airflow/sandbox/lib/python3.8/site-packages/airflow/example_dags/example_latest_only_with_trigger.py
[2021-06-25 09:42:43,042] {scheduler_job.py:633} INFO - Processing file /home/airflow/sandbox/lib/python3.8/site-packages/airflow/example_dags/example_latest_only_with_trigger.py for tasks to queue
[2021-06-25 09:42:43,052] {logging_mixin.py:104} INFO - [2021-06-25 09:42:43,048] {dagbag.py:487} INFO - Filling up the DagBag from /home/airflow/sandbox/lib/python3.8/site-packages/airflow/example_dags/example_latest_only_with_trigger.py
[2021-06-25 09:42:43,096] {scheduler_job.py:643} INFO - DAG(s) dict_keys(['latest_only_with_trigger']) retrieved from /home/airflow/sandbox/lib/python3.8/site-packages/airflow/example_dags/example_latest_only_with_trigger.py
[2021-06-25 09:42:43,162] {logging_mixin.py:104} INFO - [2021-06-25 09:42:43,162] {dag.py:1832} INFO - Sync 1 DAGs
[2021-06-25 09:42:43,180] {logging_mixin.py:104} INFO - [2021-06-25 09:42:43,180] {dag.py:2305} INFO - Setting next_dagrun for latest_only_with_trigger to 2021-06-23 00:00:00+00:00
[2021-06-25 09:42:43,193] {scheduler_job.py:190} INFO - Processing /home/airflow/sandbox/lib/python3.8/site-packages/airflow/example_dags/example_latest_only_with_trigger.py took 0.192 seconds
[2021-06-25 09:43:13,277] {scheduler_job.py:182} INFO - Started process (PID=17453) to work on /home/airflow/sandbox/lib/python3.8/site-packages/airflow/example_dags/example_latest_only_with_trigger.py
[2021-06-25 09:43:13,281] {scheduler_job.py:633} INFO - Processing file /home/airflow/sandbox/lib/python3.8/site-packages/airflow/example_dags/example_latest_only_with_trigger.py for tasks to queue
[2021-06-25 09:43:13,287] {logging_mixin.py:104} INFO - [2021-06-25 09:43:13,286] {dagbag.py:487} INFO - Filling up the DagBag from /home/airflow/sandbox/lib/python3.8/site-packages/airflow/example_dags/example_latest_only_with_trigger.py
[2021-06-25 09:43:13,309] {scheduler_job.py:643} INFO - DAG(s) dict_keys(['latest_only_with_trigger']) retrieved from /home/airflow/sandbox/lib/python3.8/site-packages/airflow/example_dags/example_latest_only_with_trigger.py
[2021-06-25 09:43:13,371] {logging_mixin.py:104} INFO - [2021-06-25 09:43:13,370] {dag.py:1832} INFO - Sync 1 DAGs
[2021-06-25 09:43:13,400] {logging_mixin.py:104} INFO - [2021-06-25 09:43:13,400] {dag.py:2305} INFO - Setting next_dagrun for latest_only_with_trigger to 2021-06-23 00:00:00+00:00
[2021-06-25 09:43:13,447] {scheduler_job.py:190} INFO - Processing /home/airflow/sandbox/lib/python3.8/site-packages/airflow/example_dags/example_latest_only_with_trigger.py took 0.179 seconds
[2021-06-25 09:43:44,741] {scheduler_job.py:182} INFO - Started process (PID=17653) to work on /home/airflow/sandbox/lib/python3.8/site-packages/airflow/example_dags/example_latest_only_with_trigger.py
[2021-06-25 09:43:44,746] {scheduler_job.py:633} INFO - Processing file /home/airflow/sandbox/lib/python3.8/site-packages/airflow/example_dags/example_latest_only_with_trigger.py for tasks to queue
[2021-06-25 09:43:44,749] {logging_mixin.py:104} INFO - [2021-06-25 09:43:44,749] {dagbag.py:487} INFO - Filling up the DagBag from /home/airflow/sandbox/lib/python3.8/site-packages/airflow/example_dags/example_latest_only_with_trigger.py
[2021-06-25 09:43:44,777] {scheduler_job.py:643} INFO - DAG(s) dict_keys(['latest_only_with_trigger']) retrieved from /home/airflow/sandbox/lib/python3.8/site-packages/airflow/example_dags/example_latest_only_with_trigger.py
[2021-06-25 09:43:44,819] {logging_mixin.py:104} INFO - [2021-06-25 09:43:44,818] {dag.py:1832} INFO - Sync 1 DAGs
[2021-06-25 09:43:44,839] {logging_mixin.py:104} INFO - [2021-06-25 09:43:44,839] {dag.py:2305} INFO - Setting next_dagrun for latest_only_with_trigger to 2021-06-23 00:00:00+00:00
[2021-06-25 09:43:44,857] {scheduler_job.py:190} INFO - Processing /home/airflow/sandbox/lib/python3.8/site-packages/airflow/example_dags/example_latest_only_with_trigger.py took 0.121 seconds
[2021-06-25 09:44:16,695] {scheduler_job.py:182} INFO - Started process (PID=17854) to work on /home/airflow/sandbox/lib/python3.8/site-packages/airflow/example_dags/example_latest_only_with_trigger.py
[2021-06-25 09:44:16,700] {scheduler_job.py:633} INFO - Processing file /home/airflow/sandbox/lib/python3.8/site-packages/airflow/example_dags/example_latest_only_with_trigger.py for tasks to queue
[2021-06-25 09:44:16,704] {logging_mixin.py:104} INFO - [2021-06-25 09:44:16,703] {dagbag.py:487} INFO - Filling up the DagBag from /home/airflow/sandbox/lib/python3.8/site-packages/airflow/example_dags/example_latest_only_with_trigger.py
[2021-06-25 09:44:16,732] {scheduler_job.py:643} INFO - DAG(s) dict_keys(['latest_only_with_trigger']) retrieved from /home/airflow/sandbox/lib/python3.8/site-packages/airflow/example_dags/example_latest_only_with_trigger.py
[2021-06-25 09:44:16,839] {logging_mixin.py:104} INFO - [2021-06-25 09:44:16,839] {dag.py:1832} INFO - Sync 1 DAGs
[2021-06-25 09:44:16,869] {logging_mixin.py:104} INFO - [2021-06-25 09:44:16,869] {dag.py:2305} INFO - Setting next_dagrun for latest_only_with_trigger to 2021-06-23 00:00:00+00:00
[2021-06-25 09:44:16,891] {scheduler_job.py:190} INFO - Processing /home/airflow/sandbox/lib/python3.8/site-packages/airflow/example_dags/example_latest_only_with_trigger.py took 0.202 seconds
[2021-06-25 09:45:23,345] {scheduler_job.py:182} INFO - Started process (PID=19058) to work on /home/airflow/sandbox/lib/python3.8/site-packages/airflow/example_dags/example_latest_only_with_trigger.py
[2021-06-25 09:45:23,351] {scheduler_job.py:633} INFO - Processing file /home/airflow/sandbox/lib/python3.8/site-packages/airflow/example_dags/example_latest_only_with_trigger.py for tasks to queue
[2021-06-25 09:45:23,363] {logging_mixin.py:104} INFO - [2021-06-25 09:45:23,360] {dagbag.py:487} INFO - Filling up the DagBag from /home/airflow/sandbox/lib/python3.8/site-packages/airflow/example_dags/example_latest_only_with_trigger.py
[2021-06-25 09:45:23,417] {scheduler_job.py:643} INFO - DAG(s) dict_keys(['latest_only_with_trigger']) retrieved from /home/airflow/sandbox/lib/python3.8/site-packages/airflow/example_dags/example_latest_only_with_trigger.py
[2021-06-25 09:45:23,714] {logging_mixin.py:104} INFO - [2021-06-25 09:45:23,714] {dag.py:1832} INFO - Sync 1 DAGs
[2021-06-25 09:45:23,980] {logging_mixin.py:104} INFO - [2021-06-25 09:45:23,958] {dag.py:2305} INFO - Setting next_dagrun for latest_only_with_trigger to 2021-06-23 00:00:00+00:00
[2021-06-25 09:45:24,131] {scheduler_job.py:190} INFO - Processing /home/airflow/sandbox/lib/python3.8/site-packages/airflow/example_dags/example_latest_only_with_trigger.py took 0.812 seconds
[2021-06-25 09:46:01,574] {scheduler_job.py:182} INFO - Started process (PID=19524) to work on /home/airflow/sandbox/lib/python3.8/site-packages/airflow/example_dags/example_latest_only_with_trigger.py
[2021-06-25 09:46:01,578] {scheduler_job.py:633} INFO - Processing file /home/airflow/sandbox/lib/python3.8/site-packages/airflow/example_dags/example_latest_only_with_trigger.py for tasks to queue
[2021-06-25 09:46:01,579] {logging_mixin.py:104} INFO - [2021-06-25 09:46:01,579] {dagbag.py:487} INFO - Filling up the DagBag from /home/airflow/sandbox/lib/python3.8/site-packages/airflow/example_dags/example_latest_only_with_trigger.py
[2021-06-25 09:46:01,634] {scheduler_job.py:643} INFO - DAG(s) dict_keys(['latest_only_with_trigger']) retrieved from /home/airflow/sandbox/lib/python3.8/site-packages/airflow/example_dags/example_latest_only_with_trigger.py
[2021-06-25 09:46:01,772] {logging_mixin.py:104} INFO - [2021-06-25 09:46:01,772] {dag.py:1832} INFO - Sync 1 DAGs
[2021-06-25 09:46:01,893] {logging_mixin.py:104} INFO - [2021-06-25 09:46:01,892] {dag.py:2305} INFO - Setting next_dagrun for latest_only_with_trigger to 2021-06-23 00:00:00+00:00
[2021-06-25 09:46:01,973] {scheduler_job.py:190} INFO - Processing /home/airflow/sandbox/lib/python3.8/site-packages/airflow/example_dags/example_latest_only_with_trigger.py took 0.404 seconds
[2021-06-25 09:46:32,823] {scheduler_job.py:182} INFO - Started process (PID=19736) to work on /home/airflow/sandbox/lib/python3.8/site-packages/airflow/example_dags/example_latest_only_with_trigger.py
[2021-06-25 09:46:32,824] {scheduler_job.py:633} INFO - Processing file /home/airflow/sandbox/lib/python3.8/site-packages/airflow/example_dags/example_latest_only_with_trigger.py for tasks to queue
[2021-06-25 09:46:32,825] {logging_mixin.py:104} INFO - [2021-06-25 09:46:32,825] {dagbag.py:487} INFO - Filling up the DagBag from /home/airflow/sandbox/lib/python3.8/site-packages/airflow/example_dags/example_latest_only_with_trigger.py
[2021-06-25 09:46:32,846] {scheduler_job.py:643} INFO - DAG(s) dict_keys(['latest_only_with_trigger']) retrieved from /home/airflow/sandbox/lib/python3.8/site-packages/airflow/example_dags/example_latest_only_with_trigger.py
[2021-06-25 09:46:32,898] {logging_mixin.py:104} INFO - [2021-06-25 09:46:32,898] {dag.py:1832} INFO - Sync 1 DAGs
[2021-06-25 09:46:32,917] {logging_mixin.py:104} INFO - [2021-06-25 09:46:32,917] {dag.py:2305} INFO - Setting next_dagrun for latest_only_with_trigger to 2021-06-23 00:00:00+00:00
[2021-06-25 09:46:32,932] {scheduler_job.py:190} INFO - Processing /home/airflow/sandbox/lib/python3.8/site-packages/airflow/example_dags/example_latest_only_with_trigger.py took 0.112 seconds
[2021-06-25 09:47:05,066] {scheduler_job.py:182} INFO - Started process (PID=19934) to work on /home/airflow/sandbox/lib/python3.8/site-packages/airflow/example_dags/example_latest_only_with_trigger.py
[2021-06-25 09:47:05,080] {scheduler_job.py:633} INFO - Processing file /home/airflow/sandbox/lib/python3.8/site-packages/airflow/example_dags/example_latest_only_with_trigger.py for tasks to queue
[2021-06-25 09:47:05,097] {logging_mixin.py:104} INFO - [2021-06-25 09:47:05,096] {dagbag.py:487} INFO - Filling up the DagBag from /home/airflow/sandbox/lib/python3.8/site-packages/airflow/example_dags/example_latest_only_with_trigger.py
[2021-06-25 09:47:05,198] {scheduler_job.py:643} INFO - DAG(s) dict_keys(['latest_only_with_trigger']) retrieved from /home/airflow/sandbox/lib/python3.8/site-packages/airflow/example_dags/example_latest_only_with_trigger.py
[2021-06-25 09:47:05,409] {logging_mixin.py:104} INFO - [2021-06-25 09:47:05,409] {dag.py:1832} INFO - Sync 1 DAGs
[2021-06-25 09:47:05,513] {logging_mixin.py:104} INFO - [2021-06-25 09:47:05,512] {dag.py:2305} INFO - Setting next_dagrun for latest_only_with_trigger to 2021-06-23 00:00:00+00:00
[2021-06-25 09:47:05,612] {scheduler_job.py:190} INFO - Processing /home/airflow/sandbox/lib/python3.8/site-packages/airflow/example_dags/example_latest_only_with_trigger.py took 0.566 seconds
[2021-06-25 09:47:37,606] {scheduler_job.py:182} INFO - Started process (PID=20191) to work on /home/airflow/sandbox/lib/python3.8/site-packages/airflow/example_dags/example_latest_only_with_trigger.py
[2021-06-25 09:47:37,637] {scheduler_job.py:633} INFO - Processing file /home/airflow/sandbox/lib/python3.8/site-packages/airflow/example_dags/example_latest_only_with_trigger.py for tasks to queue
[2021-06-25 09:47:37,668] {logging_mixin.py:104} INFO - [2021-06-25 09:47:37,667] {dagbag.py:487} INFO - Filling up the DagBag from /home/airflow/sandbox/lib/python3.8/site-packages/airflow/example_dags/example_latest_only_with_trigger.py
[2021-06-25 09:47:37,859] {scheduler_job.py:643} INFO - DAG(s) dict_keys(['latest_only_with_trigger']) retrieved from /home/airflow/sandbox/lib/python3.8/site-packages/airflow/example_dags/example_latest_only_with_trigger.py
[2021-06-25 09:47:38,120] {logging_mixin.py:104} INFO - [2021-06-25 09:47:38,119] {dag.py:1832} INFO - Sync 1 DAGs
[2021-06-25 09:47:38,313] {logging_mixin.py:104} INFO - [2021-06-25 09:47:38,312] {dag.py:2305} INFO - Setting next_dagrun for latest_only_with_trigger to 2021-06-23 00:00:00+00:00
[2021-06-25 09:47:38,466] {scheduler_job.py:190} INFO - Processing /home/airflow/sandbox/lib/python3.8/site-packages/airflow/example_dags/example_latest_only_with_trigger.py took 0.878 seconds
[2021-06-25 09:48:11,316] {scheduler_job.py:182} INFO - Started process (PID=20522) to work on /home/airflow/sandbox/lib/python3.8/site-packages/airflow/example_dags/example_latest_only_with_trigger.py
[2021-06-25 09:48:11,325] {scheduler_job.py:633} INFO - Processing file /home/airflow/sandbox/lib/python3.8/site-packages/airflow/example_dags/example_latest_only_with_trigger.py for tasks to queue
[2021-06-25 09:48:11,327] {logging_mixin.py:104} INFO - [2021-06-25 09:48:11,326] {dagbag.py:487} INFO - Filling up the DagBag from /home/airflow/sandbox/lib/python3.8/site-packages/airflow/example_dags/example_latest_only_with_trigger.py
[2021-06-25 09:48:11,469] {scheduler_job.py:643} INFO - DAG(s) dict_keys(['latest_only_with_trigger']) retrieved from /home/airflow/sandbox/lib/python3.8/site-packages/airflow/example_dags/example_latest_only_with_trigger.py
[2021-06-25 09:48:11,659] {logging_mixin.py:104} INFO - [2021-06-25 09:48:11,658] {dag.py:1832} INFO - Sync 1 DAGs
[2021-06-25 09:48:11,825] {logging_mixin.py:104} INFO - [2021-06-25 09:48:11,825] {dag.py:2305} INFO - Setting next_dagrun for latest_only_with_trigger to 2021-06-23 00:00:00+00:00
[2021-06-25 09:48:12,048] {scheduler_job.py:190} INFO - Processing /home/airflow/sandbox/lib/python3.8/site-packages/airflow/example_dags/example_latest_only_with_trigger.py took 0.797 seconds
[2021-06-25 09:48:42,357] {scheduler_job.py:182} INFO - Started process (PID=20727) to work on /home/airflow/sandbox/lib/python3.8/site-packages/airflow/example_dags/example_latest_only_with_trigger.py
[2021-06-25 09:48:42,364] {scheduler_job.py:633} INFO - Processing file /home/airflow/sandbox/lib/python3.8/site-packages/airflow/example_dags/example_latest_only_with_trigger.py for tasks to queue
[2021-06-25 09:48:42,366] {logging_mixin.py:104} INFO - [2021-06-25 09:48:42,366] {dagbag.py:487} INFO - Filling up the DagBag from /home/airflow/sandbox/lib/python3.8/site-packages/airflow/example_dags/example_latest_only_with_trigger.py
[2021-06-25 09:48:42,379] {scheduler_job.py:643} INFO - DAG(s) dict_keys(['latest_only_with_trigger']) retrieved from /home/airflow/sandbox/lib/python3.8/site-packages/airflow/example_dags/example_latest_only_with_trigger.py
[2021-06-25 09:48:42,426] {logging_mixin.py:104} INFO - [2021-06-25 09:48:42,426] {dag.py:1832} INFO - Sync 1 DAGs
[2021-06-25 09:48:42,471] {logging_mixin.py:104} INFO - [2021-06-25 09:48:42,470] {dag.py:2305} INFO - Setting next_dagrun for latest_only_with_trigger to 2021-06-23 00:00:00+00:00
[2021-06-25 09:48:42,500] {scheduler_job.py:190} INFO - Processing /home/airflow/sandbox/lib/python3.8/site-packages/airflow/example_dags/example_latest_only_with_trigger.py took 0.148 seconds
[2021-06-25 09:49:12,533] {scheduler_job.py:182} INFO - Started process (PID=20928) to work on /home/airflow/sandbox/lib/python3.8/site-packages/airflow/example_dags/example_latest_only_with_trigger.py
[2021-06-25 09:49:12,536] {scheduler_job.py:633} INFO - Processing file /home/airflow/sandbox/lib/python3.8/site-packages/airflow/example_dags/example_latest_only_with_trigger.py for tasks to queue
[2021-06-25 09:49:12,538] {logging_mixin.py:104} INFO - [2021-06-25 09:49:12,538] {dagbag.py:487} INFO - Filling up the DagBag from /home/airflow/sandbox/lib/python3.8/site-packages/airflow/example_dags/example_latest_only_with_trigger.py
[2021-06-25 09:49:12,555] {scheduler_job.py:643} INFO - DAG(s) dict_keys(['latest_only_with_trigger']) retrieved from /home/airflow/sandbox/lib/python3.8/site-packages/airflow/example_dags/example_latest_only_with_trigger.py
[2021-06-25 09:49:12,596] {logging_mixin.py:104} INFO - [2021-06-25 09:49:12,596] {dag.py:1832} INFO - Sync 1 DAGs
[2021-06-25 09:49:12,616] {logging_mixin.py:104} INFO - [2021-06-25 09:49:12,616] {dag.py:2305} INFO - Setting next_dagrun for latest_only_with_trigger to 2021-06-23 00:00:00+00:00
[2021-06-25 09:49:12,634] {scheduler_job.py:190} INFO - Processing /home/airflow/sandbox/lib/python3.8/site-packages/airflow/example_dags/example_latest_only_with_trigger.py took 0.106 seconds
[2021-06-25 09:49:43,367] {scheduler_job.py:182} INFO - Started process (PID=21125) to work on /home/airflow/sandbox/lib/python3.8/site-packages/airflow/example_dags/example_latest_only_with_trigger.py
[2021-06-25 09:49:43,371] {scheduler_job.py:633} INFO - Processing file /home/airflow/sandbox/lib/python3.8/site-packages/airflow/example_dags/example_latest_only_with_trigger.py for tasks to queue
[2021-06-25 09:49:43,376] {logging_mixin.py:104} INFO - [2021-06-25 09:49:43,376] {dagbag.py:487} INFO - Filling up the DagBag from /home/airflow/sandbox/lib/python3.8/site-packages/airflow/example_dags/example_latest_only_with_trigger.py
[2021-06-25 09:49:43,403] {scheduler_job.py:643} INFO - DAG(s) dict_keys(['latest_only_with_trigger']) retrieved from /home/airflow/sandbox/lib/python3.8/site-packages/airflow/example_dags/example_latest_only_with_trigger.py
[2021-06-25 09:49:43,528] {logging_mixin.py:104} INFO - [2021-06-25 09:49:43,527] {dag.py:1832} INFO - Sync 1 DAGs
[2021-06-25 09:49:43,591] {logging_mixin.py:104} INFO - [2021-06-25 09:49:43,590] {dag.py:2305} INFO - Setting next_dagrun for latest_only_with_trigger to 2021-06-23 00:00:00+00:00
[2021-06-25 09:49:43,641] {scheduler_job.py:190} INFO - Processing /home/airflow/sandbox/lib/python3.8/site-packages/airflow/example_dags/example_latest_only_with_trigger.py took 0.281 seconds
[2021-06-25 09:50:14,737] {scheduler_job.py:182} INFO - Started process (PID=21324) to work on /home/airflow/sandbox/lib/python3.8/site-packages/airflow/example_dags/example_latest_only_with_trigger.py
[2021-06-25 09:50:14,740] {scheduler_job.py:633} INFO - Processing file /home/airflow/sandbox/lib/python3.8/site-packages/airflow/example_dags/example_latest_only_with_trigger.py for tasks to queue
[2021-06-25 09:50:14,743] {logging_mixin.py:104} INFO - [2021-06-25 09:50:14,742] {dagbag.py:487} INFO - Filling up the DagBag from /home/airflow/sandbox/lib/python3.8/site-packages/airflow/example_dags/example_latest_only_with_trigger.py
[2021-06-25 09:50:14,766] {scheduler_job.py:643} INFO - DAG(s) dict_keys(['latest_only_with_trigger']) retrieved from /home/airflow/sandbox/lib/python3.8/site-packages/airflow/example_dags/example_latest_only_with_trigger.py
[2021-06-25 09:50:14,833] {logging_mixin.py:104} INFO - [2021-06-25 09:50:14,833] {dag.py:1832} INFO - Sync 1 DAGs
[2021-06-25 09:50:14,865] {logging_mixin.py:104} INFO - [2021-06-25 09:50:14,865] {dag.py:2305} INFO - Setting next_dagrun for latest_only_with_trigger to 2021-06-23 00:00:00+00:00
[2021-06-25 09:50:14,886] {scheduler_job.py:190} INFO - Processing /home/airflow/sandbox/lib/python3.8/site-packages/airflow/example_dags/example_latest_only_with_trigger.py took 0.157 seconds
[2021-06-25 09:50:45,235] {scheduler_job.py:182} INFO - Started process (PID=21521) to work on /home/airflow/sandbox/lib/python3.8/site-packages/airflow/example_dags/example_latest_only_with_trigger.py
[2021-06-25 09:50:45,237] {scheduler_job.py:633} INFO - Processing file /home/airflow/sandbox/lib/python3.8/site-packages/airflow/example_dags/example_latest_only_with_trigger.py for tasks to queue
[2021-06-25 09:50:45,238] {logging_mixin.py:104} INFO - [2021-06-25 09:50:45,237] {dagbag.py:487} INFO - Filling up the DagBag from /home/airflow/sandbox/lib/python3.8/site-packages/airflow/example_dags/example_latest_only_with_trigger.py
[2021-06-25 09:50:45,266] {scheduler_job.py:643} INFO - DAG(s) dict_keys(['latest_only_with_trigger']) retrieved from /home/airflow/sandbox/lib/python3.8/site-packages/airflow/example_dags/example_latest_only_with_trigger.py
[2021-06-25 09:50:45,315] {logging_mixin.py:104} INFO - [2021-06-25 09:50:45,315] {dag.py:1832} INFO - Sync 1 DAGs
[2021-06-25 09:50:45,344] {logging_mixin.py:104} INFO - [2021-06-25 09:50:45,344] {dag.py:2305} INFO - Setting next_dagrun for latest_only_with_trigger to 2021-06-23 00:00:00+00:00
[2021-06-25 09:50:45,373] {scheduler_job.py:190} INFO - Processing /home/airflow/sandbox/lib/python3.8/site-packages/airflow/example_dags/example_latest_only_with_trigger.py took 0.143 seconds
[2021-06-25 09:51:15,430] {scheduler_job.py:182} INFO - Started process (PID=21717) to work on /home/airflow/sandbox/lib/python3.8/site-packages/airflow/example_dags/example_latest_only_with_trigger.py
[2021-06-25 09:51:15,433] {scheduler_job.py:633} INFO - Processing file /home/airflow/sandbox/lib/python3.8/site-packages/airflow/example_dags/example_latest_only_with_trigger.py for tasks to queue
[2021-06-25 09:51:15,435] {logging_mixin.py:104} INFO - [2021-06-25 09:51:15,435] {dagbag.py:487} INFO - Filling up the DagBag from /home/airflow/sandbox/lib/python3.8/site-packages/airflow/example_dags/example_latest_only_with_trigger.py
[2021-06-25 09:51:15,447] {scheduler_job.py:643} INFO - DAG(s) dict_keys(['latest_only_with_trigger']) retrieved from /home/airflow/sandbox/lib/python3.8/site-packages/airflow/example_dags/example_latest_only_with_trigger.py
[2021-06-25 09:51:15,490] {logging_mixin.py:104} INFO - [2021-06-25 09:51:15,489] {dag.py:1832} INFO - Sync 1 DAGs
[2021-06-25 09:51:15,509] {logging_mixin.py:104} INFO - [2021-06-25 09:51:15,509] {dag.py:2305} INFO - Setting next_dagrun for latest_only_with_trigger to 2021-06-23 00:00:00+00:00
[2021-06-25 09:51:15,523] {scheduler_job.py:190} INFO - Processing /home/airflow/sandbox/lib/python3.8/site-packages/airflow/example_dags/example_latest_only_with_trigger.py took 0.097 seconds
[2021-06-25 09:51:46,318] {scheduler_job.py:182} INFO - Started process (PID=21924) to work on /home/airflow/sandbox/lib/python3.8/site-packages/airflow/example_dags/example_latest_only_with_trigger.py
[2021-06-25 09:51:46,319] {scheduler_job.py:633} INFO - Processing file /home/airflow/sandbox/lib/python3.8/site-packages/airflow/example_dags/example_latest_only_with_trigger.py for tasks to queue
[2021-06-25 09:51:46,320] {logging_mixin.py:104} INFO - [2021-06-25 09:51:46,320] {dagbag.py:487} INFO - Filling up the DagBag from /home/airflow/sandbox/lib/python3.8/site-packages/airflow/example_dags/example_latest_only_with_trigger.py
[2021-06-25 09:51:46,336] {scheduler_job.py:643} INFO - DAG(s) dict_keys(['latest_only_with_trigger']) retrieved from /home/airflow/sandbox/lib/python3.8/site-packages/airflow/example_dags/example_latest_only_with_trigger.py
[2021-06-25 09:51:46,375] {logging_mixin.py:104} INFO - [2021-06-25 09:51:46,375] {dag.py:1832} INFO - Sync 1 DAGs
[2021-06-25 09:51:46,403] {logging_mixin.py:104} INFO - [2021-06-25 09:51:46,403] {dag.py:2305} INFO - Setting next_dagrun for latest_only_with_trigger to 2021-06-23 00:00:00+00:00
[2021-06-25 09:51:46,422] {scheduler_job.py:190} INFO - Processing /home/airflow/sandbox/lib/python3.8/site-packages/airflow/example_dags/example_latest_only_with_trigger.py took 0.110 seconds
[2021-06-25 09:52:17,221] {scheduler_job.py:182} INFO - Started process (PID=22124) to work on /home/airflow/sandbox/lib/python3.8/site-packages/airflow/example_dags/example_latest_only_with_trigger.py
[2021-06-25 09:52:17,224] {scheduler_job.py:633} INFO - Processing file /home/airflow/sandbox/lib/python3.8/site-packages/airflow/example_dags/example_latest_only_with_trigger.py for tasks to queue
[2021-06-25 09:52:17,231] {logging_mixin.py:104} INFO - [2021-06-25 09:52:17,231] {dagbag.py:487} INFO - Filling up the DagBag from /home/airflow/sandbox/lib/python3.8/site-packages/airflow/example_dags/example_latest_only_with_trigger.py
[2021-06-25 09:52:17,268] {scheduler_job.py:643} INFO - DAG(s) dict_keys(['latest_only_with_trigger']) retrieved from /home/airflow/sandbox/lib/python3.8/site-packages/airflow/example_dags/example_latest_only_with_trigger.py
[2021-06-25 09:52:17,335] {logging_mixin.py:104} INFO - [2021-06-25 09:52:17,335] {dag.py:1832} INFO - Sync 1 DAGs
[2021-06-25 09:52:17,367] {logging_mixin.py:104} INFO - [2021-06-25 09:52:17,367] {dag.py:2305} INFO - Setting next_dagrun for latest_only_with_trigger to 2021-06-23 00:00:00+00:00
[2021-06-25 09:52:17,400] {scheduler_job.py:190} INFO - Processing /home/airflow/sandbox/lib/python3.8/site-packages/airflow/example_dags/example_latest_only_with_trigger.py took 0.193 seconds
[2021-06-25 09:52:48,442] {scheduler_job.py:182} INFO - Started process (PID=22323) to work on /home/airflow/sandbox/lib/python3.8/site-packages/airflow/example_dags/example_latest_only_with_trigger.py
[2021-06-25 09:52:48,450] {scheduler_job.py:633} INFO - Processing file /home/airflow/sandbox/lib/python3.8/site-packages/airflow/example_dags/example_latest_only_with_trigger.py for tasks to queue
[2021-06-25 09:52:48,455] {logging_mixin.py:104} INFO - [2021-06-25 09:52:48,454] {dagbag.py:487} INFO - Filling up the DagBag from /home/airflow/sandbox/lib/python3.8/site-packages/airflow/example_dags/example_latest_only_with_trigger.py
[2021-06-25 09:52:48,482] {scheduler_job.py:643} INFO - DAG(s) dict_keys(['latest_only_with_trigger']) retrieved from /home/airflow/sandbox/lib/python3.8/site-packages/airflow/example_dags/example_latest_only_with_trigger.py
[2021-06-25 09:52:48,531] {logging_mixin.py:104} INFO - [2021-06-25 09:52:48,531] {dag.py:1832} INFO - Sync 1 DAGs
[2021-06-25 09:52:48,557] {logging_mixin.py:104} INFO - [2021-06-25 09:52:48,557] {dag.py:2305} INFO - Setting next_dagrun for latest_only_with_trigger to 2021-06-23 00:00:00+00:00
[2021-06-25 09:52:48,580] {scheduler_job.py:190} INFO - Processing /home/airflow/sandbox/lib/python3.8/site-packages/airflow/example_dags/example_latest_only_with_trigger.py took 0.144 seconds
[2021-06-25 09:53:19,415] {scheduler_job.py:182} INFO - Started process (PID=22518) to work on /home/airflow/sandbox/lib/python3.8/site-packages/airflow/example_dags/example_latest_only_with_trigger.py
[2021-06-25 09:53:19,419] {scheduler_job.py:633} INFO - Processing file /home/airflow/sandbox/lib/python3.8/site-packages/airflow/example_dags/example_latest_only_with_trigger.py for tasks to queue
[2021-06-25 09:53:19,421] {logging_mixin.py:104} INFO - [2021-06-25 09:53:19,420] {dagbag.py:487} INFO - Filling up the DagBag from /home/airflow/sandbox/lib/python3.8/site-packages/airflow/example_dags/example_latest_only_with_trigger.py
[2021-06-25 09:53:19,450] {scheduler_job.py:643} INFO - DAG(s) dict_keys(['latest_only_with_trigger']) retrieved from /home/airflow/sandbox/lib/python3.8/site-packages/airflow/example_dags/example_latest_only_with_trigger.py
[2021-06-25 09:53:19,504] {logging_mixin.py:104} INFO - [2021-06-25 09:53:19,504] {dag.py:1832} INFO - Sync 1 DAGs
[2021-06-25 09:53:19,533] {logging_mixin.py:104} INFO - [2021-06-25 09:53:19,533] {dag.py:2305} INFO - Setting next_dagrun for latest_only_with_trigger to 2021-06-23 00:00:00+00:00
[2021-06-25 09:53:19,553] {scheduler_job.py:190} INFO - Processing /home/airflow/sandbox/lib/python3.8/site-packages/airflow/example_dags/example_latest_only_with_trigger.py took 0.156 seconds
[2021-06-25 09:53:50,604] {scheduler_job.py:182} INFO - Started process (PID=22716) to work on /home/airflow/sandbox/lib/python3.8/site-packages/airflow/example_dags/example_latest_only_with_trigger.py
[2021-06-25 09:53:50,607] {scheduler_job.py:633} INFO - Processing file /home/airflow/sandbox/lib/python3.8/site-packages/airflow/example_dags/example_latest_only_with_trigger.py for tasks to queue
[2021-06-25 09:53:50,609] {logging_mixin.py:104} INFO - [2021-06-25 09:53:50,609] {dagbag.py:487} INFO - Filling up the DagBag from /home/airflow/sandbox/lib/python3.8/site-packages/airflow/example_dags/example_latest_only_with_trigger.py
[2021-06-25 09:53:50,642] {scheduler_job.py:643} INFO - DAG(s) dict_keys(['latest_only_with_trigger']) retrieved from /home/airflow/sandbox/lib/python3.8/site-packages/airflow/example_dags/example_latest_only_with_trigger.py
[2021-06-25 09:53:50,712] {logging_mixin.py:104} INFO - [2021-06-25 09:53:50,712] {dag.py:1832} INFO - Sync 1 DAGs
[2021-06-25 09:53:50,744] {logging_mixin.py:104} INFO - [2021-06-25 09:53:50,744] {dag.py:2305} INFO - Setting next_dagrun for latest_only_with_trigger to 2021-06-23 00:00:00+00:00
[2021-06-25 09:53:50,766] {scheduler_job.py:190} INFO - Processing /home/airflow/sandbox/lib/python3.8/site-packages/airflow/example_dags/example_latest_only_with_trigger.py took 0.173 seconds
[2021-06-25 09:54:22,057] {scheduler_job.py:182} INFO - Started process (PID=22920) to work on /home/airflow/sandbox/lib/python3.8/site-packages/airflow/example_dags/example_latest_only_with_trigger.py
[2021-06-25 09:54:22,059] {scheduler_job.py:633} INFO - Processing file /home/airflow/sandbox/lib/python3.8/site-packages/airflow/example_dags/example_latest_only_with_trigger.py for tasks to queue
[2021-06-25 09:54:22,060] {logging_mixin.py:104} INFO - [2021-06-25 09:54:22,060] {dagbag.py:487} INFO - Filling up the DagBag from /home/airflow/sandbox/lib/python3.8/site-packages/airflow/example_dags/example_latest_only_with_trigger.py
[2021-06-25 09:54:22,085] {scheduler_job.py:643} INFO - DAG(s) dict_keys(['latest_only_with_trigger']) retrieved from /home/airflow/sandbox/lib/python3.8/site-packages/airflow/example_dags/example_latest_only_with_trigger.py
[2021-06-25 09:54:22,148] {logging_mixin.py:104} INFO - [2021-06-25 09:54:22,148] {dag.py:1832} INFO - Sync 1 DAGs
[2021-06-25 09:54:22,192] {logging_mixin.py:104} INFO - [2021-06-25 09:54:22,192] {dag.py:2305} INFO - Setting next_dagrun for latest_only_with_trigger to 2021-06-23 00:00:00+00:00
[2021-06-25 09:54:22,224] {scheduler_job.py:190} INFO - Processing /home/airflow/sandbox/lib/python3.8/site-packages/airflow/example_dags/example_latest_only_with_trigger.py took 0.177 seconds
