[2021-06-25 08:55:37,673] {scheduler_job.py:182} INFO - Started process (PID=2218) to work on /home/airflow/sandbox/lib/python3.8/site-packages/airflow/example_dags/example_branch_operator.py
[2021-06-25 08:55:37,676] {scheduler_job.py:633} INFO - Processing file /home/airflow/sandbox/lib/python3.8/site-packages/airflow/example_dags/example_branch_operator.py for tasks to queue
[2021-06-25 08:55:37,700] {logging_mixin.py:104} INFO - [2021-06-25 08:55:37,700] {dagbag.py:487} INFO - Filling up the DagBag from /home/airflow/sandbox/lib/python3.8/site-packages/airflow/example_dags/example_branch_operator.py
[2021-06-25 08:55:37,813] {scheduler_job.py:643} INFO - DAG(s) dict_keys(['example_branch_operator']) retrieved from /home/airflow/sandbox/lib/python3.8/site-packages/airflow/example_dags/example_branch_operator.py
[2021-06-25 08:55:39,230] {logging_mixin.py:104} INFO - [2021-06-25 08:55:39,230] {dag.py:1832} INFO - Sync 1 DAGs
[2021-06-25 08:55:39,270] {logging_mixin.py:104} INFO - [2021-06-25 08:55:39,270] {dag.py:2305} INFO - Setting next_dagrun for example_branch_operator to 2021-06-23 00:00:00+00:00
[2021-06-25 08:55:39,313] {scheduler_job.py:190} INFO - Processing /home/airflow/sandbox/lib/python3.8/site-packages/airflow/example_dags/example_branch_operator.py took 1.668 seconds
[2021-06-25 09:15:21,905] {scheduler_job.py:182} INFO - Started process (PID=3672) to work on /home/airflow/sandbox/lib/python3.8/site-packages/airflow/example_dags/example_branch_operator.py
[2021-06-25 09:15:21,911] {scheduler_job.py:633} INFO - Processing file /home/airflow/sandbox/lib/python3.8/site-packages/airflow/example_dags/example_branch_operator.py for tasks to queue
[2021-06-25 09:15:21,919] {logging_mixin.py:104} INFO - [2021-06-25 09:15:21,919] {dagbag.py:487} INFO - Filling up the DagBag from /home/airflow/sandbox/lib/python3.8/site-packages/airflow/example_dags/example_branch_operator.py
[2021-06-25 09:15:21,970] {scheduler_job.py:643} INFO - DAG(s) dict_keys(['example_branch_operator']) retrieved from /home/airflow/sandbox/lib/python3.8/site-packages/airflow/example_dags/example_branch_operator.py
[2021-06-25 09:15:22,060] {logging_mixin.py:104} INFO - [2021-06-25 09:15:22,060] {dag.py:1832} INFO - Sync 1 DAGs
[2021-06-25 09:15:22,125] {logging_mixin.py:104} INFO - [2021-06-25 09:15:22,125] {dag.py:2305} INFO - Setting next_dagrun for example_branch_operator to 2021-06-23 00:00:00+00:00
[2021-06-25 09:15:22,176] {scheduler_job.py:190} INFO - Processing /home/airflow/sandbox/lib/python3.8/site-packages/airflow/example_dags/example_branch_operator.py took 0.281 seconds
[2021-06-25 09:16:04,088] {scheduler_job.py:182} INFO - Started process (PID=3755) to work on /home/airflow/sandbox/lib/python3.8/site-packages/airflow/example_dags/example_branch_operator.py
[2021-06-25 09:16:04,102] {scheduler_job.py:633} INFO - Processing file /home/airflow/sandbox/lib/python3.8/site-packages/airflow/example_dags/example_branch_operator.py for tasks to queue
[2021-06-25 09:16:04,113] {logging_mixin.py:104} INFO - [2021-06-25 09:16:04,113] {dagbag.py:487} INFO - Filling up the DagBag from /home/airflow/sandbox/lib/python3.8/site-packages/airflow/example_dags/example_branch_operator.py
[2021-06-25 09:16:04,260] {scheduler_job.py:643} INFO - DAG(s) dict_keys(['example_branch_operator']) retrieved from /home/airflow/sandbox/lib/python3.8/site-packages/airflow/example_dags/example_branch_operator.py
[2021-06-25 09:16:04,425] {logging_mixin.py:104} INFO - [2021-06-25 09:16:04,425] {dag.py:1832} INFO - Sync 1 DAGs
[2021-06-25 09:16:04,511] {logging_mixin.py:104} INFO - [2021-06-25 09:16:04,511] {dag.py:2305} INFO - Setting next_dagrun for example_branch_operator to 2021-06-23 00:00:00+00:00
[2021-06-25 09:16:04,593] {scheduler_job.py:190} INFO - Processing /home/airflow/sandbox/lib/python3.8/site-packages/airflow/example_dags/example_branch_operator.py took 0.532 seconds
[2021-06-25 09:17:20,613] {scheduler_job.py:182} INFO - Started process (PID=4818) to work on /home/airflow/sandbox/lib/python3.8/site-packages/airflow/example_dags/example_branch_operator.py
[2021-06-25 09:17:20,620] {scheduler_job.py:633} INFO - Processing file /home/airflow/sandbox/lib/python3.8/site-packages/airflow/example_dags/example_branch_operator.py for tasks to queue
[2021-06-25 09:17:20,633] {logging_mixin.py:104} INFO - [2021-06-25 09:17:20,633] {dagbag.py:487} INFO - Filling up the DagBag from /home/airflow/sandbox/lib/python3.8/site-packages/airflow/example_dags/example_branch_operator.py
[2021-06-25 09:17:20,704] {scheduler_job.py:643} INFO - DAG(s) dict_keys(['example_branch_operator']) retrieved from /home/airflow/sandbox/lib/python3.8/site-packages/airflow/example_dags/example_branch_operator.py
[2021-06-25 09:17:20,853] {logging_mixin.py:104} INFO - [2021-06-25 09:17:20,853] {dag.py:1832} INFO - Sync 1 DAGs
[2021-06-25 09:17:20,937] {logging_mixin.py:104} INFO - [2021-06-25 09:17:20,937] {dag.py:2305} INFO - Setting next_dagrun for example_branch_operator to 2021-06-23 00:00:00+00:00
[2021-06-25 09:17:21,019] {scheduler_job.py:190} INFO - Processing /home/airflow/sandbox/lib/python3.8/site-packages/airflow/example_dags/example_branch_operator.py took 0.422 seconds
[2021-06-25 09:18:03,060] {scheduler_job.py:182} INFO - Started process (PID=6039) to work on /home/airflow/sandbox/lib/python3.8/site-packages/airflow/example_dags/example_branch_operator.py
[2021-06-25 09:18:03,072] {scheduler_job.py:633} INFO - Processing file /home/airflow/sandbox/lib/python3.8/site-packages/airflow/example_dags/example_branch_operator.py for tasks to queue
[2021-06-25 09:18:03,108] {logging_mixin.py:104} INFO - [2021-06-25 09:18:03,074] {dagbag.py:487} INFO - Filling up the DagBag from /home/airflow/sandbox/lib/python3.8/site-packages/airflow/example_dags/example_branch_operator.py
[2021-06-25 09:18:03,758] {scheduler_job.py:643} INFO - DAG(s) dict_keys(['example_branch_operator']) retrieved from /home/airflow/sandbox/lib/python3.8/site-packages/airflow/example_dags/example_branch_operator.py
[2021-06-25 09:18:04,564] {logging_mixin.py:104} INFO - [2021-06-25 09:18:04,564] {dag.py:1832} INFO - Sync 1 DAGs
[2021-06-25 09:18:05,064] {logging_mixin.py:104} INFO - [2021-06-25 09:18:05,064] {dag.py:2305} INFO - Setting next_dagrun for example_branch_operator to 2021-06-23 00:00:00+00:00
[2021-06-25 09:18:05,488] {scheduler_job.py:190} INFO - Processing /home/airflow/sandbox/lib/python3.8/site-packages/airflow/example_dags/example_branch_operator.py took 2.520 seconds
[2021-06-25 09:18:43,042] {scheduler_job.py:182} INFO - Started process (PID=7074) to work on /home/airflow/sandbox/lib/python3.8/site-packages/airflow/example_dags/example_branch_operator.py
[2021-06-25 09:18:43,058] {scheduler_job.py:633} INFO - Processing file /home/airflow/sandbox/lib/python3.8/site-packages/airflow/example_dags/example_branch_operator.py for tasks to queue
[2021-06-25 09:18:43,070] {logging_mixin.py:104} INFO - [2021-06-25 09:18:43,069] {dagbag.py:487} INFO - Filling up the DagBag from /home/airflow/sandbox/lib/python3.8/site-packages/airflow/example_dags/example_branch_operator.py
[2021-06-25 09:18:43,519] {scheduler_job.py:643} INFO - DAG(s) dict_keys(['example_branch_operator']) retrieved from /home/airflow/sandbox/lib/python3.8/site-packages/airflow/example_dags/example_branch_operator.py
[2021-06-25 09:18:44,068] {logging_mixin.py:104} INFO - [2021-06-25 09:18:44,068] {dag.py:1832} INFO - Sync 1 DAGs
[2021-06-25 09:18:44,511] {logging_mixin.py:104} INFO - [2021-06-25 09:18:44,510] {dag.py:2305} INFO - Setting next_dagrun for example_branch_operator to 2021-06-23 00:00:00+00:00
[2021-06-25 09:18:44,857] {scheduler_job.py:190} INFO - Processing /home/airflow/sandbox/lib/python3.8/site-packages/airflow/example_dags/example_branch_operator.py took 1.926 seconds
[2021-06-25 09:19:39,000] {scheduler_job.py:182} INFO - Started process (PID=8610) to work on /home/airflow/sandbox/lib/python3.8/site-packages/airflow/example_dags/example_branch_operator.py
[2021-06-25 09:19:39,002] {scheduler_job.py:633} INFO - Processing file /home/airflow/sandbox/lib/python3.8/site-packages/airflow/example_dags/example_branch_operator.py for tasks to queue
[2021-06-25 09:19:39,044] {logging_mixin.py:104} INFO - [2021-06-25 09:19:39,043] {dagbag.py:487} INFO - Filling up the DagBag from /home/airflow/sandbox/lib/python3.8/site-packages/airflow/example_dags/example_branch_operator.py
[2021-06-25 09:19:39,475] {scheduler_job.py:643} INFO - DAG(s) dict_keys(['example_branch_operator']) retrieved from /home/airflow/sandbox/lib/python3.8/site-packages/airflow/example_dags/example_branch_operator.py
[2021-06-25 09:19:40,105] {logging_mixin.py:104} INFO - [2021-06-25 09:19:40,105] {dag.py:1832} INFO - Sync 1 DAGs
[2021-06-25 09:19:40,319] {logging_mixin.py:104} INFO - [2021-06-25 09:19:40,319] {dag.py:2305} INFO - Setting next_dagrun for example_branch_operator to 2021-06-23 00:00:00+00:00
[2021-06-25 09:19:40,477] {scheduler_job.py:190} INFO - Processing /home/airflow/sandbox/lib/python3.8/site-packages/airflow/example_dags/example_branch_operator.py took 1.646 seconds
[2021-06-25 09:20:18,089] {scheduler_job.py:182} INFO - Started process (PID=9754) to work on /home/airflow/sandbox/lib/python3.8/site-packages/airflow/example_dags/example_branch_operator.py
[2021-06-25 09:20:18,110] {scheduler_job.py:633} INFO - Processing file /home/airflow/sandbox/lib/python3.8/site-packages/airflow/example_dags/example_branch_operator.py for tasks to queue
[2021-06-25 09:20:18,129] {logging_mixin.py:104} INFO - [2021-06-25 09:20:18,128] {dagbag.py:487} INFO - Filling up the DagBag from /home/airflow/sandbox/lib/python3.8/site-packages/airflow/example_dags/example_branch_operator.py
[2021-06-25 09:20:18,365] {scheduler_job.py:643} INFO - DAG(s) dict_keys(['example_branch_operator']) retrieved from /home/airflow/sandbox/lib/python3.8/site-packages/airflow/example_dags/example_branch_operator.py
[2021-06-25 09:20:18,728] {logging_mixin.py:104} INFO - [2021-06-25 09:20:18,728] {dag.py:1832} INFO - Sync 1 DAGs
[2021-06-25 09:20:18,982] {logging_mixin.py:104} INFO - [2021-06-25 09:20:18,982] {dag.py:2305} INFO - Setting next_dagrun for example_branch_operator to 2021-06-23 00:00:00+00:00
[2021-06-25 09:20:19,155] {scheduler_job.py:190} INFO - Processing /home/airflow/sandbox/lib/python3.8/site-packages/airflow/example_dags/example_branch_operator.py took 1.106 seconds
[2021-06-25 09:20:49,415] {scheduler_job.py:182} INFO - Started process (PID=9941) to work on /home/airflow/sandbox/lib/python3.8/site-packages/airflow/example_dags/example_branch_operator.py
[2021-06-25 09:20:49,420] {scheduler_job.py:633} INFO - Processing file /home/airflow/sandbox/lib/python3.8/site-packages/airflow/example_dags/example_branch_operator.py for tasks to queue
[2021-06-25 09:20:49,421] {logging_mixin.py:104} INFO - [2021-06-25 09:20:49,421] {dagbag.py:487} INFO - Filling up the DagBag from /home/airflow/sandbox/lib/python3.8/site-packages/airflow/example_dags/example_branch_operator.py
[2021-06-25 09:20:49,442] {scheduler_job.py:643} INFO - DAG(s) dict_keys(['example_branch_operator']) retrieved from /home/airflow/sandbox/lib/python3.8/site-packages/airflow/example_dags/example_branch_operator.py
[2021-06-25 09:20:49,486] {logging_mixin.py:104} INFO - [2021-06-25 09:20:49,485] {dag.py:1832} INFO - Sync 1 DAGs
[2021-06-25 09:20:49,527] {logging_mixin.py:104} INFO - [2021-06-25 09:20:49,526] {dag.py:2305} INFO - Setting next_dagrun for example_branch_operator to 2021-06-23 00:00:00+00:00
[2021-06-25 09:20:49,540] {scheduler_job.py:190} INFO - Processing /home/airflow/sandbox/lib/python3.8/site-packages/airflow/example_dags/example_branch_operator.py took 0.130 seconds
[2021-06-25 09:21:19,748] {scheduler_job.py:182} INFO - Started process (PID=10010) to work on /home/airflow/sandbox/lib/python3.8/site-packages/airflow/example_dags/example_branch_operator.py
[2021-06-25 09:21:19,749] {scheduler_job.py:633} INFO - Processing file /home/airflow/sandbox/lib/python3.8/site-packages/airflow/example_dags/example_branch_operator.py for tasks to queue
[2021-06-25 09:21:19,751] {logging_mixin.py:104} INFO - [2021-06-25 09:21:19,751] {dagbag.py:487} INFO - Filling up the DagBag from /home/airflow/sandbox/lib/python3.8/site-packages/airflow/example_dags/example_branch_operator.py
[2021-06-25 09:21:19,766] {scheduler_job.py:643} INFO - DAG(s) dict_keys(['example_branch_operator']) retrieved from /home/airflow/sandbox/lib/python3.8/site-packages/airflow/example_dags/example_branch_operator.py
[2021-06-25 09:21:19,801] {logging_mixin.py:104} INFO - [2021-06-25 09:21:19,800] {dag.py:1832} INFO - Sync 1 DAGs
[2021-06-25 09:21:19,826] {logging_mixin.py:104} INFO - [2021-06-25 09:21:19,826] {dag.py:2305} INFO - Setting next_dagrun for example_branch_operator to 2021-06-23 00:00:00+00:00
[2021-06-25 09:21:19,844] {scheduler_job.py:190} INFO - Processing /home/airflow/sandbox/lib/python3.8/site-packages/airflow/example_dags/example_branch_operator.py took 0.100 seconds
[2021-06-25 09:21:50,229] {scheduler_job.py:182} INFO - Started process (PID=10078) to work on /home/airflow/sandbox/lib/python3.8/site-packages/airflow/example_dags/example_branch_operator.py
[2021-06-25 09:21:50,239] {scheduler_job.py:633} INFO - Processing file /home/airflow/sandbox/lib/python3.8/site-packages/airflow/example_dags/example_branch_operator.py for tasks to queue
[2021-06-25 09:21:50,244] {logging_mixin.py:104} INFO - [2021-06-25 09:21:50,244] {dagbag.py:487} INFO - Filling up the DagBag from /home/airflow/sandbox/lib/python3.8/site-packages/airflow/example_dags/example_branch_operator.py
[2021-06-25 09:21:50,294] {scheduler_job.py:643} INFO - DAG(s) dict_keys(['example_branch_operator']) retrieved from /home/airflow/sandbox/lib/python3.8/site-packages/airflow/example_dags/example_branch_operator.py
[2021-06-25 09:21:50,331] {logging_mixin.py:104} INFO - [2021-06-25 09:21:50,331] {dag.py:1832} INFO - Sync 1 DAGs
[2021-06-25 09:21:50,353] {logging_mixin.py:104} INFO - [2021-06-25 09:21:50,353] {dag.py:2305} INFO - Setting next_dagrun for example_branch_operator to 2021-06-23 00:00:00+00:00
[2021-06-25 09:21:50,367] {scheduler_job.py:190} INFO - Processing /home/airflow/sandbox/lib/python3.8/site-packages/airflow/example_dags/example_branch_operator.py took 0.142 seconds
[2021-06-25 09:22:20,473] {scheduler_job.py:182} INFO - Started process (PID=10152) to work on /home/airflow/sandbox/lib/python3.8/site-packages/airflow/example_dags/example_branch_operator.py
[2021-06-25 09:22:20,476] {scheduler_job.py:633} INFO - Processing file /home/airflow/sandbox/lib/python3.8/site-packages/airflow/example_dags/example_branch_operator.py for tasks to queue
[2021-06-25 09:22:20,477] {logging_mixin.py:104} INFO - [2021-06-25 09:22:20,477] {dagbag.py:487} INFO - Filling up the DagBag from /home/airflow/sandbox/lib/python3.8/site-packages/airflow/example_dags/example_branch_operator.py
[2021-06-25 09:22:20,497] {scheduler_job.py:643} INFO - DAG(s) dict_keys(['example_branch_operator']) retrieved from /home/airflow/sandbox/lib/python3.8/site-packages/airflow/example_dags/example_branch_operator.py
[2021-06-25 09:22:20,534] {logging_mixin.py:104} INFO - [2021-06-25 09:22:20,533] {dag.py:1832} INFO - Sync 1 DAGs
[2021-06-25 09:22:20,561] {logging_mixin.py:104} INFO - [2021-06-25 09:22:20,560] {dag.py:2305} INFO - Setting next_dagrun for example_branch_operator to 2021-06-23 00:00:00+00:00
[2021-06-25 09:22:20,578] {scheduler_job.py:190} INFO - Processing /home/airflow/sandbox/lib/python3.8/site-packages/airflow/example_dags/example_branch_operator.py took 0.110 seconds
[2021-06-25 09:24:07,980] {scheduler_job.py:182} INFO - Started process (PID=10530) to work on /home/airflow/sandbox/lib/python3.8/site-packages/airflow/example_dags/example_branch_operator.py
[2021-06-25 09:24:07,983] {scheduler_job.py:633} INFO - Processing file /home/airflow/sandbox/lib/python3.8/site-packages/airflow/example_dags/example_branch_operator.py for tasks to queue
[2021-06-25 09:24:07,992] {logging_mixin.py:104} INFO - [2021-06-25 09:24:07,992] {dagbag.py:487} INFO - Filling up the DagBag from /home/airflow/sandbox/lib/python3.8/site-packages/airflow/example_dags/example_branch_operator.py
[2021-06-25 09:24:08,080] {scheduler_job.py:643} INFO - DAG(s) dict_keys(['example_branch_operator']) retrieved from /home/airflow/sandbox/lib/python3.8/site-packages/airflow/example_dags/example_branch_operator.py
[2021-06-25 09:24:08,143] {logging_mixin.py:104} INFO - [2021-06-25 09:24:08,143] {dag.py:1832} INFO - Sync 1 DAGs
[2021-06-25 09:24:08,224] {logging_mixin.py:104} INFO - [2021-06-25 09:24:08,224] {dag.py:2305} INFO - Setting next_dagrun for example_branch_operator to 2021-06-23 00:00:00+00:00
[2021-06-25 09:24:08,271] {scheduler_job.py:190} INFO - Processing /home/airflow/sandbox/lib/python3.8/site-packages/airflow/example_dags/example_branch_operator.py took 0.304 seconds
[2021-06-25 09:24:38,423] {scheduler_job.py:182} INFO - Started process (PID=10739) to work on /home/airflow/sandbox/lib/python3.8/site-packages/airflow/example_dags/example_branch_operator.py
[2021-06-25 09:24:38,429] {scheduler_job.py:633} INFO - Processing file /home/airflow/sandbox/lib/python3.8/site-packages/airflow/example_dags/example_branch_operator.py for tasks to queue
[2021-06-25 09:24:38,434] {logging_mixin.py:104} INFO - [2021-06-25 09:24:38,434] {dagbag.py:487} INFO - Filling up the DagBag from /home/airflow/sandbox/lib/python3.8/site-packages/airflow/example_dags/example_branch_operator.py
[2021-06-25 09:24:38,494] {scheduler_job.py:643} INFO - DAG(s) dict_keys(['example_branch_operator']) retrieved from /home/airflow/sandbox/lib/python3.8/site-packages/airflow/example_dags/example_branch_operator.py
[2021-06-25 09:24:38,535] {logging_mixin.py:104} INFO - [2021-06-25 09:24:38,535] {dag.py:1832} INFO - Sync 1 DAGs
[2021-06-25 09:24:38,595] {logging_mixin.py:104} INFO - [2021-06-25 09:24:38,595] {dag.py:2305} INFO - Setting next_dagrun for example_branch_operator to 2021-06-23 00:00:00+00:00
[2021-06-25 09:24:38,610] {scheduler_job.py:190} INFO - Processing /home/airflow/sandbox/lib/python3.8/site-packages/airflow/example_dags/example_branch_operator.py took 0.197 seconds
[2021-06-25 09:25:09,362] {scheduler_job.py:182} INFO - Started process (PID=10940) to work on /home/airflow/sandbox/lib/python3.8/site-packages/airflow/example_dags/example_branch_operator.py
[2021-06-25 09:25:09,370] {scheduler_job.py:633} INFO - Processing file /home/airflow/sandbox/lib/python3.8/site-packages/airflow/example_dags/example_branch_operator.py for tasks to queue
[2021-06-25 09:25:09,371] {logging_mixin.py:104} INFO - [2021-06-25 09:25:09,371] {dagbag.py:487} INFO - Filling up the DagBag from /home/airflow/sandbox/lib/python3.8/site-packages/airflow/example_dags/example_branch_operator.py
[2021-06-25 09:25:09,406] {scheduler_job.py:643} INFO - DAG(s) dict_keys(['example_branch_operator']) retrieved from /home/airflow/sandbox/lib/python3.8/site-packages/airflow/example_dags/example_branch_operator.py
[2021-06-25 09:25:09,472] {logging_mixin.py:104} INFO - [2021-06-25 09:25:09,472] {dag.py:1832} INFO - Sync 1 DAGs
[2021-06-25 09:25:09,506] {logging_mixin.py:104} INFO - [2021-06-25 09:25:09,505] {dag.py:2305} INFO - Setting next_dagrun for example_branch_operator to 2021-06-23 00:00:00+00:00
[2021-06-25 09:25:09,535] {scheduler_job.py:190} INFO - Processing /home/airflow/sandbox/lib/python3.8/site-packages/airflow/example_dags/example_branch_operator.py took 0.180 seconds
[2021-06-25 09:25:40,345] {scheduler_job.py:182} INFO - Started process (PID=11140) to work on /home/airflow/sandbox/lib/python3.8/site-packages/airflow/example_dags/example_branch_operator.py
[2021-06-25 09:25:40,348] {scheduler_job.py:633} INFO - Processing file /home/airflow/sandbox/lib/python3.8/site-packages/airflow/example_dags/example_branch_operator.py for tasks to queue
[2021-06-25 09:25:40,353] {logging_mixin.py:104} INFO - [2021-06-25 09:25:40,353] {dagbag.py:487} INFO - Filling up the DagBag from /home/airflow/sandbox/lib/python3.8/site-packages/airflow/example_dags/example_branch_operator.py
[2021-06-25 09:25:40,386] {scheduler_job.py:643} INFO - DAG(s) dict_keys(['example_branch_operator']) retrieved from /home/airflow/sandbox/lib/python3.8/site-packages/airflow/example_dags/example_branch_operator.py
[2021-06-25 09:25:40,440] {logging_mixin.py:104} INFO - [2021-06-25 09:25:40,440] {dag.py:1832} INFO - Sync 1 DAGs
[2021-06-25 09:25:40,466] {logging_mixin.py:104} INFO - [2021-06-25 09:25:40,466] {dag.py:2305} INFO - Setting next_dagrun for example_branch_operator to 2021-06-23 00:00:00+00:00
[2021-06-25 09:25:40,486] {scheduler_job.py:190} INFO - Processing /home/airflow/sandbox/lib/python3.8/site-packages/airflow/example_dags/example_branch_operator.py took 0.148 seconds
[2021-06-25 09:26:11,876] {scheduler_job.py:182} INFO - Started process (PID=11342) to work on /home/airflow/sandbox/lib/python3.8/site-packages/airflow/example_dags/example_branch_operator.py
[2021-06-25 09:26:11,878] {scheduler_job.py:633} INFO - Processing file /home/airflow/sandbox/lib/python3.8/site-packages/airflow/example_dags/example_branch_operator.py for tasks to queue
[2021-06-25 09:26:11,879] {logging_mixin.py:104} INFO - [2021-06-25 09:26:11,879] {dagbag.py:487} INFO - Filling up the DagBag from /home/airflow/sandbox/lib/python3.8/site-packages/airflow/example_dags/example_branch_operator.py
[2021-06-25 09:26:11,932] {scheduler_job.py:643} INFO - DAG(s) dict_keys(['example_branch_operator']) retrieved from /home/airflow/sandbox/lib/python3.8/site-packages/airflow/example_dags/example_branch_operator.py
[2021-06-25 09:26:11,984] {logging_mixin.py:104} INFO - [2021-06-25 09:26:11,984] {dag.py:1832} INFO - Sync 1 DAGs
[2021-06-25 09:26:12,015] {logging_mixin.py:104} INFO - [2021-06-25 09:26:12,015] {dag.py:2305} INFO - Setting next_dagrun for example_branch_operator to 2021-06-23 00:00:00+00:00
[2021-06-25 09:26:12,034] {scheduler_job.py:190} INFO - Processing /home/airflow/sandbox/lib/python3.8/site-packages/airflow/example_dags/example_branch_operator.py took 0.163 seconds
[2021-06-25 09:27:05,856] {scheduler_job.py:182} INFO - Started process (PID=11691) to work on /home/airflow/sandbox/lib/python3.8/site-packages/airflow/example_dags/example_branch_operator.py
[2021-06-25 09:27:05,869] {scheduler_job.py:633} INFO - Processing file /home/airflow/sandbox/lib/python3.8/site-packages/airflow/example_dags/example_branch_operator.py for tasks to queue
[2021-06-25 09:27:05,872] {logging_mixin.py:104} INFO - [2021-06-25 09:27:05,872] {dagbag.py:487} INFO - Filling up the DagBag from /home/airflow/sandbox/lib/python3.8/site-packages/airflow/example_dags/example_branch_operator.py
[2021-06-25 09:27:05,945] {scheduler_job.py:643} INFO - DAG(s) dict_keys(['example_branch_operator']) retrieved from /home/airflow/sandbox/lib/python3.8/site-packages/airflow/example_dags/example_branch_operator.py
[2021-06-25 09:27:06,077] {logging_mixin.py:104} INFO - [2021-06-25 09:27:06,077] {dag.py:1832} INFO - Sync 1 DAGs
[2021-06-25 09:27:06,158] {logging_mixin.py:104} INFO - [2021-06-25 09:27:06,158] {dag.py:2305} INFO - Setting next_dagrun for example_branch_operator to 2021-06-23 00:00:00+00:00
[2021-06-25 09:27:06,268] {scheduler_job.py:190} INFO - Processing /home/airflow/sandbox/lib/python3.8/site-packages/airflow/example_dags/example_branch_operator.py took 0.419 seconds
[2021-06-25 09:27:37,812] {scheduler_job.py:182} INFO - Started process (PID=11905) to work on /home/airflow/sandbox/lib/python3.8/site-packages/airflow/example_dags/example_branch_operator.py
[2021-06-25 09:27:37,817] {scheduler_job.py:633} INFO - Processing file /home/airflow/sandbox/lib/python3.8/site-packages/airflow/example_dags/example_branch_operator.py for tasks to queue
[2021-06-25 09:27:37,818] {logging_mixin.py:104} INFO - [2021-06-25 09:27:37,818] {dagbag.py:487} INFO - Filling up the DagBag from /home/airflow/sandbox/lib/python3.8/site-packages/airflow/example_dags/example_branch_operator.py
[2021-06-25 09:27:37,860] {scheduler_job.py:643} INFO - DAG(s) dict_keys(['example_branch_operator']) retrieved from /home/airflow/sandbox/lib/python3.8/site-packages/airflow/example_dags/example_branch_operator.py
[2021-06-25 09:27:37,954] {logging_mixin.py:104} INFO - [2021-06-25 09:27:37,954] {dag.py:1832} INFO - Sync 1 DAGs
[2021-06-25 09:27:37,985] {logging_mixin.py:104} INFO - [2021-06-25 09:27:37,985] {dag.py:2305} INFO - Setting next_dagrun for example_branch_operator to 2021-06-23 00:00:00+00:00
[2021-06-25 09:27:38,007] {scheduler_job.py:190} INFO - Processing /home/airflow/sandbox/lib/python3.8/site-packages/airflow/example_dags/example_branch_operator.py took 0.207 seconds
[2021-06-25 09:28:10,395] {scheduler_job.py:182} INFO - Started process (PID=12105) to work on /home/airflow/sandbox/lib/python3.8/site-packages/airflow/example_dags/example_branch_operator.py
[2021-06-25 09:28:10,410] {scheduler_job.py:633} INFO - Processing file /home/airflow/sandbox/lib/python3.8/site-packages/airflow/example_dags/example_branch_operator.py for tasks to queue
[2021-06-25 09:28:10,417] {logging_mixin.py:104} INFO - [2021-06-25 09:28:10,416] {dagbag.py:487} INFO - Filling up the DagBag from /home/airflow/sandbox/lib/python3.8/site-packages/airflow/example_dags/example_branch_operator.py
[2021-06-25 09:28:10,513] {scheduler_job.py:643} INFO - DAG(s) dict_keys(['example_branch_operator']) retrieved from /home/airflow/sandbox/lib/python3.8/site-packages/airflow/example_dags/example_branch_operator.py
[2021-06-25 09:28:10,692] {logging_mixin.py:104} INFO - [2021-06-25 09:28:10,691] {dag.py:1832} INFO - Sync 1 DAGs
[2021-06-25 09:28:10,851] {logging_mixin.py:104} INFO - [2021-06-25 09:28:10,851] {dag.py:2305} INFO - Setting next_dagrun for example_branch_operator to 2021-06-23 00:00:00+00:00
[2021-06-25 09:28:10,916] {scheduler_job.py:190} INFO - Processing /home/airflow/sandbox/lib/python3.8/site-packages/airflow/example_dags/example_branch_operator.py took 0.534 seconds
[2021-06-25 09:28:41,801] {scheduler_job.py:182} INFO - Started process (PID=12307) to work on /home/airflow/sandbox/lib/python3.8/site-packages/airflow/example_dags/example_branch_operator.py
[2021-06-25 09:28:41,804] {scheduler_job.py:633} INFO - Processing file /home/airflow/sandbox/lib/python3.8/site-packages/airflow/example_dags/example_branch_operator.py for tasks to queue
[2021-06-25 09:28:41,812] {logging_mixin.py:104} INFO - [2021-06-25 09:28:41,812] {dagbag.py:487} INFO - Filling up the DagBag from /home/airflow/sandbox/lib/python3.8/site-packages/airflow/example_dags/example_branch_operator.py
[2021-06-25 09:28:41,846] {scheduler_job.py:643} INFO - DAG(s) dict_keys(['example_branch_operator']) retrieved from /home/airflow/sandbox/lib/python3.8/site-packages/airflow/example_dags/example_branch_operator.py
[2021-06-25 09:28:41,917] {logging_mixin.py:104} INFO - [2021-06-25 09:28:41,917] {dag.py:1832} INFO - Sync 1 DAGs
[2021-06-25 09:28:41,952] {logging_mixin.py:104} INFO - [2021-06-25 09:28:41,952] {dag.py:2305} INFO - Setting next_dagrun for example_branch_operator to 2021-06-23 00:00:00+00:00
[2021-06-25 09:28:41,982] {scheduler_job.py:190} INFO - Processing /home/airflow/sandbox/lib/python3.8/site-packages/airflow/example_dags/example_branch_operator.py took 0.185 seconds
[2021-06-25 09:29:12,793] {scheduler_job.py:182} INFO - Started process (PID=12508) to work on /home/airflow/sandbox/lib/python3.8/site-packages/airflow/example_dags/example_branch_operator.py
[2021-06-25 09:29:12,796] {scheduler_job.py:633} INFO - Processing file /home/airflow/sandbox/lib/python3.8/site-packages/airflow/example_dags/example_branch_operator.py for tasks to queue
[2021-06-25 09:29:12,802] {logging_mixin.py:104} INFO - [2021-06-25 09:29:12,802] {dagbag.py:487} INFO - Filling up the DagBag from /home/airflow/sandbox/lib/python3.8/site-packages/airflow/example_dags/example_branch_operator.py
[2021-06-25 09:29:12,827] {scheduler_job.py:643} INFO - DAG(s) dict_keys(['example_branch_operator']) retrieved from /home/airflow/sandbox/lib/python3.8/site-packages/airflow/example_dags/example_branch_operator.py
[2021-06-25 09:29:12,866] {logging_mixin.py:104} INFO - [2021-06-25 09:29:12,866] {dag.py:1832} INFO - Sync 1 DAGs
[2021-06-25 09:29:12,899] {logging_mixin.py:104} INFO - [2021-06-25 09:29:12,899] {dag.py:2305} INFO - Setting next_dagrun for example_branch_operator to 2021-06-23 00:00:00+00:00
[2021-06-25 09:29:12,925] {scheduler_job.py:190} INFO - Processing /home/airflow/sandbox/lib/python3.8/site-packages/airflow/example_dags/example_branch_operator.py took 0.137 seconds
[2021-06-25 09:30:31,938] {scheduler_job.py:182} INFO - Started process (PID=12791) to work on /home/airflow/sandbox/lib/python3.8/site-packages/airflow/example_dags/example_branch_operator.py
[2021-06-25 09:30:31,940] {scheduler_job.py:633} INFO - Processing file /home/airflow/sandbox/lib/python3.8/site-packages/airflow/example_dags/example_branch_operator.py for tasks to queue
[2021-06-25 09:30:31,942] {logging_mixin.py:104} INFO - [2021-06-25 09:30:31,942] {dagbag.py:487} INFO - Filling up the DagBag from /home/airflow/sandbox/lib/python3.8/site-packages/airflow/example_dags/example_branch_operator.py
[2021-06-25 09:30:31,956] {scheduler_job.py:643} INFO - DAG(s) dict_keys(['example_branch_operator']) retrieved from /home/airflow/sandbox/lib/python3.8/site-packages/airflow/example_dags/example_branch_operator.py
[2021-06-25 09:30:31,990] {logging_mixin.py:104} INFO - [2021-06-25 09:30:31,990] {dag.py:1832} INFO - Sync 1 DAGs
[2021-06-25 09:30:32,030] {logging_mixin.py:104} INFO - [2021-06-25 09:30:32,030] {dag.py:2305} INFO - Setting next_dagrun for example_branch_operator to 2021-06-23 00:00:00+00:00
[2021-06-25 09:30:32,053] {scheduler_job.py:190} INFO - Processing /home/airflow/sandbox/lib/python3.8/site-packages/airflow/example_dags/example_branch_operator.py took 0.127 seconds
[2021-06-25 09:31:03,204] {scheduler_job.py:182} INFO - Started process (PID=12991) to work on /home/airflow/sandbox/lib/python3.8/site-packages/airflow/example_dags/example_branch_operator.py
[2021-06-25 09:31:03,209] {scheduler_job.py:633} INFO - Processing file /home/airflow/sandbox/lib/python3.8/site-packages/airflow/example_dags/example_branch_operator.py for tasks to queue
[2021-06-25 09:31:03,214] {logging_mixin.py:104} INFO - [2021-06-25 09:31:03,214] {dagbag.py:487} INFO - Filling up the DagBag from /home/airflow/sandbox/lib/python3.8/site-packages/airflow/example_dags/example_branch_operator.py
[2021-06-25 09:31:03,240] {scheduler_job.py:643} INFO - DAG(s) dict_keys(['example_branch_operator']) retrieved from /home/airflow/sandbox/lib/python3.8/site-packages/airflow/example_dags/example_branch_operator.py
[2021-06-25 09:31:03,289] {logging_mixin.py:104} INFO - [2021-06-25 09:31:03,289] {dag.py:1832} INFO - Sync 1 DAGs
[2021-06-25 09:31:03,321] {logging_mixin.py:104} INFO - [2021-06-25 09:31:03,321] {dag.py:2305} INFO - Setting next_dagrun for example_branch_operator to 2021-06-23 00:00:00+00:00
[2021-06-25 09:31:03,342] {scheduler_job.py:190} INFO - Processing /home/airflow/sandbox/lib/python3.8/site-packages/airflow/example_dags/example_branch_operator.py took 0.145 seconds
[2021-06-25 09:31:34,287] {scheduler_job.py:182} INFO - Started process (PID=13190) to work on /home/airflow/sandbox/lib/python3.8/site-packages/airflow/example_dags/example_branch_operator.py
[2021-06-25 09:31:34,292] {scheduler_job.py:633} INFO - Processing file /home/airflow/sandbox/lib/python3.8/site-packages/airflow/example_dags/example_branch_operator.py for tasks to queue
[2021-06-25 09:31:34,296] {logging_mixin.py:104} INFO - [2021-06-25 09:31:34,296] {dagbag.py:487} INFO - Filling up the DagBag from /home/airflow/sandbox/lib/python3.8/site-packages/airflow/example_dags/example_branch_operator.py
[2021-06-25 09:31:34,329] {scheduler_job.py:643} INFO - DAG(s) dict_keys(['example_branch_operator']) retrieved from /home/airflow/sandbox/lib/python3.8/site-packages/airflow/example_dags/example_branch_operator.py
[2021-06-25 09:31:34,424] {logging_mixin.py:104} INFO - [2021-06-25 09:31:34,423] {dag.py:1832} INFO - Sync 1 DAGs
[2021-06-25 09:31:34,480] {logging_mixin.py:104} INFO - [2021-06-25 09:31:34,480] {dag.py:2305} INFO - Setting next_dagrun for example_branch_operator to 2021-06-23 00:00:00+00:00
[2021-06-25 09:31:34,519] {scheduler_job.py:190} INFO - Processing /home/airflow/sandbox/lib/python3.8/site-packages/airflow/example_dags/example_branch_operator.py took 0.239 seconds
[2021-06-25 09:32:13,279] {scheduler_job.py:182} INFO - Started process (PID=13391) to work on /home/airflow/sandbox/lib/python3.8/site-packages/airflow/example_dags/example_branch_operator.py
[2021-06-25 09:32:13,288] {scheduler_job.py:633} INFO - Processing file /home/airflow/sandbox/lib/python3.8/site-packages/airflow/example_dags/example_branch_operator.py for tasks to queue
[2021-06-25 09:32:13,292] {logging_mixin.py:104} INFO - [2021-06-25 09:32:13,291] {dagbag.py:487} INFO - Filling up the DagBag from /home/airflow/sandbox/lib/python3.8/site-packages/airflow/example_dags/example_branch_operator.py
[2021-06-25 09:32:13,445] {scheduler_job.py:643} INFO - DAG(s) dict_keys(['example_branch_operator']) retrieved from /home/airflow/sandbox/lib/python3.8/site-packages/airflow/example_dags/example_branch_operator.py
[2021-06-25 09:32:13,660] {logging_mixin.py:104} INFO - [2021-06-25 09:32:13,659] {dag.py:1832} INFO - Sync 1 DAGs
[2021-06-25 09:32:13,741] {logging_mixin.py:104} INFO - [2021-06-25 09:32:13,741] {dag.py:2305} INFO - Setting next_dagrun for example_branch_operator to 2021-06-23 00:00:00+00:00
[2021-06-25 09:32:13,817] {scheduler_job.py:190} INFO - Processing /home/airflow/sandbox/lib/python3.8/site-packages/airflow/example_dags/example_branch_operator.py took 0.552 seconds
[2021-06-25 09:32:43,950] {scheduler_job.py:182} INFO - Started process (PID=13592) to work on /home/airflow/sandbox/lib/python3.8/site-packages/airflow/example_dags/example_branch_operator.py
[2021-06-25 09:32:43,953] {scheduler_job.py:633} INFO - Processing file /home/airflow/sandbox/lib/python3.8/site-packages/airflow/example_dags/example_branch_operator.py for tasks to queue
[2021-06-25 09:32:43,960] {logging_mixin.py:104} INFO - [2021-06-25 09:32:43,959] {dagbag.py:487} INFO - Filling up the DagBag from /home/airflow/sandbox/lib/python3.8/site-packages/airflow/example_dags/example_branch_operator.py
[2021-06-25 09:32:44,034] {scheduler_job.py:643} INFO - DAG(s) dict_keys(['example_branch_operator']) retrieved from /home/airflow/sandbox/lib/python3.8/site-packages/airflow/example_dags/example_branch_operator.py
[2021-06-25 09:32:44,109] {logging_mixin.py:104} INFO - [2021-06-25 09:32:44,109] {dag.py:1832} INFO - Sync 1 DAGs
[2021-06-25 09:32:44,151] {logging_mixin.py:104} INFO - [2021-06-25 09:32:44,151] {dag.py:2305} INFO - Setting next_dagrun for example_branch_operator to 2021-06-23 00:00:00+00:00
[2021-06-25 09:32:44,185] {scheduler_job.py:190} INFO - Processing /home/airflow/sandbox/lib/python3.8/site-packages/airflow/example_dags/example_branch_operator.py took 0.240 seconds
[2021-06-25 09:33:14,851] {scheduler_job.py:182} INFO - Started process (PID=13794) to work on /home/airflow/sandbox/lib/python3.8/site-packages/airflow/example_dags/example_branch_operator.py
[2021-06-25 09:33:14,852] {scheduler_job.py:633} INFO - Processing file /home/airflow/sandbox/lib/python3.8/site-packages/airflow/example_dags/example_branch_operator.py for tasks to queue
[2021-06-25 09:33:14,853] {logging_mixin.py:104} INFO - [2021-06-25 09:33:14,853] {dagbag.py:487} INFO - Filling up the DagBag from /home/airflow/sandbox/lib/python3.8/site-packages/airflow/example_dags/example_branch_operator.py
[2021-06-25 09:33:14,883] {scheduler_job.py:643} INFO - DAG(s) dict_keys(['example_branch_operator']) retrieved from /home/airflow/sandbox/lib/python3.8/site-packages/airflow/example_dags/example_branch_operator.py
[2021-06-25 09:33:14,937] {logging_mixin.py:104} INFO - [2021-06-25 09:33:14,937] {dag.py:1832} INFO - Sync 1 DAGs
[2021-06-25 09:33:14,973] {logging_mixin.py:104} INFO - [2021-06-25 09:33:14,973] {dag.py:2305} INFO - Setting next_dagrun for example_branch_operator to 2021-06-23 00:00:00+00:00
[2021-06-25 09:33:14,989] {scheduler_job.py:190} INFO - Processing /home/airflow/sandbox/lib/python3.8/site-packages/airflow/example_dags/example_branch_operator.py took 0.142 seconds
[2021-06-25 09:33:45,277] {scheduler_job.py:182} INFO - Started process (PID=13994) to work on /home/airflow/sandbox/lib/python3.8/site-packages/airflow/example_dags/example_branch_operator.py
[2021-06-25 09:33:45,287] {scheduler_job.py:633} INFO - Processing file /home/airflow/sandbox/lib/python3.8/site-packages/airflow/example_dags/example_branch_operator.py for tasks to queue
[2021-06-25 09:33:45,287] {logging_mixin.py:104} INFO - [2021-06-25 09:33:45,287] {dagbag.py:487} INFO - Filling up the DagBag from /home/airflow/sandbox/lib/python3.8/site-packages/airflow/example_dags/example_branch_operator.py
[2021-06-25 09:33:45,341] {scheduler_job.py:643} INFO - DAG(s) dict_keys(['example_branch_operator']) retrieved from /home/airflow/sandbox/lib/python3.8/site-packages/airflow/example_dags/example_branch_operator.py
[2021-06-25 09:33:45,401] {logging_mixin.py:104} INFO - [2021-06-25 09:33:45,400] {dag.py:1832} INFO - Sync 1 DAGs
[2021-06-25 09:33:45,430] {logging_mixin.py:104} INFO - [2021-06-25 09:33:45,430] {dag.py:2305} INFO - Setting next_dagrun for example_branch_operator to 2021-06-23 00:00:00+00:00
[2021-06-25 09:33:45,444] {scheduler_job.py:190} INFO - Processing /home/airflow/sandbox/lib/python3.8/site-packages/airflow/example_dags/example_branch_operator.py took 0.173 seconds
[2021-06-25 09:34:16,497] {scheduler_job.py:182} INFO - Started process (PID=14195) to work on /home/airflow/sandbox/lib/python3.8/site-packages/airflow/example_dags/example_branch_operator.py
[2021-06-25 09:34:16,500] {scheduler_job.py:633} INFO - Processing file /home/airflow/sandbox/lib/python3.8/site-packages/airflow/example_dags/example_branch_operator.py for tasks to queue
[2021-06-25 09:34:16,501] {logging_mixin.py:104} INFO - [2021-06-25 09:34:16,501] {dagbag.py:487} INFO - Filling up the DagBag from /home/airflow/sandbox/lib/python3.8/site-packages/airflow/example_dags/example_branch_operator.py
[2021-06-25 09:34:16,546] {scheduler_job.py:643} INFO - DAG(s) dict_keys(['example_branch_operator']) retrieved from /home/airflow/sandbox/lib/python3.8/site-packages/airflow/example_dags/example_branch_operator.py
[2021-06-25 09:34:16,622] {logging_mixin.py:104} INFO - [2021-06-25 09:34:16,621] {dag.py:1832} INFO - Sync 1 DAGs
[2021-06-25 09:34:16,692] {logging_mixin.py:104} INFO - [2021-06-25 09:34:16,692] {dag.py:2305} INFO - Setting next_dagrun for example_branch_operator to 2021-06-23 00:00:00+00:00
[2021-06-25 09:34:16,723] {scheduler_job.py:190} INFO - Processing /home/airflow/sandbox/lib/python3.8/site-packages/airflow/example_dags/example_branch_operator.py took 0.243 seconds
[2021-06-25 09:34:46,862] {scheduler_job.py:182} INFO - Started process (PID=14397) to work on /home/airflow/sandbox/lib/python3.8/site-packages/airflow/example_dags/example_branch_operator.py
[2021-06-25 09:34:46,864] {scheduler_job.py:633} INFO - Processing file /home/airflow/sandbox/lib/python3.8/site-packages/airflow/example_dags/example_branch_operator.py for tasks to queue
[2021-06-25 09:34:46,866] {logging_mixin.py:104} INFO - [2021-06-25 09:34:46,866] {dagbag.py:487} INFO - Filling up the DagBag from /home/airflow/sandbox/lib/python3.8/site-packages/airflow/example_dags/example_branch_operator.py
[2021-06-25 09:34:46,883] {scheduler_job.py:643} INFO - DAG(s) dict_keys(['example_branch_operator']) retrieved from /home/airflow/sandbox/lib/python3.8/site-packages/airflow/example_dags/example_branch_operator.py
[2021-06-25 09:34:46,915] {logging_mixin.py:104} INFO - [2021-06-25 09:34:46,915] {dag.py:1832} INFO - Sync 1 DAGs
[2021-06-25 09:34:46,946] {logging_mixin.py:104} INFO - [2021-06-25 09:34:46,946] {dag.py:2305} INFO - Setting next_dagrun for example_branch_operator to 2021-06-23 00:00:00+00:00
[2021-06-25 09:34:46,961] {scheduler_job.py:190} INFO - Processing /home/airflow/sandbox/lib/python3.8/site-packages/airflow/example_dags/example_branch_operator.py took 0.103 seconds
[2021-06-25 09:35:17,184] {scheduler_job.py:182} INFO - Started process (PID=14678) to work on /home/airflow/sandbox/lib/python3.8/site-packages/airflow/example_dags/example_branch_operator.py
[2021-06-25 09:35:17,186] {scheduler_job.py:633} INFO - Processing file /home/airflow/sandbox/lib/python3.8/site-packages/airflow/example_dags/example_branch_operator.py for tasks to queue
[2021-06-25 09:35:17,186] {logging_mixin.py:104} INFO - [2021-06-25 09:35:17,186] {dagbag.py:487} INFO - Filling up the DagBag from /home/airflow/sandbox/lib/python3.8/site-packages/airflow/example_dags/example_branch_operator.py
[2021-06-25 09:35:17,204] {scheduler_job.py:643} INFO - DAG(s) dict_keys(['example_branch_operator']) retrieved from /home/airflow/sandbox/lib/python3.8/site-packages/airflow/example_dags/example_branch_operator.py
[2021-06-25 09:35:17,231] {logging_mixin.py:104} INFO - [2021-06-25 09:35:17,230] {dag.py:1832} INFO - Sync 1 DAGs
[2021-06-25 09:35:17,252] {logging_mixin.py:104} INFO - [2021-06-25 09:35:17,252] {dag.py:2305} INFO - Setting next_dagrun for example_branch_operator to 2021-06-23 00:00:00+00:00
[2021-06-25 09:35:17,265] {scheduler_job.py:190} INFO - Processing /home/airflow/sandbox/lib/python3.8/site-packages/airflow/example_dags/example_branch_operator.py took 0.085 seconds
[2021-06-25 09:35:47,989] {scheduler_job.py:182} INFO - Started process (PID=14935) to work on /home/airflow/sandbox/lib/python3.8/site-packages/airflow/example_dags/example_branch_operator.py
[2021-06-25 09:35:47,991] {scheduler_job.py:633} INFO - Processing file /home/airflow/sandbox/lib/python3.8/site-packages/airflow/example_dags/example_branch_operator.py for tasks to queue
[2021-06-25 09:35:47,995] {logging_mixin.py:104} INFO - [2021-06-25 09:35:47,994] {dagbag.py:487} INFO - Filling up the DagBag from /home/airflow/sandbox/lib/python3.8/site-packages/airflow/example_dags/example_branch_operator.py
[2021-06-25 09:35:48,011] {scheduler_job.py:643} INFO - DAG(s) dict_keys(['example_branch_operator']) retrieved from /home/airflow/sandbox/lib/python3.8/site-packages/airflow/example_dags/example_branch_operator.py
[2021-06-25 09:35:48,049] {logging_mixin.py:104} INFO - [2021-06-25 09:35:48,049] {dag.py:1832} INFO - Sync 1 DAGs
[2021-06-25 09:35:48,074] {logging_mixin.py:104} INFO - [2021-06-25 09:35:48,074] {dag.py:2305} INFO - Setting next_dagrun for example_branch_operator to 2021-06-23 00:00:00+00:00
[2021-06-25 09:35:48,088] {scheduler_job.py:190} INFO - Processing /home/airflow/sandbox/lib/python3.8/site-packages/airflow/example_dags/example_branch_operator.py took 0.110 seconds
[2021-06-25 09:36:18,897] {scheduler_job.py:182} INFO - Started process (PID=15136) to work on /home/airflow/sandbox/lib/python3.8/site-packages/airflow/example_dags/example_branch_operator.py
[2021-06-25 09:36:18,900] {scheduler_job.py:633} INFO - Processing file /home/airflow/sandbox/lib/python3.8/site-packages/airflow/example_dags/example_branch_operator.py for tasks to queue
[2021-06-25 09:36:18,905] {logging_mixin.py:104} INFO - [2021-06-25 09:36:18,905] {dagbag.py:487} INFO - Filling up the DagBag from /home/airflow/sandbox/lib/python3.8/site-packages/airflow/example_dags/example_branch_operator.py
[2021-06-25 09:36:18,926] {scheduler_job.py:643} INFO - DAG(s) dict_keys(['example_branch_operator']) retrieved from /home/airflow/sandbox/lib/python3.8/site-packages/airflow/example_dags/example_branch_operator.py
[2021-06-25 09:36:18,965] {logging_mixin.py:104} INFO - [2021-06-25 09:36:18,965] {dag.py:1832} INFO - Sync 1 DAGs
[2021-06-25 09:36:18,986] {logging_mixin.py:104} INFO - [2021-06-25 09:36:18,986] {dag.py:2305} INFO - Setting next_dagrun for example_branch_operator to 2021-06-23 00:00:00+00:00
[2021-06-25 09:36:18,999] {scheduler_job.py:190} INFO - Processing /home/airflow/sandbox/lib/python3.8/site-packages/airflow/example_dags/example_branch_operator.py took 0.107 seconds
[2021-06-25 09:36:49,675] {scheduler_job.py:182} INFO - Started process (PID=15335) to work on /home/airflow/sandbox/lib/python3.8/site-packages/airflow/example_dags/example_branch_operator.py
[2021-06-25 09:36:49,677] {scheduler_job.py:633} INFO - Processing file /home/airflow/sandbox/lib/python3.8/site-packages/airflow/example_dags/example_branch_operator.py for tasks to queue
[2021-06-25 09:36:49,678] {logging_mixin.py:104} INFO - [2021-06-25 09:36:49,678] {dagbag.py:487} INFO - Filling up the DagBag from /home/airflow/sandbox/lib/python3.8/site-packages/airflow/example_dags/example_branch_operator.py
[2021-06-25 09:36:49,701] {scheduler_job.py:643} INFO - DAG(s) dict_keys(['example_branch_operator']) retrieved from /home/airflow/sandbox/lib/python3.8/site-packages/airflow/example_dags/example_branch_operator.py
[2021-06-25 09:36:49,735] {logging_mixin.py:104} INFO - [2021-06-25 09:36:49,735] {dag.py:1832} INFO - Sync 1 DAGs
[2021-06-25 09:36:49,763] {logging_mixin.py:104} INFO - [2021-06-25 09:36:49,762] {dag.py:2305} INFO - Setting next_dagrun for example_branch_operator to 2021-06-23 00:00:00+00:00
[2021-06-25 09:36:49,778] {scheduler_job.py:190} INFO - Processing /home/airflow/sandbox/lib/python3.8/site-packages/airflow/example_dags/example_branch_operator.py took 0.107 seconds
[2021-06-25 09:37:19,992] {scheduler_job.py:182} INFO - Started process (PID=15536) to work on /home/airflow/sandbox/lib/python3.8/site-packages/airflow/example_dags/example_branch_operator.py
[2021-06-25 09:37:19,996] {scheduler_job.py:633} INFO - Processing file /home/airflow/sandbox/lib/python3.8/site-packages/airflow/example_dags/example_branch_operator.py for tasks to queue
[2021-06-25 09:37:20,002] {logging_mixin.py:104} INFO - [2021-06-25 09:37:20,002] {dagbag.py:487} INFO - Filling up the DagBag from /home/airflow/sandbox/lib/python3.8/site-packages/airflow/example_dags/example_branch_operator.py
[2021-06-25 09:37:20,022] {scheduler_job.py:643} INFO - DAG(s) dict_keys(['example_branch_operator']) retrieved from /home/airflow/sandbox/lib/python3.8/site-packages/airflow/example_dags/example_branch_operator.py
[2021-06-25 09:37:20,056] {logging_mixin.py:104} INFO - [2021-06-25 09:37:20,056] {dag.py:1832} INFO - Sync 1 DAGs
[2021-06-25 09:37:20,080] {logging_mixin.py:104} INFO - [2021-06-25 09:37:20,080] {dag.py:2305} INFO - Setting next_dagrun for example_branch_operator to 2021-06-23 00:00:00+00:00
[2021-06-25 09:37:20,096] {scheduler_job.py:190} INFO - Processing /home/airflow/sandbox/lib/python3.8/site-packages/airflow/example_dags/example_branch_operator.py took 0.108 seconds
[2021-06-25 09:37:51,072] {scheduler_job.py:182} INFO - Started process (PID=15734) to work on /home/airflow/sandbox/lib/python3.8/site-packages/airflow/example_dags/example_branch_operator.py
[2021-06-25 09:37:51,073] {scheduler_job.py:633} INFO - Processing file /home/airflow/sandbox/lib/python3.8/site-packages/airflow/example_dags/example_branch_operator.py for tasks to queue
[2021-06-25 09:37:51,074] {logging_mixin.py:104} INFO - [2021-06-25 09:37:51,074] {dagbag.py:487} INFO - Filling up the DagBag from /home/airflow/sandbox/lib/python3.8/site-packages/airflow/example_dags/example_branch_operator.py
[2021-06-25 09:37:51,110] {scheduler_job.py:643} INFO - DAG(s) dict_keys(['example_branch_operator']) retrieved from /home/airflow/sandbox/lib/python3.8/site-packages/airflow/example_dags/example_branch_operator.py
[2021-06-25 09:37:51,164] {logging_mixin.py:104} INFO - [2021-06-25 09:37:51,164] {dag.py:1832} INFO - Sync 1 DAGs
[2021-06-25 09:37:51,209] {logging_mixin.py:104} INFO - [2021-06-25 09:37:51,209] {dag.py:2305} INFO - Setting next_dagrun for example_branch_operator to 2021-06-23 00:00:00+00:00
[2021-06-25 09:37:51,240] {scheduler_job.py:190} INFO - Processing /home/airflow/sandbox/lib/python3.8/site-packages/airflow/example_dags/example_branch_operator.py took 0.179 seconds
[2021-06-25 09:38:22,299] {scheduler_job.py:182} INFO - Started process (PID=15935) to work on /home/airflow/sandbox/lib/python3.8/site-packages/airflow/example_dags/example_branch_operator.py
[2021-06-25 09:38:22,304] {scheduler_job.py:633} INFO - Processing file /home/airflow/sandbox/lib/python3.8/site-packages/airflow/example_dags/example_branch_operator.py for tasks to queue
[2021-06-25 09:38:22,309] {logging_mixin.py:104} INFO - [2021-06-25 09:38:22,308] {dagbag.py:487} INFO - Filling up the DagBag from /home/airflow/sandbox/lib/python3.8/site-packages/airflow/example_dags/example_branch_operator.py
[2021-06-25 09:38:22,336] {scheduler_job.py:643} INFO - DAG(s) dict_keys(['example_branch_operator']) retrieved from /home/airflow/sandbox/lib/python3.8/site-packages/airflow/example_dags/example_branch_operator.py
[2021-06-25 09:38:22,385] {logging_mixin.py:104} INFO - [2021-06-25 09:38:22,385] {dag.py:1832} INFO - Sync 1 DAGs
[2021-06-25 09:38:22,413] {logging_mixin.py:104} INFO - [2021-06-25 09:38:22,413] {dag.py:2305} INFO - Setting next_dagrun for example_branch_operator to 2021-06-23 00:00:00+00:00
[2021-06-25 09:38:22,436] {scheduler_job.py:190} INFO - Processing /home/airflow/sandbox/lib/python3.8/site-packages/airflow/example_dags/example_branch_operator.py took 0.144 seconds
[2021-06-25 09:40:11,440] {scheduler_job.py:182} INFO - Started process (PID=16316) to work on /home/airflow/sandbox/lib/python3.8/site-packages/airflow/example_dags/example_branch_operator.py
[2021-06-25 09:40:11,447] {scheduler_job.py:633} INFO - Processing file /home/airflow/sandbox/lib/python3.8/site-packages/airflow/example_dags/example_branch_operator.py for tasks to queue
[2021-06-25 09:40:11,453] {logging_mixin.py:104} INFO - [2021-06-25 09:40:11,453] {dagbag.py:487} INFO - Filling up the DagBag from /home/airflow/sandbox/lib/python3.8/site-packages/airflow/example_dags/example_branch_operator.py
[2021-06-25 09:40:11,522] {scheduler_job.py:643} INFO - DAG(s) dict_keys(['example_branch_operator']) retrieved from /home/airflow/sandbox/lib/python3.8/site-packages/airflow/example_dags/example_branch_operator.py
[2021-06-25 09:40:11,655] {logging_mixin.py:104} INFO - [2021-06-25 09:40:11,655] {dag.py:1832} INFO - Sync 1 DAGs
[2021-06-25 09:40:11,748] {logging_mixin.py:104} INFO - [2021-06-25 09:40:11,745] {dag.py:2305} INFO - Setting next_dagrun for example_branch_operator to 2021-06-23 00:00:00+00:00
[2021-06-25 09:40:11,812] {scheduler_job.py:190} INFO - Processing /home/airflow/sandbox/lib/python3.8/site-packages/airflow/example_dags/example_branch_operator.py took 0.381 seconds
[2021-06-25 09:40:42,482] {scheduler_job.py:182} INFO - Started process (PID=16514) to work on /home/airflow/sandbox/lib/python3.8/site-packages/airflow/example_dags/example_branch_operator.py
[2021-06-25 09:40:42,492] {scheduler_job.py:633} INFO - Processing file /home/airflow/sandbox/lib/python3.8/site-packages/airflow/example_dags/example_branch_operator.py for tasks to queue
[2021-06-25 09:40:42,503] {logging_mixin.py:104} INFO - [2021-06-25 09:40:42,502] {dagbag.py:487} INFO - Filling up the DagBag from /home/airflow/sandbox/lib/python3.8/site-packages/airflow/example_dags/example_branch_operator.py
[2021-06-25 09:40:42,554] {scheduler_job.py:643} INFO - DAG(s) dict_keys(['example_branch_operator']) retrieved from /home/airflow/sandbox/lib/python3.8/site-packages/airflow/example_dags/example_branch_operator.py
[2021-06-25 09:40:42,616] {logging_mixin.py:104} INFO - [2021-06-25 09:40:42,616] {dag.py:1832} INFO - Sync 1 DAGs
[2021-06-25 09:40:42,698] {logging_mixin.py:104} INFO - [2021-06-25 09:40:42,698] {dag.py:2305} INFO - Setting next_dagrun for example_branch_operator to 2021-06-23 00:00:00+00:00
[2021-06-25 09:40:42,728] {scheduler_job.py:190} INFO - Processing /home/airflow/sandbox/lib/python3.8/site-packages/airflow/example_dags/example_branch_operator.py took 0.264 seconds
[2021-06-25 09:41:13,471] {scheduler_job.py:182} INFO - Started process (PID=16714) to work on /home/airflow/sandbox/lib/python3.8/site-packages/airflow/example_dags/example_branch_operator.py
[2021-06-25 09:41:13,476] {scheduler_job.py:633} INFO - Processing file /home/airflow/sandbox/lib/python3.8/site-packages/airflow/example_dags/example_branch_operator.py for tasks to queue
[2021-06-25 09:41:13,479] {logging_mixin.py:104} INFO - [2021-06-25 09:41:13,478] {dagbag.py:487} INFO - Filling up the DagBag from /home/airflow/sandbox/lib/python3.8/site-packages/airflow/example_dags/example_branch_operator.py
[2021-06-25 09:41:13,531] {scheduler_job.py:643} INFO - DAG(s) dict_keys(['example_branch_operator']) retrieved from /home/airflow/sandbox/lib/python3.8/site-packages/airflow/example_dags/example_branch_operator.py
[2021-06-25 09:41:13,591] {logging_mixin.py:104} INFO - [2021-06-25 09:41:13,590] {dag.py:1832} INFO - Sync 1 DAGs
[2021-06-25 09:41:13,632] {logging_mixin.py:104} INFO - [2021-06-25 09:41:13,632] {dag.py:2305} INFO - Setting next_dagrun for example_branch_operator to 2021-06-23 00:00:00+00:00
[2021-06-25 09:41:13,672] {scheduler_job.py:190} INFO - Processing /home/airflow/sandbox/lib/python3.8/site-packages/airflow/example_dags/example_branch_operator.py took 0.209 seconds
[2021-06-25 09:41:44,346] {scheduler_job.py:182} INFO - Started process (PID=16916) to work on /home/airflow/sandbox/lib/python3.8/site-packages/airflow/example_dags/example_branch_operator.py
[2021-06-25 09:41:44,376] {scheduler_job.py:633} INFO - Processing file /home/airflow/sandbox/lib/python3.8/site-packages/airflow/example_dags/example_branch_operator.py for tasks to queue
[2021-06-25 09:41:44,377] {logging_mixin.py:104} INFO - [2021-06-25 09:41:44,377] {dagbag.py:487} INFO - Filling up the DagBag from /home/airflow/sandbox/lib/python3.8/site-packages/airflow/example_dags/example_branch_operator.py
[2021-06-25 09:41:44,508] {scheduler_job.py:643} INFO - DAG(s) dict_keys(['example_branch_operator']) retrieved from /home/airflow/sandbox/lib/python3.8/site-packages/airflow/example_dags/example_branch_operator.py
[2021-06-25 09:41:44,629] {logging_mixin.py:104} INFO - [2021-06-25 09:41:44,629] {dag.py:1832} INFO - Sync 1 DAGs
[2021-06-25 09:41:44,702] {logging_mixin.py:104} INFO - [2021-06-25 09:41:44,701] {dag.py:2305} INFO - Setting next_dagrun for example_branch_operator to 2021-06-23 00:00:00+00:00
[2021-06-25 09:41:44,744] {scheduler_job.py:190} INFO - Processing /home/airflow/sandbox/lib/python3.8/site-packages/airflow/example_dags/example_branch_operator.py took 0.423 seconds
[2021-06-25 09:42:15,430] {scheduler_job.py:182} INFO - Started process (PID=17116) to work on /home/airflow/sandbox/lib/python3.8/site-packages/airflow/example_dags/example_branch_operator.py
[2021-06-25 09:42:15,432] {scheduler_job.py:633} INFO - Processing file /home/airflow/sandbox/lib/python3.8/site-packages/airflow/example_dags/example_branch_operator.py for tasks to queue
[2021-06-25 09:42:15,434] {logging_mixin.py:104} INFO - [2021-06-25 09:42:15,433] {dagbag.py:487} INFO - Filling up the DagBag from /home/airflow/sandbox/lib/python3.8/site-packages/airflow/example_dags/example_branch_operator.py
[2021-06-25 09:42:15,619] {scheduler_job.py:643} INFO - DAG(s) dict_keys(['example_branch_operator']) retrieved from /home/airflow/sandbox/lib/python3.8/site-packages/airflow/example_dags/example_branch_operator.py
[2021-06-25 09:42:15,692] {logging_mixin.py:104} INFO - [2021-06-25 09:42:15,692] {dag.py:1832} INFO - Sync 1 DAGs
[2021-06-25 09:42:15,733] {logging_mixin.py:104} INFO - [2021-06-25 09:42:15,733] {dag.py:2305} INFO - Setting next_dagrun for example_branch_operator to 2021-06-23 00:00:00+00:00
[2021-06-25 09:42:15,766] {scheduler_job.py:190} INFO - Processing /home/airflow/sandbox/lib/python3.8/site-packages/airflow/example_dags/example_branch_operator.py took 0.375 seconds
[2021-06-25 09:42:46,492] {scheduler_job.py:182} INFO - Started process (PID=17317) to work on /home/airflow/sandbox/lib/python3.8/site-packages/airflow/example_dags/example_branch_operator.py
[2021-06-25 09:42:46,506] {scheduler_job.py:633} INFO - Processing file /home/airflow/sandbox/lib/python3.8/site-packages/airflow/example_dags/example_branch_operator.py for tasks to queue
[2021-06-25 09:42:46,507] {logging_mixin.py:104} INFO - [2021-06-25 09:42:46,507] {dagbag.py:487} INFO - Filling up the DagBag from /home/airflow/sandbox/lib/python3.8/site-packages/airflow/example_dags/example_branch_operator.py
[2021-06-25 09:42:46,586] {scheduler_job.py:643} INFO - DAG(s) dict_keys(['example_branch_operator']) retrieved from /home/airflow/sandbox/lib/python3.8/site-packages/airflow/example_dags/example_branch_operator.py
[2021-06-25 09:42:46,651] {logging_mixin.py:104} INFO - [2021-06-25 09:42:46,650] {dag.py:1832} INFO - Sync 1 DAGs
[2021-06-25 09:42:46,684] {logging_mixin.py:104} INFO - [2021-06-25 09:42:46,684] {dag.py:2305} INFO - Setting next_dagrun for example_branch_operator to 2021-06-23 00:00:00+00:00
[2021-06-25 09:42:46,707] {scheduler_job.py:190} INFO - Processing /home/airflow/sandbox/lib/python3.8/site-packages/airflow/example_dags/example_branch_operator.py took 0.222 seconds
[2021-06-25 09:43:16,999] {scheduler_job.py:182} INFO - Started process (PID=17522) to work on /home/airflow/sandbox/lib/python3.8/site-packages/airflow/example_dags/example_branch_operator.py
[2021-06-25 09:43:17,002] {scheduler_job.py:633} INFO - Processing file /home/airflow/sandbox/lib/python3.8/site-packages/airflow/example_dags/example_branch_operator.py for tasks to queue
[2021-06-25 09:43:17,005] {logging_mixin.py:104} INFO - [2021-06-25 09:43:17,005] {dagbag.py:487} INFO - Filling up the DagBag from /home/airflow/sandbox/lib/python3.8/site-packages/airflow/example_dags/example_branch_operator.py
[2021-06-25 09:43:17,027] {scheduler_job.py:643} INFO - DAG(s) dict_keys(['example_branch_operator']) retrieved from /home/airflow/sandbox/lib/python3.8/site-packages/airflow/example_dags/example_branch_operator.py
[2021-06-25 09:43:17,062] {logging_mixin.py:104} INFO - [2021-06-25 09:43:17,061] {dag.py:1832} INFO - Sync 1 DAGs
[2021-06-25 09:43:17,081] {logging_mixin.py:104} INFO - [2021-06-25 09:43:17,081] {dag.py:2305} INFO - Setting next_dagrun for example_branch_operator to 2021-06-23 00:00:00+00:00
[2021-06-25 09:43:17,094] {scheduler_job.py:190} INFO - Processing /home/airflow/sandbox/lib/python3.8/site-packages/airflow/example_dags/example_branch_operator.py took 0.100 seconds
[2021-06-25 09:43:48,903] {scheduler_job.py:182} INFO - Started process (PID=17720) to work on /home/airflow/sandbox/lib/python3.8/site-packages/airflow/example_dags/example_branch_operator.py
[2021-06-25 09:43:48,908] {scheduler_job.py:633} INFO - Processing file /home/airflow/sandbox/lib/python3.8/site-packages/airflow/example_dags/example_branch_operator.py for tasks to queue
[2021-06-25 09:43:48,910] {logging_mixin.py:104} INFO - [2021-06-25 09:43:48,910] {dagbag.py:487} INFO - Filling up the DagBag from /home/airflow/sandbox/lib/python3.8/site-packages/airflow/example_dags/example_branch_operator.py
[2021-06-25 09:43:48,949] {scheduler_job.py:643} INFO - DAG(s) dict_keys(['example_branch_operator']) retrieved from /home/airflow/sandbox/lib/python3.8/site-packages/airflow/example_dags/example_branch_operator.py
[2021-06-25 09:43:49,022] {logging_mixin.py:104} INFO - [2021-06-25 09:43:49,013] {dag.py:1832} INFO - Sync 1 DAGs
[2021-06-25 09:43:49,101] {logging_mixin.py:104} INFO - [2021-06-25 09:43:49,101] {dag.py:2305} INFO - Setting next_dagrun for example_branch_operator to 2021-06-23 00:00:00+00:00
[2021-06-25 09:43:49,124] {scheduler_job.py:190} INFO - Processing /home/airflow/sandbox/lib/python3.8/site-packages/airflow/example_dags/example_branch_operator.py took 0.244 seconds
[2021-06-25 09:44:20,350] {scheduler_job.py:182} INFO - Started process (PID=17919) to work on /home/airflow/sandbox/lib/python3.8/site-packages/airflow/example_dags/example_branch_operator.py
[2021-06-25 09:44:20,352] {scheduler_job.py:633} INFO - Processing file /home/airflow/sandbox/lib/python3.8/site-packages/airflow/example_dags/example_branch_operator.py for tasks to queue
[2021-06-25 09:44:20,354] {logging_mixin.py:104} INFO - [2021-06-25 09:44:20,354] {dagbag.py:487} INFO - Filling up the DagBag from /home/airflow/sandbox/lib/python3.8/site-packages/airflow/example_dags/example_branch_operator.py
[2021-06-25 09:44:20,414] {scheduler_job.py:643} INFO - DAG(s) dict_keys(['example_branch_operator']) retrieved from /home/airflow/sandbox/lib/python3.8/site-packages/airflow/example_dags/example_branch_operator.py
[2021-06-25 09:44:20,501] {logging_mixin.py:104} INFO - [2021-06-25 09:44:20,501] {dag.py:1832} INFO - Sync 1 DAGs
[2021-06-25 09:44:20,552] {logging_mixin.py:104} INFO - [2021-06-25 09:44:20,552] {dag.py:2305} INFO - Setting next_dagrun for example_branch_operator to 2021-06-23 00:00:00+00:00
[2021-06-25 09:44:20,592] {scheduler_job.py:190} INFO - Processing /home/airflow/sandbox/lib/python3.8/site-packages/airflow/example_dags/example_branch_operator.py took 0.249 seconds
[2021-06-25 09:45:25,686] {scheduler_job.py:182} INFO - Started process (PID=19142) to work on /home/airflow/sandbox/lib/python3.8/site-packages/airflow/example_dags/example_branch_operator.py
[2021-06-25 09:45:25,688] {scheduler_job.py:633} INFO - Processing file /home/airflow/sandbox/lib/python3.8/site-packages/airflow/example_dags/example_branch_operator.py for tasks to queue
[2021-06-25 09:45:25,696] {logging_mixin.py:104} INFO - [2021-06-25 09:45:25,696] {dagbag.py:487} INFO - Filling up the DagBag from /home/airflow/sandbox/lib/python3.8/site-packages/airflow/example_dags/example_branch_operator.py
[2021-06-25 09:45:25,732] {scheduler_job.py:643} INFO - DAG(s) dict_keys(['example_branch_operator']) retrieved from /home/airflow/sandbox/lib/python3.8/site-packages/airflow/example_dags/example_branch_operator.py
[2021-06-25 09:45:25,797] {logging_mixin.py:104} INFO - [2021-06-25 09:45:25,797] {dag.py:1832} INFO - Sync 1 DAGs
[2021-06-25 09:45:25,837] {logging_mixin.py:104} INFO - [2021-06-25 09:45:25,836] {dag.py:2305} INFO - Setting next_dagrun for example_branch_operator to 2021-06-23 00:00:00+00:00
[2021-06-25 09:45:25,877] {scheduler_job.py:190} INFO - Processing /home/airflow/sandbox/lib/python3.8/site-packages/airflow/example_dags/example_branch_operator.py took 0.201 seconds
[2021-06-25 09:46:03,996] {scheduler_job.py:182} INFO - Started process (PID=19580) to work on /home/airflow/sandbox/lib/python3.8/site-packages/airflow/example_dags/example_branch_operator.py
[2021-06-25 09:46:03,999] {scheduler_job.py:633} INFO - Processing file /home/airflow/sandbox/lib/python3.8/site-packages/airflow/example_dags/example_branch_operator.py for tasks to queue
[2021-06-25 09:46:04,010] {logging_mixin.py:104} INFO - [2021-06-25 09:46:04,009] {dagbag.py:487} INFO - Filling up the DagBag from /home/airflow/sandbox/lib/python3.8/site-packages/airflow/example_dags/example_branch_operator.py
[2021-06-25 09:46:04,104] {scheduler_job.py:643} INFO - DAG(s) dict_keys(['example_branch_operator']) retrieved from /home/airflow/sandbox/lib/python3.8/site-packages/airflow/example_dags/example_branch_operator.py
[2021-06-25 09:46:04,272] {logging_mixin.py:104} INFO - [2021-06-25 09:46:04,272] {dag.py:1832} INFO - Sync 1 DAGs
[2021-06-25 09:46:04,384] {logging_mixin.py:104} INFO - [2021-06-25 09:46:04,384] {dag.py:2305} INFO - Setting next_dagrun for example_branch_operator to 2021-06-23 00:00:00+00:00
[2021-06-25 09:46:04,447] {scheduler_job.py:190} INFO - Processing /home/airflow/sandbox/lib/python3.8/site-packages/airflow/example_dags/example_branch_operator.py took 0.465 seconds
[2021-06-25 09:46:34,611] {scheduler_job.py:182} INFO - Started process (PID=19788) to work on /home/airflow/sandbox/lib/python3.8/site-packages/airflow/example_dags/example_branch_operator.py
[2021-06-25 09:46:34,612] {scheduler_job.py:633} INFO - Processing file /home/airflow/sandbox/lib/python3.8/site-packages/airflow/example_dags/example_branch_operator.py for tasks to queue
[2021-06-25 09:46:34,613] {logging_mixin.py:104} INFO - [2021-06-25 09:46:34,613] {dagbag.py:487} INFO - Filling up the DagBag from /home/airflow/sandbox/lib/python3.8/site-packages/airflow/example_dags/example_branch_operator.py
[2021-06-25 09:46:34,645] {scheduler_job.py:643} INFO - DAG(s) dict_keys(['example_branch_operator']) retrieved from /home/airflow/sandbox/lib/python3.8/site-packages/airflow/example_dags/example_branch_operator.py
[2021-06-25 09:46:34,676] {logging_mixin.py:104} INFO - [2021-06-25 09:46:34,676] {dag.py:1832} INFO - Sync 1 DAGs
[2021-06-25 09:46:34,699] {logging_mixin.py:104} INFO - [2021-06-25 09:46:34,699] {dag.py:2305} INFO - Setting next_dagrun for example_branch_operator to 2021-06-23 00:00:00+00:00
[2021-06-25 09:46:34,711] {scheduler_job.py:190} INFO - Processing /home/airflow/sandbox/lib/python3.8/site-packages/airflow/example_dags/example_branch_operator.py took 0.105 seconds
[2021-06-25 09:47:07,293] {scheduler_job.py:182} INFO - Started process (PID=19990) to work on /home/airflow/sandbox/lib/python3.8/site-packages/airflow/example_dags/example_branch_operator.py
[2021-06-25 09:47:07,296] {scheduler_job.py:633} INFO - Processing file /home/airflow/sandbox/lib/python3.8/site-packages/airflow/example_dags/example_branch_operator.py for tasks to queue
[2021-06-25 09:47:07,298] {logging_mixin.py:104} INFO - [2021-06-25 09:47:07,298] {dagbag.py:487} INFO - Filling up the DagBag from /home/airflow/sandbox/lib/python3.8/site-packages/airflow/example_dags/example_branch_operator.py
[2021-06-25 09:47:07,331] {scheduler_job.py:643} INFO - DAG(s) dict_keys(['example_branch_operator']) retrieved from /home/airflow/sandbox/lib/python3.8/site-packages/airflow/example_dags/example_branch_operator.py
[2021-06-25 09:47:07,392] {logging_mixin.py:104} INFO - [2021-06-25 09:47:07,392] {dag.py:1832} INFO - Sync 1 DAGs
[2021-06-25 09:47:07,425] {logging_mixin.py:104} INFO - [2021-06-25 09:47:07,425] {dag.py:2305} INFO - Setting next_dagrun for example_branch_operator to 2021-06-23 00:00:00+00:00
[2021-06-25 09:47:07,446] {scheduler_job.py:190} INFO - Processing /home/airflow/sandbox/lib/python3.8/site-packages/airflow/example_dags/example_branch_operator.py took 0.165 seconds
[2021-06-25 09:47:41,366] {scheduler_job.py:182} INFO - Started process (PID=20263) to work on /home/airflow/sandbox/lib/python3.8/site-packages/airflow/example_dags/example_branch_operator.py
[2021-06-25 09:47:41,370] {scheduler_job.py:633} INFO - Processing file /home/airflow/sandbox/lib/python3.8/site-packages/airflow/example_dags/example_branch_operator.py for tasks to queue
[2021-06-25 09:47:41,376] {logging_mixin.py:104} INFO - [2021-06-25 09:47:41,376] {dagbag.py:487} INFO - Filling up the DagBag from /home/airflow/sandbox/lib/python3.8/site-packages/airflow/example_dags/example_branch_operator.py
[2021-06-25 09:47:41,411] {scheduler_job.py:643} INFO - DAG(s) dict_keys(['example_branch_operator']) retrieved from /home/airflow/sandbox/lib/python3.8/site-packages/airflow/example_dags/example_branch_operator.py
[2021-06-25 09:47:41,478] {logging_mixin.py:104} INFO - [2021-06-25 09:47:41,478] {dag.py:1832} INFO - Sync 1 DAGs
[2021-06-25 09:47:41,515] {logging_mixin.py:104} INFO - [2021-06-25 09:47:41,514] {dag.py:2305} INFO - Setting next_dagrun for example_branch_operator to 2021-06-23 00:00:00+00:00
[2021-06-25 09:47:41,547] {scheduler_job.py:190} INFO - Processing /home/airflow/sandbox/lib/python3.8/site-packages/airflow/example_dags/example_branch_operator.py took 0.192 seconds
[2021-06-25 09:48:14,808] {scheduler_job.py:182} INFO - Started process (PID=20582) to work on /home/airflow/sandbox/lib/python3.8/site-packages/airflow/example_dags/example_branch_operator.py
[2021-06-25 09:48:14,821] {scheduler_job.py:633} INFO - Processing file /home/airflow/sandbox/lib/python3.8/site-packages/airflow/example_dags/example_branch_operator.py for tasks to queue
[2021-06-25 09:48:14,824] {logging_mixin.py:104} INFO - [2021-06-25 09:48:14,824] {dagbag.py:487} INFO - Filling up the DagBag from /home/airflow/sandbox/lib/python3.8/site-packages/airflow/example_dags/example_branch_operator.py
[2021-06-25 09:48:14,914] {scheduler_job.py:643} INFO - DAG(s) dict_keys(['example_branch_operator']) retrieved from /home/airflow/sandbox/lib/python3.8/site-packages/airflow/example_dags/example_branch_operator.py
[2021-06-25 09:48:14,972] {logging_mixin.py:104} INFO - [2021-06-25 09:48:14,972] {dag.py:1832} INFO - Sync 1 DAGs
[2021-06-25 09:48:15,008] {logging_mixin.py:104} INFO - [2021-06-25 09:48:15,008] {dag.py:2305} INFO - Setting next_dagrun for example_branch_operator to 2021-06-23 00:00:00+00:00
[2021-06-25 09:48:15,043] {scheduler_job.py:190} INFO - Processing /home/airflow/sandbox/lib/python3.8/site-packages/airflow/example_dags/example_branch_operator.py took 0.238 seconds
[2021-06-25 09:48:45,646] {scheduler_job.py:182} INFO - Started process (PID=20786) to work on /home/airflow/sandbox/lib/python3.8/site-packages/airflow/example_dags/example_branch_operator.py
[2021-06-25 09:48:45,659] {scheduler_job.py:633} INFO - Processing file /home/airflow/sandbox/lib/python3.8/site-packages/airflow/example_dags/example_branch_operator.py for tasks to queue
[2021-06-25 09:48:45,661] {logging_mixin.py:104} INFO - [2021-06-25 09:48:45,660] {dagbag.py:487} INFO - Filling up the DagBag from /home/airflow/sandbox/lib/python3.8/site-packages/airflow/example_dags/example_branch_operator.py
[2021-06-25 09:48:45,696] {scheduler_job.py:643} INFO - DAG(s) dict_keys(['example_branch_operator']) retrieved from /home/airflow/sandbox/lib/python3.8/site-packages/airflow/example_dags/example_branch_operator.py
[2021-06-25 09:48:45,774] {logging_mixin.py:104} INFO - [2021-06-25 09:48:45,774] {dag.py:1832} INFO - Sync 1 DAGs
[2021-06-25 09:48:45,846] {logging_mixin.py:104} INFO - [2021-06-25 09:48:45,846] {dag.py:2305} INFO - Setting next_dagrun for example_branch_operator to 2021-06-23 00:00:00+00:00
[2021-06-25 09:48:45,881] {scheduler_job.py:190} INFO - Processing /home/airflow/sandbox/lib/python3.8/site-packages/airflow/example_dags/example_branch_operator.py took 0.241 seconds
[2021-06-25 09:49:16,976] {scheduler_job.py:182} INFO - Started process (PID=20987) to work on /home/airflow/sandbox/lib/python3.8/site-packages/airflow/example_dags/example_branch_operator.py
[2021-06-25 09:49:16,980] {scheduler_job.py:633} INFO - Processing file /home/airflow/sandbox/lib/python3.8/site-packages/airflow/example_dags/example_branch_operator.py for tasks to queue
[2021-06-25 09:49:16,983] {logging_mixin.py:104} INFO - [2021-06-25 09:49:16,983] {dagbag.py:487} INFO - Filling up the DagBag from /home/airflow/sandbox/lib/python3.8/site-packages/airflow/example_dags/example_branch_operator.py
[2021-06-25 09:49:17,021] {scheduler_job.py:643} INFO - DAG(s) dict_keys(['example_branch_operator']) retrieved from /home/airflow/sandbox/lib/python3.8/site-packages/airflow/example_dags/example_branch_operator.py
[2021-06-25 09:49:17,072] {logging_mixin.py:104} INFO - [2021-06-25 09:49:17,072] {dag.py:1832} INFO - Sync 1 DAGs
[2021-06-25 09:49:17,100] {logging_mixin.py:104} INFO - [2021-06-25 09:49:17,100] {dag.py:2305} INFO - Setting next_dagrun for example_branch_operator to 2021-06-23 00:00:00+00:00
[2021-06-25 09:49:17,121] {scheduler_job.py:190} INFO - Processing /home/airflow/sandbox/lib/python3.8/site-packages/airflow/example_dags/example_branch_operator.py took 0.154 seconds
[2021-06-25 09:49:48,755] {scheduler_job.py:182} INFO - Started process (PID=21187) to work on /home/airflow/sandbox/lib/python3.8/site-packages/airflow/example_dags/example_branch_operator.py
[2021-06-25 09:49:48,765] {scheduler_job.py:633} INFO - Processing file /home/airflow/sandbox/lib/python3.8/site-packages/airflow/example_dags/example_branch_operator.py for tasks to queue
[2021-06-25 09:49:48,766] {logging_mixin.py:104} INFO - [2021-06-25 09:49:48,766] {dagbag.py:487} INFO - Filling up the DagBag from /home/airflow/sandbox/lib/python3.8/site-packages/airflow/example_dags/example_branch_operator.py
[2021-06-25 09:49:48,820] {scheduler_job.py:643} INFO - DAG(s) dict_keys(['example_branch_operator']) retrieved from /home/airflow/sandbox/lib/python3.8/site-packages/airflow/example_dags/example_branch_operator.py
[2021-06-25 09:49:48,930] {logging_mixin.py:104} INFO - [2021-06-25 09:49:48,929] {dag.py:1832} INFO - Sync 1 DAGs
[2021-06-25 09:49:49,011] {logging_mixin.py:104} INFO - [2021-06-25 09:49:49,011] {dag.py:2305} INFO - Setting next_dagrun for example_branch_operator to 2021-06-23 00:00:00+00:00
[2021-06-25 09:49:49,077] {scheduler_job.py:190} INFO - Processing /home/airflow/sandbox/lib/python3.8/site-packages/airflow/example_dags/example_branch_operator.py took 0.336 seconds
[2021-06-25 09:50:19,648] {scheduler_job.py:182} INFO - Started process (PID=21389) to work on /home/airflow/sandbox/lib/python3.8/site-packages/airflow/example_dags/example_branch_operator.py
[2021-06-25 09:50:19,659] {scheduler_job.py:633} INFO - Processing file /home/airflow/sandbox/lib/python3.8/site-packages/airflow/example_dags/example_branch_operator.py for tasks to queue
[2021-06-25 09:50:19,662] {logging_mixin.py:104} INFO - [2021-06-25 09:50:19,662] {dagbag.py:487} INFO - Filling up the DagBag from /home/airflow/sandbox/lib/python3.8/site-packages/airflow/example_dags/example_branch_operator.py
[2021-06-25 09:50:19,717] {scheduler_job.py:643} INFO - DAG(s) dict_keys(['example_branch_operator']) retrieved from /home/airflow/sandbox/lib/python3.8/site-packages/airflow/example_dags/example_branch_operator.py
[2021-06-25 09:50:19,811] {logging_mixin.py:104} INFO - [2021-06-25 09:50:19,811] {dag.py:1832} INFO - Sync 1 DAGs
[2021-06-25 09:50:19,847] {logging_mixin.py:104} INFO - [2021-06-25 09:50:19,846] {dag.py:2305} INFO - Setting next_dagrun for example_branch_operator to 2021-06-23 00:00:00+00:00
[2021-06-25 09:50:19,873] {scheduler_job.py:190} INFO - Processing /home/airflow/sandbox/lib/python3.8/site-packages/airflow/example_dags/example_branch_operator.py took 0.232 seconds
[2021-06-25 09:50:49,982] {scheduler_job.py:182} INFO - Started process (PID=21588) to work on /home/airflow/sandbox/lib/python3.8/site-packages/airflow/example_dags/example_branch_operator.py
[2021-06-25 09:50:49,987] {scheduler_job.py:633} INFO - Processing file /home/airflow/sandbox/lib/python3.8/site-packages/airflow/example_dags/example_branch_operator.py for tasks to queue
[2021-06-25 09:50:49,995] {logging_mixin.py:104} INFO - [2021-06-25 09:50:49,995] {dagbag.py:487} INFO - Filling up the DagBag from /home/airflow/sandbox/lib/python3.8/site-packages/airflow/example_dags/example_branch_operator.py
[2021-06-25 09:50:50,052] {scheduler_job.py:643} INFO - DAG(s) dict_keys(['example_branch_operator']) retrieved from /home/airflow/sandbox/lib/python3.8/site-packages/airflow/example_dags/example_branch_operator.py
[2021-06-25 09:50:50,120] {logging_mixin.py:104} INFO - [2021-06-25 09:50:50,120] {dag.py:1832} INFO - Sync 1 DAGs
[2021-06-25 09:50:50,155] {logging_mixin.py:104} INFO - [2021-06-25 09:50:50,155] {dag.py:2305} INFO - Setting next_dagrun for example_branch_operator to 2021-06-23 00:00:00+00:00
[2021-06-25 09:50:50,192] {scheduler_job.py:190} INFO - Processing /home/airflow/sandbox/lib/python3.8/site-packages/airflow/example_dags/example_branch_operator.py took 0.221 seconds
[2021-06-25 09:51:20,855] {scheduler_job.py:182} INFO - Started process (PID=21783) to work on /home/airflow/sandbox/lib/python3.8/site-packages/airflow/example_dags/example_branch_operator.py
[2021-06-25 09:51:20,857] {scheduler_job.py:633} INFO - Processing file /home/airflow/sandbox/lib/python3.8/site-packages/airflow/example_dags/example_branch_operator.py for tasks to queue
[2021-06-25 09:51:20,858] {logging_mixin.py:104} INFO - [2021-06-25 09:51:20,858] {dagbag.py:487} INFO - Filling up the DagBag from /home/airflow/sandbox/lib/python3.8/site-packages/airflow/example_dags/example_branch_operator.py
[2021-06-25 09:51:20,873] {scheduler_job.py:643} INFO - DAG(s) dict_keys(['example_branch_operator']) retrieved from /home/airflow/sandbox/lib/python3.8/site-packages/airflow/example_dags/example_branch_operator.py
[2021-06-25 09:51:20,903] {logging_mixin.py:104} INFO - [2021-06-25 09:51:20,903] {dag.py:1832} INFO - Sync 1 DAGs
[2021-06-25 09:51:20,935] {logging_mixin.py:104} INFO - [2021-06-25 09:51:20,935] {dag.py:2305} INFO - Setting next_dagrun for example_branch_operator to 2021-06-23 00:00:00+00:00
[2021-06-25 09:51:20,951] {scheduler_job.py:190} INFO - Processing /home/airflow/sandbox/lib/python3.8/site-packages/airflow/example_dags/example_branch_operator.py took 0.101 seconds
[2021-06-25 09:51:51,829] {scheduler_job.py:182} INFO - Started process (PID=21985) to work on /home/airflow/sandbox/lib/python3.8/site-packages/airflow/example_dags/example_branch_operator.py
[2021-06-25 09:51:51,837] {scheduler_job.py:633} INFO - Processing file /home/airflow/sandbox/lib/python3.8/site-packages/airflow/example_dags/example_branch_operator.py for tasks to queue
[2021-06-25 09:51:51,844] {logging_mixin.py:104} INFO - [2021-06-25 09:51:51,843] {dagbag.py:487} INFO - Filling up the DagBag from /home/airflow/sandbox/lib/python3.8/site-packages/airflow/example_dags/example_branch_operator.py
[2021-06-25 09:51:51,884] {scheduler_job.py:643} INFO - DAG(s) dict_keys(['example_branch_operator']) retrieved from /home/airflow/sandbox/lib/python3.8/site-packages/airflow/example_dags/example_branch_operator.py
[2021-06-25 09:51:51,930] {logging_mixin.py:104} INFO - [2021-06-25 09:51:51,930] {dag.py:1832} INFO - Sync 1 DAGs
[2021-06-25 09:51:51,967] {logging_mixin.py:104} INFO - [2021-06-25 09:51:51,967] {dag.py:2305} INFO - Setting next_dagrun for example_branch_operator to 2021-06-23 00:00:00+00:00
[2021-06-25 09:51:51,984] {scheduler_job.py:190} INFO - Processing /home/airflow/sandbox/lib/python3.8/site-packages/airflow/example_dags/example_branch_operator.py took 0.167 seconds
[2021-06-25 09:52:22,902] {scheduler_job.py:182} INFO - Started process (PID=22184) to work on /home/airflow/sandbox/lib/python3.8/site-packages/airflow/example_dags/example_branch_operator.py
[2021-06-25 09:52:22,906] {scheduler_job.py:633} INFO - Processing file /home/airflow/sandbox/lib/python3.8/site-packages/airflow/example_dags/example_branch_operator.py for tasks to queue
[2021-06-25 09:52:22,911] {logging_mixin.py:104} INFO - [2021-06-25 09:52:22,911] {dagbag.py:487} INFO - Filling up the DagBag from /home/airflow/sandbox/lib/python3.8/site-packages/airflow/example_dags/example_branch_operator.py
[2021-06-25 09:52:22,935] {scheduler_job.py:643} INFO - DAG(s) dict_keys(['example_branch_operator']) retrieved from /home/airflow/sandbox/lib/python3.8/site-packages/airflow/example_dags/example_branch_operator.py
[2021-06-25 09:52:22,991] {logging_mixin.py:104} INFO - [2021-06-25 09:52:22,991] {dag.py:1832} INFO - Sync 1 DAGs
[2021-06-25 09:52:23,019] {logging_mixin.py:104} INFO - [2021-06-25 09:52:23,019] {dag.py:2305} INFO - Setting next_dagrun for example_branch_operator to 2021-06-23 00:00:00+00:00
[2021-06-25 09:52:23,034] {scheduler_job.py:190} INFO - Processing /home/airflow/sandbox/lib/python3.8/site-packages/airflow/example_dags/example_branch_operator.py took 0.136 seconds
[2021-06-25 09:52:53,118] {scheduler_job.py:182} INFO - Started process (PID=22380) to work on /home/airflow/sandbox/lib/python3.8/site-packages/airflow/example_dags/example_branch_operator.py
[2021-06-25 09:52:53,121] {scheduler_job.py:633} INFO - Processing file /home/airflow/sandbox/lib/python3.8/site-packages/airflow/example_dags/example_branch_operator.py for tasks to queue
[2021-06-25 09:52:53,122] {logging_mixin.py:104} INFO - [2021-06-25 09:52:53,122] {dagbag.py:487} INFO - Filling up the DagBag from /home/airflow/sandbox/lib/python3.8/site-packages/airflow/example_dags/example_branch_operator.py
[2021-06-25 09:52:53,143] {scheduler_job.py:643} INFO - DAG(s) dict_keys(['example_branch_operator']) retrieved from /home/airflow/sandbox/lib/python3.8/site-packages/airflow/example_dags/example_branch_operator.py
[2021-06-25 09:52:53,184] {logging_mixin.py:104} INFO - [2021-06-25 09:52:53,183] {dag.py:1832} INFO - Sync 1 DAGs
[2021-06-25 09:52:53,211] {logging_mixin.py:104} INFO - [2021-06-25 09:52:53,210] {dag.py:2305} INFO - Setting next_dagrun for example_branch_operator to 2021-06-23 00:00:00+00:00
[2021-06-25 09:52:53,228] {scheduler_job.py:190} INFO - Processing /home/airflow/sandbox/lib/python3.8/site-packages/airflow/example_dags/example_branch_operator.py took 0.115 seconds
[2021-06-25 09:53:23,654] {scheduler_job.py:182} INFO - Started process (PID=22577) to work on /home/airflow/sandbox/lib/python3.8/site-packages/airflow/example_dags/example_branch_operator.py
[2021-06-25 09:53:23,665] {scheduler_job.py:633} INFO - Processing file /home/airflow/sandbox/lib/python3.8/site-packages/airflow/example_dags/example_branch_operator.py for tasks to queue
[2021-06-25 09:53:23,669] {logging_mixin.py:104} INFO - [2021-06-25 09:53:23,669] {dagbag.py:487} INFO - Filling up the DagBag from /home/airflow/sandbox/lib/python3.8/site-packages/airflow/example_dags/example_branch_operator.py
[2021-06-25 09:53:23,698] {scheduler_job.py:643} INFO - DAG(s) dict_keys(['example_branch_operator']) retrieved from /home/airflow/sandbox/lib/python3.8/site-packages/airflow/example_dags/example_branch_operator.py
[2021-06-25 09:53:23,767] {logging_mixin.py:104} INFO - [2021-06-25 09:53:23,767] {dag.py:1832} INFO - Sync 1 DAGs
[2021-06-25 09:53:23,810] {logging_mixin.py:104} INFO - [2021-06-25 09:53:23,810] {dag.py:2305} INFO - Setting next_dagrun for example_branch_operator to 2021-06-23 00:00:00+00:00
[2021-06-25 09:53:23,831] {scheduler_job.py:190} INFO - Processing /home/airflow/sandbox/lib/python3.8/site-packages/airflow/example_dags/example_branch_operator.py took 0.182 seconds
[2021-06-25 09:53:53,985] {scheduler_job.py:182} INFO - Started process (PID=22779) to work on /home/airflow/sandbox/lib/python3.8/site-packages/airflow/example_dags/example_branch_operator.py
[2021-06-25 09:53:53,989] {scheduler_job.py:633} INFO - Processing file /home/airflow/sandbox/lib/python3.8/site-packages/airflow/example_dags/example_branch_operator.py for tasks to queue
[2021-06-25 09:53:53,993] {logging_mixin.py:104} INFO - [2021-06-25 09:53:53,993] {dagbag.py:487} INFO - Filling up the DagBag from /home/airflow/sandbox/lib/python3.8/site-packages/airflow/example_dags/example_branch_operator.py
[2021-06-25 09:53:54,050] {scheduler_job.py:643} INFO - DAG(s) dict_keys(['example_branch_operator']) retrieved from /home/airflow/sandbox/lib/python3.8/site-packages/airflow/example_dags/example_branch_operator.py
[2021-06-25 09:53:54,093] {logging_mixin.py:104} INFO - [2021-06-25 09:53:54,093] {dag.py:1832} INFO - Sync 1 DAGs
[2021-06-25 09:53:54,134] {logging_mixin.py:104} INFO - [2021-06-25 09:53:54,133] {dag.py:2305} INFO - Setting next_dagrun for example_branch_operator to 2021-06-23 00:00:00+00:00
[2021-06-25 09:53:54,163] {scheduler_job.py:190} INFO - Processing /home/airflow/sandbox/lib/python3.8/site-packages/airflow/example_dags/example_branch_operator.py took 0.188 seconds
[2021-06-25 09:54:24,862] {scheduler_job.py:182} INFO - Started process (PID=22980) to work on /home/airflow/sandbox/lib/python3.8/site-packages/airflow/example_dags/example_branch_operator.py
[2021-06-25 09:54:24,875] {scheduler_job.py:633} INFO - Processing file /home/airflow/sandbox/lib/python3.8/site-packages/airflow/example_dags/example_branch_operator.py for tasks to queue
[2021-06-25 09:54:24,881] {logging_mixin.py:104} INFO - [2021-06-25 09:54:24,881] {dagbag.py:487} INFO - Filling up the DagBag from /home/airflow/sandbox/lib/python3.8/site-packages/airflow/example_dags/example_branch_operator.py
[2021-06-25 09:54:24,961] {scheduler_job.py:643} INFO - DAG(s) dict_keys(['example_branch_operator']) retrieved from /home/airflow/sandbox/lib/python3.8/site-packages/airflow/example_dags/example_branch_operator.py
[2021-06-25 09:54:25,059] {logging_mixin.py:104} INFO - [2021-06-25 09:54:25,059] {dag.py:1832} INFO - Sync 1 DAGs
[2021-06-25 09:54:25,114] {logging_mixin.py:104} INFO - [2021-06-25 09:54:25,113] {dag.py:2305} INFO - Setting next_dagrun for example_branch_operator to 2021-06-23 00:00:00+00:00
[2021-06-25 09:54:25,164] {scheduler_job.py:190} INFO - Processing /home/airflow/sandbox/lib/python3.8/site-packages/airflow/example_dags/example_branch_operator.py took 0.310 seconds
