[2021-06-25 08:55:18,065] {scheduler_job.py:182} INFO - Started process (PID=2150) to work on /home/airflow/sandbox/lib/python3.8/site-packages/airflow/example_dags/example_short_circuit_operator.py
[2021-06-25 08:55:18,068] {scheduler_job.py:633} INFO - Processing file /home/airflow/sandbox/lib/python3.8/site-packages/airflow/example_dags/example_short_circuit_operator.py for tasks to queue
[2021-06-25 08:55:18,071] {logging_mixin.py:104} INFO - [2021-06-25 08:55:18,071] {dagbag.py:487} INFO - Filling up the DagBag from /home/airflow/sandbox/lib/python3.8/site-packages/airflow/example_dags/example_short_circuit_operator.py
[2021-06-25 08:55:18,132] {scheduler_job.py:643} INFO - DAG(s) dict_keys(['example_short_circuit_operator']) retrieved from /home/airflow/sandbox/lib/python3.8/site-packages/airflow/example_dags/example_short_circuit_operator.py
[2021-06-25 08:55:21,220] {logging_mixin.py:104} INFO - [2021-06-25 08:55:21,220] {dag.py:1832} INFO - Sync 1 DAGs
[2021-06-25 08:55:21,314] {logging_mixin.py:104} INFO - [2021-06-25 08:55:21,314] {dag.py:2305} INFO - Setting next_dagrun for example_short_circuit_operator to 2021-06-23 00:00:00+00:00
[2021-06-25 08:55:21,359] {scheduler_job.py:190} INFO - Processing /home/airflow/sandbox/lib/python3.8/site-packages/airflow/example_dags/example_short_circuit_operator.py took 3.309 seconds
[2021-06-25 09:15:19,924] {scheduler_job.py:182} INFO - Started process (PID=3650) to work on /home/airflow/sandbox/lib/python3.8/site-packages/airflow/example_dags/example_short_circuit_operator.py
[2021-06-25 09:15:19,941] {scheduler_job.py:633} INFO - Processing file /home/airflow/sandbox/lib/python3.8/site-packages/airflow/example_dags/example_short_circuit_operator.py for tasks to queue
[2021-06-25 09:15:19,944] {logging_mixin.py:104} INFO - [2021-06-25 09:15:19,944] {dagbag.py:487} INFO - Filling up the DagBag from /home/airflow/sandbox/lib/python3.8/site-packages/airflow/example_dags/example_short_circuit_operator.py
[2021-06-25 09:15:19,970] {scheduler_job.py:643} INFO - DAG(s) dict_keys(['example_short_circuit_operator']) retrieved from /home/airflow/sandbox/lib/python3.8/site-packages/airflow/example_dags/example_short_circuit_operator.py
[2021-06-25 09:15:20,056] {logging_mixin.py:104} INFO - [2021-06-25 09:15:20,055] {dag.py:1832} INFO - Sync 1 DAGs
[2021-06-25 09:15:20,110] {logging_mixin.py:104} INFO - [2021-06-25 09:15:20,110] {dag.py:2305} INFO - Setting next_dagrun for example_short_circuit_operator to 2021-06-23 00:00:00+00:00
[2021-06-25 09:15:20,147] {scheduler_job.py:190} INFO - Processing /home/airflow/sandbox/lib/python3.8/site-packages/airflow/example_dags/example_short_circuit_operator.py took 0.236 seconds
[2021-06-25 09:15:59,793] {scheduler_job.py:182} INFO - Started process (PID=3733) to work on /home/airflow/sandbox/lib/python3.8/site-packages/airflow/example_dags/example_short_circuit_operator.py
[2021-06-25 09:15:59,808] {scheduler_job.py:633} INFO - Processing file /home/airflow/sandbox/lib/python3.8/site-packages/airflow/example_dags/example_short_circuit_operator.py for tasks to queue
[2021-06-25 09:15:59,824] {logging_mixin.py:104} INFO - [2021-06-25 09:15:59,824] {dagbag.py:487} INFO - Filling up the DagBag from /home/airflow/sandbox/lib/python3.8/site-packages/airflow/example_dags/example_short_circuit_operator.py
[2021-06-25 09:15:59,959] {scheduler_job.py:643} INFO - DAG(s) dict_keys(['example_short_circuit_operator']) retrieved from /home/airflow/sandbox/lib/python3.8/site-packages/airflow/example_dags/example_short_circuit_operator.py
[2021-06-25 09:16:00,119] {logging_mixin.py:104} INFO - [2021-06-25 09:16:00,118] {dag.py:1832} INFO - Sync 1 DAGs
[2021-06-25 09:16:00,256] {logging_mixin.py:104} INFO - [2021-06-25 09:16:00,256] {dag.py:2305} INFO - Setting next_dagrun for example_short_circuit_operator to 2021-06-23 00:00:00+00:00
[2021-06-25 09:16:00,333] {scheduler_job.py:190} INFO - Processing /home/airflow/sandbox/lib/python3.8/site-packages/airflow/example_dags/example_short_circuit_operator.py took 0.557 seconds
[2021-06-25 09:17:14,674] {scheduler_job.py:182} INFO - Started process (PID=4744) to work on /home/airflow/sandbox/lib/python3.8/site-packages/airflow/example_dags/example_short_circuit_operator.py
[2021-06-25 09:17:14,705] {scheduler_job.py:633} INFO - Processing file /home/airflow/sandbox/lib/python3.8/site-packages/airflow/example_dags/example_short_circuit_operator.py for tasks to queue
[2021-06-25 09:17:14,728] {logging_mixin.py:104} INFO - [2021-06-25 09:17:14,706] {dagbag.py:487} INFO - Filling up the DagBag from /home/airflow/sandbox/lib/python3.8/site-packages/airflow/example_dags/example_short_circuit_operator.py
[2021-06-25 09:17:15,036] {scheduler_job.py:643} INFO - DAG(s) dict_keys(['example_short_circuit_operator']) retrieved from /home/airflow/sandbox/lib/python3.8/site-packages/airflow/example_dags/example_short_circuit_operator.py
[2021-06-25 09:17:15,224] {logging_mixin.py:104} INFO - [2021-06-25 09:17:15,224] {dag.py:1832} INFO - Sync 1 DAGs
[2021-06-25 09:17:15,474] {logging_mixin.py:104} INFO - [2021-06-25 09:17:15,474] {dag.py:2305} INFO - Setting next_dagrun for example_short_circuit_operator to 2021-06-23 00:00:00+00:00
[2021-06-25 09:17:15,612] {scheduler_job.py:190} INFO - Processing /home/airflow/sandbox/lib/python3.8/site-packages/airflow/example_dags/example_short_circuit_operator.py took 0.956 seconds
[2021-06-25 09:17:47,057] {scheduler_job.py:182} INFO - Started process (PID=5532) to work on /home/airflow/sandbox/lib/python3.8/site-packages/airflow/example_dags/example_short_circuit_operator.py
[2021-06-25 09:17:47,096] {scheduler_job.py:633} INFO - Processing file /home/airflow/sandbox/lib/python3.8/site-packages/airflow/example_dags/example_short_circuit_operator.py for tasks to queue
[2021-06-25 09:17:47,108] {logging_mixin.py:104} INFO - [2021-06-25 09:17:47,108] {dagbag.py:487} INFO - Filling up the DagBag from /home/airflow/sandbox/lib/python3.8/site-packages/airflow/example_dags/example_short_circuit_operator.py
[2021-06-25 09:17:47,595] {scheduler_job.py:643} INFO - DAG(s) dict_keys(['example_short_circuit_operator']) retrieved from /home/airflow/sandbox/lib/python3.8/site-packages/airflow/example_dags/example_short_circuit_operator.py
[2021-06-25 09:17:48,172] {logging_mixin.py:104} INFO - [2021-06-25 09:17:48,172] {dag.py:1832} INFO - Sync 1 DAGs
[2021-06-25 09:17:48,457] {logging_mixin.py:104} INFO - [2021-06-25 09:17:48,457] {dag.py:2305} INFO - Setting next_dagrun for example_short_circuit_operator to 2021-06-23 00:00:00+00:00
[2021-06-25 09:17:48,647] {scheduler_job.py:190} INFO - Processing /home/airflow/sandbox/lib/python3.8/site-packages/airflow/example_dags/example_short_circuit_operator.py took 1.648 seconds
[2021-06-25 09:18:35,660] {scheduler_job.py:182} INFO - Started process (PID=6893) to work on /home/airflow/sandbox/lib/python3.8/site-packages/airflow/example_dags/example_short_circuit_operator.py
[2021-06-25 09:18:35,669] {scheduler_job.py:633} INFO - Processing file /home/airflow/sandbox/lib/python3.8/site-packages/airflow/example_dags/example_short_circuit_operator.py for tasks to queue
[2021-06-25 09:18:35,680] {logging_mixin.py:104} INFO - [2021-06-25 09:18:35,680] {dagbag.py:487} INFO - Filling up the DagBag from /home/airflow/sandbox/lib/python3.8/site-packages/airflow/example_dags/example_short_circuit_operator.py
[2021-06-25 09:18:35,755] {scheduler_job.py:643} INFO - DAG(s) dict_keys(['example_short_circuit_operator']) retrieved from /home/airflow/sandbox/lib/python3.8/site-packages/airflow/example_dags/example_short_circuit_operator.py
[2021-06-25 09:18:35,854] {logging_mixin.py:104} INFO - [2021-06-25 09:18:35,854] {dag.py:1832} INFO - Sync 1 DAGs
[2021-06-25 09:18:36,015] {logging_mixin.py:104} INFO - [2021-06-25 09:18:36,013] {dag.py:2305} INFO - Setting next_dagrun for example_short_circuit_operator to 2021-06-23 00:00:00+00:00
[2021-06-25 09:18:36,120] {scheduler_job.py:190} INFO - Processing /home/airflow/sandbox/lib/python3.8/site-packages/airflow/example_dags/example_short_circuit_operator.py took 0.487 seconds
[2021-06-25 09:19:22,333] {scheduler_job.py:182} INFO - Started process (PID=8185) to work on /home/airflow/sandbox/lib/python3.8/site-packages/airflow/example_dags/example_short_circuit_operator.py
[2021-06-25 09:19:22,385] {scheduler_job.py:633} INFO - Processing file /home/airflow/sandbox/lib/python3.8/site-packages/airflow/example_dags/example_short_circuit_operator.py for tasks to queue
[2021-06-25 09:19:22,412] {logging_mixin.py:104} INFO - [2021-06-25 09:19:22,412] {dagbag.py:487} INFO - Filling up the DagBag from /home/airflow/sandbox/lib/python3.8/site-packages/airflow/example_dags/example_short_circuit_operator.py
[2021-06-25 09:19:23,068] {scheduler_job.py:643} INFO - DAG(s) dict_keys(['example_short_circuit_operator']) retrieved from /home/airflow/sandbox/lib/python3.8/site-packages/airflow/example_dags/example_short_circuit_operator.py
[2021-06-25 09:19:23,663] {logging_mixin.py:104} INFO - [2021-06-25 09:19:23,616] {dag.py:1832} INFO - Sync 1 DAGs
[2021-06-25 09:19:24,215] {logging_mixin.py:104} INFO - [2021-06-25 09:19:24,214] {dag.py:2305} INFO - Setting next_dagrun for example_short_circuit_operator to 2021-06-23 00:00:00+00:00
[2021-06-25 09:19:24,797] {scheduler_job.py:190} INFO - Processing /home/airflow/sandbox/lib/python3.8/site-packages/airflow/example_dags/example_short_circuit_operator.py took 2.611 seconds
[2021-06-25 09:20:09,260] {scheduler_job.py:182} INFO - Started process (PID=9511) to work on /home/airflow/sandbox/lib/python3.8/site-packages/airflow/example_dags/example_short_circuit_operator.py
[2021-06-25 09:20:09,267] {scheduler_job.py:633} INFO - Processing file /home/airflow/sandbox/lib/python3.8/site-packages/airflow/example_dags/example_short_circuit_operator.py for tasks to queue
[2021-06-25 09:20:09,278] {logging_mixin.py:104} INFO - [2021-06-25 09:20:09,278] {dagbag.py:487} INFO - Filling up the DagBag from /home/airflow/sandbox/lib/python3.8/site-packages/airflow/example_dags/example_short_circuit_operator.py
[2021-06-25 09:20:09,483] {scheduler_job.py:643} INFO - DAG(s) dict_keys(['example_short_circuit_operator']) retrieved from /home/airflow/sandbox/lib/python3.8/site-packages/airflow/example_dags/example_short_circuit_operator.py
[2021-06-25 09:20:09,871] {logging_mixin.py:104} INFO - [2021-06-25 09:20:09,871] {dag.py:1832} INFO - Sync 1 DAGs
[2021-06-25 09:20:10,215] {logging_mixin.py:104} INFO - [2021-06-25 09:20:10,214] {dag.py:2305} INFO - Setting next_dagrun for example_short_circuit_operator to 2021-06-23 00:00:00+00:00
[2021-06-25 09:20:10,415] {scheduler_job.py:190} INFO - Processing /home/airflow/sandbox/lib/python3.8/site-packages/airflow/example_dags/example_short_circuit_operator.py took 1.180 seconds
[2021-06-25 09:20:40,648] {scheduler_job.py:182} INFO - Started process (PID=9914) to work on /home/airflow/sandbox/lib/python3.8/site-packages/airflow/example_dags/example_short_circuit_operator.py
[2021-06-25 09:20:40,651] {scheduler_job.py:633} INFO - Processing file /home/airflow/sandbox/lib/python3.8/site-packages/airflow/example_dags/example_short_circuit_operator.py for tasks to queue
[2021-06-25 09:20:40,653] {logging_mixin.py:104} INFO - [2021-06-25 09:20:40,653] {dagbag.py:487} INFO - Filling up the DagBag from /home/airflow/sandbox/lib/python3.8/site-packages/airflow/example_dags/example_short_circuit_operator.py
[2021-06-25 09:20:40,667] {scheduler_job.py:643} INFO - DAG(s) dict_keys(['example_short_circuit_operator']) retrieved from /home/airflow/sandbox/lib/python3.8/site-packages/airflow/example_dags/example_short_circuit_operator.py
[2021-06-25 09:20:40,697] {logging_mixin.py:104} INFO - [2021-06-25 09:20:40,696] {dag.py:1832} INFO - Sync 1 DAGs
[2021-06-25 09:20:40,731] {logging_mixin.py:104} INFO - [2021-06-25 09:20:40,730] {dag.py:2305} INFO - Setting next_dagrun for example_short_circuit_operator to 2021-06-23 00:00:00+00:00
[2021-06-25 09:20:40,753] {scheduler_job.py:190} INFO - Processing /home/airflow/sandbox/lib/python3.8/site-packages/airflow/example_dags/example_short_circuit_operator.py took 0.110 seconds
[2021-06-25 09:21:10,954] {scheduler_job.py:182} INFO - Started process (PID=9983) to work on /home/airflow/sandbox/lib/python3.8/site-packages/airflow/example_dags/example_short_circuit_operator.py
[2021-06-25 09:21:10,956] {scheduler_job.py:633} INFO - Processing file /home/airflow/sandbox/lib/python3.8/site-packages/airflow/example_dags/example_short_circuit_operator.py for tasks to queue
[2021-06-25 09:21:10,958] {logging_mixin.py:104} INFO - [2021-06-25 09:21:10,957] {dagbag.py:487} INFO - Filling up the DagBag from /home/airflow/sandbox/lib/python3.8/site-packages/airflow/example_dags/example_short_circuit_operator.py
[2021-06-25 09:21:10,981] {scheduler_job.py:643} INFO - DAG(s) dict_keys(['example_short_circuit_operator']) retrieved from /home/airflow/sandbox/lib/python3.8/site-packages/airflow/example_dags/example_short_circuit_operator.py
[2021-06-25 09:21:11,015] {logging_mixin.py:104} INFO - [2021-06-25 09:21:11,015] {dag.py:1832} INFO - Sync 1 DAGs
[2021-06-25 09:21:11,037] {logging_mixin.py:104} INFO - [2021-06-25 09:21:11,037] {dag.py:2305} INFO - Setting next_dagrun for example_short_circuit_operator to 2021-06-23 00:00:00+00:00
[2021-06-25 09:21:11,061] {scheduler_job.py:190} INFO - Processing /home/airflow/sandbox/lib/python3.8/site-packages/airflow/example_dags/example_short_circuit_operator.py took 0.111 seconds
[2021-06-25 09:21:41,895] {scheduler_job.py:182} INFO - Started process (PID=10050) to work on /home/airflow/sandbox/lib/python3.8/site-packages/airflow/example_dags/example_short_circuit_operator.py
[2021-06-25 09:21:41,897] {scheduler_job.py:633} INFO - Processing file /home/airflow/sandbox/lib/python3.8/site-packages/airflow/example_dags/example_short_circuit_operator.py for tasks to queue
[2021-06-25 09:21:41,898] {logging_mixin.py:104} INFO - [2021-06-25 09:21:41,898] {dagbag.py:487} INFO - Filling up the DagBag from /home/airflow/sandbox/lib/python3.8/site-packages/airflow/example_dags/example_short_circuit_operator.py
[2021-06-25 09:21:41,917] {scheduler_job.py:643} INFO - DAG(s) dict_keys(['example_short_circuit_operator']) retrieved from /home/airflow/sandbox/lib/python3.8/site-packages/airflow/example_dags/example_short_circuit_operator.py
[2021-06-25 09:21:41,951] {logging_mixin.py:104} INFO - [2021-06-25 09:21:41,951] {dag.py:1832} INFO - Sync 1 DAGs
[2021-06-25 09:21:41,972] {logging_mixin.py:104} INFO - [2021-06-25 09:21:41,972] {dag.py:2305} INFO - Setting next_dagrun for example_short_circuit_operator to 2021-06-23 00:00:00+00:00
[2021-06-25 09:21:41,989] {scheduler_job.py:190} INFO - Processing /home/airflow/sandbox/lib/python3.8/site-packages/airflow/example_dags/example_short_circuit_operator.py took 0.100 seconds
[2021-06-25 09:22:12,143] {scheduler_job.py:182} INFO - Started process (PID=10123) to work on /home/airflow/sandbox/lib/python3.8/site-packages/airflow/example_dags/example_short_circuit_operator.py
[2021-06-25 09:22:12,147] {scheduler_job.py:633} INFO - Processing file /home/airflow/sandbox/lib/python3.8/site-packages/airflow/example_dags/example_short_circuit_operator.py for tasks to queue
[2021-06-25 09:22:12,149] {logging_mixin.py:104} INFO - [2021-06-25 09:22:12,149] {dagbag.py:487} INFO - Filling up the DagBag from /home/airflow/sandbox/lib/python3.8/site-packages/airflow/example_dags/example_short_circuit_operator.py
[2021-06-25 09:22:12,175] {scheduler_job.py:643} INFO - DAG(s) dict_keys(['example_short_circuit_operator']) retrieved from /home/airflow/sandbox/lib/python3.8/site-packages/airflow/example_dags/example_short_circuit_operator.py
[2021-06-25 09:22:12,207] {logging_mixin.py:104} INFO - [2021-06-25 09:22:12,207] {dag.py:1832} INFO - Sync 1 DAGs
[2021-06-25 09:22:12,224] {logging_mixin.py:104} INFO - [2021-06-25 09:22:12,224] {dag.py:2305} INFO - Setting next_dagrun for example_short_circuit_operator to 2021-06-23 00:00:00+00:00
[2021-06-25 09:22:12,236] {scheduler_job.py:190} INFO - Processing /home/airflow/sandbox/lib/python3.8/site-packages/airflow/example_dags/example_short_circuit_operator.py took 0.097 seconds
[2021-06-25 09:22:42,342] {scheduler_job.py:182} INFO - Started process (PID=10191) to work on /home/airflow/sandbox/lib/python3.8/site-packages/airflow/example_dags/example_short_circuit_operator.py
[2021-06-25 09:22:42,344] {scheduler_job.py:633} INFO - Processing file /home/airflow/sandbox/lib/python3.8/site-packages/airflow/example_dags/example_short_circuit_operator.py for tasks to queue
[2021-06-25 09:22:42,345] {logging_mixin.py:104} INFO - [2021-06-25 09:22:42,345] {dagbag.py:487} INFO - Filling up the DagBag from /home/airflow/sandbox/lib/python3.8/site-packages/airflow/example_dags/example_short_circuit_operator.py
[2021-06-25 09:22:42,357] {scheduler_job.py:643} INFO - DAG(s) dict_keys(['example_short_circuit_operator']) retrieved from /home/airflow/sandbox/lib/python3.8/site-packages/airflow/example_dags/example_short_circuit_operator.py
[2021-06-25 09:22:42,387] {logging_mixin.py:104} INFO - [2021-06-25 09:22:42,387] {dag.py:1832} INFO - Sync 1 DAGs
[2021-06-25 09:22:42,411] {logging_mixin.py:104} INFO - [2021-06-25 09:22:42,411] {dag.py:2305} INFO - Setting next_dagrun for example_short_circuit_operator to 2021-06-23 00:00:00+00:00
[2021-06-25 09:22:42,430] {scheduler_job.py:190} INFO - Processing /home/airflow/sandbox/lib/python3.8/site-packages/airflow/example_dags/example_short_circuit_operator.py took 0.092 seconds
[2021-06-25 09:24:05,893] {scheduler_job.py:182} INFO - Started process (PID=10458) to work on /home/airflow/sandbox/lib/python3.8/site-packages/airflow/example_dags/example_short_circuit_operator.py
[2021-06-25 09:24:05,896] {scheduler_job.py:633} INFO - Processing file /home/airflow/sandbox/lib/python3.8/site-packages/airflow/example_dags/example_short_circuit_operator.py for tasks to queue
[2021-06-25 09:24:05,904] {logging_mixin.py:104} INFO - [2021-06-25 09:24:05,903] {dagbag.py:487} INFO - Filling up the DagBag from /home/airflow/sandbox/lib/python3.8/site-packages/airflow/example_dags/example_short_circuit_operator.py
[2021-06-25 09:24:05,947] {scheduler_job.py:643} INFO - DAG(s) dict_keys(['example_short_circuit_operator']) retrieved from /home/airflow/sandbox/lib/python3.8/site-packages/airflow/example_dags/example_short_circuit_operator.py
[2021-06-25 09:24:05,992] {logging_mixin.py:104} INFO - [2021-06-25 09:24:05,991] {dag.py:1832} INFO - Sync 1 DAGs
[2021-06-25 09:24:06,023] {logging_mixin.py:104} INFO - [2021-06-25 09:24:06,023] {dag.py:2305} INFO - Setting next_dagrun for example_short_circuit_operator to 2021-06-23 00:00:00+00:00
[2021-06-25 09:24:06,044] {scheduler_job.py:190} INFO - Processing /home/airflow/sandbox/lib/python3.8/site-packages/airflow/example_dags/example_short_circuit_operator.py took 0.155 seconds
[2021-06-25 09:24:37,003] {scheduler_job.py:182} INFO - Started process (PID=10671) to work on /home/airflow/sandbox/lib/python3.8/site-packages/airflow/example_dags/example_short_circuit_operator.py
[2021-06-25 09:24:37,010] {scheduler_job.py:633} INFO - Processing file /home/airflow/sandbox/lib/python3.8/site-packages/airflow/example_dags/example_short_circuit_operator.py for tasks to queue
[2021-06-25 09:24:37,013] {logging_mixin.py:104} INFO - [2021-06-25 09:24:37,013] {dagbag.py:487} INFO - Filling up the DagBag from /home/airflow/sandbox/lib/python3.8/site-packages/airflow/example_dags/example_short_circuit_operator.py
[2021-06-25 09:24:37,040] {scheduler_job.py:643} INFO - DAG(s) dict_keys(['example_short_circuit_operator']) retrieved from /home/airflow/sandbox/lib/python3.8/site-packages/airflow/example_dags/example_short_circuit_operator.py
[2021-06-25 09:24:37,078] {logging_mixin.py:104} INFO - [2021-06-25 09:24:37,078] {dag.py:1832} INFO - Sync 1 DAGs
[2021-06-25 09:24:37,098] {logging_mixin.py:104} INFO - [2021-06-25 09:24:37,098] {dag.py:2305} INFO - Setting next_dagrun for example_short_circuit_operator to 2021-06-23 00:00:00+00:00
[2021-06-25 09:24:37,113] {scheduler_job.py:190} INFO - Processing /home/airflow/sandbox/lib/python3.8/site-packages/airflow/example_dags/example_short_circuit_operator.py took 0.114 seconds
[2021-06-25 09:25:07,932] {scheduler_job.py:182} INFO - Started process (PID=10868) to work on /home/airflow/sandbox/lib/python3.8/site-packages/airflow/example_dags/example_short_circuit_operator.py
[2021-06-25 09:25:07,934] {scheduler_job.py:633} INFO - Processing file /home/airflow/sandbox/lib/python3.8/site-packages/airflow/example_dags/example_short_circuit_operator.py for tasks to queue
[2021-06-25 09:25:07,935] {logging_mixin.py:104} INFO - [2021-06-25 09:25:07,935] {dagbag.py:487} INFO - Filling up the DagBag from /home/airflow/sandbox/lib/python3.8/site-packages/airflow/example_dags/example_short_circuit_operator.py
[2021-06-25 09:25:07,954] {scheduler_job.py:643} INFO - DAG(s) dict_keys(['example_short_circuit_operator']) retrieved from /home/airflow/sandbox/lib/python3.8/site-packages/airflow/example_dags/example_short_circuit_operator.py
[2021-06-25 09:25:08,004] {logging_mixin.py:104} INFO - [2021-06-25 09:25:08,003] {dag.py:1832} INFO - Sync 1 DAGs
[2021-06-25 09:25:08,027] {logging_mixin.py:104} INFO - [2021-06-25 09:25:08,027] {dag.py:2305} INFO - Setting next_dagrun for example_short_circuit_operator to 2021-06-23 00:00:00+00:00
[2021-06-25 09:25:08,042] {scheduler_job.py:190} INFO - Processing /home/airflow/sandbox/lib/python3.8/site-packages/airflow/example_dags/example_short_circuit_operator.py took 0.119 seconds
[2021-06-25 09:25:38,875] {scheduler_job.py:182} INFO - Started process (PID=11068) to work on /home/airflow/sandbox/lib/python3.8/site-packages/airflow/example_dags/example_short_circuit_operator.py
[2021-06-25 09:25:38,881] {scheduler_job.py:633} INFO - Processing file /home/airflow/sandbox/lib/python3.8/site-packages/airflow/example_dags/example_short_circuit_operator.py for tasks to queue
[2021-06-25 09:25:38,886] {logging_mixin.py:104} INFO - [2021-06-25 09:25:38,886] {dagbag.py:487} INFO - Filling up the DagBag from /home/airflow/sandbox/lib/python3.8/site-packages/airflow/example_dags/example_short_circuit_operator.py
[2021-06-25 09:25:38,935] {scheduler_job.py:643} INFO - DAG(s) dict_keys(['example_short_circuit_operator']) retrieved from /home/airflow/sandbox/lib/python3.8/site-packages/airflow/example_dags/example_short_circuit_operator.py
[2021-06-25 09:25:38,997] {logging_mixin.py:104} INFO - [2021-06-25 09:25:38,997] {dag.py:1832} INFO - Sync 1 DAGs
[2021-06-25 09:25:39,022] {logging_mixin.py:104} INFO - [2021-06-25 09:25:39,022] {dag.py:2305} INFO - Setting next_dagrun for example_short_circuit_operator to 2021-06-23 00:00:00+00:00
[2021-06-25 09:25:39,041] {scheduler_job.py:190} INFO - Processing /home/airflow/sandbox/lib/python3.8/site-packages/airflow/example_dags/example_short_circuit_operator.py took 0.177 seconds
[2021-06-25 09:26:09,971] {scheduler_job.py:182} INFO - Started process (PID=11267) to work on /home/airflow/sandbox/lib/python3.8/site-packages/airflow/example_dags/example_short_circuit_operator.py
[2021-06-25 09:26:09,975] {scheduler_job.py:633} INFO - Processing file /home/airflow/sandbox/lib/python3.8/site-packages/airflow/example_dags/example_short_circuit_operator.py for tasks to queue
[2021-06-25 09:26:09,978] {logging_mixin.py:104} INFO - [2021-06-25 09:26:09,978] {dagbag.py:487} INFO - Filling up the DagBag from /home/airflow/sandbox/lib/python3.8/site-packages/airflow/example_dags/example_short_circuit_operator.py
[2021-06-25 09:26:10,007] {scheduler_job.py:643} INFO - DAG(s) dict_keys(['example_short_circuit_operator']) retrieved from /home/airflow/sandbox/lib/python3.8/site-packages/airflow/example_dags/example_short_circuit_operator.py
[2021-06-25 09:26:10,052] {logging_mixin.py:104} INFO - [2021-06-25 09:26:10,051] {dag.py:1832} INFO - Sync 1 DAGs
[2021-06-25 09:26:10,076] {logging_mixin.py:104} INFO - [2021-06-25 09:26:10,076] {dag.py:2305} INFO - Setting next_dagrun for example_short_circuit_operator to 2021-06-23 00:00:00+00:00
[2021-06-25 09:26:10,089] {scheduler_job.py:190} INFO - Processing /home/airflow/sandbox/lib/python3.8/site-packages/airflow/example_dags/example_short_circuit_operator.py took 0.122 seconds
[2021-06-25 09:27:03,419] {scheduler_job.py:182} INFO - Started process (PID=11624) to work on /home/airflow/sandbox/lib/python3.8/site-packages/airflow/example_dags/example_short_circuit_operator.py
[2021-06-25 09:27:03,422] {scheduler_job.py:633} INFO - Processing file /home/airflow/sandbox/lib/python3.8/site-packages/airflow/example_dags/example_short_circuit_operator.py for tasks to queue
[2021-06-25 09:27:03,424] {logging_mixin.py:104} INFO - [2021-06-25 09:27:03,424] {dagbag.py:487} INFO - Filling up the DagBag from /home/airflow/sandbox/lib/python3.8/site-packages/airflow/example_dags/example_short_circuit_operator.py
[2021-06-25 09:27:03,482] {scheduler_job.py:643} INFO - DAG(s) dict_keys(['example_short_circuit_operator']) retrieved from /home/airflow/sandbox/lib/python3.8/site-packages/airflow/example_dags/example_short_circuit_operator.py
[2021-06-25 09:27:03,563] {logging_mixin.py:104} INFO - [2021-06-25 09:27:03,562] {dag.py:1832} INFO - Sync 1 DAGs
[2021-06-25 09:27:03,592] {logging_mixin.py:104} INFO - [2021-06-25 09:27:03,592] {dag.py:2305} INFO - Setting next_dagrun for example_short_circuit_operator to 2021-06-23 00:00:00+00:00
[2021-06-25 09:27:03,643] {scheduler_job.py:190} INFO - Processing /home/airflow/sandbox/lib/python3.8/site-packages/airflow/example_dags/example_short_circuit_operator.py took 0.228 seconds
[2021-06-25 09:27:34,983] {scheduler_job.py:182} INFO - Started process (PID=11839) to work on /home/airflow/sandbox/lib/python3.8/site-packages/airflow/example_dags/example_short_circuit_operator.py
[2021-06-25 09:27:34,988] {scheduler_job.py:633} INFO - Processing file /home/airflow/sandbox/lib/python3.8/site-packages/airflow/example_dags/example_short_circuit_operator.py for tasks to queue
[2021-06-25 09:27:35,013] {logging_mixin.py:104} INFO - [2021-06-25 09:27:35,012] {dagbag.py:487} INFO - Filling up the DagBag from /home/airflow/sandbox/lib/python3.8/site-packages/airflow/example_dags/example_short_circuit_operator.py
[2021-06-25 09:27:35,112] {scheduler_job.py:643} INFO - DAG(s) dict_keys(['example_short_circuit_operator']) retrieved from /home/airflow/sandbox/lib/python3.8/site-packages/airflow/example_dags/example_short_circuit_operator.py
[2021-06-25 09:27:35,235] {logging_mixin.py:104} INFO - [2021-06-25 09:27:35,234] {dag.py:1832} INFO - Sync 1 DAGs
[2021-06-25 09:27:35,311] {logging_mixin.py:104} INFO - [2021-06-25 09:27:35,310] {dag.py:2305} INFO - Setting next_dagrun for example_short_circuit_operator to 2021-06-23 00:00:00+00:00
[2021-06-25 09:27:35,346] {scheduler_job.py:190} INFO - Processing /home/airflow/sandbox/lib/python3.8/site-packages/airflow/example_dags/example_short_circuit_operator.py took 0.374 seconds
[2021-06-25 09:28:08,115] {scheduler_job.py:182} INFO - Started process (PID=12039) to work on /home/airflow/sandbox/lib/python3.8/site-packages/airflow/example_dags/example_short_circuit_operator.py
[2021-06-25 09:28:08,116] {scheduler_job.py:633} INFO - Processing file /home/airflow/sandbox/lib/python3.8/site-packages/airflow/example_dags/example_short_circuit_operator.py for tasks to queue
[2021-06-25 09:28:08,117] {logging_mixin.py:104} INFO - [2021-06-25 09:28:08,117] {dagbag.py:487} INFO - Filling up the DagBag from /home/airflow/sandbox/lib/python3.8/site-packages/airflow/example_dags/example_short_circuit_operator.py
[2021-06-25 09:28:08,134] {scheduler_job.py:643} INFO - DAG(s) dict_keys(['example_short_circuit_operator']) retrieved from /home/airflow/sandbox/lib/python3.8/site-packages/airflow/example_dags/example_short_circuit_operator.py
[2021-06-25 09:28:08,190] {logging_mixin.py:104} INFO - [2021-06-25 09:28:08,189] {dag.py:1832} INFO - Sync 1 DAGs
[2021-06-25 09:28:08,236] {logging_mixin.py:104} INFO - [2021-06-25 09:28:08,236] {dag.py:2305} INFO - Setting next_dagrun for example_short_circuit_operator to 2021-06-23 00:00:00+00:00
[2021-06-25 09:28:08,265] {scheduler_job.py:190} INFO - Processing /home/airflow/sandbox/lib/python3.8/site-packages/airflow/example_dags/example_short_circuit_operator.py took 0.154 seconds
[2021-06-25 09:28:39,723] {scheduler_job.py:182} INFO - Started process (PID=12239) to work on /home/airflow/sandbox/lib/python3.8/site-packages/airflow/example_dags/example_short_circuit_operator.py
[2021-06-25 09:28:39,726] {scheduler_job.py:633} INFO - Processing file /home/airflow/sandbox/lib/python3.8/site-packages/airflow/example_dags/example_short_circuit_operator.py for tasks to queue
[2021-06-25 09:28:39,727] {logging_mixin.py:104} INFO - [2021-06-25 09:28:39,727] {dagbag.py:487} INFO - Filling up the DagBag from /home/airflow/sandbox/lib/python3.8/site-packages/airflow/example_dags/example_short_circuit_operator.py
[2021-06-25 09:28:39,755] {scheduler_job.py:643} INFO - DAG(s) dict_keys(['example_short_circuit_operator']) retrieved from /home/airflow/sandbox/lib/python3.8/site-packages/airflow/example_dags/example_short_circuit_operator.py
[2021-06-25 09:28:39,801] {logging_mixin.py:104} INFO - [2021-06-25 09:28:39,801] {dag.py:1832} INFO - Sync 1 DAGs
[2021-06-25 09:28:39,830] {logging_mixin.py:104} INFO - [2021-06-25 09:28:39,830] {dag.py:2305} INFO - Setting next_dagrun for example_short_circuit_operator to 2021-06-23 00:00:00+00:00
[2021-06-25 09:28:39,855] {scheduler_job.py:190} INFO - Processing /home/airflow/sandbox/lib/python3.8/site-packages/airflow/example_dags/example_short_circuit_operator.py took 0.150 seconds
[2021-06-25 09:29:11,045] {scheduler_job.py:182} INFO - Started process (PID=12440) to work on /home/airflow/sandbox/lib/python3.8/site-packages/airflow/example_dags/example_short_circuit_operator.py
[2021-06-25 09:29:11,049] {scheduler_job.py:633} INFO - Processing file /home/airflow/sandbox/lib/python3.8/site-packages/airflow/example_dags/example_short_circuit_operator.py for tasks to queue
[2021-06-25 09:29:11,051] {logging_mixin.py:104} INFO - [2021-06-25 09:29:11,051] {dagbag.py:487} INFO - Filling up the DagBag from /home/airflow/sandbox/lib/python3.8/site-packages/airflow/example_dags/example_short_circuit_operator.py
[2021-06-25 09:29:11,069] {scheduler_job.py:643} INFO - DAG(s) dict_keys(['example_short_circuit_operator']) retrieved from /home/airflow/sandbox/lib/python3.8/site-packages/airflow/example_dags/example_short_circuit_operator.py
[2021-06-25 09:29:11,107] {logging_mixin.py:104} INFO - [2021-06-25 09:29:11,107] {dag.py:1832} INFO - Sync 1 DAGs
[2021-06-25 09:29:11,128] {logging_mixin.py:104} INFO - [2021-06-25 09:29:11,128] {dag.py:2305} INFO - Setting next_dagrun for example_short_circuit_operator to 2021-06-23 00:00:00+00:00
[2021-06-25 09:29:11,142] {scheduler_job.py:190} INFO - Processing /home/airflow/sandbox/lib/python3.8/site-packages/airflow/example_dags/example_short_circuit_operator.py took 0.104 seconds
[2021-06-25 09:30:30,924] {scheduler_job.py:182} INFO - Started process (PID=12725) to work on /home/airflow/sandbox/lib/python3.8/site-packages/airflow/example_dags/example_short_circuit_operator.py
[2021-06-25 09:30:30,929] {scheduler_job.py:633} INFO - Processing file /home/airflow/sandbox/lib/python3.8/site-packages/airflow/example_dags/example_short_circuit_operator.py for tasks to queue
[2021-06-25 09:30:30,932] {logging_mixin.py:104} INFO - [2021-06-25 09:30:30,932] {dagbag.py:487} INFO - Filling up the DagBag from /home/airflow/sandbox/lib/python3.8/site-packages/airflow/example_dags/example_short_circuit_operator.py
[2021-06-25 09:30:30,948] {scheduler_job.py:643} INFO - DAG(s) dict_keys(['example_short_circuit_operator']) retrieved from /home/airflow/sandbox/lib/python3.8/site-packages/airflow/example_dags/example_short_circuit_operator.py
[2021-06-25 09:30:30,984] {logging_mixin.py:104} INFO - [2021-06-25 09:30:30,983] {dag.py:1832} INFO - Sync 1 DAGs
[2021-06-25 09:30:31,013] {logging_mixin.py:104} INFO - [2021-06-25 09:30:31,013] {dag.py:2305} INFO - Setting next_dagrun for example_short_circuit_operator to 2021-06-23 00:00:00+00:00
[2021-06-25 09:30:31,026] {scheduler_job.py:190} INFO - Processing /home/airflow/sandbox/lib/python3.8/site-packages/airflow/example_dags/example_short_circuit_operator.py took 0.110 seconds
[2021-06-25 09:31:01,814] {scheduler_job.py:182} INFO - Started process (PID=12925) to work on /home/airflow/sandbox/lib/python3.8/site-packages/airflow/example_dags/example_short_circuit_operator.py
[2021-06-25 09:31:01,837] {scheduler_job.py:633} INFO - Processing file /home/airflow/sandbox/lib/python3.8/site-packages/airflow/example_dags/example_short_circuit_operator.py for tasks to queue
[2021-06-25 09:31:01,850] {logging_mixin.py:104} INFO - [2021-06-25 09:31:01,847] {dagbag.py:487} INFO - Filling up the DagBag from /home/airflow/sandbox/lib/python3.8/site-packages/airflow/example_dags/example_short_circuit_operator.py
[2021-06-25 09:31:01,873] {scheduler_job.py:643} INFO - DAG(s) dict_keys(['example_short_circuit_operator']) retrieved from /home/airflow/sandbox/lib/python3.8/site-packages/airflow/example_dags/example_short_circuit_operator.py
[2021-06-25 09:31:01,927] {logging_mixin.py:104} INFO - [2021-06-25 09:31:01,927] {dag.py:1832} INFO - Sync 1 DAGs
[2021-06-25 09:31:01,974] {logging_mixin.py:104} INFO - [2021-06-25 09:31:01,974] {dag.py:2305} INFO - Setting next_dagrun for example_short_circuit_operator to 2021-06-23 00:00:00+00:00
[2021-06-25 09:31:02,014] {scheduler_job.py:190} INFO - Processing /home/airflow/sandbox/lib/python3.8/site-packages/airflow/example_dags/example_short_circuit_operator.py took 0.208 seconds
[2021-06-25 09:31:33,017] {scheduler_job.py:182} INFO - Started process (PID=13124) to work on /home/airflow/sandbox/lib/python3.8/site-packages/airflow/example_dags/example_short_circuit_operator.py
[2021-06-25 09:31:33,022] {scheduler_job.py:633} INFO - Processing file /home/airflow/sandbox/lib/python3.8/site-packages/airflow/example_dags/example_short_circuit_operator.py for tasks to queue
[2021-06-25 09:31:33,024] {logging_mixin.py:104} INFO - [2021-06-25 09:31:33,023] {dagbag.py:487} INFO - Filling up the DagBag from /home/airflow/sandbox/lib/python3.8/site-packages/airflow/example_dags/example_short_circuit_operator.py
[2021-06-25 09:31:33,060] {scheduler_job.py:643} INFO - DAG(s) dict_keys(['example_short_circuit_operator']) retrieved from /home/airflow/sandbox/lib/python3.8/site-packages/airflow/example_dags/example_short_circuit_operator.py
[2021-06-25 09:31:33,124] {logging_mixin.py:104} INFO - [2021-06-25 09:31:33,124] {dag.py:1832} INFO - Sync 1 DAGs
[2021-06-25 09:31:33,154] {logging_mixin.py:104} INFO - [2021-06-25 09:31:33,153] {dag.py:2305} INFO - Setting next_dagrun for example_short_circuit_operator to 2021-06-23 00:00:00+00:00
[2021-06-25 09:31:33,174] {scheduler_job.py:190} INFO - Processing /home/airflow/sandbox/lib/python3.8/site-packages/airflow/example_dags/example_short_circuit_operator.py took 0.171 seconds
[2021-06-25 09:32:09,260] {scheduler_job.py:182} INFO - Started process (PID=13327) to work on /home/airflow/sandbox/lib/python3.8/site-packages/airflow/example_dags/example_short_circuit_operator.py
[2021-06-25 09:32:09,276] {scheduler_job.py:633} INFO - Processing file /home/airflow/sandbox/lib/python3.8/site-packages/airflow/example_dags/example_short_circuit_operator.py for tasks to queue
[2021-06-25 09:32:09,290] {logging_mixin.py:104} INFO - [2021-06-25 09:32:09,286] {dagbag.py:487} INFO - Filling up the DagBag from /home/airflow/sandbox/lib/python3.8/site-packages/airflow/example_dags/example_short_circuit_operator.py
[2021-06-25 09:32:09,727] {scheduler_job.py:643} INFO - DAG(s) dict_keys(['example_short_circuit_operator']) retrieved from /home/airflow/sandbox/lib/python3.8/site-packages/airflow/example_dags/example_short_circuit_operator.py
[2021-06-25 09:32:10,143] {logging_mixin.py:104} INFO - [2021-06-25 09:32:10,143] {dag.py:1832} INFO - Sync 1 DAGs
[2021-06-25 09:32:10,385] {logging_mixin.py:104} INFO - [2021-06-25 09:32:10,384] {dag.py:2305} INFO - Setting next_dagrun for example_short_circuit_operator to 2021-06-23 00:00:00+00:00
[2021-06-25 09:32:10,547] {scheduler_job.py:190} INFO - Processing /home/airflow/sandbox/lib/python3.8/site-packages/airflow/example_dags/example_short_circuit_operator.py took 1.414 seconds
[2021-06-25 09:32:40,948] {scheduler_job.py:182} INFO - Started process (PID=13529) to work on /home/airflow/sandbox/lib/python3.8/site-packages/airflow/example_dags/example_short_circuit_operator.py
[2021-06-25 09:32:40,953] {scheduler_job.py:633} INFO - Processing file /home/airflow/sandbox/lib/python3.8/site-packages/airflow/example_dags/example_short_circuit_operator.py for tasks to queue
[2021-06-25 09:32:40,955] {logging_mixin.py:104} INFO - [2021-06-25 09:32:40,954] {dagbag.py:487} INFO - Filling up the DagBag from /home/airflow/sandbox/lib/python3.8/site-packages/airflow/example_dags/example_short_circuit_operator.py
[2021-06-25 09:32:40,978] {scheduler_job.py:643} INFO - DAG(s) dict_keys(['example_short_circuit_operator']) retrieved from /home/airflow/sandbox/lib/python3.8/site-packages/airflow/example_dags/example_short_circuit_operator.py
[2021-06-25 09:32:41,019] {logging_mixin.py:104} INFO - [2021-06-25 09:32:41,019] {dag.py:1832} INFO - Sync 1 DAGs
[2021-06-25 09:32:41,052] {logging_mixin.py:104} INFO - [2021-06-25 09:32:41,052] {dag.py:2305} INFO - Setting next_dagrun for example_short_circuit_operator to 2021-06-23 00:00:00+00:00
[2021-06-25 09:32:41,068] {scheduler_job.py:190} INFO - Processing /home/airflow/sandbox/lib/python3.8/site-packages/airflow/example_dags/example_short_circuit_operator.py took 0.124 seconds
[2021-06-25 09:33:11,900] {scheduler_job.py:182} INFO - Started process (PID=13730) to work on /home/airflow/sandbox/lib/python3.8/site-packages/airflow/example_dags/example_short_circuit_operator.py
[2021-06-25 09:33:11,919] {scheduler_job.py:633} INFO - Processing file /home/airflow/sandbox/lib/python3.8/site-packages/airflow/example_dags/example_short_circuit_operator.py for tasks to queue
[2021-06-25 09:33:11,920] {logging_mixin.py:104} INFO - [2021-06-25 09:33:11,920] {dagbag.py:487} INFO - Filling up the DagBag from /home/airflow/sandbox/lib/python3.8/site-packages/airflow/example_dags/example_short_circuit_operator.py
[2021-06-25 09:33:11,955] {scheduler_job.py:643} INFO - DAG(s) dict_keys(['example_short_circuit_operator']) retrieved from /home/airflow/sandbox/lib/python3.8/site-packages/airflow/example_dags/example_short_circuit_operator.py
[2021-06-25 09:33:12,008] {logging_mixin.py:104} INFO - [2021-06-25 09:33:12,007] {dag.py:1832} INFO - Sync 1 DAGs
[2021-06-25 09:33:12,044] {logging_mixin.py:104} INFO - [2021-06-25 09:33:12,043] {dag.py:2305} INFO - Setting next_dagrun for example_short_circuit_operator to 2021-06-23 00:00:00+00:00
[2021-06-25 09:33:12,057] {scheduler_job.py:190} INFO - Processing /home/airflow/sandbox/lib/python3.8/site-packages/airflow/example_dags/example_short_circuit_operator.py took 0.162 seconds
[2021-06-25 09:33:42,296] {scheduler_job.py:182} INFO - Started process (PID=13928) to work on /home/airflow/sandbox/lib/python3.8/site-packages/airflow/example_dags/example_short_circuit_operator.py
[2021-06-25 09:33:42,300] {scheduler_job.py:633} INFO - Processing file /home/airflow/sandbox/lib/python3.8/site-packages/airflow/example_dags/example_short_circuit_operator.py for tasks to queue
[2021-06-25 09:33:42,301] {logging_mixin.py:104} INFO - [2021-06-25 09:33:42,301] {dagbag.py:487} INFO - Filling up the DagBag from /home/airflow/sandbox/lib/python3.8/site-packages/airflow/example_dags/example_short_circuit_operator.py
[2021-06-25 09:33:42,335] {scheduler_job.py:643} INFO - DAG(s) dict_keys(['example_short_circuit_operator']) retrieved from /home/airflow/sandbox/lib/python3.8/site-packages/airflow/example_dags/example_short_circuit_operator.py
[2021-06-25 09:33:42,402] {logging_mixin.py:104} INFO - [2021-06-25 09:33:42,402] {dag.py:1832} INFO - Sync 1 DAGs
[2021-06-25 09:33:42,432] {logging_mixin.py:104} INFO - [2021-06-25 09:33:42,432] {dag.py:2305} INFO - Setting next_dagrun for example_short_circuit_operator to 2021-06-23 00:00:00+00:00
[2021-06-25 09:33:42,449] {scheduler_job.py:190} INFO - Processing /home/airflow/sandbox/lib/python3.8/site-packages/airflow/example_dags/example_short_circuit_operator.py took 0.160 seconds
[2021-06-25 09:34:13,183] {scheduler_job.py:182} INFO - Started process (PID=14128) to work on /home/airflow/sandbox/lib/python3.8/site-packages/airflow/example_dags/example_short_circuit_operator.py
[2021-06-25 09:34:13,188] {scheduler_job.py:633} INFO - Processing file /home/airflow/sandbox/lib/python3.8/site-packages/airflow/example_dags/example_short_circuit_operator.py for tasks to queue
[2021-06-25 09:34:13,190] {logging_mixin.py:104} INFO - [2021-06-25 09:34:13,190] {dagbag.py:487} INFO - Filling up the DagBag from /home/airflow/sandbox/lib/python3.8/site-packages/airflow/example_dags/example_short_circuit_operator.py
[2021-06-25 09:34:13,226] {scheduler_job.py:643} INFO - DAG(s) dict_keys(['example_short_circuit_operator']) retrieved from /home/airflow/sandbox/lib/python3.8/site-packages/airflow/example_dags/example_short_circuit_operator.py
[2021-06-25 09:34:13,270] {logging_mixin.py:104} INFO - [2021-06-25 09:34:13,270] {dag.py:1832} INFO - Sync 1 DAGs
[2021-06-25 09:34:13,291] {logging_mixin.py:104} INFO - [2021-06-25 09:34:13,291] {dag.py:2305} INFO - Setting next_dagrun for example_short_circuit_operator to 2021-06-23 00:00:00+00:00
[2021-06-25 09:34:13,305] {scheduler_job.py:190} INFO - Processing /home/airflow/sandbox/lib/python3.8/site-packages/airflow/example_dags/example_short_circuit_operator.py took 0.127 seconds
[2021-06-25 09:34:43,991] {scheduler_job.py:182} INFO - Started process (PID=14327) to work on /home/airflow/sandbox/lib/python3.8/site-packages/airflow/example_dags/example_short_circuit_operator.py
[2021-06-25 09:34:43,994] {scheduler_job.py:633} INFO - Processing file /home/airflow/sandbox/lib/python3.8/site-packages/airflow/example_dags/example_short_circuit_operator.py for tasks to queue
[2021-06-25 09:34:43,996] {logging_mixin.py:104} INFO - [2021-06-25 09:34:43,996] {dagbag.py:487} INFO - Filling up the DagBag from /home/airflow/sandbox/lib/python3.8/site-packages/airflow/example_dags/example_short_circuit_operator.py
[2021-06-25 09:34:44,016] {scheduler_job.py:643} INFO - DAG(s) dict_keys(['example_short_circuit_operator']) retrieved from /home/airflow/sandbox/lib/python3.8/site-packages/airflow/example_dags/example_short_circuit_operator.py
[2021-06-25 09:34:44,053] {logging_mixin.py:104} INFO - [2021-06-25 09:34:44,053] {dag.py:1832} INFO - Sync 1 DAGs
[2021-06-25 09:34:44,076] {logging_mixin.py:104} INFO - [2021-06-25 09:34:44,076] {dag.py:2305} INFO - Setting next_dagrun for example_short_circuit_operator to 2021-06-23 00:00:00+00:00
[2021-06-25 09:34:44,105] {scheduler_job.py:190} INFO - Processing /home/airflow/sandbox/lib/python3.8/site-packages/airflow/example_dags/example_short_circuit_operator.py took 0.118 seconds
[2021-06-25 09:35:15,245] {scheduler_job.py:182} INFO - Started process (PID=14606) to work on /home/airflow/sandbox/lib/python3.8/site-packages/airflow/example_dags/example_short_circuit_operator.py
[2021-06-25 09:35:15,254] {scheduler_job.py:633} INFO - Processing file /home/airflow/sandbox/lib/python3.8/site-packages/airflow/example_dags/example_short_circuit_operator.py for tasks to queue
[2021-06-25 09:35:15,257] {logging_mixin.py:104} INFO - [2021-06-25 09:35:15,257] {dagbag.py:487} INFO - Filling up the DagBag from /home/airflow/sandbox/lib/python3.8/site-packages/airflow/example_dags/example_short_circuit_operator.py
[2021-06-25 09:35:15,291] {scheduler_job.py:643} INFO - DAG(s) dict_keys(['example_short_circuit_operator']) retrieved from /home/airflow/sandbox/lib/python3.8/site-packages/airflow/example_dags/example_short_circuit_operator.py
[2021-06-25 09:35:15,388] {logging_mixin.py:104} INFO - [2021-06-25 09:35:15,388] {dag.py:1832} INFO - Sync 1 DAGs
[2021-06-25 09:35:15,446] {logging_mixin.py:104} INFO - [2021-06-25 09:35:15,446] {dag.py:2305} INFO - Setting next_dagrun for example_short_circuit_operator to 2021-06-23 00:00:00+00:00
[2021-06-25 09:35:15,478] {scheduler_job.py:190} INFO - Processing /home/airflow/sandbox/lib/python3.8/site-packages/airflow/example_dags/example_short_circuit_operator.py took 0.240 seconds
[2021-06-25 09:35:45,637] {scheduler_job.py:182} INFO - Started process (PID=14862) to work on /home/airflow/sandbox/lib/python3.8/site-packages/airflow/example_dags/example_short_circuit_operator.py
[2021-06-25 09:35:45,638] {scheduler_job.py:633} INFO - Processing file /home/airflow/sandbox/lib/python3.8/site-packages/airflow/example_dags/example_short_circuit_operator.py for tasks to queue
[2021-06-25 09:35:45,639] {logging_mixin.py:104} INFO - [2021-06-25 09:35:45,639] {dagbag.py:487} INFO - Filling up the DagBag from /home/airflow/sandbox/lib/python3.8/site-packages/airflow/example_dags/example_short_circuit_operator.py
[2021-06-25 09:35:45,673] {scheduler_job.py:643} INFO - DAG(s) dict_keys(['example_short_circuit_operator']) retrieved from /home/airflow/sandbox/lib/python3.8/site-packages/airflow/example_dags/example_short_circuit_operator.py
[2021-06-25 09:35:45,726] {logging_mixin.py:104} INFO - [2021-06-25 09:35:45,726] {dag.py:1832} INFO - Sync 1 DAGs
[2021-06-25 09:35:45,742] {logging_mixin.py:104} INFO - [2021-06-25 09:35:45,741] {dag.py:2305} INFO - Setting next_dagrun for example_short_circuit_operator to 2021-06-23 00:00:00+00:00
[2021-06-25 09:35:45,754] {scheduler_job.py:190} INFO - Processing /home/airflow/sandbox/lib/python3.8/site-packages/airflow/example_dags/example_short_circuit_operator.py took 0.133 seconds
[2021-06-25 09:36:16,116] {scheduler_job.py:182} INFO - Started process (PID=15055) to work on /home/airflow/sandbox/lib/python3.8/site-packages/airflow/example_dags/example_short_circuit_operator.py
[2021-06-25 09:36:16,117] {scheduler_job.py:633} INFO - Processing file /home/airflow/sandbox/lib/python3.8/site-packages/airflow/example_dags/example_short_circuit_operator.py for tasks to queue
[2021-06-25 09:36:16,118] {logging_mixin.py:104} INFO - [2021-06-25 09:36:16,117] {dagbag.py:487} INFO - Filling up the DagBag from /home/airflow/sandbox/lib/python3.8/site-packages/airflow/example_dags/example_short_circuit_operator.py
[2021-06-25 09:36:16,132] {scheduler_job.py:643} INFO - DAG(s) dict_keys(['example_short_circuit_operator']) retrieved from /home/airflow/sandbox/lib/python3.8/site-packages/airflow/example_dags/example_short_circuit_operator.py
[2021-06-25 09:36:16,164] {logging_mixin.py:104} INFO - [2021-06-25 09:36:16,164] {dag.py:1832} INFO - Sync 1 DAGs
[2021-06-25 09:36:16,189] {logging_mixin.py:104} INFO - [2021-06-25 09:36:16,189] {dag.py:2305} INFO - Setting next_dagrun for example_short_circuit_operator to 2021-06-23 00:00:00+00:00
[2021-06-25 09:36:16,201] {scheduler_job.py:190} INFO - Processing /home/airflow/sandbox/lib/python3.8/site-packages/airflow/example_dags/example_short_circuit_operator.py took 0.089 seconds
[2021-06-25 09:36:46,749] {scheduler_job.py:182} INFO - Started process (PID=15254) to work on /home/airflow/sandbox/lib/python3.8/site-packages/airflow/example_dags/example_short_circuit_operator.py
[2021-06-25 09:36:46,755] {scheduler_job.py:633} INFO - Processing file /home/airflow/sandbox/lib/python3.8/site-packages/airflow/example_dags/example_short_circuit_operator.py for tasks to queue
[2021-06-25 09:36:46,756] {logging_mixin.py:104} INFO - [2021-06-25 09:36:46,755] {dagbag.py:487} INFO - Filling up the DagBag from /home/airflow/sandbox/lib/python3.8/site-packages/airflow/example_dags/example_short_circuit_operator.py
[2021-06-25 09:36:46,773] {scheduler_job.py:643} INFO - DAG(s) dict_keys(['example_short_circuit_operator']) retrieved from /home/airflow/sandbox/lib/python3.8/site-packages/airflow/example_dags/example_short_circuit_operator.py
[2021-06-25 09:36:46,809] {logging_mixin.py:104} INFO - [2021-06-25 09:36:46,809] {dag.py:1832} INFO - Sync 1 DAGs
[2021-06-25 09:36:46,835] {logging_mixin.py:104} INFO - [2021-06-25 09:36:46,835] {dag.py:2305} INFO - Setting next_dagrun for example_short_circuit_operator to 2021-06-23 00:00:00+00:00
[2021-06-25 09:36:46,852] {scheduler_job.py:190} INFO - Processing /home/airflow/sandbox/lib/python3.8/site-packages/airflow/example_dags/example_short_circuit_operator.py took 0.108 seconds
[2021-06-25 09:37:17,621] {scheduler_job.py:182} INFO - Started process (PID=15463) to work on /home/airflow/sandbox/lib/python3.8/site-packages/airflow/example_dags/example_short_circuit_operator.py
[2021-06-25 09:37:17,623] {scheduler_job.py:633} INFO - Processing file /home/airflow/sandbox/lib/python3.8/site-packages/airflow/example_dags/example_short_circuit_operator.py for tasks to queue
[2021-06-25 09:37:17,624] {logging_mixin.py:104} INFO - [2021-06-25 09:37:17,624] {dagbag.py:487} INFO - Filling up the DagBag from /home/airflow/sandbox/lib/python3.8/site-packages/airflow/example_dags/example_short_circuit_operator.py
[2021-06-25 09:37:17,637] {scheduler_job.py:643} INFO - DAG(s) dict_keys(['example_short_circuit_operator']) retrieved from /home/airflow/sandbox/lib/python3.8/site-packages/airflow/example_dags/example_short_circuit_operator.py
[2021-06-25 09:37:17,662] {logging_mixin.py:104} INFO - [2021-06-25 09:37:17,662] {dag.py:1832} INFO - Sync 1 DAGs
[2021-06-25 09:37:17,682] {logging_mixin.py:104} INFO - [2021-06-25 09:37:17,682] {dag.py:2305} INFO - Setting next_dagrun for example_short_circuit_operator to 2021-06-23 00:00:00+00:00
[2021-06-25 09:37:17,695] {scheduler_job.py:190} INFO - Processing /home/airflow/sandbox/lib/python3.8/site-packages/airflow/example_dags/example_short_circuit_operator.py took 0.080 seconds
[2021-06-25 09:37:48,041] {scheduler_job.py:182} INFO - Started process (PID=15654) to work on /home/airflow/sandbox/lib/python3.8/site-packages/airflow/example_dags/example_short_circuit_operator.py
[2021-06-25 09:37:48,048] {scheduler_job.py:633} INFO - Processing file /home/airflow/sandbox/lib/python3.8/site-packages/airflow/example_dags/example_short_circuit_operator.py for tasks to queue
[2021-06-25 09:37:48,050] {logging_mixin.py:104} INFO - [2021-06-25 09:37:48,050] {dagbag.py:487} INFO - Filling up the DagBag from /home/airflow/sandbox/lib/python3.8/site-packages/airflow/example_dags/example_short_circuit_operator.py
[2021-06-25 09:37:48,085] {scheduler_job.py:643} INFO - DAG(s) dict_keys(['example_short_circuit_operator']) retrieved from /home/airflow/sandbox/lib/python3.8/site-packages/airflow/example_dags/example_short_circuit_operator.py
[2021-06-25 09:37:48,147] {logging_mixin.py:104} INFO - [2021-06-25 09:37:48,147] {dag.py:1832} INFO - Sync 1 DAGs
[2021-06-25 09:37:48,179] {logging_mixin.py:104} INFO - [2021-06-25 09:37:48,178] {dag.py:2305} INFO - Setting next_dagrun for example_short_circuit_operator to 2021-06-23 00:00:00+00:00
[2021-06-25 09:37:48,208] {scheduler_job.py:190} INFO - Processing /home/airflow/sandbox/lib/python3.8/site-packages/airflow/example_dags/example_short_circuit_operator.py took 0.179 seconds
[2021-06-25 09:38:19,391] {scheduler_job.py:182} INFO - Started process (PID=15857) to work on /home/airflow/sandbox/lib/python3.8/site-packages/airflow/example_dags/example_short_circuit_operator.py
[2021-06-25 09:38:19,395] {scheduler_job.py:633} INFO - Processing file /home/airflow/sandbox/lib/python3.8/site-packages/airflow/example_dags/example_short_circuit_operator.py for tasks to queue
[2021-06-25 09:38:19,399] {logging_mixin.py:104} INFO - [2021-06-25 09:38:19,399] {dagbag.py:487} INFO - Filling up the DagBag from /home/airflow/sandbox/lib/python3.8/site-packages/airflow/example_dags/example_short_circuit_operator.py
[2021-06-25 09:38:19,488] {scheduler_job.py:643} INFO - DAG(s) dict_keys(['example_short_circuit_operator']) retrieved from /home/airflow/sandbox/lib/python3.8/site-packages/airflow/example_dags/example_short_circuit_operator.py
[2021-06-25 09:38:19,616] {logging_mixin.py:104} INFO - [2021-06-25 09:38:19,615] {dag.py:1832} INFO - Sync 1 DAGs
[2021-06-25 09:38:19,693] {logging_mixin.py:104} INFO - [2021-06-25 09:38:19,690] {dag.py:2305} INFO - Setting next_dagrun for example_short_circuit_operator to 2021-06-23 00:00:00+00:00
[2021-06-25 09:38:19,750] {scheduler_job.py:190} INFO - Processing /home/airflow/sandbox/lib/python3.8/site-packages/airflow/example_dags/example_short_circuit_operator.py took 0.366 seconds
[2021-06-25 09:40:07,030] {scheduler_job.py:182} INFO - Started process (PID=16250) to work on /home/airflow/sandbox/lib/python3.8/site-packages/airflow/example_dags/example_short_circuit_operator.py
[2021-06-25 09:40:07,054] {scheduler_job.py:633} INFO - Processing file /home/airflow/sandbox/lib/python3.8/site-packages/airflow/example_dags/example_short_circuit_operator.py for tasks to queue
[2021-06-25 09:40:07,058] {logging_mixin.py:104} INFO - [2021-06-25 09:40:07,055] {dagbag.py:487} INFO - Filling up the DagBag from /home/airflow/sandbox/lib/python3.8/site-packages/airflow/example_dags/example_short_circuit_operator.py
[2021-06-25 09:40:07,149] {scheduler_job.py:643} INFO - DAG(s) dict_keys(['example_short_circuit_operator']) retrieved from /home/airflow/sandbox/lib/python3.8/site-packages/airflow/example_dags/example_short_circuit_operator.py
[2021-06-25 09:40:07,293] {logging_mixin.py:104} INFO - [2021-06-25 09:40:07,292] {dag.py:1832} INFO - Sync 1 DAGs
[2021-06-25 09:40:07,461] {logging_mixin.py:104} INFO - [2021-06-25 09:40:07,461] {dag.py:2305} INFO - Setting next_dagrun for example_short_circuit_operator to 2021-06-23 00:00:00+00:00
[2021-06-25 09:40:07,532] {scheduler_job.py:190} INFO - Processing /home/airflow/sandbox/lib/python3.8/site-packages/airflow/example_dags/example_short_circuit_operator.py took 0.522 seconds
[2021-06-25 09:40:37,996] {scheduler_job.py:182} INFO - Started process (PID=16446) to work on /home/airflow/sandbox/lib/python3.8/site-packages/airflow/example_dags/example_short_circuit_operator.py
[2021-06-25 09:40:37,998] {scheduler_job.py:633} INFO - Processing file /home/airflow/sandbox/lib/python3.8/site-packages/airflow/example_dags/example_short_circuit_operator.py for tasks to queue
[2021-06-25 09:40:37,999] {logging_mixin.py:104} INFO - [2021-06-25 09:40:37,999] {dagbag.py:487} INFO - Filling up the DagBag from /home/airflow/sandbox/lib/python3.8/site-packages/airflow/example_dags/example_short_circuit_operator.py
[2021-06-25 09:40:38,018] {scheduler_job.py:643} INFO - DAG(s) dict_keys(['example_short_circuit_operator']) retrieved from /home/airflow/sandbox/lib/python3.8/site-packages/airflow/example_dags/example_short_circuit_operator.py
[2021-06-25 09:40:38,049] {logging_mixin.py:104} INFO - [2021-06-25 09:40:38,049] {dag.py:1832} INFO - Sync 1 DAGs
[2021-06-25 09:40:38,079] {logging_mixin.py:104} INFO - [2021-06-25 09:40:38,079] {dag.py:2305} INFO - Setting next_dagrun for example_short_circuit_operator to 2021-06-23 00:00:00+00:00
[2021-06-25 09:40:38,093] {scheduler_job.py:190} INFO - Processing /home/airflow/sandbox/lib/python3.8/site-packages/airflow/example_dags/example_short_circuit_operator.py took 0.103 seconds
[2021-06-25 09:41:08,757] {scheduler_job.py:182} INFO - Started process (PID=16641) to work on /home/airflow/sandbox/lib/python3.8/site-packages/airflow/example_dags/example_short_circuit_operator.py
[2021-06-25 09:41:08,771] {scheduler_job.py:633} INFO - Processing file /home/airflow/sandbox/lib/python3.8/site-packages/airflow/example_dags/example_short_circuit_operator.py for tasks to queue
[2021-06-25 09:41:08,773] {logging_mixin.py:104} INFO - [2021-06-25 09:41:08,773] {dagbag.py:487} INFO - Filling up the DagBag from /home/airflow/sandbox/lib/python3.8/site-packages/airflow/example_dags/example_short_circuit_operator.py
[2021-06-25 09:41:08,850] {scheduler_job.py:643} INFO - DAG(s) dict_keys(['example_short_circuit_operator']) retrieved from /home/airflow/sandbox/lib/python3.8/site-packages/airflow/example_dags/example_short_circuit_operator.py
[2021-06-25 09:41:08,934] {logging_mixin.py:104} INFO - [2021-06-25 09:41:08,933] {dag.py:1832} INFO - Sync 1 DAGs
[2021-06-25 09:41:08,993] {logging_mixin.py:104} INFO - [2021-06-25 09:41:08,993] {dag.py:2305} INFO - Setting next_dagrun for example_short_circuit_operator to 2021-06-23 00:00:00+00:00
[2021-06-25 09:41:09,018] {scheduler_job.py:190} INFO - Processing /home/airflow/sandbox/lib/python3.8/site-packages/airflow/example_dags/example_short_circuit_operator.py took 0.280 seconds
[2021-06-25 09:41:39,072] {scheduler_job.py:182} INFO - Started process (PID=16841) to work on /home/airflow/sandbox/lib/python3.8/site-packages/airflow/example_dags/example_short_circuit_operator.py
[2021-06-25 09:41:39,075] {scheduler_job.py:633} INFO - Processing file /home/airflow/sandbox/lib/python3.8/site-packages/airflow/example_dags/example_short_circuit_operator.py for tasks to queue
[2021-06-25 09:41:39,077] {logging_mixin.py:104} INFO - [2021-06-25 09:41:39,077] {dagbag.py:487} INFO - Filling up the DagBag from /home/airflow/sandbox/lib/python3.8/site-packages/airflow/example_dags/example_short_circuit_operator.py
[2021-06-25 09:41:39,097] {scheduler_job.py:643} INFO - DAG(s) dict_keys(['example_short_circuit_operator']) retrieved from /home/airflow/sandbox/lib/python3.8/site-packages/airflow/example_dags/example_short_circuit_operator.py
[2021-06-25 09:41:39,132] {logging_mixin.py:104} INFO - [2021-06-25 09:41:39,132] {dag.py:1832} INFO - Sync 1 DAGs
[2021-06-25 09:41:39,157] {logging_mixin.py:104} INFO - [2021-06-25 09:41:39,157] {dag.py:2305} INFO - Setting next_dagrun for example_short_circuit_operator to 2021-06-23 00:00:00+00:00
[2021-06-25 09:41:39,176] {scheduler_job.py:190} INFO - Processing /home/airflow/sandbox/lib/python3.8/site-packages/airflow/example_dags/example_short_circuit_operator.py took 0.108 seconds
[2021-06-25 09:42:11,115] {scheduler_job.py:182} INFO - Started process (PID=17039) to work on /home/airflow/sandbox/lib/python3.8/site-packages/airflow/example_dags/example_short_circuit_operator.py
[2021-06-25 09:42:11,122] {scheduler_job.py:633} INFO - Processing file /home/airflow/sandbox/lib/python3.8/site-packages/airflow/example_dags/example_short_circuit_operator.py for tasks to queue
[2021-06-25 09:42:11,132] {logging_mixin.py:104} INFO - [2021-06-25 09:42:11,132] {dagbag.py:487} INFO - Filling up the DagBag from /home/airflow/sandbox/lib/python3.8/site-packages/airflow/example_dags/example_short_circuit_operator.py
[2021-06-25 09:42:11,219] {scheduler_job.py:643} INFO - DAG(s) dict_keys(['example_short_circuit_operator']) retrieved from /home/airflow/sandbox/lib/python3.8/site-packages/airflow/example_dags/example_short_circuit_operator.py
[2021-06-25 09:42:11,304] {logging_mixin.py:104} INFO - [2021-06-25 09:42:11,304] {dag.py:1832} INFO - Sync 1 DAGs
[2021-06-25 09:42:11,353] {logging_mixin.py:104} INFO - [2021-06-25 09:42:11,353] {dag.py:2305} INFO - Setting next_dagrun for example_short_circuit_operator to 2021-06-23 00:00:00+00:00
[2021-06-25 09:42:11,381] {scheduler_job.py:190} INFO - Processing /home/airflow/sandbox/lib/python3.8/site-packages/airflow/example_dags/example_short_circuit_operator.py took 0.296 seconds
[2021-06-25 09:42:42,788] {scheduler_job.py:182} INFO - Started process (PID=17241) to work on /home/airflow/sandbox/lib/python3.8/site-packages/airflow/example_dags/example_short_circuit_operator.py
[2021-06-25 09:42:42,801] {scheduler_job.py:633} INFO - Processing file /home/airflow/sandbox/lib/python3.8/site-packages/airflow/example_dags/example_short_circuit_operator.py for tasks to queue
[2021-06-25 09:42:42,809] {logging_mixin.py:104} INFO - [2021-06-25 09:42:42,809] {dagbag.py:487} INFO - Filling up the DagBag from /home/airflow/sandbox/lib/python3.8/site-packages/airflow/example_dags/example_short_circuit_operator.py
[2021-06-25 09:42:42,852] {scheduler_job.py:643} INFO - DAG(s) dict_keys(['example_short_circuit_operator']) retrieved from /home/airflow/sandbox/lib/python3.8/site-packages/airflow/example_dags/example_short_circuit_operator.py
[2021-06-25 09:42:42,892] {logging_mixin.py:104} INFO - [2021-06-25 09:42:42,892] {dag.py:1832} INFO - Sync 1 DAGs
[2021-06-25 09:42:42,927] {logging_mixin.py:104} INFO - [2021-06-25 09:42:42,927] {dag.py:2305} INFO - Setting next_dagrun for example_short_circuit_operator to 2021-06-23 00:00:00+00:00
[2021-06-25 09:42:42,947] {scheduler_job.py:190} INFO - Processing /home/airflow/sandbox/lib/python3.8/site-packages/airflow/example_dags/example_short_circuit_operator.py took 0.166 seconds
[2021-06-25 09:43:13,101] {scheduler_job.py:182} INFO - Started process (PID=17441) to work on /home/airflow/sandbox/lib/python3.8/site-packages/airflow/example_dags/example_short_circuit_operator.py
[2021-06-25 09:43:13,104] {scheduler_job.py:633} INFO - Processing file /home/airflow/sandbox/lib/python3.8/site-packages/airflow/example_dags/example_short_circuit_operator.py for tasks to queue
[2021-06-25 09:43:13,108] {logging_mixin.py:104} INFO - [2021-06-25 09:43:13,108] {dagbag.py:487} INFO - Filling up the DagBag from /home/airflow/sandbox/lib/python3.8/site-packages/airflow/example_dags/example_short_circuit_operator.py
[2021-06-25 09:43:13,129] {scheduler_job.py:643} INFO - DAG(s) dict_keys(['example_short_circuit_operator']) retrieved from /home/airflow/sandbox/lib/python3.8/site-packages/airflow/example_dags/example_short_circuit_operator.py
[2021-06-25 09:43:13,180] {logging_mixin.py:104} INFO - [2021-06-25 09:43:13,179] {dag.py:1832} INFO - Sync 1 DAGs
[2021-06-25 09:43:13,205] {logging_mixin.py:104} INFO - [2021-06-25 09:43:13,205] {dag.py:2305} INFO - Setting next_dagrun for example_short_circuit_operator to 2021-06-23 00:00:00+00:00
[2021-06-25 09:43:13,228] {scheduler_job.py:190} INFO - Processing /home/airflow/sandbox/lib/python3.8/site-packages/airflow/example_dags/example_short_circuit_operator.py took 0.132 seconds
[2021-06-25 09:43:44,306] {scheduler_job.py:182} INFO - Started process (PID=17641) to work on /home/airflow/sandbox/lib/python3.8/site-packages/airflow/example_dags/example_short_circuit_operator.py
[2021-06-25 09:43:44,319] {scheduler_job.py:633} INFO - Processing file /home/airflow/sandbox/lib/python3.8/site-packages/airflow/example_dags/example_short_circuit_operator.py for tasks to queue
[2021-06-25 09:43:44,320] {logging_mixin.py:104} INFO - [2021-06-25 09:43:44,320] {dagbag.py:487} INFO - Filling up the DagBag from /home/airflow/sandbox/lib/python3.8/site-packages/airflow/example_dags/example_short_circuit_operator.py
[2021-06-25 09:43:44,362] {scheduler_job.py:643} INFO - DAG(s) dict_keys(['example_short_circuit_operator']) retrieved from /home/airflow/sandbox/lib/python3.8/site-packages/airflow/example_dags/example_short_circuit_operator.py
[2021-06-25 09:43:44,529] {logging_mixin.py:104} INFO - [2021-06-25 09:43:44,504] {dag.py:1832} INFO - Sync 1 DAGs
[2021-06-25 09:43:44,648] {logging_mixin.py:104} INFO - [2021-06-25 09:43:44,648] {dag.py:2305} INFO - Setting next_dagrun for example_short_circuit_operator to 2021-06-23 00:00:00+00:00
[2021-06-25 09:43:44,684] {scheduler_job.py:190} INFO - Processing /home/airflow/sandbox/lib/python3.8/site-packages/airflow/example_dags/example_short_circuit_operator.py took 0.406 seconds
[2021-06-25 09:44:16,442] {scheduler_job.py:182} INFO - Started process (PID=17841) to work on /home/airflow/sandbox/lib/python3.8/site-packages/airflow/example_dags/example_short_circuit_operator.py
[2021-06-25 09:44:16,447] {scheduler_job.py:633} INFO - Processing file /home/airflow/sandbox/lib/python3.8/site-packages/airflow/example_dags/example_short_circuit_operator.py for tasks to queue
[2021-06-25 09:44:16,449] {logging_mixin.py:104} INFO - [2021-06-25 09:44:16,449] {dagbag.py:487} INFO - Filling up the DagBag from /home/airflow/sandbox/lib/python3.8/site-packages/airflow/example_dags/example_short_circuit_operator.py
[2021-06-25 09:44:16,469] {scheduler_job.py:643} INFO - DAG(s) dict_keys(['example_short_circuit_operator']) retrieved from /home/airflow/sandbox/lib/python3.8/site-packages/airflow/example_dags/example_short_circuit_operator.py
[2021-06-25 09:44:16,507] {logging_mixin.py:104} INFO - [2021-06-25 09:44:16,507] {dag.py:1832} INFO - Sync 1 DAGs
[2021-06-25 09:44:16,529] {logging_mixin.py:104} INFO - [2021-06-25 09:44:16,528] {dag.py:2305} INFO - Setting next_dagrun for example_short_circuit_operator to 2021-06-23 00:00:00+00:00
[2021-06-25 09:44:16,545] {scheduler_job.py:190} INFO - Processing /home/airflow/sandbox/lib/python3.8/site-packages/airflow/example_dags/example_short_circuit_operator.py took 0.107 seconds
[2021-06-25 09:45:12,082] {scheduler_job.py:182} INFO - Started process (PID=18826) to work on /home/airflow/sandbox/lib/python3.8/site-packages/airflow/example_dags/example_short_circuit_operator.py
[2021-06-25 09:45:12,116] {scheduler_job.py:633} INFO - Processing file /home/airflow/sandbox/lib/python3.8/site-packages/airflow/example_dags/example_short_circuit_operator.py for tasks to queue
[2021-06-25 09:45:12,118] {logging_mixin.py:104} INFO - [2021-06-25 09:45:12,118] {dagbag.py:487} INFO - Filling up the DagBag from /home/airflow/sandbox/lib/python3.8/site-packages/airflow/example_dags/example_short_circuit_operator.py
[2021-06-25 09:45:12,326] {scheduler_job.py:643} INFO - DAG(s) dict_keys(['example_short_circuit_operator']) retrieved from /home/airflow/sandbox/lib/python3.8/site-packages/airflow/example_dags/example_short_circuit_operator.py
[2021-06-25 09:45:12,577] {logging_mixin.py:104} INFO - [2021-06-25 09:45:12,577] {dag.py:1832} INFO - Sync 1 DAGs
[2021-06-25 09:45:12,838] {logging_mixin.py:104} INFO - [2021-06-25 09:45:12,837] {dag.py:2305} INFO - Setting next_dagrun for example_short_circuit_operator to 2021-06-23 00:00:00+00:00
[2021-06-25 09:45:12,956] {scheduler_job.py:190} INFO - Processing /home/airflow/sandbox/lib/python3.8/site-packages/airflow/example_dags/example_short_circuit_operator.py took 0.885 seconds
[2021-06-25 09:46:01,043] {scheduler_job.py:182} INFO - Started process (PID=19510) to work on /home/airflow/sandbox/lib/python3.8/site-packages/airflow/example_dags/example_short_circuit_operator.py
[2021-06-25 09:46:01,057] {scheduler_job.py:633} INFO - Processing file /home/airflow/sandbox/lib/python3.8/site-packages/airflow/example_dags/example_short_circuit_operator.py for tasks to queue
[2021-06-25 09:46:01,074] {logging_mixin.py:104} INFO - [2021-06-25 09:46:01,073] {dagbag.py:487} INFO - Filling up the DagBag from /home/airflow/sandbox/lib/python3.8/site-packages/airflow/example_dags/example_short_circuit_operator.py
[2021-06-25 09:46:01,184] {scheduler_job.py:643} INFO - DAG(s) dict_keys(['example_short_circuit_operator']) retrieved from /home/airflow/sandbox/lib/python3.8/site-packages/airflow/example_dags/example_short_circuit_operator.py
[2021-06-25 09:46:01,399] {logging_mixin.py:104} INFO - [2021-06-25 09:46:01,398] {dag.py:1832} INFO - Sync 1 DAGs
[2021-06-25 09:46:01,479] {logging_mixin.py:104} INFO - [2021-06-25 09:46:01,479] {dag.py:2305} INFO - Setting next_dagrun for example_short_circuit_operator to 2021-06-23 00:00:00+00:00
[2021-06-25 09:46:01,531] {scheduler_job.py:190} INFO - Processing /home/airflow/sandbox/lib/python3.8/site-packages/airflow/example_dags/example_short_circuit_operator.py took 0.493 seconds
[2021-06-25 09:46:31,572] {scheduler_job.py:182} INFO - Started process (PID=19722) to work on /home/airflow/sandbox/lib/python3.8/site-packages/airflow/example_dags/example_short_circuit_operator.py
[2021-06-25 09:46:31,575] {scheduler_job.py:633} INFO - Processing file /home/airflow/sandbox/lib/python3.8/site-packages/airflow/example_dags/example_short_circuit_operator.py for tasks to queue
[2021-06-25 09:46:31,576] {logging_mixin.py:104} INFO - [2021-06-25 09:46:31,576] {dagbag.py:487} INFO - Filling up the DagBag from /home/airflow/sandbox/lib/python3.8/site-packages/airflow/example_dags/example_short_circuit_operator.py
[2021-06-25 09:46:31,598] {scheduler_job.py:643} INFO - DAG(s) dict_keys(['example_short_circuit_operator']) retrieved from /home/airflow/sandbox/lib/python3.8/site-packages/airflow/example_dags/example_short_circuit_operator.py
[2021-06-25 09:46:31,627] {logging_mixin.py:104} INFO - [2021-06-25 09:46:31,627] {dag.py:1832} INFO - Sync 1 DAGs
[2021-06-25 09:46:31,649] {logging_mixin.py:104} INFO - [2021-06-25 09:46:31,649] {dag.py:2305} INFO - Setting next_dagrun for example_short_circuit_operator to 2021-06-23 00:00:00+00:00
[2021-06-25 09:46:31,660] {scheduler_job.py:190} INFO - Processing /home/airflow/sandbox/lib/python3.8/site-packages/airflow/example_dags/example_short_circuit_operator.py took 0.093 seconds
[2021-06-25 09:47:03,700] {scheduler_job.py:182} INFO - Started process (PID=19922) to work on /home/airflow/sandbox/lib/python3.8/site-packages/airflow/example_dags/example_short_circuit_operator.py
[2021-06-25 09:47:03,714] {scheduler_job.py:633} INFO - Processing file /home/airflow/sandbox/lib/python3.8/site-packages/airflow/example_dags/example_short_circuit_operator.py for tasks to queue
[2021-06-25 09:47:03,733] {logging_mixin.py:104} INFO - [2021-06-25 09:47:03,732] {dagbag.py:487} INFO - Filling up the DagBag from /home/airflow/sandbox/lib/python3.8/site-packages/airflow/example_dags/example_short_circuit_operator.py
[2021-06-25 09:47:03,871] {scheduler_job.py:643} INFO - DAG(s) dict_keys(['example_short_circuit_operator']) retrieved from /home/airflow/sandbox/lib/python3.8/site-packages/airflow/example_dags/example_short_circuit_operator.py
[2021-06-25 09:47:03,984] {logging_mixin.py:104} INFO - [2021-06-25 09:47:03,984] {dag.py:1832} INFO - Sync 1 DAGs
[2021-06-25 09:47:04,061] {logging_mixin.py:104} INFO - [2021-06-25 09:47:04,061] {dag.py:2305} INFO - Setting next_dagrun for example_short_circuit_operator to 2021-06-23 00:00:00+00:00
[2021-06-25 09:47:04,157] {scheduler_job.py:190} INFO - Processing /home/airflow/sandbox/lib/python3.8/site-packages/airflow/example_dags/example_short_circuit_operator.py took 0.489 seconds
[2021-06-25 09:47:35,255] {scheduler_job.py:182} INFO - Started process (PID=20164) to work on /home/airflow/sandbox/lib/python3.8/site-packages/airflow/example_dags/example_short_circuit_operator.py
[2021-06-25 09:47:35,263] {scheduler_job.py:633} INFO - Processing file /home/airflow/sandbox/lib/python3.8/site-packages/airflow/example_dags/example_short_circuit_operator.py for tasks to queue
[2021-06-25 09:47:35,268] {logging_mixin.py:104} INFO - [2021-06-25 09:47:35,268] {dagbag.py:487} INFO - Filling up the DagBag from /home/airflow/sandbox/lib/python3.8/site-packages/airflow/example_dags/example_short_circuit_operator.py
[2021-06-25 09:47:35,314] {scheduler_job.py:643} INFO - DAG(s) dict_keys(['example_short_circuit_operator']) retrieved from /home/airflow/sandbox/lib/python3.8/site-packages/airflow/example_dags/example_short_circuit_operator.py
[2021-06-25 09:47:35,390] {logging_mixin.py:104} INFO - [2021-06-25 09:47:35,390] {dag.py:1832} INFO - Sync 1 DAGs
[2021-06-25 09:47:35,439] {logging_mixin.py:104} INFO - [2021-06-25 09:47:35,439] {dag.py:2305} INFO - Setting next_dagrun for example_short_circuit_operator to 2021-06-23 00:00:00+00:00
[2021-06-25 09:47:35,478] {scheduler_job.py:190} INFO - Processing /home/airflow/sandbox/lib/python3.8/site-packages/airflow/example_dags/example_short_circuit_operator.py took 0.229 seconds
[2021-06-25 09:48:09,655] {scheduler_job.py:182} INFO - Started process (PID=20500) to work on /home/airflow/sandbox/lib/python3.8/site-packages/airflow/example_dags/example_short_circuit_operator.py
[2021-06-25 09:48:09,659] {scheduler_job.py:633} INFO - Processing file /home/airflow/sandbox/lib/python3.8/site-packages/airflow/example_dags/example_short_circuit_operator.py for tasks to queue
[2021-06-25 09:48:09,667] {logging_mixin.py:104} INFO - [2021-06-25 09:48:09,666] {dagbag.py:487} INFO - Filling up the DagBag from /home/airflow/sandbox/lib/python3.8/site-packages/airflow/example_dags/example_short_circuit_operator.py
[2021-06-25 09:48:09,719] {scheduler_job.py:643} INFO - DAG(s) dict_keys(['example_short_circuit_operator']) retrieved from /home/airflow/sandbox/lib/python3.8/site-packages/airflow/example_dags/example_short_circuit_operator.py
[2021-06-25 09:48:09,790] {logging_mixin.py:104} INFO - [2021-06-25 09:48:09,790] {dag.py:1832} INFO - Sync 1 DAGs
[2021-06-25 09:48:09,828] {logging_mixin.py:104} INFO - [2021-06-25 09:48:09,828] {dag.py:2305} INFO - Setting next_dagrun for example_short_circuit_operator to 2021-06-23 00:00:00+00:00
[2021-06-25 09:48:09,855] {scheduler_job.py:190} INFO - Processing /home/airflow/sandbox/lib/python3.8/site-packages/airflow/example_dags/example_short_circuit_operator.py took 0.205 seconds
[2021-06-25 09:48:40,728] {scheduler_job.py:182} INFO - Started process (PID=20706) to work on /home/airflow/sandbox/lib/python3.8/site-packages/airflow/example_dags/example_short_circuit_operator.py
[2021-06-25 09:48:40,739] {scheduler_job.py:633} INFO - Processing file /home/airflow/sandbox/lib/python3.8/site-packages/airflow/example_dags/example_short_circuit_operator.py for tasks to queue
[2021-06-25 09:48:40,742] {logging_mixin.py:104} INFO - [2021-06-25 09:48:40,742] {dagbag.py:487} INFO - Filling up the DagBag from /home/airflow/sandbox/lib/python3.8/site-packages/airflow/example_dags/example_short_circuit_operator.py
[2021-06-25 09:48:40,771] {scheduler_job.py:643} INFO - DAG(s) dict_keys(['example_short_circuit_operator']) retrieved from /home/airflow/sandbox/lib/python3.8/site-packages/airflow/example_dags/example_short_circuit_operator.py
[2021-06-25 09:48:40,832] {logging_mixin.py:104} INFO - [2021-06-25 09:48:40,832] {dag.py:1832} INFO - Sync 1 DAGs
[2021-06-25 09:48:40,863] {logging_mixin.py:104} INFO - [2021-06-25 09:48:40,863] {dag.py:2305} INFO - Setting next_dagrun for example_short_circuit_operator to 2021-06-23 00:00:00+00:00
[2021-06-25 09:48:40,882] {scheduler_job.py:190} INFO - Processing /home/airflow/sandbox/lib/python3.8/site-packages/airflow/example_dags/example_short_circuit_operator.py took 0.170 seconds
[2021-06-25 09:49:11,596] {scheduler_job.py:182} INFO - Started process (PID=20912) to work on /home/airflow/sandbox/lib/python3.8/site-packages/airflow/example_dags/example_short_circuit_operator.py
[2021-06-25 09:49:11,600] {scheduler_job.py:633} INFO - Processing file /home/airflow/sandbox/lib/python3.8/site-packages/airflow/example_dags/example_short_circuit_operator.py for tasks to queue
[2021-06-25 09:49:11,604] {logging_mixin.py:104} INFO - [2021-06-25 09:49:11,604] {dagbag.py:487} INFO - Filling up the DagBag from /home/airflow/sandbox/lib/python3.8/site-packages/airflow/example_dags/example_short_circuit_operator.py
[2021-06-25 09:49:11,630] {scheduler_job.py:643} INFO - DAG(s) dict_keys(['example_short_circuit_operator']) retrieved from /home/airflow/sandbox/lib/python3.8/site-packages/airflow/example_dags/example_short_circuit_operator.py
[2021-06-25 09:49:11,679] {logging_mixin.py:104} INFO - [2021-06-25 09:49:11,679] {dag.py:1832} INFO - Sync 1 DAGs
[2021-06-25 09:49:11,708] {logging_mixin.py:104} INFO - [2021-06-25 09:49:11,708] {dag.py:2305} INFO - Setting next_dagrun for example_short_circuit_operator to 2021-06-23 00:00:00+00:00
[2021-06-25 09:49:11,732] {scheduler_job.py:190} INFO - Processing /home/airflow/sandbox/lib/python3.8/site-packages/airflow/example_dags/example_short_circuit_operator.py took 0.144 seconds
[2021-06-25 09:49:42,553] {scheduler_job.py:182} INFO - Started process (PID=21107) to work on /home/airflow/sandbox/lib/python3.8/site-packages/airflow/example_dags/example_short_circuit_operator.py
[2021-06-25 09:49:42,559] {scheduler_job.py:633} INFO - Processing file /home/airflow/sandbox/lib/python3.8/site-packages/airflow/example_dags/example_short_circuit_operator.py for tasks to queue
[2021-06-25 09:49:42,560] {logging_mixin.py:104} INFO - [2021-06-25 09:49:42,560] {dagbag.py:487} INFO - Filling up the DagBag from /home/airflow/sandbox/lib/python3.8/site-packages/airflow/example_dags/example_short_circuit_operator.py
[2021-06-25 09:49:42,585] {scheduler_job.py:643} INFO - DAG(s) dict_keys(['example_short_circuit_operator']) retrieved from /home/airflow/sandbox/lib/python3.8/site-packages/airflow/example_dags/example_short_circuit_operator.py
[2021-06-25 09:49:42,643] {logging_mixin.py:104} INFO - [2021-06-25 09:49:42,643] {dag.py:1832} INFO - Sync 1 DAGs
[2021-06-25 09:49:42,678] {logging_mixin.py:104} INFO - [2021-06-25 09:49:42,678] {dag.py:2305} INFO - Setting next_dagrun for example_short_circuit_operator to 2021-06-23 00:00:00+00:00
[2021-06-25 09:49:42,727] {scheduler_job.py:190} INFO - Processing /home/airflow/sandbox/lib/python3.8/site-packages/airflow/example_dags/example_short_circuit_operator.py took 0.183 seconds
[2021-06-25 09:50:13,732] {scheduler_job.py:182} INFO - Started process (PID=21306) to work on /home/airflow/sandbox/lib/python3.8/site-packages/airflow/example_dags/example_short_circuit_operator.py
[2021-06-25 09:50:13,752] {scheduler_job.py:633} INFO - Processing file /home/airflow/sandbox/lib/python3.8/site-packages/airflow/example_dags/example_short_circuit_operator.py for tasks to queue
[2021-06-25 09:50:13,757] {logging_mixin.py:104} INFO - [2021-06-25 09:50:13,756] {dagbag.py:487} INFO - Filling up the DagBag from /home/airflow/sandbox/lib/python3.8/site-packages/airflow/example_dags/example_short_circuit_operator.py
[2021-06-25 09:50:13,857] {scheduler_job.py:643} INFO - DAG(s) dict_keys(['example_short_circuit_operator']) retrieved from /home/airflow/sandbox/lib/python3.8/site-packages/airflow/example_dags/example_short_circuit_operator.py
[2021-06-25 09:50:14,033] {logging_mixin.py:104} INFO - [2021-06-25 09:50:14,033] {dag.py:1832} INFO - Sync 1 DAGs
[2021-06-25 09:50:14,116] {logging_mixin.py:104} INFO - [2021-06-25 09:50:14,116] {dag.py:2305} INFO - Setting next_dagrun for example_short_circuit_operator to 2021-06-23 00:00:00+00:00
[2021-06-25 09:50:14,225] {scheduler_job.py:190} INFO - Processing /home/airflow/sandbox/lib/python3.8/site-packages/airflow/example_dags/example_short_circuit_operator.py took 0.581 seconds
[2021-06-25 09:50:44,537] {scheduler_job.py:182} INFO - Started process (PID=21507) to work on /home/airflow/sandbox/lib/python3.8/site-packages/airflow/example_dags/example_short_circuit_operator.py
[2021-06-25 09:50:44,539] {scheduler_job.py:633} INFO - Processing file /home/airflow/sandbox/lib/python3.8/site-packages/airflow/example_dags/example_short_circuit_operator.py for tasks to queue
[2021-06-25 09:50:44,540] {logging_mixin.py:104} INFO - [2021-06-25 09:50:44,540] {dagbag.py:487} INFO - Filling up the DagBag from /home/airflow/sandbox/lib/python3.8/site-packages/airflow/example_dags/example_short_circuit_operator.py
[2021-06-25 09:50:44,569] {scheduler_job.py:643} INFO - DAG(s) dict_keys(['example_short_circuit_operator']) retrieved from /home/airflow/sandbox/lib/python3.8/site-packages/airflow/example_dags/example_short_circuit_operator.py
[2021-06-25 09:50:44,635] {logging_mixin.py:104} INFO - [2021-06-25 09:50:44,635] {dag.py:1832} INFO - Sync 1 DAGs
[2021-06-25 09:50:44,662] {logging_mixin.py:104} INFO - [2021-06-25 09:50:44,662] {dag.py:2305} INFO - Setting next_dagrun for example_short_circuit_operator to 2021-06-23 00:00:00+00:00
[2021-06-25 09:50:44,679] {scheduler_job.py:190} INFO - Processing /home/airflow/sandbox/lib/python3.8/site-packages/airflow/example_dags/example_short_circuit_operator.py took 0.150 seconds
[2021-06-25 09:51:15,256] {scheduler_job.py:182} INFO - Started process (PID=21705) to work on /home/airflow/sandbox/lib/python3.8/site-packages/airflow/example_dags/example_short_circuit_operator.py
[2021-06-25 09:51:15,257] {scheduler_job.py:633} INFO - Processing file /home/airflow/sandbox/lib/python3.8/site-packages/airflow/example_dags/example_short_circuit_operator.py for tasks to queue
[2021-06-25 09:51:15,259] {logging_mixin.py:104} INFO - [2021-06-25 09:51:15,259] {dagbag.py:487} INFO - Filling up the DagBag from /home/airflow/sandbox/lib/python3.8/site-packages/airflow/example_dags/example_short_circuit_operator.py
[2021-06-25 09:51:15,307] {scheduler_job.py:643} INFO - DAG(s) dict_keys(['example_short_circuit_operator']) retrieved from /home/airflow/sandbox/lib/python3.8/site-packages/airflow/example_dags/example_short_circuit_operator.py
[2021-06-25 09:51:15,354] {logging_mixin.py:104} INFO - [2021-06-25 09:51:15,354] {dag.py:1832} INFO - Sync 1 DAGs
[2021-06-25 09:51:15,378] {logging_mixin.py:104} INFO - [2021-06-25 09:51:15,378] {dag.py:2305} INFO - Setting next_dagrun for example_short_circuit_operator to 2021-06-23 00:00:00+00:00
[2021-06-25 09:51:15,393] {scheduler_job.py:190} INFO - Processing /home/airflow/sandbox/lib/python3.8/site-packages/airflow/example_dags/example_short_circuit_operator.py took 0.140 seconds
[2021-06-25 09:51:46,046] {scheduler_job.py:182} INFO - Started process (PID=21912) to work on /home/airflow/sandbox/lib/python3.8/site-packages/airflow/example_dags/example_short_circuit_operator.py
[2021-06-25 09:51:46,050] {scheduler_job.py:633} INFO - Processing file /home/airflow/sandbox/lib/python3.8/site-packages/airflow/example_dags/example_short_circuit_operator.py for tasks to queue
[2021-06-25 09:51:46,052] {logging_mixin.py:104} INFO - [2021-06-25 09:51:46,052] {dagbag.py:487} INFO - Filling up the DagBag from /home/airflow/sandbox/lib/python3.8/site-packages/airflow/example_dags/example_short_circuit_operator.py
[2021-06-25 09:51:46,075] {scheduler_job.py:643} INFO - DAG(s) dict_keys(['example_short_circuit_operator']) retrieved from /home/airflow/sandbox/lib/python3.8/site-packages/airflow/example_dags/example_short_circuit_operator.py
[2021-06-25 09:51:46,114] {logging_mixin.py:104} INFO - [2021-06-25 09:51:46,113] {dag.py:1832} INFO - Sync 1 DAGs
[2021-06-25 09:51:46,132] {logging_mixin.py:104} INFO - [2021-06-25 09:51:46,132] {dag.py:2305} INFO - Setting next_dagrun for example_short_circuit_operator to 2021-06-23 00:00:00+00:00
[2021-06-25 09:51:46,146] {scheduler_job.py:190} INFO - Processing /home/airflow/sandbox/lib/python3.8/site-packages/airflow/example_dags/example_short_circuit_operator.py took 0.105 seconds
[2021-06-25 09:52:16,816] {scheduler_job.py:182} INFO - Started process (PID=22111) to work on /home/airflow/sandbox/lib/python3.8/site-packages/airflow/example_dags/example_short_circuit_operator.py
[2021-06-25 09:52:16,820] {scheduler_job.py:633} INFO - Processing file /home/airflow/sandbox/lib/python3.8/site-packages/airflow/example_dags/example_short_circuit_operator.py for tasks to queue
[2021-06-25 09:52:16,822] {logging_mixin.py:104} INFO - [2021-06-25 09:52:16,822] {dagbag.py:487} INFO - Filling up the DagBag from /home/airflow/sandbox/lib/python3.8/site-packages/airflow/example_dags/example_short_circuit_operator.py
[2021-06-25 09:52:16,853] {scheduler_job.py:643} INFO - DAG(s) dict_keys(['example_short_circuit_operator']) retrieved from /home/airflow/sandbox/lib/python3.8/site-packages/airflow/example_dags/example_short_circuit_operator.py
[2021-06-25 09:52:16,896] {logging_mixin.py:104} INFO - [2021-06-25 09:52:16,896] {dag.py:1832} INFO - Sync 1 DAGs
[2021-06-25 09:52:16,923] {logging_mixin.py:104} INFO - [2021-06-25 09:52:16,923] {dag.py:2305} INFO - Setting next_dagrun for example_short_circuit_operator to 2021-06-23 00:00:00+00:00
[2021-06-25 09:52:16,939] {scheduler_job.py:190} INFO - Processing /home/airflow/sandbox/lib/python3.8/site-packages/airflow/example_dags/example_short_circuit_operator.py took 0.129 seconds
[2021-06-25 09:52:48,195] {scheduler_job.py:182} INFO - Started process (PID=22308) to work on /home/airflow/sandbox/lib/python3.8/site-packages/airflow/example_dags/example_short_circuit_operator.py
[2021-06-25 09:52:48,196] {scheduler_job.py:633} INFO - Processing file /home/airflow/sandbox/lib/python3.8/site-packages/airflow/example_dags/example_short_circuit_operator.py for tasks to queue
[2021-06-25 09:52:48,197] {logging_mixin.py:104} INFO - [2021-06-25 09:52:48,197] {dagbag.py:487} INFO - Filling up the DagBag from /home/airflow/sandbox/lib/python3.8/site-packages/airflow/example_dags/example_short_circuit_operator.py
[2021-06-25 09:52:48,219] {scheduler_job.py:643} INFO - DAG(s) dict_keys(['example_short_circuit_operator']) retrieved from /home/airflow/sandbox/lib/python3.8/site-packages/airflow/example_dags/example_short_circuit_operator.py
[2021-06-25 09:52:48,304] {logging_mixin.py:104} INFO - [2021-06-25 09:52:48,304] {dag.py:1832} INFO - Sync 1 DAGs
[2021-06-25 09:52:48,332] {logging_mixin.py:104} INFO - [2021-06-25 09:52:48,332] {dag.py:2305} INFO - Setting next_dagrun for example_short_circuit_operator to 2021-06-23 00:00:00+00:00
[2021-06-25 09:52:48,353] {scheduler_job.py:190} INFO - Processing /home/airflow/sandbox/lib/python3.8/site-packages/airflow/example_dags/example_short_circuit_operator.py took 0.162 seconds
[2021-06-25 09:53:19,182] {scheduler_job.py:182} INFO - Started process (PID=22508) to work on /home/airflow/sandbox/lib/python3.8/site-packages/airflow/example_dags/example_short_circuit_operator.py
[2021-06-25 09:53:19,187] {scheduler_job.py:633} INFO - Processing file /home/airflow/sandbox/lib/python3.8/site-packages/airflow/example_dags/example_short_circuit_operator.py for tasks to queue
[2021-06-25 09:53:19,188] {logging_mixin.py:104} INFO - [2021-06-25 09:53:19,188] {dagbag.py:487} INFO - Filling up the DagBag from /home/airflow/sandbox/lib/python3.8/site-packages/airflow/example_dags/example_short_circuit_operator.py
[2021-06-25 09:53:19,229] {scheduler_job.py:643} INFO - DAG(s) dict_keys(['example_short_circuit_operator']) retrieved from /home/airflow/sandbox/lib/python3.8/site-packages/airflow/example_dags/example_short_circuit_operator.py
[2021-06-25 09:53:19,287] {logging_mixin.py:104} INFO - [2021-06-25 09:53:19,287] {dag.py:1832} INFO - Sync 1 DAGs
[2021-06-25 09:53:19,349] {logging_mixin.py:104} INFO - [2021-06-25 09:53:19,348] {dag.py:2305} INFO - Setting next_dagrun for example_short_circuit_operator to 2021-06-23 00:00:00+00:00
[2021-06-25 09:53:19,379] {scheduler_job.py:190} INFO - Processing /home/airflow/sandbox/lib/python3.8/site-packages/airflow/example_dags/example_short_circuit_operator.py took 0.209 seconds
[2021-06-25 09:53:50,389] {scheduler_job.py:182} INFO - Started process (PID=22709) to work on /home/airflow/sandbox/lib/python3.8/site-packages/airflow/example_dags/example_short_circuit_operator.py
[2021-06-25 09:53:50,393] {scheduler_job.py:633} INFO - Processing file /home/airflow/sandbox/lib/python3.8/site-packages/airflow/example_dags/example_short_circuit_operator.py for tasks to queue
[2021-06-25 09:53:50,399] {logging_mixin.py:104} INFO - [2021-06-25 09:53:50,398] {dagbag.py:487} INFO - Filling up the DagBag from /home/airflow/sandbox/lib/python3.8/site-packages/airflow/example_dags/example_short_circuit_operator.py
[2021-06-25 09:53:50,420] {scheduler_job.py:643} INFO - DAG(s) dict_keys(['example_short_circuit_operator']) retrieved from /home/airflow/sandbox/lib/python3.8/site-packages/airflow/example_dags/example_short_circuit_operator.py
[2021-06-25 09:53:50,486] {logging_mixin.py:104} INFO - [2021-06-25 09:53:50,486] {dag.py:1832} INFO - Sync 1 DAGs
[2021-06-25 09:53:50,517] {logging_mixin.py:104} INFO - [2021-06-25 09:53:50,517] {dag.py:2305} INFO - Setting next_dagrun for example_short_circuit_operator to 2021-06-23 00:00:00+00:00
[2021-06-25 09:53:50,555] {scheduler_job.py:190} INFO - Processing /home/airflow/sandbox/lib/python3.8/site-packages/airflow/example_dags/example_short_circuit_operator.py took 0.170 seconds
[2021-06-25 09:54:21,871] {scheduler_job.py:182} INFO - Started process (PID=22910) to work on /home/airflow/sandbox/lib/python3.8/site-packages/airflow/example_dags/example_short_circuit_operator.py
[2021-06-25 09:54:21,874] {scheduler_job.py:633} INFO - Processing file /home/airflow/sandbox/lib/python3.8/site-packages/airflow/example_dags/example_short_circuit_operator.py for tasks to queue
[2021-06-25 09:54:21,876] {logging_mixin.py:104} INFO - [2021-06-25 09:54:21,876] {dagbag.py:487} INFO - Filling up the DagBag from /home/airflow/sandbox/lib/python3.8/site-packages/airflow/example_dags/example_short_circuit_operator.py
[2021-06-25 09:54:21,900] {scheduler_job.py:643} INFO - DAG(s) dict_keys(['example_short_circuit_operator']) retrieved from /home/airflow/sandbox/lib/python3.8/site-packages/airflow/example_dags/example_short_circuit_operator.py
[2021-06-25 09:54:21,969] {logging_mixin.py:104} INFO - [2021-06-25 09:54:21,969] {dag.py:1832} INFO - Sync 1 DAGs
[2021-06-25 09:54:21,994] {logging_mixin.py:104} INFO - [2021-06-25 09:54:21,994] {dag.py:2305} INFO - Setting next_dagrun for example_short_circuit_operator to 2021-06-23 00:00:00+00:00
[2021-06-25 09:54:22,015] {scheduler_job.py:190} INFO - Processing /home/airflow/sandbox/lib/python3.8/site-packages/airflow/example_dags/example_short_circuit_operator.py took 0.151 seconds
