[2021-06-25 08:55:27,584] {scheduler_job.py:182} INFO - Started process (PID=2181) to work on /home/airflow/sandbox/lib/python3.8/site-packages/airflow/example_dags/example_branch_day_of_week_operator.py
[2021-06-25 08:55:27,598] {scheduler_job.py:633} INFO - Processing file /home/airflow/sandbox/lib/python3.8/site-packages/airflow/example_dags/example_branch_day_of_week_operator.py for tasks to queue
[2021-06-25 08:55:27,608] {logging_mixin.py:104} INFO - [2021-06-25 08:55:27,608] {dagbag.py:487} INFO - Filling up the DagBag from /home/airflow/sandbox/lib/python3.8/site-packages/airflow/example_dags/example_branch_day_of_week_operator.py
[2021-06-25 08:55:27,685] {scheduler_job.py:643} INFO - DAG(s) dict_keys(['example_weekday_branch_operator']) retrieved from /home/airflow/sandbox/lib/python3.8/site-packages/airflow/example_dags/example_branch_day_of_week_operator.py
[2021-06-25 08:55:31,236] {logging_mixin.py:104} INFO - [2021-06-25 08:55:31,235] {dag.py:1832} INFO - Sync 1 DAGs
[2021-06-25 08:55:31,284] {logging_mixin.py:104} INFO - [2021-06-25 08:55:31,284] {dag.py:2305} INFO - Setting next_dagrun for example_weekday_branch_operator to 2021-06-23 00:00:00+00:00
[2021-06-25 08:55:31,333] {scheduler_job.py:190} INFO - Processing /home/airflow/sandbox/lib/python3.8/site-packages/airflow/example_dags/example_branch_day_of_week_operator.py took 3.756 seconds
[2021-06-25 09:15:20,942] {scheduler_job.py:182} INFO - Started process (PID=3659) to work on /home/airflow/sandbox/lib/python3.8/site-packages/airflow/example_dags/example_branch_day_of_week_operator.py
[2021-06-25 09:15:20,947] {scheduler_job.py:633} INFO - Processing file /home/airflow/sandbox/lib/python3.8/site-packages/airflow/example_dags/example_branch_day_of_week_operator.py for tasks to queue
[2021-06-25 09:15:20,951] {logging_mixin.py:104} INFO - [2021-06-25 09:15:20,951] {dagbag.py:487} INFO - Filling up the DagBag from /home/airflow/sandbox/lib/python3.8/site-packages/airflow/example_dags/example_branch_day_of_week_operator.py
[2021-06-25 09:15:21,006] {scheduler_job.py:643} INFO - DAG(s) dict_keys(['example_weekday_branch_operator']) retrieved from /home/airflow/sandbox/lib/python3.8/site-packages/airflow/example_dags/example_branch_day_of_week_operator.py
[2021-06-25 09:15:21,084] {logging_mixin.py:104} INFO - [2021-06-25 09:15:21,083] {dag.py:1832} INFO - Sync 1 DAGs
[2021-06-25 09:15:21,138] {logging_mixin.py:104} INFO - [2021-06-25 09:15:21,137] {dag.py:2305} INFO - Setting next_dagrun for example_weekday_branch_operator to 2021-06-23 00:00:00+00:00
[2021-06-25 09:15:21,170] {scheduler_job.py:190} INFO - Processing /home/airflow/sandbox/lib/python3.8/site-packages/airflow/example_dags/example_branch_day_of_week_operator.py took 0.233 seconds
[2021-06-25 09:16:01,392] {scheduler_job.py:182} INFO - Started process (PID=3742) to work on /home/airflow/sandbox/lib/python3.8/site-packages/airflow/example_dags/example_branch_day_of_week_operator.py
[2021-06-25 09:16:01,410] {scheduler_job.py:633} INFO - Processing file /home/airflow/sandbox/lib/python3.8/site-packages/airflow/example_dags/example_branch_day_of_week_operator.py for tasks to queue
[2021-06-25 09:16:01,433] {logging_mixin.py:104} INFO - [2021-06-25 09:16:01,422] {dagbag.py:487} INFO - Filling up the DagBag from /home/airflow/sandbox/lib/python3.8/site-packages/airflow/example_dags/example_branch_day_of_week_operator.py
[2021-06-25 09:16:01,595] {scheduler_job.py:643} INFO - DAG(s) dict_keys(['example_weekday_branch_operator']) retrieved from /home/airflow/sandbox/lib/python3.8/site-packages/airflow/example_dags/example_branch_day_of_week_operator.py
[2021-06-25 09:16:01,745] {logging_mixin.py:104} INFO - [2021-06-25 09:16:01,745] {dag.py:1832} INFO - Sync 1 DAGs
[2021-06-25 09:16:01,932] {logging_mixin.py:104} INFO - [2021-06-25 09:16:01,932] {dag.py:2305} INFO - Setting next_dagrun for example_weekday_branch_operator to 2021-06-23 00:00:00+00:00
[2021-06-25 09:16:02,094] {scheduler_job.py:190} INFO - Processing /home/airflow/sandbox/lib/python3.8/site-packages/airflow/example_dags/example_branch_day_of_week_operator.py took 0.747 seconds
[2021-06-25 09:17:17,060] {scheduler_job.py:182} INFO - Started process (PID=4783) to work on /home/airflow/sandbox/lib/python3.8/site-packages/airflow/example_dags/example_branch_day_of_week_operator.py
[2021-06-25 09:17:17,087] {scheduler_job.py:633} INFO - Processing file /home/airflow/sandbox/lib/python3.8/site-packages/airflow/example_dags/example_branch_day_of_week_operator.py for tasks to queue
[2021-06-25 09:17:17,176] {logging_mixin.py:104} INFO - [2021-06-25 09:17:17,152] {dagbag.py:487} INFO - Filling up the DagBag from /home/airflow/sandbox/lib/python3.8/site-packages/airflow/example_dags/example_branch_day_of_week_operator.py
[2021-06-25 09:17:17,457] {scheduler_job.py:643} INFO - DAG(s) dict_keys(['example_weekday_branch_operator']) retrieved from /home/airflow/sandbox/lib/python3.8/site-packages/airflow/example_dags/example_branch_day_of_week_operator.py
[2021-06-25 09:17:18,187] {logging_mixin.py:104} INFO - [2021-06-25 09:17:18,183] {dag.py:1832} INFO - Sync 1 DAGs
[2021-06-25 09:17:18,651] {logging_mixin.py:104} INFO - [2021-06-25 09:17:18,650] {dag.py:2305} INFO - Setting next_dagrun for example_weekday_branch_operator to 2021-06-23 00:00:00+00:00
[2021-06-25 09:17:18,903] {scheduler_job.py:190} INFO - Processing /home/airflow/sandbox/lib/python3.8/site-packages/airflow/example_dags/example_branch_day_of_week_operator.py took 1.919 seconds
[2021-06-25 09:17:53,310] {scheduler_job.py:182} INFO - Started process (PID=5756) to work on /home/airflow/sandbox/lib/python3.8/site-packages/airflow/example_dags/example_branch_day_of_week_operator.py
[2021-06-25 09:17:53,387] {scheduler_job.py:633} INFO - Processing file /home/airflow/sandbox/lib/python3.8/site-packages/airflow/example_dags/example_branch_day_of_week_operator.py for tasks to queue
[2021-06-25 09:17:53,389] {logging_mixin.py:104} INFO - [2021-06-25 09:17:53,389] {dagbag.py:487} INFO - Filling up the DagBag from /home/airflow/sandbox/lib/python3.8/site-packages/airflow/example_dags/example_branch_day_of_week_operator.py
[2021-06-25 09:17:53,846] {scheduler_job.py:643} INFO - DAG(s) dict_keys(['example_weekday_branch_operator']) retrieved from /home/airflow/sandbox/lib/python3.8/site-packages/airflow/example_dags/example_branch_day_of_week_operator.py
[2021-06-25 09:17:54,256] {logging_mixin.py:104} INFO - [2021-06-25 09:17:54,256] {dag.py:1832} INFO - Sync 1 DAGs
[2021-06-25 09:17:54,539] {logging_mixin.py:104} INFO - [2021-06-25 09:17:54,539] {dag.py:2305} INFO - Setting next_dagrun for example_weekday_branch_operator to 2021-06-23 00:00:00+00:00
[2021-06-25 09:17:54,712] {scheduler_job.py:190} INFO - Processing /home/airflow/sandbox/lib/python3.8/site-packages/airflow/example_dags/example_branch_day_of_week_operator.py took 1.504 seconds
[2021-06-25 09:18:37,762] {scheduler_job.py:182} INFO - Started process (PID=6937) to work on /home/airflow/sandbox/lib/python3.8/site-packages/airflow/example_dags/example_branch_day_of_week_operator.py
[2021-06-25 09:18:37,791] {scheduler_job.py:633} INFO - Processing file /home/airflow/sandbox/lib/python3.8/site-packages/airflow/example_dags/example_branch_day_of_week_operator.py for tasks to queue
[2021-06-25 09:18:37,806] {logging_mixin.py:104} INFO - [2021-06-25 09:18:37,806] {dagbag.py:487} INFO - Filling up the DagBag from /home/airflow/sandbox/lib/python3.8/site-packages/airflow/example_dags/example_branch_day_of_week_operator.py
[2021-06-25 09:18:37,933] {scheduler_job.py:643} INFO - DAG(s) dict_keys(['example_weekday_branch_operator']) retrieved from /home/airflow/sandbox/lib/python3.8/site-packages/airflow/example_dags/example_branch_day_of_week_operator.py
[2021-06-25 09:18:38,152] {logging_mixin.py:104} INFO - [2021-06-25 09:18:38,151] {dag.py:1832} INFO - Sync 1 DAGs
[2021-06-25 09:18:38,389] {logging_mixin.py:104} INFO - [2021-06-25 09:18:38,388] {dag.py:2305} INFO - Setting next_dagrun for example_weekday_branch_operator to 2021-06-23 00:00:00+00:00
[2021-06-25 09:18:38,582] {scheduler_job.py:190} INFO - Processing /home/airflow/sandbox/lib/python3.8/site-packages/airflow/example_dags/example_branch_day_of_week_operator.py took 0.835 seconds
[2021-06-25 09:19:32,429] {scheduler_job.py:182} INFO - Started process (PID=8430) to work on /home/airflow/sandbox/lib/python3.8/site-packages/airflow/example_dags/example_branch_day_of_week_operator.py
[2021-06-25 09:19:32,438] {scheduler_job.py:633} INFO - Processing file /home/airflow/sandbox/lib/python3.8/site-packages/airflow/example_dags/example_branch_day_of_week_operator.py for tasks to queue
[2021-06-25 09:19:32,482] {logging_mixin.py:104} INFO - [2021-06-25 09:19:32,439] {dagbag.py:487} INFO - Filling up the DagBag from /home/airflow/sandbox/lib/python3.8/site-packages/airflow/example_dags/example_branch_day_of_week_operator.py
[2021-06-25 09:19:32,779] {scheduler_job.py:643} INFO - DAG(s) dict_keys(['example_weekday_branch_operator']) retrieved from /home/airflow/sandbox/lib/python3.8/site-packages/airflow/example_dags/example_branch_day_of_week_operator.py
[2021-06-25 09:19:33,181] {logging_mixin.py:104} INFO - [2021-06-25 09:19:33,181] {dag.py:1832} INFO - Sync 1 DAGs
[2021-06-25 09:19:33,710] {logging_mixin.py:104} INFO - [2021-06-25 09:19:33,710] {dag.py:2305} INFO - Setting next_dagrun for example_weekday_branch_operator to 2021-06-23 00:00:00+00:00
[2021-06-25 09:19:33,948] {scheduler_job.py:190} INFO - Processing /home/airflow/sandbox/lib/python3.8/site-packages/airflow/example_dags/example_branch_day_of_week_operator.py took 1.642 seconds
[2021-06-25 09:20:13,467] {scheduler_job.py:182} INFO - Started process (PID=9640) to work on /home/airflow/sandbox/lib/python3.8/site-packages/airflow/example_dags/example_branch_day_of_week_operator.py
[2021-06-25 09:20:13,478] {scheduler_job.py:633} INFO - Processing file /home/airflow/sandbox/lib/python3.8/site-packages/airflow/example_dags/example_branch_day_of_week_operator.py for tasks to queue
[2021-06-25 09:20:13,489] {logging_mixin.py:104} INFO - [2021-06-25 09:20:13,489] {dagbag.py:487} INFO - Filling up the DagBag from /home/airflow/sandbox/lib/python3.8/site-packages/airflow/example_dags/example_branch_day_of_week_operator.py
[2021-06-25 09:20:13,798] {scheduler_job.py:643} INFO - DAG(s) dict_keys(['example_weekday_branch_operator']) retrieved from /home/airflow/sandbox/lib/python3.8/site-packages/airflow/example_dags/example_branch_day_of_week_operator.py
[2021-06-25 09:20:14,204] {logging_mixin.py:104} INFO - [2021-06-25 09:20:14,204] {dag.py:1832} INFO - Sync 1 DAGs
[2021-06-25 09:20:14,467] {logging_mixin.py:104} INFO - [2021-06-25 09:20:14,467] {dag.py:2305} INFO - Setting next_dagrun for example_weekday_branch_operator to 2021-06-23 00:00:00+00:00
[2021-06-25 09:20:14,567] {scheduler_job.py:190} INFO - Processing /home/airflow/sandbox/lib/python3.8/site-packages/airflow/example_dags/example_branch_day_of_week_operator.py took 1.125 seconds
[2021-06-25 09:20:44,937] {scheduler_job.py:182} INFO - Started process (PID=9927) to work on /home/airflow/sandbox/lib/python3.8/site-packages/airflow/example_dags/example_branch_day_of_week_operator.py
[2021-06-25 09:20:44,940] {scheduler_job.py:633} INFO - Processing file /home/airflow/sandbox/lib/python3.8/site-packages/airflow/example_dags/example_branch_day_of_week_operator.py for tasks to queue
[2021-06-25 09:20:44,941] {logging_mixin.py:104} INFO - [2021-06-25 09:20:44,941] {dagbag.py:487} INFO - Filling up the DagBag from /home/airflow/sandbox/lib/python3.8/site-packages/airflow/example_dags/example_branch_day_of_week_operator.py
[2021-06-25 09:20:44,955] {scheduler_job.py:643} INFO - DAG(s) dict_keys(['example_weekday_branch_operator']) retrieved from /home/airflow/sandbox/lib/python3.8/site-packages/airflow/example_dags/example_branch_day_of_week_operator.py
[2021-06-25 09:20:44,995] {logging_mixin.py:104} INFO - [2021-06-25 09:20:44,995] {dag.py:1832} INFO - Sync 1 DAGs
[2021-06-25 09:20:45,022] {logging_mixin.py:104} INFO - [2021-06-25 09:20:45,022] {dag.py:2305} INFO - Setting next_dagrun for example_weekday_branch_operator to 2021-06-23 00:00:00+00:00
[2021-06-25 09:20:45,038] {scheduler_job.py:190} INFO - Processing /home/airflow/sandbox/lib/python3.8/site-packages/airflow/example_dags/example_branch_day_of_week_operator.py took 0.107 seconds
[2021-06-25 09:21:15,368] {scheduler_job.py:182} INFO - Started process (PID=9996) to work on /home/airflow/sandbox/lib/python3.8/site-packages/airflow/example_dags/example_branch_day_of_week_operator.py
[2021-06-25 09:21:15,372] {scheduler_job.py:633} INFO - Processing file /home/airflow/sandbox/lib/python3.8/site-packages/airflow/example_dags/example_branch_day_of_week_operator.py for tasks to queue
[2021-06-25 09:21:15,375] {logging_mixin.py:104} INFO - [2021-06-25 09:21:15,375] {dagbag.py:487} INFO - Filling up the DagBag from /home/airflow/sandbox/lib/python3.8/site-packages/airflow/example_dags/example_branch_day_of_week_operator.py
[2021-06-25 09:21:15,392] {scheduler_job.py:643} INFO - DAG(s) dict_keys(['example_weekday_branch_operator']) retrieved from /home/airflow/sandbox/lib/python3.8/site-packages/airflow/example_dags/example_branch_day_of_week_operator.py
[2021-06-25 09:21:15,449] {logging_mixin.py:104} INFO - [2021-06-25 09:21:15,449] {dag.py:1832} INFO - Sync 1 DAGs
[2021-06-25 09:21:15,476] {logging_mixin.py:104} INFO - [2021-06-25 09:21:15,476] {dag.py:2305} INFO - Setting next_dagrun for example_weekday_branch_operator to 2021-06-23 00:00:00+00:00
[2021-06-25 09:21:15,498] {scheduler_job.py:190} INFO - Processing /home/airflow/sandbox/lib/python3.8/site-packages/airflow/example_dags/example_branch_day_of_week_operator.py took 0.133 seconds
[2021-06-25 09:21:45,682] {scheduler_job.py:182} INFO - Started process (PID=10064) to work on /home/airflow/sandbox/lib/python3.8/site-packages/airflow/example_dags/example_branch_day_of_week_operator.py
[2021-06-25 09:21:45,685] {scheduler_job.py:633} INFO - Processing file /home/airflow/sandbox/lib/python3.8/site-packages/airflow/example_dags/example_branch_day_of_week_operator.py for tasks to queue
[2021-06-25 09:21:45,688] {logging_mixin.py:104} INFO - [2021-06-25 09:21:45,688] {dagbag.py:487} INFO - Filling up the DagBag from /home/airflow/sandbox/lib/python3.8/site-packages/airflow/example_dags/example_branch_day_of_week_operator.py
[2021-06-25 09:21:45,705] {scheduler_job.py:643} INFO - DAG(s) dict_keys(['example_weekday_branch_operator']) retrieved from /home/airflow/sandbox/lib/python3.8/site-packages/airflow/example_dags/example_branch_day_of_week_operator.py
[2021-06-25 09:21:45,744] {logging_mixin.py:104} INFO - [2021-06-25 09:21:45,744] {dag.py:1832} INFO - Sync 1 DAGs
[2021-06-25 09:21:45,777] {logging_mixin.py:104} INFO - [2021-06-25 09:21:45,777] {dag.py:2305} INFO - Setting next_dagrun for example_weekday_branch_operator to 2021-06-23 00:00:00+00:00
[2021-06-25 09:21:45,791] {scheduler_job.py:190} INFO - Processing /home/airflow/sandbox/lib/python3.8/site-packages/airflow/example_dags/example_branch_day_of_week_operator.py took 0.113 seconds
[2021-06-25 09:22:15,844] {scheduler_job.py:182} INFO - Started process (PID=10138) to work on /home/airflow/sandbox/lib/python3.8/site-packages/airflow/example_dags/example_branch_day_of_week_operator.py
[2021-06-25 09:22:15,850] {scheduler_job.py:633} INFO - Processing file /home/airflow/sandbox/lib/python3.8/site-packages/airflow/example_dags/example_branch_day_of_week_operator.py for tasks to queue
[2021-06-25 09:22:15,853] {logging_mixin.py:104} INFO - [2021-06-25 09:22:15,853] {dagbag.py:487} INFO - Filling up the DagBag from /home/airflow/sandbox/lib/python3.8/site-packages/airflow/example_dags/example_branch_day_of_week_operator.py
[2021-06-25 09:22:15,869] {scheduler_job.py:643} INFO - DAG(s) dict_keys(['example_weekday_branch_operator']) retrieved from /home/airflow/sandbox/lib/python3.8/site-packages/airflow/example_dags/example_branch_day_of_week_operator.py
[2021-06-25 09:22:15,925] {logging_mixin.py:104} INFO - [2021-06-25 09:22:15,925] {dag.py:1832} INFO - Sync 1 DAGs
[2021-06-25 09:22:15,960] {logging_mixin.py:104} INFO - [2021-06-25 09:22:15,960] {dag.py:2305} INFO - Setting next_dagrun for example_weekday_branch_operator to 2021-06-23 00:00:00+00:00
[2021-06-25 09:22:15,975] {scheduler_job.py:190} INFO - Processing /home/airflow/sandbox/lib/python3.8/site-packages/airflow/example_dags/example_branch_day_of_week_operator.py took 0.135 seconds
[2021-06-25 09:22:46,469] {scheduler_job.py:182} INFO - Started process (PID=10206) to work on /home/airflow/sandbox/lib/python3.8/site-packages/airflow/example_dags/example_branch_day_of_week_operator.py
[2021-06-25 09:22:46,474] {scheduler_job.py:633} INFO - Processing file /home/airflow/sandbox/lib/python3.8/site-packages/airflow/example_dags/example_branch_day_of_week_operator.py for tasks to queue
[2021-06-25 09:22:46,477] {logging_mixin.py:104} INFO - [2021-06-25 09:22:46,477] {dagbag.py:487} INFO - Filling up the DagBag from /home/airflow/sandbox/lib/python3.8/site-packages/airflow/example_dags/example_branch_day_of_week_operator.py
[2021-06-25 09:22:46,493] {scheduler_job.py:643} INFO - DAG(s) dict_keys(['example_weekday_branch_operator']) retrieved from /home/airflow/sandbox/lib/python3.8/site-packages/airflow/example_dags/example_branch_day_of_week_operator.py
[2021-06-25 09:22:46,524] {logging_mixin.py:104} INFO - [2021-06-25 09:22:46,524] {dag.py:1832} INFO - Sync 1 DAGs
[2021-06-25 09:22:46,551] {logging_mixin.py:104} INFO - [2021-06-25 09:22:46,551] {dag.py:2305} INFO - Setting next_dagrun for example_weekday_branch_operator to 2021-06-23 00:00:00+00:00
[2021-06-25 09:22:46,565] {scheduler_job.py:190} INFO - Processing /home/airflow/sandbox/lib/python3.8/site-packages/airflow/example_dags/example_branch_day_of_week_operator.py took 0.100 seconds
[2021-06-25 09:24:06,478] {scheduler_job.py:182} INFO - Started process (PID=10487) to work on /home/airflow/sandbox/lib/python3.8/site-packages/airflow/example_dags/example_branch_day_of_week_operator.py
[2021-06-25 09:24:06,482] {scheduler_job.py:633} INFO - Processing file /home/airflow/sandbox/lib/python3.8/site-packages/airflow/example_dags/example_branch_day_of_week_operator.py for tasks to queue
[2021-06-25 09:24:06,484] {logging_mixin.py:104} INFO - [2021-06-25 09:24:06,484] {dagbag.py:487} INFO - Filling up the DagBag from /home/airflow/sandbox/lib/python3.8/site-packages/airflow/example_dags/example_branch_day_of_week_operator.py
[2021-06-25 09:24:06,508] {scheduler_job.py:643} INFO - DAG(s) dict_keys(['example_weekday_branch_operator']) retrieved from /home/airflow/sandbox/lib/python3.8/site-packages/airflow/example_dags/example_branch_day_of_week_operator.py
[2021-06-25 09:24:06,558] {logging_mixin.py:104} INFO - [2021-06-25 09:24:06,558] {dag.py:1832} INFO - Sync 1 DAGs
[2021-06-25 09:24:06,602] {logging_mixin.py:104} INFO - [2021-06-25 09:24:06,602] {dag.py:2305} INFO - Setting next_dagrun for example_weekday_branch_operator to 2021-06-23 00:00:00+00:00
[2021-06-25 09:24:06,620] {scheduler_job.py:190} INFO - Processing /home/airflow/sandbox/lib/python3.8/site-packages/airflow/example_dags/example_branch_day_of_week_operator.py took 0.148 seconds
[2021-06-25 09:24:37,634] {scheduler_job.py:182} INFO - Started process (PID=10701) to work on /home/airflow/sandbox/lib/python3.8/site-packages/airflow/example_dags/example_branch_day_of_week_operator.py
[2021-06-25 09:24:37,635] {scheduler_job.py:633} INFO - Processing file /home/airflow/sandbox/lib/python3.8/site-packages/airflow/example_dags/example_branch_day_of_week_operator.py for tasks to queue
[2021-06-25 09:24:37,635] {logging_mixin.py:104} INFO - [2021-06-25 09:24:37,635] {dagbag.py:487} INFO - Filling up the DagBag from /home/airflow/sandbox/lib/python3.8/site-packages/airflow/example_dags/example_branch_day_of_week_operator.py
[2021-06-25 09:24:37,665] {scheduler_job.py:643} INFO - DAG(s) dict_keys(['example_weekday_branch_operator']) retrieved from /home/airflow/sandbox/lib/python3.8/site-packages/airflow/example_dags/example_branch_day_of_week_operator.py
[2021-06-25 09:24:37,713] {logging_mixin.py:104} INFO - [2021-06-25 09:24:37,713] {dag.py:1832} INFO - Sync 1 DAGs
[2021-06-25 09:24:37,748] {logging_mixin.py:104} INFO - [2021-06-25 09:24:37,747] {dag.py:2305} INFO - Setting next_dagrun for example_weekday_branch_operator to 2021-06-23 00:00:00+00:00
[2021-06-25 09:24:37,769] {scheduler_job.py:190} INFO - Processing /home/airflow/sandbox/lib/python3.8/site-packages/airflow/example_dags/example_branch_day_of_week_operator.py took 0.141 seconds
[2021-06-25 09:25:08,749] {scheduler_job.py:182} INFO - Started process (PID=10904) to work on /home/airflow/sandbox/lib/python3.8/site-packages/airflow/example_dags/example_branch_day_of_week_operator.py
[2021-06-25 09:25:08,751] {scheduler_job.py:633} INFO - Processing file /home/airflow/sandbox/lib/python3.8/site-packages/airflow/example_dags/example_branch_day_of_week_operator.py for tasks to queue
[2021-06-25 09:25:08,752] {logging_mixin.py:104} INFO - [2021-06-25 09:25:08,752] {dagbag.py:487} INFO - Filling up the DagBag from /home/airflow/sandbox/lib/python3.8/site-packages/airflow/example_dags/example_branch_day_of_week_operator.py
[2021-06-25 09:25:08,776] {scheduler_job.py:643} INFO - DAG(s) dict_keys(['example_weekday_branch_operator']) retrieved from /home/airflow/sandbox/lib/python3.8/site-packages/airflow/example_dags/example_branch_day_of_week_operator.py
[2021-06-25 09:25:08,834] {logging_mixin.py:104} INFO - [2021-06-25 09:25:08,834] {dag.py:1832} INFO - Sync 1 DAGs
[2021-06-25 09:25:08,856] {logging_mixin.py:104} INFO - [2021-06-25 09:25:08,856] {dag.py:2305} INFO - Setting next_dagrun for example_weekday_branch_operator to 2021-06-23 00:00:00+00:00
[2021-06-25 09:25:08,872] {scheduler_job.py:190} INFO - Processing /home/airflow/sandbox/lib/python3.8/site-packages/airflow/example_dags/example_branch_day_of_week_operator.py took 0.131 seconds
[2021-06-25 09:25:39,657] {scheduler_job.py:182} INFO - Started process (PID=11104) to work on /home/airflow/sandbox/lib/python3.8/site-packages/airflow/example_dags/example_branch_day_of_week_operator.py
[2021-06-25 09:25:39,660] {scheduler_job.py:633} INFO - Processing file /home/airflow/sandbox/lib/python3.8/site-packages/airflow/example_dags/example_branch_day_of_week_operator.py for tasks to queue
[2021-06-25 09:25:39,663] {logging_mixin.py:104} INFO - [2021-06-25 09:25:39,662] {dagbag.py:487} INFO - Filling up the DagBag from /home/airflow/sandbox/lib/python3.8/site-packages/airflow/example_dags/example_branch_day_of_week_operator.py
[2021-06-25 09:25:39,693] {scheduler_job.py:643} INFO - DAG(s) dict_keys(['example_weekday_branch_operator']) retrieved from /home/airflow/sandbox/lib/python3.8/site-packages/airflow/example_dags/example_branch_day_of_week_operator.py
[2021-06-25 09:25:39,740] {logging_mixin.py:104} INFO - [2021-06-25 09:25:39,740] {dag.py:1832} INFO - Sync 1 DAGs
[2021-06-25 09:25:39,765] {logging_mixin.py:104} INFO - [2021-06-25 09:25:39,765] {dag.py:2305} INFO - Setting next_dagrun for example_weekday_branch_operator to 2021-06-23 00:00:00+00:00
[2021-06-25 09:25:39,782] {scheduler_job.py:190} INFO - Processing /home/airflow/sandbox/lib/python3.8/site-packages/airflow/example_dags/example_branch_day_of_week_operator.py took 0.129 seconds
[2021-06-25 09:26:10,716] {scheduler_job.py:182} INFO - Started process (PID=11297) to work on /home/airflow/sandbox/lib/python3.8/site-packages/airflow/example_dags/example_branch_day_of_week_operator.py
[2021-06-25 09:26:10,718] {scheduler_job.py:633} INFO - Processing file /home/airflow/sandbox/lib/python3.8/site-packages/airflow/example_dags/example_branch_day_of_week_operator.py for tasks to queue
[2021-06-25 09:26:10,719] {logging_mixin.py:104} INFO - [2021-06-25 09:26:10,719] {dagbag.py:487} INFO - Filling up the DagBag from /home/airflow/sandbox/lib/python3.8/site-packages/airflow/example_dags/example_branch_day_of_week_operator.py
[2021-06-25 09:26:10,749] {scheduler_job.py:643} INFO - DAG(s) dict_keys(['example_weekday_branch_operator']) retrieved from /home/airflow/sandbox/lib/python3.8/site-packages/airflow/example_dags/example_branch_day_of_week_operator.py
[2021-06-25 09:26:10,817] {logging_mixin.py:104} INFO - [2021-06-25 09:26:10,817] {dag.py:1832} INFO - Sync 1 DAGs
[2021-06-25 09:26:10,854] {logging_mixin.py:104} INFO - [2021-06-25 09:26:10,854] {dag.py:2305} INFO - Setting next_dagrun for example_weekday_branch_operator to 2021-06-23 00:00:00+00:00
[2021-06-25 09:26:10,917] {scheduler_job.py:190} INFO - Processing /home/airflow/sandbox/lib/python3.8/site-packages/airflow/example_dags/example_branch_day_of_week_operator.py took 0.205 seconds
[2021-06-25 09:27:04,521] {scheduler_job.py:182} INFO - Started process (PID=11654) to work on /home/airflow/sandbox/lib/python3.8/site-packages/airflow/example_dags/example_branch_day_of_week_operator.py
[2021-06-25 09:27:04,533] {scheduler_job.py:633} INFO - Processing file /home/airflow/sandbox/lib/python3.8/site-packages/airflow/example_dags/example_branch_day_of_week_operator.py for tasks to queue
[2021-06-25 09:27:04,534] {logging_mixin.py:104} INFO - [2021-06-25 09:27:04,534] {dagbag.py:487} INFO - Filling up the DagBag from /home/airflow/sandbox/lib/python3.8/site-packages/airflow/example_dags/example_branch_day_of_week_operator.py
[2021-06-25 09:27:04,612] {scheduler_job.py:643} INFO - DAG(s) dict_keys(['example_weekday_branch_operator']) retrieved from /home/airflow/sandbox/lib/python3.8/site-packages/airflow/example_dags/example_branch_day_of_week_operator.py
[2021-06-25 09:27:04,766] {logging_mixin.py:104} INFO - [2021-06-25 09:27:04,765] {dag.py:1832} INFO - Sync 1 DAGs
[2021-06-25 09:27:04,817] {logging_mixin.py:104} INFO - [2021-06-25 09:27:04,816] {dag.py:2305} INFO - Setting next_dagrun for example_weekday_branch_operator to 2021-06-23 00:00:00+00:00
[2021-06-25 09:27:04,853] {scheduler_job.py:190} INFO - Processing /home/airflow/sandbox/lib/python3.8/site-packages/airflow/example_dags/example_branch_day_of_week_operator.py took 0.358 seconds
[2021-06-25 09:27:36,157] {scheduler_job.py:182} INFO - Started process (PID=11869) to work on /home/airflow/sandbox/lib/python3.8/site-packages/airflow/example_dags/example_branch_day_of_week_operator.py
[2021-06-25 09:27:36,180] {scheduler_job.py:633} INFO - Processing file /home/airflow/sandbox/lib/python3.8/site-packages/airflow/example_dags/example_branch_day_of_week_operator.py for tasks to queue
[2021-06-25 09:27:36,195] {logging_mixin.py:104} INFO - [2021-06-25 09:27:36,194] {dagbag.py:487} INFO - Filling up the DagBag from /home/airflow/sandbox/lib/python3.8/site-packages/airflow/example_dags/example_branch_day_of_week_operator.py
[2021-06-25 09:27:36,295] {scheduler_job.py:643} INFO - DAG(s) dict_keys(['example_weekday_branch_operator']) retrieved from /home/airflow/sandbox/lib/python3.8/site-packages/airflow/example_dags/example_branch_day_of_week_operator.py
[2021-06-25 09:27:36,475] {logging_mixin.py:104} INFO - [2021-06-25 09:27:36,475] {dag.py:1832} INFO - Sync 1 DAGs
[2021-06-25 09:27:36,598] {logging_mixin.py:104} INFO - [2021-06-25 09:27:36,595] {dag.py:2305} INFO - Setting next_dagrun for example_weekday_branch_operator to 2021-06-23 00:00:00+00:00
[2021-06-25 09:27:36,647] {scheduler_job.py:190} INFO - Processing /home/airflow/sandbox/lib/python3.8/site-packages/airflow/example_dags/example_branch_day_of_week_operator.py took 0.550 seconds
[2021-06-25 09:28:08,800] {scheduler_job.py:182} INFO - Started process (PID=12069) to work on /home/airflow/sandbox/lib/python3.8/site-packages/airflow/example_dags/example_branch_day_of_week_operator.py
[2021-06-25 09:28:08,802] {scheduler_job.py:633} INFO - Processing file /home/airflow/sandbox/lib/python3.8/site-packages/airflow/example_dags/example_branch_day_of_week_operator.py for tasks to queue
[2021-06-25 09:28:08,806] {logging_mixin.py:104} INFO - [2021-06-25 09:28:08,806] {dagbag.py:487} INFO - Filling up the DagBag from /home/airflow/sandbox/lib/python3.8/site-packages/airflow/example_dags/example_branch_day_of_week_operator.py
[2021-06-25 09:28:08,843] {scheduler_job.py:643} INFO - DAG(s) dict_keys(['example_weekday_branch_operator']) retrieved from /home/airflow/sandbox/lib/python3.8/site-packages/airflow/example_dags/example_branch_day_of_week_operator.py
[2021-06-25 09:28:08,956] {logging_mixin.py:104} INFO - [2021-06-25 09:28:08,956] {dag.py:1832} INFO - Sync 1 DAGs
[2021-06-25 09:28:09,008] {logging_mixin.py:104} INFO - [2021-06-25 09:28:09,008] {dag.py:2305} INFO - Setting next_dagrun for example_weekday_branch_operator to 2021-06-23 00:00:00+00:00
[2021-06-25 09:28:09,047] {scheduler_job.py:190} INFO - Processing /home/airflow/sandbox/lib/python3.8/site-packages/airflow/example_dags/example_branch_day_of_week_operator.py took 0.269 seconds
[2021-06-25 09:28:40,120] {scheduler_job.py:182} INFO - Started process (PID=12268) to work on /home/airflow/sandbox/lib/python3.8/site-packages/airflow/example_dags/example_branch_day_of_week_operator.py
[2021-06-25 09:28:40,121] {scheduler_job.py:633} INFO - Processing file /home/airflow/sandbox/lib/python3.8/site-packages/airflow/example_dags/example_branch_day_of_week_operator.py for tasks to queue
[2021-06-25 09:28:40,124] {logging_mixin.py:104} INFO - [2021-06-25 09:28:40,123] {dagbag.py:487} INFO - Filling up the DagBag from /home/airflow/sandbox/lib/python3.8/site-packages/airflow/example_dags/example_branch_day_of_week_operator.py
[2021-06-25 09:28:40,150] {scheduler_job.py:643} INFO - DAG(s) dict_keys(['example_weekday_branch_operator']) retrieved from /home/airflow/sandbox/lib/python3.8/site-packages/airflow/example_dags/example_branch_day_of_week_operator.py
[2021-06-25 09:28:40,197] {logging_mixin.py:104} INFO - [2021-06-25 09:28:40,197] {dag.py:1832} INFO - Sync 1 DAGs
[2021-06-25 09:28:40,226] {logging_mixin.py:104} INFO - [2021-06-25 09:28:40,226] {dag.py:2305} INFO - Setting next_dagrun for example_weekday_branch_operator to 2021-06-23 00:00:00+00:00
[2021-06-25 09:28:40,246] {scheduler_job.py:190} INFO - Processing /home/airflow/sandbox/lib/python3.8/site-packages/airflow/example_dags/example_branch_day_of_week_operator.py took 0.130 seconds
[2021-06-25 09:29:11,399] {scheduler_job.py:182} INFO - Started process (PID=12470) to work on /home/airflow/sandbox/lib/python3.8/site-packages/airflow/example_dags/example_branch_day_of_week_operator.py
[2021-06-25 09:29:11,403] {scheduler_job.py:633} INFO - Processing file /home/airflow/sandbox/lib/python3.8/site-packages/airflow/example_dags/example_branch_day_of_week_operator.py for tasks to queue
[2021-06-25 09:29:11,406] {logging_mixin.py:104} INFO - [2021-06-25 09:29:11,406] {dagbag.py:487} INFO - Filling up the DagBag from /home/airflow/sandbox/lib/python3.8/site-packages/airflow/example_dags/example_branch_day_of_week_operator.py
[2021-06-25 09:29:11,427] {scheduler_job.py:643} INFO - DAG(s) dict_keys(['example_weekday_branch_operator']) retrieved from /home/airflow/sandbox/lib/python3.8/site-packages/airflow/example_dags/example_branch_day_of_week_operator.py
[2021-06-25 09:29:11,468] {logging_mixin.py:104} INFO - [2021-06-25 09:29:11,468] {dag.py:1832} INFO - Sync 1 DAGs
[2021-06-25 09:29:11,488] {logging_mixin.py:104} INFO - [2021-06-25 09:29:11,488] {dag.py:2305} INFO - Setting next_dagrun for example_weekday_branch_operator to 2021-06-23 00:00:00+00:00
[2021-06-25 09:29:11,501] {scheduler_job.py:190} INFO - Processing /home/airflow/sandbox/lib/python3.8/site-packages/airflow/example_dags/example_branch_day_of_week_operator.py took 0.110 seconds
[2021-06-25 09:30:31,311] {scheduler_job.py:182} INFO - Started process (PID=12754) to work on /home/airflow/sandbox/lib/python3.8/site-packages/airflow/example_dags/example_branch_day_of_week_operator.py
[2021-06-25 09:30:31,315] {scheduler_job.py:633} INFO - Processing file /home/airflow/sandbox/lib/python3.8/site-packages/airflow/example_dags/example_branch_day_of_week_operator.py for tasks to queue
[2021-06-25 09:30:31,316] {logging_mixin.py:104} INFO - [2021-06-25 09:30:31,316] {dagbag.py:487} INFO - Filling up the DagBag from /home/airflow/sandbox/lib/python3.8/site-packages/airflow/example_dags/example_branch_day_of_week_operator.py
[2021-06-25 09:30:31,335] {scheduler_job.py:643} INFO - DAG(s) dict_keys(['example_weekday_branch_operator']) retrieved from /home/airflow/sandbox/lib/python3.8/site-packages/airflow/example_dags/example_branch_day_of_week_operator.py
[2021-06-25 09:30:31,376] {logging_mixin.py:104} INFO - [2021-06-25 09:30:31,376] {dag.py:1832} INFO - Sync 1 DAGs
[2021-06-25 09:30:31,416] {logging_mixin.py:104} INFO - [2021-06-25 09:30:31,416] {dag.py:2305} INFO - Setting next_dagrun for example_weekday_branch_operator to 2021-06-23 00:00:00+00:00
[2021-06-25 09:30:31,437] {scheduler_job.py:190} INFO - Processing /home/airflow/sandbox/lib/python3.8/site-packages/airflow/example_dags/example_branch_day_of_week_operator.py took 0.133 seconds
[2021-06-25 09:31:02,466] {scheduler_job.py:182} INFO - Started process (PID=12954) to work on /home/airflow/sandbox/lib/python3.8/site-packages/airflow/example_dags/example_branch_day_of_week_operator.py
[2021-06-25 09:31:02,470] {scheduler_job.py:633} INFO - Processing file /home/airflow/sandbox/lib/python3.8/site-packages/airflow/example_dags/example_branch_day_of_week_operator.py for tasks to queue
[2021-06-25 09:31:02,472] {logging_mixin.py:104} INFO - [2021-06-25 09:31:02,472] {dagbag.py:487} INFO - Filling up the DagBag from /home/airflow/sandbox/lib/python3.8/site-packages/airflow/example_dags/example_branch_day_of_week_operator.py
[2021-06-25 09:31:02,500] {scheduler_job.py:643} INFO - DAG(s) dict_keys(['example_weekday_branch_operator']) retrieved from /home/airflow/sandbox/lib/python3.8/site-packages/airflow/example_dags/example_branch_day_of_week_operator.py
[2021-06-25 09:31:02,571] {logging_mixin.py:104} INFO - [2021-06-25 09:31:02,571] {dag.py:1832} INFO - Sync 1 DAGs
[2021-06-25 09:31:02,672] {logging_mixin.py:104} INFO - [2021-06-25 09:31:02,672] {dag.py:2305} INFO - Setting next_dagrun for example_weekday_branch_operator to 2021-06-23 00:00:00+00:00
[2021-06-25 09:31:02,707] {scheduler_job.py:190} INFO - Processing /home/airflow/sandbox/lib/python3.8/site-packages/airflow/example_dags/example_branch_day_of_week_operator.py took 0.251 seconds
[2021-06-25 09:31:33,730] {scheduler_job.py:182} INFO - Started process (PID=13153) to work on /home/airflow/sandbox/lib/python3.8/site-packages/airflow/example_dags/example_branch_day_of_week_operator.py
[2021-06-25 09:31:33,736] {scheduler_job.py:633} INFO - Processing file /home/airflow/sandbox/lib/python3.8/site-packages/airflow/example_dags/example_branch_day_of_week_operator.py for tasks to queue
[2021-06-25 09:31:33,737] {logging_mixin.py:104} INFO - [2021-06-25 09:31:33,737] {dagbag.py:487} INFO - Filling up the DagBag from /home/airflow/sandbox/lib/python3.8/site-packages/airflow/example_dags/example_branch_day_of_week_operator.py
[2021-06-25 09:31:33,759] {scheduler_job.py:643} INFO - DAG(s) dict_keys(['example_weekday_branch_operator']) retrieved from /home/airflow/sandbox/lib/python3.8/site-packages/airflow/example_dags/example_branch_day_of_week_operator.py
[2021-06-25 09:31:33,810] {logging_mixin.py:104} INFO - [2021-06-25 09:31:33,810] {dag.py:1832} INFO - Sync 1 DAGs
[2021-06-25 09:31:33,853] {logging_mixin.py:104} INFO - [2021-06-25 09:31:33,853] {dag.py:2305} INFO - Setting next_dagrun for example_weekday_branch_operator to 2021-06-23 00:00:00+00:00
[2021-06-25 09:31:33,878] {scheduler_job.py:190} INFO - Processing /home/airflow/sandbox/lib/python3.8/site-packages/airflow/example_dags/example_branch_day_of_week_operator.py took 0.163 seconds
[2021-06-25 09:32:11,404] {scheduler_job.py:182} INFO - Started process (PID=13354) to work on /home/airflow/sandbox/lib/python3.8/site-packages/airflow/example_dags/example_branch_day_of_week_operator.py
[2021-06-25 09:32:11,409] {scheduler_job.py:633} INFO - Processing file /home/airflow/sandbox/lib/python3.8/site-packages/airflow/example_dags/example_branch_day_of_week_operator.py for tasks to queue
[2021-06-25 09:32:11,417] {logging_mixin.py:104} INFO - [2021-06-25 09:32:11,416] {dagbag.py:487} INFO - Filling up the DagBag from /home/airflow/sandbox/lib/python3.8/site-packages/airflow/example_dags/example_branch_day_of_week_operator.py
[2021-06-25 09:32:11,528] {scheduler_job.py:643} INFO - DAG(s) dict_keys(['example_weekday_branch_operator']) retrieved from /home/airflow/sandbox/lib/python3.8/site-packages/airflow/example_dags/example_branch_day_of_week_operator.py
[2021-06-25 09:32:11,696] {logging_mixin.py:104} INFO - [2021-06-25 09:32:11,696] {dag.py:1832} INFO - Sync 1 DAGs
[2021-06-25 09:32:11,805] {logging_mixin.py:104} INFO - [2021-06-25 09:32:11,804] {dag.py:2305} INFO - Setting next_dagrun for example_weekday_branch_operator to 2021-06-23 00:00:00+00:00
[2021-06-25 09:32:11,873] {scheduler_job.py:190} INFO - Processing /home/airflow/sandbox/lib/python3.8/site-packages/airflow/example_dags/example_branch_day_of_week_operator.py took 0.498 seconds
[2021-06-25 09:32:42,309] {scheduler_job.py:182} INFO - Started process (PID=13559) to work on /home/airflow/sandbox/lib/python3.8/site-packages/airflow/example_dags/example_branch_day_of_week_operator.py
[2021-06-25 09:32:42,312] {scheduler_job.py:633} INFO - Processing file /home/airflow/sandbox/lib/python3.8/site-packages/airflow/example_dags/example_branch_day_of_week_operator.py for tasks to queue
[2021-06-25 09:32:42,315] {logging_mixin.py:104} INFO - [2021-06-25 09:32:42,314] {dagbag.py:487} INFO - Filling up the DagBag from /home/airflow/sandbox/lib/python3.8/site-packages/airflow/example_dags/example_branch_day_of_week_operator.py
[2021-06-25 09:32:42,337] {scheduler_job.py:643} INFO - DAG(s) dict_keys(['example_weekday_branch_operator']) retrieved from /home/airflow/sandbox/lib/python3.8/site-packages/airflow/example_dags/example_branch_day_of_week_operator.py
[2021-06-25 09:32:42,376] {logging_mixin.py:104} INFO - [2021-06-25 09:32:42,376] {dag.py:1832} INFO - Sync 1 DAGs
[2021-06-25 09:32:42,416] {logging_mixin.py:104} INFO - [2021-06-25 09:32:42,415] {dag.py:2305} INFO - Setting next_dagrun for example_weekday_branch_operator to 2021-06-23 00:00:00+00:00
[2021-06-25 09:32:42,439] {scheduler_job.py:190} INFO - Processing /home/airflow/sandbox/lib/python3.8/site-packages/airflow/example_dags/example_branch_day_of_week_operator.py took 0.136 seconds
[2021-06-25 09:33:13,320] {scheduler_job.py:182} INFO - Started process (PID=13758) to work on /home/airflow/sandbox/lib/python3.8/site-packages/airflow/example_dags/example_branch_day_of_week_operator.py
[2021-06-25 09:33:13,322] {scheduler_job.py:633} INFO - Processing file /home/airflow/sandbox/lib/python3.8/site-packages/airflow/example_dags/example_branch_day_of_week_operator.py for tasks to queue
[2021-06-25 09:33:13,324] {logging_mixin.py:104} INFO - [2021-06-25 09:33:13,324] {dagbag.py:487} INFO - Filling up the DagBag from /home/airflow/sandbox/lib/python3.8/site-packages/airflow/example_dags/example_branch_day_of_week_operator.py
[2021-06-25 09:33:13,354] {scheduler_job.py:643} INFO - DAG(s) dict_keys(['example_weekday_branch_operator']) retrieved from /home/airflow/sandbox/lib/python3.8/site-packages/airflow/example_dags/example_branch_day_of_week_operator.py
[2021-06-25 09:33:13,400] {logging_mixin.py:104} INFO - [2021-06-25 09:33:13,400] {dag.py:1832} INFO - Sync 1 DAGs
[2021-06-25 09:33:13,448] {logging_mixin.py:104} INFO - [2021-06-25 09:33:13,448] {dag.py:2305} INFO - Setting next_dagrun for example_weekday_branch_operator to 2021-06-23 00:00:00+00:00
[2021-06-25 09:33:13,476] {scheduler_job.py:190} INFO - Processing /home/airflow/sandbox/lib/python3.8/site-packages/airflow/example_dags/example_branch_day_of_week_operator.py took 0.162 seconds
[2021-06-25 09:33:43,687] {scheduler_job.py:182} INFO - Started process (PID=13958) to work on /home/airflow/sandbox/lib/python3.8/site-packages/airflow/example_dags/example_branch_day_of_week_operator.py
[2021-06-25 09:33:43,690] {scheduler_job.py:633} INFO - Processing file /home/airflow/sandbox/lib/python3.8/site-packages/airflow/example_dags/example_branch_day_of_week_operator.py for tasks to queue
[2021-06-25 09:33:43,692] {logging_mixin.py:104} INFO - [2021-06-25 09:33:43,692] {dagbag.py:487} INFO - Filling up the DagBag from /home/airflow/sandbox/lib/python3.8/site-packages/airflow/example_dags/example_branch_day_of_week_operator.py
[2021-06-25 09:33:43,777] {scheduler_job.py:643} INFO - DAG(s) dict_keys(['example_weekday_branch_operator']) retrieved from /home/airflow/sandbox/lib/python3.8/site-packages/airflow/example_dags/example_branch_day_of_week_operator.py
[2021-06-25 09:33:43,875] {logging_mixin.py:104} INFO - [2021-06-25 09:33:43,875] {dag.py:1832} INFO - Sync 1 DAGs
[2021-06-25 09:33:43,987] {logging_mixin.py:104} INFO - [2021-06-25 09:33:43,987] {dag.py:2305} INFO - Setting next_dagrun for example_weekday_branch_operator to 2021-06-23 00:00:00+00:00
[2021-06-25 09:33:44,022] {scheduler_job.py:190} INFO - Processing /home/airflow/sandbox/lib/python3.8/site-packages/airflow/example_dags/example_branch_day_of_week_operator.py took 0.339 seconds
[2021-06-25 09:34:14,810] {scheduler_job.py:182} INFO - Started process (PID=14158) to work on /home/airflow/sandbox/lib/python3.8/site-packages/airflow/example_dags/example_branch_day_of_week_operator.py
[2021-06-25 09:34:14,813] {scheduler_job.py:633} INFO - Processing file /home/airflow/sandbox/lib/python3.8/site-packages/airflow/example_dags/example_branch_day_of_week_operator.py for tasks to queue
[2021-06-25 09:34:14,820] {logging_mixin.py:104} INFO - [2021-06-25 09:34:14,820] {dagbag.py:487} INFO - Filling up the DagBag from /home/airflow/sandbox/lib/python3.8/site-packages/airflow/example_dags/example_branch_day_of_week_operator.py
[2021-06-25 09:34:14,866] {scheduler_job.py:643} INFO - DAG(s) dict_keys(['example_weekday_branch_operator']) retrieved from /home/airflow/sandbox/lib/python3.8/site-packages/airflow/example_dags/example_branch_day_of_week_operator.py
[2021-06-25 09:34:14,963] {logging_mixin.py:104} INFO - [2021-06-25 09:34:14,963] {dag.py:1832} INFO - Sync 1 DAGs
[2021-06-25 09:34:15,068] {logging_mixin.py:104} INFO - [2021-06-25 09:34:15,067] {dag.py:2305} INFO - Setting next_dagrun for example_weekday_branch_operator to 2021-06-23 00:00:00+00:00
[2021-06-25 09:34:15,112] {scheduler_job.py:190} INFO - Processing /home/airflow/sandbox/lib/python3.8/site-packages/airflow/example_dags/example_branch_day_of_week_operator.py took 0.310 seconds
[2021-06-25 09:34:45,371] {scheduler_job.py:182} INFO - Started process (PID=14361) to work on /home/airflow/sandbox/lib/python3.8/site-packages/airflow/example_dags/example_branch_day_of_week_operator.py
[2021-06-25 09:34:45,373] {scheduler_job.py:633} INFO - Processing file /home/airflow/sandbox/lib/python3.8/site-packages/airflow/example_dags/example_branch_day_of_week_operator.py for tasks to queue
[2021-06-25 09:34:45,375] {logging_mixin.py:104} INFO - [2021-06-25 09:34:45,374] {dagbag.py:487} INFO - Filling up the DagBag from /home/airflow/sandbox/lib/python3.8/site-packages/airflow/example_dags/example_branch_day_of_week_operator.py
[2021-06-25 09:34:45,390] {scheduler_job.py:643} INFO - DAG(s) dict_keys(['example_weekday_branch_operator']) retrieved from /home/airflow/sandbox/lib/python3.8/site-packages/airflow/example_dags/example_branch_day_of_week_operator.py
[2021-06-25 09:34:45,419] {logging_mixin.py:104} INFO - [2021-06-25 09:34:45,419] {dag.py:1832} INFO - Sync 1 DAGs
[2021-06-25 09:34:45,446] {logging_mixin.py:104} INFO - [2021-06-25 09:34:45,445] {dag.py:2305} INFO - Setting next_dagrun for example_weekday_branch_operator to 2021-06-23 00:00:00+00:00
[2021-06-25 09:34:45,458] {scheduler_job.py:190} INFO - Processing /home/airflow/sandbox/lib/python3.8/site-packages/airflow/example_dags/example_branch_day_of_week_operator.py took 0.093 seconds
[2021-06-25 09:35:15,821] {scheduler_job.py:182} INFO - Started process (PID=14643) to work on /home/airflow/sandbox/lib/python3.8/site-packages/airflow/example_dags/example_branch_day_of_week_operator.py
[2021-06-25 09:35:15,823] {scheduler_job.py:633} INFO - Processing file /home/airflow/sandbox/lib/python3.8/site-packages/airflow/example_dags/example_branch_day_of_week_operator.py for tasks to queue
[2021-06-25 09:35:15,827] {logging_mixin.py:104} INFO - [2021-06-25 09:35:15,827] {dagbag.py:487} INFO - Filling up the DagBag from /home/airflow/sandbox/lib/python3.8/site-packages/airflow/example_dags/example_branch_day_of_week_operator.py
[2021-06-25 09:35:15,857] {scheduler_job.py:643} INFO - DAG(s) dict_keys(['example_weekday_branch_operator']) retrieved from /home/airflow/sandbox/lib/python3.8/site-packages/airflow/example_dags/example_branch_day_of_week_operator.py
[2021-06-25 09:35:15,892] {logging_mixin.py:104} INFO - [2021-06-25 09:35:15,892] {dag.py:1832} INFO - Sync 1 DAGs
[2021-06-25 09:35:15,920] {logging_mixin.py:104} INFO - [2021-06-25 09:35:15,919] {dag.py:2305} INFO - Setting next_dagrun for example_weekday_branch_operator to 2021-06-23 00:00:00+00:00
[2021-06-25 09:35:15,935] {scheduler_job.py:190} INFO - Processing /home/airflow/sandbox/lib/python3.8/site-packages/airflow/example_dags/example_branch_day_of_week_operator.py took 0.121 seconds
[2021-06-25 09:35:46,571] {scheduler_job.py:182} INFO - Started process (PID=14899) to work on /home/airflow/sandbox/lib/python3.8/site-packages/airflow/example_dags/example_branch_day_of_week_operator.py
[2021-06-25 09:35:46,574] {scheduler_job.py:633} INFO - Processing file /home/airflow/sandbox/lib/python3.8/site-packages/airflow/example_dags/example_branch_day_of_week_operator.py for tasks to queue
[2021-06-25 09:35:46,577] {logging_mixin.py:104} INFO - [2021-06-25 09:35:46,576] {dagbag.py:487} INFO - Filling up the DagBag from /home/airflow/sandbox/lib/python3.8/site-packages/airflow/example_dags/example_branch_day_of_week_operator.py
[2021-06-25 09:35:46,598] {scheduler_job.py:643} INFO - DAG(s) dict_keys(['example_weekday_branch_operator']) retrieved from /home/airflow/sandbox/lib/python3.8/site-packages/airflow/example_dags/example_branch_day_of_week_operator.py
[2021-06-25 09:35:46,640] {logging_mixin.py:104} INFO - [2021-06-25 09:35:46,640] {dag.py:1832} INFO - Sync 1 DAGs
[2021-06-25 09:35:46,684] {logging_mixin.py:104} INFO - [2021-06-25 09:35:46,684] {dag.py:2305} INFO - Setting next_dagrun for example_weekday_branch_operator to 2021-06-23 00:00:00+00:00
[2021-06-25 09:35:46,700] {scheduler_job.py:190} INFO - Processing /home/airflow/sandbox/lib/python3.8/site-packages/airflow/example_dags/example_branch_day_of_week_operator.py took 0.137 seconds
[2021-06-25 09:36:17,526] {scheduler_job.py:182} INFO - Started process (PID=15100) to work on /home/airflow/sandbox/lib/python3.8/site-packages/airflow/example_dags/example_branch_day_of_week_operator.py
[2021-06-25 09:36:17,527] {scheduler_job.py:633} INFO - Processing file /home/airflow/sandbox/lib/python3.8/site-packages/airflow/example_dags/example_branch_day_of_week_operator.py for tasks to queue
[2021-06-25 09:36:17,527] {logging_mixin.py:104} INFO - [2021-06-25 09:36:17,527] {dagbag.py:487} INFO - Filling up the DagBag from /home/airflow/sandbox/lib/python3.8/site-packages/airflow/example_dags/example_branch_day_of_week_operator.py
[2021-06-25 09:36:17,543] {scheduler_job.py:643} INFO - DAG(s) dict_keys(['example_weekday_branch_operator']) retrieved from /home/airflow/sandbox/lib/python3.8/site-packages/airflow/example_dags/example_branch_day_of_week_operator.py
[2021-06-25 09:36:17,598] {logging_mixin.py:104} INFO - [2021-06-25 09:36:17,597] {dag.py:1832} INFO - Sync 1 DAGs
[2021-06-25 09:36:17,622] {logging_mixin.py:104} INFO - [2021-06-25 09:36:17,622] {dag.py:2305} INFO - Setting next_dagrun for example_weekday_branch_operator to 2021-06-23 00:00:00+00:00
[2021-06-25 09:36:17,639] {scheduler_job.py:190} INFO - Processing /home/airflow/sandbox/lib/python3.8/site-packages/airflow/example_dags/example_branch_day_of_week_operator.py took 0.118 seconds
[2021-06-25 09:36:48,317] {scheduler_job.py:182} INFO - Started process (PID=15300) to work on /home/airflow/sandbox/lib/python3.8/site-packages/airflow/example_dags/example_branch_day_of_week_operator.py
[2021-06-25 09:36:48,319] {scheduler_job.py:633} INFO - Processing file /home/airflow/sandbox/lib/python3.8/site-packages/airflow/example_dags/example_branch_day_of_week_operator.py for tasks to queue
[2021-06-25 09:36:48,319] {logging_mixin.py:104} INFO - [2021-06-25 09:36:48,319] {dagbag.py:487} INFO - Filling up the DagBag from /home/airflow/sandbox/lib/python3.8/site-packages/airflow/example_dags/example_branch_day_of_week_operator.py
[2021-06-25 09:36:48,339] {scheduler_job.py:643} INFO - DAG(s) dict_keys(['example_weekday_branch_operator']) retrieved from /home/airflow/sandbox/lib/python3.8/site-packages/airflow/example_dags/example_branch_day_of_week_operator.py
[2021-06-25 09:36:48,397] {logging_mixin.py:104} INFO - [2021-06-25 09:36:48,397] {dag.py:1832} INFO - Sync 1 DAGs
[2021-06-25 09:36:48,429] {logging_mixin.py:104} INFO - [2021-06-25 09:36:48,429] {dag.py:2305} INFO - Setting next_dagrun for example_weekday_branch_operator to 2021-06-23 00:00:00+00:00
[2021-06-25 09:36:48,441] {scheduler_job.py:190} INFO - Processing /home/airflow/sandbox/lib/python3.8/site-packages/airflow/example_dags/example_branch_day_of_week_operator.py took 0.128 seconds
[2021-06-25 09:37:19,245] {scheduler_job.py:182} INFO - Started process (PID=15499) to work on /home/airflow/sandbox/lib/python3.8/site-packages/airflow/example_dags/example_branch_day_of_week_operator.py
[2021-06-25 09:37:19,247] {scheduler_job.py:633} INFO - Processing file /home/airflow/sandbox/lib/python3.8/site-packages/airflow/example_dags/example_branch_day_of_week_operator.py for tasks to queue
[2021-06-25 09:37:19,248] {logging_mixin.py:104} INFO - [2021-06-25 09:37:19,248] {dagbag.py:487} INFO - Filling up the DagBag from /home/airflow/sandbox/lib/python3.8/site-packages/airflow/example_dags/example_branch_day_of_week_operator.py
[2021-06-25 09:37:19,265] {scheduler_job.py:643} INFO - DAG(s) dict_keys(['example_weekday_branch_operator']) retrieved from /home/airflow/sandbox/lib/python3.8/site-packages/airflow/example_dags/example_branch_day_of_week_operator.py
[2021-06-25 09:37:19,296] {logging_mixin.py:104} INFO - [2021-06-25 09:37:19,296] {dag.py:1832} INFO - Sync 1 DAGs
[2021-06-25 09:37:19,326] {logging_mixin.py:104} INFO - [2021-06-25 09:37:19,325] {dag.py:2305} INFO - Setting next_dagrun for example_weekday_branch_operator to 2021-06-23 00:00:00+00:00
[2021-06-25 09:37:19,339] {scheduler_job.py:190} INFO - Processing /home/airflow/sandbox/lib/python3.8/site-packages/airflow/example_dags/example_branch_day_of_week_operator.py took 0.101 seconds
[2021-06-25 09:37:49,638] {scheduler_job.py:182} INFO - Started process (PID=15695) to work on /home/airflow/sandbox/lib/python3.8/site-packages/airflow/example_dags/example_branch_day_of_week_operator.py
[2021-06-25 09:37:49,640] {scheduler_job.py:633} INFO - Processing file /home/airflow/sandbox/lib/python3.8/site-packages/airflow/example_dags/example_branch_day_of_week_operator.py for tasks to queue
[2021-06-25 09:37:49,640] {logging_mixin.py:104} INFO - [2021-06-25 09:37:49,640] {dagbag.py:487} INFO - Filling up the DagBag from /home/airflow/sandbox/lib/python3.8/site-packages/airflow/example_dags/example_branch_day_of_week_operator.py
[2021-06-25 09:37:49,656] {scheduler_job.py:643} INFO - DAG(s) dict_keys(['example_weekday_branch_operator']) retrieved from /home/airflow/sandbox/lib/python3.8/site-packages/airflow/example_dags/example_branch_day_of_week_operator.py
[2021-06-25 09:37:49,690] {logging_mixin.py:104} INFO - [2021-06-25 09:37:49,690] {dag.py:1832} INFO - Sync 1 DAGs
[2021-06-25 09:37:49,716] {logging_mixin.py:104} INFO - [2021-06-25 09:37:49,716] {dag.py:2305} INFO - Setting next_dagrun for example_weekday_branch_operator to 2021-06-23 00:00:00+00:00
[2021-06-25 09:37:49,729] {scheduler_job.py:190} INFO - Processing /home/airflow/sandbox/lib/python3.8/site-packages/airflow/example_dags/example_branch_day_of_week_operator.py took 0.096 seconds
[2021-06-25 09:38:21,166] {scheduler_job.py:182} INFO - Started process (PID=15893) to work on /home/airflow/sandbox/lib/python3.8/site-packages/airflow/example_dags/example_branch_day_of_week_operator.py
[2021-06-25 09:38:21,170] {scheduler_job.py:633} INFO - Processing file /home/airflow/sandbox/lib/python3.8/site-packages/airflow/example_dags/example_branch_day_of_week_operator.py for tasks to queue
[2021-06-25 09:38:21,173] {logging_mixin.py:104} INFO - [2021-06-25 09:38:21,173] {dagbag.py:487} INFO - Filling up the DagBag from /home/airflow/sandbox/lib/python3.8/site-packages/airflow/example_dags/example_branch_day_of_week_operator.py
[2021-06-25 09:38:21,194] {scheduler_job.py:643} INFO - DAG(s) dict_keys(['example_weekday_branch_operator']) retrieved from /home/airflow/sandbox/lib/python3.8/site-packages/airflow/example_dags/example_branch_day_of_week_operator.py
[2021-06-25 09:38:21,237] {logging_mixin.py:104} INFO - [2021-06-25 09:38:21,237] {dag.py:1832} INFO - Sync 1 DAGs
[2021-06-25 09:38:21,266] {logging_mixin.py:104} INFO - [2021-06-25 09:38:21,266] {dag.py:2305} INFO - Setting next_dagrun for example_weekday_branch_operator to 2021-06-23 00:00:00+00:00
[2021-06-25 09:38:21,286] {scheduler_job.py:190} INFO - Processing /home/airflow/sandbox/lib/python3.8/site-packages/airflow/example_dags/example_branch_day_of_week_operator.py took 0.125 seconds
[2021-06-25 09:40:09,665] {scheduler_job.py:182} INFO - Started process (PID=16280) to work on /home/airflow/sandbox/lib/python3.8/site-packages/airflow/example_dags/example_branch_day_of_week_operator.py
[2021-06-25 09:40:09,680] {scheduler_job.py:633} INFO - Processing file /home/airflow/sandbox/lib/python3.8/site-packages/airflow/example_dags/example_branch_day_of_week_operator.py for tasks to queue
[2021-06-25 09:40:09,690] {logging_mixin.py:104} INFO - [2021-06-25 09:40:09,690] {dagbag.py:487} INFO - Filling up the DagBag from /home/airflow/sandbox/lib/python3.8/site-packages/airflow/example_dags/example_branch_day_of_week_operator.py
[2021-06-25 09:40:09,773] {scheduler_job.py:643} INFO - DAG(s) dict_keys(['example_weekday_branch_operator']) retrieved from /home/airflow/sandbox/lib/python3.8/site-packages/airflow/example_dags/example_branch_day_of_week_operator.py
[2021-06-25 09:40:09,852] {logging_mixin.py:104} INFO - [2021-06-25 09:40:09,852] {dag.py:1832} INFO - Sync 1 DAGs
[2021-06-25 09:40:09,924] {logging_mixin.py:104} INFO - [2021-06-25 09:40:09,923] {dag.py:2305} INFO - Setting next_dagrun for example_weekday_branch_operator to 2021-06-23 00:00:00+00:00
[2021-06-25 09:40:09,972] {scheduler_job.py:190} INFO - Processing /home/airflow/sandbox/lib/python3.8/site-packages/airflow/example_dags/example_branch_day_of_week_operator.py took 0.311 seconds
[2021-06-25 09:40:40,118] {scheduler_job.py:182} INFO - Started process (PID=16482) to work on /home/airflow/sandbox/lib/python3.8/site-packages/airflow/example_dags/example_branch_day_of_week_operator.py
[2021-06-25 09:40:40,122] {scheduler_job.py:633} INFO - Processing file /home/airflow/sandbox/lib/python3.8/site-packages/airflow/example_dags/example_branch_day_of_week_operator.py for tasks to queue
[2021-06-25 09:40:40,126] {logging_mixin.py:104} INFO - [2021-06-25 09:40:40,126] {dagbag.py:487} INFO - Filling up the DagBag from /home/airflow/sandbox/lib/python3.8/site-packages/airflow/example_dags/example_branch_day_of_week_operator.py
[2021-06-25 09:40:40,147] {scheduler_job.py:643} INFO - DAG(s) dict_keys(['example_weekday_branch_operator']) retrieved from /home/airflow/sandbox/lib/python3.8/site-packages/airflow/example_dags/example_branch_day_of_week_operator.py
[2021-06-25 09:40:40,193] {logging_mixin.py:104} INFO - [2021-06-25 09:40:40,193] {dag.py:1832} INFO - Sync 1 DAGs
[2021-06-25 09:40:40,221] {logging_mixin.py:104} INFO - [2021-06-25 09:40:40,221] {dag.py:2305} INFO - Setting next_dagrun for example_weekday_branch_operator to 2021-06-23 00:00:00+00:00
[2021-06-25 09:40:40,235] {scheduler_job.py:190} INFO - Processing /home/airflow/sandbox/lib/python3.8/site-packages/airflow/example_dags/example_branch_day_of_week_operator.py took 0.120 seconds
[2021-06-25 09:41:10,610] {scheduler_job.py:182} INFO - Started process (PID=16679) to work on /home/airflow/sandbox/lib/python3.8/site-packages/airflow/example_dags/example_branch_day_of_week_operator.py
[2021-06-25 09:41:10,619] {scheduler_job.py:633} INFO - Processing file /home/airflow/sandbox/lib/python3.8/site-packages/airflow/example_dags/example_branch_day_of_week_operator.py for tasks to queue
[2021-06-25 09:41:10,623] {logging_mixin.py:104} INFO - [2021-06-25 09:41:10,623] {dagbag.py:487} INFO - Filling up the DagBag from /home/airflow/sandbox/lib/python3.8/site-packages/airflow/example_dags/example_branch_day_of_week_operator.py
[2021-06-25 09:41:10,661] {scheduler_job.py:643} INFO - DAG(s) dict_keys(['example_weekday_branch_operator']) retrieved from /home/airflow/sandbox/lib/python3.8/site-packages/airflow/example_dags/example_branch_day_of_week_operator.py
[2021-06-25 09:41:10,767] {logging_mixin.py:104} INFO - [2021-06-25 09:41:10,766] {dag.py:1832} INFO - Sync 1 DAGs
[2021-06-25 09:41:10,814] {logging_mixin.py:104} INFO - [2021-06-25 09:41:10,814] {dag.py:2305} INFO - Setting next_dagrun for example_weekday_branch_operator to 2021-06-23 00:00:00+00:00
[2021-06-25 09:41:10,842] {scheduler_job.py:190} INFO - Processing /home/airflow/sandbox/lib/python3.8/site-packages/airflow/example_dags/example_branch_day_of_week_operator.py took 0.239 seconds
[2021-06-25 09:41:41,454] {scheduler_job.py:182} INFO - Started process (PID=16881) to work on /home/airflow/sandbox/lib/python3.8/site-packages/airflow/example_dags/example_branch_day_of_week_operator.py
[2021-06-25 09:41:41,456] {scheduler_job.py:633} INFO - Processing file /home/airflow/sandbox/lib/python3.8/site-packages/airflow/example_dags/example_branch_day_of_week_operator.py for tasks to queue
[2021-06-25 09:41:41,457] {logging_mixin.py:104} INFO - [2021-06-25 09:41:41,457] {dagbag.py:487} INFO - Filling up the DagBag from /home/airflow/sandbox/lib/python3.8/site-packages/airflow/example_dags/example_branch_day_of_week_operator.py
[2021-06-25 09:41:41,512] {scheduler_job.py:643} INFO - DAG(s) dict_keys(['example_weekday_branch_operator']) retrieved from /home/airflow/sandbox/lib/python3.8/site-packages/airflow/example_dags/example_branch_day_of_week_operator.py
[2021-06-25 09:41:41,591] {logging_mixin.py:104} INFO - [2021-06-25 09:41:41,591] {dag.py:1832} INFO - Sync 1 DAGs
[2021-06-25 09:41:41,614] {logging_mixin.py:104} INFO - [2021-06-25 09:41:41,614] {dag.py:2305} INFO - Setting next_dagrun for example_weekday_branch_operator to 2021-06-23 00:00:00+00:00
[2021-06-25 09:41:41,633] {scheduler_job.py:190} INFO - Processing /home/airflow/sandbox/lib/python3.8/site-packages/airflow/example_dags/example_branch_day_of_week_operator.py took 0.186 seconds
[2021-06-25 09:42:13,555] {scheduler_job.py:182} INFO - Started process (PID=17082) to work on /home/airflow/sandbox/lib/python3.8/site-packages/airflow/example_dags/example_branch_day_of_week_operator.py
[2021-06-25 09:42:13,562] {scheduler_job.py:633} INFO - Processing file /home/airflow/sandbox/lib/python3.8/site-packages/airflow/example_dags/example_branch_day_of_week_operator.py for tasks to queue
[2021-06-25 09:42:13,565] {logging_mixin.py:104} INFO - [2021-06-25 09:42:13,564] {dagbag.py:487} INFO - Filling up the DagBag from /home/airflow/sandbox/lib/python3.8/site-packages/airflow/example_dags/example_branch_day_of_week_operator.py
[2021-06-25 09:42:13,604] {scheduler_job.py:643} INFO - DAG(s) dict_keys(['example_weekday_branch_operator']) retrieved from /home/airflow/sandbox/lib/python3.8/site-packages/airflow/example_dags/example_branch_day_of_week_operator.py
[2021-06-25 09:42:13,678] {logging_mixin.py:104} INFO - [2021-06-25 09:42:13,677] {dag.py:1832} INFO - Sync 1 DAGs
[2021-06-25 09:42:13,757] {logging_mixin.py:104} INFO - [2021-06-25 09:42:13,755] {dag.py:2305} INFO - Setting next_dagrun for example_weekday_branch_operator to 2021-06-23 00:00:00+00:00
[2021-06-25 09:42:13,797] {scheduler_job.py:190} INFO - Processing /home/airflow/sandbox/lib/python3.8/site-packages/airflow/example_dags/example_branch_day_of_week_operator.py took 0.248 seconds
[2021-06-25 09:42:44,954] {scheduler_job.py:182} INFO - Started process (PID=17283) to work on /home/airflow/sandbox/lib/python3.8/site-packages/airflow/example_dags/example_branch_day_of_week_operator.py
[2021-06-25 09:42:44,969] {scheduler_job.py:633} INFO - Processing file /home/airflow/sandbox/lib/python3.8/site-packages/airflow/example_dags/example_branch_day_of_week_operator.py for tasks to queue
[2021-06-25 09:42:44,970] {logging_mixin.py:104} INFO - [2021-06-25 09:42:44,970] {dagbag.py:487} INFO - Filling up the DagBag from /home/airflow/sandbox/lib/python3.8/site-packages/airflow/example_dags/example_branch_day_of_week_operator.py
[2021-06-25 09:42:44,993] {scheduler_job.py:643} INFO - DAG(s) dict_keys(['example_weekday_branch_operator']) retrieved from /home/airflow/sandbox/lib/python3.8/site-packages/airflow/example_dags/example_branch_day_of_week_operator.py
[2021-06-25 09:42:45,040] {logging_mixin.py:104} INFO - [2021-06-25 09:42:45,039] {dag.py:1832} INFO - Sync 1 DAGs
[2021-06-25 09:42:45,070] {logging_mixin.py:104} INFO - [2021-06-25 09:42:45,070] {dag.py:2305} INFO - Setting next_dagrun for example_weekday_branch_operator to 2021-06-23 00:00:00+00:00
[2021-06-25 09:42:45,089] {scheduler_job.py:190} INFO - Processing /home/airflow/sandbox/lib/python3.8/site-packages/airflow/example_dags/example_branch_day_of_week_operator.py took 0.143 seconds
[2021-06-25 09:43:16,372] {scheduler_job.py:182} INFO - Started process (PID=17484) to work on /home/airflow/sandbox/lib/python3.8/site-packages/airflow/example_dags/example_branch_day_of_week_operator.py
[2021-06-25 09:43:16,375] {scheduler_job.py:633} INFO - Processing file /home/airflow/sandbox/lib/python3.8/site-packages/airflow/example_dags/example_branch_day_of_week_operator.py for tasks to queue
[2021-06-25 09:43:16,376] {logging_mixin.py:104} INFO - [2021-06-25 09:43:16,376] {dagbag.py:487} INFO - Filling up the DagBag from /home/airflow/sandbox/lib/python3.8/site-packages/airflow/example_dags/example_branch_day_of_week_operator.py
[2021-06-25 09:43:16,395] {scheduler_job.py:643} INFO - DAG(s) dict_keys(['example_weekday_branch_operator']) retrieved from /home/airflow/sandbox/lib/python3.8/site-packages/airflow/example_dags/example_branch_day_of_week_operator.py
[2021-06-25 09:43:16,446] {logging_mixin.py:104} INFO - [2021-06-25 09:43:16,445] {dag.py:1832} INFO - Sync 1 DAGs
[2021-06-25 09:43:16,476] {logging_mixin.py:104} INFO - [2021-06-25 09:43:16,476] {dag.py:2305} INFO - Setting next_dagrun for example_weekday_branch_operator to 2021-06-23 00:00:00+00:00
[2021-06-25 09:43:16,493] {scheduler_job.py:190} INFO - Processing /home/airflow/sandbox/lib/python3.8/site-packages/airflow/example_dags/example_branch_day_of_week_operator.py took 0.130 seconds
[2021-06-25 09:43:48,208] {scheduler_job.py:182} INFO - Started process (PID=17684) to work on /home/airflow/sandbox/lib/python3.8/site-packages/airflow/example_dags/example_branch_day_of_week_operator.py
[2021-06-25 09:43:48,213] {scheduler_job.py:633} INFO - Processing file /home/airflow/sandbox/lib/python3.8/site-packages/airflow/example_dags/example_branch_day_of_week_operator.py for tasks to queue
[2021-06-25 09:43:48,215] {logging_mixin.py:104} INFO - [2021-06-25 09:43:48,215] {dagbag.py:487} INFO - Filling up the DagBag from /home/airflow/sandbox/lib/python3.8/site-packages/airflow/example_dags/example_branch_day_of_week_operator.py
[2021-06-25 09:43:48,296] {scheduler_job.py:643} INFO - DAG(s) dict_keys(['example_weekday_branch_operator']) retrieved from /home/airflow/sandbox/lib/python3.8/site-packages/airflow/example_dags/example_branch_day_of_week_operator.py
[2021-06-25 09:43:48,349] {logging_mixin.py:104} INFO - [2021-06-25 09:43:48,349] {dag.py:1832} INFO - Sync 1 DAGs
[2021-06-25 09:43:48,396] {logging_mixin.py:104} INFO - [2021-06-25 09:43:48,395] {dag.py:2305} INFO - Setting next_dagrun for example_weekday_branch_operator to 2021-06-23 00:00:00+00:00
[2021-06-25 09:43:48,424] {scheduler_job.py:190} INFO - Processing /home/airflow/sandbox/lib/python3.8/site-packages/airflow/example_dags/example_branch_day_of_week_operator.py took 0.226 seconds
[2021-06-25 09:44:19,124] {scheduler_job.py:182} INFO - Started process (PID=17884) to work on /home/airflow/sandbox/lib/python3.8/site-packages/airflow/example_dags/example_branch_day_of_week_operator.py
[2021-06-25 09:44:19,141] {scheduler_job.py:633} INFO - Processing file /home/airflow/sandbox/lib/python3.8/site-packages/airflow/example_dags/example_branch_day_of_week_operator.py for tasks to queue
[2021-06-25 09:44:19,152] {logging_mixin.py:104} INFO - [2021-06-25 09:44:19,151] {dagbag.py:487} INFO - Filling up the DagBag from /home/airflow/sandbox/lib/python3.8/site-packages/airflow/example_dags/example_branch_day_of_week_operator.py
[2021-06-25 09:44:19,206] {scheduler_job.py:643} INFO - DAG(s) dict_keys(['example_weekday_branch_operator']) retrieved from /home/airflow/sandbox/lib/python3.8/site-packages/airflow/example_dags/example_branch_day_of_week_operator.py
[2021-06-25 09:44:19,281] {logging_mixin.py:104} INFO - [2021-06-25 09:44:19,280] {dag.py:1832} INFO - Sync 1 DAGs
[2021-06-25 09:44:19,382] {logging_mixin.py:104} INFO - [2021-06-25 09:44:19,382] {dag.py:2305} INFO - Setting next_dagrun for example_weekday_branch_operator to 2021-06-23 00:00:00+00:00
[2021-06-25 09:44:19,407] {scheduler_job.py:190} INFO - Processing /home/airflow/sandbox/lib/python3.8/site-packages/airflow/example_dags/example_branch_day_of_week_operator.py took 0.290 seconds
[2021-06-25 09:45:24,314] {scheduler_job.py:182} INFO - Started process (PID=19101) to work on /home/airflow/sandbox/lib/python3.8/site-packages/airflow/example_dags/example_branch_day_of_week_operator.py
[2021-06-25 09:45:24,315] {scheduler_job.py:633} INFO - Processing file /home/airflow/sandbox/lib/python3.8/site-packages/airflow/example_dags/example_branch_day_of_week_operator.py for tasks to queue
[2021-06-25 09:45:24,316] {logging_mixin.py:104} INFO - [2021-06-25 09:45:24,316] {dagbag.py:487} INFO - Filling up the DagBag from /home/airflow/sandbox/lib/python3.8/site-packages/airflow/example_dags/example_branch_day_of_week_operator.py
[2021-06-25 09:45:24,346] {scheduler_job.py:643} INFO - DAG(s) dict_keys(['example_weekday_branch_operator']) retrieved from /home/airflow/sandbox/lib/python3.8/site-packages/airflow/example_dags/example_branch_day_of_week_operator.py
[2021-06-25 09:45:24,442] {logging_mixin.py:104} INFO - [2021-06-25 09:45:24,442] {dag.py:1832} INFO - Sync 1 DAGs
[2021-06-25 09:45:24,502] {logging_mixin.py:104} INFO - [2021-06-25 09:45:24,502] {dag.py:2305} INFO - Setting next_dagrun for example_weekday_branch_operator to 2021-06-23 00:00:00+00:00
[2021-06-25 09:45:24,536] {scheduler_job.py:190} INFO - Processing /home/airflow/sandbox/lib/python3.8/site-packages/airflow/example_dags/example_branch_day_of_week_operator.py took 0.245 seconds
[2021-06-25 09:46:02,248] {scheduler_job.py:182} INFO - Started process (PID=19539) to work on /home/airflow/sandbox/lib/python3.8/site-packages/airflow/example_dags/example_branch_day_of_week_operator.py
[2021-06-25 09:46:02,256] {scheduler_job.py:633} INFO - Processing file /home/airflow/sandbox/lib/python3.8/site-packages/airflow/example_dags/example_branch_day_of_week_operator.py for tasks to queue
[2021-06-25 09:46:02,267] {logging_mixin.py:104} INFO - [2021-06-25 09:46:02,266] {dagbag.py:487} INFO - Filling up the DagBag from /home/airflow/sandbox/lib/python3.8/site-packages/airflow/example_dags/example_branch_day_of_week_operator.py
[2021-06-25 09:46:02,335] {scheduler_job.py:643} INFO - DAG(s) dict_keys(['example_weekday_branch_operator']) retrieved from /home/airflow/sandbox/lib/python3.8/site-packages/airflow/example_dags/example_branch_day_of_week_operator.py
[2021-06-25 09:46:02,486] {logging_mixin.py:104} INFO - [2021-06-25 09:46:02,486] {dag.py:1832} INFO - Sync 1 DAGs
[2021-06-25 09:46:02,567] {logging_mixin.py:104} INFO - [2021-06-25 09:46:02,567] {dag.py:2305} INFO - Setting next_dagrun for example_weekday_branch_operator to 2021-06-23 00:00:00+00:00
[2021-06-25 09:46:02,614] {scheduler_job.py:190} INFO - Processing /home/airflow/sandbox/lib/python3.8/site-packages/airflow/example_dags/example_branch_day_of_week_operator.py took 0.381 seconds
[2021-06-25 09:46:33,010] {scheduler_job.py:182} INFO - Started process (PID=19751) to work on /home/airflow/sandbox/lib/python3.8/site-packages/airflow/example_dags/example_branch_day_of_week_operator.py
[2021-06-25 09:46:33,014] {scheduler_job.py:633} INFO - Processing file /home/airflow/sandbox/lib/python3.8/site-packages/airflow/example_dags/example_branch_day_of_week_operator.py for tasks to queue
[2021-06-25 09:46:33,016] {logging_mixin.py:104} INFO - [2021-06-25 09:46:33,016] {dagbag.py:487} INFO - Filling up the DagBag from /home/airflow/sandbox/lib/python3.8/site-packages/airflow/example_dags/example_branch_day_of_week_operator.py
[2021-06-25 09:46:33,058] {scheduler_job.py:643} INFO - DAG(s) dict_keys(['example_weekday_branch_operator']) retrieved from /home/airflow/sandbox/lib/python3.8/site-packages/airflow/example_dags/example_branch_day_of_week_operator.py
[2021-06-25 09:46:33,135] {logging_mixin.py:104} INFO - [2021-06-25 09:46:33,135] {dag.py:1832} INFO - Sync 1 DAGs
[2021-06-25 09:46:33,175] {logging_mixin.py:104} INFO - [2021-06-25 09:46:33,175] {dag.py:2305} INFO - Setting next_dagrun for example_weekday_branch_operator to 2021-06-23 00:00:00+00:00
[2021-06-25 09:46:33,199] {scheduler_job.py:190} INFO - Processing /home/airflow/sandbox/lib/python3.8/site-packages/airflow/example_dags/example_branch_day_of_week_operator.py took 0.196 seconds
[2021-06-25 09:47:06,281] {scheduler_job.py:182} INFO - Started process (PID=19952) to work on /home/airflow/sandbox/lib/python3.8/site-packages/airflow/example_dags/example_branch_day_of_week_operator.py
[2021-06-25 09:47:06,291] {scheduler_job.py:633} INFO - Processing file /home/airflow/sandbox/lib/python3.8/site-packages/airflow/example_dags/example_branch_day_of_week_operator.py for tasks to queue
[2021-06-25 09:47:06,297] {logging_mixin.py:104} INFO - [2021-06-25 09:47:06,297] {dagbag.py:487} INFO - Filling up the DagBag from /home/airflow/sandbox/lib/python3.8/site-packages/airflow/example_dags/example_branch_day_of_week_operator.py
[2021-06-25 09:47:06,400] {scheduler_job.py:643} INFO - DAG(s) dict_keys(['example_weekday_branch_operator']) retrieved from /home/airflow/sandbox/lib/python3.8/site-packages/airflow/example_dags/example_branch_day_of_week_operator.py
[2021-06-25 09:47:06,522] {logging_mixin.py:104} INFO - [2021-06-25 09:47:06,522] {dag.py:1832} INFO - Sync 1 DAGs
[2021-06-25 09:47:06,589] {logging_mixin.py:104} INFO - [2021-06-25 09:47:06,588] {dag.py:2305} INFO - Setting next_dagrun for example_weekday_branch_operator to 2021-06-23 00:00:00+00:00
[2021-06-25 09:47:06,622] {scheduler_job.py:190} INFO - Processing /home/airflow/sandbox/lib/python3.8/site-packages/airflow/example_dags/example_branch_day_of_week_operator.py took 0.357 seconds
[2021-06-25 09:47:39,703] {scheduler_job.py:182} INFO - Started process (PID=20213) to work on /home/airflow/sandbox/lib/python3.8/site-packages/airflow/example_dags/example_branch_day_of_week_operator.py
[2021-06-25 09:47:39,713] {scheduler_job.py:633} INFO - Processing file /home/airflow/sandbox/lib/python3.8/site-packages/airflow/example_dags/example_branch_day_of_week_operator.py for tasks to queue
[2021-06-25 09:47:39,715] {logging_mixin.py:104} INFO - [2021-06-25 09:47:39,714] {dagbag.py:487} INFO - Filling up the DagBag from /home/airflow/sandbox/lib/python3.8/site-packages/airflow/example_dags/example_branch_day_of_week_operator.py
[2021-06-25 09:47:39,834] {scheduler_job.py:643} INFO - DAG(s) dict_keys(['example_weekday_branch_operator']) retrieved from /home/airflow/sandbox/lib/python3.8/site-packages/airflow/example_dags/example_branch_day_of_week_operator.py
[2021-06-25 09:47:40,004] {logging_mixin.py:104} INFO - [2021-06-25 09:47:40,004] {dag.py:1832} INFO - Sync 1 DAGs
[2021-06-25 09:47:40,135] {logging_mixin.py:104} INFO - [2021-06-25 09:47:40,134] {dag.py:2305} INFO - Setting next_dagrun for example_weekday_branch_operator to 2021-06-23 00:00:00+00:00
[2021-06-25 09:47:40,251] {scheduler_job.py:190} INFO - Processing /home/airflow/sandbox/lib/python3.8/site-packages/airflow/example_dags/example_branch_day_of_week_operator.py took 0.583 seconds
[2021-06-25 09:48:13,046] {scheduler_job.py:182} INFO - Started process (PID=20546) to work on /home/airflow/sandbox/lib/python3.8/site-packages/airflow/example_dags/example_branch_day_of_week_operator.py
[2021-06-25 09:48:13,056] {scheduler_job.py:633} INFO - Processing file /home/airflow/sandbox/lib/python3.8/site-packages/airflow/example_dags/example_branch_day_of_week_operator.py for tasks to queue
[2021-06-25 09:48:13,059] {logging_mixin.py:104} INFO - [2021-06-25 09:48:13,058] {dagbag.py:487} INFO - Filling up the DagBag from /home/airflow/sandbox/lib/python3.8/site-packages/airflow/example_dags/example_branch_day_of_week_operator.py
[2021-06-25 09:48:13,175] {scheduler_job.py:643} INFO - DAG(s) dict_keys(['example_weekday_branch_operator']) retrieved from /home/airflow/sandbox/lib/python3.8/site-packages/airflow/example_dags/example_branch_day_of_week_operator.py
[2021-06-25 09:48:13,407] {logging_mixin.py:104} INFO - [2021-06-25 09:48:13,406] {dag.py:1832} INFO - Sync 1 DAGs
[2021-06-25 09:48:13,540] {logging_mixin.py:104} INFO - [2021-06-25 09:48:13,540] {dag.py:2305} INFO - Setting next_dagrun for example_weekday_branch_operator to 2021-06-23 00:00:00+00:00
[2021-06-25 09:48:13,724] {scheduler_job.py:190} INFO - Processing /home/airflow/sandbox/lib/python3.8/site-packages/airflow/example_dags/example_branch_day_of_week_operator.py took 0.693 seconds
[2021-06-25 09:48:43,966] {scheduler_job.py:182} INFO - Started process (PID=20746) to work on /home/airflow/sandbox/lib/python3.8/site-packages/airflow/example_dags/example_branch_day_of_week_operator.py
[2021-06-25 09:48:44,015] {scheduler_job.py:633} INFO - Processing file /home/airflow/sandbox/lib/python3.8/site-packages/airflow/example_dags/example_branch_day_of_week_operator.py for tasks to queue
[2021-06-25 09:48:44,031] {logging_mixin.py:104} INFO - [2021-06-25 09:48:44,031] {dagbag.py:487} INFO - Filling up the DagBag from /home/airflow/sandbox/lib/python3.8/site-packages/airflow/example_dags/example_branch_day_of_week_operator.py
[2021-06-25 09:48:44,113] {scheduler_job.py:643} INFO - DAG(s) dict_keys(['example_weekday_branch_operator']) retrieved from /home/airflow/sandbox/lib/python3.8/site-packages/airflow/example_dags/example_branch_day_of_week_operator.py
[2021-06-25 09:48:44,244] {logging_mixin.py:104} INFO - [2021-06-25 09:48:44,243] {dag.py:1832} INFO - Sync 1 DAGs
[2021-06-25 09:48:44,348] {logging_mixin.py:104} INFO - [2021-06-25 09:48:44,348] {dag.py:2305} INFO - Setting next_dagrun for example_weekday_branch_operator to 2021-06-23 00:00:00+00:00
[2021-06-25 09:48:44,382] {scheduler_job.py:190} INFO - Processing /home/airflow/sandbox/lib/python3.8/site-packages/airflow/example_dags/example_branch_day_of_week_operator.py took 0.435 seconds
[2021-06-25 09:49:14,720] {scheduler_job.py:182} INFO - Started process (PID=20944) to work on /home/airflow/sandbox/lib/python3.8/site-packages/airflow/example_dags/example_branch_day_of_week_operator.py
[2021-06-25 09:49:14,722] {scheduler_job.py:633} INFO - Processing file /home/airflow/sandbox/lib/python3.8/site-packages/airflow/example_dags/example_branch_day_of_week_operator.py for tasks to queue
[2021-06-25 09:49:14,724] {logging_mixin.py:104} INFO - [2021-06-25 09:49:14,724] {dagbag.py:487} INFO - Filling up the DagBag from /home/airflow/sandbox/lib/python3.8/site-packages/airflow/example_dags/example_branch_day_of_week_operator.py
[2021-06-25 09:49:14,738] {scheduler_job.py:643} INFO - DAG(s) dict_keys(['example_weekday_branch_operator']) retrieved from /home/airflow/sandbox/lib/python3.8/site-packages/airflow/example_dags/example_branch_day_of_week_operator.py
[2021-06-25 09:49:14,785] {logging_mixin.py:104} INFO - [2021-06-25 09:49:14,785] {dag.py:1832} INFO - Sync 1 DAGs
[2021-06-25 09:49:14,811] {logging_mixin.py:104} INFO - [2021-06-25 09:49:14,811] {dag.py:2305} INFO - Setting next_dagrun for example_weekday_branch_operator to 2021-06-23 00:00:00+00:00
[2021-06-25 09:49:14,836] {scheduler_job.py:190} INFO - Processing /home/airflow/sandbox/lib/python3.8/site-packages/airflow/example_dags/example_branch_day_of_week_operator.py took 0.119 seconds
[2021-06-25 09:49:45,733] {scheduler_job.py:182} INFO - Started process (PID=21146) to work on /home/airflow/sandbox/lib/python3.8/site-packages/airflow/example_dags/example_branch_day_of_week_operator.py
[2021-06-25 09:49:45,736] {scheduler_job.py:633} INFO - Processing file /home/airflow/sandbox/lib/python3.8/site-packages/airflow/example_dags/example_branch_day_of_week_operator.py for tasks to queue
[2021-06-25 09:49:45,736] {logging_mixin.py:104} INFO - [2021-06-25 09:49:45,736] {dagbag.py:487} INFO - Filling up the DagBag from /home/airflow/sandbox/lib/python3.8/site-packages/airflow/example_dags/example_branch_day_of_week_operator.py
[2021-06-25 09:49:45,787] {scheduler_job.py:643} INFO - DAG(s) dict_keys(['example_weekday_branch_operator']) retrieved from /home/airflow/sandbox/lib/python3.8/site-packages/airflow/example_dags/example_branch_day_of_week_operator.py
[2021-06-25 09:49:45,889] {logging_mixin.py:104} INFO - [2021-06-25 09:49:45,889] {dag.py:1832} INFO - Sync 1 DAGs
[2021-06-25 09:49:45,949] {logging_mixin.py:104} INFO - [2021-06-25 09:49:45,949] {dag.py:2305} INFO - Setting next_dagrun for example_weekday_branch_operator to 2021-06-23 00:00:00+00:00
[2021-06-25 09:49:46,001] {scheduler_job.py:190} INFO - Processing /home/airflow/sandbox/lib/python3.8/site-packages/airflow/example_dags/example_branch_day_of_week_operator.py took 0.283 seconds
[2021-06-25 09:50:16,128] {scheduler_job.py:182} INFO - Started process (PID=21346) to work on /home/airflow/sandbox/lib/python3.8/site-packages/airflow/example_dags/example_branch_day_of_week_operator.py
[2021-06-25 09:50:16,130] {scheduler_job.py:633} INFO - Processing file /home/airflow/sandbox/lib/python3.8/site-packages/airflow/example_dags/example_branch_day_of_week_operator.py for tasks to queue
[2021-06-25 09:50:16,133] {logging_mixin.py:104} INFO - [2021-06-25 09:50:16,133] {dagbag.py:487} INFO - Filling up the DagBag from /home/airflow/sandbox/lib/python3.8/site-packages/airflow/example_dags/example_branch_day_of_week_operator.py
[2021-06-25 09:50:16,175] {scheduler_job.py:643} INFO - DAG(s) dict_keys(['example_weekday_branch_operator']) retrieved from /home/airflow/sandbox/lib/python3.8/site-packages/airflow/example_dags/example_branch_day_of_week_operator.py
[2021-06-25 09:50:16,239] {logging_mixin.py:104} INFO - [2021-06-25 09:50:16,238] {dag.py:1832} INFO - Sync 1 DAGs
[2021-06-25 09:50:16,280] {logging_mixin.py:104} INFO - [2021-06-25 09:50:16,280] {dag.py:2305} INFO - Setting next_dagrun for example_weekday_branch_operator to 2021-06-23 00:00:00+00:00
[2021-06-25 09:50:16,306] {scheduler_job.py:190} INFO - Processing /home/airflow/sandbox/lib/python3.8/site-packages/airflow/example_dags/example_branch_day_of_week_operator.py took 0.186 seconds
[2021-06-25 09:50:46,862] {scheduler_job.py:182} INFO - Started process (PID=21547) to work on /home/airflow/sandbox/lib/python3.8/site-packages/airflow/example_dags/example_branch_day_of_week_operator.py
[2021-06-25 09:50:46,867] {scheduler_job.py:633} INFO - Processing file /home/airflow/sandbox/lib/python3.8/site-packages/airflow/example_dags/example_branch_day_of_week_operator.py for tasks to queue
[2021-06-25 09:50:46,872] {logging_mixin.py:104} INFO - [2021-06-25 09:50:46,872] {dagbag.py:487} INFO - Filling up the DagBag from /home/airflow/sandbox/lib/python3.8/site-packages/airflow/example_dags/example_branch_day_of_week_operator.py
[2021-06-25 09:50:46,896] {scheduler_job.py:643} INFO - DAG(s) dict_keys(['example_weekday_branch_operator']) retrieved from /home/airflow/sandbox/lib/python3.8/site-packages/airflow/example_dags/example_branch_day_of_week_operator.py
[2021-06-25 09:50:46,944] {logging_mixin.py:104} INFO - [2021-06-25 09:50:46,944] {dag.py:1832} INFO - Sync 1 DAGs
[2021-06-25 09:50:46,983] {logging_mixin.py:104} INFO - [2021-06-25 09:50:46,983] {dag.py:2305} INFO - Setting next_dagrun for example_weekday_branch_operator to 2021-06-23 00:00:00+00:00
[2021-06-25 09:50:47,012] {scheduler_job.py:190} INFO - Processing /home/airflow/sandbox/lib/python3.8/site-packages/airflow/example_dags/example_branch_day_of_week_operator.py took 0.157 seconds
[2021-06-25 09:51:17,884] {scheduler_job.py:182} INFO - Started process (PID=21747) to work on /home/airflow/sandbox/lib/python3.8/site-packages/airflow/example_dags/example_branch_day_of_week_operator.py
[2021-06-25 09:51:17,887] {scheduler_job.py:633} INFO - Processing file /home/airflow/sandbox/lib/python3.8/site-packages/airflow/example_dags/example_branch_day_of_week_operator.py for tasks to queue
[2021-06-25 09:51:17,889] {logging_mixin.py:104} INFO - [2021-06-25 09:51:17,889] {dagbag.py:487} INFO - Filling up the DagBag from /home/airflow/sandbox/lib/python3.8/site-packages/airflow/example_dags/example_branch_day_of_week_operator.py
[2021-06-25 09:51:17,908] {scheduler_job.py:643} INFO - DAG(s) dict_keys(['example_weekday_branch_operator']) retrieved from /home/airflow/sandbox/lib/python3.8/site-packages/airflow/example_dags/example_branch_day_of_week_operator.py
[2021-06-25 09:51:17,943] {logging_mixin.py:104} INFO - [2021-06-25 09:51:17,943] {dag.py:1832} INFO - Sync 1 DAGs
[2021-06-25 09:51:17,967] {logging_mixin.py:104} INFO - [2021-06-25 09:51:17,967] {dag.py:2305} INFO - Setting next_dagrun for example_weekday_branch_operator to 2021-06-23 00:00:00+00:00
[2021-06-25 09:51:17,979] {scheduler_job.py:190} INFO - Processing /home/airflow/sandbox/lib/python3.8/site-packages/airflow/example_dags/example_branch_day_of_week_operator.py took 0.108 seconds
[2021-06-25 09:51:48,505] {scheduler_job.py:182} INFO - Started process (PID=21940) to work on /home/airflow/sandbox/lib/python3.8/site-packages/airflow/example_dags/example_branch_day_of_week_operator.py
[2021-06-25 09:51:48,513] {scheduler_job.py:633} INFO - Processing file /home/airflow/sandbox/lib/python3.8/site-packages/airflow/example_dags/example_branch_day_of_week_operator.py for tasks to queue
[2021-06-25 09:51:48,514] {logging_mixin.py:104} INFO - [2021-06-25 09:51:48,514] {dagbag.py:487} INFO - Filling up the DagBag from /home/airflow/sandbox/lib/python3.8/site-packages/airflow/example_dags/example_branch_day_of_week_operator.py
[2021-06-25 09:51:48,550] {scheduler_job.py:643} INFO - DAG(s) dict_keys(['example_weekday_branch_operator']) retrieved from /home/airflow/sandbox/lib/python3.8/site-packages/airflow/example_dags/example_branch_day_of_week_operator.py
[2021-06-25 09:51:48,633] {logging_mixin.py:104} INFO - [2021-06-25 09:51:48,633] {dag.py:1832} INFO - Sync 1 DAGs
[2021-06-25 09:51:48,698] {logging_mixin.py:104} INFO - [2021-06-25 09:51:48,698] {dag.py:2305} INFO - Setting next_dagrun for example_weekday_branch_operator to 2021-06-23 00:00:00+00:00
[2021-06-25 09:51:48,741] {scheduler_job.py:190} INFO - Processing /home/airflow/sandbox/lib/python3.8/site-packages/airflow/example_dags/example_branch_day_of_week_operator.py took 0.256 seconds
[2021-06-25 09:52:18,937] {scheduler_job.py:182} INFO - Started process (PID=22144) to work on /home/airflow/sandbox/lib/python3.8/site-packages/airflow/example_dags/example_branch_day_of_week_operator.py
[2021-06-25 09:52:18,943] {scheduler_job.py:633} INFO - Processing file /home/airflow/sandbox/lib/python3.8/site-packages/airflow/example_dags/example_branch_day_of_week_operator.py for tasks to queue
[2021-06-25 09:52:18,951] {logging_mixin.py:104} INFO - [2021-06-25 09:52:18,951] {dagbag.py:487} INFO - Filling up the DagBag from /home/airflow/sandbox/lib/python3.8/site-packages/airflow/example_dags/example_branch_day_of_week_operator.py
[2021-06-25 09:52:18,967] {scheduler_job.py:643} INFO - DAG(s) dict_keys(['example_weekday_branch_operator']) retrieved from /home/airflow/sandbox/lib/python3.8/site-packages/airflow/example_dags/example_branch_day_of_week_operator.py
[2021-06-25 09:52:19,017] {logging_mixin.py:104} INFO - [2021-06-25 09:52:19,017] {dag.py:1832} INFO - Sync 1 DAGs
[2021-06-25 09:52:19,053] {logging_mixin.py:104} INFO - [2021-06-25 09:52:19,053] {dag.py:2305} INFO - Setting next_dagrun for example_weekday_branch_operator to 2021-06-23 00:00:00+00:00
[2021-06-25 09:52:19,075] {scheduler_job.py:190} INFO - Processing /home/airflow/sandbox/lib/python3.8/site-packages/airflow/example_dags/example_branch_day_of_week_operator.py took 0.142 seconds
[2021-06-25 09:52:49,150] {scheduler_job.py:182} INFO - Started process (PID=22340) to work on /home/airflow/sandbox/lib/python3.8/site-packages/airflow/example_dags/example_branch_day_of_week_operator.py
[2021-06-25 09:52:49,153] {scheduler_job.py:633} INFO - Processing file /home/airflow/sandbox/lib/python3.8/site-packages/airflow/example_dags/example_branch_day_of_week_operator.py for tasks to queue
[2021-06-25 09:52:49,155] {logging_mixin.py:104} INFO - [2021-06-25 09:52:49,155] {dagbag.py:487} INFO - Filling up the DagBag from /home/airflow/sandbox/lib/python3.8/site-packages/airflow/example_dags/example_branch_day_of_week_operator.py
[2021-06-25 09:52:49,182] {scheduler_job.py:643} INFO - DAG(s) dict_keys(['example_weekday_branch_operator']) retrieved from /home/airflow/sandbox/lib/python3.8/site-packages/airflow/example_dags/example_branch_day_of_week_operator.py
[2021-06-25 09:52:49,244] {logging_mixin.py:104} INFO - [2021-06-25 09:52:49,243] {dag.py:1832} INFO - Sync 1 DAGs
[2021-06-25 09:52:49,344] {logging_mixin.py:104} INFO - [2021-06-25 09:52:49,344] {dag.py:2305} INFO - Setting next_dagrun for example_weekday_branch_operator to 2021-06-23 00:00:00+00:00
[2021-06-25 09:52:49,435] {scheduler_job.py:190} INFO - Processing /home/airflow/sandbox/lib/python3.8/site-packages/airflow/example_dags/example_branch_day_of_week_operator.py took 0.293 seconds
[2021-06-25 09:53:19,950] {scheduler_job.py:182} INFO - Started process (PID=22542) to work on /home/airflow/sandbox/lib/python3.8/site-packages/airflow/example_dags/example_branch_day_of_week_operator.py
[2021-06-25 09:53:19,955] {scheduler_job.py:633} INFO - Processing file /home/airflow/sandbox/lib/python3.8/site-packages/airflow/example_dags/example_branch_day_of_week_operator.py for tasks to queue
[2021-06-25 09:53:19,959] {logging_mixin.py:104} INFO - [2021-06-25 09:53:19,959] {dagbag.py:487} INFO - Filling up the DagBag from /home/airflow/sandbox/lib/python3.8/site-packages/airflow/example_dags/example_branch_day_of_week_operator.py
[2021-06-25 09:53:19,985] {scheduler_job.py:643} INFO - DAG(s) dict_keys(['example_weekday_branch_operator']) retrieved from /home/airflow/sandbox/lib/python3.8/site-packages/airflow/example_dags/example_branch_day_of_week_operator.py
[2021-06-25 09:53:20,049] {logging_mixin.py:104} INFO - [2021-06-25 09:53:20,048] {dag.py:1832} INFO - Sync 1 DAGs
[2021-06-25 09:53:20,077] {logging_mixin.py:104} INFO - [2021-06-25 09:53:20,076] {dag.py:2305} INFO - Setting next_dagrun for example_weekday_branch_operator to 2021-06-23 00:00:00+00:00
[2021-06-25 09:53:20,095] {scheduler_job.py:190} INFO - Processing /home/airflow/sandbox/lib/python3.8/site-packages/airflow/example_dags/example_branch_day_of_week_operator.py took 0.157 seconds
[2021-06-25 09:53:51,269] {scheduler_job.py:182} INFO - Started process (PID=22743) to work on /home/airflow/sandbox/lib/python3.8/site-packages/airflow/example_dags/example_branch_day_of_week_operator.py
[2021-06-25 09:53:51,270] {scheduler_job.py:633} INFO - Processing file /home/airflow/sandbox/lib/python3.8/site-packages/airflow/example_dags/example_branch_day_of_week_operator.py for tasks to queue
[2021-06-25 09:53:51,272] {logging_mixin.py:104} INFO - [2021-06-25 09:53:51,272] {dagbag.py:487} INFO - Filling up the DagBag from /home/airflow/sandbox/lib/python3.8/site-packages/airflow/example_dags/example_branch_day_of_week_operator.py
[2021-06-25 09:53:51,304] {scheduler_job.py:643} INFO - DAG(s) dict_keys(['example_weekday_branch_operator']) retrieved from /home/airflow/sandbox/lib/python3.8/site-packages/airflow/example_dags/example_branch_day_of_week_operator.py
[2021-06-25 09:53:51,359] {logging_mixin.py:104} INFO - [2021-06-25 09:53:51,359] {dag.py:1832} INFO - Sync 1 DAGs
[2021-06-25 09:53:51,385] {logging_mixin.py:104} INFO - [2021-06-25 09:53:51,385] {dag.py:2305} INFO - Setting next_dagrun for example_weekday_branch_operator to 2021-06-23 00:00:00+00:00
[2021-06-25 09:53:51,404] {scheduler_job.py:190} INFO - Processing /home/airflow/sandbox/lib/python3.8/site-packages/airflow/example_dags/example_branch_day_of_week_operator.py took 0.140 seconds
[2021-06-25 09:54:23,085] {scheduler_job.py:182} INFO - Started process (PID=22944) to work on /home/airflow/sandbox/lib/python3.8/site-packages/airflow/example_dags/example_branch_day_of_week_operator.py
[2021-06-25 09:54:23,092] {scheduler_job.py:633} INFO - Processing file /home/airflow/sandbox/lib/python3.8/site-packages/airflow/example_dags/example_branch_day_of_week_operator.py for tasks to queue
[2021-06-25 09:54:23,096] {logging_mixin.py:104} INFO - [2021-06-25 09:54:23,096] {dagbag.py:487} INFO - Filling up the DagBag from /home/airflow/sandbox/lib/python3.8/site-packages/airflow/example_dags/example_branch_day_of_week_operator.py
[2021-06-25 09:54:23,174] {scheduler_job.py:643} INFO - DAG(s) dict_keys(['example_weekday_branch_operator']) retrieved from /home/airflow/sandbox/lib/python3.8/site-packages/airflow/example_dags/example_branch_day_of_week_operator.py
[2021-06-25 09:54:23,266] {logging_mixin.py:104} INFO - [2021-06-25 09:54:23,266] {dag.py:1832} INFO - Sync 1 DAGs
[2021-06-25 09:54:23,396] {logging_mixin.py:104} INFO - [2021-06-25 09:54:23,396] {dag.py:2305} INFO - Setting next_dagrun for example_weekday_branch_operator to 2021-06-23 00:00:00+00:00
[2021-06-25 09:54:23,450] {scheduler_job.py:190} INFO - Processing /home/airflow/sandbox/lib/python3.8/site-packages/airflow/example_dags/example_branch_day_of_week_operator.py took 0.371 seconds
