[2021-06-25 08:55:18,132] {scheduler_job.py:182} INFO - Started process (PID=2155) to work on /home/airflow/sandbox/lib/python3.8/site-packages/airflow/example_dags/example_latest_only.py
[2021-06-25 08:55:18,172] {scheduler_job.py:633} INFO - Processing file /home/airflow/sandbox/lib/python3.8/site-packages/airflow/example_dags/example_latest_only.py for tasks to queue
[2021-06-25 08:55:18,173] {logging_mixin.py:104} INFO - [2021-06-25 08:55:18,172] {dagbag.py:487} INFO - Filling up the DagBag from /home/airflow/sandbox/lib/python3.8/site-packages/airflow/example_dags/example_latest_only.py
[2021-06-25 08:55:18,237] {scheduler_job.py:643} INFO - DAG(s) dict_keys(['latest_only']) retrieved from /home/airflow/sandbox/lib/python3.8/site-packages/airflow/example_dags/example_latest_only.py
[2021-06-25 08:55:21,565] {logging_mixin.py:104} INFO - [2021-06-25 08:55:21,564] {dag.py:1832} INFO - Sync 1 DAGs
[2021-06-25 08:55:21,709] {logging_mixin.py:104} INFO - [2021-06-25 08:55:21,709] {dag.py:2305} INFO - Setting next_dagrun for latest_only to 2021-06-23 00:00:00+00:00
[2021-06-25 08:55:21,937] {scheduler_job.py:190} INFO - Processing /home/airflow/sandbox/lib/python3.8/site-packages/airflow/example_dags/example_latest_only.py took 3.810 seconds
[2021-06-25 09:15:20,213] {scheduler_job.py:182} INFO - Started process (PID=3652) to work on /home/airflow/sandbox/lib/python3.8/site-packages/airflow/example_dags/example_latest_only.py
[2021-06-25 09:15:20,230] {scheduler_job.py:633} INFO - Processing file /home/airflow/sandbox/lib/python3.8/site-packages/airflow/example_dags/example_latest_only.py for tasks to queue
[2021-06-25 09:15:20,240] {logging_mixin.py:104} INFO - [2021-06-25 09:15:20,239] {dagbag.py:487} INFO - Filling up the DagBag from /home/airflow/sandbox/lib/python3.8/site-packages/airflow/example_dags/example_latest_only.py
[2021-06-25 09:15:20,285] {scheduler_job.py:643} INFO - DAG(s) dict_keys(['latest_only']) retrieved from /home/airflow/sandbox/lib/python3.8/site-packages/airflow/example_dags/example_latest_only.py
[2021-06-25 09:15:20,394] {logging_mixin.py:104} INFO - [2021-06-25 09:15:20,394] {dag.py:1832} INFO - Sync 1 DAGs
[2021-06-25 09:15:20,459] {logging_mixin.py:104} INFO - [2021-06-25 09:15:20,459] {dag.py:2305} INFO - Setting next_dagrun for latest_only to 2021-06-23 00:00:00+00:00
[2021-06-25 09:15:20,522] {scheduler_job.py:190} INFO - Processing /home/airflow/sandbox/lib/python3.8/site-packages/airflow/example_dags/example_latest_only.py took 0.326 seconds
[2021-06-25 09:16:00,026] {scheduler_job.py:182} INFO - Started process (PID=3734) to work on /home/airflow/sandbox/lib/python3.8/site-packages/airflow/example_dags/example_latest_only.py
[2021-06-25 09:16:00,041] {scheduler_job.py:633} INFO - Processing file /home/airflow/sandbox/lib/python3.8/site-packages/airflow/example_dags/example_latest_only.py for tasks to queue
[2021-06-25 09:16:00,046] {logging_mixin.py:104} INFO - [2021-06-25 09:16:00,046] {dagbag.py:487} INFO - Filling up the DagBag from /home/airflow/sandbox/lib/python3.8/site-packages/airflow/example_dags/example_latest_only.py
[2021-06-25 09:16:00,190] {scheduler_job.py:643} INFO - DAG(s) dict_keys(['latest_only']) retrieved from /home/airflow/sandbox/lib/python3.8/site-packages/airflow/example_dags/example_latest_only.py
[2021-06-25 09:16:00,312] {logging_mixin.py:104} INFO - [2021-06-25 09:16:00,312] {dag.py:1832} INFO - Sync 1 DAGs
[2021-06-25 09:16:00,345] {logging_mixin.py:104} INFO - [2021-06-25 09:16:00,345] {dag.py:2305} INFO - Setting next_dagrun for latest_only to 2021-06-23 00:00:00+00:00
[2021-06-25 09:16:00,392] {scheduler_job.py:190} INFO - Processing /home/airflow/sandbox/lib/python3.8/site-packages/airflow/example_dags/example_latest_only.py took 0.424 seconds
[2021-06-25 09:17:14,961] {scheduler_job.py:182} INFO - Started process (PID=4748) to work on /home/airflow/sandbox/lib/python3.8/site-packages/airflow/example_dags/example_latest_only.py
[2021-06-25 09:17:14,968] {scheduler_job.py:633} INFO - Processing file /home/airflow/sandbox/lib/python3.8/site-packages/airflow/example_dags/example_latest_only.py for tasks to queue
[2021-06-25 09:17:15,006] {logging_mixin.py:104} INFO - [2021-06-25 09:17:15,004] {dagbag.py:487} INFO - Filling up the DagBag from /home/airflow/sandbox/lib/python3.8/site-packages/airflow/example_dags/example_latest_only.py
[2021-06-25 09:17:15,121] {scheduler_job.py:643} INFO - DAG(s) dict_keys(['latest_only']) retrieved from /home/airflow/sandbox/lib/python3.8/site-packages/airflow/example_dags/example_latest_only.py
[2021-06-25 09:17:15,439] {logging_mixin.py:104} INFO - [2021-06-25 09:17:15,439] {dag.py:1832} INFO - Sync 1 DAGs
[2021-06-25 09:17:15,643] {logging_mixin.py:104} INFO - [2021-06-25 09:17:15,642] {dag.py:2305} INFO - Setting next_dagrun for latest_only to 2021-06-23 00:00:00+00:00
[2021-06-25 09:17:15,739] {scheduler_job.py:190} INFO - Processing /home/airflow/sandbox/lib/python3.8/site-packages/airflow/example_dags/example_latest_only.py took 0.853 seconds
[2021-06-25 09:17:48,946] {scheduler_job.py:182} INFO - Started process (PID=5608) to work on /home/airflow/sandbox/lib/python3.8/site-packages/airflow/example_dags/example_latest_only.py
[2021-06-25 09:17:48,958] {scheduler_job.py:633} INFO - Processing file /home/airflow/sandbox/lib/python3.8/site-packages/airflow/example_dags/example_latest_only.py for tasks to queue
[2021-06-25 09:17:48,968] {logging_mixin.py:104} INFO - [2021-06-25 09:17:48,968] {dagbag.py:487} INFO - Filling up the DagBag from /home/airflow/sandbox/lib/python3.8/site-packages/airflow/example_dags/example_latest_only.py
[2021-06-25 09:17:49,106] {scheduler_job.py:643} INFO - DAG(s) dict_keys(['latest_only']) retrieved from /home/airflow/sandbox/lib/python3.8/site-packages/airflow/example_dags/example_latest_only.py
[2021-06-25 09:17:49,390] {logging_mixin.py:104} INFO - [2021-06-25 09:17:49,390] {dag.py:1832} INFO - Sync 1 DAGs
[2021-06-25 09:17:49,517] {logging_mixin.py:104} INFO - [2021-06-25 09:17:49,516] {dag.py:2305} INFO - Setting next_dagrun for latest_only to 2021-06-23 00:00:00+00:00
[2021-06-25 09:17:49,624] {scheduler_job.py:190} INFO - Processing /home/airflow/sandbox/lib/python3.8/site-packages/airflow/example_dags/example_latest_only.py took 0.863 seconds
[2021-06-25 09:18:36,193] {scheduler_job.py:182} INFO - Started process (PID=6902) to work on /home/airflow/sandbox/lib/python3.8/site-packages/airflow/example_dags/example_latest_only.py
[2021-06-25 09:18:36,223] {scheduler_job.py:633} INFO - Processing file /home/airflow/sandbox/lib/python3.8/site-packages/airflow/example_dags/example_latest_only.py for tasks to queue
[2021-06-25 09:18:36,225] {logging_mixin.py:104} INFO - [2021-06-25 09:18:36,225] {dagbag.py:487} INFO - Filling up the DagBag from /home/airflow/sandbox/lib/python3.8/site-packages/airflow/example_dags/example_latest_only.py
[2021-06-25 09:18:36,293] {scheduler_job.py:643} INFO - DAG(s) dict_keys(['latest_only']) retrieved from /home/airflow/sandbox/lib/python3.8/site-packages/airflow/example_dags/example_latest_only.py
[2021-06-25 09:18:36,484] {logging_mixin.py:104} INFO - [2021-06-25 09:18:36,484] {dag.py:1832} INFO - Sync 1 DAGs
[2021-06-25 09:18:36,662] {logging_mixin.py:104} INFO - [2021-06-25 09:18:36,662] {dag.py:2305} INFO - Setting next_dagrun for latest_only to 2021-06-23 00:00:00+00:00
[2021-06-25 09:18:36,766] {scheduler_job.py:190} INFO - Processing /home/airflow/sandbox/lib/python3.8/site-packages/airflow/example_dags/example_latest_only.py took 0.604 seconds
[2021-06-25 09:19:25,385] {scheduler_job.py:182} INFO - Started process (PID=8259) to work on /home/airflow/sandbox/lib/python3.8/site-packages/airflow/example_dags/example_latest_only.py
[2021-06-25 09:19:25,409] {scheduler_job.py:633} INFO - Processing file /home/airflow/sandbox/lib/python3.8/site-packages/airflow/example_dags/example_latest_only.py for tasks to queue
[2021-06-25 09:19:25,479] {logging_mixin.py:104} INFO - [2021-06-25 09:19:25,479] {dagbag.py:487} INFO - Filling up the DagBag from /home/airflow/sandbox/lib/python3.8/site-packages/airflow/example_dags/example_latest_only.py
[2021-06-25 09:19:25,901] {scheduler_job.py:643} INFO - DAG(s) dict_keys(['latest_only']) retrieved from /home/airflow/sandbox/lib/python3.8/site-packages/airflow/example_dags/example_latest_only.py
[2021-06-25 09:19:26,528] {logging_mixin.py:104} INFO - [2021-06-25 09:19:26,528] {dag.py:1832} INFO - Sync 1 DAGs
[2021-06-25 09:19:27,305] {logging_mixin.py:104} INFO - [2021-06-25 09:19:27,305] {dag.py:2305} INFO - Setting next_dagrun for latest_only to 2021-06-23 00:00:00+00:00
[2021-06-25 09:19:27,674] {scheduler_job.py:190} INFO - Processing /home/airflow/sandbox/lib/python3.8/site-packages/airflow/example_dags/example_latest_only.py took 2.592 seconds
[2021-06-25 09:20:10,719] {scheduler_job.py:182} INFO - Started process (PID=9555) to work on /home/airflow/sandbox/lib/python3.8/site-packages/airflow/example_dags/example_latest_only.py
[2021-06-25 09:20:10,772] {scheduler_job.py:633} INFO - Processing file /home/airflow/sandbox/lib/python3.8/site-packages/airflow/example_dags/example_latest_only.py for tasks to queue
[2021-06-25 09:20:10,774] {logging_mixin.py:104} INFO - [2021-06-25 09:20:10,774] {dagbag.py:487} INFO - Filling up the DagBag from /home/airflow/sandbox/lib/python3.8/site-packages/airflow/example_dags/example_latest_only.py
[2021-06-25 09:20:11,041] {scheduler_job.py:643} INFO - DAG(s) dict_keys(['latest_only']) retrieved from /home/airflow/sandbox/lib/python3.8/site-packages/airflow/example_dags/example_latest_only.py
[2021-06-25 09:20:11,523] {logging_mixin.py:104} INFO - [2021-06-25 09:20:11,523] {dag.py:1832} INFO - Sync 1 DAGs
[2021-06-25 09:20:11,849] {logging_mixin.py:104} INFO - [2021-06-25 09:20:11,827] {dag.py:2305} INFO - Setting next_dagrun for latest_only to 2021-06-23 00:00:00+00:00
[2021-06-25 09:20:12,020] {scheduler_job.py:190} INFO - Processing /home/airflow/sandbox/lib/python3.8/site-packages/airflow/example_dags/example_latest_only.py took 1.421 seconds
[2021-06-25 09:20:42,774] {scheduler_job.py:182} INFO - Started process (PID=9918) to work on /home/airflow/sandbox/lib/python3.8/site-packages/airflow/example_dags/example_latest_only.py
[2021-06-25 09:20:42,778] {scheduler_job.py:633} INFO - Processing file /home/airflow/sandbox/lib/python3.8/site-packages/airflow/example_dags/example_latest_only.py for tasks to queue
[2021-06-25 09:20:42,781] {logging_mixin.py:104} INFO - [2021-06-25 09:20:42,781] {dagbag.py:487} INFO - Filling up the DagBag from /home/airflow/sandbox/lib/python3.8/site-packages/airflow/example_dags/example_latest_only.py
[2021-06-25 09:20:42,805] {scheduler_job.py:643} INFO - DAG(s) dict_keys(['latest_only']) retrieved from /home/airflow/sandbox/lib/python3.8/site-packages/airflow/example_dags/example_latest_only.py
[2021-06-25 09:20:42,842] {logging_mixin.py:104} INFO - [2021-06-25 09:20:42,842] {dag.py:1832} INFO - Sync 1 DAGs
[2021-06-25 09:20:42,880] {logging_mixin.py:104} INFO - [2021-06-25 09:20:42,880] {dag.py:2305} INFO - Setting next_dagrun for latest_only to 2021-06-23 00:00:00+00:00
[2021-06-25 09:20:42,901] {scheduler_job.py:190} INFO - Processing /home/airflow/sandbox/lib/python3.8/site-packages/airflow/example_dags/example_latest_only.py took 0.132 seconds
[2021-06-25 09:21:13,089] {scheduler_job.py:182} INFO - Started process (PID=9987) to work on /home/airflow/sandbox/lib/python3.8/site-packages/airflow/example_dags/example_latest_only.py
[2021-06-25 09:21:13,092] {scheduler_job.py:633} INFO - Processing file /home/airflow/sandbox/lib/python3.8/site-packages/airflow/example_dags/example_latest_only.py for tasks to queue
[2021-06-25 09:21:13,094] {logging_mixin.py:104} INFO - [2021-06-25 09:21:13,094] {dagbag.py:487} INFO - Filling up the DagBag from /home/airflow/sandbox/lib/python3.8/site-packages/airflow/example_dags/example_latest_only.py
[2021-06-25 09:21:13,113] {scheduler_job.py:643} INFO - DAG(s) dict_keys(['latest_only']) retrieved from /home/airflow/sandbox/lib/python3.8/site-packages/airflow/example_dags/example_latest_only.py
[2021-06-25 09:21:13,157] {logging_mixin.py:104} INFO - [2021-06-25 09:21:13,157] {dag.py:1832} INFO - Sync 1 DAGs
[2021-06-25 09:21:13,183] {logging_mixin.py:104} INFO - [2021-06-25 09:21:13,183] {dag.py:2305} INFO - Setting next_dagrun for latest_only to 2021-06-23 00:00:00+00:00
[2021-06-25 09:21:13,198] {scheduler_job.py:190} INFO - Processing /home/airflow/sandbox/lib/python3.8/site-packages/airflow/example_dags/example_latest_only.py took 0.115 seconds
[2021-06-25 09:21:43,333] {scheduler_job.py:182} INFO - Started process (PID=10055) to work on /home/airflow/sandbox/lib/python3.8/site-packages/airflow/example_dags/example_latest_only.py
[2021-06-25 09:21:43,335] {scheduler_job.py:633} INFO - Processing file /home/airflow/sandbox/lib/python3.8/site-packages/airflow/example_dags/example_latest_only.py for tasks to queue
[2021-06-25 09:21:43,336] {logging_mixin.py:104} INFO - [2021-06-25 09:21:43,336] {dagbag.py:487} INFO - Filling up the DagBag from /home/airflow/sandbox/lib/python3.8/site-packages/airflow/example_dags/example_latest_only.py
[2021-06-25 09:21:43,351] {scheduler_job.py:643} INFO - DAG(s) dict_keys(['latest_only']) retrieved from /home/airflow/sandbox/lib/python3.8/site-packages/airflow/example_dags/example_latest_only.py
[2021-06-25 09:21:43,387] {logging_mixin.py:104} INFO - [2021-06-25 09:21:43,387] {dag.py:1832} INFO - Sync 1 DAGs
[2021-06-25 09:21:43,414] {logging_mixin.py:104} INFO - [2021-06-25 09:21:43,414] {dag.py:2305} INFO - Setting next_dagrun for latest_only to 2021-06-23 00:00:00+00:00
[2021-06-25 09:21:43,433] {scheduler_job.py:190} INFO - Processing /home/airflow/sandbox/lib/python3.8/site-packages/airflow/example_dags/example_latest_only.py took 0.112 seconds
[2021-06-25 09:22:13,506] {scheduler_job.py:182} INFO - Started process (PID=10127) to work on /home/airflow/sandbox/lib/python3.8/site-packages/airflow/example_dags/example_latest_only.py
[2021-06-25 09:22:13,508] {scheduler_job.py:633} INFO - Processing file /home/airflow/sandbox/lib/python3.8/site-packages/airflow/example_dags/example_latest_only.py for tasks to queue
[2021-06-25 09:22:13,509] {logging_mixin.py:104} INFO - [2021-06-25 09:22:13,509] {dagbag.py:487} INFO - Filling up the DagBag from /home/airflow/sandbox/lib/python3.8/site-packages/airflow/example_dags/example_latest_only.py
[2021-06-25 09:22:13,522] {scheduler_job.py:643} INFO - DAG(s) dict_keys(['latest_only']) retrieved from /home/airflow/sandbox/lib/python3.8/site-packages/airflow/example_dags/example_latest_only.py
[2021-06-25 09:22:13,553] {logging_mixin.py:104} INFO - [2021-06-25 09:22:13,553] {dag.py:1832} INFO - Sync 1 DAGs
[2021-06-25 09:22:13,571] {logging_mixin.py:104} INFO - [2021-06-25 09:22:13,571] {dag.py:2305} INFO - Setting next_dagrun for latest_only to 2021-06-23 00:00:00+00:00
[2021-06-25 09:22:13,588] {scheduler_job.py:190} INFO - Processing /home/airflow/sandbox/lib/python3.8/site-packages/airflow/example_dags/example_latest_only.py took 0.088 seconds
[2021-06-25 09:22:44,894] {scheduler_job.py:182} INFO - Started process (PID=10198) to work on /home/airflow/sandbox/lib/python3.8/site-packages/airflow/example_dags/example_latest_only.py
[2021-06-25 09:22:44,897] {scheduler_job.py:633} INFO - Processing file /home/airflow/sandbox/lib/python3.8/site-packages/airflow/example_dags/example_latest_only.py for tasks to queue
[2021-06-25 09:22:44,900] {logging_mixin.py:104} INFO - [2021-06-25 09:22:44,900] {dagbag.py:487} INFO - Filling up the DagBag from /home/airflow/sandbox/lib/python3.8/site-packages/airflow/example_dags/example_latest_only.py
[2021-06-25 09:22:44,935] {scheduler_job.py:643} INFO - DAG(s) dict_keys(['latest_only']) retrieved from /home/airflow/sandbox/lib/python3.8/site-packages/airflow/example_dags/example_latest_only.py
[2021-06-25 09:22:44,974] {logging_mixin.py:104} INFO - [2021-06-25 09:22:44,973] {dag.py:1832} INFO - Sync 1 DAGs
[2021-06-25 09:22:44,997] {logging_mixin.py:104} INFO - [2021-06-25 09:22:44,997] {dag.py:2305} INFO - Setting next_dagrun for latest_only to 2021-06-23 00:00:00+00:00
[2021-06-25 09:22:45,017] {scheduler_job.py:190} INFO - Processing /home/airflow/sandbox/lib/python3.8/site-packages/airflow/example_dags/example_latest_only.py took 0.131 seconds
[2021-06-25 09:24:06,126] {scheduler_job.py:182} INFO - Started process (PID=10464) to work on /home/airflow/sandbox/lib/python3.8/site-packages/airflow/example_dags/example_latest_only.py
[2021-06-25 09:24:06,134] {scheduler_job.py:633} INFO - Processing file /home/airflow/sandbox/lib/python3.8/site-packages/airflow/example_dags/example_latest_only.py for tasks to queue
[2021-06-25 09:24:06,139] {logging_mixin.py:104} INFO - [2021-06-25 09:24:06,138] {dagbag.py:487} INFO - Filling up the DagBag from /home/airflow/sandbox/lib/python3.8/site-packages/airflow/example_dags/example_latest_only.py
[2021-06-25 09:24:06,169] {scheduler_job.py:643} INFO - DAG(s) dict_keys(['latest_only']) retrieved from /home/airflow/sandbox/lib/python3.8/site-packages/airflow/example_dags/example_latest_only.py
[2021-06-25 09:24:06,211] {logging_mixin.py:104} INFO - [2021-06-25 09:24:06,211] {dag.py:1832} INFO - Sync 1 DAGs
[2021-06-25 09:24:06,236] {logging_mixin.py:104} INFO - [2021-06-25 09:24:06,236] {dag.py:2305} INFO - Setting next_dagrun for latest_only to 2021-06-23 00:00:00+00:00
[2021-06-25 09:24:06,252] {scheduler_job.py:190} INFO - Processing /home/airflow/sandbox/lib/python3.8/site-packages/airflow/example_dags/example_latest_only.py took 0.130 seconds
[2021-06-25 09:24:37,148] {scheduler_job.py:182} INFO - Started process (PID=10677) to work on /home/airflow/sandbox/lib/python3.8/site-packages/airflow/example_dags/example_latest_only.py
[2021-06-25 09:24:37,152] {scheduler_job.py:633} INFO - Processing file /home/airflow/sandbox/lib/python3.8/site-packages/airflow/example_dags/example_latest_only.py for tasks to queue
[2021-06-25 09:24:37,157] {logging_mixin.py:104} INFO - [2021-06-25 09:24:37,156] {dagbag.py:487} INFO - Filling up the DagBag from /home/airflow/sandbox/lib/python3.8/site-packages/airflow/example_dags/example_latest_only.py
[2021-06-25 09:24:37,178] {scheduler_job.py:643} INFO - DAG(s) dict_keys(['latest_only']) retrieved from /home/airflow/sandbox/lib/python3.8/site-packages/airflow/example_dags/example_latest_only.py
[2021-06-25 09:24:37,242] {logging_mixin.py:104} INFO - [2021-06-25 09:24:37,242] {dag.py:1832} INFO - Sync 1 DAGs
[2021-06-25 09:24:37,273] {logging_mixin.py:104} INFO - [2021-06-25 09:24:37,273] {dag.py:2305} INFO - Setting next_dagrun for latest_only to 2021-06-23 00:00:00+00:00
[2021-06-25 09:24:37,297] {scheduler_job.py:190} INFO - Processing /home/airflow/sandbox/lib/python3.8/site-packages/airflow/example_dags/example_latest_only.py took 0.155 seconds
[2021-06-25 09:25:08,074] {scheduler_job.py:182} INFO - Started process (PID=10874) to work on /home/airflow/sandbox/lib/python3.8/site-packages/airflow/example_dags/example_latest_only.py
[2021-06-25 09:25:08,076] {scheduler_job.py:633} INFO - Processing file /home/airflow/sandbox/lib/python3.8/site-packages/airflow/example_dags/example_latest_only.py for tasks to queue
[2021-06-25 09:25:08,077] {logging_mixin.py:104} INFO - [2021-06-25 09:25:08,076] {dagbag.py:487} INFO - Filling up the DagBag from /home/airflow/sandbox/lib/python3.8/site-packages/airflow/example_dags/example_latest_only.py
[2021-06-25 09:25:08,104] {scheduler_job.py:643} INFO - DAG(s) dict_keys(['latest_only']) retrieved from /home/airflow/sandbox/lib/python3.8/site-packages/airflow/example_dags/example_latest_only.py
[2021-06-25 09:25:08,138] {logging_mixin.py:104} INFO - [2021-06-25 09:25:08,138] {dag.py:1832} INFO - Sync 1 DAGs
[2021-06-25 09:25:08,176] {logging_mixin.py:104} INFO - [2021-06-25 09:25:08,176] {dag.py:2305} INFO - Setting next_dagrun for latest_only to 2021-06-23 00:00:00+00:00
[2021-06-25 09:25:08,216] {scheduler_job.py:190} INFO - Processing /home/airflow/sandbox/lib/python3.8/site-packages/airflow/example_dags/example_latest_only.py took 0.147 seconds
[2021-06-25 09:25:39,076] {scheduler_job.py:182} INFO - Started process (PID=11074) to work on /home/airflow/sandbox/lib/python3.8/site-packages/airflow/example_dags/example_latest_only.py
[2021-06-25 09:25:39,080] {scheduler_job.py:633} INFO - Processing file /home/airflow/sandbox/lib/python3.8/site-packages/airflow/example_dags/example_latest_only.py for tasks to queue
[2021-06-25 09:25:39,084] {logging_mixin.py:104} INFO - [2021-06-25 09:25:39,083] {dagbag.py:487} INFO - Filling up the DagBag from /home/airflow/sandbox/lib/python3.8/site-packages/airflow/example_dags/example_latest_only.py
[2021-06-25 09:25:39,120] {scheduler_job.py:643} INFO - DAG(s) dict_keys(['latest_only']) retrieved from /home/airflow/sandbox/lib/python3.8/site-packages/airflow/example_dags/example_latest_only.py
[2021-06-25 09:25:39,170] {logging_mixin.py:104} INFO - [2021-06-25 09:25:39,170] {dag.py:1832} INFO - Sync 1 DAGs
[2021-06-25 09:25:39,192] {logging_mixin.py:104} INFO - [2021-06-25 09:25:39,191] {dag.py:2305} INFO - Setting next_dagrun for latest_only to 2021-06-23 00:00:00+00:00
[2021-06-25 09:25:39,209] {scheduler_job.py:190} INFO - Processing /home/airflow/sandbox/lib/python3.8/site-packages/airflow/example_dags/example_latest_only.py took 0.136 seconds
[2021-06-25 09:26:10,146] {scheduler_job.py:182} INFO - Started process (PID=11274) to work on /home/airflow/sandbox/lib/python3.8/site-packages/airflow/example_dags/example_latest_only.py
[2021-06-25 09:26:10,148] {scheduler_job.py:633} INFO - Processing file /home/airflow/sandbox/lib/python3.8/site-packages/airflow/example_dags/example_latest_only.py for tasks to queue
[2021-06-25 09:26:10,150] {logging_mixin.py:104} INFO - [2021-06-25 09:26:10,149] {dagbag.py:487} INFO - Filling up the DagBag from /home/airflow/sandbox/lib/python3.8/site-packages/airflow/example_dags/example_latest_only.py
[2021-06-25 09:26:10,171] {scheduler_job.py:643} INFO - DAG(s) dict_keys(['latest_only']) retrieved from /home/airflow/sandbox/lib/python3.8/site-packages/airflow/example_dags/example_latest_only.py
[2021-06-25 09:26:10,217] {logging_mixin.py:104} INFO - [2021-06-25 09:26:10,217] {dag.py:1832} INFO - Sync 1 DAGs
[2021-06-25 09:26:10,244] {logging_mixin.py:104} INFO - [2021-06-25 09:26:10,244] {dag.py:2305} INFO - Setting next_dagrun for latest_only to 2021-06-23 00:00:00+00:00
[2021-06-25 09:26:10,257] {scheduler_job.py:190} INFO - Processing /home/airflow/sandbox/lib/python3.8/site-packages/airflow/example_dags/example_latest_only.py took 0.126 seconds
[2021-06-25 09:27:03,721] {scheduler_job.py:182} INFO - Started process (PID=11631) to work on /home/airflow/sandbox/lib/python3.8/site-packages/airflow/example_dags/example_latest_only.py
[2021-06-25 09:27:03,727] {scheduler_job.py:633} INFO - Processing file /home/airflow/sandbox/lib/python3.8/site-packages/airflow/example_dags/example_latest_only.py for tasks to queue
[2021-06-25 09:27:03,731] {logging_mixin.py:104} INFO - [2021-06-25 09:27:03,731] {dagbag.py:487} INFO - Filling up the DagBag from /home/airflow/sandbox/lib/python3.8/site-packages/airflow/example_dags/example_latest_only.py
[2021-06-25 09:27:03,768] {scheduler_job.py:643} INFO - DAG(s) dict_keys(['latest_only']) retrieved from /home/airflow/sandbox/lib/python3.8/site-packages/airflow/example_dags/example_latest_only.py
[2021-06-25 09:27:03,816] {logging_mixin.py:104} INFO - [2021-06-25 09:27:03,816] {dag.py:1832} INFO - Sync 1 DAGs
[2021-06-25 09:27:03,845] {logging_mixin.py:104} INFO - [2021-06-25 09:27:03,845] {dag.py:2305} INFO - Setting next_dagrun for latest_only to 2021-06-23 00:00:00+00:00
[2021-06-25 09:27:03,864] {scheduler_job.py:190} INFO - Processing /home/airflow/sandbox/lib/python3.8/site-packages/airflow/example_dags/example_latest_only.py took 0.159 seconds
[2021-06-25 09:27:35,184] {scheduler_job.py:182} INFO - Started process (PID=11845) to work on /home/airflow/sandbox/lib/python3.8/site-packages/airflow/example_dags/example_latest_only.py
[2021-06-25 09:27:35,187] {scheduler_job.py:633} INFO - Processing file /home/airflow/sandbox/lib/python3.8/site-packages/airflow/example_dags/example_latest_only.py for tasks to queue
[2021-06-25 09:27:35,190] {logging_mixin.py:104} INFO - [2021-06-25 09:27:35,190] {dagbag.py:487} INFO - Filling up the DagBag from /home/airflow/sandbox/lib/python3.8/site-packages/airflow/example_dags/example_latest_only.py
[2021-06-25 09:27:35,279] {scheduler_job.py:643} INFO - DAG(s) dict_keys(['latest_only']) retrieved from /home/airflow/sandbox/lib/python3.8/site-packages/airflow/example_dags/example_latest_only.py
[2021-06-25 09:27:35,419] {logging_mixin.py:104} INFO - [2021-06-25 09:27:35,419] {dag.py:1832} INFO - Sync 1 DAGs
[2021-06-25 09:27:35,474] {logging_mixin.py:104} INFO - [2021-06-25 09:27:35,474] {dag.py:2305} INFO - Setting next_dagrun for latest_only to 2021-06-23 00:00:00+00:00
[2021-06-25 09:27:35,510] {scheduler_job.py:190} INFO - Processing /home/airflow/sandbox/lib/python3.8/site-packages/airflow/example_dags/example_latest_only.py took 0.336 seconds
[2021-06-25 09:28:08,202] {scheduler_job.py:182} INFO - Started process (PID=12045) to work on /home/airflow/sandbox/lib/python3.8/site-packages/airflow/example_dags/example_latest_only.py
[2021-06-25 09:28:08,206] {scheduler_job.py:633} INFO - Processing file /home/airflow/sandbox/lib/python3.8/site-packages/airflow/example_dags/example_latest_only.py for tasks to queue
[2021-06-25 09:28:08,209] {logging_mixin.py:104} INFO - [2021-06-25 09:28:08,208] {dagbag.py:487} INFO - Filling up the DagBag from /home/airflow/sandbox/lib/python3.8/site-packages/airflow/example_dags/example_latest_only.py
[2021-06-25 09:28:08,230] {scheduler_job.py:643} INFO - DAG(s) dict_keys(['latest_only']) retrieved from /home/airflow/sandbox/lib/python3.8/site-packages/airflow/example_dags/example_latest_only.py
[2021-06-25 09:28:08,281] {logging_mixin.py:104} INFO - [2021-06-25 09:28:08,280] {dag.py:1832} INFO - Sync 1 DAGs
[2021-06-25 09:28:08,336] {logging_mixin.py:104} INFO - [2021-06-25 09:28:08,335] {dag.py:2305} INFO - Setting next_dagrun for latest_only to 2021-06-23 00:00:00+00:00
[2021-06-25 09:28:08,358] {scheduler_job.py:190} INFO - Processing /home/airflow/sandbox/lib/python3.8/site-packages/airflow/example_dags/example_latest_only.py took 0.160 seconds
[2021-06-25 09:28:39,766] {scheduler_job.py:182} INFO - Started process (PID=12244) to work on /home/airflow/sandbox/lib/python3.8/site-packages/airflow/example_dags/example_latest_only.py
[2021-06-25 09:28:39,767] {scheduler_job.py:633} INFO - Processing file /home/airflow/sandbox/lib/python3.8/site-packages/airflow/example_dags/example_latest_only.py for tasks to queue
[2021-06-25 09:28:39,768] {logging_mixin.py:104} INFO - [2021-06-25 09:28:39,768] {dagbag.py:487} INFO - Filling up the DagBag from /home/airflow/sandbox/lib/python3.8/site-packages/airflow/example_dags/example_latest_only.py
[2021-06-25 09:28:39,788] {scheduler_job.py:643} INFO - DAG(s) dict_keys(['latest_only']) retrieved from /home/airflow/sandbox/lib/python3.8/site-packages/airflow/example_dags/example_latest_only.py
[2021-06-25 09:28:39,876] {logging_mixin.py:104} INFO - [2021-06-25 09:28:39,874] {dag.py:1832} INFO - Sync 1 DAGs
[2021-06-25 09:28:39,897] {logging_mixin.py:104} INFO - [2021-06-25 09:28:39,897] {dag.py:2305} INFO - Setting next_dagrun for latest_only to 2021-06-23 00:00:00+00:00
[2021-06-25 09:28:39,921] {scheduler_job.py:190} INFO - Processing /home/airflow/sandbox/lib/python3.8/site-packages/airflow/example_dags/example_latest_only.py took 0.161 seconds
[2021-06-25 09:29:11,071] {scheduler_job.py:182} INFO - Started process (PID=12445) to work on /home/airflow/sandbox/lib/python3.8/site-packages/airflow/example_dags/example_latest_only.py
[2021-06-25 09:29:11,075] {scheduler_job.py:633} INFO - Processing file /home/airflow/sandbox/lib/python3.8/site-packages/airflow/example_dags/example_latest_only.py for tasks to queue
[2021-06-25 09:29:11,076] {logging_mixin.py:104} INFO - [2021-06-25 09:29:11,076] {dagbag.py:487} INFO - Filling up the DagBag from /home/airflow/sandbox/lib/python3.8/site-packages/airflow/example_dags/example_latest_only.py
[2021-06-25 09:29:11,095] {scheduler_job.py:643} INFO - DAG(s) dict_keys(['latest_only']) retrieved from /home/airflow/sandbox/lib/python3.8/site-packages/airflow/example_dags/example_latest_only.py
[2021-06-25 09:29:11,131] {logging_mixin.py:104} INFO - [2021-06-25 09:29:11,131] {dag.py:1832} INFO - Sync 1 DAGs
[2021-06-25 09:29:11,153] {logging_mixin.py:104} INFO - [2021-06-25 09:29:11,153] {dag.py:2305} INFO - Setting next_dagrun for latest_only to 2021-06-23 00:00:00+00:00
[2021-06-25 09:29:11,205] {scheduler_job.py:190} INFO - Processing /home/airflow/sandbox/lib/python3.8/site-packages/airflow/example_dags/example_latest_only.py took 0.140 seconds
[2021-06-25 09:30:31,054] {scheduler_job.py:182} INFO - Started process (PID=12731) to work on /home/airflow/sandbox/lib/python3.8/site-packages/airflow/example_dags/example_latest_only.py
[2021-06-25 09:30:31,057] {scheduler_job.py:633} INFO - Processing file /home/airflow/sandbox/lib/python3.8/site-packages/airflow/example_dags/example_latest_only.py for tasks to queue
[2021-06-25 09:30:31,060] {logging_mixin.py:104} INFO - [2021-06-25 09:30:31,060] {dagbag.py:487} INFO - Filling up the DagBag from /home/airflow/sandbox/lib/python3.8/site-packages/airflow/example_dags/example_latest_only.py
[2021-06-25 09:30:31,074] {scheduler_job.py:643} INFO - DAG(s) dict_keys(['latest_only']) retrieved from /home/airflow/sandbox/lib/python3.8/site-packages/airflow/example_dags/example_latest_only.py
[2021-06-25 09:30:31,115] {logging_mixin.py:104} INFO - [2021-06-25 09:30:31,115] {dag.py:1832} INFO - Sync 1 DAGs
[2021-06-25 09:30:31,138] {logging_mixin.py:104} INFO - [2021-06-25 09:30:31,138] {dag.py:2305} INFO - Setting next_dagrun for latest_only to 2021-06-23 00:00:00+00:00
[2021-06-25 09:30:31,155] {scheduler_job.py:190} INFO - Processing /home/airflow/sandbox/lib/python3.8/site-packages/airflow/example_dags/example_latest_only.py took 0.105 seconds
[2021-06-25 09:31:01,943] {scheduler_job.py:182} INFO - Started process (PID=12931) to work on /home/airflow/sandbox/lib/python3.8/site-packages/airflow/example_dags/example_latest_only.py
[2021-06-25 09:31:01,945] {scheduler_job.py:633} INFO - Processing file /home/airflow/sandbox/lib/python3.8/site-packages/airflow/example_dags/example_latest_only.py for tasks to queue
[2021-06-25 09:31:01,948] {logging_mixin.py:104} INFO - [2021-06-25 09:31:01,948] {dagbag.py:487} INFO - Filling up the DagBag from /home/airflow/sandbox/lib/python3.8/site-packages/airflow/example_dags/example_latest_only.py
[2021-06-25 09:31:01,969] {scheduler_job.py:643} INFO - DAG(s) dict_keys(['latest_only']) retrieved from /home/airflow/sandbox/lib/python3.8/site-packages/airflow/example_dags/example_latest_only.py
[2021-06-25 09:31:02,057] {logging_mixin.py:104} INFO - [2021-06-25 09:31:02,057] {dag.py:1832} INFO - Sync 1 DAGs
[2021-06-25 09:31:02,092] {logging_mixin.py:104} INFO - [2021-06-25 09:31:02,092] {dag.py:2305} INFO - Setting next_dagrun for latest_only to 2021-06-23 00:00:00+00:00
[2021-06-25 09:31:02,130] {scheduler_job.py:190} INFO - Processing /home/airflow/sandbox/lib/python3.8/site-packages/airflow/example_dags/example_latest_only.py took 0.192 seconds
[2021-06-25 09:31:33,205] {scheduler_job.py:182} INFO - Started process (PID=13131) to work on /home/airflow/sandbox/lib/python3.8/site-packages/airflow/example_dags/example_latest_only.py
[2021-06-25 09:31:33,208] {scheduler_job.py:633} INFO - Processing file /home/airflow/sandbox/lib/python3.8/site-packages/airflow/example_dags/example_latest_only.py for tasks to queue
[2021-06-25 09:31:33,210] {logging_mixin.py:104} INFO - [2021-06-25 09:31:33,210] {dagbag.py:487} INFO - Filling up the DagBag from /home/airflow/sandbox/lib/python3.8/site-packages/airflow/example_dags/example_latest_only.py
[2021-06-25 09:31:33,227] {scheduler_job.py:643} INFO - DAG(s) dict_keys(['latest_only']) retrieved from /home/airflow/sandbox/lib/python3.8/site-packages/airflow/example_dags/example_latest_only.py
[2021-06-25 09:31:33,274] {logging_mixin.py:104} INFO - [2021-06-25 09:31:33,274] {dag.py:1832} INFO - Sync 1 DAGs
[2021-06-25 09:31:33,296] {logging_mixin.py:104} INFO - [2021-06-25 09:31:33,296] {dag.py:2305} INFO - Setting next_dagrun for latest_only to 2021-06-23 00:00:00+00:00
[2021-06-25 09:31:33,312] {scheduler_job.py:190} INFO - Processing /home/airflow/sandbox/lib/python3.8/site-packages/airflow/example_dags/example_latest_only.py took 0.113 seconds
[2021-06-25 09:32:09,410] {scheduler_job.py:182} INFO - Started process (PID=13330) to work on /home/airflow/sandbox/lib/python3.8/site-packages/airflow/example_dags/example_latest_only.py
[2021-06-25 09:32:09,452] {scheduler_job.py:633} INFO - Processing file /home/airflow/sandbox/lib/python3.8/site-packages/airflow/example_dags/example_latest_only.py for tasks to queue
[2021-06-25 09:32:09,455] {logging_mixin.py:104} INFO - [2021-06-25 09:32:09,454] {dagbag.py:487} INFO - Filling up the DagBag from /home/airflow/sandbox/lib/python3.8/site-packages/airflow/example_dags/example_latest_only.py
[2021-06-25 09:32:09,868] {scheduler_job.py:643} INFO - DAG(s) dict_keys(['latest_only']) retrieved from /home/airflow/sandbox/lib/python3.8/site-packages/airflow/example_dags/example_latest_only.py
[2021-06-25 09:32:10,306] {logging_mixin.py:104} INFO - [2021-06-25 09:32:10,305] {dag.py:1832} INFO - Sync 1 DAGs
[2021-06-25 09:32:10,559] {logging_mixin.py:104} INFO - [2021-06-25 09:32:10,558] {dag.py:2305} INFO - Setting next_dagrun for latest_only to 2021-06-23 00:00:00+00:00
[2021-06-25 09:32:10,626] {scheduler_job.py:190} INFO - Processing /home/airflow/sandbox/lib/python3.8/site-packages/airflow/example_dags/example_latest_only.py took 1.288 seconds
[2021-06-25 09:32:40,952] {scheduler_job.py:182} INFO - Started process (PID=13530) to work on /home/airflow/sandbox/lib/python3.8/site-packages/airflow/example_dags/example_latest_only.py
[2021-06-25 09:32:40,960] {scheduler_job.py:633} INFO - Processing file /home/airflow/sandbox/lib/python3.8/site-packages/airflow/example_dags/example_latest_only.py for tasks to queue
[2021-06-25 09:32:40,961] {logging_mixin.py:104} INFO - [2021-06-25 09:32:40,961] {dagbag.py:487} INFO - Filling up the DagBag from /home/airflow/sandbox/lib/python3.8/site-packages/airflow/example_dags/example_latest_only.py
[2021-06-25 09:32:40,984] {scheduler_job.py:643} INFO - DAG(s) dict_keys(['latest_only']) retrieved from /home/airflow/sandbox/lib/python3.8/site-packages/airflow/example_dags/example_latest_only.py
[2021-06-25 09:32:41,046] {logging_mixin.py:104} INFO - [2021-06-25 09:32:41,046] {dag.py:1832} INFO - Sync 1 DAGs
[2021-06-25 09:32:41,079] {logging_mixin.py:104} INFO - [2021-06-25 09:32:41,078] {dag.py:2305} INFO - Setting next_dagrun for latest_only to 2021-06-23 00:00:00+00:00
[2021-06-25 09:32:41,110] {scheduler_job.py:190} INFO - Processing /home/airflow/sandbox/lib/python3.8/site-packages/airflow/example_dags/example_latest_only.py took 0.162 seconds
[2021-06-25 09:33:11,902] {scheduler_job.py:182} INFO - Started process (PID=13731) to work on /home/airflow/sandbox/lib/python3.8/site-packages/airflow/example_dags/example_latest_only.py
[2021-06-25 09:33:11,903] {scheduler_job.py:633} INFO - Processing file /home/airflow/sandbox/lib/python3.8/site-packages/airflow/example_dags/example_latest_only.py for tasks to queue
[2021-06-25 09:33:11,911] {logging_mixin.py:104} INFO - [2021-06-25 09:33:11,907] {dagbag.py:487} INFO - Filling up the DagBag from /home/airflow/sandbox/lib/python3.8/site-packages/airflow/example_dags/example_latest_only.py
[2021-06-25 09:33:11,947] {scheduler_job.py:643} INFO - DAG(s) dict_keys(['latest_only']) retrieved from /home/airflow/sandbox/lib/python3.8/site-packages/airflow/example_dags/example_latest_only.py
[2021-06-25 09:33:11,986] {logging_mixin.py:104} INFO - [2021-06-25 09:33:11,986] {dag.py:1832} INFO - Sync 1 DAGs
[2021-06-25 09:33:12,012] {logging_mixin.py:104} INFO - [2021-06-25 09:33:12,012] {dag.py:2305} INFO - Setting next_dagrun for latest_only to 2021-06-23 00:00:00+00:00
[2021-06-25 09:33:12,024] {scheduler_job.py:190} INFO - Processing /home/airflow/sandbox/lib/python3.8/site-packages/airflow/example_dags/example_latest_only.py took 0.127 seconds
[2021-06-25 09:33:42,314] {scheduler_job.py:182} INFO - Started process (PID=13933) to work on /home/airflow/sandbox/lib/python3.8/site-packages/airflow/example_dags/example_latest_only.py
[2021-06-25 09:33:42,316] {scheduler_job.py:633} INFO - Processing file /home/airflow/sandbox/lib/python3.8/site-packages/airflow/example_dags/example_latest_only.py for tasks to queue
[2021-06-25 09:33:42,316] {logging_mixin.py:104} INFO - [2021-06-25 09:33:42,316] {dagbag.py:487} INFO - Filling up the DagBag from /home/airflow/sandbox/lib/python3.8/site-packages/airflow/example_dags/example_latest_only.py
[2021-06-25 09:33:42,353] {scheduler_job.py:643} INFO - DAG(s) dict_keys(['latest_only']) retrieved from /home/airflow/sandbox/lib/python3.8/site-packages/airflow/example_dags/example_latest_only.py
[2021-06-25 09:33:42,409] {logging_mixin.py:104} INFO - [2021-06-25 09:33:42,409] {dag.py:1832} INFO - Sync 1 DAGs
[2021-06-25 09:33:42,437] {logging_mixin.py:104} INFO - [2021-06-25 09:33:42,437] {dag.py:2305} INFO - Setting next_dagrun for latest_only to 2021-06-23 00:00:00+00:00
[2021-06-25 09:33:42,462] {scheduler_job.py:190} INFO - Processing /home/airflow/sandbox/lib/python3.8/site-packages/airflow/example_dags/example_latest_only.py took 0.153 seconds
[2021-06-25 09:34:13,351] {scheduler_job.py:182} INFO - Started process (PID=14134) to work on /home/airflow/sandbox/lib/python3.8/site-packages/airflow/example_dags/example_latest_only.py
[2021-06-25 09:34:13,355] {scheduler_job.py:633} INFO - Processing file /home/airflow/sandbox/lib/python3.8/site-packages/airflow/example_dags/example_latest_only.py for tasks to queue
[2021-06-25 09:34:13,357] {logging_mixin.py:104} INFO - [2021-06-25 09:34:13,357] {dagbag.py:487} INFO - Filling up the DagBag from /home/airflow/sandbox/lib/python3.8/site-packages/airflow/example_dags/example_latest_only.py
[2021-06-25 09:34:13,385] {scheduler_job.py:643} INFO - DAG(s) dict_keys(['latest_only']) retrieved from /home/airflow/sandbox/lib/python3.8/site-packages/airflow/example_dags/example_latest_only.py
[2021-06-25 09:34:13,431] {logging_mixin.py:104} INFO - [2021-06-25 09:34:13,431] {dag.py:1832} INFO - Sync 1 DAGs
[2021-06-25 09:34:13,478] {logging_mixin.py:104} INFO - [2021-06-25 09:34:13,478] {dag.py:2305} INFO - Setting next_dagrun for latest_only to 2021-06-23 00:00:00+00:00
[2021-06-25 09:34:13,509] {scheduler_job.py:190} INFO - Processing /home/airflow/sandbox/lib/python3.8/site-packages/airflow/example_dags/example_latest_only.py took 0.164 seconds
[2021-06-25 09:34:44,068] {scheduler_job.py:182} INFO - Started process (PID=14334) to work on /home/airflow/sandbox/lib/python3.8/site-packages/airflow/example_dags/example_latest_only.py
[2021-06-25 09:34:44,072] {scheduler_job.py:633} INFO - Processing file /home/airflow/sandbox/lib/python3.8/site-packages/airflow/example_dags/example_latest_only.py for tasks to queue
[2021-06-25 09:34:44,073] {logging_mixin.py:104} INFO - [2021-06-25 09:34:44,073] {dagbag.py:487} INFO - Filling up the DagBag from /home/airflow/sandbox/lib/python3.8/site-packages/airflow/example_dags/example_latest_only.py
[2021-06-25 09:34:44,088] {scheduler_job.py:643} INFO - DAG(s) dict_keys(['latest_only']) retrieved from /home/airflow/sandbox/lib/python3.8/site-packages/airflow/example_dags/example_latest_only.py
[2021-06-25 09:34:44,129] {logging_mixin.py:104} INFO - [2021-06-25 09:34:44,129] {dag.py:1832} INFO - Sync 1 DAGs
[2021-06-25 09:34:44,159] {logging_mixin.py:104} INFO - [2021-06-25 09:34:44,159] {dag.py:2305} INFO - Setting next_dagrun for latest_only to 2021-06-23 00:00:00+00:00
[2021-06-25 09:34:44,175] {scheduler_job.py:190} INFO - Processing /home/airflow/sandbox/lib/python3.8/site-packages/airflow/example_dags/example_latest_only.py took 0.116 seconds
[2021-06-25 09:35:15,515] {scheduler_job.py:182} INFO - Started process (PID=14619) to work on /home/airflow/sandbox/lib/python3.8/site-packages/airflow/example_dags/example_latest_only.py
[2021-06-25 09:35:15,520] {scheduler_job.py:633} INFO - Processing file /home/airflow/sandbox/lib/python3.8/site-packages/airflow/example_dags/example_latest_only.py for tasks to queue
[2021-06-25 09:35:15,523] {logging_mixin.py:104} INFO - [2021-06-25 09:35:15,523] {dagbag.py:487} INFO - Filling up the DagBag from /home/airflow/sandbox/lib/python3.8/site-packages/airflow/example_dags/example_latest_only.py
[2021-06-25 09:35:15,561] {scheduler_job.py:643} INFO - DAG(s) dict_keys(['latest_only']) retrieved from /home/airflow/sandbox/lib/python3.8/site-packages/airflow/example_dags/example_latest_only.py
[2021-06-25 09:35:15,605] {logging_mixin.py:104} INFO - [2021-06-25 09:35:15,605] {dag.py:1832} INFO - Sync 1 DAGs
[2021-06-25 09:35:15,630] {logging_mixin.py:104} INFO - [2021-06-25 09:35:15,630] {dag.py:2305} INFO - Setting next_dagrun for latest_only to 2021-06-23 00:00:00+00:00
[2021-06-25 09:35:15,653] {scheduler_job.py:190} INFO - Processing /home/airflow/sandbox/lib/python3.8/site-packages/airflow/example_dags/example_latest_only.py took 0.143 seconds
[2021-06-25 09:35:46,296] {scheduler_job.py:182} INFO - Started process (PID=14877) to work on /home/airflow/sandbox/lib/python3.8/site-packages/airflow/example_dags/example_latest_only.py
[2021-06-25 09:35:46,298] {scheduler_job.py:633} INFO - Processing file /home/airflow/sandbox/lib/python3.8/site-packages/airflow/example_dags/example_latest_only.py for tasks to queue
[2021-06-25 09:35:46,299] {logging_mixin.py:104} INFO - [2021-06-25 09:35:46,299] {dagbag.py:487} INFO - Filling up the DagBag from /home/airflow/sandbox/lib/python3.8/site-packages/airflow/example_dags/example_latest_only.py
[2021-06-25 09:35:46,313] {scheduler_job.py:643} INFO - DAG(s) dict_keys(['latest_only']) retrieved from /home/airflow/sandbox/lib/python3.8/site-packages/airflow/example_dags/example_latest_only.py
[2021-06-25 09:35:46,354] {logging_mixin.py:104} INFO - [2021-06-25 09:35:46,354] {dag.py:1832} INFO - Sync 1 DAGs
[2021-06-25 09:35:46,373] {logging_mixin.py:104} INFO - [2021-06-25 09:35:46,373] {dag.py:2305} INFO - Setting next_dagrun for latest_only to 2021-06-23 00:00:00+00:00
[2021-06-25 09:35:46,386] {scheduler_job.py:190} INFO - Processing /home/airflow/sandbox/lib/python3.8/site-packages/airflow/example_dags/example_latest_only.py took 0.093 seconds
[2021-06-25 09:36:17,098] {scheduler_job.py:182} INFO - Started process (PID=15075) to work on /home/airflow/sandbox/lib/python3.8/site-packages/airflow/example_dags/example_latest_only.py
[2021-06-25 09:36:17,102] {scheduler_job.py:633} INFO - Processing file /home/airflow/sandbox/lib/python3.8/site-packages/airflow/example_dags/example_latest_only.py for tasks to queue
[2021-06-25 09:36:17,105] {logging_mixin.py:104} INFO - [2021-06-25 09:36:17,105] {dagbag.py:487} INFO - Filling up the DagBag from /home/airflow/sandbox/lib/python3.8/site-packages/airflow/example_dags/example_latest_only.py
[2021-06-25 09:36:17,118] {scheduler_job.py:643} INFO - DAG(s) dict_keys(['latest_only']) retrieved from /home/airflow/sandbox/lib/python3.8/site-packages/airflow/example_dags/example_latest_only.py
[2021-06-25 09:36:17,157] {logging_mixin.py:104} INFO - [2021-06-25 09:36:17,157] {dag.py:1832} INFO - Sync 1 DAGs
[2021-06-25 09:36:17,173] {logging_mixin.py:104} INFO - [2021-06-25 09:36:17,173] {dag.py:2305} INFO - Setting next_dagrun for latest_only to 2021-06-23 00:00:00+00:00
[2021-06-25 09:36:17,187] {scheduler_job.py:190} INFO - Processing /home/airflow/sandbox/lib/python3.8/site-packages/airflow/example_dags/example_latest_only.py took 0.093 seconds
[2021-06-25 09:36:47,273] {scheduler_job.py:182} INFO - Started process (PID=15267) to work on /home/airflow/sandbox/lib/python3.8/site-packages/airflow/example_dags/example_latest_only.py
[2021-06-25 09:36:47,275] {scheduler_job.py:633} INFO - Processing file /home/airflow/sandbox/lib/python3.8/site-packages/airflow/example_dags/example_latest_only.py for tasks to queue
[2021-06-25 09:36:47,277] {logging_mixin.py:104} INFO - [2021-06-25 09:36:47,276] {dagbag.py:487} INFO - Filling up the DagBag from /home/airflow/sandbox/lib/python3.8/site-packages/airflow/example_dags/example_latest_only.py
[2021-06-25 09:36:47,292] {scheduler_job.py:643} INFO - DAG(s) dict_keys(['latest_only']) retrieved from /home/airflow/sandbox/lib/python3.8/site-packages/airflow/example_dags/example_latest_only.py
[2021-06-25 09:36:47,323] {logging_mixin.py:104} INFO - [2021-06-25 09:36:47,323] {dag.py:1832} INFO - Sync 1 DAGs
[2021-06-25 09:36:47,345] {logging_mixin.py:104} INFO - [2021-06-25 09:36:47,345] {dag.py:2305} INFO - Setting next_dagrun for latest_only to 2021-06-23 00:00:00+00:00
[2021-06-25 09:36:47,360] {scheduler_job.py:190} INFO - Processing /home/airflow/sandbox/lib/python3.8/site-packages/airflow/example_dags/example_latest_only.py took 0.091 seconds
[2021-06-25 09:37:17,723] {scheduler_job.py:182} INFO - Started process (PID=15469) to work on /home/airflow/sandbox/lib/python3.8/site-packages/airflow/example_dags/example_latest_only.py
[2021-06-25 09:37:17,726] {scheduler_job.py:633} INFO - Processing file /home/airflow/sandbox/lib/python3.8/site-packages/airflow/example_dags/example_latest_only.py for tasks to queue
[2021-06-25 09:37:17,726] {logging_mixin.py:104} INFO - [2021-06-25 09:37:17,726] {dagbag.py:487} INFO - Filling up the DagBag from /home/airflow/sandbox/lib/python3.8/site-packages/airflow/example_dags/example_latest_only.py
[2021-06-25 09:37:17,740] {scheduler_job.py:643} INFO - DAG(s) dict_keys(['latest_only']) retrieved from /home/airflow/sandbox/lib/python3.8/site-packages/airflow/example_dags/example_latest_only.py
[2021-06-25 09:37:17,767] {logging_mixin.py:104} INFO - [2021-06-25 09:37:17,767] {dag.py:1832} INFO - Sync 1 DAGs
[2021-06-25 09:37:17,787] {logging_mixin.py:104} INFO - [2021-06-25 09:37:17,787] {dag.py:2305} INFO - Setting next_dagrun for latest_only to 2021-06-23 00:00:00+00:00
[2021-06-25 09:37:17,800] {scheduler_job.py:190} INFO - Processing /home/airflow/sandbox/lib/python3.8/site-packages/airflow/example_dags/example_latest_only.py took 0.081 seconds
[2021-06-25 09:37:48,213] {scheduler_job.py:182} INFO - Started process (PID=15663) to work on /home/airflow/sandbox/lib/python3.8/site-packages/airflow/example_dags/example_latest_only.py
[2021-06-25 09:37:48,217] {scheduler_job.py:633} INFO - Processing file /home/airflow/sandbox/lib/python3.8/site-packages/airflow/example_dags/example_latest_only.py for tasks to queue
[2021-06-25 09:37:48,220] {logging_mixin.py:104} INFO - [2021-06-25 09:37:48,220] {dagbag.py:487} INFO - Filling up the DagBag from /home/airflow/sandbox/lib/python3.8/site-packages/airflow/example_dags/example_latest_only.py
[2021-06-25 09:37:48,261] {scheduler_job.py:643} INFO - DAG(s) dict_keys(['latest_only']) retrieved from /home/airflow/sandbox/lib/python3.8/site-packages/airflow/example_dags/example_latest_only.py
[2021-06-25 09:37:48,317] {logging_mixin.py:104} INFO - [2021-06-25 09:37:48,317] {dag.py:1832} INFO - Sync 1 DAGs
[2021-06-25 09:37:48,349] {logging_mixin.py:104} INFO - [2021-06-25 09:37:48,348] {dag.py:2305} INFO - Setting next_dagrun for latest_only to 2021-06-23 00:00:00+00:00
[2021-06-25 09:37:48,380] {scheduler_job.py:190} INFO - Processing /home/airflow/sandbox/lib/python3.8/site-packages/airflow/example_dags/example_latest_only.py took 0.173 seconds
[2021-06-25 09:38:19,849] {scheduler_job.py:182} INFO - Started process (PID=15863) to work on /home/airflow/sandbox/lib/python3.8/site-packages/airflow/example_dags/example_latest_only.py
[2021-06-25 09:38:19,856] {scheduler_job.py:633} INFO - Processing file /home/airflow/sandbox/lib/python3.8/site-packages/airflow/example_dags/example_latest_only.py for tasks to queue
[2021-06-25 09:38:19,868] {logging_mixin.py:104} INFO - [2021-06-25 09:38:19,867] {dagbag.py:487} INFO - Filling up the DagBag from /home/airflow/sandbox/lib/python3.8/site-packages/airflow/example_dags/example_latest_only.py
[2021-06-25 09:38:19,920] {scheduler_job.py:643} INFO - DAG(s) dict_keys(['latest_only']) retrieved from /home/airflow/sandbox/lib/python3.8/site-packages/airflow/example_dags/example_latest_only.py
[2021-06-25 09:38:20,056] {logging_mixin.py:104} INFO - [2021-06-25 09:38:20,055] {dag.py:1832} INFO - Sync 1 DAGs
[2021-06-25 09:38:20,132] {logging_mixin.py:104} INFO - [2021-06-25 09:38:20,132] {dag.py:2305} INFO - Setting next_dagrun for latest_only to 2021-06-23 00:00:00+00:00
[2021-06-25 09:38:20,181] {scheduler_job.py:190} INFO - Processing /home/airflow/sandbox/lib/python3.8/site-packages/airflow/example_dags/example_latest_only.py took 0.351 seconds
[2021-06-25 09:40:07,677] {scheduler_job.py:182} INFO - Started process (PID=16256) to work on /home/airflow/sandbox/lib/python3.8/site-packages/airflow/example_dags/example_latest_only.py
[2021-06-25 09:40:07,681] {scheduler_job.py:633} INFO - Processing file /home/airflow/sandbox/lib/python3.8/site-packages/airflow/example_dags/example_latest_only.py for tasks to queue
[2021-06-25 09:40:07,686] {logging_mixin.py:104} INFO - [2021-06-25 09:40:07,686] {dagbag.py:487} INFO - Filling up the DagBag from /home/airflow/sandbox/lib/python3.8/site-packages/airflow/example_dags/example_latest_only.py
[2021-06-25 09:40:07,773] {scheduler_job.py:643} INFO - DAG(s) dict_keys(['latest_only']) retrieved from /home/airflow/sandbox/lib/python3.8/site-packages/airflow/example_dags/example_latest_only.py
[2021-06-25 09:40:07,901] {logging_mixin.py:104} INFO - [2021-06-25 09:40:07,901] {dag.py:1832} INFO - Sync 1 DAGs
[2021-06-25 09:40:08,012] {logging_mixin.py:104} INFO - [2021-06-25 09:40:08,012] {dag.py:2305} INFO - Setting next_dagrun for latest_only to 2021-06-23 00:00:00+00:00
[2021-06-25 09:40:08,096] {scheduler_job.py:190} INFO - Processing /home/airflow/sandbox/lib/python3.8/site-packages/airflow/example_dags/example_latest_only.py took 0.448 seconds
[2021-06-25 09:40:39,000] {scheduler_job.py:182} INFO - Started process (PID=16452) to work on /home/airflow/sandbox/lib/python3.8/site-packages/airflow/example_dags/example_latest_only.py
[2021-06-25 09:40:39,003] {scheduler_job.py:633} INFO - Processing file /home/airflow/sandbox/lib/python3.8/site-packages/airflow/example_dags/example_latest_only.py for tasks to queue
[2021-06-25 09:40:39,004] {logging_mixin.py:104} INFO - [2021-06-25 09:40:39,004] {dagbag.py:487} INFO - Filling up the DagBag from /home/airflow/sandbox/lib/python3.8/site-packages/airflow/example_dags/example_latest_only.py
[2021-06-25 09:40:39,037] {scheduler_job.py:643} INFO - DAG(s) dict_keys(['latest_only']) retrieved from /home/airflow/sandbox/lib/python3.8/site-packages/airflow/example_dags/example_latest_only.py
[2021-06-25 09:40:39,133] {logging_mixin.py:104} INFO - [2021-06-25 09:40:39,133] {dag.py:1832} INFO - Sync 1 DAGs
[2021-06-25 09:40:39,167] {logging_mixin.py:104} INFO - [2021-06-25 09:40:39,167] {dag.py:2305} INFO - Setting next_dagrun for latest_only to 2021-06-23 00:00:00+00:00
[2021-06-25 09:40:39,187] {scheduler_job.py:190} INFO - Processing /home/airflow/sandbox/lib/python3.8/site-packages/airflow/example_dags/example_latest_only.py took 0.191 seconds
[2021-06-25 09:41:09,573] {scheduler_job.py:182} INFO - Started process (PID=16652) to work on /home/airflow/sandbox/lib/python3.8/site-packages/airflow/example_dags/example_latest_only.py
[2021-06-25 09:41:09,576] {scheduler_job.py:633} INFO - Processing file /home/airflow/sandbox/lib/python3.8/site-packages/airflow/example_dags/example_latest_only.py for tasks to queue
[2021-06-25 09:41:09,581] {logging_mixin.py:104} INFO - [2021-06-25 09:41:09,580] {dagbag.py:487} INFO - Filling up the DagBag from /home/airflow/sandbox/lib/python3.8/site-packages/airflow/example_dags/example_latest_only.py
[2021-06-25 09:41:09,602] {scheduler_job.py:643} INFO - DAG(s) dict_keys(['latest_only']) retrieved from /home/airflow/sandbox/lib/python3.8/site-packages/airflow/example_dags/example_latest_only.py
[2021-06-25 09:41:09,680] {logging_mixin.py:104} INFO - [2021-06-25 09:41:09,680] {dag.py:1832} INFO - Sync 1 DAGs
[2021-06-25 09:41:09,892] {logging_mixin.py:104} INFO - [2021-06-25 09:41:09,891] {dag.py:2305} INFO - Setting next_dagrun for latest_only to 2021-06-23 00:00:00+00:00
[2021-06-25 09:41:09,927] {scheduler_job.py:190} INFO - Processing /home/airflow/sandbox/lib/python3.8/site-packages/airflow/example_dags/example_latest_only.py took 0.361 seconds
[2021-06-25 09:41:40,121] {scheduler_job.py:182} INFO - Started process (PID=16849) to work on /home/airflow/sandbox/lib/python3.8/site-packages/airflow/example_dags/example_latest_only.py
[2021-06-25 09:41:40,122] {scheduler_job.py:633} INFO - Processing file /home/airflow/sandbox/lib/python3.8/site-packages/airflow/example_dags/example_latest_only.py for tasks to queue
[2021-06-25 09:41:40,123] {logging_mixin.py:104} INFO - [2021-06-25 09:41:40,123] {dagbag.py:487} INFO - Filling up the DagBag from /home/airflow/sandbox/lib/python3.8/site-packages/airflow/example_dags/example_latest_only.py
[2021-06-25 09:41:40,143] {scheduler_job.py:643} INFO - DAG(s) dict_keys(['latest_only']) retrieved from /home/airflow/sandbox/lib/python3.8/site-packages/airflow/example_dags/example_latest_only.py
[2021-06-25 09:41:40,192] {logging_mixin.py:104} INFO - [2021-06-25 09:41:40,192] {dag.py:1832} INFO - Sync 1 DAGs
[2021-06-25 09:41:40,214] {logging_mixin.py:104} INFO - [2021-06-25 09:41:40,214] {dag.py:2305} INFO - Setting next_dagrun for latest_only to 2021-06-23 00:00:00+00:00
[2021-06-25 09:41:40,232] {scheduler_job.py:190} INFO - Processing /home/airflow/sandbox/lib/python3.8/site-packages/airflow/example_dags/example_latest_only.py took 0.119 seconds
[2021-06-25 09:42:11,265] {scheduler_job.py:182} INFO - Started process (PID=17045) to work on /home/airflow/sandbox/lib/python3.8/site-packages/airflow/example_dags/example_latest_only.py
[2021-06-25 09:42:11,274] {scheduler_job.py:633} INFO - Processing file /home/airflow/sandbox/lib/python3.8/site-packages/airflow/example_dags/example_latest_only.py for tasks to queue
[2021-06-25 09:42:11,280] {logging_mixin.py:104} INFO - [2021-06-25 09:42:11,280] {dagbag.py:487} INFO - Filling up the DagBag from /home/airflow/sandbox/lib/python3.8/site-packages/airflow/example_dags/example_latest_only.py
[2021-06-25 09:42:11,335] {scheduler_job.py:643} INFO - DAG(s) dict_keys(['latest_only']) retrieved from /home/airflow/sandbox/lib/python3.8/site-packages/airflow/example_dags/example_latest_only.py
[2021-06-25 09:42:11,464] {logging_mixin.py:104} INFO - [2021-06-25 09:42:11,463] {dag.py:1832} INFO - Sync 1 DAGs
[2021-06-25 09:42:11,539] {logging_mixin.py:104} INFO - [2021-06-25 09:42:11,536] {dag.py:2305} INFO - Setting next_dagrun for latest_only to 2021-06-23 00:00:00+00:00
[2021-06-25 09:42:11,590] {scheduler_job.py:190} INFO - Processing /home/airflow/sandbox/lib/python3.8/site-packages/airflow/example_dags/example_latest_only.py took 0.334 seconds
[2021-06-25 09:42:42,828] {scheduler_job.py:182} INFO - Started process (PID=17246) to work on /home/airflow/sandbox/lib/python3.8/site-packages/airflow/example_dags/example_latest_only.py
[2021-06-25 09:42:42,841] {scheduler_job.py:633} INFO - Processing file /home/airflow/sandbox/lib/python3.8/site-packages/airflow/example_dags/example_latest_only.py for tasks to queue
[2021-06-25 09:42:42,843] {logging_mixin.py:104} INFO - [2021-06-25 09:42:42,843] {dagbag.py:487} INFO - Filling up the DagBag from /home/airflow/sandbox/lib/python3.8/site-packages/airflow/example_dags/example_latest_only.py
[2021-06-25 09:42:42,867] {scheduler_job.py:643} INFO - DAG(s) dict_keys(['latest_only']) retrieved from /home/airflow/sandbox/lib/python3.8/site-packages/airflow/example_dags/example_latest_only.py
[2021-06-25 09:42:42,924] {logging_mixin.py:104} INFO - [2021-06-25 09:42:42,924] {dag.py:1832} INFO - Sync 1 DAGs
[2021-06-25 09:42:42,969] {logging_mixin.py:104} INFO - [2021-06-25 09:42:42,968] {dag.py:2305} INFO - Setting next_dagrun for latest_only to 2021-06-23 00:00:00+00:00
[2021-06-25 09:42:42,990] {scheduler_job.py:190} INFO - Processing /home/airflow/sandbox/lib/python3.8/site-packages/airflow/example_dags/example_latest_only.py took 0.171 seconds
[2021-06-25 09:43:13,220] {scheduler_job.py:182} INFO - Started process (PID=17447) to work on /home/airflow/sandbox/lib/python3.8/site-packages/airflow/example_dags/example_latest_only.py
[2021-06-25 09:43:13,222] {scheduler_job.py:633} INFO - Processing file /home/airflow/sandbox/lib/python3.8/site-packages/airflow/example_dags/example_latest_only.py for tasks to queue
[2021-06-25 09:43:13,223] {logging_mixin.py:104} INFO - [2021-06-25 09:43:13,223] {dagbag.py:487} INFO - Filling up the DagBag from /home/airflow/sandbox/lib/python3.8/site-packages/airflow/example_dags/example_latest_only.py
[2021-06-25 09:43:13,240] {scheduler_job.py:643} INFO - DAG(s) dict_keys(['latest_only']) retrieved from /home/airflow/sandbox/lib/python3.8/site-packages/airflow/example_dags/example_latest_only.py
[2021-06-25 09:43:13,273] {logging_mixin.py:104} INFO - [2021-06-25 09:43:13,272] {dag.py:1832} INFO - Sync 1 DAGs
[2021-06-25 09:43:13,312] {logging_mixin.py:104} INFO - [2021-06-25 09:43:13,312] {dag.py:2305} INFO - Setting next_dagrun for latest_only to 2021-06-23 00:00:00+00:00
[2021-06-25 09:43:13,328] {scheduler_job.py:190} INFO - Processing /home/airflow/sandbox/lib/python3.8/site-packages/airflow/example_dags/example_latest_only.py took 0.113 seconds
[2021-06-25 09:43:44,362] {scheduler_job.py:182} INFO - Started process (PID=17646) to work on /home/airflow/sandbox/lib/python3.8/site-packages/airflow/example_dags/example_latest_only.py
[2021-06-25 09:43:44,373] {scheduler_job.py:633} INFO - Processing file /home/airflow/sandbox/lib/python3.8/site-packages/airflow/example_dags/example_latest_only.py for tasks to queue
[2021-06-25 09:43:44,384] {logging_mixin.py:104} INFO - [2021-06-25 09:43:44,374] {dagbag.py:487} INFO - Filling up the DagBag from /home/airflow/sandbox/lib/python3.8/site-packages/airflow/example_dags/example_latest_only.py
[2021-06-25 09:43:44,464] {scheduler_job.py:643} INFO - DAG(s) dict_keys(['latest_only']) retrieved from /home/airflow/sandbox/lib/python3.8/site-packages/airflow/example_dags/example_latest_only.py
[2021-06-25 09:43:44,632] {logging_mixin.py:104} INFO - [2021-06-25 09:43:44,631] {dag.py:1832} INFO - Sync 1 DAGs
[2021-06-25 09:43:44,670] {logging_mixin.py:104} INFO - [2021-06-25 09:43:44,669] {dag.py:2305} INFO - Setting next_dagrun for latest_only to 2021-06-23 00:00:00+00:00
[2021-06-25 09:43:44,714] {scheduler_job.py:190} INFO - Processing /home/airflow/sandbox/lib/python3.8/site-packages/airflow/example_dags/example_latest_only.py took 0.361 seconds
[2021-06-25 09:44:16,608] {scheduler_job.py:182} INFO - Started process (PID=17848) to work on /home/airflow/sandbox/lib/python3.8/site-packages/airflow/example_dags/example_latest_only.py
[2021-06-25 09:44:16,616] {scheduler_job.py:633} INFO - Processing file /home/airflow/sandbox/lib/python3.8/site-packages/airflow/example_dags/example_latest_only.py for tasks to queue
[2021-06-25 09:44:16,620] {logging_mixin.py:104} INFO - [2021-06-25 09:44:16,620] {dagbag.py:487} INFO - Filling up the DagBag from /home/airflow/sandbox/lib/python3.8/site-packages/airflow/example_dags/example_latest_only.py
[2021-06-25 09:44:16,639] {scheduler_job.py:643} INFO - DAG(s) dict_keys(['latest_only']) retrieved from /home/airflow/sandbox/lib/python3.8/site-packages/airflow/example_dags/example_latest_only.py
[2021-06-25 09:44:16,683] {logging_mixin.py:104} INFO - [2021-06-25 09:44:16,683] {dag.py:1832} INFO - Sync 1 DAGs
[2021-06-25 09:44:16,705] {logging_mixin.py:104} INFO - [2021-06-25 09:44:16,705] {dag.py:2305} INFO - Setting next_dagrun for latest_only to 2021-06-23 00:00:00+00:00
[2021-06-25 09:44:16,721] {scheduler_job.py:190} INFO - Processing /home/airflow/sandbox/lib/python3.8/site-packages/airflow/example_dags/example_latest_only.py took 0.122 seconds
[2021-06-25 09:45:22,723] {scheduler_job.py:182} INFO - Started process (PID=19049) to work on /home/airflow/sandbox/lib/python3.8/site-packages/airflow/example_dags/example_latest_only.py
[2021-06-25 09:45:22,730] {scheduler_job.py:633} INFO - Processing file /home/airflow/sandbox/lib/python3.8/site-packages/airflow/example_dags/example_latest_only.py for tasks to queue
[2021-06-25 09:45:22,733] {logging_mixin.py:104} INFO - [2021-06-25 09:45:22,732] {dagbag.py:487} INFO - Filling up the DagBag from /home/airflow/sandbox/lib/python3.8/site-packages/airflow/example_dags/example_latest_only.py
[2021-06-25 09:45:22,823] {scheduler_job.py:643} INFO - DAG(s) dict_keys(['latest_only']) retrieved from /home/airflow/sandbox/lib/python3.8/site-packages/airflow/example_dags/example_latest_only.py
[2021-06-25 09:45:23,080] {logging_mixin.py:104} INFO - [2021-06-25 09:45:23,080] {dag.py:1832} INFO - Sync 1 DAGs
[2021-06-25 09:45:23,168] {logging_mixin.py:104} INFO - [2021-06-25 09:45:23,167] {dag.py:2305} INFO - Setting next_dagrun for latest_only to 2021-06-23 00:00:00+00:00
[2021-06-25 09:45:23,230] {scheduler_job.py:190} INFO - Processing /home/airflow/sandbox/lib/python3.8/site-packages/airflow/example_dags/example_latest_only.py took 0.527 seconds
[2021-06-25 09:46:01,170] {scheduler_job.py:182} INFO - Started process (PID=19515) to work on /home/airflow/sandbox/lib/python3.8/site-packages/airflow/example_dags/example_latest_only.py
[2021-06-25 09:46:01,173] {scheduler_job.py:633} INFO - Processing file /home/airflow/sandbox/lib/python3.8/site-packages/airflow/example_dags/example_latest_only.py for tasks to queue
[2021-06-25 09:46:01,175] {logging_mixin.py:104} INFO - [2021-06-25 09:46:01,174] {dagbag.py:487} INFO - Filling up the DagBag from /home/airflow/sandbox/lib/python3.8/site-packages/airflow/example_dags/example_latest_only.py
[2021-06-25 09:46:01,254] {scheduler_job.py:643} INFO - DAG(s) dict_keys(['latest_only']) retrieved from /home/airflow/sandbox/lib/python3.8/site-packages/airflow/example_dags/example_latest_only.py
[2021-06-25 09:46:01,432] {logging_mixin.py:104} INFO - [2021-06-25 09:46:01,432] {dag.py:1832} INFO - Sync 1 DAGs
[2021-06-25 09:46:01,489] {logging_mixin.py:104} INFO - [2021-06-25 09:46:01,489] {dag.py:2305} INFO - Setting next_dagrun for latest_only to 2021-06-23 00:00:00+00:00
[2021-06-25 09:46:01,537] {scheduler_job.py:190} INFO - Processing /home/airflow/sandbox/lib/python3.8/site-packages/airflow/example_dags/example_latest_only.py took 0.381 seconds
[2021-06-25 09:46:31,716] {scheduler_job.py:182} INFO - Started process (PID=19728) to work on /home/airflow/sandbox/lib/python3.8/site-packages/airflow/example_dags/example_latest_only.py
[2021-06-25 09:46:31,723] {scheduler_job.py:633} INFO - Processing file /home/airflow/sandbox/lib/python3.8/site-packages/airflow/example_dags/example_latest_only.py for tasks to queue
[2021-06-25 09:46:31,729] {logging_mixin.py:104} INFO - [2021-06-25 09:46:31,729] {dagbag.py:487} INFO - Filling up the DagBag from /home/airflow/sandbox/lib/python3.8/site-packages/airflow/example_dags/example_latest_only.py
[2021-06-25 09:46:31,759] {scheduler_job.py:643} INFO - DAG(s) dict_keys(['latest_only']) retrieved from /home/airflow/sandbox/lib/python3.8/site-packages/airflow/example_dags/example_latest_only.py
[2021-06-25 09:46:31,809] {logging_mixin.py:104} INFO - [2021-06-25 09:46:31,809] {dag.py:1832} INFO - Sync 1 DAGs
[2021-06-25 09:46:31,828] {logging_mixin.py:104} INFO - [2021-06-25 09:46:31,828] {dag.py:2305} INFO - Setting next_dagrun for latest_only to 2021-06-23 00:00:00+00:00
[2021-06-25 09:46:31,842] {scheduler_job.py:190} INFO - Processing /home/airflow/sandbox/lib/python3.8/site-packages/airflow/example_dags/example_latest_only.py took 0.137 seconds
[2021-06-25 09:47:04,341] {scheduler_job.py:182} INFO - Started process (PID=19928) to work on /home/airflow/sandbox/lib/python3.8/site-packages/airflow/example_dags/example_latest_only.py
[2021-06-25 09:47:04,362] {scheduler_job.py:633} INFO - Processing file /home/airflow/sandbox/lib/python3.8/site-packages/airflow/example_dags/example_latest_only.py for tasks to queue
[2021-06-25 09:47:04,372] {logging_mixin.py:104} INFO - [2021-06-25 09:47:04,371] {dagbag.py:487} INFO - Filling up the DagBag from /home/airflow/sandbox/lib/python3.8/site-packages/airflow/example_dags/example_latest_only.py
[2021-06-25 09:47:04,510] {scheduler_job.py:643} INFO - DAG(s) dict_keys(['latest_only']) retrieved from /home/airflow/sandbox/lib/python3.8/site-packages/airflow/example_dags/example_latest_only.py
[2021-06-25 09:47:04,700] {logging_mixin.py:104} INFO - [2021-06-25 09:47:04,700] {dag.py:1832} INFO - Sync 1 DAGs
[2021-06-25 09:47:04,815] {logging_mixin.py:104} INFO - [2021-06-25 09:47:04,814] {dag.py:2305} INFO - Setting next_dagrun for latest_only to 2021-06-23 00:00:00+00:00
[2021-06-25 09:47:04,923] {scheduler_job.py:190} INFO - Processing /home/airflow/sandbox/lib/python3.8/site-packages/airflow/example_dags/example_latest_only.py took 0.598 seconds
[2021-06-25 09:47:35,565] {scheduler_job.py:182} INFO - Started process (PID=20170) to work on /home/airflow/sandbox/lib/python3.8/site-packages/airflow/example_dags/example_latest_only.py
[2021-06-25 09:47:35,576] {scheduler_job.py:633} INFO - Processing file /home/airflow/sandbox/lib/python3.8/site-packages/airflow/example_dags/example_latest_only.py for tasks to queue
[2021-06-25 09:47:35,578] {logging_mixin.py:104} INFO - [2021-06-25 09:47:35,578] {dagbag.py:487} INFO - Filling up the DagBag from /home/airflow/sandbox/lib/python3.8/site-packages/airflow/example_dags/example_latest_only.py
[2021-06-25 09:47:35,639] {scheduler_job.py:643} INFO - DAG(s) dict_keys(['latest_only']) retrieved from /home/airflow/sandbox/lib/python3.8/site-packages/airflow/example_dags/example_latest_only.py
[2021-06-25 09:47:35,703] {logging_mixin.py:104} INFO - [2021-06-25 09:47:35,703] {dag.py:1832} INFO - Sync 1 DAGs
[2021-06-25 09:47:35,749] {logging_mixin.py:104} INFO - [2021-06-25 09:47:35,749] {dag.py:2305} INFO - Setting next_dagrun for latest_only to 2021-06-23 00:00:00+00:00
[2021-06-25 09:47:35,779] {scheduler_job.py:190} INFO - Processing /home/airflow/sandbox/lib/python3.8/site-packages/airflow/example_dags/example_latest_only.py took 0.220 seconds
[2021-06-25 09:48:09,909] {scheduler_job.py:182} INFO - Started process (PID=20506) to work on /home/airflow/sandbox/lib/python3.8/site-packages/airflow/example_dags/example_latest_only.py
[2021-06-25 09:48:09,920] {scheduler_job.py:633} INFO - Processing file /home/airflow/sandbox/lib/python3.8/site-packages/airflow/example_dags/example_latest_only.py for tasks to queue
[2021-06-25 09:48:09,934] {logging_mixin.py:104} INFO - [2021-06-25 09:48:09,934] {dagbag.py:487} INFO - Filling up the DagBag from /home/airflow/sandbox/lib/python3.8/site-packages/airflow/example_dags/example_latest_only.py
[2021-06-25 09:48:09,970] {scheduler_job.py:643} INFO - DAG(s) dict_keys(['latest_only']) retrieved from /home/airflow/sandbox/lib/python3.8/site-packages/airflow/example_dags/example_latest_only.py
[2021-06-25 09:48:10,070] {logging_mixin.py:104} INFO - [2021-06-25 09:48:10,070] {dag.py:1832} INFO - Sync 1 DAGs
[2021-06-25 09:48:10,137] {logging_mixin.py:104} INFO - [2021-06-25 09:48:10,137] {dag.py:2305} INFO - Setting next_dagrun for latest_only to 2021-06-23 00:00:00+00:00
[2021-06-25 09:48:10,171] {scheduler_job.py:190} INFO - Processing /home/airflow/sandbox/lib/python3.8/site-packages/airflow/example_dags/example_latest_only.py took 0.279 seconds
[2021-06-25 09:48:40,927] {scheduler_job.py:182} INFO - Started process (PID=20713) to work on /home/airflow/sandbox/lib/python3.8/site-packages/airflow/example_dags/example_latest_only.py
[2021-06-25 09:48:40,940] {scheduler_job.py:633} INFO - Processing file /home/airflow/sandbox/lib/python3.8/site-packages/airflow/example_dags/example_latest_only.py for tasks to queue
[2021-06-25 09:48:40,943] {logging_mixin.py:104} INFO - [2021-06-25 09:48:40,943] {dagbag.py:487} INFO - Filling up the DagBag from /home/airflow/sandbox/lib/python3.8/site-packages/airflow/example_dags/example_latest_only.py
[2021-06-25 09:48:40,972] {scheduler_job.py:643} INFO - DAG(s) dict_keys(['latest_only']) retrieved from /home/airflow/sandbox/lib/python3.8/site-packages/airflow/example_dags/example_latest_only.py
[2021-06-25 09:48:41,034] {logging_mixin.py:104} INFO - [2021-06-25 09:48:41,034] {dag.py:1832} INFO - Sync 1 DAGs
[2021-06-25 09:48:41,065] {logging_mixin.py:104} INFO - [2021-06-25 09:48:41,065] {dag.py:2305} INFO - Setting next_dagrun for latest_only to 2021-06-23 00:00:00+00:00
[2021-06-25 09:48:41,099] {scheduler_job.py:190} INFO - Processing /home/airflow/sandbox/lib/python3.8/site-packages/airflow/example_dags/example_latest_only.py took 0.183 seconds
[2021-06-25 09:49:11,803] {scheduler_job.py:182} INFO - Started process (PID=20919) to work on /home/airflow/sandbox/lib/python3.8/site-packages/airflow/example_dags/example_latest_only.py
[2021-06-25 09:49:11,808] {scheduler_job.py:633} INFO - Processing file /home/airflow/sandbox/lib/python3.8/site-packages/airflow/example_dags/example_latest_only.py for tasks to queue
[2021-06-25 09:49:11,813] {logging_mixin.py:104} INFO - [2021-06-25 09:49:11,813] {dagbag.py:487} INFO - Filling up the DagBag from /home/airflow/sandbox/lib/python3.8/site-packages/airflow/example_dags/example_latest_only.py
[2021-06-25 09:49:11,846] {scheduler_job.py:643} INFO - DAG(s) dict_keys(['latest_only']) retrieved from /home/airflow/sandbox/lib/python3.8/site-packages/airflow/example_dags/example_latest_only.py
[2021-06-25 09:49:11,899] {logging_mixin.py:104} INFO - [2021-06-25 09:49:11,899] {dag.py:1832} INFO - Sync 1 DAGs
[2021-06-25 09:49:11,925] {logging_mixin.py:104} INFO - [2021-06-25 09:49:11,924] {dag.py:2305} INFO - Setting next_dagrun for latest_only to 2021-06-23 00:00:00+00:00
[2021-06-25 09:49:11,937] {scheduler_job.py:190} INFO - Processing /home/airflow/sandbox/lib/python3.8/site-packages/airflow/example_dags/example_latest_only.py took 0.139 seconds
[2021-06-25 09:49:42,763] {scheduler_job.py:182} INFO - Started process (PID=21113) to work on /home/airflow/sandbox/lib/python3.8/site-packages/airflow/example_dags/example_latest_only.py
[2021-06-25 09:49:42,768] {scheduler_job.py:633} INFO - Processing file /home/airflow/sandbox/lib/python3.8/site-packages/airflow/example_dags/example_latest_only.py for tasks to queue
[2021-06-25 09:49:42,769] {logging_mixin.py:104} INFO - [2021-06-25 09:49:42,769] {dagbag.py:487} INFO - Filling up the DagBag from /home/airflow/sandbox/lib/python3.8/site-packages/airflow/example_dags/example_latest_only.py
[2021-06-25 09:49:42,789] {scheduler_job.py:643} INFO - DAG(s) dict_keys(['latest_only']) retrieved from /home/airflow/sandbox/lib/python3.8/site-packages/airflow/example_dags/example_latest_only.py
[2021-06-25 09:49:42,834] {logging_mixin.py:104} INFO - [2021-06-25 09:49:42,834] {dag.py:1832} INFO - Sync 1 DAGs
[2021-06-25 09:49:42,881] {logging_mixin.py:104} INFO - [2021-06-25 09:49:42,880] {dag.py:2305} INFO - Setting next_dagrun for latest_only to 2021-06-23 00:00:00+00:00
[2021-06-25 09:49:42,907] {scheduler_job.py:190} INFO - Processing /home/airflow/sandbox/lib/python3.8/site-packages/airflow/example_dags/example_latest_only.py took 0.149 seconds
[2021-06-25 09:50:14,383] {scheduler_job.py:182} INFO - Started process (PID=21316) to work on /home/airflow/sandbox/lib/python3.8/site-packages/airflow/example_dags/example_latest_only.py
[2021-06-25 09:50:14,397] {scheduler_job.py:633} INFO - Processing file /home/airflow/sandbox/lib/python3.8/site-packages/airflow/example_dags/example_latest_only.py for tasks to queue
[2021-06-25 09:50:14,401] {logging_mixin.py:104} INFO - [2021-06-25 09:50:14,400] {dagbag.py:487} INFO - Filling up the DagBag from /home/airflow/sandbox/lib/python3.8/site-packages/airflow/example_dags/example_latest_only.py
[2021-06-25 09:50:14,505] {scheduler_job.py:643} INFO - DAG(s) dict_keys(['latest_only']) retrieved from /home/airflow/sandbox/lib/python3.8/site-packages/airflow/example_dags/example_latest_only.py
[2021-06-25 09:50:14,611] {logging_mixin.py:104} INFO - [2021-06-25 09:50:14,610] {dag.py:1832} INFO - Sync 1 DAGs
[2021-06-25 09:50:14,647] {logging_mixin.py:104} INFO - [2021-06-25 09:50:14,647] {dag.py:2305} INFO - Setting next_dagrun for latest_only to 2021-06-23 00:00:00+00:00
[2021-06-25 09:50:14,677] {scheduler_job.py:190} INFO - Processing /home/airflow/sandbox/lib/python3.8/site-packages/airflow/example_dags/example_latest_only.py took 0.309 seconds
[2021-06-25 09:50:45,219] {scheduler_job.py:182} INFO - Started process (PID=21518) to work on /home/airflow/sandbox/lib/python3.8/site-packages/airflow/example_dags/example_latest_only.py
[2021-06-25 09:50:45,224] {scheduler_job.py:633} INFO - Processing file /home/airflow/sandbox/lib/python3.8/site-packages/airflow/example_dags/example_latest_only.py for tasks to queue
[2021-06-25 09:50:45,229] {logging_mixin.py:104} INFO - [2021-06-25 09:50:45,229] {dagbag.py:487} INFO - Filling up the DagBag from /home/airflow/sandbox/lib/python3.8/site-packages/airflow/example_dags/example_latest_only.py
[2021-06-25 09:50:45,260] {scheduler_job.py:643} INFO - DAG(s) dict_keys(['latest_only']) retrieved from /home/airflow/sandbox/lib/python3.8/site-packages/airflow/example_dags/example_latest_only.py
[2021-06-25 09:50:45,321] {logging_mixin.py:104} INFO - [2021-06-25 09:50:45,321] {dag.py:1832} INFO - Sync 1 DAGs
[2021-06-25 09:50:45,369] {logging_mixin.py:104} INFO - [2021-06-25 09:50:45,369] {dag.py:2305} INFO - Setting next_dagrun for latest_only to 2021-06-23 00:00:00+00:00
[2021-06-25 09:50:45,404] {scheduler_job.py:190} INFO - Processing /home/airflow/sandbox/lib/python3.8/site-packages/airflow/example_dags/example_latest_only.py took 0.192 seconds
[2021-06-25 09:51:15,561] {scheduler_job.py:182} INFO - Started process (PID=21723) to work on /home/airflow/sandbox/lib/python3.8/site-packages/airflow/example_dags/example_latest_only.py
[2021-06-25 09:51:15,570] {scheduler_job.py:633} INFO - Processing file /home/airflow/sandbox/lib/python3.8/site-packages/airflow/example_dags/example_latest_only.py for tasks to queue
[2021-06-25 09:51:15,571] {logging_mixin.py:104} INFO - [2021-06-25 09:51:15,571] {dagbag.py:487} INFO - Filling up the DagBag from /home/airflow/sandbox/lib/python3.8/site-packages/airflow/example_dags/example_latest_only.py
[2021-06-25 09:51:15,587] {scheduler_job.py:643} INFO - DAG(s) dict_keys(['latest_only']) retrieved from /home/airflow/sandbox/lib/python3.8/site-packages/airflow/example_dags/example_latest_only.py
[2021-06-25 09:51:15,628] {logging_mixin.py:104} INFO - [2021-06-25 09:51:15,628] {dag.py:1832} INFO - Sync 1 DAGs
[2021-06-25 09:51:15,651] {logging_mixin.py:104} INFO - [2021-06-25 09:51:15,651] {dag.py:2305} INFO - Setting next_dagrun for latest_only to 2021-06-23 00:00:00+00:00
[2021-06-25 09:51:15,676] {scheduler_job.py:190} INFO - Processing /home/airflow/sandbox/lib/python3.8/site-packages/airflow/example_dags/example_latest_only.py took 0.121 seconds
[2021-06-25 09:51:46,185] {scheduler_job.py:182} INFO - Started process (PID=21918) to work on /home/airflow/sandbox/lib/python3.8/site-packages/airflow/example_dags/example_latest_only.py
[2021-06-25 09:51:46,187] {scheduler_job.py:633} INFO - Processing file /home/airflow/sandbox/lib/python3.8/site-packages/airflow/example_dags/example_latest_only.py for tasks to queue
[2021-06-25 09:51:46,189] {logging_mixin.py:104} INFO - [2021-06-25 09:51:46,188] {dagbag.py:487} INFO - Filling up the DagBag from /home/airflow/sandbox/lib/python3.8/site-packages/airflow/example_dags/example_latest_only.py
[2021-06-25 09:51:46,202] {scheduler_job.py:643} INFO - DAG(s) dict_keys(['latest_only']) retrieved from /home/airflow/sandbox/lib/python3.8/site-packages/airflow/example_dags/example_latest_only.py
[2021-06-25 09:51:46,247] {logging_mixin.py:104} INFO - [2021-06-25 09:51:46,247] {dag.py:1832} INFO - Sync 1 DAGs
[2021-06-25 09:51:46,269] {logging_mixin.py:104} INFO - [2021-06-25 09:51:46,269] {dag.py:2305} INFO - Setting next_dagrun for latest_only to 2021-06-23 00:00:00+00:00
[2021-06-25 09:51:46,282] {scheduler_job.py:190} INFO - Processing /home/airflow/sandbox/lib/python3.8/site-packages/airflow/example_dags/example_latest_only.py took 0.101 seconds
[2021-06-25 09:52:17,025] {scheduler_job.py:182} INFO - Started process (PID=22118) to work on /home/airflow/sandbox/lib/python3.8/site-packages/airflow/example_dags/example_latest_only.py
[2021-06-25 09:52:17,031] {scheduler_job.py:633} INFO - Processing file /home/airflow/sandbox/lib/python3.8/site-packages/airflow/example_dags/example_latest_only.py for tasks to queue
[2021-06-25 09:52:17,035] {logging_mixin.py:104} INFO - [2021-06-25 09:52:17,035] {dagbag.py:487} INFO - Filling up the DagBag from /home/airflow/sandbox/lib/python3.8/site-packages/airflow/example_dags/example_latest_only.py
[2021-06-25 09:52:17,066] {scheduler_job.py:643} INFO - DAG(s) dict_keys(['latest_only']) retrieved from /home/airflow/sandbox/lib/python3.8/site-packages/airflow/example_dags/example_latest_only.py
[2021-06-25 09:52:17,120] {logging_mixin.py:104} INFO - [2021-06-25 09:52:17,120] {dag.py:1832} INFO - Sync 1 DAGs
[2021-06-25 09:52:17,143] {logging_mixin.py:104} INFO - [2021-06-25 09:52:17,142] {dag.py:2305} INFO - Setting next_dagrun for latest_only to 2021-06-23 00:00:00+00:00
[2021-06-25 09:52:17,165] {scheduler_job.py:190} INFO - Processing /home/airflow/sandbox/lib/python3.8/site-packages/airflow/example_dags/example_latest_only.py took 0.144 seconds
[2021-06-25 09:52:48,206] {scheduler_job.py:182} INFO - Started process (PID=22309) to work on /home/airflow/sandbox/lib/python3.8/site-packages/airflow/example_dags/example_latest_only.py
[2021-06-25 09:52:48,211] {scheduler_job.py:633} INFO - Processing file /home/airflow/sandbox/lib/python3.8/site-packages/airflow/example_dags/example_latest_only.py for tasks to queue
[2021-06-25 09:52:48,212] {logging_mixin.py:104} INFO - [2021-06-25 09:52:48,212] {dagbag.py:487} INFO - Filling up the DagBag from /home/airflow/sandbox/lib/python3.8/site-packages/airflow/example_dags/example_latest_only.py
[2021-06-25 09:52:48,258] {scheduler_job.py:643} INFO - DAG(s) dict_keys(['latest_only']) retrieved from /home/airflow/sandbox/lib/python3.8/site-packages/airflow/example_dags/example_latest_only.py
[2021-06-25 09:52:48,313] {logging_mixin.py:104} INFO - [2021-06-25 09:52:48,313] {dag.py:1832} INFO - Sync 1 DAGs
[2021-06-25 09:52:48,346] {logging_mixin.py:104} INFO - [2021-06-25 09:52:48,346] {dag.py:2305} INFO - Setting next_dagrun for latest_only to 2021-06-23 00:00:00+00:00
[2021-06-25 09:52:48,379] {scheduler_job.py:190} INFO - Processing /home/airflow/sandbox/lib/python3.8/site-packages/airflow/example_dags/example_latest_only.py took 0.181 seconds
[2021-06-25 09:53:19,201] {scheduler_job.py:182} INFO - Started process (PID=22511) to work on /home/airflow/sandbox/lib/python3.8/site-packages/airflow/example_dags/example_latest_only.py
[2021-06-25 09:53:19,204] {scheduler_job.py:633} INFO - Processing file /home/airflow/sandbox/lib/python3.8/site-packages/airflow/example_dags/example_latest_only.py for tasks to queue
[2021-06-25 09:53:19,205] {logging_mixin.py:104} INFO - [2021-06-25 09:53:19,205] {dagbag.py:487} INFO - Filling up the DagBag from /home/airflow/sandbox/lib/python3.8/site-packages/airflow/example_dags/example_latest_only.py
[2021-06-25 09:53:19,231] {scheduler_job.py:643} INFO - DAG(s) dict_keys(['latest_only']) retrieved from /home/airflow/sandbox/lib/python3.8/site-packages/airflow/example_dags/example_latest_only.py
[2021-06-25 09:53:19,294] {logging_mixin.py:104} INFO - [2021-06-25 09:53:19,294] {dag.py:1832} INFO - Sync 1 DAGs
[2021-06-25 09:53:19,334] {logging_mixin.py:104} INFO - [2021-06-25 09:53:19,334] {dag.py:2305} INFO - Setting next_dagrun for latest_only to 2021-06-23 00:00:00+00:00
[2021-06-25 09:53:19,365] {scheduler_job.py:190} INFO - Processing /home/airflow/sandbox/lib/python3.8/site-packages/airflow/example_dags/example_latest_only.py took 0.177 seconds
[2021-06-25 09:53:50,602] {scheduler_job.py:182} INFO - Started process (PID=22715) to work on /home/airflow/sandbox/lib/python3.8/site-packages/airflow/example_dags/example_latest_only.py
[2021-06-25 09:53:50,614] {scheduler_job.py:633} INFO - Processing file /home/airflow/sandbox/lib/python3.8/site-packages/airflow/example_dags/example_latest_only.py for tasks to queue
[2021-06-25 09:53:50,616] {logging_mixin.py:104} INFO - [2021-06-25 09:53:50,616] {dagbag.py:487} INFO - Filling up the DagBag from /home/airflow/sandbox/lib/python3.8/site-packages/airflow/example_dags/example_latest_only.py
[2021-06-25 09:53:50,660] {scheduler_job.py:643} INFO - DAG(s) dict_keys(['latest_only']) retrieved from /home/airflow/sandbox/lib/python3.8/site-packages/airflow/example_dags/example_latest_only.py
[2021-06-25 09:53:50,734] {logging_mixin.py:104} INFO - [2021-06-25 09:53:50,733] {dag.py:1832} INFO - Sync 1 DAGs
[2021-06-25 09:53:50,793] {logging_mixin.py:104} INFO - [2021-06-25 09:53:50,793] {dag.py:2305} INFO - Setting next_dagrun for latest_only to 2021-06-23 00:00:00+00:00
[2021-06-25 09:53:50,822] {scheduler_job.py:190} INFO - Processing /home/airflow/sandbox/lib/python3.8/site-packages/airflow/example_dags/example_latest_only.py took 0.229 seconds
[2021-06-25 09:54:21,899] {scheduler_job.py:182} INFO - Started process (PID=22913) to work on /home/airflow/sandbox/lib/python3.8/site-packages/airflow/example_dags/example_latest_only.py
[2021-06-25 09:54:21,909] {scheduler_job.py:633} INFO - Processing file /home/airflow/sandbox/lib/python3.8/site-packages/airflow/example_dags/example_latest_only.py for tasks to queue
[2021-06-25 09:54:21,913] {logging_mixin.py:104} INFO - [2021-06-25 09:54:21,913] {dagbag.py:487} INFO - Filling up the DagBag from /home/airflow/sandbox/lib/python3.8/site-packages/airflow/example_dags/example_latest_only.py
[2021-06-25 09:54:21,951] {scheduler_job.py:643} INFO - DAG(s) dict_keys(['latest_only']) retrieved from /home/airflow/sandbox/lib/python3.8/site-packages/airflow/example_dags/example_latest_only.py
[2021-06-25 09:54:22,012] {logging_mixin.py:104} INFO - [2021-06-25 09:54:22,011] {dag.py:1832} INFO - Sync 1 DAGs
[2021-06-25 09:54:22,046] {logging_mixin.py:104} INFO - [2021-06-25 09:54:22,045] {dag.py:2305} INFO - Setting next_dagrun for latest_only to 2021-06-23 00:00:00+00:00
[2021-06-25 09:54:22,093] {scheduler_job.py:190} INFO - Processing /home/airflow/sandbox/lib/python3.8/site-packages/airflow/example_dags/example_latest_only.py took 0.199 seconds
