[2021-06-25 08:55:35,981] {scheduler_job.py:182} INFO - Started process (PID=2212) to work on /home/airflow/sandbox/lib/python3.8/site-packages/airflow/example_dags/example_python_operator.py
[2021-06-25 08:55:35,989] {scheduler_job.py:633} INFO - Processing file /home/airflow/sandbox/lib/python3.8/site-packages/airflow/example_dags/example_python_operator.py for tasks to queue
[2021-06-25 08:55:35,996] {logging_mixin.py:104} INFO - [2021-06-25 08:55:35,995] {dagbag.py:487} INFO - Filling up the DagBag from /home/airflow/sandbox/lib/python3.8/site-packages/airflow/example_dags/example_python_operator.py
[2021-06-25 08:55:36,041] {scheduler_job.py:643} INFO - DAG(s) dict_keys(['example_python_operator']) retrieved from /home/airflow/sandbox/lib/python3.8/site-packages/airflow/example_dags/example_python_operator.py
[2021-06-25 08:55:38,770] {logging_mixin.py:104} INFO - [2021-06-25 08:55:38,769] {dag.py:1832} INFO - Sync 1 DAGs
[2021-06-25 08:55:38,809] {logging_mixin.py:104} INFO - [2021-06-25 08:55:38,808] {dag.py:2305} INFO - Setting next_dagrun for example_python_operator to None
[2021-06-25 08:55:38,851] {scheduler_job.py:190} INFO - Processing /home/airflow/sandbox/lib/python3.8/site-packages/airflow/example_dags/example_python_operator.py took 2.879 seconds
[2021-06-25 09:15:21,655] {scheduler_job.py:182} INFO - Started process (PID=3669) to work on /home/airflow/sandbox/lib/python3.8/site-packages/airflow/example_dags/example_python_operator.py
[2021-06-25 09:15:21,658] {scheduler_job.py:633} INFO - Processing file /home/airflow/sandbox/lib/python3.8/site-packages/airflow/example_dags/example_python_operator.py for tasks to queue
[2021-06-25 09:15:21,661] {logging_mixin.py:104} INFO - [2021-06-25 09:15:21,661] {dagbag.py:487} INFO - Filling up the DagBag from /home/airflow/sandbox/lib/python3.8/site-packages/airflow/example_dags/example_python_operator.py
[2021-06-25 09:15:21,723] {scheduler_job.py:643} INFO - DAG(s) dict_keys(['example_python_operator']) retrieved from /home/airflow/sandbox/lib/python3.8/site-packages/airflow/example_dags/example_python_operator.py
[2021-06-25 09:15:21,773] {logging_mixin.py:104} INFO - [2021-06-25 09:15:21,773] {dag.py:1832} INFO - Sync 1 DAGs
[2021-06-25 09:15:21,822] {logging_mixin.py:104} INFO - [2021-06-25 09:15:21,821] {dag.py:2305} INFO - Setting next_dagrun for example_python_operator to None
[2021-06-25 09:15:21,859] {scheduler_job.py:190} INFO - Processing /home/airflow/sandbox/lib/python3.8/site-packages/airflow/example_dags/example_python_operator.py took 0.213 seconds
[2021-06-25 09:16:03,864] {scheduler_job.py:182} INFO - Started process (PID=3753) to work on /home/airflow/sandbox/lib/python3.8/site-packages/airflow/example_dags/example_python_operator.py
[2021-06-25 09:16:03,868] {scheduler_job.py:633} INFO - Processing file /home/airflow/sandbox/lib/python3.8/site-packages/airflow/example_dags/example_python_operator.py for tasks to queue
[2021-06-25 09:16:03,870] {logging_mixin.py:104} INFO - [2021-06-25 09:16:03,870] {dagbag.py:487} INFO - Filling up the DagBag from /home/airflow/sandbox/lib/python3.8/site-packages/airflow/example_dags/example_python_operator.py
[2021-06-25 09:16:03,915] {scheduler_job.py:643} INFO - DAG(s) dict_keys(['example_python_operator']) retrieved from /home/airflow/sandbox/lib/python3.8/site-packages/airflow/example_dags/example_python_operator.py
[2021-06-25 09:16:04,065] {logging_mixin.py:104} INFO - [2021-06-25 09:16:04,065] {dag.py:1832} INFO - Sync 1 DAGs
[2021-06-25 09:16:04,144] {logging_mixin.py:104} INFO - [2021-06-25 09:16:04,144] {dag.py:2305} INFO - Setting next_dagrun for example_python_operator to None
[2021-06-25 09:16:04,266] {scheduler_job.py:190} INFO - Processing /home/airflow/sandbox/lib/python3.8/site-packages/airflow/example_dags/example_python_operator.py took 0.443 seconds
[2021-06-25 09:17:20,544] {scheduler_job.py:182} INFO - Started process (PID=4815) to work on /home/airflow/sandbox/lib/python3.8/site-packages/airflow/example_dags/example_python_operator.py
[2021-06-25 09:17:20,549] {scheduler_job.py:633} INFO - Processing file /home/airflow/sandbox/lib/python3.8/site-packages/airflow/example_dags/example_python_operator.py for tasks to queue
[2021-06-25 09:17:20,550] {logging_mixin.py:104} INFO - [2021-06-25 09:17:20,550] {dagbag.py:487} INFO - Filling up the DagBag from /home/airflow/sandbox/lib/python3.8/site-packages/airflow/example_dags/example_python_operator.py
[2021-06-25 09:17:20,590] {scheduler_job.py:643} INFO - DAG(s) dict_keys(['example_python_operator']) retrieved from /home/airflow/sandbox/lib/python3.8/site-packages/airflow/example_dags/example_python_operator.py
[2021-06-25 09:17:20,716] {logging_mixin.py:104} INFO - [2021-06-25 09:17:20,715] {dag.py:1832} INFO - Sync 1 DAGs
[2021-06-25 09:17:20,764] {logging_mixin.py:104} INFO - [2021-06-25 09:17:20,764] {dag.py:2305} INFO - Setting next_dagrun for example_python_operator to None
[2021-06-25 09:17:20,817] {scheduler_job.py:190} INFO - Processing /home/airflow/sandbox/lib/python3.8/site-packages/airflow/example_dags/example_python_operator.py took 0.302 seconds
[2021-06-25 09:18:02,116] {scheduler_job.py:182} INFO - Started process (PID=6025) to work on /home/airflow/sandbox/lib/python3.8/site-packages/airflow/example_dags/example_python_operator.py
[2021-06-25 09:18:02,137] {scheduler_job.py:633} INFO - Processing file /home/airflow/sandbox/lib/python3.8/site-packages/airflow/example_dags/example_python_operator.py for tasks to queue
[2021-06-25 09:18:02,138] {logging_mixin.py:104} INFO - [2021-06-25 09:18:02,138] {dagbag.py:487} INFO - Filling up the DagBag from /home/airflow/sandbox/lib/python3.8/site-packages/airflow/example_dags/example_python_operator.py
[2021-06-25 09:18:02,338] {scheduler_job.py:643} INFO - DAG(s) dict_keys(['example_python_operator']) retrieved from /home/airflow/sandbox/lib/python3.8/site-packages/airflow/example_dags/example_python_operator.py
[2021-06-25 09:18:02,527] {logging_mixin.py:104} INFO - [2021-06-25 09:18:02,527] {dag.py:1832} INFO - Sync 1 DAGs
[2021-06-25 09:18:02,781] {logging_mixin.py:104} INFO - [2021-06-25 09:18:02,781] {dag.py:2305} INFO - Setting next_dagrun for example_python_operator to None
[2021-06-25 09:18:03,125] {scheduler_job.py:190} INFO - Processing /home/airflow/sandbox/lib/python3.8/site-packages/airflow/example_dags/example_python_operator.py took 1.051 seconds
[2021-06-25 09:18:42,206] {scheduler_job.py:182} INFO - Started process (PID=7061) to work on /home/airflow/sandbox/lib/python3.8/site-packages/airflow/example_dags/example_python_operator.py
[2021-06-25 09:18:42,221] {scheduler_job.py:633} INFO - Processing file /home/airflow/sandbox/lib/python3.8/site-packages/airflow/example_dags/example_python_operator.py for tasks to queue
[2021-06-25 09:18:42,233] {logging_mixin.py:104} INFO - [2021-06-25 09:18:42,232] {dagbag.py:487} INFO - Filling up the DagBag from /home/airflow/sandbox/lib/python3.8/site-packages/airflow/example_dags/example_python_operator.py
[2021-06-25 09:18:42,409] {scheduler_job.py:643} INFO - DAG(s) dict_keys(['example_python_operator']) retrieved from /home/airflow/sandbox/lib/python3.8/site-packages/airflow/example_dags/example_python_operator.py
[2021-06-25 09:18:42,661] {logging_mixin.py:104} INFO - [2021-06-25 09:18:42,660] {dag.py:1832} INFO - Sync 1 DAGs
[2021-06-25 09:18:42,947] {logging_mixin.py:104} INFO - [2021-06-25 09:18:42,947] {dag.py:2305} INFO - Setting next_dagrun for example_python_operator to None
[2021-06-25 09:18:43,120] {scheduler_job.py:190} INFO - Processing /home/airflow/sandbox/lib/python3.8/site-packages/airflow/example_dags/example_python_operator.py took 0.936 seconds
[2021-06-25 09:19:37,695] {scheduler_job.py:182} INFO - Started process (PID=8571) to work on /home/airflow/sandbox/lib/python3.8/site-packages/airflow/example_dags/example_python_operator.py
[2021-06-25 09:19:37,745] {scheduler_job.py:633} INFO - Processing file /home/airflow/sandbox/lib/python3.8/site-packages/airflow/example_dags/example_python_operator.py for tasks to queue
[2021-06-25 09:19:37,746] {logging_mixin.py:104} INFO - [2021-06-25 09:19:37,746] {dagbag.py:487} INFO - Filling up the DagBag from /home/airflow/sandbox/lib/python3.8/site-packages/airflow/example_dags/example_python_operator.py
[2021-06-25 09:19:37,887] {scheduler_job.py:643} INFO - DAG(s) dict_keys(['example_python_operator']) retrieved from /home/airflow/sandbox/lib/python3.8/site-packages/airflow/example_dags/example_python_operator.py
[2021-06-25 09:19:38,273] {logging_mixin.py:104} INFO - [2021-06-25 09:19:38,273] {dag.py:1832} INFO - Sync 1 DAGs
[2021-06-25 09:19:38,481] {logging_mixin.py:104} INFO - [2021-06-25 09:19:38,481] {dag.py:2305} INFO - Setting next_dagrun for example_python_operator to None
[2021-06-25 09:19:38,716] {scheduler_job.py:190} INFO - Processing /home/airflow/sandbox/lib/python3.8/site-packages/airflow/example_dags/example_python_operator.py took 1.081 seconds
[2021-06-25 09:20:17,349] {scheduler_job.py:182} INFO - Started process (PID=9741) to work on /home/airflow/sandbox/lib/python3.8/site-packages/airflow/example_dags/example_python_operator.py
[2021-06-25 09:20:17,350] {scheduler_job.py:633} INFO - Processing file /home/airflow/sandbox/lib/python3.8/site-packages/airflow/example_dags/example_python_operator.py for tasks to queue
[2021-06-25 09:20:17,351] {logging_mixin.py:104} INFO - [2021-06-25 09:20:17,351] {dagbag.py:487} INFO - Filling up the DagBag from /home/airflow/sandbox/lib/python3.8/site-packages/airflow/example_dags/example_python_operator.py
[2021-06-25 09:20:17,510] {scheduler_job.py:643} INFO - DAG(s) dict_keys(['example_python_operator']) retrieved from /home/airflow/sandbox/lib/python3.8/site-packages/airflow/example_dags/example_python_operator.py
[2021-06-25 09:20:17,650] {logging_mixin.py:104} INFO - [2021-06-25 09:20:17,650] {dag.py:1832} INFO - Sync 1 DAGs
[2021-06-25 09:20:17,760] {logging_mixin.py:104} INFO - [2021-06-25 09:20:17,760] {dag.py:2305} INFO - Setting next_dagrun for example_python_operator to None
[2021-06-25 09:20:17,935] {scheduler_job.py:190} INFO - Processing /home/airflow/sandbox/lib/python3.8/site-packages/airflow/example_dags/example_python_operator.py took 0.621 seconds
[2021-06-25 09:20:48,101] {scheduler_job.py:182} INFO - Started process (PID=9936) to work on /home/airflow/sandbox/lib/python3.8/site-packages/airflow/example_dags/example_python_operator.py
[2021-06-25 09:20:48,103] {scheduler_job.py:633} INFO - Processing file /home/airflow/sandbox/lib/python3.8/site-packages/airflow/example_dags/example_python_operator.py for tasks to queue
[2021-06-25 09:20:48,105] {logging_mixin.py:104} INFO - [2021-06-25 09:20:48,105] {dagbag.py:487} INFO - Filling up the DagBag from /home/airflow/sandbox/lib/python3.8/site-packages/airflow/example_dags/example_python_operator.py
[2021-06-25 09:20:48,123] {scheduler_job.py:643} INFO - DAG(s) dict_keys(['example_python_operator']) retrieved from /home/airflow/sandbox/lib/python3.8/site-packages/airflow/example_dags/example_python_operator.py
[2021-06-25 09:20:48,160] {logging_mixin.py:104} INFO - [2021-06-25 09:20:48,159] {dag.py:1832} INFO - Sync 1 DAGs
[2021-06-25 09:20:48,187] {logging_mixin.py:104} INFO - [2021-06-25 09:20:48,187] {dag.py:2305} INFO - Setting next_dagrun for example_python_operator to None
[2021-06-25 09:20:48,201] {scheduler_job.py:190} INFO - Processing /home/airflow/sandbox/lib/python3.8/site-packages/airflow/example_dags/example_python_operator.py took 0.105 seconds
[2021-06-25 09:21:18,579] {scheduler_job.py:182} INFO - Started process (PID=10005) to work on /home/airflow/sandbox/lib/python3.8/site-packages/airflow/example_dags/example_python_operator.py
[2021-06-25 09:21:18,580] {scheduler_job.py:633} INFO - Processing file /home/airflow/sandbox/lib/python3.8/site-packages/airflow/example_dags/example_python_operator.py for tasks to queue
[2021-06-25 09:21:18,580] {logging_mixin.py:104} INFO - [2021-06-25 09:21:18,580] {dagbag.py:487} INFO - Filling up the DagBag from /home/airflow/sandbox/lib/python3.8/site-packages/airflow/example_dags/example_python_operator.py
[2021-06-25 09:21:18,596] {scheduler_job.py:643} INFO - DAG(s) dict_keys(['example_python_operator']) retrieved from /home/airflow/sandbox/lib/python3.8/site-packages/airflow/example_dags/example_python_operator.py
[2021-06-25 09:21:18,625] {logging_mixin.py:104} INFO - [2021-06-25 09:21:18,625] {dag.py:1832} INFO - Sync 1 DAGs
[2021-06-25 09:21:18,645] {logging_mixin.py:104} INFO - [2021-06-25 09:21:18,645] {dag.py:2305} INFO - Setting next_dagrun for example_python_operator to None
[2021-06-25 09:21:18,664] {scheduler_job.py:190} INFO - Processing /home/airflow/sandbox/lib/python3.8/site-packages/airflow/example_dags/example_python_operator.py took 0.088 seconds
[2021-06-25 09:21:48,977] {scheduler_job.py:182} INFO - Started process (PID=10073) to work on /home/airflow/sandbox/lib/python3.8/site-packages/airflow/example_dags/example_python_operator.py
[2021-06-25 09:21:48,989] {scheduler_job.py:633} INFO - Processing file /home/airflow/sandbox/lib/python3.8/site-packages/airflow/example_dags/example_python_operator.py for tasks to queue
[2021-06-25 09:21:48,990] {logging_mixin.py:104} INFO - [2021-06-25 09:21:48,990] {dagbag.py:487} INFO - Filling up the DagBag from /home/airflow/sandbox/lib/python3.8/site-packages/airflow/example_dags/example_python_operator.py
[2021-06-25 09:21:49,032] {scheduler_job.py:643} INFO - DAG(s) dict_keys(['example_python_operator']) retrieved from /home/airflow/sandbox/lib/python3.8/site-packages/airflow/example_dags/example_python_operator.py
[2021-06-25 09:21:49,104] {logging_mixin.py:104} INFO - [2021-06-25 09:21:49,104] {dag.py:1832} INFO - Sync 1 DAGs
[2021-06-25 09:21:49,164] {logging_mixin.py:104} INFO - [2021-06-25 09:21:49,164] {dag.py:2305} INFO - Setting next_dagrun for example_python_operator to None
[2021-06-25 09:21:49,195] {scheduler_job.py:190} INFO - Processing /home/airflow/sandbox/lib/python3.8/site-packages/airflow/example_dags/example_python_operator.py took 0.223 seconds
[2021-06-25 09:22:19,348] {scheduler_job.py:182} INFO - Started process (PID=10148) to work on /home/airflow/sandbox/lib/python3.8/site-packages/airflow/example_dags/example_python_operator.py
[2021-06-25 09:22:19,354] {scheduler_job.py:633} INFO - Processing file /home/airflow/sandbox/lib/python3.8/site-packages/airflow/example_dags/example_python_operator.py for tasks to queue
[2021-06-25 09:22:19,357] {logging_mixin.py:104} INFO - [2021-06-25 09:22:19,357] {dagbag.py:487} INFO - Filling up the DagBag from /home/airflow/sandbox/lib/python3.8/site-packages/airflow/example_dags/example_python_operator.py
[2021-06-25 09:22:19,373] {scheduler_job.py:643} INFO - DAG(s) dict_keys(['example_python_operator']) retrieved from /home/airflow/sandbox/lib/python3.8/site-packages/airflow/example_dags/example_python_operator.py
[2021-06-25 09:22:19,409] {logging_mixin.py:104} INFO - [2021-06-25 09:22:19,409] {dag.py:1832} INFO - Sync 1 DAGs
[2021-06-25 09:22:19,430] {logging_mixin.py:104} INFO - [2021-06-25 09:22:19,430] {dag.py:2305} INFO - Setting next_dagrun for example_python_operator to None
[2021-06-25 09:22:19,445] {scheduler_job.py:190} INFO - Processing /home/airflow/sandbox/lib/python3.8/site-packages/airflow/example_dags/example_python_operator.py took 0.101 seconds
[2021-06-25 09:22:49,780] {scheduler_job.py:182} INFO - Started process (PID=10216) to work on /home/airflow/sandbox/lib/python3.8/site-packages/airflow/example_dags/example_python_operator.py
[2021-06-25 09:22:49,788] {scheduler_job.py:633} INFO - Processing file /home/airflow/sandbox/lib/python3.8/site-packages/airflow/example_dags/example_python_operator.py for tasks to queue
[2021-06-25 09:22:49,792] {logging_mixin.py:104} INFO - [2021-06-25 09:22:49,792] {dagbag.py:487} INFO - Filling up the DagBag from /home/airflow/sandbox/lib/python3.8/site-packages/airflow/example_dags/example_python_operator.py
[2021-06-25 09:22:49,827] {scheduler_job.py:643} INFO - DAG(s) dict_keys(['example_python_operator']) retrieved from /home/airflow/sandbox/lib/python3.8/site-packages/airflow/example_dags/example_python_operator.py
[2021-06-25 09:22:49,916] {logging_mixin.py:104} INFO - [2021-06-25 09:22:49,916] {dag.py:1832} INFO - Sync 1 DAGs
[2021-06-25 09:22:49,961] {logging_mixin.py:104} INFO - [2021-06-25 09:22:49,961] {dag.py:2305} INFO - Setting next_dagrun for example_python_operator to None
[2021-06-25 09:22:49,988] {scheduler_job.py:190} INFO - Processing /home/airflow/sandbox/lib/python3.8/site-packages/airflow/example_dags/example_python_operator.py took 0.220 seconds
[2021-06-25 09:24:07,689] {scheduler_job.py:182} INFO - Started process (PID=10523) to work on /home/airflow/sandbox/lib/python3.8/site-packages/airflow/example_dags/example_python_operator.py
[2021-06-25 09:24:07,692] {scheduler_job.py:633} INFO - Processing file /home/airflow/sandbox/lib/python3.8/site-packages/airflow/example_dags/example_python_operator.py for tasks to queue
[2021-06-25 09:24:07,694] {logging_mixin.py:104} INFO - [2021-06-25 09:24:07,694] {dagbag.py:487} INFO - Filling up the DagBag from /home/airflow/sandbox/lib/python3.8/site-packages/airflow/example_dags/example_python_operator.py
[2021-06-25 09:24:07,742] {scheduler_job.py:643} INFO - DAG(s) dict_keys(['example_python_operator']) retrieved from /home/airflow/sandbox/lib/python3.8/site-packages/airflow/example_dags/example_python_operator.py
[2021-06-25 09:24:07,827] {logging_mixin.py:104} INFO - [2021-06-25 09:24:07,827] {dag.py:1832} INFO - Sync 1 DAGs
[2021-06-25 09:24:07,864] {logging_mixin.py:104} INFO - [2021-06-25 09:24:07,863] {dag.py:2305} INFO - Setting next_dagrun for example_python_operator to None
[2021-06-25 09:24:07,920] {scheduler_job.py:190} INFO - Processing /home/airflow/sandbox/lib/python3.8/site-packages/airflow/example_dags/example_python_operator.py took 0.234 seconds
[2021-06-25 09:24:38,083] {scheduler_job.py:182} INFO - Started process (PID=10727) to work on /home/airflow/sandbox/lib/python3.8/site-packages/airflow/example_dags/example_python_operator.py
[2021-06-25 09:24:38,085] {scheduler_job.py:633} INFO - Processing file /home/airflow/sandbox/lib/python3.8/site-packages/airflow/example_dags/example_python_operator.py for tasks to queue
[2021-06-25 09:24:38,086] {logging_mixin.py:104} INFO - [2021-06-25 09:24:38,086] {dagbag.py:487} INFO - Filling up the DagBag from /home/airflow/sandbox/lib/python3.8/site-packages/airflow/example_dags/example_python_operator.py
[2021-06-25 09:24:38,108] {scheduler_job.py:643} INFO - DAG(s) dict_keys(['example_python_operator']) retrieved from /home/airflow/sandbox/lib/python3.8/site-packages/airflow/example_dags/example_python_operator.py
[2021-06-25 09:24:38,146] {logging_mixin.py:104} INFO - [2021-06-25 09:24:38,146] {dag.py:1832} INFO - Sync 1 DAGs
[2021-06-25 09:24:38,175] {logging_mixin.py:104} INFO - [2021-06-25 09:24:38,175] {dag.py:2305} INFO - Setting next_dagrun for example_python_operator to None
[2021-06-25 09:24:38,192] {scheduler_job.py:190} INFO - Processing /home/airflow/sandbox/lib/python3.8/site-packages/airflow/example_dags/example_python_operator.py took 0.113 seconds
[2021-06-25 09:25:09,252] {scheduler_job.py:182} INFO - Started process (PID=10934) to work on /home/airflow/sandbox/lib/python3.8/site-packages/airflow/example_dags/example_python_operator.py
[2021-06-25 09:25:09,255] {scheduler_job.py:633} INFO - Processing file /home/airflow/sandbox/lib/python3.8/site-packages/airflow/example_dags/example_python_operator.py for tasks to queue
[2021-06-25 09:25:09,259] {logging_mixin.py:104} INFO - [2021-06-25 09:25:09,258] {dagbag.py:487} INFO - Filling up the DagBag from /home/airflow/sandbox/lib/python3.8/site-packages/airflow/example_dags/example_python_operator.py
[2021-06-25 09:25:09,289] {scheduler_job.py:643} INFO - DAG(s) dict_keys(['example_python_operator']) retrieved from /home/airflow/sandbox/lib/python3.8/site-packages/airflow/example_dags/example_python_operator.py
[2021-06-25 09:25:09,335] {logging_mixin.py:104} INFO - [2021-06-25 09:25:09,334] {dag.py:1832} INFO - Sync 1 DAGs
[2021-06-25 09:25:09,366] {logging_mixin.py:104} INFO - [2021-06-25 09:25:09,366] {dag.py:2305} INFO - Setting next_dagrun for example_python_operator to None
[2021-06-25 09:25:09,382] {scheduler_job.py:190} INFO - Processing /home/airflow/sandbox/lib/python3.8/site-packages/airflow/example_dags/example_python_operator.py took 0.135 seconds
[2021-06-25 09:25:40,224] {scheduler_job.py:182} INFO - Started process (PID=11134) to work on /home/airflow/sandbox/lib/python3.8/site-packages/airflow/example_dags/example_python_operator.py
[2021-06-25 09:25:40,229] {scheduler_job.py:633} INFO - Processing file /home/airflow/sandbox/lib/python3.8/site-packages/airflow/example_dags/example_python_operator.py for tasks to queue
[2021-06-25 09:25:40,232] {logging_mixin.py:104} INFO - [2021-06-25 09:25:40,232] {dagbag.py:487} INFO - Filling up the DagBag from /home/airflow/sandbox/lib/python3.8/site-packages/airflow/example_dags/example_python_operator.py
[2021-06-25 09:25:40,261] {scheduler_job.py:643} INFO - DAG(s) dict_keys(['example_python_operator']) retrieved from /home/airflow/sandbox/lib/python3.8/site-packages/airflow/example_dags/example_python_operator.py
[2021-06-25 09:25:40,308] {logging_mixin.py:104} INFO - [2021-06-25 09:25:40,308] {dag.py:1832} INFO - Sync 1 DAGs
[2021-06-25 09:25:40,342] {logging_mixin.py:104} INFO - [2021-06-25 09:25:40,342] {dag.py:2305} INFO - Setting next_dagrun for example_python_operator to None
[2021-06-25 09:25:40,361] {scheduler_job.py:190} INFO - Processing /home/airflow/sandbox/lib/python3.8/site-packages/airflow/example_dags/example_python_operator.py took 0.142 seconds
[2021-06-25 09:26:11,664] {scheduler_job.py:182} INFO - Started process (PID=11336) to work on /home/airflow/sandbox/lib/python3.8/site-packages/airflow/example_dags/example_python_operator.py
[2021-06-25 09:26:11,668] {scheduler_job.py:633} INFO - Processing file /home/airflow/sandbox/lib/python3.8/site-packages/airflow/example_dags/example_python_operator.py for tasks to queue
[2021-06-25 09:26:11,671] {logging_mixin.py:104} INFO - [2021-06-25 09:26:11,670] {dagbag.py:487} INFO - Filling up the DagBag from /home/airflow/sandbox/lib/python3.8/site-packages/airflow/example_dags/example_python_operator.py
[2021-06-25 09:26:11,704] {scheduler_job.py:643} INFO - DAG(s) dict_keys(['example_python_operator']) retrieved from /home/airflow/sandbox/lib/python3.8/site-packages/airflow/example_dags/example_python_operator.py
[2021-06-25 09:26:11,760] {logging_mixin.py:104} INFO - [2021-06-25 09:26:11,757] {dag.py:1832} INFO - Sync 1 DAGs
[2021-06-25 09:26:11,803] {logging_mixin.py:104} INFO - [2021-06-25 09:26:11,803] {dag.py:2305} INFO - Setting next_dagrun for example_python_operator to None
[2021-06-25 09:26:11,845] {scheduler_job.py:190} INFO - Processing /home/airflow/sandbox/lib/python3.8/site-packages/airflow/example_dags/example_python_operator.py took 0.191 seconds
[2021-06-25 09:27:05,532] {scheduler_job.py:182} INFO - Started process (PID=11685) to work on /home/airflow/sandbox/lib/python3.8/site-packages/airflow/example_dags/example_python_operator.py
[2021-06-25 09:27:05,536] {scheduler_job.py:633} INFO - Processing file /home/airflow/sandbox/lib/python3.8/site-packages/airflow/example_dags/example_python_operator.py for tasks to queue
[2021-06-25 09:27:05,540] {logging_mixin.py:104} INFO - [2021-06-25 09:27:05,539] {dagbag.py:487} INFO - Filling up the DagBag from /home/airflow/sandbox/lib/python3.8/site-packages/airflow/example_dags/example_python_operator.py
[2021-06-25 09:27:05,567] {scheduler_job.py:643} INFO - DAG(s) dict_keys(['example_python_operator']) retrieved from /home/airflow/sandbox/lib/python3.8/site-packages/airflow/example_dags/example_python_operator.py
[2021-06-25 09:27:05,718] {logging_mixin.py:104} INFO - [2021-06-25 09:27:05,717] {dag.py:1832} INFO - Sync 1 DAGs
[2021-06-25 09:27:05,817] {logging_mixin.py:104} INFO - [2021-06-25 09:27:05,817] {dag.py:2305} INFO - Setting next_dagrun for example_python_operator to None
[2021-06-25 09:27:05,879] {scheduler_job.py:190} INFO - Processing /home/airflow/sandbox/lib/python3.8/site-packages/airflow/example_dags/example_python_operator.py took 0.359 seconds
[2021-06-25 09:27:37,458] {scheduler_job.py:182} INFO - Started process (PID=11898) to work on /home/airflow/sandbox/lib/python3.8/site-packages/airflow/example_dags/example_python_operator.py
[2021-06-25 09:27:37,463] {scheduler_job.py:633} INFO - Processing file /home/airflow/sandbox/lib/python3.8/site-packages/airflow/example_dags/example_python_operator.py for tasks to queue
[2021-06-25 09:27:37,467] {logging_mixin.py:104} INFO - [2021-06-25 09:27:37,466] {dagbag.py:487} INFO - Filling up the DagBag from /home/airflow/sandbox/lib/python3.8/site-packages/airflow/example_dags/example_python_operator.py
[2021-06-25 09:27:37,506] {scheduler_job.py:643} INFO - DAG(s) dict_keys(['example_python_operator']) retrieved from /home/airflow/sandbox/lib/python3.8/site-packages/airflow/example_dags/example_python_operator.py
[2021-06-25 09:27:37,652] {logging_mixin.py:104} INFO - [2021-06-25 09:27:37,651] {dag.py:1832} INFO - Sync 1 DAGs
[2021-06-25 09:27:37,724] {logging_mixin.py:104} INFO - [2021-06-25 09:27:37,724] {dag.py:2305} INFO - Setting next_dagrun for example_python_operator to None
[2021-06-25 09:27:37,778] {scheduler_job.py:190} INFO - Processing /home/airflow/sandbox/lib/python3.8/site-packages/airflow/example_dags/example_python_operator.py took 0.331 seconds
[2021-06-25 09:28:09,844] {scheduler_job.py:182} INFO - Started process (PID=12099) to work on /home/airflow/sandbox/lib/python3.8/site-packages/airflow/example_dags/example_python_operator.py
[2021-06-25 09:28:09,859] {scheduler_job.py:633} INFO - Processing file /home/airflow/sandbox/lib/python3.8/site-packages/airflow/example_dags/example_python_operator.py for tasks to queue
[2021-06-25 09:28:09,875] {logging_mixin.py:104} INFO - [2021-06-25 09:28:09,875] {dagbag.py:487} INFO - Filling up the DagBag from /home/airflow/sandbox/lib/python3.8/site-packages/airflow/example_dags/example_python_operator.py
[2021-06-25 09:28:10,107] {scheduler_job.py:643} INFO - DAG(s) dict_keys(['example_python_operator']) retrieved from /home/airflow/sandbox/lib/python3.8/site-packages/airflow/example_dags/example_python_operator.py
[2021-06-25 09:28:10,303] {logging_mixin.py:104} INFO - [2021-06-25 09:28:10,302] {dag.py:1832} INFO - Sync 1 DAGs
[2021-06-25 09:28:10,414] {logging_mixin.py:104} INFO - [2021-06-25 09:28:10,414] {dag.py:2305} INFO - Setting next_dagrun for example_python_operator to None
[2021-06-25 09:28:10,461] {scheduler_job.py:190} INFO - Processing /home/airflow/sandbox/lib/python3.8/site-packages/airflow/example_dags/example_python_operator.py took 0.647 seconds
[2021-06-25 09:28:40,769] {scheduler_job.py:182} INFO - Started process (PID=12299) to work on /home/airflow/sandbox/lib/python3.8/site-packages/airflow/example_dags/example_python_operator.py
[2021-06-25 09:28:40,777] {scheduler_job.py:633} INFO - Processing file /home/airflow/sandbox/lib/python3.8/site-packages/airflow/example_dags/example_python_operator.py for tasks to queue
[2021-06-25 09:28:40,782] {logging_mixin.py:104} INFO - [2021-06-25 09:28:40,782] {dagbag.py:487} INFO - Filling up the DagBag from /home/airflow/sandbox/lib/python3.8/site-packages/airflow/example_dags/example_python_operator.py
[2021-06-25 09:28:40,802] {scheduler_job.py:643} INFO - DAG(s) dict_keys(['example_python_operator']) retrieved from /home/airflow/sandbox/lib/python3.8/site-packages/airflow/example_dags/example_python_operator.py
[2021-06-25 09:28:40,844] {logging_mixin.py:104} INFO - [2021-06-25 09:28:40,843] {dag.py:1832} INFO - Sync 1 DAGs
[2021-06-25 09:28:40,874] {logging_mixin.py:104} INFO - [2021-06-25 09:28:40,873] {dag.py:2305} INFO - Setting next_dagrun for example_python_operator to None
[2021-06-25 09:28:40,891] {scheduler_job.py:190} INFO - Processing /home/airflow/sandbox/lib/python3.8/site-packages/airflow/example_dags/example_python_operator.py took 0.125 seconds
[2021-06-25 09:29:11,739] {scheduler_job.py:182} INFO - Started process (PID=12500) to work on /home/airflow/sandbox/lib/python3.8/site-packages/airflow/example_dags/example_python_operator.py
[2021-06-25 09:29:11,742] {scheduler_job.py:633} INFO - Processing file /home/airflow/sandbox/lib/python3.8/site-packages/airflow/example_dags/example_python_operator.py for tasks to queue
[2021-06-25 09:29:11,745] {logging_mixin.py:104} INFO - [2021-06-25 09:29:11,745] {dagbag.py:487} INFO - Filling up the DagBag from /home/airflow/sandbox/lib/python3.8/site-packages/airflow/example_dags/example_python_operator.py
[2021-06-25 09:29:11,767] {scheduler_job.py:643} INFO - DAG(s) dict_keys(['example_python_operator']) retrieved from /home/airflow/sandbox/lib/python3.8/site-packages/airflow/example_dags/example_python_operator.py
[2021-06-25 09:29:11,813] {logging_mixin.py:104} INFO - [2021-06-25 09:29:11,813] {dag.py:1832} INFO - Sync 1 DAGs
[2021-06-25 09:29:11,839] {logging_mixin.py:104} INFO - [2021-06-25 09:29:11,839] {dag.py:2305} INFO - Setting next_dagrun for example_python_operator to None
[2021-06-25 09:29:11,862] {scheduler_job.py:190} INFO - Processing /home/airflow/sandbox/lib/python3.8/site-packages/airflow/example_dags/example_python_operator.py took 0.127 seconds
[2021-06-25 09:30:31,803] {scheduler_job.py:182} INFO - Started process (PID=12785) to work on /home/airflow/sandbox/lib/python3.8/site-packages/airflow/example_dags/example_python_operator.py
[2021-06-25 09:30:31,805] {scheduler_job.py:633} INFO - Processing file /home/airflow/sandbox/lib/python3.8/site-packages/airflow/example_dags/example_python_operator.py for tasks to queue
[2021-06-25 09:30:31,806] {logging_mixin.py:104} INFO - [2021-06-25 09:30:31,806] {dagbag.py:487} INFO - Filling up the DagBag from /home/airflow/sandbox/lib/python3.8/site-packages/airflow/example_dags/example_python_operator.py
[2021-06-25 09:30:31,822] {scheduler_job.py:643} INFO - DAG(s) dict_keys(['example_python_operator']) retrieved from /home/airflow/sandbox/lib/python3.8/site-packages/airflow/example_dags/example_python_operator.py
[2021-06-25 09:30:31,862] {logging_mixin.py:104} INFO - [2021-06-25 09:30:31,861] {dag.py:1832} INFO - Sync 1 DAGs
[2021-06-25 09:30:31,878] {logging_mixin.py:104} INFO - [2021-06-25 09:30:31,878] {dag.py:2305} INFO - Setting next_dagrun for example_python_operator to None
[2021-06-25 09:30:31,905] {scheduler_job.py:190} INFO - Processing /home/airflow/sandbox/lib/python3.8/site-packages/airflow/example_dags/example_python_operator.py took 0.106 seconds
[2021-06-25 09:31:03,098] {scheduler_job.py:182} INFO - Started process (PID=12985) to work on /home/airflow/sandbox/lib/python3.8/site-packages/airflow/example_dags/example_python_operator.py
[2021-06-25 09:31:03,102] {scheduler_job.py:633} INFO - Processing file /home/airflow/sandbox/lib/python3.8/site-packages/airflow/example_dags/example_python_operator.py for tasks to queue
[2021-06-25 09:31:03,106] {logging_mixin.py:104} INFO - [2021-06-25 09:31:03,106] {dagbag.py:487} INFO - Filling up the DagBag from /home/airflow/sandbox/lib/python3.8/site-packages/airflow/example_dags/example_python_operator.py
[2021-06-25 09:31:03,134] {scheduler_job.py:643} INFO - DAG(s) dict_keys(['example_python_operator']) retrieved from /home/airflow/sandbox/lib/python3.8/site-packages/airflow/example_dags/example_python_operator.py
[2021-06-25 09:31:03,179] {logging_mixin.py:104} INFO - [2021-06-25 09:31:03,179] {dag.py:1832} INFO - Sync 1 DAGs
[2021-06-25 09:31:03,200] {logging_mixin.py:104} INFO - [2021-06-25 09:31:03,199] {dag.py:2305} INFO - Setting next_dagrun for example_python_operator to None
[2021-06-25 09:31:03,216] {scheduler_job.py:190} INFO - Processing /home/airflow/sandbox/lib/python3.8/site-packages/airflow/example_dags/example_python_operator.py took 0.122 seconds
[2021-06-25 09:31:34,239] {scheduler_job.py:182} INFO - Started process (PID=13185) to work on /home/airflow/sandbox/lib/python3.8/site-packages/airflow/example_dags/example_python_operator.py
[2021-06-25 09:31:34,245] {scheduler_job.py:633} INFO - Processing file /home/airflow/sandbox/lib/python3.8/site-packages/airflow/example_dags/example_python_operator.py for tasks to queue
[2021-06-25 09:31:34,249] {logging_mixin.py:104} INFO - [2021-06-25 09:31:34,249] {dagbag.py:487} INFO - Filling up the DagBag from /home/airflow/sandbox/lib/python3.8/site-packages/airflow/example_dags/example_python_operator.py
[2021-06-25 09:31:34,284] {scheduler_job.py:643} INFO - DAG(s) dict_keys(['example_python_operator']) retrieved from /home/airflow/sandbox/lib/python3.8/site-packages/airflow/example_dags/example_python_operator.py
[2021-06-25 09:31:34,323] {logging_mixin.py:104} INFO - [2021-06-25 09:31:34,323] {dag.py:1832} INFO - Sync 1 DAGs
[2021-06-25 09:31:34,346] {logging_mixin.py:104} INFO - [2021-06-25 09:31:34,346] {dag.py:2305} INFO - Setting next_dagrun for example_python_operator to None
[2021-06-25 09:31:34,367] {scheduler_job.py:190} INFO - Processing /home/airflow/sandbox/lib/python3.8/site-packages/airflow/example_dags/example_python_operator.py took 0.137 seconds
[2021-06-25 09:32:13,032] {scheduler_job.py:182} INFO - Started process (PID=13385) to work on /home/airflow/sandbox/lib/python3.8/site-packages/airflow/example_dags/example_python_operator.py
[2021-06-25 09:32:13,044] {scheduler_job.py:633} INFO - Processing file /home/airflow/sandbox/lib/python3.8/site-packages/airflow/example_dags/example_python_operator.py for tasks to queue
[2021-06-25 09:32:13,045] {logging_mixin.py:104} INFO - [2021-06-25 09:32:13,045] {dagbag.py:487} INFO - Filling up the DagBag from /home/airflow/sandbox/lib/python3.8/site-packages/airflow/example_dags/example_python_operator.py
[2021-06-25 09:32:13,144] {scheduler_job.py:643} INFO - DAG(s) dict_keys(['example_python_operator']) retrieved from /home/airflow/sandbox/lib/python3.8/site-packages/airflow/example_dags/example_python_operator.py
[2021-06-25 09:32:13,363] {logging_mixin.py:104} INFO - [2021-06-25 09:32:13,363] {dag.py:1832} INFO - Sync 1 DAGs
[2021-06-25 09:32:13,498] {logging_mixin.py:104} INFO - [2021-06-25 09:32:13,497] {dag.py:2305} INFO - Setting next_dagrun for example_python_operator to None
[2021-06-25 09:32:13,556] {scheduler_job.py:190} INFO - Processing /home/airflow/sandbox/lib/python3.8/site-packages/airflow/example_dags/example_python_operator.py took 0.540 seconds
[2021-06-25 09:32:43,895] {scheduler_job.py:182} INFO - Started process (PID=13587) to work on /home/airflow/sandbox/lib/python3.8/site-packages/airflow/example_dags/example_python_operator.py
[2021-06-25 09:32:43,916] {scheduler_job.py:633} INFO - Processing file /home/airflow/sandbox/lib/python3.8/site-packages/airflow/example_dags/example_python_operator.py for tasks to queue
[2021-06-25 09:32:43,917] {logging_mixin.py:104} INFO - [2021-06-25 09:32:43,917] {dagbag.py:487} INFO - Filling up the DagBag from /home/airflow/sandbox/lib/python3.8/site-packages/airflow/example_dags/example_python_operator.py
[2021-06-25 09:32:43,966] {scheduler_job.py:643} INFO - DAG(s) dict_keys(['example_python_operator']) retrieved from /home/airflow/sandbox/lib/python3.8/site-packages/airflow/example_dags/example_python_operator.py
[2021-06-25 09:32:44,062] {logging_mixin.py:104} INFO - [2021-06-25 09:32:44,061] {dag.py:1832} INFO - Sync 1 DAGs
[2021-06-25 09:32:44,085] {logging_mixin.py:104} INFO - [2021-06-25 09:32:44,085] {dag.py:2305} INFO - Setting next_dagrun for example_python_operator to None
[2021-06-25 09:32:44,114] {scheduler_job.py:190} INFO - Processing /home/airflow/sandbox/lib/python3.8/site-packages/airflow/example_dags/example_python_operator.py took 0.232 seconds
[2021-06-25 09:33:14,776] {scheduler_job.py:182} INFO - Started process (PID=13788) to work on /home/airflow/sandbox/lib/python3.8/site-packages/airflow/example_dags/example_python_operator.py
[2021-06-25 09:33:14,779] {scheduler_job.py:633} INFO - Processing file /home/airflow/sandbox/lib/python3.8/site-packages/airflow/example_dags/example_python_operator.py for tasks to queue
[2021-06-25 09:33:14,782] {logging_mixin.py:104} INFO - [2021-06-25 09:33:14,782] {dagbag.py:487} INFO - Filling up the DagBag from /home/airflow/sandbox/lib/python3.8/site-packages/airflow/example_dags/example_python_operator.py
[2021-06-25 09:33:14,812] {scheduler_job.py:643} INFO - DAG(s) dict_keys(['example_python_operator']) retrieved from /home/airflow/sandbox/lib/python3.8/site-packages/airflow/example_dags/example_python_operator.py
[2021-06-25 09:33:14,869] {logging_mixin.py:104} INFO - [2021-06-25 09:33:14,869] {dag.py:1832} INFO - Sync 1 DAGs
[2021-06-25 09:33:14,898] {logging_mixin.py:104} INFO - [2021-06-25 09:33:14,898] {dag.py:2305} INFO - Setting next_dagrun for example_python_operator to None
[2021-06-25 09:33:14,918] {scheduler_job.py:190} INFO - Processing /home/airflow/sandbox/lib/python3.8/site-packages/airflow/example_dags/example_python_operator.py took 0.149 seconds
[2021-06-25 09:33:45,242] {scheduler_job.py:182} INFO - Started process (PID=13989) to work on /home/airflow/sandbox/lib/python3.8/site-packages/airflow/example_dags/example_python_operator.py
[2021-06-25 09:33:45,243] {scheduler_job.py:633} INFO - Processing file /home/airflow/sandbox/lib/python3.8/site-packages/airflow/example_dags/example_python_operator.py for tasks to queue
[2021-06-25 09:33:45,244] {logging_mixin.py:104} INFO - [2021-06-25 09:33:45,244] {dagbag.py:487} INFO - Filling up the DagBag from /home/airflow/sandbox/lib/python3.8/site-packages/airflow/example_dags/example_python_operator.py
[2021-06-25 09:33:45,279] {scheduler_job.py:643} INFO - DAG(s) dict_keys(['example_python_operator']) retrieved from /home/airflow/sandbox/lib/python3.8/site-packages/airflow/example_dags/example_python_operator.py
[2021-06-25 09:33:45,325] {logging_mixin.py:104} INFO - [2021-06-25 09:33:45,325] {dag.py:1832} INFO - Sync 1 DAGs
[2021-06-25 09:33:45,350] {logging_mixin.py:104} INFO - [2021-06-25 09:33:45,350] {dag.py:2305} INFO - Setting next_dagrun for example_python_operator to None
[2021-06-25 09:33:45,368] {scheduler_job.py:190} INFO - Processing /home/airflow/sandbox/lib/python3.8/site-packages/airflow/example_dags/example_python_operator.py took 0.131 seconds
[2021-06-25 09:34:16,040] {scheduler_job.py:182} INFO - Started process (PID=14189) to work on /home/airflow/sandbox/lib/python3.8/site-packages/airflow/example_dags/example_python_operator.py
[2021-06-25 09:34:16,105] {scheduler_job.py:633} INFO - Processing file /home/airflow/sandbox/lib/python3.8/site-packages/airflow/example_dags/example_python_operator.py for tasks to queue
[2021-06-25 09:34:16,130] {logging_mixin.py:104} INFO - [2021-06-25 09:34:16,130] {dagbag.py:487} INFO - Filling up the DagBag from /home/airflow/sandbox/lib/python3.8/site-packages/airflow/example_dags/example_python_operator.py
[2021-06-25 09:34:16,222] {scheduler_job.py:643} INFO - DAG(s) dict_keys(['example_python_operator']) retrieved from /home/airflow/sandbox/lib/python3.8/site-packages/airflow/example_dags/example_python_operator.py
[2021-06-25 09:34:16,391] {logging_mixin.py:104} INFO - [2021-06-25 09:34:16,391] {dag.py:1832} INFO - Sync 1 DAGs
[2021-06-25 09:34:16,444] {logging_mixin.py:104} INFO - [2021-06-25 09:34:16,444] {dag.py:2305} INFO - Setting next_dagrun for example_python_operator to None
[2021-06-25 09:34:16,477] {scheduler_job.py:190} INFO - Processing /home/airflow/sandbox/lib/python3.8/site-packages/airflow/example_dags/example_python_operator.py took 0.453 seconds
[2021-06-25 09:34:46,762] {scheduler_job.py:182} INFO - Started process (PID=14391) to work on /home/airflow/sandbox/lib/python3.8/site-packages/airflow/example_dags/example_python_operator.py
[2021-06-25 09:34:46,763] {scheduler_job.py:633} INFO - Processing file /home/airflow/sandbox/lib/python3.8/site-packages/airflow/example_dags/example_python_operator.py for tasks to queue
[2021-06-25 09:34:46,764] {logging_mixin.py:104} INFO - [2021-06-25 09:34:46,764] {dagbag.py:487} INFO - Filling up the DagBag from /home/airflow/sandbox/lib/python3.8/site-packages/airflow/example_dags/example_python_operator.py
[2021-06-25 09:34:46,779] {scheduler_job.py:643} INFO - DAG(s) dict_keys(['example_python_operator']) retrieved from /home/airflow/sandbox/lib/python3.8/site-packages/airflow/example_dags/example_python_operator.py
[2021-06-25 09:34:46,808] {logging_mixin.py:104} INFO - [2021-06-25 09:34:46,808] {dag.py:1832} INFO - Sync 1 DAGs
[2021-06-25 09:34:46,826] {logging_mixin.py:104} INFO - [2021-06-25 09:34:46,826] {dag.py:2305} INFO - Setting next_dagrun for example_python_operator to None
[2021-06-25 09:34:46,838] {scheduler_job.py:190} INFO - Processing /home/airflow/sandbox/lib/python3.8/site-packages/airflow/example_dags/example_python_operator.py took 0.080 seconds
[2021-06-25 09:35:17,182] {scheduler_job.py:182} INFO - Started process (PID=14676) to work on /home/airflow/sandbox/lib/python3.8/site-packages/airflow/example_dags/example_python_operator.py
[2021-06-25 09:35:17,192] {scheduler_job.py:633} INFO - Processing file /home/airflow/sandbox/lib/python3.8/site-packages/airflow/example_dags/example_python_operator.py for tasks to queue
[2021-06-25 09:35:17,195] {logging_mixin.py:104} INFO - [2021-06-25 09:35:17,194] {dagbag.py:487} INFO - Filling up the DagBag from /home/airflow/sandbox/lib/python3.8/site-packages/airflow/example_dags/example_python_operator.py
[2021-06-25 09:35:17,213] {scheduler_job.py:643} INFO - DAG(s) dict_keys(['example_python_operator']) retrieved from /home/airflow/sandbox/lib/python3.8/site-packages/airflow/example_dags/example_python_operator.py
[2021-06-25 09:35:17,247] {logging_mixin.py:104} INFO - [2021-06-25 09:35:17,246] {dag.py:1832} INFO - Sync 1 DAGs
[2021-06-25 09:35:17,268] {logging_mixin.py:104} INFO - [2021-06-25 09:35:17,268] {dag.py:2305} INFO - Setting next_dagrun for example_python_operator to None
[2021-06-25 09:35:17,283] {scheduler_job.py:190} INFO - Processing /home/airflow/sandbox/lib/python3.8/site-packages/airflow/example_dags/example_python_operator.py took 0.105 seconds
[2021-06-25 09:35:47,916] {scheduler_job.py:182} INFO - Started process (PID=14929) to work on /home/airflow/sandbox/lib/python3.8/site-packages/airflow/example_dags/example_python_operator.py
[2021-06-25 09:35:47,919] {scheduler_job.py:633} INFO - Processing file /home/airflow/sandbox/lib/python3.8/site-packages/airflow/example_dags/example_python_operator.py for tasks to queue
[2021-06-25 09:35:47,920] {logging_mixin.py:104} INFO - [2021-06-25 09:35:47,920] {dagbag.py:487} INFO - Filling up the DagBag from /home/airflow/sandbox/lib/python3.8/site-packages/airflow/example_dags/example_python_operator.py
[2021-06-25 09:35:47,937] {scheduler_job.py:643} INFO - DAG(s) dict_keys(['example_python_operator']) retrieved from /home/airflow/sandbox/lib/python3.8/site-packages/airflow/example_dags/example_python_operator.py
[2021-06-25 09:35:47,981] {logging_mixin.py:104} INFO - [2021-06-25 09:35:47,981] {dag.py:1832} INFO - Sync 1 DAGs
[2021-06-25 09:35:48,005] {logging_mixin.py:104} INFO - [2021-06-25 09:35:48,004] {dag.py:2305} INFO - Setting next_dagrun for example_python_operator to None
[2021-06-25 09:35:48,022] {scheduler_job.py:190} INFO - Processing /home/airflow/sandbox/lib/python3.8/site-packages/airflow/example_dags/example_python_operator.py took 0.110 seconds
[2021-06-25 09:36:18,834] {scheduler_job.py:182} INFO - Started process (PID=15130) to work on /home/airflow/sandbox/lib/python3.8/site-packages/airflow/example_dags/example_python_operator.py
[2021-06-25 09:36:18,838] {scheduler_job.py:633} INFO - Processing file /home/airflow/sandbox/lib/python3.8/site-packages/airflow/example_dags/example_python_operator.py for tasks to queue
[2021-06-25 09:36:18,838] {logging_mixin.py:104} INFO - [2021-06-25 09:36:18,838] {dagbag.py:487} INFO - Filling up the DagBag from /home/airflow/sandbox/lib/python3.8/site-packages/airflow/example_dags/example_python_operator.py
[2021-06-25 09:36:18,858] {scheduler_job.py:643} INFO - DAG(s) dict_keys(['example_python_operator']) retrieved from /home/airflow/sandbox/lib/python3.8/site-packages/airflow/example_dags/example_python_operator.py
[2021-06-25 09:36:18,903] {logging_mixin.py:104} INFO - [2021-06-25 09:36:18,903] {dag.py:1832} INFO - Sync 1 DAGs
[2021-06-25 09:36:18,921] {logging_mixin.py:104} INFO - [2021-06-25 09:36:18,921] {dag.py:2305} INFO - Setting next_dagrun for example_python_operator to None
[2021-06-25 09:36:18,931] {scheduler_job.py:190} INFO - Processing /home/airflow/sandbox/lib/python3.8/site-packages/airflow/example_dags/example_python_operator.py took 0.104 seconds
[2021-06-25 09:36:49,642] {scheduler_job.py:182} INFO - Started process (PID=15330) to work on /home/airflow/sandbox/lib/python3.8/site-packages/airflow/example_dags/example_python_operator.py
[2021-06-25 09:36:49,646] {scheduler_job.py:633} INFO - Processing file /home/airflow/sandbox/lib/python3.8/site-packages/airflow/example_dags/example_python_operator.py for tasks to queue
[2021-06-25 09:36:49,647] {logging_mixin.py:104} INFO - [2021-06-25 09:36:49,647] {dagbag.py:487} INFO - Filling up the DagBag from /home/airflow/sandbox/lib/python3.8/site-packages/airflow/example_dags/example_python_operator.py
[2021-06-25 09:36:49,681] {scheduler_job.py:643} INFO - DAG(s) dict_keys(['example_python_operator']) retrieved from /home/airflow/sandbox/lib/python3.8/site-packages/airflow/example_dags/example_python_operator.py
[2021-06-25 09:36:49,723] {logging_mixin.py:104} INFO - [2021-06-25 09:36:49,722] {dag.py:1832} INFO - Sync 1 DAGs
[2021-06-25 09:36:49,743] {logging_mixin.py:104} INFO - [2021-06-25 09:36:49,743] {dag.py:2305} INFO - Setting next_dagrun for example_python_operator to None
[2021-06-25 09:36:49,756] {scheduler_job.py:190} INFO - Processing /home/airflow/sandbox/lib/python3.8/site-packages/airflow/example_dags/example_python_operator.py took 0.118 seconds
[2021-06-25 09:37:19,946] {scheduler_job.py:182} INFO - Started process (PID=15530) to work on /home/airflow/sandbox/lib/python3.8/site-packages/airflow/example_dags/example_python_operator.py
[2021-06-25 09:37:19,948] {scheduler_job.py:633} INFO - Processing file /home/airflow/sandbox/lib/python3.8/site-packages/airflow/example_dags/example_python_operator.py for tasks to queue
[2021-06-25 09:37:19,949] {logging_mixin.py:104} INFO - [2021-06-25 09:37:19,949] {dagbag.py:487} INFO - Filling up the DagBag from /home/airflow/sandbox/lib/python3.8/site-packages/airflow/example_dags/example_python_operator.py
[2021-06-25 09:37:19,960] {scheduler_job.py:643} INFO - DAG(s) dict_keys(['example_python_operator']) retrieved from /home/airflow/sandbox/lib/python3.8/site-packages/airflow/example_dags/example_python_operator.py
[2021-06-25 09:37:19,998] {logging_mixin.py:104} INFO - [2021-06-25 09:37:19,997] {dag.py:1832} INFO - Sync 1 DAGs
[2021-06-25 09:37:20,018] {logging_mixin.py:104} INFO - [2021-06-25 09:37:20,017] {dag.py:2305} INFO - Setting next_dagrun for example_python_operator to None
[2021-06-25 09:37:20,031] {scheduler_job.py:190} INFO - Processing /home/airflow/sandbox/lib/python3.8/site-packages/airflow/example_dags/example_python_operator.py took 0.088 seconds
[2021-06-25 09:37:51,065] {scheduler_job.py:182} INFO - Started process (PID=15731) to work on /home/airflow/sandbox/lib/python3.8/site-packages/airflow/example_dags/example_python_operator.py
[2021-06-25 09:37:51,068] {scheduler_job.py:633} INFO - Processing file /home/airflow/sandbox/lib/python3.8/site-packages/airflow/example_dags/example_python_operator.py for tasks to queue
[2021-06-25 09:37:51,070] {logging_mixin.py:104} INFO - [2021-06-25 09:37:51,070] {dagbag.py:487} INFO - Filling up the DagBag from /home/airflow/sandbox/lib/python3.8/site-packages/airflow/example_dags/example_python_operator.py
[2021-06-25 09:37:51,092] {scheduler_job.py:643} INFO - DAG(s) dict_keys(['example_python_operator']) retrieved from /home/airflow/sandbox/lib/python3.8/site-packages/airflow/example_dags/example_python_operator.py
[2021-06-25 09:37:51,157] {logging_mixin.py:104} INFO - [2021-06-25 09:37:51,156] {dag.py:1832} INFO - Sync 1 DAGs
[2021-06-25 09:37:51,191] {logging_mixin.py:104} INFO - [2021-06-25 09:37:51,191] {dag.py:2305} INFO - Setting next_dagrun for example_python_operator to None
[2021-06-25 09:37:51,215] {scheduler_job.py:190} INFO - Processing /home/airflow/sandbox/lib/python3.8/site-packages/airflow/example_dags/example_python_operator.py took 0.155 seconds
[2021-06-25 09:38:22,128] {scheduler_job.py:182} INFO - Started process (PID=15929) to work on /home/airflow/sandbox/lib/python3.8/site-packages/airflow/example_dags/example_python_operator.py
[2021-06-25 09:38:22,133] {scheduler_job.py:633} INFO - Processing file /home/airflow/sandbox/lib/python3.8/site-packages/airflow/example_dags/example_python_operator.py for tasks to queue
[2021-06-25 09:38:22,136] {logging_mixin.py:104} INFO - [2021-06-25 09:38:22,136] {dagbag.py:487} INFO - Filling up the DagBag from /home/airflow/sandbox/lib/python3.8/site-packages/airflow/example_dags/example_python_operator.py
[2021-06-25 09:38:22,154] {scheduler_job.py:643} INFO - DAG(s) dict_keys(['example_python_operator']) retrieved from /home/airflow/sandbox/lib/python3.8/site-packages/airflow/example_dags/example_python_operator.py
[2021-06-25 09:38:22,199] {logging_mixin.py:104} INFO - [2021-06-25 09:38:22,199] {dag.py:1832} INFO - Sync 1 DAGs
[2021-06-25 09:38:22,229] {logging_mixin.py:104} INFO - [2021-06-25 09:38:22,229] {dag.py:2305} INFO - Setting next_dagrun for example_python_operator to None
[2021-06-25 09:38:22,249] {scheduler_job.py:190} INFO - Processing /home/airflow/sandbox/lib/python3.8/site-packages/airflow/example_dags/example_python_operator.py took 0.127 seconds
[2021-06-25 09:40:11,032] {scheduler_job.py:182} INFO - Started process (PID=16310) to work on /home/airflow/sandbox/lib/python3.8/site-packages/airflow/example_dags/example_python_operator.py
[2021-06-25 09:40:11,048] {scheduler_job.py:633} INFO - Processing file /home/airflow/sandbox/lib/python3.8/site-packages/airflow/example_dags/example_python_operator.py for tasks to queue
[2021-06-25 09:40:11,060] {logging_mixin.py:104} INFO - [2021-06-25 09:40:11,060] {dagbag.py:487} INFO - Filling up the DagBag from /home/airflow/sandbox/lib/python3.8/site-packages/airflow/example_dags/example_python_operator.py
[2021-06-25 09:40:11,142] {scheduler_job.py:643} INFO - DAG(s) dict_keys(['example_python_operator']) retrieved from /home/airflow/sandbox/lib/python3.8/site-packages/airflow/example_dags/example_python_operator.py
[2021-06-25 09:40:11,259] {logging_mixin.py:104} INFO - [2021-06-25 09:40:11,259] {dag.py:1832} INFO - Sync 1 DAGs
[2021-06-25 09:40:11,295] {logging_mixin.py:104} INFO - [2021-06-25 09:40:11,295] {dag.py:2305} INFO - Setting next_dagrun for example_python_operator to None
[2021-06-25 09:40:11,340] {scheduler_job.py:190} INFO - Processing /home/airflow/sandbox/lib/python3.8/site-packages/airflow/example_dags/example_python_operator.py took 0.312 seconds
[2021-06-25 09:40:41,442] {scheduler_job.py:182} INFO - Started process (PID=16505) to work on /home/airflow/sandbox/lib/python3.8/site-packages/airflow/example_dags/example_python_operator.py
[2021-06-25 09:40:41,445] {scheduler_job.py:633} INFO - Processing file /home/airflow/sandbox/lib/python3.8/site-packages/airflow/example_dags/example_python_operator.py for tasks to queue
[2021-06-25 09:40:41,446] {logging_mixin.py:104} INFO - [2021-06-25 09:40:41,446] {dagbag.py:487} INFO - Filling up the DagBag from /home/airflow/sandbox/lib/python3.8/site-packages/airflow/example_dags/example_python_operator.py
[2021-06-25 09:40:41,469] {scheduler_job.py:643} INFO - DAG(s) dict_keys(['example_python_operator']) retrieved from /home/airflow/sandbox/lib/python3.8/site-packages/airflow/example_dags/example_python_operator.py
[2021-06-25 09:40:41,504] {logging_mixin.py:104} INFO - [2021-06-25 09:40:41,503] {dag.py:1832} INFO - Sync 1 DAGs
[2021-06-25 09:40:41,523] {logging_mixin.py:104} INFO - [2021-06-25 09:40:41,523] {dag.py:2305} INFO - Setting next_dagrun for example_python_operator to None
[2021-06-25 09:40:41,535] {scheduler_job.py:190} INFO - Processing /home/airflow/sandbox/lib/python3.8/site-packages/airflow/example_dags/example_python_operator.py took 0.098 seconds
[2021-06-25 09:41:12,439] {scheduler_job.py:182} INFO - Started process (PID=16706) to work on /home/airflow/sandbox/lib/python3.8/site-packages/airflow/example_dags/example_python_operator.py
[2021-06-25 09:41:12,449] {scheduler_job.py:633} INFO - Processing file /home/airflow/sandbox/lib/python3.8/site-packages/airflow/example_dags/example_python_operator.py for tasks to queue
[2021-06-25 09:41:12,457] {logging_mixin.py:104} INFO - [2021-06-25 09:41:12,453] {dagbag.py:487} INFO - Filling up the DagBag from /home/airflow/sandbox/lib/python3.8/site-packages/airflow/example_dags/example_python_operator.py
[2021-06-25 09:41:12,533] {scheduler_job.py:643} INFO - DAG(s) dict_keys(['example_python_operator']) retrieved from /home/airflow/sandbox/lib/python3.8/site-packages/airflow/example_dags/example_python_operator.py
[2021-06-25 09:41:12,596] {logging_mixin.py:104} INFO - [2021-06-25 09:41:12,596] {dag.py:1832} INFO - Sync 1 DAGs
[2021-06-25 09:41:12,622] {logging_mixin.py:104} INFO - [2021-06-25 09:41:12,622] {dag.py:2305} INFO - Setting next_dagrun for example_python_operator to None
[2021-06-25 09:41:12,653] {scheduler_job.py:190} INFO - Processing /home/airflow/sandbox/lib/python3.8/site-packages/airflow/example_dags/example_python_operator.py took 0.230 seconds
[2021-06-25 09:41:43,274] {scheduler_job.py:182} INFO - Started process (PID=16907) to work on /home/airflow/sandbox/lib/python3.8/site-packages/airflow/example_dags/example_python_operator.py
[2021-06-25 09:41:43,278] {scheduler_job.py:633} INFO - Processing file /home/airflow/sandbox/lib/python3.8/site-packages/airflow/example_dags/example_python_operator.py for tasks to queue
[2021-06-25 09:41:43,284] {logging_mixin.py:104} INFO - [2021-06-25 09:41:43,283] {dagbag.py:487} INFO - Filling up the DagBag from /home/airflow/sandbox/lib/python3.8/site-packages/airflow/example_dags/example_python_operator.py
[2021-06-25 09:41:43,308] {scheduler_job.py:643} INFO - DAG(s) dict_keys(['example_python_operator']) retrieved from /home/airflow/sandbox/lib/python3.8/site-packages/airflow/example_dags/example_python_operator.py
[2021-06-25 09:41:43,347] {logging_mixin.py:104} INFO - [2021-06-25 09:41:43,347] {dag.py:1832} INFO - Sync 1 DAGs
[2021-06-25 09:41:43,365] {logging_mixin.py:104} INFO - [2021-06-25 09:41:43,365] {dag.py:2305} INFO - Setting next_dagrun for example_python_operator to None
[2021-06-25 09:41:43,378] {scheduler_job.py:190} INFO - Processing /home/airflow/sandbox/lib/python3.8/site-packages/airflow/example_dags/example_python_operator.py took 0.113 seconds
[2021-06-25 09:42:14,334] {scheduler_job.py:182} INFO - Started process (PID=17106) to work on /home/airflow/sandbox/lib/python3.8/site-packages/airflow/example_dags/example_python_operator.py
[2021-06-25 09:42:14,337] {scheduler_job.py:633} INFO - Processing file /home/airflow/sandbox/lib/python3.8/site-packages/airflow/example_dags/example_python_operator.py for tasks to queue
[2021-06-25 09:42:14,341] {logging_mixin.py:104} INFO - [2021-06-25 09:42:14,341] {dagbag.py:487} INFO - Filling up the DagBag from /home/airflow/sandbox/lib/python3.8/site-packages/airflow/example_dags/example_python_operator.py
[2021-06-25 09:42:14,382] {scheduler_job.py:643} INFO - DAG(s) dict_keys(['example_python_operator']) retrieved from /home/airflow/sandbox/lib/python3.8/site-packages/airflow/example_dags/example_python_operator.py
[2021-06-25 09:42:14,469] {logging_mixin.py:104} INFO - [2021-06-25 09:42:14,469] {dag.py:1832} INFO - Sync 1 DAGs
[2021-06-25 09:42:14,502] {logging_mixin.py:104} INFO - [2021-06-25 09:42:14,502] {dag.py:2305} INFO - Setting next_dagrun for example_python_operator to None
[2021-06-25 09:42:14,538] {scheduler_job.py:190} INFO - Processing /home/airflow/sandbox/lib/python3.8/site-packages/airflow/example_dags/example_python_operator.py took 0.214 seconds
[2021-06-25 09:42:45,305] {scheduler_job.py:182} INFO - Started process (PID=17308) to work on /home/airflow/sandbox/lib/python3.8/site-packages/airflow/example_dags/example_python_operator.py
[2021-06-25 09:42:45,315] {scheduler_job.py:633} INFO - Processing file /home/airflow/sandbox/lib/python3.8/site-packages/airflow/example_dags/example_python_operator.py for tasks to queue
[2021-06-25 09:42:45,318] {logging_mixin.py:104} INFO - [2021-06-25 09:42:45,318] {dagbag.py:487} INFO - Filling up the DagBag from /home/airflow/sandbox/lib/python3.8/site-packages/airflow/example_dags/example_python_operator.py
[2021-06-25 09:42:45,342] {scheduler_job.py:643} INFO - DAG(s) dict_keys(['example_python_operator']) retrieved from /home/airflow/sandbox/lib/python3.8/site-packages/airflow/example_dags/example_python_operator.py
[2021-06-25 09:42:45,406] {logging_mixin.py:104} INFO - [2021-06-25 09:42:45,405] {dag.py:1832} INFO - Sync 1 DAGs
[2021-06-25 09:42:45,452] {logging_mixin.py:104} INFO - [2021-06-25 09:42:45,452] {dag.py:2305} INFO - Setting next_dagrun for example_python_operator to None
[2021-06-25 09:42:45,477] {scheduler_job.py:190} INFO - Processing /home/airflow/sandbox/lib/python3.8/site-packages/airflow/example_dags/example_python_operator.py took 0.176 seconds
[2021-06-25 09:43:16,711] {scheduler_job.py:182} INFO - Started process (PID=17508) to work on /home/airflow/sandbox/lib/python3.8/site-packages/airflow/example_dags/example_python_operator.py
[2021-06-25 09:43:16,713] {scheduler_job.py:633} INFO - Processing file /home/airflow/sandbox/lib/python3.8/site-packages/airflow/example_dags/example_python_operator.py for tasks to queue
[2021-06-25 09:43:16,714] {logging_mixin.py:104} INFO - [2021-06-25 09:43:16,714] {dagbag.py:487} INFO - Filling up the DagBag from /home/airflow/sandbox/lib/python3.8/site-packages/airflow/example_dags/example_python_operator.py
[2021-06-25 09:43:16,732] {scheduler_job.py:643} INFO - DAG(s) dict_keys(['example_python_operator']) retrieved from /home/airflow/sandbox/lib/python3.8/site-packages/airflow/example_dags/example_python_operator.py
[2021-06-25 09:43:16,772] {logging_mixin.py:104} INFO - [2021-06-25 09:43:16,772] {dag.py:1832} INFO - Sync 1 DAGs
[2021-06-25 09:43:16,792] {logging_mixin.py:104} INFO - [2021-06-25 09:43:16,792] {dag.py:2305} INFO - Setting next_dagrun for example_python_operator to None
[2021-06-25 09:43:16,815] {scheduler_job.py:190} INFO - Processing /home/airflow/sandbox/lib/python3.8/site-packages/airflow/example_dags/example_python_operator.py took 0.110 seconds
[2021-06-25 09:43:48,646] {scheduler_job.py:182} INFO - Started process (PID=17708) to work on /home/airflow/sandbox/lib/python3.8/site-packages/airflow/example_dags/example_python_operator.py
[2021-06-25 09:43:48,650] {scheduler_job.py:633} INFO - Processing file /home/airflow/sandbox/lib/python3.8/site-packages/airflow/example_dags/example_python_operator.py for tasks to queue
[2021-06-25 09:43:48,654] {logging_mixin.py:104} INFO - [2021-06-25 09:43:48,653] {dagbag.py:487} INFO - Filling up the DagBag from /home/airflow/sandbox/lib/python3.8/site-packages/airflow/example_dags/example_python_operator.py
[2021-06-25 09:43:48,694] {scheduler_job.py:643} INFO - DAG(s) dict_keys(['example_python_operator']) retrieved from /home/airflow/sandbox/lib/python3.8/site-packages/airflow/example_dags/example_python_operator.py
[2021-06-25 09:43:48,758] {logging_mixin.py:104} INFO - [2021-06-25 09:43:48,758] {dag.py:1832} INFO - Sync 1 DAGs
[2021-06-25 09:43:48,802] {logging_mixin.py:104} INFO - [2021-06-25 09:43:48,802] {dag.py:2305} INFO - Setting next_dagrun for example_python_operator to None
[2021-06-25 09:43:48,829] {scheduler_job.py:190} INFO - Processing /home/airflow/sandbox/lib/python3.8/site-packages/airflow/example_dags/example_python_operator.py took 0.194 seconds
[2021-06-25 09:44:20,154] {scheduler_job.py:182} INFO - Started process (PID=17908) to work on /home/airflow/sandbox/lib/python3.8/site-packages/airflow/example_dags/example_python_operator.py
[2021-06-25 09:44:20,155] {scheduler_job.py:633} INFO - Processing file /home/airflow/sandbox/lib/python3.8/site-packages/airflow/example_dags/example_python_operator.py for tasks to queue
[2021-06-25 09:44:20,157] {logging_mixin.py:104} INFO - [2021-06-25 09:44:20,156] {dagbag.py:487} INFO - Filling up the DagBag from /home/airflow/sandbox/lib/python3.8/site-packages/airflow/example_dags/example_python_operator.py
[2021-06-25 09:44:20,206] {scheduler_job.py:643} INFO - DAG(s) dict_keys(['example_python_operator']) retrieved from /home/airflow/sandbox/lib/python3.8/site-packages/airflow/example_dags/example_python_operator.py
[2021-06-25 09:44:20,256] {logging_mixin.py:104} INFO - [2021-06-25 09:44:20,256] {dag.py:1832} INFO - Sync 1 DAGs
[2021-06-25 09:44:20,288] {logging_mixin.py:104} INFO - [2021-06-25 09:44:20,288] {dag.py:2305} INFO - Setting next_dagrun for example_python_operator to None
[2021-06-25 09:44:20,316] {scheduler_job.py:190} INFO - Processing /home/airflow/sandbox/lib/python3.8/site-packages/airflow/example_dags/example_python_operator.py took 0.176 seconds
[2021-06-25 09:45:25,551] {scheduler_job.py:182} INFO - Started process (PID=19136) to work on /home/airflow/sandbox/lib/python3.8/site-packages/airflow/example_dags/example_python_operator.py
[2021-06-25 09:45:25,557] {scheduler_job.py:633} INFO - Processing file /home/airflow/sandbox/lib/python3.8/site-packages/airflow/example_dags/example_python_operator.py for tasks to queue
[2021-06-25 09:45:25,566] {logging_mixin.py:104} INFO - [2021-06-25 09:45:25,565] {dagbag.py:487} INFO - Filling up the DagBag from /home/airflow/sandbox/lib/python3.8/site-packages/airflow/example_dags/example_python_operator.py
[2021-06-25 09:45:25,601] {scheduler_job.py:643} INFO - DAG(s) dict_keys(['example_python_operator']) retrieved from /home/airflow/sandbox/lib/python3.8/site-packages/airflow/example_dags/example_python_operator.py
[2021-06-25 09:45:25,676] {logging_mixin.py:104} INFO - [2021-06-25 09:45:25,676] {dag.py:1832} INFO - Sync 1 DAGs
[2021-06-25 09:45:25,703] {logging_mixin.py:104} INFO - [2021-06-25 09:45:25,703] {dag.py:2305} INFO - Setting next_dagrun for example_python_operator to None
[2021-06-25 09:45:25,729] {scheduler_job.py:190} INFO - Processing /home/airflow/sandbox/lib/python3.8/site-packages/airflow/example_dags/example_python_operator.py took 0.195 seconds
[2021-06-25 09:46:03,738] {scheduler_job.py:182} INFO - Started process (PID=19574) to work on /home/airflow/sandbox/lib/python3.8/site-packages/airflow/example_dags/example_python_operator.py
[2021-06-25 09:46:03,752] {scheduler_job.py:633} INFO - Processing file /home/airflow/sandbox/lib/python3.8/site-packages/airflow/example_dags/example_python_operator.py for tasks to queue
[2021-06-25 09:46:03,755] {logging_mixin.py:104} INFO - [2021-06-25 09:46:03,754] {dagbag.py:487} INFO - Filling up the DagBag from /home/airflow/sandbox/lib/python3.8/site-packages/airflow/example_dags/example_python_operator.py
[2021-06-25 09:46:03,835] {scheduler_job.py:643} INFO - DAG(s) dict_keys(['example_python_operator']) retrieved from /home/airflow/sandbox/lib/python3.8/site-packages/airflow/example_dags/example_python_operator.py
[2021-06-25 09:46:03,948] {logging_mixin.py:104} INFO - [2021-06-25 09:46:03,948] {dag.py:1832} INFO - Sync 1 DAGs
[2021-06-25 09:46:04,044] {logging_mixin.py:104} INFO - [2021-06-25 09:46:04,044] {dag.py:2305} INFO - Setting next_dagrun for example_python_operator to None
[2021-06-25 09:46:04,105] {scheduler_job.py:190} INFO - Processing /home/airflow/sandbox/lib/python3.8/site-packages/airflow/example_dags/example_python_operator.py took 0.371 seconds
[2021-06-25 09:46:34,507] {scheduler_job.py:182} INFO - Started process (PID=19782) to work on /home/airflow/sandbox/lib/python3.8/site-packages/airflow/example_dags/example_python_operator.py
[2021-06-25 09:46:34,509] {scheduler_job.py:633} INFO - Processing file /home/airflow/sandbox/lib/python3.8/site-packages/airflow/example_dags/example_python_operator.py for tasks to queue
[2021-06-25 09:46:34,510] {logging_mixin.py:104} INFO - [2021-06-25 09:46:34,510] {dagbag.py:487} INFO - Filling up the DagBag from /home/airflow/sandbox/lib/python3.8/site-packages/airflow/example_dags/example_python_operator.py
[2021-06-25 09:46:34,534] {scheduler_job.py:643} INFO - DAG(s) dict_keys(['example_python_operator']) retrieved from /home/airflow/sandbox/lib/python3.8/site-packages/airflow/example_dags/example_python_operator.py
[2021-06-25 09:46:34,572] {logging_mixin.py:104} INFO - [2021-06-25 09:46:34,572] {dag.py:1832} INFO - Sync 1 DAGs
[2021-06-25 09:46:34,599] {logging_mixin.py:104} INFO - [2021-06-25 09:46:34,599] {dag.py:2305} INFO - Setting next_dagrun for example_python_operator to None
[2021-06-25 09:46:34,630] {scheduler_job.py:190} INFO - Processing /home/airflow/sandbox/lib/python3.8/site-packages/airflow/example_dags/example_python_operator.py took 0.127 seconds
[2021-06-25 09:47:06,978] {scheduler_job.py:182} INFO - Started process (PID=19980) to work on /home/airflow/sandbox/lib/python3.8/site-packages/airflow/example_dags/example_python_operator.py
[2021-06-25 09:47:06,981] {scheduler_job.py:633} INFO - Processing file /home/airflow/sandbox/lib/python3.8/site-packages/airflow/example_dags/example_python_operator.py for tasks to queue
[2021-06-25 09:47:06,996] {logging_mixin.py:104} INFO - [2021-06-25 09:47:06,982] {dagbag.py:487} INFO - Filling up the DagBag from /home/airflow/sandbox/lib/python3.8/site-packages/airflow/example_dags/example_python_operator.py
[2021-06-25 09:47:07,038] {scheduler_job.py:643} INFO - DAG(s) dict_keys(['example_python_operator']) retrieved from /home/airflow/sandbox/lib/python3.8/site-packages/airflow/example_dags/example_python_operator.py
[2021-06-25 09:47:07,093] {logging_mixin.py:104} INFO - [2021-06-25 09:47:07,093] {dag.py:1832} INFO - Sync 1 DAGs
[2021-06-25 09:47:07,123] {logging_mixin.py:104} INFO - [2021-06-25 09:47:07,122] {dag.py:2305} INFO - Setting next_dagrun for example_python_operator to None
[2021-06-25 09:47:07,160] {scheduler_job.py:190} INFO - Processing /home/airflow/sandbox/lib/python3.8/site-packages/airflow/example_dags/example_python_operator.py took 0.200 seconds
[2021-06-25 09:47:41,204] {scheduler_job.py:182} INFO - Started process (PID=20257) to work on /home/airflow/sandbox/lib/python3.8/site-packages/airflow/example_dags/example_python_operator.py
[2021-06-25 09:47:41,206] {scheduler_job.py:633} INFO - Processing file /home/airflow/sandbox/lib/python3.8/site-packages/airflow/example_dags/example_python_operator.py for tasks to queue
[2021-06-25 09:47:41,209] {logging_mixin.py:104} INFO - [2021-06-25 09:47:41,209] {dagbag.py:487} INFO - Filling up the DagBag from /home/airflow/sandbox/lib/python3.8/site-packages/airflow/example_dags/example_python_operator.py
[2021-06-25 09:47:41,248] {scheduler_job.py:643} INFO - DAG(s) dict_keys(['example_python_operator']) retrieved from /home/airflow/sandbox/lib/python3.8/site-packages/airflow/example_dags/example_python_operator.py
[2021-06-25 09:47:41,304] {logging_mixin.py:104} INFO - [2021-06-25 09:47:41,304] {dag.py:1832} INFO - Sync 1 DAGs
[2021-06-25 09:47:41,337] {logging_mixin.py:104} INFO - [2021-06-25 09:47:41,337] {dag.py:2305} INFO - Setting next_dagrun for example_python_operator to None
[2021-06-25 09:47:41,376] {scheduler_job.py:190} INFO - Processing /home/airflow/sandbox/lib/python3.8/site-packages/airflow/example_dags/example_python_operator.py took 0.178 seconds
[2021-06-25 09:48:14,614] {scheduler_job.py:182} INFO - Started process (PID=20573) to work on /home/airflow/sandbox/lib/python3.8/site-packages/airflow/example_dags/example_python_operator.py
[2021-06-25 09:48:14,619] {scheduler_job.py:633} INFO - Processing file /home/airflow/sandbox/lib/python3.8/site-packages/airflow/example_dags/example_python_operator.py for tasks to queue
[2021-06-25 09:48:14,621] {logging_mixin.py:104} INFO - [2021-06-25 09:48:14,620] {dagbag.py:487} INFO - Filling up the DagBag from /home/airflow/sandbox/lib/python3.8/site-packages/airflow/example_dags/example_python_operator.py
[2021-06-25 09:48:14,652] {scheduler_job.py:643} INFO - DAG(s) dict_keys(['example_python_operator']) retrieved from /home/airflow/sandbox/lib/python3.8/site-packages/airflow/example_dags/example_python_operator.py
[2021-06-25 09:48:14,693] {logging_mixin.py:104} INFO - [2021-06-25 09:48:14,692] {dag.py:1832} INFO - Sync 1 DAGs
[2021-06-25 09:48:14,733] {logging_mixin.py:104} INFO - [2021-06-25 09:48:14,733] {dag.py:2305} INFO - Setting next_dagrun for example_python_operator to None
[2021-06-25 09:48:14,757] {scheduler_job.py:190} INFO - Processing /home/airflow/sandbox/lib/python3.8/site-packages/airflow/example_dags/example_python_operator.py took 0.150 seconds
[2021-06-25 09:48:45,387] {scheduler_job.py:182} INFO - Started process (PID=20779) to work on /home/airflow/sandbox/lib/python3.8/site-packages/airflow/example_dags/example_python_operator.py
[2021-06-25 09:48:45,432] {scheduler_job.py:633} INFO - Processing file /home/airflow/sandbox/lib/python3.8/site-packages/airflow/example_dags/example_python_operator.py for tasks to queue
[2021-06-25 09:48:45,445] {logging_mixin.py:104} INFO - [2021-06-25 09:48:45,445] {dagbag.py:487} INFO - Filling up the DagBag from /home/airflow/sandbox/lib/python3.8/site-packages/airflow/example_dags/example_python_operator.py
[2021-06-25 09:48:45,501] {scheduler_job.py:643} INFO - DAG(s) dict_keys(['example_python_operator']) retrieved from /home/airflow/sandbox/lib/python3.8/site-packages/airflow/example_dags/example_python_operator.py
[2021-06-25 09:48:45,626] {logging_mixin.py:104} INFO - [2021-06-25 09:48:45,626] {dag.py:1832} INFO - Sync 1 DAGs
[2021-06-25 09:48:45,663] {logging_mixin.py:104} INFO - [2021-06-25 09:48:45,663] {dag.py:2305} INFO - Setting next_dagrun for example_python_operator to None
[2021-06-25 09:48:45,684] {scheduler_job.py:190} INFO - Processing /home/airflow/sandbox/lib/python3.8/site-packages/airflow/example_dags/example_python_operator.py took 0.305 seconds
[2021-06-25 09:49:16,755] {scheduler_job.py:182} INFO - Started process (PID=20981) to work on /home/airflow/sandbox/lib/python3.8/site-packages/airflow/example_dags/example_python_operator.py
[2021-06-25 09:49:16,757] {scheduler_job.py:633} INFO - Processing file /home/airflow/sandbox/lib/python3.8/site-packages/airflow/example_dags/example_python_operator.py for tasks to queue
[2021-06-25 09:49:16,762] {logging_mixin.py:104} INFO - [2021-06-25 09:49:16,761] {dagbag.py:487} INFO - Filling up the DagBag from /home/airflow/sandbox/lib/python3.8/site-packages/airflow/example_dags/example_python_operator.py
[2021-06-25 09:49:16,788] {scheduler_job.py:643} INFO - DAG(s) dict_keys(['example_python_operator']) retrieved from /home/airflow/sandbox/lib/python3.8/site-packages/airflow/example_dags/example_python_operator.py
[2021-06-25 09:49:16,842] {logging_mixin.py:104} INFO - [2021-06-25 09:49:16,842] {dag.py:1832} INFO - Sync 1 DAGs
[2021-06-25 09:49:16,888] {logging_mixin.py:104} INFO - [2021-06-25 09:49:16,888] {dag.py:2305} INFO - Setting next_dagrun for example_python_operator to None
[2021-06-25 09:49:16,942] {scheduler_job.py:190} INFO - Processing /home/airflow/sandbox/lib/python3.8/site-packages/airflow/example_dags/example_python_operator.py took 0.196 seconds
[2021-06-25 09:49:48,364] {scheduler_job.py:182} INFO - Started process (PID=21181) to work on /home/airflow/sandbox/lib/python3.8/site-packages/airflow/example_dags/example_python_operator.py
[2021-06-25 09:49:48,370] {scheduler_job.py:633} INFO - Processing file /home/airflow/sandbox/lib/python3.8/site-packages/airflow/example_dags/example_python_operator.py for tasks to queue
[2021-06-25 09:49:48,372] {logging_mixin.py:104} INFO - [2021-06-25 09:49:48,372] {dagbag.py:487} INFO - Filling up the DagBag from /home/airflow/sandbox/lib/python3.8/site-packages/airflow/example_dags/example_python_operator.py
[2021-06-25 09:49:48,419] {scheduler_job.py:643} INFO - DAG(s) dict_keys(['example_python_operator']) retrieved from /home/airflow/sandbox/lib/python3.8/site-packages/airflow/example_dags/example_python_operator.py
[2021-06-25 09:49:48,539] {logging_mixin.py:104} INFO - [2021-06-25 09:49:48,538] {dag.py:1832} INFO - Sync 1 DAGs
[2021-06-25 09:49:48,594] {logging_mixin.py:104} INFO - [2021-06-25 09:49:48,593] {dag.py:2305} INFO - Setting next_dagrun for example_python_operator to None
[2021-06-25 09:49:48,644] {scheduler_job.py:190} INFO - Processing /home/airflow/sandbox/lib/python3.8/site-packages/airflow/example_dags/example_python_operator.py took 0.292 seconds
[2021-06-25 09:50:19,463] {scheduler_job.py:182} INFO - Started process (PID=21381) to work on /home/airflow/sandbox/lib/python3.8/site-packages/airflow/example_dags/example_python_operator.py
[2021-06-25 09:50:19,464] {scheduler_job.py:633} INFO - Processing file /home/airflow/sandbox/lib/python3.8/site-packages/airflow/example_dags/example_python_operator.py for tasks to queue
[2021-06-25 09:50:19,464] {logging_mixin.py:104} INFO - [2021-06-25 09:50:19,464] {dagbag.py:487} INFO - Filling up the DagBag from /home/airflow/sandbox/lib/python3.8/site-packages/airflow/example_dags/example_python_operator.py
[2021-06-25 09:50:19,486] {scheduler_job.py:643} INFO - DAG(s) dict_keys(['example_python_operator']) retrieved from /home/airflow/sandbox/lib/python3.8/site-packages/airflow/example_dags/example_python_operator.py
[2021-06-25 09:50:19,549] {logging_mixin.py:104} INFO - [2021-06-25 09:50:19,549] {dag.py:1832} INFO - Sync 1 DAGs
[2021-06-25 09:50:19,573] {logging_mixin.py:104} INFO - [2021-06-25 09:50:19,573] {dag.py:2305} INFO - Setting next_dagrun for example_python_operator to None
[2021-06-25 09:50:19,607] {scheduler_job.py:190} INFO - Processing /home/airflow/sandbox/lib/python3.8/site-packages/airflow/example_dags/example_python_operator.py took 0.149 seconds
[2021-06-25 09:50:49,735] {scheduler_job.py:182} INFO - Started process (PID=21580) to work on /home/airflow/sandbox/lib/python3.8/site-packages/airflow/example_dags/example_python_operator.py
[2021-06-25 09:50:49,739] {scheduler_job.py:633} INFO - Processing file /home/airflow/sandbox/lib/python3.8/site-packages/airflow/example_dags/example_python_operator.py for tasks to queue
[2021-06-25 09:50:49,748] {logging_mixin.py:104} INFO - [2021-06-25 09:50:49,748] {dagbag.py:487} INFO - Filling up the DagBag from /home/airflow/sandbox/lib/python3.8/site-packages/airflow/example_dags/example_python_operator.py
[2021-06-25 09:50:49,773] {scheduler_job.py:643} INFO - DAG(s) dict_keys(['example_python_operator']) retrieved from /home/airflow/sandbox/lib/python3.8/site-packages/airflow/example_dags/example_python_operator.py
[2021-06-25 09:50:49,837] {logging_mixin.py:104} INFO - [2021-06-25 09:50:49,837] {dag.py:1832} INFO - Sync 1 DAGs
[2021-06-25 09:50:49,884] {logging_mixin.py:104} INFO - [2021-06-25 09:50:49,884] {dag.py:2305} INFO - Setting next_dagrun for example_python_operator to None
[2021-06-25 09:50:49,914] {scheduler_job.py:190} INFO - Processing /home/airflow/sandbox/lib/python3.8/site-packages/airflow/example_dags/example_python_operator.py took 0.184 seconds
[2021-06-25 09:51:20,836] {scheduler_job.py:182} INFO - Started process (PID=21781) to work on /home/airflow/sandbox/lib/python3.8/site-packages/airflow/example_dags/example_python_operator.py
[2021-06-25 09:51:20,839] {scheduler_job.py:633} INFO - Processing file /home/airflow/sandbox/lib/python3.8/site-packages/airflow/example_dags/example_python_operator.py for tasks to queue
[2021-06-25 09:51:20,842] {logging_mixin.py:104} INFO - [2021-06-25 09:51:20,842] {dagbag.py:487} INFO - Filling up the DagBag from /home/airflow/sandbox/lib/python3.8/site-packages/airflow/example_dags/example_python_operator.py
[2021-06-25 09:51:20,871] {scheduler_job.py:643} INFO - DAG(s) dict_keys(['example_python_operator']) retrieved from /home/airflow/sandbox/lib/python3.8/site-packages/airflow/example_dags/example_python_operator.py
[2021-06-25 09:51:20,910] {logging_mixin.py:104} INFO - [2021-06-25 09:51:20,910] {dag.py:1832} INFO - Sync 1 DAGs
[2021-06-25 09:51:20,938] {logging_mixin.py:104} INFO - [2021-06-25 09:51:20,937] {dag.py:2305} INFO - Setting next_dagrun for example_python_operator to None
[2021-06-25 09:51:20,956] {scheduler_job.py:190} INFO - Processing /home/airflow/sandbox/lib/python3.8/site-packages/airflow/example_dags/example_python_operator.py took 0.123 seconds
[2021-06-25 09:51:51,701] {scheduler_job.py:182} INFO - Started process (PID=21979) to work on /home/airflow/sandbox/lib/python3.8/site-packages/airflow/example_dags/example_python_operator.py
[2021-06-25 09:51:51,710] {scheduler_job.py:633} INFO - Processing file /home/airflow/sandbox/lib/python3.8/site-packages/airflow/example_dags/example_python_operator.py for tasks to queue
[2021-06-25 09:51:51,713] {logging_mixin.py:104} INFO - [2021-06-25 09:51:51,713] {dagbag.py:487} INFO - Filling up the DagBag from /home/airflow/sandbox/lib/python3.8/site-packages/airflow/example_dags/example_python_operator.py
[2021-06-25 09:51:51,746] {scheduler_job.py:643} INFO - DAG(s) dict_keys(['example_python_operator']) retrieved from /home/airflow/sandbox/lib/python3.8/site-packages/airflow/example_dags/example_python_operator.py
[2021-06-25 09:51:51,812] {logging_mixin.py:104} INFO - [2021-06-25 09:51:51,812] {dag.py:1832} INFO - Sync 1 DAGs
[2021-06-25 09:51:51,832] {logging_mixin.py:104} INFO - [2021-06-25 09:51:51,832] {dag.py:2305} INFO - Setting next_dagrun for example_python_operator to None
[2021-06-25 09:51:51,851] {scheduler_job.py:190} INFO - Processing /home/airflow/sandbox/lib/python3.8/site-packages/airflow/example_dags/example_python_operator.py took 0.159 seconds
[2021-06-25 09:52:22,724] {scheduler_job.py:182} INFO - Started process (PID=22178) to work on /home/airflow/sandbox/lib/python3.8/site-packages/airflow/example_dags/example_python_operator.py
[2021-06-25 09:52:22,729] {scheduler_job.py:633} INFO - Processing file /home/airflow/sandbox/lib/python3.8/site-packages/airflow/example_dags/example_python_operator.py for tasks to queue
[2021-06-25 09:52:22,731] {logging_mixin.py:104} INFO - [2021-06-25 09:52:22,730] {dagbag.py:487} INFO - Filling up the DagBag from /home/airflow/sandbox/lib/python3.8/site-packages/airflow/example_dags/example_python_operator.py
[2021-06-25 09:52:22,757] {scheduler_job.py:643} INFO - DAG(s) dict_keys(['example_python_operator']) retrieved from /home/airflow/sandbox/lib/python3.8/site-packages/airflow/example_dags/example_python_operator.py
[2021-06-25 09:52:22,816] {logging_mixin.py:104} INFO - [2021-06-25 09:52:22,816] {dag.py:1832} INFO - Sync 1 DAGs
[2021-06-25 09:52:22,834] {logging_mixin.py:104} INFO - [2021-06-25 09:52:22,834] {dag.py:2305} INFO - Setting next_dagrun for example_python_operator to None
[2021-06-25 09:52:22,852] {scheduler_job.py:190} INFO - Processing /home/airflow/sandbox/lib/python3.8/site-packages/airflow/example_dags/example_python_operator.py took 0.131 seconds
[2021-06-25 09:52:52,969] {scheduler_job.py:182} INFO - Started process (PID=22374) to work on /home/airflow/sandbox/lib/python3.8/site-packages/airflow/example_dags/example_python_operator.py
[2021-06-25 09:52:52,970] {scheduler_job.py:633} INFO - Processing file /home/airflow/sandbox/lib/python3.8/site-packages/airflow/example_dags/example_python_operator.py for tasks to queue
[2021-06-25 09:52:52,971] {logging_mixin.py:104} INFO - [2021-06-25 09:52:52,971] {dagbag.py:487} INFO - Filling up the DagBag from /home/airflow/sandbox/lib/python3.8/site-packages/airflow/example_dags/example_python_operator.py
[2021-06-25 09:52:52,992] {scheduler_job.py:643} INFO - DAG(s) dict_keys(['example_python_operator']) retrieved from /home/airflow/sandbox/lib/python3.8/site-packages/airflow/example_dags/example_python_operator.py
[2021-06-25 09:52:53,044] {logging_mixin.py:104} INFO - [2021-06-25 09:52:53,044] {dag.py:1832} INFO - Sync 1 DAGs
[2021-06-25 09:52:53,063] {logging_mixin.py:104} INFO - [2021-06-25 09:52:53,063] {dag.py:2305} INFO - Setting next_dagrun for example_python_operator to None
[2021-06-25 09:52:53,085] {scheduler_job.py:190} INFO - Processing /home/airflow/sandbox/lib/python3.8/site-packages/airflow/example_dags/example_python_operator.py took 0.122 seconds
[2021-06-25 09:53:23,601] {scheduler_job.py:182} INFO - Started process (PID=22572) to work on /home/airflow/sandbox/lib/python3.8/site-packages/airflow/example_dags/example_python_operator.py
[2021-06-25 09:53:23,607] {scheduler_job.py:633} INFO - Processing file /home/airflow/sandbox/lib/python3.8/site-packages/airflow/example_dags/example_python_operator.py for tasks to queue
[2021-06-25 09:53:23,616] {logging_mixin.py:104} INFO - [2021-06-25 09:53:23,615] {dagbag.py:487} INFO - Filling up the DagBag from /home/airflow/sandbox/lib/python3.8/site-packages/airflow/example_dags/example_python_operator.py
[2021-06-25 09:53:23,645] {scheduler_job.py:643} INFO - DAG(s) dict_keys(['example_python_operator']) retrieved from /home/airflow/sandbox/lib/python3.8/site-packages/airflow/example_dags/example_python_operator.py
[2021-06-25 09:53:23,698] {logging_mixin.py:104} INFO - [2021-06-25 09:53:23,698] {dag.py:1832} INFO - Sync 1 DAGs
[2021-06-25 09:53:23,726] {logging_mixin.py:104} INFO - [2021-06-25 09:53:23,725] {dag.py:2305} INFO - Setting next_dagrun for example_python_operator to None
[2021-06-25 09:53:23,746] {scheduler_job.py:190} INFO - Processing /home/airflow/sandbox/lib/python3.8/site-packages/airflow/example_dags/example_python_operator.py took 0.152 seconds
[2021-06-25 09:53:53,940] {scheduler_job.py:182} INFO - Started process (PID=22774) to work on /home/airflow/sandbox/lib/python3.8/site-packages/airflow/example_dags/example_python_operator.py
[2021-06-25 09:53:53,942] {scheduler_job.py:633} INFO - Processing file /home/airflow/sandbox/lib/python3.8/site-packages/airflow/example_dags/example_python_operator.py for tasks to queue
[2021-06-25 09:53:53,944] {logging_mixin.py:104} INFO - [2021-06-25 09:53:53,944] {dagbag.py:487} INFO - Filling up the DagBag from /home/airflow/sandbox/lib/python3.8/site-packages/airflow/example_dags/example_python_operator.py
[2021-06-25 09:53:53,969] {scheduler_job.py:643} INFO - DAG(s) dict_keys(['example_python_operator']) retrieved from /home/airflow/sandbox/lib/python3.8/site-packages/airflow/example_dags/example_python_operator.py
[2021-06-25 09:53:54,036] {logging_mixin.py:104} INFO - [2021-06-25 09:53:54,036] {dag.py:1832} INFO - Sync 1 DAGs
[2021-06-25 09:53:54,073] {logging_mixin.py:104} INFO - [2021-06-25 09:53:54,072] {dag.py:2305} INFO - Setting next_dagrun for example_python_operator to None
[2021-06-25 09:53:54,092] {scheduler_job.py:190} INFO - Processing /home/airflow/sandbox/lib/python3.8/site-packages/airflow/example_dags/example_python_operator.py took 0.158 seconds
[2021-06-25 09:54:24,561] {scheduler_job.py:182} INFO - Started process (PID=22974) to work on /home/airflow/sandbox/lib/python3.8/site-packages/airflow/example_dags/example_python_operator.py
[2021-06-25 09:54:24,579] {scheduler_job.py:633} INFO - Processing file /home/airflow/sandbox/lib/python3.8/site-packages/airflow/example_dags/example_python_operator.py for tasks to queue
[2021-06-25 09:54:24,592] {logging_mixin.py:104} INFO - [2021-06-25 09:54:24,591] {dagbag.py:487} INFO - Filling up the DagBag from /home/airflow/sandbox/lib/python3.8/site-packages/airflow/example_dags/example_python_operator.py
[2021-06-25 09:54:24,658] {scheduler_job.py:643} INFO - DAG(s) dict_keys(['example_python_operator']) retrieved from /home/airflow/sandbox/lib/python3.8/site-packages/airflow/example_dags/example_python_operator.py
[2021-06-25 09:54:24,811] {logging_mixin.py:104} INFO - [2021-06-25 09:54:24,811] {dag.py:1832} INFO - Sync 1 DAGs
[2021-06-25 09:54:24,883] {logging_mixin.py:104} INFO - [2021-06-25 09:54:24,883] {dag.py:2305} INFO - Setting next_dagrun for example_python_operator to None
[2021-06-25 09:54:24,925] {scheduler_job.py:190} INFO - Processing /home/airflow/sandbox/lib/python3.8/site-packages/airflow/example_dags/example_python_operator.py took 0.378 seconds
