[2021-06-25 08:55:11,426] {scheduler_job.py:182} INFO - Started process (PID=2119) to work on /home/airflow/sandbox/lib/python3.8/site-packages/airflow/example_dags/tutorial_taskflow_api_etl.py
[2021-06-25 08:55:11,432] {scheduler_job.py:633} INFO - Processing file /home/airflow/sandbox/lib/python3.8/site-packages/airflow/example_dags/tutorial_taskflow_api_etl.py for tasks to queue
[2021-06-25 08:55:11,433] {logging_mixin.py:104} INFO - [2021-06-25 08:55:11,433] {dagbag.py:487} INFO - Filling up the DagBag from /home/airflow/sandbox/lib/python3.8/site-packages/airflow/example_dags/tutorial_taskflow_api_etl.py
[2021-06-25 08:55:11,494] {scheduler_job.py:643} INFO - DAG(s) dict_keys(['tutorial_taskflow_api_etl']) retrieved from /home/airflow/sandbox/lib/python3.8/site-packages/airflow/example_dags/tutorial_taskflow_api_etl.py
[2021-06-25 08:55:13,640] {logging_mixin.py:104} INFO - [2021-06-25 08:55:13,639] {dag.py:1832} INFO - Sync 1 DAGs
[2021-06-25 08:55:13,753] {logging_mixin.py:104} INFO - [2021-06-25 08:55:13,753] {dag.py:2305} INFO - Setting next_dagrun for tutorial_taskflow_api_etl to None
[2021-06-25 08:55:14,103] {scheduler_job.py:190} INFO - Processing /home/airflow/sandbox/lib/python3.8/site-packages/airflow/example_dags/tutorial_taskflow_api_etl.py took 2.680 seconds
[2021-06-25 09:15:18,655] {scheduler_job.py:182} INFO - Started process (PID=3640) to work on /home/airflow/sandbox/lib/python3.8/site-packages/airflow/example_dags/tutorial_taskflow_api_etl.py
[2021-06-25 09:15:18,664] {scheduler_job.py:633} INFO - Processing file /home/airflow/sandbox/lib/python3.8/site-packages/airflow/example_dags/tutorial_taskflow_api_etl.py for tasks to queue
[2021-06-25 09:15:18,674] {logging_mixin.py:104} INFO - [2021-06-25 09:15:18,674] {dagbag.py:487} INFO - Filling up the DagBag from /home/airflow/sandbox/lib/python3.8/site-packages/airflow/example_dags/tutorial_taskflow_api_etl.py
[2021-06-25 09:15:18,721] {scheduler_job.py:643} INFO - DAG(s) dict_keys(['tutorial_taskflow_api_etl']) retrieved from /home/airflow/sandbox/lib/python3.8/site-packages/airflow/example_dags/tutorial_taskflow_api_etl.py
[2021-06-25 09:15:19,757] {logging_mixin.py:104} INFO - [2021-06-25 09:15:19,757] {dag.py:1832} INFO - Sync 1 DAGs
[2021-06-25 09:15:19,807] {logging_mixin.py:104} INFO - [2021-06-25 09:15:19,807] {dag.py:2305} INFO - Setting next_dagrun for tutorial_taskflow_api_etl to None
[2021-06-25 09:15:19,865] {scheduler_job.py:190} INFO - Processing /home/airflow/sandbox/lib/python3.8/site-packages/airflow/example_dags/tutorial_taskflow_api_etl.py took 1.227 seconds
[2021-06-25 09:15:56,081] {scheduler_job.py:182} INFO - Started process (PID=3729) to work on /home/airflow/sandbox/lib/python3.8/site-packages/airflow/example_dags/tutorial_taskflow_api_etl.py
[2021-06-25 09:15:56,092] {scheduler_job.py:633} INFO - Processing file /home/airflow/sandbox/lib/python3.8/site-packages/airflow/example_dags/tutorial_taskflow_api_etl.py for tasks to queue
[2021-06-25 09:15:56,094] {logging_mixin.py:104} INFO - [2021-06-25 09:15:56,093] {dagbag.py:487} INFO - Filling up the DagBag from /home/airflow/sandbox/lib/python3.8/site-packages/airflow/example_dags/tutorial_taskflow_api_etl.py
[2021-06-25 09:15:56,467] {scheduler_job.py:643} INFO - DAG(s) dict_keys(['tutorial_taskflow_api_etl']) retrieved from /home/airflow/sandbox/lib/python3.8/site-packages/airflow/example_dags/tutorial_taskflow_api_etl.py
[2021-06-25 09:15:59,534] {logging_mixin.py:104} INFO - [2021-06-25 09:15:59,533] {dag.py:1832} INFO - Sync 1 DAGs
[2021-06-25 09:15:59,616] {logging_mixin.py:104} INFO - [2021-06-25 09:15:59,616] {dag.py:2305} INFO - Setting next_dagrun for tutorial_taskflow_api_etl to None
[2021-06-25 09:15:59,718] {scheduler_job.py:190} INFO - Processing /home/airflow/sandbox/lib/python3.8/site-packages/airflow/example_dags/tutorial_taskflow_api_etl.py took 3.670 seconds
[2021-06-25 09:17:05,661] {scheduler_job.py:182} INFO - Started process (PID=4591) to work on /home/airflow/sandbox/lib/python3.8/site-packages/airflow/example_dags/tutorial_taskflow_api_etl.py
[2021-06-25 09:17:05,674] {scheduler_job.py:633} INFO - Processing file /home/airflow/sandbox/lib/python3.8/site-packages/airflow/example_dags/tutorial_taskflow_api_etl.py for tasks to queue
[2021-06-25 09:17:05,680] {logging_mixin.py:104} INFO - [2021-06-25 09:17:05,680] {dagbag.py:487} INFO - Filling up the DagBag from /home/airflow/sandbox/lib/python3.8/site-packages/airflow/example_dags/tutorial_taskflow_api_etl.py
[2021-06-25 09:17:05,934] {scheduler_job.py:643} INFO - DAG(s) dict_keys(['tutorial_taskflow_api_etl']) retrieved from /home/airflow/sandbox/lib/python3.8/site-packages/airflow/example_dags/tutorial_taskflow_api_etl.py
[2021-06-25 09:17:14,299] {logging_mixin.py:104} INFO - [2021-06-25 09:17:14,299] {dag.py:1832} INFO - Sync 1 DAGs
[2021-06-25 09:17:14,441] {logging_mixin.py:104} INFO - [2021-06-25 09:17:14,441] {dag.py:2305} INFO - Setting next_dagrun for tutorial_taskflow_api_etl to None
[2021-06-25 09:17:14,522] {scheduler_job.py:190} INFO - Processing /home/airflow/sandbox/lib/python3.8/site-packages/airflow/example_dags/tutorial_taskflow_api_etl.py took 8.918 seconds
[2021-06-25 09:17:45,598] {scheduler_job.py:182} INFO - Started process (PID=5481) to work on /home/airflow/sandbox/lib/python3.8/site-packages/airflow/example_dags/tutorial_taskflow_api_etl.py
[2021-06-25 09:17:45,602] {scheduler_job.py:633} INFO - Processing file /home/airflow/sandbox/lib/python3.8/site-packages/airflow/example_dags/tutorial_taskflow_api_etl.py for tasks to queue
[2021-06-25 09:17:45,644] {logging_mixin.py:104} INFO - [2021-06-25 09:17:45,644] {dagbag.py:487} INFO - Filling up the DagBag from /home/airflow/sandbox/lib/python3.8/site-packages/airflow/example_dags/tutorial_taskflow_api_etl.py
[2021-06-25 09:17:45,864] {scheduler_job.py:643} INFO - DAG(s) dict_keys(['tutorial_taskflow_api_etl']) retrieved from /home/airflow/sandbox/lib/python3.8/site-packages/airflow/example_dags/tutorial_taskflow_api_etl.py
[2021-06-25 09:17:51,190] {logging_mixin.py:104} INFO - [2021-06-25 09:17:51,190] {dag.py:1832} INFO - Sync 1 DAGs
[2021-06-25 09:17:51,462] {logging_mixin.py:104} INFO - [2021-06-25 09:17:51,462] {dag.py:2305} INFO - Setting next_dagrun for tutorial_taskflow_api_etl to None
[2021-06-25 09:17:51,735] {scheduler_job.py:190} INFO - Processing /home/airflow/sandbox/lib/python3.8/site-packages/airflow/example_dags/tutorial_taskflow_api_etl.py took 6.185 seconds
[2021-06-25 09:18:31,955] {scheduler_job.py:182} INFO - Started process (PID=6780) to work on /home/airflow/sandbox/lib/python3.8/site-packages/airflow/example_dags/tutorial_taskflow_api_etl.py
[2021-06-25 09:18:31,961] {scheduler_job.py:633} INFO - Processing file /home/airflow/sandbox/lib/python3.8/site-packages/airflow/example_dags/tutorial_taskflow_api_etl.py for tasks to queue
[2021-06-25 09:18:31,962] {logging_mixin.py:104} INFO - [2021-06-25 09:18:31,962] {dagbag.py:487} INFO - Filling up the DagBag from /home/airflow/sandbox/lib/python3.8/site-packages/airflow/example_dags/tutorial_taskflow_api_etl.py
[2021-06-25 09:18:32,277] {scheduler_job.py:643} INFO - DAG(s) dict_keys(['tutorial_taskflow_api_etl']) retrieved from /home/airflow/sandbox/lib/python3.8/site-packages/airflow/example_dags/tutorial_taskflow_api_etl.py
[2021-06-25 09:18:35,384] {logging_mixin.py:104} INFO - [2021-06-25 09:18:35,384] {dag.py:1832} INFO - Sync 1 DAGs
[2021-06-25 09:18:35,493] {logging_mixin.py:104} INFO - [2021-06-25 09:18:35,493] {dag.py:2305} INFO - Setting next_dagrun for tutorial_taskflow_api_etl to None
[2021-06-25 09:18:35,593] {scheduler_job.py:190} INFO - Processing /home/airflow/sandbox/lib/python3.8/site-packages/airflow/example_dags/tutorial_taskflow_api_etl.py took 3.679 seconds
[2021-06-25 09:19:14,175] {scheduler_job.py:182} INFO - Started process (PID=7990) to work on /home/airflow/sandbox/lib/python3.8/site-packages/airflow/example_dags/tutorial_taskflow_api_etl.py
[2021-06-25 09:19:14,180] {scheduler_job.py:633} INFO - Processing file /home/airflow/sandbox/lib/python3.8/site-packages/airflow/example_dags/tutorial_taskflow_api_etl.py for tasks to queue
[2021-06-25 09:19:14,195] {logging_mixin.py:104} INFO - [2021-06-25 09:19:14,181] {dagbag.py:487} INFO - Filling up the DagBag from /home/airflow/sandbox/lib/python3.8/site-packages/airflow/example_dags/tutorial_taskflow_api_etl.py
[2021-06-25 09:19:14,399] {scheduler_job.py:643} INFO - DAG(s) dict_keys(['tutorial_taskflow_api_etl']) retrieved from /home/airflow/sandbox/lib/python3.8/site-packages/airflow/example_dags/tutorial_taskflow_api_etl.py
[2021-06-25 09:19:21,383] {logging_mixin.py:104} INFO - [2021-06-25 09:19:21,383] {dag.py:1832} INFO - Sync 1 DAGs
[2021-06-25 09:19:21,694] {logging_mixin.py:104} INFO - [2021-06-25 09:19:21,694] {dag.py:2305} INFO - Setting next_dagrun for tutorial_taskflow_api_etl to None
[2021-06-25 09:19:22,001] {scheduler_job.py:190} INFO - Processing /home/airflow/sandbox/lib/python3.8/site-packages/airflow/example_dags/tutorial_taskflow_api_etl.py took 7.869 seconds
[2021-06-25 09:20:03,402] {scheduler_job.py:182} INFO - Started process (PID=9348) to work on /home/airflow/sandbox/lib/python3.8/site-packages/airflow/example_dags/tutorial_taskflow_api_etl.py
[2021-06-25 09:20:03,418] {scheduler_job.py:633} INFO - Processing file /home/airflow/sandbox/lib/python3.8/site-packages/airflow/example_dags/tutorial_taskflow_api_etl.py for tasks to queue
[2021-06-25 09:20:03,436] {logging_mixin.py:104} INFO - [2021-06-25 09:20:03,436] {dagbag.py:487} INFO - Filling up the DagBag from /home/airflow/sandbox/lib/python3.8/site-packages/airflow/example_dags/tutorial_taskflow_api_etl.py
[2021-06-25 09:20:03,717] {scheduler_job.py:643} INFO - DAG(s) dict_keys(['tutorial_taskflow_api_etl']) retrieved from /home/airflow/sandbox/lib/python3.8/site-packages/airflow/example_dags/tutorial_taskflow_api_etl.py
[2021-06-25 09:20:08,844] {logging_mixin.py:104} INFO - [2021-06-25 09:20:08,844] {dag.py:1832} INFO - Sync 1 DAGs
[2021-06-25 09:20:08,979] {logging_mixin.py:104} INFO - [2021-06-25 09:20:08,978] {dag.py:2305} INFO - Setting next_dagrun for tutorial_taskflow_api_etl to None
[2021-06-25 09:20:09,120] {scheduler_job.py:190} INFO - Processing /home/airflow/sandbox/lib/python3.8/site-packages/airflow/example_dags/tutorial_taskflow_api_etl.py took 5.763 seconds
[2021-06-25 09:20:39,192] {scheduler_job.py:182} INFO - Started process (PID=9912) to work on /home/airflow/sandbox/lib/python3.8/site-packages/airflow/example_dags/tutorial_taskflow_api_etl.py
[2021-06-25 09:20:39,194] {scheduler_job.py:633} INFO - Processing file /home/airflow/sandbox/lib/python3.8/site-packages/airflow/example_dags/tutorial_taskflow_api_etl.py for tasks to queue
[2021-06-25 09:20:39,197] {logging_mixin.py:104} INFO - [2021-06-25 09:20:39,196] {dagbag.py:487} INFO - Filling up the DagBag from /home/airflow/sandbox/lib/python3.8/site-packages/airflow/example_dags/tutorial_taskflow_api_etl.py
[2021-06-25 09:20:39,218] {scheduler_job.py:643} INFO - DAG(s) dict_keys(['tutorial_taskflow_api_etl']) retrieved from /home/airflow/sandbox/lib/python3.8/site-packages/airflow/example_dags/tutorial_taskflow_api_etl.py
[2021-06-25 09:20:39,585] {logging_mixin.py:104} INFO - [2021-06-25 09:20:39,585] {dag.py:1832} INFO - Sync 1 DAGs
[2021-06-25 09:20:39,605] {logging_mixin.py:104} INFO - [2021-06-25 09:20:39,605] {dag.py:2305} INFO - Setting next_dagrun for tutorial_taskflow_api_etl to None
[2021-06-25 09:20:39,627] {scheduler_job.py:190} INFO - Processing /home/airflow/sandbox/lib/python3.8/site-packages/airflow/example_dags/tutorial_taskflow_api_etl.py took 0.439 seconds
[2021-06-25 09:21:10,574] {scheduler_job.py:182} INFO - Started process (PID=9981) to work on /home/airflow/sandbox/lib/python3.8/site-packages/airflow/example_dags/tutorial_taskflow_api_etl.py
[2021-06-25 09:21:10,576] {scheduler_job.py:633} INFO - Processing file /home/airflow/sandbox/lib/python3.8/site-packages/airflow/example_dags/tutorial_taskflow_api_etl.py for tasks to queue
[2021-06-25 09:21:10,578] {logging_mixin.py:104} INFO - [2021-06-25 09:21:10,577] {dagbag.py:487} INFO - Filling up the DagBag from /home/airflow/sandbox/lib/python3.8/site-packages/airflow/example_dags/tutorial_taskflow_api_etl.py
[2021-06-25 09:21:10,606] {scheduler_job.py:643} INFO - DAG(s) dict_keys(['tutorial_taskflow_api_etl']) retrieved from /home/airflow/sandbox/lib/python3.8/site-packages/airflow/example_dags/tutorial_taskflow_api_etl.py
[2021-06-25 09:21:10,900] {logging_mixin.py:104} INFO - [2021-06-25 09:21:10,900] {dag.py:1832} INFO - Sync 1 DAGs
[2021-06-25 09:21:10,917] {logging_mixin.py:104} INFO - [2021-06-25 09:21:10,917] {dag.py:2305} INFO - Setting next_dagrun for tutorial_taskflow_api_etl to None
[2021-06-25 09:21:10,937] {scheduler_job.py:190} INFO - Processing /home/airflow/sandbox/lib/python3.8/site-packages/airflow/example_dags/tutorial_taskflow_api_etl.py took 0.367 seconds
[2021-06-25 09:21:41,887] {scheduler_job.py:182} INFO - Started process (PID=10049) to work on /home/airflow/sandbox/lib/python3.8/site-packages/airflow/example_dags/tutorial_taskflow_api_etl.py
[2021-06-25 09:21:41,890] {scheduler_job.py:633} INFO - Processing file /home/airflow/sandbox/lib/python3.8/site-packages/airflow/example_dags/tutorial_taskflow_api_etl.py for tasks to queue
[2021-06-25 09:21:41,893] {logging_mixin.py:104} INFO - [2021-06-25 09:21:41,893] {dagbag.py:487} INFO - Filling up the DagBag from /home/airflow/sandbox/lib/python3.8/site-packages/airflow/example_dags/tutorial_taskflow_api_etl.py
[2021-06-25 09:21:41,923] {scheduler_job.py:643} INFO - DAG(s) dict_keys(['tutorial_taskflow_api_etl']) retrieved from /home/airflow/sandbox/lib/python3.8/site-packages/airflow/example_dags/tutorial_taskflow_api_etl.py
[2021-06-25 09:21:42,262] {logging_mixin.py:104} INFO - [2021-06-25 09:21:42,262] {dag.py:1832} INFO - Sync 1 DAGs
[2021-06-25 09:21:42,278] {logging_mixin.py:104} INFO - [2021-06-25 09:21:42,277] {dag.py:2305} INFO - Setting next_dagrun for tutorial_taskflow_api_etl to None
[2021-06-25 09:21:42,302] {scheduler_job.py:190} INFO - Processing /home/airflow/sandbox/lib/python3.8/site-packages/airflow/example_dags/tutorial_taskflow_api_etl.py took 0.419 seconds
[2021-06-25 09:22:13,150] {scheduler_job.py:182} INFO - Started process (PID=10125) to work on /home/airflow/sandbox/lib/python3.8/site-packages/airflow/example_dags/tutorial_taskflow_api_etl.py
[2021-06-25 09:22:13,154] {scheduler_job.py:633} INFO - Processing file /home/airflow/sandbox/lib/python3.8/site-packages/airflow/example_dags/tutorial_taskflow_api_etl.py for tasks to queue
[2021-06-25 09:22:13,155] {logging_mixin.py:104} INFO - [2021-06-25 09:22:13,155] {dagbag.py:487} INFO - Filling up the DagBag from /home/airflow/sandbox/lib/python3.8/site-packages/airflow/example_dags/tutorial_taskflow_api_etl.py
[2021-06-25 09:22:13,172] {scheduler_job.py:643} INFO - DAG(s) dict_keys(['tutorial_taskflow_api_etl']) retrieved from /home/airflow/sandbox/lib/python3.8/site-packages/airflow/example_dags/tutorial_taskflow_api_etl.py
[2021-06-25 09:22:13,442] {logging_mixin.py:104} INFO - [2021-06-25 09:22:13,442] {dag.py:1832} INFO - Sync 1 DAGs
[2021-06-25 09:22:13,462] {logging_mixin.py:104} INFO - [2021-06-25 09:22:13,462] {dag.py:2305} INFO - Setting next_dagrun for tutorial_taskflow_api_etl to None
[2021-06-25 09:22:13,486] {scheduler_job.py:190} INFO - Processing /home/airflow/sandbox/lib/python3.8/site-packages/airflow/example_dags/tutorial_taskflow_api_etl.py took 0.340 seconds
[2021-06-25 09:22:44,353] {scheduler_job.py:182} INFO - Started process (PID=10193) to work on /home/airflow/sandbox/lib/python3.8/site-packages/airflow/example_dags/tutorial_taskflow_api_etl.py
[2021-06-25 09:22:44,354] {scheduler_job.py:633} INFO - Processing file /home/airflow/sandbox/lib/python3.8/site-packages/airflow/example_dags/tutorial_taskflow_api_etl.py for tasks to queue
[2021-06-25 09:22:44,355] {logging_mixin.py:104} INFO - [2021-06-25 09:22:44,355] {dagbag.py:487} INFO - Filling up the DagBag from /home/airflow/sandbox/lib/python3.8/site-packages/airflow/example_dags/tutorial_taskflow_api_etl.py
[2021-06-25 09:22:44,380] {scheduler_job.py:643} INFO - DAG(s) dict_keys(['tutorial_taskflow_api_etl']) retrieved from /home/airflow/sandbox/lib/python3.8/site-packages/airflow/example_dags/tutorial_taskflow_api_etl.py
[2021-06-25 09:22:44,769] {logging_mixin.py:104} INFO - [2021-06-25 09:22:44,769] {dag.py:1832} INFO - Sync 1 DAGs
[2021-06-25 09:22:44,810] {logging_mixin.py:104} INFO - [2021-06-25 09:22:44,810] {dag.py:2305} INFO - Setting next_dagrun for tutorial_taskflow_api_etl to None
[2021-06-25 09:22:44,851] {scheduler_job.py:190} INFO - Processing /home/airflow/sandbox/lib/python3.8/site-packages/airflow/example_dags/tutorial_taskflow_api_etl.py took 0.502 seconds
[2021-06-25 09:24:05,137] {scheduler_job.py:182} INFO - Started process (PID=10427) to work on /home/airflow/sandbox/lib/python3.8/site-packages/airflow/example_dags/tutorial_taskflow_api_etl.py
[2021-06-25 09:24:05,138] {scheduler_job.py:633} INFO - Processing file /home/airflow/sandbox/lib/python3.8/site-packages/airflow/example_dags/tutorial_taskflow_api_etl.py for tasks to queue
[2021-06-25 09:24:05,138] {logging_mixin.py:104} INFO - [2021-06-25 09:24:05,138] {dagbag.py:487} INFO - Filling up the DagBag from /home/airflow/sandbox/lib/python3.8/site-packages/airflow/example_dags/tutorial_taskflow_api_etl.py
[2021-06-25 09:24:05,156] {scheduler_job.py:643} INFO - DAG(s) dict_keys(['tutorial_taskflow_api_etl']) retrieved from /home/airflow/sandbox/lib/python3.8/site-packages/airflow/example_dags/tutorial_taskflow_api_etl.py
[2021-06-25 09:24:05,764] {logging_mixin.py:104} INFO - [2021-06-25 09:24:05,752] {dag.py:1832} INFO - Sync 1 DAGs
[2021-06-25 09:24:05,790] {logging_mixin.py:104} INFO - [2021-06-25 09:24:05,790] {dag.py:2305} INFO - Setting next_dagrun for tutorial_taskflow_api_etl to None
[2021-06-25 09:24:05,816] {scheduler_job.py:190} INFO - Processing /home/airflow/sandbox/lib/python3.8/site-packages/airflow/example_dags/tutorial_taskflow_api_etl.py took 0.683 seconds
[2021-06-25 09:24:36,276] {scheduler_job.py:182} INFO - Started process (PID=10640) to work on /home/airflow/sandbox/lib/python3.8/site-packages/airflow/example_dags/tutorial_taskflow_api_etl.py
[2021-06-25 09:24:36,281] {scheduler_job.py:633} INFO - Processing file /home/airflow/sandbox/lib/python3.8/site-packages/airflow/example_dags/tutorial_taskflow_api_etl.py for tasks to queue
[2021-06-25 09:24:36,283] {logging_mixin.py:104} INFO - [2021-06-25 09:24:36,283] {dagbag.py:487} INFO - Filling up the DagBag from /home/airflow/sandbox/lib/python3.8/site-packages/airflow/example_dags/tutorial_taskflow_api_etl.py
[2021-06-25 09:24:36,318] {scheduler_job.py:643} INFO - DAG(s) dict_keys(['tutorial_taskflow_api_etl']) retrieved from /home/airflow/sandbox/lib/python3.8/site-packages/airflow/example_dags/tutorial_taskflow_api_etl.py
[2021-06-25 09:24:36,922] {logging_mixin.py:104} INFO - [2021-06-25 09:24:36,922] {dag.py:1832} INFO - Sync 1 DAGs
[2021-06-25 09:24:36,947] {logging_mixin.py:104} INFO - [2021-06-25 09:24:36,947] {dag.py:2305} INFO - Setting next_dagrun for tutorial_taskflow_api_etl to None
[2021-06-25 09:24:36,966] {scheduler_job.py:190} INFO - Processing /home/airflow/sandbox/lib/python3.8/site-packages/airflow/example_dags/tutorial_taskflow_api_etl.py took 0.697 seconds
[2021-06-25 09:25:07,422] {scheduler_job.py:182} INFO - Started process (PID=10843) to work on /home/airflow/sandbox/lib/python3.8/site-packages/airflow/example_dags/tutorial_taskflow_api_etl.py
[2021-06-25 09:25:07,423] {scheduler_job.py:633} INFO - Processing file /home/airflow/sandbox/lib/python3.8/site-packages/airflow/example_dags/tutorial_taskflow_api_etl.py for tasks to queue
[2021-06-25 09:25:07,424] {logging_mixin.py:104} INFO - [2021-06-25 09:25:07,424] {dagbag.py:487} INFO - Filling up the DagBag from /home/airflow/sandbox/lib/python3.8/site-packages/airflow/example_dags/tutorial_taskflow_api_etl.py
[2021-06-25 09:25:07,453] {scheduler_job.py:643} INFO - DAG(s) dict_keys(['tutorial_taskflow_api_etl']) retrieved from /home/airflow/sandbox/lib/python3.8/site-packages/airflow/example_dags/tutorial_taskflow_api_etl.py
[2021-06-25 09:25:08,124] {logging_mixin.py:104} INFO - [2021-06-25 09:25:08,123] {dag.py:1832} INFO - Sync 1 DAGs
[2021-06-25 09:25:08,150] {logging_mixin.py:104} INFO - [2021-06-25 09:25:08,150] {dag.py:2305} INFO - Setting next_dagrun for tutorial_taskflow_api_etl to None
[2021-06-25 09:25:08,172] {scheduler_job.py:190} INFO - Processing /home/airflow/sandbox/lib/python3.8/site-packages/airflow/example_dags/tutorial_taskflow_api_etl.py took 0.754 seconds
[2021-06-25 09:25:38,504] {scheduler_job.py:182} INFO - Started process (PID=11049) to work on /home/airflow/sandbox/lib/python3.8/site-packages/airflow/example_dags/tutorial_taskflow_api_etl.py
[2021-06-25 09:25:38,507] {scheduler_job.py:633} INFO - Processing file /home/airflow/sandbox/lib/python3.8/site-packages/airflow/example_dags/tutorial_taskflow_api_etl.py for tasks to queue
[2021-06-25 09:25:38,508] {logging_mixin.py:104} INFO - [2021-06-25 09:25:38,508] {dagbag.py:487} INFO - Filling up the DagBag from /home/airflow/sandbox/lib/python3.8/site-packages/airflow/example_dags/tutorial_taskflow_api_etl.py
[2021-06-25 09:25:38,537] {scheduler_job.py:643} INFO - DAG(s) dict_keys(['tutorial_taskflow_api_etl']) retrieved from /home/airflow/sandbox/lib/python3.8/site-packages/airflow/example_dags/tutorial_taskflow_api_etl.py
[2021-06-25 09:25:39,103] {logging_mixin.py:104} INFO - [2021-06-25 09:25:39,103] {dag.py:1832} INFO - Sync 1 DAGs
[2021-06-25 09:25:39,127] {logging_mixin.py:104} INFO - [2021-06-25 09:25:39,127] {dag.py:2305} INFO - Setting next_dagrun for tutorial_taskflow_api_etl to None
[2021-06-25 09:25:39,144] {scheduler_job.py:190} INFO - Processing /home/airflow/sandbox/lib/python3.8/site-packages/airflow/example_dags/tutorial_taskflow_api_etl.py took 0.646 seconds
[2021-06-25 09:26:09,945] {scheduler_job.py:182} INFO - Started process (PID=11262) to work on /home/airflow/sandbox/lib/python3.8/site-packages/airflow/example_dags/tutorial_taskflow_api_etl.py
[2021-06-25 09:26:09,947] {scheduler_job.py:633} INFO - Processing file /home/airflow/sandbox/lib/python3.8/site-packages/airflow/example_dags/tutorial_taskflow_api_etl.py for tasks to queue
[2021-06-25 09:26:09,949] {logging_mixin.py:104} INFO - [2021-06-25 09:26:09,949] {dagbag.py:487} INFO - Filling up the DagBag from /home/airflow/sandbox/lib/python3.8/site-packages/airflow/example_dags/tutorial_taskflow_api_etl.py
[2021-06-25 09:26:09,983] {scheduler_job.py:643} INFO - DAG(s) dict_keys(['tutorial_taskflow_api_etl']) retrieved from /home/airflow/sandbox/lib/python3.8/site-packages/airflow/example_dags/tutorial_taskflow_api_etl.py
[2021-06-25 09:26:10,616] {logging_mixin.py:104} INFO - [2021-06-25 09:26:10,616] {dag.py:1832} INFO - Sync 1 DAGs
[2021-06-25 09:26:10,651] {logging_mixin.py:104} INFO - [2021-06-25 09:26:10,651] {dag.py:2305} INFO - Setting next_dagrun for tutorial_taskflow_api_etl to None
[2021-06-25 09:26:10,675] {scheduler_job.py:190} INFO - Processing /home/airflow/sandbox/lib/python3.8/site-packages/airflow/example_dags/tutorial_taskflow_api_etl.py took 0.737 seconds
[2021-06-25 09:27:02,192] {scheduler_job.py:182} INFO - Started process (PID=11594) to work on /home/airflow/sandbox/lib/python3.8/site-packages/airflow/example_dags/tutorial_taskflow_api_etl.py
[2021-06-25 09:27:02,208] {scheduler_job.py:633} INFO - Processing file /home/airflow/sandbox/lib/python3.8/site-packages/airflow/example_dags/tutorial_taskflow_api_etl.py for tasks to queue
[2021-06-25 09:27:02,211] {logging_mixin.py:104} INFO - [2021-06-25 09:27:02,211] {dagbag.py:487} INFO - Filling up the DagBag from /home/airflow/sandbox/lib/python3.8/site-packages/airflow/example_dags/tutorial_taskflow_api_etl.py
[2021-06-25 09:27:02,263] {scheduler_job.py:643} INFO - DAG(s) dict_keys(['tutorial_taskflow_api_etl']) retrieved from /home/airflow/sandbox/lib/python3.8/site-packages/airflow/example_dags/tutorial_taskflow_api_etl.py
[2021-06-25 09:27:03,267] {logging_mixin.py:104} INFO - [2021-06-25 09:27:03,267] {dag.py:1832} INFO - Sync 1 DAGs
[2021-06-25 09:27:03,312] {logging_mixin.py:104} INFO - [2021-06-25 09:27:03,312] {dag.py:2305} INFO - Setting next_dagrun for tutorial_taskflow_api_etl to None
[2021-06-25 09:27:03,340] {scheduler_job.py:190} INFO - Processing /home/airflow/sandbox/lib/python3.8/site-packages/airflow/example_dags/tutorial_taskflow_api_etl.py took 1.155 seconds
[2021-06-25 09:27:33,495] {scheduler_job.py:182} INFO - Started process (PID=11827) to work on /home/airflow/sandbox/lib/python3.8/site-packages/airflow/example_dags/tutorial_taskflow_api_etl.py
[2021-06-25 09:27:33,504] {scheduler_job.py:633} INFO - Processing file /home/airflow/sandbox/lib/python3.8/site-packages/airflow/example_dags/tutorial_taskflow_api_etl.py for tasks to queue
[2021-06-25 09:27:33,508] {logging_mixin.py:104} INFO - [2021-06-25 09:27:33,507] {dagbag.py:487} INFO - Filling up the DagBag from /home/airflow/sandbox/lib/python3.8/site-packages/airflow/example_dags/tutorial_taskflow_api_etl.py
[2021-06-25 09:27:33,542] {scheduler_job.py:643} INFO - DAG(s) dict_keys(['tutorial_taskflow_api_etl']) retrieved from /home/airflow/sandbox/lib/python3.8/site-packages/airflow/example_dags/tutorial_taskflow_api_etl.py
[2021-06-25 09:27:35,003] {logging_mixin.py:104} INFO - [2021-06-25 09:27:35,003] {dag.py:1832} INFO - Sync 1 DAGs
[2021-06-25 09:27:35,052] {logging_mixin.py:104} INFO - [2021-06-25 09:27:35,051] {dag.py:2305} INFO - Setting next_dagrun for tutorial_taskflow_api_etl to None
[2021-06-25 09:27:35,097] {scheduler_job.py:190} INFO - Processing /home/airflow/sandbox/lib/python3.8/site-packages/airflow/example_dags/tutorial_taskflow_api_etl.py took 1.606 seconds
[2021-06-25 09:28:07,374] {scheduler_job.py:182} INFO - Started process (PID=12009) to work on /home/airflow/sandbox/lib/python3.8/site-packages/airflow/example_dags/tutorial_taskflow_api_etl.py
[2021-06-25 09:28:07,378] {scheduler_job.py:633} INFO - Processing file /home/airflow/sandbox/lib/python3.8/site-packages/airflow/example_dags/tutorial_taskflow_api_etl.py for tasks to queue
[2021-06-25 09:28:07,379] {logging_mixin.py:104} INFO - [2021-06-25 09:28:07,379] {dagbag.py:487} INFO - Filling up the DagBag from /home/airflow/sandbox/lib/python3.8/site-packages/airflow/example_dags/tutorial_taskflow_api_etl.py
[2021-06-25 09:28:07,426] {scheduler_job.py:643} INFO - DAG(s) dict_keys(['tutorial_taskflow_api_etl']) retrieved from /home/airflow/sandbox/lib/python3.8/site-packages/airflow/example_dags/tutorial_taskflow_api_etl.py
[2021-06-25 09:28:08,108] {logging_mixin.py:104} INFO - [2021-06-25 09:28:08,108] {dag.py:1832} INFO - Sync 1 DAGs
[2021-06-25 09:28:08,141] {logging_mixin.py:104} INFO - [2021-06-25 09:28:08,141] {dag.py:2305} INFO - Setting next_dagrun for tutorial_taskflow_api_etl to None
[2021-06-25 09:28:08,161] {scheduler_job.py:190} INFO - Processing /home/airflow/sandbox/lib/python3.8/site-packages/airflow/example_dags/tutorial_taskflow_api_etl.py took 0.795 seconds
[2021-06-25 09:28:38,882] {scheduler_job.py:182} INFO - Started process (PID=12229) to work on /home/airflow/sandbox/lib/python3.8/site-packages/airflow/example_dags/tutorial_taskflow_api_etl.py
[2021-06-25 09:28:38,886] {scheduler_job.py:633} INFO - Processing file /home/airflow/sandbox/lib/python3.8/site-packages/airflow/example_dags/tutorial_taskflow_api_etl.py for tasks to queue
[2021-06-25 09:28:38,890] {logging_mixin.py:104} INFO - [2021-06-25 09:28:38,889] {dagbag.py:487} INFO - Filling up the DagBag from /home/airflow/sandbox/lib/python3.8/site-packages/airflow/example_dags/tutorial_taskflow_api_etl.py
[2021-06-25 09:28:38,954] {scheduler_job.py:643} INFO - DAG(s) dict_keys(['tutorial_taskflow_api_etl']) retrieved from /home/airflow/sandbox/lib/python3.8/site-packages/airflow/example_dags/tutorial_taskflow_api_etl.py
[2021-06-25 09:28:39,630] {logging_mixin.py:104} INFO - [2021-06-25 09:28:39,630] {dag.py:1832} INFO - Sync 1 DAGs
[2021-06-25 09:28:39,651] {logging_mixin.py:104} INFO - [2021-06-25 09:28:39,651] {dag.py:2305} INFO - Setting next_dagrun for tutorial_taskflow_api_etl to None
[2021-06-25 09:28:39,671] {scheduler_job.py:190} INFO - Processing /home/airflow/sandbox/lib/python3.8/site-packages/airflow/example_dags/tutorial_taskflow_api_etl.py took 0.801 seconds
[2021-06-25 09:29:10,538] {scheduler_job.py:182} INFO - Started process (PID=12430) to work on /home/airflow/sandbox/lib/python3.8/site-packages/airflow/example_dags/tutorial_taskflow_api_etl.py
[2021-06-25 09:29:10,540] {scheduler_job.py:633} INFO - Processing file /home/airflow/sandbox/lib/python3.8/site-packages/airflow/example_dags/tutorial_taskflow_api_etl.py for tasks to queue
[2021-06-25 09:29:10,541] {logging_mixin.py:104} INFO - [2021-06-25 09:29:10,541] {dagbag.py:487} INFO - Filling up the DagBag from /home/airflow/sandbox/lib/python3.8/site-packages/airflow/example_dags/tutorial_taskflow_api_etl.py
[2021-06-25 09:29:10,560] {scheduler_job.py:643} INFO - DAG(s) dict_keys(['tutorial_taskflow_api_etl']) retrieved from /home/airflow/sandbox/lib/python3.8/site-packages/airflow/example_dags/tutorial_taskflow_api_etl.py
[2021-06-25 09:29:10,964] {logging_mixin.py:104} INFO - [2021-06-25 09:29:10,964] {dag.py:1832} INFO - Sync 1 DAGs
[2021-06-25 09:29:10,984] {logging_mixin.py:104} INFO - [2021-06-25 09:29:10,983] {dag.py:2305} INFO - Setting next_dagrun for tutorial_taskflow_api_etl to None
[2021-06-25 09:29:11,010] {scheduler_job.py:190} INFO - Processing /home/airflow/sandbox/lib/python3.8/site-packages/airflow/example_dags/tutorial_taskflow_api_etl.py took 0.476 seconds
[2021-06-25 09:30:30,289] {scheduler_job.py:182} INFO - Started process (PID=12696) to work on /home/airflow/sandbox/lib/python3.8/site-packages/airflow/example_dags/tutorial_taskflow_api_etl.py
[2021-06-25 09:30:30,294] {scheduler_job.py:633} INFO - Processing file /home/airflow/sandbox/lib/python3.8/site-packages/airflow/example_dags/tutorial_taskflow_api_etl.py for tasks to queue
[2021-06-25 09:30:30,297] {logging_mixin.py:104} INFO - [2021-06-25 09:30:30,297] {dagbag.py:487} INFO - Filling up the DagBag from /home/airflow/sandbox/lib/python3.8/site-packages/airflow/example_dags/tutorial_taskflow_api_etl.py
[2021-06-25 09:30:30,325] {scheduler_job.py:643} INFO - DAG(s) dict_keys(['tutorial_taskflow_api_etl']) retrieved from /home/airflow/sandbox/lib/python3.8/site-packages/airflow/example_dags/tutorial_taskflow_api_etl.py
[2021-06-25 09:30:30,852] {logging_mixin.py:104} INFO - [2021-06-25 09:30:30,852] {dag.py:1832} INFO - Sync 1 DAGs
[2021-06-25 09:30:30,868] {logging_mixin.py:104} INFO - [2021-06-25 09:30:30,867] {dag.py:2305} INFO - Setting next_dagrun for tutorial_taskflow_api_etl to None
[2021-06-25 09:30:30,882] {scheduler_job.py:190} INFO - Processing /home/airflow/sandbox/lib/python3.8/site-packages/airflow/example_dags/tutorial_taskflow_api_etl.py took 0.599 seconds
[2021-06-25 09:31:01,221] {scheduler_job.py:182} INFO - Started process (PID=12895) to work on /home/airflow/sandbox/lib/python3.8/site-packages/airflow/example_dags/tutorial_taskflow_api_etl.py
[2021-06-25 09:31:01,224] {scheduler_job.py:633} INFO - Processing file /home/airflow/sandbox/lib/python3.8/site-packages/airflow/example_dags/tutorial_taskflow_api_etl.py for tasks to queue
[2021-06-25 09:31:01,228] {logging_mixin.py:104} INFO - [2021-06-25 09:31:01,228] {dagbag.py:487} INFO - Filling up the DagBag from /home/airflow/sandbox/lib/python3.8/site-packages/airflow/example_dags/tutorial_taskflow_api_etl.py
[2021-06-25 09:31:01,251] {scheduler_job.py:643} INFO - DAG(s) dict_keys(['tutorial_taskflow_api_etl']) retrieved from /home/airflow/sandbox/lib/python3.8/site-packages/airflow/example_dags/tutorial_taskflow_api_etl.py
[2021-06-25 09:31:01,842] {logging_mixin.py:104} INFO - [2021-06-25 09:31:01,841] {dag.py:1832} INFO - Sync 1 DAGs
[2021-06-25 09:31:01,866] {logging_mixin.py:104} INFO - [2021-06-25 09:31:01,866] {dag.py:2305} INFO - Setting next_dagrun for tutorial_taskflow_api_etl to None
[2021-06-25 09:31:01,892] {scheduler_job.py:190} INFO - Processing /home/airflow/sandbox/lib/python3.8/site-packages/airflow/example_dags/tutorial_taskflow_api_etl.py took 0.675 seconds
[2021-06-25 09:31:32,961] {scheduler_job.py:182} INFO - Started process (PID=13119) to work on /home/airflow/sandbox/lib/python3.8/site-packages/airflow/example_dags/tutorial_taskflow_api_etl.py
[2021-06-25 09:31:32,967] {scheduler_job.py:633} INFO - Processing file /home/airflow/sandbox/lib/python3.8/site-packages/airflow/example_dags/tutorial_taskflow_api_etl.py for tasks to queue
[2021-06-25 09:31:32,969] {logging_mixin.py:104} INFO - [2021-06-25 09:31:32,968] {dagbag.py:487} INFO - Filling up the DagBag from /home/airflow/sandbox/lib/python3.8/site-packages/airflow/example_dags/tutorial_taskflow_api_etl.py
[2021-06-25 09:31:33,004] {scheduler_job.py:643} INFO - DAG(s) dict_keys(['tutorial_taskflow_api_etl']) retrieved from /home/airflow/sandbox/lib/python3.8/site-packages/airflow/example_dags/tutorial_taskflow_api_etl.py
[2021-06-25 09:31:33,612] {logging_mixin.py:104} INFO - [2021-06-25 09:31:33,612] {dag.py:1832} INFO - Sync 1 DAGs
[2021-06-25 09:31:33,639] {logging_mixin.py:104} INFO - [2021-06-25 09:31:33,638] {dag.py:2305} INFO - Setting next_dagrun for tutorial_taskflow_api_etl to None
[2021-06-25 09:31:33,672] {scheduler_job.py:190} INFO - Processing /home/airflow/sandbox/lib/python3.8/site-packages/airflow/example_dags/tutorial_taskflow_api_etl.py took 0.721 seconds
[2021-06-25 09:32:06,713] {scheduler_job.py:182} INFO - Started process (PID=13318) to work on /home/airflow/sandbox/lib/python3.8/site-packages/airflow/example_dags/tutorial_taskflow_api_etl.py
[2021-06-25 09:32:06,745] {scheduler_job.py:633} INFO - Processing file /home/airflow/sandbox/lib/python3.8/site-packages/airflow/example_dags/tutorial_taskflow_api_etl.py for tasks to queue
[2021-06-25 09:32:06,764] {logging_mixin.py:104} INFO - [2021-06-25 09:32:06,764] {dagbag.py:487} INFO - Filling up the DagBag from /home/airflow/sandbox/lib/python3.8/site-packages/airflow/example_dags/tutorial_taskflow_api_etl.py
[2021-06-25 09:32:06,901] {scheduler_job.py:643} INFO - DAG(s) dict_keys(['tutorial_taskflow_api_etl']) retrieved from /home/airflow/sandbox/lib/python3.8/site-packages/airflow/example_dags/tutorial_taskflow_api_etl.py
[2021-06-25 09:32:08,575] {logging_mixin.py:104} INFO - [2021-06-25 09:32:08,574] {dag.py:1832} INFO - Sync 1 DAGs
[2021-06-25 09:32:08,661] {logging_mixin.py:104} INFO - [2021-06-25 09:32:08,658] {dag.py:2305} INFO - Setting next_dagrun for tutorial_taskflow_api_etl to None
[2021-06-25 09:32:08,765] {scheduler_job.py:190} INFO - Processing /home/airflow/sandbox/lib/python3.8/site-packages/airflow/example_dags/tutorial_taskflow_api_etl.py took 2.075 seconds
[2021-06-25 09:32:39,264] {scheduler_job.py:182} INFO - Started process (PID=13517) to work on /home/airflow/sandbox/lib/python3.8/site-packages/airflow/example_dags/tutorial_taskflow_api_etl.py
[2021-06-25 09:32:39,276] {scheduler_job.py:633} INFO - Processing file /home/airflow/sandbox/lib/python3.8/site-packages/airflow/example_dags/tutorial_taskflow_api_etl.py for tasks to queue
[2021-06-25 09:32:39,276] {logging_mixin.py:104} INFO - [2021-06-25 09:32:39,276] {dagbag.py:487} INFO - Filling up the DagBag from /home/airflow/sandbox/lib/python3.8/site-packages/airflow/example_dags/tutorial_taskflow_api_etl.py
[2021-06-25 09:32:39,309] {scheduler_job.py:643} INFO - DAG(s) dict_keys(['tutorial_taskflow_api_etl']) retrieved from /home/airflow/sandbox/lib/python3.8/site-packages/airflow/example_dags/tutorial_taskflow_api_etl.py
[2021-06-25 09:32:39,839] {logging_mixin.py:104} INFO - [2021-06-25 09:32:39,838] {dag.py:1832} INFO - Sync 1 DAGs
[2021-06-25 09:32:39,864] {logging_mixin.py:104} INFO - [2021-06-25 09:32:39,863] {dag.py:2305} INFO - Setting next_dagrun for tutorial_taskflow_api_etl to None
[2021-06-25 09:32:39,900] {scheduler_job.py:190} INFO - Processing /home/airflow/sandbox/lib/python3.8/site-packages/airflow/example_dags/tutorial_taskflow_api_etl.py took 0.642 seconds
[2021-06-25 09:33:10,068] {scheduler_job.py:182} INFO - Started process (PID=13718) to work on /home/airflow/sandbox/lib/python3.8/site-packages/airflow/example_dags/tutorial_taskflow_api_etl.py
[2021-06-25 09:33:10,070] {scheduler_job.py:633} INFO - Processing file /home/airflow/sandbox/lib/python3.8/site-packages/airflow/example_dags/tutorial_taskflow_api_etl.py for tasks to queue
[2021-06-25 09:33:10,072] {logging_mixin.py:104} INFO - [2021-06-25 09:33:10,072] {dagbag.py:487} INFO - Filling up the DagBag from /home/airflow/sandbox/lib/python3.8/site-packages/airflow/example_dags/tutorial_taskflow_api_etl.py
[2021-06-25 09:33:10,113] {scheduler_job.py:643} INFO - DAG(s) dict_keys(['tutorial_taskflow_api_etl']) retrieved from /home/airflow/sandbox/lib/python3.8/site-packages/airflow/example_dags/tutorial_taskflow_api_etl.py
[2021-06-25 09:33:10,747] {logging_mixin.py:104} INFO - [2021-06-25 09:33:10,747] {dag.py:1832} INFO - Sync 1 DAGs
[2021-06-25 09:33:10,769] {logging_mixin.py:104} INFO - [2021-06-25 09:33:10,768] {dag.py:2305} INFO - Setting next_dagrun for tutorial_taskflow_api_etl to None
[2021-06-25 09:33:10,802] {scheduler_job.py:190} INFO - Processing /home/airflow/sandbox/lib/python3.8/site-packages/airflow/example_dags/tutorial_taskflow_api_etl.py took 0.744 seconds
[2021-06-25 09:33:41,555] {scheduler_job.py:182} INFO - Started process (PID=13918) to work on /home/airflow/sandbox/lib/python3.8/site-packages/airflow/example_dags/tutorial_taskflow_api_etl.py
[2021-06-25 09:33:41,561] {scheduler_job.py:633} INFO - Processing file /home/airflow/sandbox/lib/python3.8/site-packages/airflow/example_dags/tutorial_taskflow_api_etl.py for tasks to queue
[2021-06-25 09:33:41,567] {logging_mixin.py:104} INFO - [2021-06-25 09:33:41,566] {dagbag.py:487} INFO - Filling up the DagBag from /home/airflow/sandbox/lib/python3.8/site-packages/airflow/example_dags/tutorial_taskflow_api_etl.py
[2021-06-25 09:33:41,629] {scheduler_job.py:643} INFO - DAG(s) dict_keys(['tutorial_taskflow_api_etl']) retrieved from /home/airflow/sandbox/lib/python3.8/site-packages/airflow/example_dags/tutorial_taskflow_api_etl.py
[2021-06-25 09:33:42,176] {logging_mixin.py:104} INFO - [2021-06-25 09:33:42,176] {dag.py:1832} INFO - Sync 1 DAGs
[2021-06-25 09:33:42,195] {logging_mixin.py:104} INFO - [2021-06-25 09:33:42,195] {dag.py:2305} INFO - Setting next_dagrun for tutorial_taskflow_api_etl to None
[2021-06-25 09:33:42,220] {scheduler_job.py:190} INFO - Processing /home/airflow/sandbox/lib/python3.8/site-packages/airflow/example_dags/tutorial_taskflow_api_etl.py took 0.669 seconds
[2021-06-25 09:34:12,506] {scheduler_job.py:182} INFO - Started process (PID=14115) to work on /home/airflow/sandbox/lib/python3.8/site-packages/airflow/example_dags/tutorial_taskflow_api_etl.py
[2021-06-25 09:34:12,508] {scheduler_job.py:633} INFO - Processing file /home/airflow/sandbox/lib/python3.8/site-packages/airflow/example_dags/tutorial_taskflow_api_etl.py for tasks to queue
[2021-06-25 09:34:12,510] {logging_mixin.py:104} INFO - [2021-06-25 09:34:12,509] {dagbag.py:487} INFO - Filling up the DagBag from /home/airflow/sandbox/lib/python3.8/site-packages/airflow/example_dags/tutorial_taskflow_api_etl.py
[2021-06-25 09:34:12,534] {scheduler_job.py:643} INFO - DAG(s) dict_keys(['tutorial_taskflow_api_etl']) retrieved from /home/airflow/sandbox/lib/python3.8/site-packages/airflow/example_dags/tutorial_taskflow_api_etl.py
[2021-06-25 09:34:13,074] {logging_mixin.py:104} INFO - [2021-06-25 09:34:13,074] {dag.py:1832} INFO - Sync 1 DAGs
[2021-06-25 09:34:13,098] {logging_mixin.py:104} INFO - [2021-06-25 09:34:13,097] {dag.py:2305} INFO - Setting next_dagrun for tutorial_taskflow_api_etl to None
[2021-06-25 09:34:13,126] {scheduler_job.py:190} INFO - Processing /home/airflow/sandbox/lib/python3.8/site-packages/airflow/example_dags/tutorial_taskflow_api_etl.py took 0.627 seconds
[2021-06-25 09:34:43,426] {scheduler_job.py:182} INFO - Started process (PID=14315) to work on /home/airflow/sandbox/lib/python3.8/site-packages/airflow/example_dags/tutorial_taskflow_api_etl.py
[2021-06-25 09:34:43,429] {scheduler_job.py:633} INFO - Processing file /home/airflow/sandbox/lib/python3.8/site-packages/airflow/example_dags/tutorial_taskflow_api_etl.py for tasks to queue
[2021-06-25 09:34:43,431] {logging_mixin.py:104} INFO - [2021-06-25 09:34:43,431] {dagbag.py:487} INFO - Filling up the DagBag from /home/airflow/sandbox/lib/python3.8/site-packages/airflow/example_dags/tutorial_taskflow_api_etl.py
[2021-06-25 09:34:43,452] {scheduler_job.py:643} INFO - DAG(s) dict_keys(['tutorial_taskflow_api_etl']) retrieved from /home/airflow/sandbox/lib/python3.8/site-packages/airflow/example_dags/tutorial_taskflow_api_etl.py
[2021-06-25 09:34:43,877] {logging_mixin.py:104} INFO - [2021-06-25 09:34:43,877] {dag.py:1832} INFO - Sync 1 DAGs
[2021-06-25 09:34:43,894] {logging_mixin.py:104} INFO - [2021-06-25 09:34:43,894] {dag.py:2305} INFO - Setting next_dagrun for tutorial_taskflow_api_etl to None
[2021-06-25 09:34:43,927] {scheduler_job.py:190} INFO - Processing /home/airflow/sandbox/lib/python3.8/site-packages/airflow/example_dags/tutorial_taskflow_api_etl.py took 0.506 seconds
[2021-06-25 09:35:14,275] {scheduler_job.py:182} INFO - Started process (PID=14591) to work on /home/airflow/sandbox/lib/python3.8/site-packages/airflow/example_dags/tutorial_taskflow_api_etl.py
[2021-06-25 09:35:14,279] {scheduler_job.py:633} INFO - Processing file /home/airflow/sandbox/lib/python3.8/site-packages/airflow/example_dags/tutorial_taskflow_api_etl.py for tasks to queue
[2021-06-25 09:35:14,283] {logging_mixin.py:104} INFO - [2021-06-25 09:35:14,283] {dagbag.py:487} INFO - Filling up the DagBag from /home/airflow/sandbox/lib/python3.8/site-packages/airflow/example_dags/tutorial_taskflow_api_etl.py
[2021-06-25 09:35:14,304] {scheduler_job.py:643} INFO - DAG(s) dict_keys(['tutorial_taskflow_api_etl']) retrieved from /home/airflow/sandbox/lib/python3.8/site-packages/airflow/example_dags/tutorial_taskflow_api_etl.py
[2021-06-25 09:35:14,785] {logging_mixin.py:104} INFO - [2021-06-25 09:35:14,785] {dag.py:1832} INFO - Sync 1 DAGs
[2021-06-25 09:35:14,803] {logging_mixin.py:104} INFO - [2021-06-25 09:35:14,803] {dag.py:2305} INFO - Setting next_dagrun for tutorial_taskflow_api_etl to None
[2021-06-25 09:35:14,821] {scheduler_job.py:190} INFO - Processing /home/airflow/sandbox/lib/python3.8/site-packages/airflow/example_dags/tutorial_taskflow_api_etl.py took 0.549 seconds
[2021-06-25 09:35:44,988] {scheduler_job.py:182} INFO - Started process (PID=14851) to work on /home/airflow/sandbox/lib/python3.8/site-packages/airflow/example_dags/tutorial_taskflow_api_etl.py
[2021-06-25 09:35:44,989] {scheduler_job.py:633} INFO - Processing file /home/airflow/sandbox/lib/python3.8/site-packages/airflow/example_dags/tutorial_taskflow_api_etl.py for tasks to queue
[2021-06-25 09:35:44,990] {logging_mixin.py:104} INFO - [2021-06-25 09:35:44,990] {dagbag.py:487} INFO - Filling up the DagBag from /home/airflow/sandbox/lib/python3.8/site-packages/airflow/example_dags/tutorial_taskflow_api_etl.py
[2021-06-25 09:35:45,012] {scheduler_job.py:643} INFO - DAG(s) dict_keys(['tutorial_taskflow_api_etl']) retrieved from /home/airflow/sandbox/lib/python3.8/site-packages/airflow/example_dags/tutorial_taskflow_api_etl.py
[2021-06-25 09:35:45,517] {logging_mixin.py:104} INFO - [2021-06-25 09:35:45,515] {dag.py:1832} INFO - Sync 1 DAGs
[2021-06-25 09:35:45,556] {logging_mixin.py:104} INFO - [2021-06-25 09:35:45,556] {dag.py:2305} INFO - Setting next_dagrun for tutorial_taskflow_api_etl to None
[2021-06-25 09:35:45,578] {scheduler_job.py:190} INFO - Processing /home/airflow/sandbox/lib/python3.8/site-packages/airflow/example_dags/tutorial_taskflow_api_etl.py took 0.598 seconds
[2021-06-25 09:36:16,110] {scheduler_job.py:182} INFO - Started process (PID=15053) to work on /home/airflow/sandbox/lib/python3.8/site-packages/airflow/example_dags/tutorial_taskflow_api_etl.py
[2021-06-25 09:36:16,114] {scheduler_job.py:633} INFO - Processing file /home/airflow/sandbox/lib/python3.8/site-packages/airflow/example_dags/tutorial_taskflow_api_etl.py for tasks to queue
[2021-06-25 09:36:16,116] {logging_mixin.py:104} INFO - [2021-06-25 09:36:16,116] {dagbag.py:487} INFO - Filling up the DagBag from /home/airflow/sandbox/lib/python3.8/site-packages/airflow/example_dags/tutorial_taskflow_api_etl.py
[2021-06-25 09:36:16,143] {scheduler_job.py:643} INFO - DAG(s) dict_keys(['tutorial_taskflow_api_etl']) retrieved from /home/airflow/sandbox/lib/python3.8/site-packages/airflow/example_dags/tutorial_taskflow_api_etl.py
[2021-06-25 09:36:16,519] {logging_mixin.py:104} INFO - [2021-06-25 09:36:16,518] {dag.py:1832} INFO - Sync 1 DAGs
[2021-06-25 09:36:16,534] {logging_mixin.py:104} INFO - [2021-06-25 09:36:16,534] {dag.py:2305} INFO - Setting next_dagrun for tutorial_taskflow_api_etl to None
[2021-06-25 09:36:16,549] {scheduler_job.py:190} INFO - Processing /home/airflow/sandbox/lib/python3.8/site-packages/airflow/example_dags/tutorial_taskflow_api_etl.py took 0.443 seconds
[2021-06-25 09:36:46,751] {scheduler_job.py:182} INFO - Started process (PID=15253) to work on /home/airflow/sandbox/lib/python3.8/site-packages/airflow/example_dags/tutorial_taskflow_api_etl.py
[2021-06-25 09:36:46,755] {scheduler_job.py:633} INFO - Processing file /home/airflow/sandbox/lib/python3.8/site-packages/airflow/example_dags/tutorial_taskflow_api_etl.py for tasks to queue
[2021-06-25 09:36:46,756] {logging_mixin.py:104} INFO - [2021-06-25 09:36:46,756] {dagbag.py:487} INFO - Filling up the DagBag from /home/airflow/sandbox/lib/python3.8/site-packages/airflow/example_dags/tutorial_taskflow_api_etl.py
[2021-06-25 09:36:46,784] {scheduler_job.py:643} INFO - DAG(s) dict_keys(['tutorial_taskflow_api_etl']) retrieved from /home/airflow/sandbox/lib/python3.8/site-packages/airflow/example_dags/tutorial_taskflow_api_etl.py
[2021-06-25 09:36:47,188] {logging_mixin.py:104} INFO - [2021-06-25 09:36:47,188] {dag.py:1832} INFO - Sync 1 DAGs
[2021-06-25 09:36:47,212] {logging_mixin.py:104} INFO - [2021-06-25 09:36:47,211] {dag.py:2305} INFO - Setting next_dagrun for tutorial_taskflow_api_etl to None
[2021-06-25 09:36:47,228] {scheduler_job.py:190} INFO - Processing /home/airflow/sandbox/lib/python3.8/site-packages/airflow/example_dags/tutorial_taskflow_api_etl.py took 0.482 seconds
[2021-06-25 09:37:17,505] {scheduler_job.py:182} INFO - Started process (PID=15453) to work on /home/airflow/sandbox/lib/python3.8/site-packages/airflow/example_dags/tutorial_taskflow_api_etl.py
[2021-06-25 09:37:17,511] {scheduler_job.py:633} INFO - Processing file /home/airflow/sandbox/lib/python3.8/site-packages/airflow/example_dags/tutorial_taskflow_api_etl.py for tasks to queue
[2021-06-25 09:37:17,516] {logging_mixin.py:104} INFO - [2021-06-25 09:37:17,516] {dagbag.py:487} INFO - Filling up the DagBag from /home/airflow/sandbox/lib/python3.8/site-packages/airflow/example_dags/tutorial_taskflow_api_etl.py
[2021-06-25 09:37:17,548] {scheduler_job.py:643} INFO - DAG(s) dict_keys(['tutorial_taskflow_api_etl']) retrieved from /home/airflow/sandbox/lib/python3.8/site-packages/airflow/example_dags/tutorial_taskflow_api_etl.py
[2021-06-25 09:37:17,987] {logging_mixin.py:104} INFO - [2021-06-25 09:37:17,987] {dag.py:1832} INFO - Sync 1 DAGs
[2021-06-25 09:37:18,001] {logging_mixin.py:104} INFO - [2021-06-25 09:37:18,001] {dag.py:2305} INFO - Setting next_dagrun for tutorial_taskflow_api_etl to None
[2021-06-25 09:37:18,017] {scheduler_job.py:190} INFO - Processing /home/airflow/sandbox/lib/python3.8/site-packages/airflow/example_dags/tutorial_taskflow_api_etl.py took 0.517 seconds
[2021-06-25 09:37:48,449] {scheduler_job.py:182} INFO - Started process (PID=15677) to work on /home/airflow/sandbox/lib/python3.8/site-packages/airflow/example_dags/tutorial_taskflow_api_etl.py
[2021-06-25 09:37:48,451] {scheduler_job.py:633} INFO - Processing file /home/airflow/sandbox/lib/python3.8/site-packages/airflow/example_dags/tutorial_taskflow_api_etl.py for tasks to queue
[2021-06-25 09:37:48,463] {logging_mixin.py:104} INFO - [2021-06-25 09:37:48,463] {dagbag.py:487} INFO - Filling up the DagBag from /home/airflow/sandbox/lib/python3.8/site-packages/airflow/example_dags/tutorial_taskflow_api_etl.py
[2021-06-25 09:37:48,484] {scheduler_job.py:643} INFO - DAG(s) dict_keys(['tutorial_taskflow_api_etl']) retrieved from /home/airflow/sandbox/lib/python3.8/site-packages/airflow/example_dags/tutorial_taskflow_api_etl.py
[2021-06-25 09:37:48,982] {logging_mixin.py:104} INFO - [2021-06-25 09:37:48,982] {dag.py:1832} INFO - Sync 1 DAGs
[2021-06-25 09:37:49,003] {logging_mixin.py:104} INFO - [2021-06-25 09:37:49,002] {dag.py:2305} INFO - Setting next_dagrun for tutorial_taskflow_api_etl to None
[2021-06-25 09:37:49,021] {scheduler_job.py:190} INFO - Processing /home/airflow/sandbox/lib/python3.8/site-packages/airflow/example_dags/tutorial_taskflow_api_etl.py took 0.579 seconds
[2021-06-25 09:38:20,685] {scheduler_job.py:182} INFO - Started process (PID=15875) to work on /home/airflow/sandbox/lib/python3.8/site-packages/airflow/example_dags/tutorial_taskflow_api_etl.py
[2021-06-25 09:38:20,695] {scheduler_job.py:633} INFO - Processing file /home/airflow/sandbox/lib/python3.8/site-packages/airflow/example_dags/tutorial_taskflow_api_etl.py for tasks to queue
[2021-06-25 09:38:20,698] {logging_mixin.py:104} INFO - [2021-06-25 09:38:20,697] {dagbag.py:487} INFO - Filling up the DagBag from /home/airflow/sandbox/lib/python3.8/site-packages/airflow/example_dags/tutorial_taskflow_api_etl.py
[2021-06-25 09:38:20,747] {scheduler_job.py:643} INFO - DAG(s) dict_keys(['tutorial_taskflow_api_etl']) retrieved from /home/airflow/sandbox/lib/python3.8/site-packages/airflow/example_dags/tutorial_taskflow_api_etl.py
[2021-06-25 09:38:21,398] {logging_mixin.py:104} INFO - [2021-06-25 09:38:21,397] {dag.py:1832} INFO - Sync 1 DAGs
[2021-06-25 09:38:21,421] {logging_mixin.py:104} INFO - [2021-06-25 09:38:21,421] {dag.py:2305} INFO - Setting next_dagrun for tutorial_taskflow_api_etl to None
[2021-06-25 09:38:21,446] {scheduler_job.py:190} INFO - Processing /home/airflow/sandbox/lib/python3.8/site-packages/airflow/example_dags/tutorial_taskflow_api_etl.py took 0.771 seconds
[2021-06-25 09:40:04,064] {scheduler_job.py:182} INFO - Started process (PID=16219) to work on /home/airflow/sandbox/lib/python3.8/site-packages/airflow/example_dags/tutorial_taskflow_api_etl.py
[2021-06-25 09:40:04,075] {scheduler_job.py:633} INFO - Processing file /home/airflow/sandbox/lib/python3.8/site-packages/airflow/example_dags/tutorial_taskflow_api_etl.py for tasks to queue
[2021-06-25 09:40:04,076] {logging_mixin.py:104} INFO - [2021-06-25 09:40:04,076] {dagbag.py:487} INFO - Filling up the DagBag from /home/airflow/sandbox/lib/python3.8/site-packages/airflow/example_dags/tutorial_taskflow_api_etl.py
[2021-06-25 09:40:04,151] {scheduler_job.py:643} INFO - DAG(s) dict_keys(['tutorial_taskflow_api_etl']) retrieved from /home/airflow/sandbox/lib/python3.8/site-packages/airflow/example_dags/tutorial_taskflow_api_etl.py
[2021-06-25 09:40:06,800] {logging_mixin.py:104} INFO - [2021-06-25 09:40:06,799] {dag.py:1832} INFO - Sync 1 DAGs
[2021-06-25 09:40:06,847] {logging_mixin.py:104} INFO - [2021-06-25 09:40:06,847] {dag.py:2305} INFO - Setting next_dagrun for tutorial_taskflow_api_etl to None
[2021-06-25 09:40:06,918] {scheduler_job.py:190} INFO - Processing /home/airflow/sandbox/lib/python3.8/site-packages/airflow/example_dags/tutorial_taskflow_api_etl.py took 2.862 seconds
[2021-06-25 09:40:37,513] {scheduler_job.py:182} INFO - Started process (PID=16440) to work on /home/airflow/sandbox/lib/python3.8/site-packages/airflow/example_dags/tutorial_taskflow_api_etl.py
[2021-06-25 09:40:37,514] {scheduler_job.py:633} INFO - Processing file /home/airflow/sandbox/lib/python3.8/site-packages/airflow/example_dags/tutorial_taskflow_api_etl.py for tasks to queue
[2021-06-25 09:40:37,516] {logging_mixin.py:104} INFO - [2021-06-25 09:40:37,515] {dagbag.py:487} INFO - Filling up the DagBag from /home/airflow/sandbox/lib/python3.8/site-packages/airflow/example_dags/tutorial_taskflow_api_etl.py
[2021-06-25 09:40:37,536] {scheduler_job.py:643} INFO - DAG(s) dict_keys(['tutorial_taskflow_api_etl']) retrieved from /home/airflow/sandbox/lib/python3.8/site-packages/airflow/example_dags/tutorial_taskflow_api_etl.py
[2021-06-25 09:40:37,932] {logging_mixin.py:104} INFO - [2021-06-25 09:40:37,932] {dag.py:1832} INFO - Sync 1 DAGs
[2021-06-25 09:40:37,951] {logging_mixin.py:104} INFO - [2021-06-25 09:40:37,951] {dag.py:2305} INFO - Setting next_dagrun for tutorial_taskflow_api_etl to None
[2021-06-25 09:40:37,968] {scheduler_job.py:190} INFO - Processing /home/airflow/sandbox/lib/python3.8/site-packages/airflow/example_dags/tutorial_taskflow_api_etl.py took 0.460 seconds
[2021-06-25 09:41:08,760] {scheduler_job.py:182} INFO - Started process (PID=16640) to work on /home/airflow/sandbox/lib/python3.8/site-packages/airflow/example_dags/tutorial_taskflow_api_etl.py
[2021-06-25 09:41:08,762] {scheduler_job.py:633} INFO - Processing file /home/airflow/sandbox/lib/python3.8/site-packages/airflow/example_dags/tutorial_taskflow_api_etl.py for tasks to queue
[2021-06-25 09:41:08,768] {logging_mixin.py:104} INFO - [2021-06-25 09:41:08,766] {dagbag.py:487} INFO - Filling up the DagBag from /home/airflow/sandbox/lib/python3.8/site-packages/airflow/example_dags/tutorial_taskflow_api_etl.py
[2021-06-25 09:41:08,841] {scheduler_job.py:643} INFO - DAG(s) dict_keys(['tutorial_taskflow_api_etl']) retrieved from /home/airflow/sandbox/lib/python3.8/site-packages/airflow/example_dags/tutorial_taskflow_api_etl.py
[2021-06-25 09:41:09,463] {logging_mixin.py:104} INFO - [2021-06-25 09:41:09,462] {dag.py:1832} INFO - Sync 1 DAGs
[2021-06-25 09:41:09,490] {logging_mixin.py:104} INFO - [2021-06-25 09:41:09,489] {dag.py:2305} INFO - Setting next_dagrun for tutorial_taskflow_api_etl to None
[2021-06-25 09:41:09,525] {scheduler_job.py:190} INFO - Processing /home/airflow/sandbox/lib/python3.8/site-packages/airflow/example_dags/tutorial_taskflow_api_etl.py took 0.785 seconds
[2021-06-25 09:41:40,112] {scheduler_job.py:182} INFO - Started process (PID=16847) to work on /home/airflow/sandbox/lib/python3.8/site-packages/airflow/example_dags/tutorial_taskflow_api_etl.py
[2021-06-25 09:41:40,117] {scheduler_job.py:633} INFO - Processing file /home/airflow/sandbox/lib/python3.8/site-packages/airflow/example_dags/tutorial_taskflow_api_etl.py for tasks to queue
[2021-06-25 09:41:40,125] {logging_mixin.py:104} INFO - [2021-06-25 09:41:40,124] {dagbag.py:487} INFO - Filling up the DagBag from /home/airflow/sandbox/lib/python3.8/site-packages/airflow/example_dags/tutorial_taskflow_api_etl.py
[2021-06-25 09:41:40,161] {scheduler_job.py:643} INFO - DAG(s) dict_keys(['tutorial_taskflow_api_etl']) retrieved from /home/airflow/sandbox/lib/python3.8/site-packages/airflow/example_dags/tutorial_taskflow_api_etl.py
[2021-06-25 09:41:41,050] {logging_mixin.py:104} INFO - [2021-06-25 09:41:41,050] {dag.py:1832} INFO - Sync 1 DAGs
[2021-06-25 09:41:41,081] {logging_mixin.py:104} INFO - [2021-06-25 09:41:41,081] {dag.py:2305} INFO - Setting next_dagrun for tutorial_taskflow_api_etl to None
[2021-06-25 09:41:41,114] {scheduler_job.py:190} INFO - Processing /home/airflow/sandbox/lib/python3.8/site-packages/airflow/example_dags/tutorial_taskflow_api_etl.py took 1.006 seconds
[2021-06-25 09:42:11,687] {scheduler_job.py:182} INFO - Started process (PID=17058) to work on /home/airflow/sandbox/lib/python3.8/site-packages/airflow/example_dags/tutorial_taskflow_api_etl.py
[2021-06-25 09:42:11,698] {scheduler_job.py:633} INFO - Processing file /home/airflow/sandbox/lib/python3.8/site-packages/airflow/example_dags/tutorial_taskflow_api_etl.py for tasks to queue
[2021-06-25 09:42:11,702] {logging_mixin.py:104} INFO - [2021-06-25 09:42:11,701] {dagbag.py:487} INFO - Filling up the DagBag from /home/airflow/sandbox/lib/python3.8/site-packages/airflow/example_dags/tutorial_taskflow_api_etl.py
[2021-06-25 09:42:11,804] {scheduler_job.py:643} INFO - DAG(s) dict_keys(['tutorial_taskflow_api_etl']) retrieved from /home/airflow/sandbox/lib/python3.8/site-packages/airflow/example_dags/tutorial_taskflow_api_etl.py
[2021-06-25 09:42:13,832] {logging_mixin.py:104} INFO - [2021-06-25 09:42:13,831] {dag.py:1832} INFO - Sync 1 DAGs
[2021-06-25 09:42:13,898] {logging_mixin.py:104} INFO - [2021-06-25 09:42:13,898] {dag.py:2305} INFO - Setting next_dagrun for tutorial_taskflow_api_etl to None
[2021-06-25 09:42:13,969] {scheduler_job.py:190} INFO - Processing /home/airflow/sandbox/lib/python3.8/site-packages/airflow/example_dags/tutorial_taskflow_api_etl.py took 2.297 seconds
[2021-06-25 09:42:44,253] {scheduler_job.py:182} INFO - Started process (PID=17273) to work on /home/airflow/sandbox/lib/python3.8/site-packages/airflow/example_dags/tutorial_taskflow_api_etl.py
[2021-06-25 09:42:44,258] {scheduler_job.py:633} INFO - Processing file /home/airflow/sandbox/lib/python3.8/site-packages/airflow/example_dags/tutorial_taskflow_api_etl.py for tasks to queue
[2021-06-25 09:42:44,259] {logging_mixin.py:104} INFO - [2021-06-25 09:42:44,259] {dagbag.py:487} INFO - Filling up the DagBag from /home/airflow/sandbox/lib/python3.8/site-packages/airflow/example_dags/tutorial_taskflow_api_etl.py
[2021-06-25 09:42:44,280] {scheduler_job.py:643} INFO - DAG(s) dict_keys(['tutorial_taskflow_api_etl']) retrieved from /home/airflow/sandbox/lib/python3.8/site-packages/airflow/example_dags/tutorial_taskflow_api_etl.py
[2021-06-25 09:42:44,824] {logging_mixin.py:104} INFO - [2021-06-25 09:42:44,824] {dag.py:1832} INFO - Sync 1 DAGs
[2021-06-25 09:42:44,867] {logging_mixin.py:104} INFO - [2021-06-25 09:42:44,866] {dag.py:2305} INFO - Setting next_dagrun for tutorial_taskflow_api_etl to None
[2021-06-25 09:42:44,905] {scheduler_job.py:190} INFO - Processing /home/airflow/sandbox/lib/python3.8/site-packages/airflow/example_dags/tutorial_taskflow_api_etl.py took 0.656 seconds
[2021-06-25 09:43:15,595] {scheduler_job.py:182} INFO - Started process (PID=17474) to work on /home/airflow/sandbox/lib/python3.8/site-packages/airflow/example_dags/tutorial_taskflow_api_etl.py
[2021-06-25 09:43:15,601] {scheduler_job.py:633} INFO - Processing file /home/airflow/sandbox/lib/python3.8/site-packages/airflow/example_dags/tutorial_taskflow_api_etl.py for tasks to queue
[2021-06-25 09:43:15,607] {logging_mixin.py:104} INFO - [2021-06-25 09:43:15,606] {dagbag.py:487} INFO - Filling up the DagBag from /home/airflow/sandbox/lib/python3.8/site-packages/airflow/example_dags/tutorial_taskflow_api_etl.py
[2021-06-25 09:43:15,641] {scheduler_job.py:643} INFO - DAG(s) dict_keys(['tutorial_taskflow_api_etl']) retrieved from /home/airflow/sandbox/lib/python3.8/site-packages/airflow/example_dags/tutorial_taskflow_api_etl.py
[2021-06-25 09:43:16,333] {logging_mixin.py:104} INFO - [2021-06-25 09:43:16,333] {dag.py:1832} INFO - Sync 1 DAGs
[2021-06-25 09:43:16,368] {logging_mixin.py:104} INFO - [2021-06-25 09:43:16,368] {dag.py:2305} INFO - Setting next_dagrun for tutorial_taskflow_api_etl to None
[2021-06-25 09:43:16,399] {scheduler_job.py:190} INFO - Processing /home/airflow/sandbox/lib/python3.8/site-packages/airflow/example_dags/tutorial_taskflow_api_etl.py took 0.825 seconds
[2021-06-25 09:43:46,963] {scheduler_job.py:182} INFO - Started process (PID=17674) to work on /home/airflow/sandbox/lib/python3.8/site-packages/airflow/example_dags/tutorial_taskflow_api_etl.py
[2021-06-25 09:43:46,966] {scheduler_job.py:633} INFO - Processing file /home/airflow/sandbox/lib/python3.8/site-packages/airflow/example_dags/tutorial_taskflow_api_etl.py for tasks to queue
[2021-06-25 09:43:46,979] {logging_mixin.py:104} INFO - [2021-06-25 09:43:46,979] {dagbag.py:487} INFO - Filling up the DagBag from /home/airflow/sandbox/lib/python3.8/site-packages/airflow/example_dags/tutorial_taskflow_api_etl.py
[2021-06-25 09:43:47,030] {scheduler_job.py:643} INFO - DAG(s) dict_keys(['tutorial_taskflow_api_etl']) retrieved from /home/airflow/sandbox/lib/python3.8/site-packages/airflow/example_dags/tutorial_taskflow_api_etl.py
[2021-06-25 09:43:47,951] {logging_mixin.py:104} INFO - [2021-06-25 09:43:47,951] {dag.py:1832} INFO - Sync 1 DAGs
[2021-06-25 09:43:48,010] {logging_mixin.py:104} INFO - [2021-06-25 09:43:48,009] {dag.py:2305} INFO - Setting next_dagrun for tutorial_taskflow_api_etl to None
[2021-06-25 09:43:48,097] {scheduler_job.py:190} INFO - Processing /home/airflow/sandbox/lib/python3.8/site-packages/airflow/example_dags/tutorial_taskflow_api_etl.py took 1.144 seconds
[2021-06-25 09:44:18,942] {scheduler_job.py:182} INFO - Started process (PID=17874) to work on /home/airflow/sandbox/lib/python3.8/site-packages/airflow/example_dags/tutorial_taskflow_api_etl.py
[2021-06-25 09:44:18,950] {scheduler_job.py:633} INFO - Processing file /home/airflow/sandbox/lib/python3.8/site-packages/airflow/example_dags/tutorial_taskflow_api_etl.py for tasks to queue
[2021-06-25 09:44:18,956] {logging_mixin.py:104} INFO - [2021-06-25 09:44:18,956] {dagbag.py:487} INFO - Filling up the DagBag from /home/airflow/sandbox/lib/python3.8/site-packages/airflow/example_dags/tutorial_taskflow_api_etl.py
[2021-06-25 09:44:18,998] {scheduler_job.py:643} INFO - DAG(s) dict_keys(['tutorial_taskflow_api_etl']) retrieved from /home/airflow/sandbox/lib/python3.8/site-packages/airflow/example_dags/tutorial_taskflow_api_etl.py
[2021-06-25 09:44:20,193] {logging_mixin.py:104} INFO - [2021-06-25 09:44:20,193] {dag.py:1832} INFO - Sync 1 DAGs
[2021-06-25 09:44:20,237] {logging_mixin.py:104} INFO - [2021-06-25 09:44:20,237] {dag.py:2305} INFO - Setting next_dagrun for tutorial_taskflow_api_etl to None
[2021-06-25 09:44:20,276] {scheduler_job.py:190} INFO - Processing /home/airflow/sandbox/lib/python3.8/site-packages/airflow/example_dags/tutorial_taskflow_api_etl.py took 1.338 seconds
[2021-06-25 09:45:14,803] {scheduler_job.py:182} INFO - Started process (PID=18914) to work on /home/airflow/sandbox/lib/python3.8/site-packages/airflow/example_dags/tutorial_taskflow_api_etl.py
[2021-06-25 09:45:14,820] {scheduler_job.py:633} INFO - Processing file /home/airflow/sandbox/lib/python3.8/site-packages/airflow/example_dags/tutorial_taskflow_api_etl.py for tasks to queue
[2021-06-25 09:45:14,822] {logging_mixin.py:104} INFO - [2021-06-25 09:45:14,822] {dagbag.py:487} INFO - Filling up the DagBag from /home/airflow/sandbox/lib/python3.8/site-packages/airflow/example_dags/tutorial_taskflow_api_etl.py
[2021-06-25 09:45:15,305] {scheduler_job.py:643} INFO - DAG(s) dict_keys(['tutorial_taskflow_api_etl']) retrieved from /home/airflow/sandbox/lib/python3.8/site-packages/airflow/example_dags/tutorial_taskflow_api_etl.py
[2021-06-25 09:45:21,503] {logging_mixin.py:104} INFO - [2021-06-25 09:45:21,502] {dag.py:1832} INFO - Sync 1 DAGs
[2021-06-25 09:45:21,656] {logging_mixin.py:104} INFO - [2021-06-25 09:45:21,656] {dag.py:2305} INFO - Setting next_dagrun for tutorial_taskflow_api_etl to None
[2021-06-25 09:45:21,778] {scheduler_job.py:190} INFO - Processing /home/airflow/sandbox/lib/python3.8/site-packages/airflow/example_dags/tutorial_taskflow_api_etl.py took 7.020 seconds
[2021-06-25 09:45:59,511] {scheduler_job.py:182} INFO - Started process (PID=19479) to work on /home/airflow/sandbox/lib/python3.8/site-packages/airflow/example_dags/tutorial_taskflow_api_etl.py
[2021-06-25 09:45:59,522] {scheduler_job.py:633} INFO - Processing file /home/airflow/sandbox/lib/python3.8/site-packages/airflow/example_dags/tutorial_taskflow_api_etl.py for tasks to queue
[2021-06-25 09:45:59,524] {logging_mixin.py:104} INFO - [2021-06-25 09:45:59,523] {dagbag.py:487} INFO - Filling up the DagBag from /home/airflow/sandbox/lib/python3.8/site-packages/airflow/example_dags/tutorial_taskflow_api_etl.py
[2021-06-25 09:45:59,635] {scheduler_job.py:643} INFO - DAG(s) dict_keys(['tutorial_taskflow_api_etl']) retrieved from /home/airflow/sandbox/lib/python3.8/site-packages/airflow/example_dags/tutorial_taskflow_api_etl.py
[2021-06-25 09:46:00,775] {logging_mixin.py:104} INFO - [2021-06-25 09:46:00,774] {dag.py:1832} INFO - Sync 1 DAGs
[2021-06-25 09:46:00,880] {logging_mixin.py:104} INFO - [2021-06-25 09:46:00,880] {dag.py:2305} INFO - Setting next_dagrun for tutorial_taskflow_api_etl to None
[2021-06-25 09:46:00,944] {scheduler_job.py:190} INFO - Processing /home/airflow/sandbox/lib/python3.8/site-packages/airflow/example_dags/tutorial_taskflow_api_etl.py took 1.460 seconds
[2021-06-25 09:46:31,005] {scheduler_job.py:182} INFO - Started process (PID=19700) to work on /home/airflow/sandbox/lib/python3.8/site-packages/airflow/example_dags/tutorial_taskflow_api_etl.py
[2021-06-25 09:46:31,007] {scheduler_job.py:633} INFO - Processing file /home/airflow/sandbox/lib/python3.8/site-packages/airflow/example_dags/tutorial_taskflow_api_etl.py for tasks to queue
[2021-06-25 09:46:31,010] {logging_mixin.py:104} INFO - [2021-06-25 09:46:31,009] {dagbag.py:487} INFO - Filling up the DagBag from /home/airflow/sandbox/lib/python3.8/site-packages/airflow/example_dags/tutorial_taskflow_api_etl.py
[2021-06-25 09:46:31,041] {scheduler_job.py:643} INFO - DAG(s) dict_keys(['tutorial_taskflow_api_etl']) retrieved from /home/airflow/sandbox/lib/python3.8/site-packages/airflow/example_dags/tutorial_taskflow_api_etl.py
[2021-06-25 09:46:31,493] {logging_mixin.py:104} INFO - [2021-06-25 09:46:31,493] {dag.py:1832} INFO - Sync 1 DAGs
[2021-06-25 09:46:31,510] {logging_mixin.py:104} INFO - [2021-06-25 09:46:31,510] {dag.py:2305} INFO - Setting next_dagrun for tutorial_taskflow_api_etl to None
[2021-06-25 09:46:31,536] {scheduler_job.py:190} INFO - Processing /home/airflow/sandbox/lib/python3.8/site-packages/airflow/example_dags/tutorial_taskflow_api_etl.py took 0.537 seconds
[2021-06-25 09:47:02,698] {scheduler_job.py:182} INFO - Started process (PID=19903) to work on /home/airflow/sandbox/lib/python3.8/site-packages/airflow/example_dags/tutorial_taskflow_api_etl.py
[2021-06-25 09:47:02,716] {scheduler_job.py:633} INFO - Processing file /home/airflow/sandbox/lib/python3.8/site-packages/airflow/example_dags/tutorial_taskflow_api_etl.py for tasks to queue
[2021-06-25 09:47:02,718] {logging_mixin.py:104} INFO - [2021-06-25 09:47:02,718] {dagbag.py:487} INFO - Filling up the DagBag from /home/airflow/sandbox/lib/python3.8/site-packages/airflow/example_dags/tutorial_taskflow_api_etl.py
[2021-06-25 09:47:02,781] {scheduler_job.py:643} INFO - DAG(s) dict_keys(['tutorial_taskflow_api_etl']) retrieved from /home/airflow/sandbox/lib/python3.8/site-packages/airflow/example_dags/tutorial_taskflow_api_etl.py
[2021-06-25 09:47:05,165] {logging_mixin.py:104} INFO - [2021-06-25 09:47:05,164] {dag.py:1832} INFO - Sync 1 DAGs
[2021-06-25 09:47:05,281] {logging_mixin.py:104} INFO - [2021-06-25 09:47:05,281] {dag.py:2305} INFO - Setting next_dagrun for tutorial_taskflow_api_etl to None
[2021-06-25 09:47:05,332] {scheduler_job.py:190} INFO - Processing /home/airflow/sandbox/lib/python3.8/site-packages/airflow/example_dags/tutorial_taskflow_api_etl.py took 2.640 seconds
[2021-06-25 09:47:35,901] {scheduler_job.py:182} INFO - Started process (PID=20177) to work on /home/airflow/sandbox/lib/python3.8/site-packages/airflow/example_dags/tutorial_taskflow_api_etl.py
[2021-06-25 09:47:35,910] {scheduler_job.py:633} INFO - Processing file /home/airflow/sandbox/lib/python3.8/site-packages/airflow/example_dags/tutorial_taskflow_api_etl.py for tasks to queue
[2021-06-25 09:47:35,925] {logging_mixin.py:104} INFO - [2021-06-25 09:47:35,925] {dagbag.py:487} INFO - Filling up the DagBag from /home/airflow/sandbox/lib/python3.8/site-packages/airflow/example_dags/tutorial_taskflow_api_etl.py
[2021-06-25 09:47:36,090] {scheduler_job.py:643} INFO - DAG(s) dict_keys(['tutorial_taskflow_api_etl']) retrieved from /home/airflow/sandbox/lib/python3.8/site-packages/airflow/example_dags/tutorial_taskflow_api_etl.py
[2021-06-25 09:47:38,935] {logging_mixin.py:104} INFO - [2021-06-25 09:47:38,935] {dag.py:1832} INFO - Sync 1 DAGs
[2021-06-25 09:47:38,966] {logging_mixin.py:104} INFO - [2021-06-25 09:47:38,966] {dag.py:2305} INFO - Setting next_dagrun for tutorial_taskflow_api_etl to None
[2021-06-25 09:47:39,050] {scheduler_job.py:190} INFO - Processing /home/airflow/sandbox/lib/python3.8/site-packages/airflow/example_dags/tutorial_taskflow_api_etl.py took 3.159 seconds
[2021-06-25 09:48:10,268] {scheduler_job.py:182} INFO - Started process (PID=20512) to work on /home/airflow/sandbox/lib/python3.8/site-packages/airflow/example_dags/tutorial_taskflow_api_etl.py
[2021-06-25 09:48:10,274] {scheduler_job.py:633} INFO - Processing file /home/airflow/sandbox/lib/python3.8/site-packages/airflow/example_dags/tutorial_taskflow_api_etl.py for tasks to queue
[2021-06-25 09:48:10,288] {logging_mixin.py:104} INFO - [2021-06-25 09:48:10,287] {dagbag.py:487} INFO - Filling up the DagBag from /home/airflow/sandbox/lib/python3.8/site-packages/airflow/example_dags/tutorial_taskflow_api_etl.py
[2021-06-25 09:48:10,376] {scheduler_job.py:643} INFO - DAG(s) dict_keys(['tutorial_taskflow_api_etl']) retrieved from /home/airflow/sandbox/lib/python3.8/site-packages/airflow/example_dags/tutorial_taskflow_api_etl.py
[2021-06-25 09:48:13,402] {logging_mixin.py:104} INFO - [2021-06-25 09:48:13,402] {dag.py:1832} INFO - Sync 1 DAGs
[2021-06-25 09:48:13,492] {logging_mixin.py:104} INFO - [2021-06-25 09:48:13,491] {dag.py:2305} INFO - Setting next_dagrun for tutorial_taskflow_api_etl to None
[2021-06-25 09:48:13,634] {scheduler_job.py:190} INFO - Processing /home/airflow/sandbox/lib/python3.8/site-packages/airflow/example_dags/tutorial_taskflow_api_etl.py took 3.379 seconds
[2021-06-25 09:48:43,947] {scheduler_job.py:182} INFO - Started process (PID=20745) to work on /home/airflow/sandbox/lib/python3.8/site-packages/airflow/example_dags/tutorial_taskflow_api_etl.py
[2021-06-25 09:48:43,980] {scheduler_job.py:633} INFO - Processing file /home/airflow/sandbox/lib/python3.8/site-packages/airflow/example_dags/tutorial_taskflow_api_etl.py for tasks to queue
[2021-06-25 09:48:43,982] {logging_mixin.py:104} INFO - [2021-06-25 09:48:43,981] {dagbag.py:487} INFO - Filling up the DagBag from /home/airflow/sandbox/lib/python3.8/site-packages/airflow/example_dags/tutorial_taskflow_api_etl.py
[2021-06-25 09:48:44,120] {scheduler_job.py:643} INFO - DAG(s) dict_keys(['tutorial_taskflow_api_etl']) retrieved from /home/airflow/sandbox/lib/python3.8/site-packages/airflow/example_dags/tutorial_taskflow_api_etl.py
[2021-06-25 09:48:45,081] {logging_mixin.py:104} INFO - [2021-06-25 09:48:45,081] {dag.py:1832} INFO - Sync 1 DAGs
[2021-06-25 09:48:45,114] {logging_mixin.py:104} INFO - [2021-06-25 09:48:45,114] {dag.py:2305} INFO - Setting next_dagrun for tutorial_taskflow_api_etl to None
[2021-06-25 09:48:45,166] {scheduler_job.py:190} INFO - Processing /home/airflow/sandbox/lib/python3.8/site-packages/airflow/example_dags/tutorial_taskflow_api_etl.py took 1.231 seconds
[2021-06-25 09:49:15,884] {scheduler_job.py:182} INFO - Started process (PID=20959) to work on /home/airflow/sandbox/lib/python3.8/site-packages/airflow/example_dags/tutorial_taskflow_api_etl.py
[2021-06-25 09:49:15,885] {scheduler_job.py:633} INFO - Processing file /home/airflow/sandbox/lib/python3.8/site-packages/airflow/example_dags/tutorial_taskflow_api_etl.py for tasks to queue
[2021-06-25 09:49:15,886] {logging_mixin.py:104} INFO - [2021-06-25 09:49:15,886] {dagbag.py:487} INFO - Filling up the DagBag from /home/airflow/sandbox/lib/python3.8/site-packages/airflow/example_dags/tutorial_taskflow_api_etl.py
[2021-06-25 09:49:15,917] {scheduler_job.py:643} INFO - DAG(s) dict_keys(['tutorial_taskflow_api_etl']) retrieved from /home/airflow/sandbox/lib/python3.8/site-packages/airflow/example_dags/tutorial_taskflow_api_etl.py
[2021-06-25 09:49:16,834] {logging_mixin.py:104} INFO - [2021-06-25 09:49:16,834] {dag.py:1832} INFO - Sync 1 DAGs
[2021-06-25 09:49:16,868] {logging_mixin.py:104} INFO - [2021-06-25 09:49:16,868] {dag.py:2305} INFO - Setting next_dagrun for tutorial_taskflow_api_etl to None
[2021-06-25 09:49:16,898] {scheduler_job.py:190} INFO - Processing /home/airflow/sandbox/lib/python3.8/site-packages/airflow/example_dags/tutorial_taskflow_api_etl.py took 1.018 seconds
[2021-06-25 09:49:47,121] {scheduler_job.py:182} INFO - Started process (PID=21159) to work on /home/airflow/sandbox/lib/python3.8/site-packages/airflow/example_dags/tutorial_taskflow_api_etl.py
[2021-06-25 09:49:47,126] {scheduler_job.py:633} INFO - Processing file /home/airflow/sandbox/lib/python3.8/site-packages/airflow/example_dags/tutorial_taskflow_api_etl.py for tasks to queue
[2021-06-25 09:49:47,136] {logging_mixin.py:104} INFO - [2021-06-25 09:49:47,136] {dagbag.py:487} INFO - Filling up the DagBag from /home/airflow/sandbox/lib/python3.8/site-packages/airflow/example_dags/tutorial_taskflow_api_etl.py
[2021-06-25 09:49:47,272] {scheduler_job.py:643} INFO - DAG(s) dict_keys(['tutorial_taskflow_api_etl']) retrieved from /home/airflow/sandbox/lib/python3.8/site-packages/airflow/example_dags/tutorial_taskflow_api_etl.py
[2021-06-25 09:49:48,856] {logging_mixin.py:104} INFO - [2021-06-25 09:49:48,855] {dag.py:1832} INFO - Sync 1 DAGs
[2021-06-25 09:49:48,917] {logging_mixin.py:104} INFO - [2021-06-25 09:49:48,916] {dag.py:2305} INFO - Setting next_dagrun for tutorial_taskflow_api_etl to None
[2021-06-25 09:49:48,975] {scheduler_job.py:190} INFO - Processing /home/airflow/sandbox/lib/python3.8/site-packages/airflow/example_dags/tutorial_taskflow_api_etl.py took 1.865 seconds
[2021-06-25 09:50:19,453] {scheduler_job.py:182} INFO - Started process (PID=21379) to work on /home/airflow/sandbox/lib/python3.8/site-packages/airflow/example_dags/tutorial_taskflow_api_etl.py
[2021-06-25 09:50:19,459] {scheduler_job.py:633} INFO - Processing file /home/airflow/sandbox/lib/python3.8/site-packages/airflow/example_dags/tutorial_taskflow_api_etl.py for tasks to queue
[2021-06-25 09:50:19,475] {logging_mixin.py:104} INFO - [2021-06-25 09:50:19,475] {dagbag.py:487} INFO - Filling up the DagBag from /home/airflow/sandbox/lib/python3.8/site-packages/airflow/example_dags/tutorial_taskflow_api_etl.py
[2021-06-25 09:50:19,546] {scheduler_job.py:643} INFO - DAG(s) dict_keys(['tutorial_taskflow_api_etl']) retrieved from /home/airflow/sandbox/lib/python3.8/site-packages/airflow/example_dags/tutorial_taskflow_api_etl.py
[2021-06-25 09:50:19,624] {logging_mixin.py:104} INFO - [2021-06-25 09:50:19,624] {dag.py:1832} INFO - Sync 1 DAGs
[2021-06-25 09:50:19,644] {logging_mixin.py:104} INFO - [2021-06-25 09:50:19,644] {dag.py:2305} INFO - Setting next_dagrun for tutorial_taskflow_api_etl to None
[2021-06-25 09:50:19,674] {scheduler_job.py:190} INFO - Processing /home/airflow/sandbox/lib/python3.8/site-packages/airflow/example_dags/tutorial_taskflow_api_etl.py took 0.228 seconds
[2021-06-25 09:50:49,969] {scheduler_job.py:182} INFO - Started process (PID=21586) to work on /home/airflow/sandbox/lib/python3.8/site-packages/airflow/example_dags/tutorial_taskflow_api_etl.py
[2021-06-25 09:50:49,972] {scheduler_job.py:633} INFO - Processing file /home/airflow/sandbox/lib/python3.8/site-packages/airflow/example_dags/tutorial_taskflow_api_etl.py for tasks to queue
[2021-06-25 09:50:49,974] {logging_mixin.py:104} INFO - [2021-06-25 09:50:49,974] {dagbag.py:487} INFO - Filling up the DagBag from /home/airflow/sandbox/lib/python3.8/site-packages/airflow/example_dags/tutorial_taskflow_api_etl.py
[2021-06-25 09:50:50,008] {scheduler_job.py:643} INFO - DAG(s) dict_keys(['tutorial_taskflow_api_etl']) retrieved from /home/airflow/sandbox/lib/python3.8/site-packages/airflow/example_dags/tutorial_taskflow_api_etl.py
[2021-06-25 09:50:50,996] {logging_mixin.py:104} INFO - [2021-06-25 09:50:50,995] {dag.py:1832} INFO - Sync 1 DAGs
[2021-06-25 09:50:51,033] {logging_mixin.py:104} INFO - [2021-06-25 09:50:51,033] {dag.py:2305} INFO - Setting next_dagrun for tutorial_taskflow_api_etl to None
[2021-06-25 09:50:51,061] {scheduler_job.py:190} INFO - Processing /home/airflow/sandbox/lib/python3.8/site-packages/airflow/example_dags/tutorial_taskflow_api_etl.py took 1.096 seconds
[2021-06-25 09:51:21,981] {scheduler_job.py:182} INFO - Started process (PID=21793) to work on /home/airflow/sandbox/lib/python3.8/site-packages/airflow/example_dags/tutorial_taskflow_api_etl.py
[2021-06-25 09:51:21,985] {scheduler_job.py:633} INFO - Processing file /home/airflow/sandbox/lib/python3.8/site-packages/airflow/example_dags/tutorial_taskflow_api_etl.py for tasks to queue
[2021-06-25 09:51:21,990] {logging_mixin.py:104} INFO - [2021-06-25 09:51:21,990] {dagbag.py:487} INFO - Filling up the DagBag from /home/airflow/sandbox/lib/python3.8/site-packages/airflow/example_dags/tutorial_taskflow_api_etl.py
[2021-06-25 09:51:22,020] {scheduler_job.py:643} INFO - DAG(s) dict_keys(['tutorial_taskflow_api_etl']) retrieved from /home/airflow/sandbox/lib/python3.8/site-packages/airflow/example_dags/tutorial_taskflow_api_etl.py
[2021-06-25 09:51:22,630] {logging_mixin.py:104} INFO - [2021-06-25 09:51:22,630] {dag.py:1832} INFO - Sync 1 DAGs
[2021-06-25 09:51:22,666] {logging_mixin.py:104} INFO - [2021-06-25 09:51:22,665] {dag.py:2305} INFO - Setting next_dagrun for tutorial_taskflow_api_etl to None
[2021-06-25 09:51:22,702] {scheduler_job.py:190} INFO - Processing /home/airflow/sandbox/lib/python3.8/site-packages/airflow/example_dags/tutorial_taskflow_api_etl.py took 0.726 seconds
[2021-06-25 09:51:52,901] {scheduler_job.py:182} INFO - Started process (PID=21993) to work on /home/airflow/sandbox/lib/python3.8/site-packages/airflow/example_dags/tutorial_taskflow_api_etl.py
[2021-06-25 09:51:52,908] {scheduler_job.py:633} INFO - Processing file /home/airflow/sandbox/lib/python3.8/site-packages/airflow/example_dags/tutorial_taskflow_api_etl.py for tasks to queue
[2021-06-25 09:51:52,911] {logging_mixin.py:104} INFO - [2021-06-25 09:51:52,911] {dagbag.py:487} INFO - Filling up the DagBag from /home/airflow/sandbox/lib/python3.8/site-packages/airflow/example_dags/tutorial_taskflow_api_etl.py
[2021-06-25 09:51:52,947] {scheduler_job.py:643} INFO - DAG(s) dict_keys(['tutorial_taskflow_api_etl']) retrieved from /home/airflow/sandbox/lib/python3.8/site-packages/airflow/example_dags/tutorial_taskflow_api_etl.py
[2021-06-25 09:51:53,726] {logging_mixin.py:104} INFO - [2021-06-25 09:51:53,726] {dag.py:1832} INFO - Sync 1 DAGs
[2021-06-25 09:51:53,750] {logging_mixin.py:104} INFO - [2021-06-25 09:51:53,749] {dag.py:2305} INFO - Setting next_dagrun for tutorial_taskflow_api_etl to None
[2021-06-25 09:51:53,794] {scheduler_job.py:190} INFO - Processing /home/airflow/sandbox/lib/python3.8/site-packages/airflow/example_dags/tutorial_taskflow_api_etl.py took 0.898 seconds
[2021-06-25 09:52:23,871] {scheduler_job.py:182} INFO - Started process (PID=22209) to work on /home/airflow/sandbox/lib/python3.8/site-packages/airflow/example_dags/tutorial_taskflow_api_etl.py
[2021-06-25 09:52:23,873] {scheduler_job.py:633} INFO - Processing file /home/airflow/sandbox/lib/python3.8/site-packages/airflow/example_dags/tutorial_taskflow_api_etl.py for tasks to queue
[2021-06-25 09:52:23,873] {logging_mixin.py:104} INFO - [2021-06-25 09:52:23,873] {dagbag.py:487} INFO - Filling up the DagBag from /home/airflow/sandbox/lib/python3.8/site-packages/airflow/example_dags/tutorial_taskflow_api_etl.py
[2021-06-25 09:52:23,901] {scheduler_job.py:643} INFO - DAG(s) dict_keys(['tutorial_taskflow_api_etl']) retrieved from /home/airflow/sandbox/lib/python3.8/site-packages/airflow/example_dags/tutorial_taskflow_api_etl.py
[2021-06-25 09:52:24,619] {logging_mixin.py:104} INFO - [2021-06-25 09:52:24,619] {dag.py:1832} INFO - Sync 1 DAGs
[2021-06-25 09:52:24,635] {logging_mixin.py:104} INFO - [2021-06-25 09:52:24,635] {dag.py:2305} INFO - Setting next_dagrun for tutorial_taskflow_api_etl to None
[2021-06-25 09:52:24,661] {scheduler_job.py:190} INFO - Processing /home/airflow/sandbox/lib/python3.8/site-packages/airflow/example_dags/tutorial_taskflow_api_etl.py took 0.795 seconds
[2021-06-25 09:52:55,011] {scheduler_job.py:182} INFO - Started process (PID=22414) to work on /home/airflow/sandbox/lib/python3.8/site-packages/airflow/example_dags/tutorial_taskflow_api_etl.py
[2021-06-25 09:52:55,019] {scheduler_job.py:633} INFO - Processing file /home/airflow/sandbox/lib/python3.8/site-packages/airflow/example_dags/tutorial_taskflow_api_etl.py for tasks to queue
[2021-06-25 09:52:55,023] {logging_mixin.py:104} INFO - [2021-06-25 09:52:55,022] {dagbag.py:487} INFO - Filling up the DagBag from /home/airflow/sandbox/lib/python3.8/site-packages/airflow/example_dags/tutorial_taskflow_api_etl.py
[2021-06-25 09:52:55,052] {scheduler_job.py:643} INFO - DAG(s) dict_keys(['tutorial_taskflow_api_etl']) retrieved from /home/airflow/sandbox/lib/python3.8/site-packages/airflow/example_dags/tutorial_taskflow_api_etl.py
[2021-06-25 09:52:56,059] {logging_mixin.py:104} INFO - [2021-06-25 09:52:56,059] {dag.py:1832} INFO - Sync 1 DAGs
[2021-06-25 09:52:56,110] {logging_mixin.py:104} INFO - [2021-06-25 09:52:56,110] {dag.py:2305} INFO - Setting next_dagrun for tutorial_taskflow_api_etl to None
[2021-06-25 09:52:56,155] {scheduler_job.py:190} INFO - Processing /home/airflow/sandbox/lib/python3.8/site-packages/airflow/example_dags/tutorial_taskflow_api_etl.py took 1.152 seconds
[2021-06-25 09:53:26,679] {scheduler_job.py:182} INFO - Started process (PID=22626) to work on /home/airflow/sandbox/lib/python3.8/site-packages/airflow/example_dags/tutorial_taskflow_api_etl.py
[2021-06-25 09:53:26,682] {scheduler_job.py:633} INFO - Processing file /home/airflow/sandbox/lib/python3.8/site-packages/airflow/example_dags/tutorial_taskflow_api_etl.py for tasks to queue
[2021-06-25 09:53:26,684] {logging_mixin.py:104} INFO - [2021-06-25 09:53:26,684] {dagbag.py:487} INFO - Filling up the DagBag from /home/airflow/sandbox/lib/python3.8/site-packages/airflow/example_dags/tutorial_taskflow_api_etl.py
[2021-06-25 09:53:26,714] {scheduler_job.py:643} INFO - DAG(s) dict_keys(['tutorial_taskflow_api_etl']) retrieved from /home/airflow/sandbox/lib/python3.8/site-packages/airflow/example_dags/tutorial_taskflow_api_etl.py
[2021-06-25 09:53:27,325] {logging_mixin.py:104} INFO - [2021-06-25 09:53:27,325] {dag.py:1832} INFO - Sync 1 DAGs
[2021-06-25 09:53:27,354] {logging_mixin.py:104} INFO - [2021-06-25 09:53:27,354] {dag.py:2305} INFO - Setting next_dagrun for tutorial_taskflow_api_etl to None
[2021-06-25 09:53:27,383] {scheduler_job.py:190} INFO - Processing /home/airflow/sandbox/lib/python3.8/site-packages/airflow/example_dags/tutorial_taskflow_api_etl.py took 0.715 seconds
[2021-06-25 09:53:57,895] {scheduler_job.py:182} INFO - Started process (PID=22826) to work on /home/airflow/sandbox/lib/python3.8/site-packages/airflow/example_dags/tutorial_taskflow_api_etl.py
[2021-06-25 09:53:57,899] {scheduler_job.py:633} INFO - Processing file /home/airflow/sandbox/lib/python3.8/site-packages/airflow/example_dags/tutorial_taskflow_api_etl.py for tasks to queue
[2021-06-25 09:53:57,902] {logging_mixin.py:104} INFO - [2021-06-25 09:53:57,902] {dagbag.py:487} INFO - Filling up the DagBag from /home/airflow/sandbox/lib/python3.8/site-packages/airflow/example_dags/tutorial_taskflow_api_etl.py
[2021-06-25 09:53:57,934] {scheduler_job.py:643} INFO - DAG(s) dict_keys(['tutorial_taskflow_api_etl']) retrieved from /home/airflow/sandbox/lib/python3.8/site-packages/airflow/example_dags/tutorial_taskflow_api_etl.py
[2021-06-25 09:53:58,585] {logging_mixin.py:104} INFO - [2021-06-25 09:53:58,585] {dag.py:1832} INFO - Sync 1 DAGs
[2021-06-25 09:53:58,603] {logging_mixin.py:104} INFO - [2021-06-25 09:53:58,603] {dag.py:2305} INFO - Setting next_dagrun for tutorial_taskflow_api_etl to None
[2021-06-25 09:53:58,630] {scheduler_job.py:190} INFO - Processing /home/airflow/sandbox/lib/python3.8/site-packages/airflow/example_dags/tutorial_taskflow_api_etl.py took 0.744 seconds
[2021-06-25 09:54:29,446] {scheduler_job.py:182} INFO - Started process (PID=23026) to work on /home/airflow/sandbox/lib/python3.8/site-packages/airflow/example_dags/tutorial_taskflow_api_etl.py
[2021-06-25 09:54:29,453] {scheduler_job.py:633} INFO - Processing file /home/airflow/sandbox/lib/python3.8/site-packages/airflow/example_dags/tutorial_taskflow_api_etl.py for tasks to queue
[2021-06-25 09:54:29,458] {logging_mixin.py:104} INFO - [2021-06-25 09:54:29,457] {dagbag.py:487} INFO - Filling up the DagBag from /home/airflow/sandbox/lib/python3.8/site-packages/airflow/example_dags/tutorial_taskflow_api_etl.py
[2021-06-25 09:54:29,490] {scheduler_job.py:643} INFO - DAG(s) dict_keys(['tutorial_taskflow_api_etl']) retrieved from /home/airflow/sandbox/lib/python3.8/site-packages/airflow/example_dags/tutorial_taskflow_api_etl.py
[2021-06-25 09:54:30,046] {logging_mixin.py:104} INFO - [2021-06-25 09:54:30,046] {dag.py:1832} INFO - Sync 1 DAGs
[2021-06-25 09:54:30,062] {logging_mixin.py:104} INFO - [2021-06-25 09:54:30,062] {dag.py:2305} INFO - Setting next_dagrun for tutorial_taskflow_api_etl to None
[2021-06-25 09:54:30,080] {scheduler_job.py:190} INFO - Processing /home/airflow/sandbox/lib/python3.8/site-packages/airflow/example_dags/tutorial_taskflow_api_etl.py took 0.638 seconds
