[2021-06-25 08:55:09,934] {scheduler_job.py:182} INFO - Started process (PID=2107) to work on /home/airflow/sandbox/lib/python3.8/site-packages/airflow/example_dags/tutorial_etl_dag.py
[2021-06-25 08:55:09,944] {scheduler_job.py:633} INFO - Processing file /home/airflow/sandbox/lib/python3.8/site-packages/airflow/example_dags/tutorial_etl_dag.py for tasks to queue
[2021-06-25 08:55:09,945] {logging_mixin.py:104} INFO - [2021-06-25 08:55:09,945] {dagbag.py:487} INFO - Filling up the DagBag from /home/airflow/sandbox/lib/python3.8/site-packages/airflow/example_dags/tutorial_etl_dag.py
[2021-06-25 08:55:09,984] {scheduler_job.py:643} INFO - DAG(s) dict_keys(['tutorial_etl_dag']) retrieved from /home/airflow/sandbox/lib/python3.8/site-packages/airflow/example_dags/tutorial_etl_dag.py
[2021-06-25 08:55:11,260] {logging_mixin.py:104} INFO - [2021-06-25 08:55:11,260] {dag.py:1832} INFO - Sync 1 DAGs
[2021-06-25 08:55:11,296] {logging_mixin.py:104} INFO - [2021-06-25 08:55:11,296] {dag.py:2305} INFO - Setting next_dagrun for tutorial_etl_dag to None
[2021-06-25 08:55:11,337] {scheduler_job.py:190} INFO - Processing /home/airflow/sandbox/lib/python3.8/site-packages/airflow/example_dags/tutorial_etl_dag.py took 1.407 seconds
[2021-06-25 09:15:18,255] {scheduler_job.py:182} INFO - Started process (PID=3636) to work on /home/airflow/sandbox/lib/python3.8/site-packages/airflow/example_dags/tutorial_etl_dag.py
[2021-06-25 09:15:18,259] {scheduler_job.py:633} INFO - Processing file /home/airflow/sandbox/lib/python3.8/site-packages/airflow/example_dags/tutorial_etl_dag.py for tasks to queue
[2021-06-25 09:15:18,268] {logging_mixin.py:104} INFO - [2021-06-25 09:15:18,267] {dagbag.py:487} INFO - Filling up the DagBag from /home/airflow/sandbox/lib/python3.8/site-packages/airflow/example_dags/tutorial_etl_dag.py
[2021-06-25 09:15:18,325] {scheduler_job.py:643} INFO - DAG(s) dict_keys(['tutorial_etl_dag']) retrieved from /home/airflow/sandbox/lib/python3.8/site-packages/airflow/example_dags/tutorial_etl_dag.py
[2021-06-25 09:15:18,480] {logging_mixin.py:104} INFO - [2021-06-25 09:15:18,480] {dag.py:1832} INFO - Sync 1 DAGs
[2021-06-25 09:15:18,554] {logging_mixin.py:104} INFO - [2021-06-25 09:15:18,554] {dag.py:2305} INFO - Setting next_dagrun for tutorial_etl_dag to None
[2021-06-25 09:15:18,589] {scheduler_job.py:190} INFO - Processing /home/airflow/sandbox/lib/python3.8/site-packages/airflow/example_dags/tutorial_etl_dag.py took 0.376 seconds
[2021-06-25 09:15:53,003] {scheduler_job.py:182} INFO - Started process (PID=3719) to work on /home/airflow/sandbox/lib/python3.8/site-packages/airflow/example_dags/tutorial_etl_dag.py
[2021-06-25 09:15:53,006] {scheduler_job.py:633} INFO - Processing file /home/airflow/sandbox/lib/python3.8/site-packages/airflow/example_dags/tutorial_etl_dag.py for tasks to queue
[2021-06-25 09:15:53,011] {logging_mixin.py:104} INFO - [2021-06-25 09:15:53,011] {dagbag.py:487} INFO - Filling up the DagBag from /home/airflow/sandbox/lib/python3.8/site-packages/airflow/example_dags/tutorial_etl_dag.py
[2021-06-25 09:15:53,097] {scheduler_job.py:643} INFO - DAG(s) dict_keys(['tutorial_etl_dag']) retrieved from /home/airflow/sandbox/lib/python3.8/site-packages/airflow/example_dags/tutorial_etl_dag.py
[2021-06-25 09:15:53,270] {logging_mixin.py:104} INFO - [2021-06-25 09:15:53,270] {dag.py:1832} INFO - Sync 1 DAGs
[2021-06-25 09:15:53,404] {logging_mixin.py:104} INFO - [2021-06-25 09:15:53,404] {dag.py:2305} INFO - Setting next_dagrun for tutorial_etl_dag to None
[2021-06-25 09:15:53,534] {scheduler_job.py:190} INFO - Processing /home/airflow/sandbox/lib/python3.8/site-packages/airflow/example_dags/tutorial_etl_dag.py took 0.555 seconds
[2021-06-25 09:17:00,952] {scheduler_job.py:182} INFO - Started process (PID=4504) to work on /home/airflow/sandbox/lib/python3.8/site-packages/airflow/example_dags/tutorial_etl_dag.py
[2021-06-25 09:17:01,227] {scheduler_job.py:633} INFO - Processing file /home/airflow/sandbox/lib/python3.8/site-packages/airflow/example_dags/tutorial_etl_dag.py for tasks to queue
[2021-06-25 09:17:01,414] {logging_mixin.py:104} INFO - [2021-06-25 09:17:01,413] {dagbag.py:487} INFO - Filling up the DagBag from /home/airflow/sandbox/lib/python3.8/site-packages/airflow/example_dags/tutorial_etl_dag.py
[2021-06-25 09:17:02,226] {scheduler_job.py:643} INFO - DAG(s) dict_keys(['tutorial_etl_dag']) retrieved from /home/airflow/sandbox/lib/python3.8/site-packages/airflow/example_dags/tutorial_etl_dag.py
[2021-06-25 09:17:03,017] {logging_mixin.py:104} INFO - [2021-06-25 09:17:03,016] {dag.py:1832} INFO - Sync 1 DAGs
[2021-06-25 09:17:03,526] {logging_mixin.py:104} INFO - [2021-06-25 09:17:03,526] {dag.py:2305} INFO - Setting next_dagrun for tutorial_etl_dag to None
[2021-06-25 09:17:03,787] {scheduler_job.py:190} INFO - Processing /home/airflow/sandbox/lib/python3.8/site-packages/airflow/example_dags/tutorial_etl_dag.py took 3.152 seconds
[2021-06-25 09:17:33,962] {scheduler_job.py:182} INFO - Started process (PID=5092) to work on /home/airflow/sandbox/lib/python3.8/site-packages/airflow/example_dags/tutorial_etl_dag.py
[2021-06-25 09:17:33,981] {scheduler_job.py:633} INFO - Processing file /home/airflow/sandbox/lib/python3.8/site-packages/airflow/example_dags/tutorial_etl_dag.py for tasks to queue
[2021-06-25 09:17:34,014] {logging_mixin.py:104} INFO - [2021-06-25 09:17:34,010] {dagbag.py:487} INFO - Filling up the DagBag from /home/airflow/sandbox/lib/python3.8/site-packages/airflow/example_dags/tutorial_etl_dag.py
[2021-06-25 09:17:34,218] {scheduler_job.py:643} INFO - DAG(s) dict_keys(['tutorial_etl_dag']) retrieved from /home/airflow/sandbox/lib/python3.8/site-packages/airflow/example_dags/tutorial_etl_dag.py
[2021-06-25 09:17:34,425] {logging_mixin.py:104} INFO - [2021-06-25 09:17:34,425] {dag.py:1832} INFO - Sync 1 DAGs
[2021-06-25 09:17:34,605] {logging_mixin.py:104} INFO - [2021-06-25 09:17:34,605] {dag.py:2305} INFO - Setting next_dagrun for tutorial_etl_dag to None
[2021-06-25 09:17:34,743] {scheduler_job.py:190} INFO - Processing /home/airflow/sandbox/lib/python3.8/site-packages/airflow/example_dags/tutorial_etl_dag.py took 0.810 seconds
[2021-06-25 09:18:29,752] {scheduler_job.py:182} INFO - Started process (PID=6714) to work on /home/airflow/sandbox/lib/python3.8/site-packages/airflow/example_dags/tutorial_etl_dag.py
[2021-06-25 09:18:29,756] {scheduler_job.py:633} INFO - Processing file /home/airflow/sandbox/lib/python3.8/site-packages/airflow/example_dags/tutorial_etl_dag.py for tasks to queue
[2021-06-25 09:18:29,758] {logging_mixin.py:104} INFO - [2021-06-25 09:18:29,758] {dagbag.py:487} INFO - Filling up the DagBag from /home/airflow/sandbox/lib/python3.8/site-packages/airflow/example_dags/tutorial_etl_dag.py
[2021-06-25 09:18:29,949] {scheduler_job.py:643} INFO - DAG(s) dict_keys(['tutorial_etl_dag']) retrieved from /home/airflow/sandbox/lib/python3.8/site-packages/airflow/example_dags/tutorial_etl_dag.py
[2021-06-25 09:18:30,156] {logging_mixin.py:104} INFO - [2021-06-25 09:18:30,156] {dag.py:1832} INFO - Sync 1 DAGs
[2021-06-25 09:18:30,352] {logging_mixin.py:104} INFO - [2021-06-25 09:18:30,352] {dag.py:2305} INFO - Setting next_dagrun for tutorial_etl_dag to None
[2021-06-25 09:18:30,482] {scheduler_job.py:190} INFO - Processing /home/airflow/sandbox/lib/python3.8/site-packages/airflow/example_dags/tutorial_etl_dag.py took 0.824 seconds
[2021-06-25 09:19:13,052] {scheduler_job.py:182} INFO - Started process (PID=7963) to work on /home/airflow/sandbox/lib/python3.8/site-packages/airflow/example_dags/tutorial_etl_dag.py
[2021-06-25 09:19:13,089] {scheduler_job.py:633} INFO - Processing file /home/airflow/sandbox/lib/python3.8/site-packages/airflow/example_dags/tutorial_etl_dag.py for tasks to queue
[2021-06-25 09:19:13,104] {logging_mixin.py:104} INFO - [2021-06-25 09:19:13,103] {dagbag.py:487} INFO - Filling up the DagBag from /home/airflow/sandbox/lib/python3.8/site-packages/airflow/example_dags/tutorial_etl_dag.py
[2021-06-25 09:19:13,356] {scheduler_job.py:643} INFO - DAG(s) dict_keys(['tutorial_etl_dag']) retrieved from /home/airflow/sandbox/lib/python3.8/site-packages/airflow/example_dags/tutorial_etl_dag.py
[2021-06-25 09:19:13,677] {logging_mixin.py:104} INFO - [2021-06-25 09:19:13,677] {dag.py:1832} INFO - Sync 1 DAGs
[2021-06-25 09:19:13,914] {logging_mixin.py:104} INFO - [2021-06-25 09:19:13,914] {dag.py:2305} INFO - Setting next_dagrun for tutorial_etl_dag to None
[2021-06-25 09:19:14,065] {scheduler_job.py:190} INFO - Processing /home/airflow/sandbox/lib/python3.8/site-packages/airflow/example_dags/tutorial_etl_dag.py took 1.148 seconds
[2021-06-25 09:19:59,786] {scheduler_job.py:182} INFO - Started process (PID=9236) to work on /home/airflow/sandbox/lib/python3.8/site-packages/airflow/example_dags/tutorial_etl_dag.py
[2021-06-25 09:19:59,822] {scheduler_job.py:633} INFO - Processing file /home/airflow/sandbox/lib/python3.8/site-packages/airflow/example_dags/tutorial_etl_dag.py for tasks to queue
[2021-06-25 09:19:59,835] {logging_mixin.py:104} INFO - [2021-06-25 09:19:59,835] {dagbag.py:487} INFO - Filling up the DagBag from /home/airflow/sandbox/lib/python3.8/site-packages/airflow/example_dags/tutorial_etl_dag.py
[2021-06-25 09:19:59,906] {scheduler_job.py:643} INFO - DAG(s) dict_keys(['tutorial_etl_dag']) retrieved from /home/airflow/sandbox/lib/python3.8/site-packages/airflow/example_dags/tutorial_etl_dag.py
[2021-06-25 09:20:00,100] {logging_mixin.py:104} INFO - [2021-06-25 09:20:00,100] {dag.py:1832} INFO - Sync 1 DAGs
[2021-06-25 09:20:00,299] {logging_mixin.py:104} INFO - [2021-06-25 09:20:00,299] {dag.py:2305} INFO - Setting next_dagrun for tutorial_etl_dag to None
[2021-06-25 09:20:00,441] {scheduler_job.py:190} INFO - Processing /home/airflow/sandbox/lib/python3.8/site-packages/airflow/example_dags/tutorial_etl_dag.py took 0.690 seconds
[2021-06-25 09:20:30,807] {scheduler_job.py:182} INFO - Started process (PID=9899) to work on /home/airflow/sandbox/lib/python3.8/site-packages/airflow/example_dags/tutorial_etl_dag.py
[2021-06-25 09:20:30,808] {scheduler_job.py:633} INFO - Processing file /home/airflow/sandbox/lib/python3.8/site-packages/airflow/example_dags/tutorial_etl_dag.py for tasks to queue
[2021-06-25 09:20:30,809] {logging_mixin.py:104} INFO - [2021-06-25 09:20:30,809] {dagbag.py:487} INFO - Filling up the DagBag from /home/airflow/sandbox/lib/python3.8/site-packages/airflow/example_dags/tutorial_etl_dag.py
[2021-06-25 09:20:30,824] {scheduler_job.py:643} INFO - DAG(s) dict_keys(['tutorial_etl_dag']) retrieved from /home/airflow/sandbox/lib/python3.8/site-packages/airflow/example_dags/tutorial_etl_dag.py
[2021-06-25 09:20:30,854] {logging_mixin.py:104} INFO - [2021-06-25 09:20:30,853] {dag.py:1832} INFO - Sync 1 DAGs
[2021-06-25 09:20:30,876] {logging_mixin.py:104} INFO - [2021-06-25 09:20:30,876] {dag.py:2305} INFO - Setting next_dagrun for tutorial_etl_dag to None
[2021-06-25 09:20:30,895] {scheduler_job.py:190} INFO - Processing /home/airflow/sandbox/lib/python3.8/site-packages/airflow/example_dags/tutorial_etl_dag.py took 0.092 seconds
[2021-06-25 09:21:01,278] {scheduler_job.py:182} INFO - Started process (PID=9969) to work on /home/airflow/sandbox/lib/python3.8/site-packages/airflow/example_dags/tutorial_etl_dag.py
[2021-06-25 09:21:01,282] {scheduler_job.py:633} INFO - Processing file /home/airflow/sandbox/lib/python3.8/site-packages/airflow/example_dags/tutorial_etl_dag.py for tasks to queue
[2021-06-25 09:21:01,283] {logging_mixin.py:104} INFO - [2021-06-25 09:21:01,283] {dagbag.py:487} INFO - Filling up the DagBag from /home/airflow/sandbox/lib/python3.8/site-packages/airflow/example_dags/tutorial_etl_dag.py
[2021-06-25 09:21:01,300] {scheduler_job.py:643} INFO - DAG(s) dict_keys(['tutorial_etl_dag']) retrieved from /home/airflow/sandbox/lib/python3.8/site-packages/airflow/example_dags/tutorial_etl_dag.py
[2021-06-25 09:21:01,340] {logging_mixin.py:104} INFO - [2021-06-25 09:21:01,339] {dag.py:1832} INFO - Sync 1 DAGs
[2021-06-25 09:21:01,366] {logging_mixin.py:104} INFO - [2021-06-25 09:21:01,366] {dag.py:2305} INFO - Setting next_dagrun for tutorial_etl_dag to None
[2021-06-25 09:21:01,385] {scheduler_job.py:190} INFO - Processing /home/airflow/sandbox/lib/python3.8/site-packages/airflow/example_dags/tutorial_etl_dag.py took 0.116 seconds
[2021-06-25 09:21:31,482] {scheduler_job.py:182} INFO - Started process (PID=10037) to work on /home/airflow/sandbox/lib/python3.8/site-packages/airflow/example_dags/tutorial_etl_dag.py
[2021-06-25 09:21:31,485] {scheduler_job.py:633} INFO - Processing file /home/airflow/sandbox/lib/python3.8/site-packages/airflow/example_dags/tutorial_etl_dag.py for tasks to queue
[2021-06-25 09:21:31,486] {logging_mixin.py:104} INFO - [2021-06-25 09:21:31,485] {dagbag.py:487} INFO - Filling up the DagBag from /home/airflow/sandbox/lib/python3.8/site-packages/airflow/example_dags/tutorial_etl_dag.py
[2021-06-25 09:21:31,499] {scheduler_job.py:643} INFO - DAG(s) dict_keys(['tutorial_etl_dag']) retrieved from /home/airflow/sandbox/lib/python3.8/site-packages/airflow/example_dags/tutorial_etl_dag.py
[2021-06-25 09:21:31,529] {logging_mixin.py:104} INFO - [2021-06-25 09:21:31,528] {dag.py:1832} INFO - Sync 1 DAGs
[2021-06-25 09:21:31,549] {logging_mixin.py:104} INFO - [2021-06-25 09:21:31,549] {dag.py:2305} INFO - Setting next_dagrun for tutorial_etl_dag to None
[2021-06-25 09:21:31,565] {scheduler_job.py:190} INFO - Processing /home/airflow/sandbox/lib/python3.8/site-packages/airflow/example_dags/tutorial_etl_dag.py took 0.087 seconds
[2021-06-25 09:22:02,731] {scheduler_job.py:182} INFO - Started process (PID=10108) to work on /home/airflow/sandbox/lib/python3.8/site-packages/airflow/example_dags/tutorial_etl_dag.py
[2021-06-25 09:22:02,735] {scheduler_job.py:633} INFO - Processing file /home/airflow/sandbox/lib/python3.8/site-packages/airflow/example_dags/tutorial_etl_dag.py for tasks to queue
[2021-06-25 09:22:02,739] {logging_mixin.py:104} INFO - [2021-06-25 09:22:02,739] {dagbag.py:487} INFO - Filling up the DagBag from /home/airflow/sandbox/lib/python3.8/site-packages/airflow/example_dags/tutorial_etl_dag.py
[2021-06-25 09:22:02,764] {scheduler_job.py:643} INFO - DAG(s) dict_keys(['tutorial_etl_dag']) retrieved from /home/airflow/sandbox/lib/python3.8/site-packages/airflow/example_dags/tutorial_etl_dag.py
[2021-06-25 09:22:02,812] {logging_mixin.py:104} INFO - [2021-06-25 09:22:02,812] {dag.py:1832} INFO - Sync 1 DAGs
[2021-06-25 09:22:02,845] {logging_mixin.py:104} INFO - [2021-06-25 09:22:02,845] {dag.py:2305} INFO - Setting next_dagrun for tutorial_etl_dag to None
[2021-06-25 09:22:02,864] {scheduler_job.py:190} INFO - Processing /home/airflow/sandbox/lib/python3.8/site-packages/airflow/example_dags/tutorial_etl_dag.py took 0.137 seconds
[2021-06-25 09:22:33,012] {scheduler_job.py:182} INFO - Started process (PID=10175) to work on /home/airflow/sandbox/lib/python3.8/site-packages/airflow/example_dags/tutorial_etl_dag.py
[2021-06-25 09:22:33,013] {scheduler_job.py:633} INFO - Processing file /home/airflow/sandbox/lib/python3.8/site-packages/airflow/example_dags/tutorial_etl_dag.py for tasks to queue
[2021-06-25 09:22:33,013] {logging_mixin.py:104} INFO - [2021-06-25 09:22:33,013] {dagbag.py:487} INFO - Filling up the DagBag from /home/airflow/sandbox/lib/python3.8/site-packages/airflow/example_dags/tutorial_etl_dag.py
[2021-06-25 09:22:33,028] {scheduler_job.py:643} INFO - DAG(s) dict_keys(['tutorial_etl_dag']) retrieved from /home/airflow/sandbox/lib/python3.8/site-packages/airflow/example_dags/tutorial_etl_dag.py
[2021-06-25 09:22:33,057] {logging_mixin.py:104} INFO - [2021-06-25 09:22:33,057] {dag.py:1832} INFO - Sync 1 DAGs
[2021-06-25 09:22:33,086] {logging_mixin.py:104} INFO - [2021-06-25 09:22:33,086] {dag.py:2305} INFO - Setting next_dagrun for tutorial_etl_dag to None
[2021-06-25 09:22:33,100] {scheduler_job.py:190} INFO - Processing /home/airflow/sandbox/lib/python3.8/site-packages/airflow/example_dags/tutorial_etl_dag.py took 0.094 seconds
[2021-06-25 09:24:04,968] {scheduler_job.py:182} INFO - Started process (PID=10414) to work on /home/airflow/sandbox/lib/python3.8/site-packages/airflow/example_dags/tutorial_etl_dag.py
[2021-06-25 09:24:04,972] {scheduler_job.py:633} INFO - Processing file /home/airflow/sandbox/lib/python3.8/site-packages/airflow/example_dags/tutorial_etl_dag.py for tasks to queue
[2021-06-25 09:24:04,974] {logging_mixin.py:104} INFO - [2021-06-25 09:24:04,974] {dagbag.py:487} INFO - Filling up the DagBag from /home/airflow/sandbox/lib/python3.8/site-packages/airflow/example_dags/tutorial_etl_dag.py
[2021-06-25 09:24:05,022] {scheduler_job.py:643} INFO - DAG(s) dict_keys(['tutorial_etl_dag']) retrieved from /home/airflow/sandbox/lib/python3.8/site-packages/airflow/example_dags/tutorial_etl_dag.py
[2021-06-25 09:24:05,069] {logging_mixin.py:104} INFO - [2021-06-25 09:24:05,069] {dag.py:1832} INFO - Sync 1 DAGs
[2021-06-25 09:24:05,099] {logging_mixin.py:104} INFO - [2021-06-25 09:24:05,099] {dag.py:2305} INFO - Setting next_dagrun for tutorial_etl_dag to None
[2021-06-25 09:24:05,116] {scheduler_job.py:190} INFO - Processing /home/airflow/sandbox/lib/python3.8/site-packages/airflow/example_dags/tutorial_etl_dag.py took 0.153 seconds
[2021-06-25 09:24:36,046] {scheduler_job.py:182} INFO - Started process (PID=10629) to work on /home/airflow/sandbox/lib/python3.8/site-packages/airflow/example_dags/tutorial_etl_dag.py
[2021-06-25 09:24:36,049] {scheduler_job.py:633} INFO - Processing file /home/airflow/sandbox/lib/python3.8/site-packages/airflow/example_dags/tutorial_etl_dag.py for tasks to queue
[2021-06-25 09:24:36,053] {logging_mixin.py:104} INFO - [2021-06-25 09:24:36,053] {dagbag.py:487} INFO - Filling up the DagBag from /home/airflow/sandbox/lib/python3.8/site-packages/airflow/example_dags/tutorial_etl_dag.py
[2021-06-25 09:24:36,076] {scheduler_job.py:643} INFO - DAG(s) dict_keys(['tutorial_etl_dag']) retrieved from /home/airflow/sandbox/lib/python3.8/site-packages/airflow/example_dags/tutorial_etl_dag.py
[2021-06-25 09:24:36,137] {logging_mixin.py:104} INFO - [2021-06-25 09:24:36,136] {dag.py:1832} INFO - Sync 1 DAGs
[2021-06-25 09:24:36,182] {logging_mixin.py:104} INFO - [2021-06-25 09:24:36,182] {dag.py:2305} INFO - Setting next_dagrun for tutorial_etl_dag to None
[2021-06-25 09:24:36,209] {scheduler_job.py:190} INFO - Processing /home/airflow/sandbox/lib/python3.8/site-packages/airflow/example_dags/tutorial_etl_dag.py took 0.166 seconds
[2021-06-25 09:25:07,220] {scheduler_job.py:182} INFO - Started process (PID=10832) to work on /home/airflow/sandbox/lib/python3.8/site-packages/airflow/example_dags/tutorial_etl_dag.py
[2021-06-25 09:25:07,222] {scheduler_job.py:633} INFO - Processing file /home/airflow/sandbox/lib/python3.8/site-packages/airflow/example_dags/tutorial_etl_dag.py for tasks to queue
[2021-06-25 09:25:07,223] {logging_mixin.py:104} INFO - [2021-06-25 09:25:07,223] {dagbag.py:487} INFO - Filling up the DagBag from /home/airflow/sandbox/lib/python3.8/site-packages/airflow/example_dags/tutorial_etl_dag.py
[2021-06-25 09:25:07,245] {scheduler_job.py:643} INFO - DAG(s) dict_keys(['tutorial_etl_dag']) retrieved from /home/airflow/sandbox/lib/python3.8/site-packages/airflow/example_dags/tutorial_etl_dag.py
[2021-06-25 09:25:07,283] {logging_mixin.py:104} INFO - [2021-06-25 09:25:07,283] {dag.py:1832} INFO - Sync 1 DAGs
[2021-06-25 09:25:07,304] {logging_mixin.py:104} INFO - [2021-06-25 09:25:07,304] {dag.py:2305} INFO - Setting next_dagrun for tutorial_etl_dag to None
[2021-06-25 09:25:07,319] {scheduler_job.py:190} INFO - Processing /home/airflow/sandbox/lib/python3.8/site-packages/airflow/example_dags/tutorial_etl_dag.py took 0.102 seconds
[2021-06-25 09:25:38,189] {scheduler_job.py:182} INFO - Started process (PID=11032) to work on /home/airflow/sandbox/lib/python3.8/site-packages/airflow/example_dags/tutorial_etl_dag.py
[2021-06-25 09:25:38,192] {scheduler_job.py:633} INFO - Processing file /home/airflow/sandbox/lib/python3.8/site-packages/airflow/example_dags/tutorial_etl_dag.py for tasks to queue
[2021-06-25 09:25:38,195] {logging_mixin.py:104} INFO - [2021-06-25 09:25:38,195] {dagbag.py:487} INFO - Filling up the DagBag from /home/airflow/sandbox/lib/python3.8/site-packages/airflow/example_dags/tutorial_etl_dag.py
[2021-06-25 09:25:38,217] {scheduler_job.py:643} INFO - DAG(s) dict_keys(['tutorial_etl_dag']) retrieved from /home/airflow/sandbox/lib/python3.8/site-packages/airflow/example_dags/tutorial_etl_dag.py
[2021-06-25 09:25:38,261] {logging_mixin.py:104} INFO - [2021-06-25 09:25:38,261] {dag.py:1832} INFO - Sync 1 DAGs
[2021-06-25 09:25:38,283] {logging_mixin.py:104} INFO - [2021-06-25 09:25:38,282] {dag.py:2305} INFO - Setting next_dagrun for tutorial_etl_dag to None
[2021-06-25 09:25:38,299] {scheduler_job.py:190} INFO - Processing /home/airflow/sandbox/lib/python3.8/site-packages/airflow/example_dags/tutorial_etl_dag.py took 0.115 seconds
[2021-06-25 09:26:08,772] {scheduler_job.py:182} INFO - Started process (PID=11225) to work on /home/airflow/sandbox/lib/python3.8/site-packages/airflow/example_dags/tutorial_etl_dag.py
[2021-06-25 09:26:08,775] {scheduler_job.py:633} INFO - Processing file /home/airflow/sandbox/lib/python3.8/site-packages/airflow/example_dags/tutorial_etl_dag.py for tasks to queue
[2021-06-25 09:26:08,776] {logging_mixin.py:104} INFO - [2021-06-25 09:26:08,776] {dagbag.py:487} INFO - Filling up the DagBag from /home/airflow/sandbox/lib/python3.8/site-packages/airflow/example_dags/tutorial_etl_dag.py
[2021-06-25 09:26:08,803] {scheduler_job.py:643} INFO - DAG(s) dict_keys(['tutorial_etl_dag']) retrieved from /home/airflow/sandbox/lib/python3.8/site-packages/airflow/example_dags/tutorial_etl_dag.py
[2021-06-25 09:26:08,864] {logging_mixin.py:104} INFO - [2021-06-25 09:26:08,864] {dag.py:1832} INFO - Sync 1 DAGs
[2021-06-25 09:26:08,886] {logging_mixin.py:104} INFO - [2021-06-25 09:26:08,886] {dag.py:2305} INFO - Setting next_dagrun for tutorial_etl_dag to None
[2021-06-25 09:26:08,911] {scheduler_job.py:190} INFO - Processing /home/airflow/sandbox/lib/python3.8/site-packages/airflow/example_dags/tutorial_etl_dag.py took 0.145 seconds
[2021-06-25 09:27:01,834] {scheduler_job.py:182} INFO - Started process (PID=11582) to work on /home/airflow/sandbox/lib/python3.8/site-packages/airflow/example_dags/tutorial_etl_dag.py
[2021-06-25 09:27:01,852] {scheduler_job.py:633} INFO - Processing file /home/airflow/sandbox/lib/python3.8/site-packages/airflow/example_dags/tutorial_etl_dag.py for tasks to queue
[2021-06-25 09:27:01,853] {logging_mixin.py:104} INFO - [2021-06-25 09:27:01,853] {dagbag.py:487} INFO - Filling up the DagBag from /home/airflow/sandbox/lib/python3.8/site-packages/airflow/example_dags/tutorial_etl_dag.py
[2021-06-25 09:27:01,952] {scheduler_job.py:643} INFO - DAG(s) dict_keys(['tutorial_etl_dag']) retrieved from /home/airflow/sandbox/lib/python3.8/site-packages/airflow/example_dags/tutorial_etl_dag.py
[2021-06-25 09:27:02,018] {logging_mixin.py:104} INFO - [2021-06-25 09:27:02,018] {dag.py:1832} INFO - Sync 1 DAGs
[2021-06-25 09:27:02,054] {logging_mixin.py:104} INFO - [2021-06-25 09:27:02,054] {dag.py:2305} INFO - Setting next_dagrun for tutorial_etl_dag to None
[2021-06-25 09:27:02,122] {scheduler_job.py:190} INFO - Processing /home/airflow/sandbox/lib/python3.8/site-packages/airflow/example_dags/tutorial_etl_dag.py took 0.305 seconds
[2021-06-25 09:27:32,760] {scheduler_job.py:182} INFO - Started process (PID=11797) to work on /home/airflow/sandbox/lib/python3.8/site-packages/airflow/example_dags/tutorial_etl_dag.py
[2021-06-25 09:27:32,762] {scheduler_job.py:633} INFO - Processing file /home/airflow/sandbox/lib/python3.8/site-packages/airflow/example_dags/tutorial_etl_dag.py for tasks to queue
[2021-06-25 09:27:32,765] {logging_mixin.py:104} INFO - [2021-06-25 09:27:32,764] {dagbag.py:487} INFO - Filling up the DagBag from /home/airflow/sandbox/lib/python3.8/site-packages/airflow/example_dags/tutorial_etl_dag.py
[2021-06-25 09:27:32,779] {scheduler_job.py:643} INFO - DAG(s) dict_keys(['tutorial_etl_dag']) retrieved from /home/airflow/sandbox/lib/python3.8/site-packages/airflow/example_dags/tutorial_etl_dag.py
[2021-06-25 09:27:32,828] {logging_mixin.py:104} INFO - [2021-06-25 09:27:32,828] {dag.py:1832} INFO - Sync 1 DAGs
[2021-06-25 09:27:32,862] {logging_mixin.py:104} INFO - [2021-06-25 09:27:32,862] {dag.py:2305} INFO - Setting next_dagrun for tutorial_etl_dag to None
[2021-06-25 09:27:32,887] {scheduler_job.py:190} INFO - Processing /home/airflow/sandbox/lib/python3.8/site-packages/airflow/example_dags/tutorial_etl_dag.py took 0.132 seconds
[2021-06-25 09:28:07,080] {scheduler_job.py:182} INFO - Started process (PID=11997) to work on /home/airflow/sandbox/lib/python3.8/site-packages/airflow/example_dags/tutorial_etl_dag.py
[2021-06-25 09:28:07,084] {scheduler_job.py:633} INFO - Processing file /home/airflow/sandbox/lib/python3.8/site-packages/airflow/example_dags/tutorial_etl_dag.py for tasks to queue
[2021-06-25 09:28:07,088] {logging_mixin.py:104} INFO - [2021-06-25 09:28:07,088] {dagbag.py:487} INFO - Filling up the DagBag from /home/airflow/sandbox/lib/python3.8/site-packages/airflow/example_dags/tutorial_etl_dag.py
[2021-06-25 09:28:07,109] {scheduler_job.py:643} INFO - DAG(s) dict_keys(['tutorial_etl_dag']) retrieved from /home/airflow/sandbox/lib/python3.8/site-packages/airflow/example_dags/tutorial_etl_dag.py
[2021-06-25 09:28:07,164] {logging_mixin.py:104} INFO - [2021-06-25 09:28:07,164] {dag.py:1832} INFO - Sync 1 DAGs
[2021-06-25 09:28:07,206] {logging_mixin.py:104} INFO - [2021-06-25 09:28:07,206] {dag.py:2305} INFO - Setting next_dagrun for tutorial_etl_dag to None
[2021-06-25 09:28:07,226] {scheduler_job.py:190} INFO - Processing /home/airflow/sandbox/lib/python3.8/site-packages/airflow/example_dags/tutorial_etl_dag.py took 0.152 seconds
[2021-06-25 09:28:37,301] {scheduler_job.py:182} INFO - Started process (PID=12191) to work on /home/airflow/sandbox/lib/python3.8/site-packages/airflow/example_dags/tutorial_etl_dag.py
[2021-06-25 09:28:37,304] {scheduler_job.py:633} INFO - Processing file /home/airflow/sandbox/lib/python3.8/site-packages/airflow/example_dags/tutorial_etl_dag.py for tasks to queue
[2021-06-25 09:28:37,307] {logging_mixin.py:104} INFO - [2021-06-25 09:28:37,305] {dagbag.py:487} INFO - Filling up the DagBag from /home/airflow/sandbox/lib/python3.8/site-packages/airflow/example_dags/tutorial_etl_dag.py
[2021-06-25 09:28:37,326] {scheduler_job.py:643} INFO - DAG(s) dict_keys(['tutorial_etl_dag']) retrieved from /home/airflow/sandbox/lib/python3.8/site-packages/airflow/example_dags/tutorial_etl_dag.py
[2021-06-25 09:28:37,365] {logging_mixin.py:104} INFO - [2021-06-25 09:28:37,365] {dag.py:1832} INFO - Sync 1 DAGs
[2021-06-25 09:28:37,387] {logging_mixin.py:104} INFO - [2021-06-25 09:28:37,387] {dag.py:2305} INFO - Setting next_dagrun for tutorial_etl_dag to None
[2021-06-25 09:28:37,401] {scheduler_job.py:190} INFO - Processing /home/airflow/sandbox/lib/python3.8/site-packages/airflow/example_dags/tutorial_etl_dag.py took 0.103 seconds
[2021-06-25 09:29:07,770] {scheduler_job.py:182} INFO - Started process (PID=12384) to work on /home/airflow/sandbox/lib/python3.8/site-packages/airflow/example_dags/tutorial_etl_dag.py
[2021-06-25 09:29:07,772] {scheduler_job.py:633} INFO - Processing file /home/airflow/sandbox/lib/python3.8/site-packages/airflow/example_dags/tutorial_etl_dag.py for tasks to queue
[2021-06-25 09:29:07,773] {logging_mixin.py:104} INFO - [2021-06-25 09:29:07,773] {dagbag.py:487} INFO - Filling up the DagBag from /home/airflow/sandbox/lib/python3.8/site-packages/airflow/example_dags/tutorial_etl_dag.py
[2021-06-25 09:29:07,789] {scheduler_job.py:643} INFO - DAG(s) dict_keys(['tutorial_etl_dag']) retrieved from /home/airflow/sandbox/lib/python3.8/site-packages/airflow/example_dags/tutorial_etl_dag.py
[2021-06-25 09:29:07,821] {logging_mixin.py:104} INFO - [2021-06-25 09:29:07,820] {dag.py:1832} INFO - Sync 1 DAGs
[2021-06-25 09:29:07,842] {logging_mixin.py:104} INFO - [2021-06-25 09:29:07,842] {dag.py:2305} INFO - Setting next_dagrun for tutorial_etl_dag to None
[2021-06-25 09:29:07,867] {scheduler_job.py:190} INFO - Processing /home/airflow/sandbox/lib/python3.8/site-packages/airflow/example_dags/tutorial_etl_dag.py took 0.101 seconds
[2021-06-25 09:30:30,150] {scheduler_job.py:182} INFO - Started process (PID=12683) to work on /home/airflow/sandbox/lib/python3.8/site-packages/airflow/example_dags/tutorial_etl_dag.py
[2021-06-25 09:30:30,151] {scheduler_job.py:633} INFO - Processing file /home/airflow/sandbox/lib/python3.8/site-packages/airflow/example_dags/tutorial_etl_dag.py for tasks to queue
[2021-06-25 09:30:30,152] {logging_mixin.py:104} INFO - [2021-06-25 09:30:30,152] {dagbag.py:487} INFO - Filling up the DagBag from /home/airflow/sandbox/lib/python3.8/site-packages/airflow/example_dags/tutorial_etl_dag.py
[2021-06-25 09:30:30,171] {scheduler_job.py:643} INFO - DAG(s) dict_keys(['tutorial_etl_dag']) retrieved from /home/airflow/sandbox/lib/python3.8/site-packages/airflow/example_dags/tutorial_etl_dag.py
[2021-06-25 09:30:30,204] {logging_mixin.py:104} INFO - [2021-06-25 09:30:30,204] {dag.py:1832} INFO - Sync 1 DAGs
[2021-06-25 09:30:30,227] {logging_mixin.py:104} INFO - [2021-06-25 09:30:30,227] {dag.py:2305} INFO - Setting next_dagrun for tutorial_etl_dag to None
[2021-06-25 09:30:30,249] {scheduler_job.py:190} INFO - Processing /home/airflow/sandbox/lib/python3.8/site-packages/airflow/example_dags/tutorial_etl_dag.py took 0.106 seconds
[2021-06-25 09:31:00,939] {scheduler_job.py:182} INFO - Started process (PID=12883) to work on /home/airflow/sandbox/lib/python3.8/site-packages/airflow/example_dags/tutorial_etl_dag.py
[2021-06-25 09:31:00,940] {scheduler_job.py:633} INFO - Processing file /home/airflow/sandbox/lib/python3.8/site-packages/airflow/example_dags/tutorial_etl_dag.py for tasks to queue
[2021-06-25 09:31:00,941] {logging_mixin.py:104} INFO - [2021-06-25 09:31:00,941] {dagbag.py:487} INFO - Filling up the DagBag from /home/airflow/sandbox/lib/python3.8/site-packages/airflow/example_dags/tutorial_etl_dag.py
[2021-06-25 09:31:00,976] {scheduler_job.py:643} INFO - DAG(s) dict_keys(['tutorial_etl_dag']) retrieved from /home/airflow/sandbox/lib/python3.8/site-packages/airflow/example_dags/tutorial_etl_dag.py
[2021-06-25 09:31:01,020] {logging_mixin.py:104} INFO - [2021-06-25 09:31:01,020] {dag.py:1832} INFO - Sync 1 DAGs
[2021-06-25 09:31:01,042] {logging_mixin.py:104} INFO - [2021-06-25 09:31:01,042] {dag.py:2305} INFO - Setting next_dagrun for tutorial_etl_dag to None
[2021-06-25 09:31:01,057] {scheduler_job.py:190} INFO - Processing /home/airflow/sandbox/lib/python3.8/site-packages/airflow/example_dags/tutorial_etl_dag.py took 0.121 seconds
[2021-06-25 09:31:32,171] {scheduler_job.py:182} INFO - Started process (PID=13083) to work on /home/airflow/sandbox/lib/python3.8/site-packages/airflow/example_dags/tutorial_etl_dag.py
[2021-06-25 09:31:32,174] {scheduler_job.py:633} INFO - Processing file /home/airflow/sandbox/lib/python3.8/site-packages/airflow/example_dags/tutorial_etl_dag.py for tasks to queue
[2021-06-25 09:31:32,176] {logging_mixin.py:104} INFO - [2021-06-25 09:31:32,176] {dagbag.py:487} INFO - Filling up the DagBag from /home/airflow/sandbox/lib/python3.8/site-packages/airflow/example_dags/tutorial_etl_dag.py
[2021-06-25 09:31:32,190] {scheduler_job.py:643} INFO - DAG(s) dict_keys(['tutorial_etl_dag']) retrieved from /home/airflow/sandbox/lib/python3.8/site-packages/airflow/example_dags/tutorial_etl_dag.py
[2021-06-25 09:31:32,229] {logging_mixin.py:104} INFO - [2021-06-25 09:31:32,229] {dag.py:1832} INFO - Sync 1 DAGs
[2021-06-25 09:31:32,252] {logging_mixin.py:104} INFO - [2021-06-25 09:31:32,252] {dag.py:2305} INFO - Setting next_dagrun for tutorial_etl_dag to None
[2021-06-25 09:31:32,271] {scheduler_job.py:190} INFO - Processing /home/airflow/sandbox/lib/python3.8/site-packages/airflow/example_dags/tutorial_etl_dag.py took 0.106 seconds
[2021-06-25 09:32:05,289] {scheduler_job.py:182} INFO - Started process (PID=13282) to work on /home/airflow/sandbox/lib/python3.8/site-packages/airflow/example_dags/tutorial_etl_dag.py
[2021-06-25 09:32:05,294] {scheduler_job.py:633} INFO - Processing file /home/airflow/sandbox/lib/python3.8/site-packages/airflow/example_dags/tutorial_etl_dag.py for tasks to queue
[2021-06-25 09:32:05,304] {logging_mixin.py:104} INFO - [2021-06-25 09:32:05,303] {dagbag.py:487} INFO - Filling up the DagBag from /home/airflow/sandbox/lib/python3.8/site-packages/airflow/example_dags/tutorial_etl_dag.py
[2021-06-25 09:32:05,337] {scheduler_job.py:643} INFO - DAG(s) dict_keys(['tutorial_etl_dag']) retrieved from /home/airflow/sandbox/lib/python3.8/site-packages/airflow/example_dags/tutorial_etl_dag.py
[2021-06-25 09:32:05,455] {logging_mixin.py:104} INFO - [2021-06-25 09:32:05,454] {dag.py:1832} INFO - Sync 1 DAGs
[2021-06-25 09:32:05,549] {logging_mixin.py:104} INFO - [2021-06-25 09:32:05,548] {dag.py:2305} INFO - Setting next_dagrun for tutorial_etl_dag to None
[2021-06-25 09:32:05,589] {scheduler_job.py:190} INFO - Processing /home/airflow/sandbox/lib/python3.8/site-packages/airflow/example_dags/tutorial_etl_dag.py took 0.316 seconds
[2021-06-25 09:32:36,034] {scheduler_job.py:182} INFO - Started process (PID=13482) to work on /home/airflow/sandbox/lib/python3.8/site-packages/airflow/example_dags/tutorial_etl_dag.py
[2021-06-25 09:32:36,040] {scheduler_job.py:633} INFO - Processing file /home/airflow/sandbox/lib/python3.8/site-packages/airflow/example_dags/tutorial_etl_dag.py for tasks to queue
[2021-06-25 09:32:36,045] {logging_mixin.py:104} INFO - [2021-06-25 09:32:36,045] {dagbag.py:487} INFO - Filling up the DagBag from /home/airflow/sandbox/lib/python3.8/site-packages/airflow/example_dags/tutorial_etl_dag.py
[2021-06-25 09:32:36,068] {scheduler_job.py:643} INFO - DAG(s) dict_keys(['tutorial_etl_dag']) retrieved from /home/airflow/sandbox/lib/python3.8/site-packages/airflow/example_dags/tutorial_etl_dag.py
[2021-06-25 09:32:36,111] {logging_mixin.py:104} INFO - [2021-06-25 09:32:36,111] {dag.py:1832} INFO - Sync 1 DAGs
[2021-06-25 09:32:36,134] {logging_mixin.py:104} INFO - [2021-06-25 09:32:36,134] {dag.py:2305} INFO - Setting next_dagrun for tutorial_etl_dag to None
[2021-06-25 09:32:36,147] {scheduler_job.py:190} INFO - Processing /home/airflow/sandbox/lib/python3.8/site-packages/airflow/example_dags/tutorial_etl_dag.py took 0.119 seconds
[2021-06-25 09:33:06,220] {scheduler_job.py:182} INFO - Started process (PID=13677) to work on /home/airflow/sandbox/lib/python3.8/site-packages/airflow/example_dags/tutorial_etl_dag.py
[2021-06-25 09:33:06,221] {scheduler_job.py:633} INFO - Processing file /home/airflow/sandbox/lib/python3.8/site-packages/airflow/example_dags/tutorial_etl_dag.py for tasks to queue
[2021-06-25 09:33:06,222] {logging_mixin.py:104} INFO - [2021-06-25 09:33:06,222] {dagbag.py:487} INFO - Filling up the DagBag from /home/airflow/sandbox/lib/python3.8/site-packages/airflow/example_dags/tutorial_etl_dag.py
[2021-06-25 09:33:06,254] {scheduler_job.py:643} INFO - DAG(s) dict_keys(['tutorial_etl_dag']) retrieved from /home/airflow/sandbox/lib/python3.8/site-packages/airflow/example_dags/tutorial_etl_dag.py
[2021-06-25 09:33:06,296] {logging_mixin.py:104} INFO - [2021-06-25 09:33:06,295] {dag.py:1832} INFO - Sync 1 DAGs
[2021-06-25 09:33:06,316] {logging_mixin.py:104} INFO - [2021-06-25 09:33:06,316] {dag.py:2305} INFO - Setting next_dagrun for tutorial_etl_dag to None
[2021-06-25 09:33:06,336] {scheduler_job.py:190} INFO - Processing /home/airflow/sandbox/lib/python3.8/site-packages/airflow/example_dags/tutorial_etl_dag.py took 0.131 seconds
[2021-06-25 09:33:36,922] {scheduler_job.py:182} INFO - Started process (PID=13879) to work on /home/airflow/sandbox/lib/python3.8/site-packages/airflow/example_dags/tutorial_etl_dag.py
[2021-06-25 09:33:36,924] {scheduler_job.py:633} INFO - Processing file /home/airflow/sandbox/lib/python3.8/site-packages/airflow/example_dags/tutorial_etl_dag.py for tasks to queue
[2021-06-25 09:33:36,926] {logging_mixin.py:104} INFO - [2021-06-25 09:33:36,926] {dagbag.py:487} INFO - Filling up the DagBag from /home/airflow/sandbox/lib/python3.8/site-packages/airflow/example_dags/tutorial_etl_dag.py
[2021-06-25 09:33:36,946] {scheduler_job.py:643} INFO - DAG(s) dict_keys(['tutorial_etl_dag']) retrieved from /home/airflow/sandbox/lib/python3.8/site-packages/airflow/example_dags/tutorial_etl_dag.py
[2021-06-25 09:33:36,983] {logging_mixin.py:104} INFO - [2021-06-25 09:33:36,983] {dag.py:1832} INFO - Sync 1 DAGs
[2021-06-25 09:33:37,005] {logging_mixin.py:104} INFO - [2021-06-25 09:33:37,005] {dag.py:2305} INFO - Setting next_dagrun for tutorial_etl_dag to None
[2021-06-25 09:33:37,019] {scheduler_job.py:190} INFO - Processing /home/airflow/sandbox/lib/python3.8/site-packages/airflow/example_dags/tutorial_etl_dag.py took 0.100 seconds
[2021-06-25 09:34:08,926] {scheduler_job.py:182} INFO - Started process (PID=14075) to work on /home/airflow/sandbox/lib/python3.8/site-packages/airflow/example_dags/tutorial_etl_dag.py
[2021-06-25 09:34:08,928] {scheduler_job.py:633} INFO - Processing file /home/airflow/sandbox/lib/python3.8/site-packages/airflow/example_dags/tutorial_etl_dag.py for tasks to queue
[2021-06-25 09:34:08,929] {logging_mixin.py:104} INFO - [2021-06-25 09:34:08,929] {dagbag.py:487} INFO - Filling up the DagBag from /home/airflow/sandbox/lib/python3.8/site-packages/airflow/example_dags/tutorial_etl_dag.py
[2021-06-25 09:34:08,964] {scheduler_job.py:643} INFO - DAG(s) dict_keys(['tutorial_etl_dag']) retrieved from /home/airflow/sandbox/lib/python3.8/site-packages/airflow/example_dags/tutorial_etl_dag.py
[2021-06-25 09:34:09,026] {logging_mixin.py:104} INFO - [2021-06-25 09:34:09,026] {dag.py:1832} INFO - Sync 1 DAGs
[2021-06-25 09:34:09,076] {logging_mixin.py:104} INFO - [2021-06-25 09:34:09,076] {dag.py:2305} INFO - Setting next_dagrun for tutorial_etl_dag to None
[2021-06-25 09:34:09,099] {scheduler_job.py:190} INFO - Processing /home/airflow/sandbox/lib/python3.8/site-packages/airflow/example_dags/tutorial_etl_dag.py took 0.187 seconds
[2021-06-25 09:34:39,771] {scheduler_job.py:182} INFO - Started process (PID=14273) to work on /home/airflow/sandbox/lib/python3.8/site-packages/airflow/example_dags/tutorial_etl_dag.py
[2021-06-25 09:34:39,775] {scheduler_job.py:633} INFO - Processing file /home/airflow/sandbox/lib/python3.8/site-packages/airflow/example_dags/tutorial_etl_dag.py for tasks to queue
[2021-06-25 09:34:39,781] {logging_mixin.py:104} INFO - [2021-06-25 09:34:39,780] {dagbag.py:487} INFO - Filling up the DagBag from /home/airflow/sandbox/lib/python3.8/site-packages/airflow/example_dags/tutorial_etl_dag.py
[2021-06-25 09:34:39,807] {scheduler_job.py:643} INFO - DAG(s) dict_keys(['tutorial_etl_dag']) retrieved from /home/airflow/sandbox/lib/python3.8/site-packages/airflow/example_dags/tutorial_etl_dag.py
[2021-06-25 09:34:39,861] {logging_mixin.py:104} INFO - [2021-06-25 09:34:39,861] {dag.py:1832} INFO - Sync 1 DAGs
[2021-06-25 09:34:39,877] {logging_mixin.py:104} INFO - [2021-06-25 09:34:39,877] {dag.py:2305} INFO - Setting next_dagrun for tutorial_etl_dag to None
[2021-06-25 09:34:39,888] {scheduler_job.py:190} INFO - Processing /home/airflow/sandbox/lib/python3.8/site-packages/airflow/example_dags/tutorial_etl_dag.py took 0.125 seconds
[2021-06-25 09:35:10,636] {scheduler_job.py:182} INFO - Started process (PID=14530) to work on /home/airflow/sandbox/lib/python3.8/site-packages/airflow/example_dags/tutorial_etl_dag.py
[2021-06-25 09:35:10,637] {scheduler_job.py:633} INFO - Processing file /home/airflow/sandbox/lib/python3.8/site-packages/airflow/example_dags/tutorial_etl_dag.py for tasks to queue
[2021-06-25 09:35:10,639] {logging_mixin.py:104} INFO - [2021-06-25 09:35:10,639] {dagbag.py:487} INFO - Filling up the DagBag from /home/airflow/sandbox/lib/python3.8/site-packages/airflow/example_dags/tutorial_etl_dag.py
[2021-06-25 09:35:10,655] {scheduler_job.py:643} INFO - DAG(s) dict_keys(['tutorial_etl_dag']) retrieved from /home/airflow/sandbox/lib/python3.8/site-packages/airflow/example_dags/tutorial_etl_dag.py
[2021-06-25 09:35:10,682] {logging_mixin.py:104} INFO - [2021-06-25 09:35:10,682] {dag.py:1832} INFO - Sync 1 DAGs
[2021-06-25 09:35:10,698] {logging_mixin.py:104} INFO - [2021-06-25 09:35:10,697] {dag.py:2305} INFO - Setting next_dagrun for tutorial_etl_dag to None
[2021-06-25 09:35:10,711] {scheduler_job.py:190} INFO - Processing /home/airflow/sandbox/lib/python3.8/site-packages/airflow/example_dags/tutorial_etl_dag.py took 0.079 seconds
[2021-06-25 09:35:41,834] {scheduler_job.py:182} INFO - Started process (PID=14812) to work on /home/airflow/sandbox/lib/python3.8/site-packages/airflow/example_dags/tutorial_etl_dag.py
[2021-06-25 09:35:41,835] {scheduler_job.py:633} INFO - Processing file /home/airflow/sandbox/lib/python3.8/site-packages/airflow/example_dags/tutorial_etl_dag.py for tasks to queue
[2021-06-25 09:35:41,836] {logging_mixin.py:104} INFO - [2021-06-25 09:35:41,836] {dagbag.py:487} INFO - Filling up the DagBag from /home/airflow/sandbox/lib/python3.8/site-packages/airflow/example_dags/tutorial_etl_dag.py
[2021-06-25 09:35:41,850] {scheduler_job.py:643} INFO - DAG(s) dict_keys(['tutorial_etl_dag']) retrieved from /home/airflow/sandbox/lib/python3.8/site-packages/airflow/example_dags/tutorial_etl_dag.py
[2021-06-25 09:35:41,887] {logging_mixin.py:104} INFO - [2021-06-25 09:35:41,887] {dag.py:1832} INFO - Sync 1 DAGs
[2021-06-25 09:35:41,923] {logging_mixin.py:104} INFO - [2021-06-25 09:35:41,923] {dag.py:2305} INFO - Setting next_dagrun for tutorial_etl_dag to None
[2021-06-25 09:35:41,939] {scheduler_job.py:190} INFO - Processing /home/airflow/sandbox/lib/python3.8/site-packages/airflow/example_dags/tutorial_etl_dag.py took 0.109 seconds
[2021-06-25 09:36:12,750] {scheduler_job.py:182} INFO - Started process (PID=15014) to work on /home/airflow/sandbox/lib/python3.8/site-packages/airflow/example_dags/tutorial_etl_dag.py
[2021-06-25 09:36:12,756] {scheduler_job.py:633} INFO - Processing file /home/airflow/sandbox/lib/python3.8/site-packages/airflow/example_dags/tutorial_etl_dag.py for tasks to queue
[2021-06-25 09:36:12,761] {logging_mixin.py:104} INFO - [2021-06-25 09:36:12,760] {dagbag.py:487} INFO - Filling up the DagBag from /home/airflow/sandbox/lib/python3.8/site-packages/airflow/example_dags/tutorial_etl_dag.py
[2021-06-25 09:36:12,774] {scheduler_job.py:643} INFO - DAG(s) dict_keys(['tutorial_etl_dag']) retrieved from /home/airflow/sandbox/lib/python3.8/site-packages/airflow/example_dags/tutorial_etl_dag.py
[2021-06-25 09:36:12,804] {logging_mixin.py:104} INFO - [2021-06-25 09:36:12,804] {dag.py:1832} INFO - Sync 1 DAGs
[2021-06-25 09:36:12,823] {logging_mixin.py:104} INFO - [2021-06-25 09:36:12,823] {dag.py:2305} INFO - Setting next_dagrun for tutorial_etl_dag to None
[2021-06-25 09:36:12,839] {scheduler_job.py:190} INFO - Processing /home/airflow/sandbox/lib/python3.8/site-packages/airflow/example_dags/tutorial_etl_dag.py took 0.096 seconds
[2021-06-25 09:36:43,383] {scheduler_job.py:182} INFO - Started process (PID=15216) to work on /home/airflow/sandbox/lib/python3.8/site-packages/airflow/example_dags/tutorial_etl_dag.py
[2021-06-25 09:36:43,385] {scheduler_job.py:633} INFO - Processing file /home/airflow/sandbox/lib/python3.8/site-packages/airflow/example_dags/tutorial_etl_dag.py for tasks to queue
[2021-06-25 09:36:43,385] {logging_mixin.py:104} INFO - [2021-06-25 09:36:43,385] {dagbag.py:487} INFO - Filling up the DagBag from /home/airflow/sandbox/lib/python3.8/site-packages/airflow/example_dags/tutorial_etl_dag.py
[2021-06-25 09:36:43,423] {scheduler_job.py:643} INFO - DAG(s) dict_keys(['tutorial_etl_dag']) retrieved from /home/airflow/sandbox/lib/python3.8/site-packages/airflow/example_dags/tutorial_etl_dag.py
[2021-06-25 09:36:43,457] {logging_mixin.py:104} INFO - [2021-06-25 09:36:43,457] {dag.py:1832} INFO - Sync 1 DAGs
[2021-06-25 09:36:43,495] {logging_mixin.py:104} INFO - [2021-06-25 09:36:43,494] {dag.py:2305} INFO - Setting next_dagrun for tutorial_etl_dag to None
[2021-06-25 09:36:43,519] {scheduler_job.py:190} INFO - Processing /home/airflow/sandbox/lib/python3.8/site-packages/airflow/example_dags/tutorial_etl_dag.py took 0.140 seconds
[2021-06-25 09:37:14,108] {scheduler_job.py:182} INFO - Started process (PID=15416) to work on /home/airflow/sandbox/lib/python3.8/site-packages/airflow/example_dags/tutorial_etl_dag.py
[2021-06-25 09:37:14,111] {scheduler_job.py:633} INFO - Processing file /home/airflow/sandbox/lib/python3.8/site-packages/airflow/example_dags/tutorial_etl_dag.py for tasks to queue
[2021-06-25 09:37:14,112] {logging_mixin.py:104} INFO - [2021-06-25 09:37:14,112] {dagbag.py:487} INFO - Filling up the DagBag from /home/airflow/sandbox/lib/python3.8/site-packages/airflow/example_dags/tutorial_etl_dag.py
[2021-06-25 09:37:14,131] {scheduler_job.py:643} INFO - DAG(s) dict_keys(['tutorial_etl_dag']) retrieved from /home/airflow/sandbox/lib/python3.8/site-packages/airflow/example_dags/tutorial_etl_dag.py
[2021-06-25 09:37:14,159] {logging_mixin.py:104} INFO - [2021-06-25 09:37:14,159] {dag.py:1832} INFO - Sync 1 DAGs
[2021-06-25 09:37:14,179] {logging_mixin.py:104} INFO - [2021-06-25 09:37:14,179] {dag.py:2305} INFO - Setting next_dagrun for tutorial_etl_dag to None
[2021-06-25 09:37:14,199] {scheduler_job.py:190} INFO - Processing /home/airflow/sandbox/lib/python3.8/site-packages/airflow/example_dags/tutorial_etl_dag.py took 0.094 seconds
[2021-06-25 09:37:45,508] {scheduler_job.py:182} INFO - Started process (PID=15612) to work on /home/airflow/sandbox/lib/python3.8/site-packages/airflow/example_dags/tutorial_etl_dag.py
[2021-06-25 09:37:45,510] {scheduler_job.py:633} INFO - Processing file /home/airflow/sandbox/lib/python3.8/site-packages/airflow/example_dags/tutorial_etl_dag.py for tasks to queue
[2021-06-25 09:37:45,511] {logging_mixin.py:104} INFO - [2021-06-25 09:37:45,511] {dagbag.py:487} INFO - Filling up the DagBag from /home/airflow/sandbox/lib/python3.8/site-packages/airflow/example_dags/tutorial_etl_dag.py
[2021-06-25 09:37:45,525] {scheduler_job.py:643} INFO - DAG(s) dict_keys(['tutorial_etl_dag']) retrieved from /home/airflow/sandbox/lib/python3.8/site-packages/airflow/example_dags/tutorial_etl_dag.py
[2021-06-25 09:37:45,559] {logging_mixin.py:104} INFO - [2021-06-25 09:37:45,559] {dag.py:1832} INFO - Sync 1 DAGs
[2021-06-25 09:37:45,582] {logging_mixin.py:104} INFO - [2021-06-25 09:37:45,582] {dag.py:2305} INFO - Setting next_dagrun for tutorial_etl_dag to None
[2021-06-25 09:37:45,598] {scheduler_job.py:190} INFO - Processing /home/airflow/sandbox/lib/python3.8/site-packages/airflow/example_dags/tutorial_etl_dag.py took 0.095 seconds
[2021-06-25 09:38:17,502] {scheduler_job.py:182} INFO - Started process (PID=15814) to work on /home/airflow/sandbox/lib/python3.8/site-packages/airflow/example_dags/tutorial_etl_dag.py
[2021-06-25 09:38:17,505] {scheduler_job.py:633} INFO - Processing file /home/airflow/sandbox/lib/python3.8/site-packages/airflow/example_dags/tutorial_etl_dag.py for tasks to queue
[2021-06-25 09:38:17,507] {logging_mixin.py:104} INFO - [2021-06-25 09:38:17,507] {dagbag.py:487} INFO - Filling up the DagBag from /home/airflow/sandbox/lib/python3.8/site-packages/airflow/example_dags/tutorial_etl_dag.py
[2021-06-25 09:38:17,549] {scheduler_job.py:643} INFO - DAG(s) dict_keys(['tutorial_etl_dag']) retrieved from /home/airflow/sandbox/lib/python3.8/site-packages/airflow/example_dags/tutorial_etl_dag.py
[2021-06-25 09:38:17,624] {logging_mixin.py:104} INFO - [2021-06-25 09:38:17,624] {dag.py:1832} INFO - Sync 1 DAGs
[2021-06-25 09:38:17,734] {logging_mixin.py:104} INFO - [2021-06-25 09:38:17,733] {dag.py:2305} INFO - Setting next_dagrun for tutorial_etl_dag to None
[2021-06-25 09:38:17,765] {scheduler_job.py:190} INFO - Processing /home/airflow/sandbox/lib/python3.8/site-packages/airflow/example_dags/tutorial_etl_dag.py took 0.271 seconds
[2021-06-25 09:40:03,571] {scheduler_job.py:182} INFO - Started process (PID=16207) to work on /home/airflow/sandbox/lib/python3.8/site-packages/airflow/example_dags/tutorial_etl_dag.py
[2021-06-25 09:40:03,583] {scheduler_job.py:633} INFO - Processing file /home/airflow/sandbox/lib/python3.8/site-packages/airflow/example_dags/tutorial_etl_dag.py for tasks to queue
[2021-06-25 09:40:03,591] {logging_mixin.py:104} INFO - [2021-06-25 09:40:03,590] {dagbag.py:487} INFO - Filling up the DagBag from /home/airflow/sandbox/lib/python3.8/site-packages/airflow/example_dags/tutorial_etl_dag.py
[2021-06-25 09:40:03,646] {scheduler_job.py:643} INFO - DAG(s) dict_keys(['tutorial_etl_dag']) retrieved from /home/airflow/sandbox/lib/python3.8/site-packages/airflow/example_dags/tutorial_etl_dag.py
[2021-06-25 09:40:03,794] {logging_mixin.py:104} INFO - [2021-06-25 09:40:03,794] {dag.py:1832} INFO - Sync 1 DAGs
[2021-06-25 09:40:03,883] {logging_mixin.py:104} INFO - [2021-06-25 09:40:03,883] {dag.py:2305} INFO - Setting next_dagrun for tutorial_etl_dag to None
[2021-06-25 09:40:03,954] {scheduler_job.py:190} INFO - Processing /home/airflow/sandbox/lib/python3.8/site-packages/airflow/example_dags/tutorial_etl_dag.py took 0.389 seconds
[2021-06-25 09:40:34,244] {scheduler_job.py:182} INFO - Started process (PID=16408) to work on /home/airflow/sandbox/lib/python3.8/site-packages/airflow/example_dags/tutorial_etl_dag.py
[2021-06-25 09:40:34,245] {scheduler_job.py:633} INFO - Processing file /home/airflow/sandbox/lib/python3.8/site-packages/airflow/example_dags/tutorial_etl_dag.py for tasks to queue
[2021-06-25 09:40:34,246] {logging_mixin.py:104} INFO - [2021-06-25 09:40:34,246] {dagbag.py:487} INFO - Filling up the DagBag from /home/airflow/sandbox/lib/python3.8/site-packages/airflow/example_dags/tutorial_etl_dag.py
[2021-06-25 09:40:34,263] {scheduler_job.py:643} INFO - DAG(s) dict_keys(['tutorial_etl_dag']) retrieved from /home/airflow/sandbox/lib/python3.8/site-packages/airflow/example_dags/tutorial_etl_dag.py
[2021-06-25 09:40:34,297] {logging_mixin.py:104} INFO - [2021-06-25 09:40:34,297] {dag.py:1832} INFO - Sync 1 DAGs
[2021-06-25 09:40:34,321] {logging_mixin.py:104} INFO - [2021-06-25 09:40:34,321] {dag.py:2305} INFO - Setting next_dagrun for tutorial_etl_dag to None
[2021-06-25 09:40:34,337] {scheduler_job.py:190} INFO - Processing /home/airflow/sandbox/lib/python3.8/site-packages/airflow/example_dags/tutorial_etl_dag.py took 0.098 seconds
[2021-06-25 09:41:06,824] {scheduler_job.py:182} INFO - Started process (PID=16608) to work on /home/airflow/sandbox/lib/python3.8/site-packages/airflow/example_dags/tutorial_etl_dag.py
[2021-06-25 09:41:06,833] {scheduler_job.py:633} INFO - Processing file /home/airflow/sandbox/lib/python3.8/site-packages/airflow/example_dags/tutorial_etl_dag.py for tasks to queue
[2021-06-25 09:41:06,837] {logging_mixin.py:104} INFO - [2021-06-25 09:41:06,837] {dagbag.py:487} INFO - Filling up the DagBag from /home/airflow/sandbox/lib/python3.8/site-packages/airflow/example_dags/tutorial_etl_dag.py
[2021-06-25 09:41:06,872] {scheduler_job.py:643} INFO - DAG(s) dict_keys(['tutorial_etl_dag']) retrieved from /home/airflow/sandbox/lib/python3.8/site-packages/airflow/example_dags/tutorial_etl_dag.py
[2021-06-25 09:41:07,014] {logging_mixin.py:104} INFO - [2021-06-25 09:41:07,012] {dag.py:1832} INFO - Sync 1 DAGs
[2021-06-25 09:41:07,082] {logging_mixin.py:104} INFO - [2021-06-25 09:41:07,082] {dag.py:2305} INFO - Setting next_dagrun for tutorial_etl_dag to None
[2021-06-25 09:41:07,122] {scheduler_job.py:190} INFO - Processing /home/airflow/sandbox/lib/python3.8/site-packages/airflow/example_dags/tutorial_etl_dag.py took 0.318 seconds
[2021-06-25 09:41:37,321] {scheduler_job.py:182} INFO - Started process (PID=16809) to work on /home/airflow/sandbox/lib/python3.8/site-packages/airflow/example_dags/tutorial_etl_dag.py
[2021-06-25 09:41:37,325] {scheduler_job.py:633} INFO - Processing file /home/airflow/sandbox/lib/python3.8/site-packages/airflow/example_dags/tutorial_etl_dag.py for tasks to queue
[2021-06-25 09:41:37,328] {logging_mixin.py:104} INFO - [2021-06-25 09:41:37,328] {dagbag.py:487} INFO - Filling up the DagBag from /home/airflow/sandbox/lib/python3.8/site-packages/airflow/example_dags/tutorial_etl_dag.py
[2021-06-25 09:41:37,346] {scheduler_job.py:643} INFO - DAG(s) dict_keys(['tutorial_etl_dag']) retrieved from /home/airflow/sandbox/lib/python3.8/site-packages/airflow/example_dags/tutorial_etl_dag.py
[2021-06-25 09:41:37,384] {logging_mixin.py:104} INFO - [2021-06-25 09:41:37,384] {dag.py:1832} INFO - Sync 1 DAGs
[2021-06-25 09:41:37,408] {logging_mixin.py:104} INFO - [2021-06-25 09:41:37,407] {dag.py:2305} INFO - Setting next_dagrun for tutorial_etl_dag to None
[2021-06-25 09:41:37,430] {scheduler_job.py:190} INFO - Processing /home/airflow/sandbox/lib/python3.8/site-packages/airflow/example_dags/tutorial_etl_dag.py took 0.112 seconds
[2021-06-25 09:42:09,379] {scheduler_job.py:182} INFO - Started process (PID=17010) to work on /home/airflow/sandbox/lib/python3.8/site-packages/airflow/example_dags/tutorial_etl_dag.py
[2021-06-25 09:42:09,380] {scheduler_job.py:633} INFO - Processing file /home/airflow/sandbox/lib/python3.8/site-packages/airflow/example_dags/tutorial_etl_dag.py for tasks to queue
[2021-06-25 09:42:09,381] {logging_mixin.py:104} INFO - [2021-06-25 09:42:09,381] {dagbag.py:487} INFO - Filling up the DagBag from /home/airflow/sandbox/lib/python3.8/site-packages/airflow/example_dags/tutorial_etl_dag.py
[2021-06-25 09:42:09,462] {scheduler_job.py:643} INFO - DAG(s) dict_keys(['tutorial_etl_dag']) retrieved from /home/airflow/sandbox/lib/python3.8/site-packages/airflow/example_dags/tutorial_etl_dag.py
[2021-06-25 09:42:09,540] {logging_mixin.py:104} INFO - [2021-06-25 09:42:09,540] {dag.py:1832} INFO - Sync 1 DAGs
[2021-06-25 09:42:09,618] {logging_mixin.py:104} INFO - [2021-06-25 09:42:09,617] {dag.py:2305} INFO - Setting next_dagrun for tutorial_etl_dag to None
[2021-06-25 09:42:09,704] {scheduler_job.py:190} INFO - Processing /home/airflow/sandbox/lib/python3.8/site-packages/airflow/example_dags/tutorial_etl_dag.py took 0.341 seconds
[2021-06-25 09:42:41,606] {scheduler_job.py:182} INFO - Started process (PID=17211) to work on /home/airflow/sandbox/lib/python3.8/site-packages/airflow/example_dags/tutorial_etl_dag.py
[2021-06-25 09:42:41,625] {scheduler_job.py:633} INFO - Processing file /home/airflow/sandbox/lib/python3.8/site-packages/airflow/example_dags/tutorial_etl_dag.py for tasks to queue
[2021-06-25 09:42:41,627] {logging_mixin.py:104} INFO - [2021-06-25 09:42:41,626] {dagbag.py:487} INFO - Filling up the DagBag from /home/airflow/sandbox/lib/python3.8/site-packages/airflow/example_dags/tutorial_etl_dag.py
[2021-06-25 09:42:41,659] {scheduler_job.py:643} INFO - DAG(s) dict_keys(['tutorial_etl_dag']) retrieved from /home/airflow/sandbox/lib/python3.8/site-packages/airflow/example_dags/tutorial_etl_dag.py
[2021-06-25 09:42:41,751] {logging_mixin.py:104} INFO - [2021-06-25 09:42:41,750] {dag.py:1832} INFO - Sync 1 DAGs
[2021-06-25 09:42:41,808] {logging_mixin.py:104} INFO - [2021-06-25 09:42:41,808] {dag.py:2305} INFO - Setting next_dagrun for tutorial_etl_dag to None
[2021-06-25 09:42:41,864] {scheduler_job.py:190} INFO - Processing /home/airflow/sandbox/lib/python3.8/site-packages/airflow/example_dags/tutorial_etl_dag.py took 0.273 seconds
[2021-06-25 09:43:11,946] {scheduler_job.py:182} INFO - Started process (PID=17402) to work on /home/airflow/sandbox/lib/python3.8/site-packages/airflow/example_dags/tutorial_etl_dag.py
[2021-06-25 09:43:11,949] {scheduler_job.py:633} INFO - Processing file /home/airflow/sandbox/lib/python3.8/site-packages/airflow/example_dags/tutorial_etl_dag.py for tasks to queue
[2021-06-25 09:43:11,950] {logging_mixin.py:104} INFO - [2021-06-25 09:43:11,949] {dagbag.py:487} INFO - Filling up the DagBag from /home/airflow/sandbox/lib/python3.8/site-packages/airflow/example_dags/tutorial_etl_dag.py
[2021-06-25 09:43:11,968] {scheduler_job.py:643} INFO - DAG(s) dict_keys(['tutorial_etl_dag']) retrieved from /home/airflow/sandbox/lib/python3.8/site-packages/airflow/example_dags/tutorial_etl_dag.py
[2021-06-25 09:43:12,011] {logging_mixin.py:104} INFO - [2021-06-25 09:43:12,011] {dag.py:1832} INFO - Sync 1 DAGs
[2021-06-25 09:43:12,043] {logging_mixin.py:104} INFO - [2021-06-25 09:43:12,042] {dag.py:2305} INFO - Setting next_dagrun for tutorial_etl_dag to None
[2021-06-25 09:43:12,061] {scheduler_job.py:190} INFO - Processing /home/airflow/sandbox/lib/python3.8/site-packages/airflow/example_dags/tutorial_etl_dag.py took 0.119 seconds
[2021-06-25 09:43:42,420] {scheduler_job.py:182} INFO - Started process (PID=17595) to work on /home/airflow/sandbox/lib/python3.8/site-packages/airflow/example_dags/tutorial_etl_dag.py
[2021-06-25 09:43:42,423] {scheduler_job.py:633} INFO - Processing file /home/airflow/sandbox/lib/python3.8/site-packages/airflow/example_dags/tutorial_etl_dag.py for tasks to queue
[2021-06-25 09:43:42,424] {logging_mixin.py:104} INFO - [2021-06-25 09:43:42,424] {dagbag.py:487} INFO - Filling up the DagBag from /home/airflow/sandbox/lib/python3.8/site-packages/airflow/example_dags/tutorial_etl_dag.py
[2021-06-25 09:43:42,444] {scheduler_job.py:643} INFO - DAG(s) dict_keys(['tutorial_etl_dag']) retrieved from /home/airflow/sandbox/lib/python3.8/site-packages/airflow/example_dags/tutorial_etl_dag.py
[2021-06-25 09:43:42,487] {logging_mixin.py:104} INFO - [2021-06-25 09:43:42,486] {dag.py:1832} INFO - Sync 1 DAGs
[2021-06-25 09:43:42,513] {logging_mixin.py:104} INFO - [2021-06-25 09:43:42,513] {dag.py:2305} INFO - Setting next_dagrun for tutorial_etl_dag to None
[2021-06-25 09:43:42,530] {scheduler_job.py:190} INFO - Processing /home/airflow/sandbox/lib/python3.8/site-packages/airflow/example_dags/tutorial_etl_dag.py took 0.115 seconds
[2021-06-25 09:44:13,158] {scheduler_job.py:182} INFO - Started process (PID=17790) to work on /home/airflow/sandbox/lib/python3.8/site-packages/airflow/example_dags/tutorial_etl_dag.py
[2021-06-25 09:44:13,177] {scheduler_job.py:633} INFO - Processing file /home/airflow/sandbox/lib/python3.8/site-packages/airflow/example_dags/tutorial_etl_dag.py for tasks to queue
[2021-06-25 09:44:13,179] {logging_mixin.py:104} INFO - [2021-06-25 09:44:13,178] {dagbag.py:487} INFO - Filling up the DagBag from /home/airflow/sandbox/lib/python3.8/site-packages/airflow/example_dags/tutorial_etl_dag.py
[2021-06-25 09:44:13,241] {scheduler_job.py:643} INFO - DAG(s) dict_keys(['tutorial_etl_dag']) retrieved from /home/airflow/sandbox/lib/python3.8/site-packages/airflow/example_dags/tutorial_etl_dag.py
[2021-06-25 09:44:13,471] {logging_mixin.py:104} INFO - [2021-06-25 09:44:13,470] {dag.py:1832} INFO - Sync 1 DAGs
[2021-06-25 09:44:13,585] {logging_mixin.py:104} INFO - [2021-06-25 09:44:13,582] {dag.py:2305} INFO - Setting next_dagrun for tutorial_etl_dag to None
[2021-06-25 09:44:13,814] {scheduler_job.py:190} INFO - Processing /home/airflow/sandbox/lib/python3.8/site-packages/airflow/example_dags/tutorial_etl_dag.py took 0.674 seconds
[2021-06-25 09:44:44,597] {scheduler_job.py:182} INFO - Started process (PID=18267) to work on /home/airflow/sandbox/lib/python3.8/site-packages/airflow/example_dags/tutorial_etl_dag.py
[2021-06-25 09:44:44,638] {scheduler_job.py:633} INFO - Processing file /home/airflow/sandbox/lib/python3.8/site-packages/airflow/example_dags/tutorial_etl_dag.py for tasks to queue
[2021-06-25 09:44:44,723] {logging_mixin.py:104} INFO - [2021-06-25 09:44:44,674] {dagbag.py:487} INFO - Filling up the DagBag from /home/airflow/sandbox/lib/python3.8/site-packages/airflow/example_dags/tutorial_etl_dag.py
[2021-06-25 09:44:44,992] {scheduler_job.py:643} INFO - DAG(s) dict_keys(['tutorial_etl_dag']) retrieved from /home/airflow/sandbox/lib/python3.8/site-packages/airflow/example_dags/tutorial_etl_dag.py
[2021-06-25 09:44:45,496] {logging_mixin.py:104} INFO - [2021-06-25 09:44:45,496] {dag.py:1832} INFO - Sync 1 DAGs
[2021-06-25 09:44:45,961] {logging_mixin.py:104} INFO - [2021-06-25 09:44:45,961] {dag.py:2305} INFO - Setting next_dagrun for tutorial_etl_dag to None
[2021-06-25 09:44:46,245] {scheduler_job.py:190} INFO - Processing /home/airflow/sandbox/lib/python3.8/site-packages/airflow/example_dags/tutorial_etl_dag.py took 1.740 seconds
[2021-06-25 09:45:27,298] {scheduler_job.py:182} INFO - Started process (PID=19196) to work on /home/airflow/sandbox/lib/python3.8/site-packages/airflow/example_dags/tutorial_etl_dag.py
[2021-06-25 09:45:27,301] {scheduler_job.py:633} INFO - Processing file /home/airflow/sandbox/lib/python3.8/site-packages/airflow/example_dags/tutorial_etl_dag.py for tasks to queue
[2021-06-25 09:45:27,306] {logging_mixin.py:104} INFO - [2021-06-25 09:45:27,306] {dagbag.py:487} INFO - Filling up the DagBag from /home/airflow/sandbox/lib/python3.8/site-packages/airflow/example_dags/tutorial_etl_dag.py
[2021-06-25 09:45:27,346] {scheduler_job.py:643} INFO - DAG(s) dict_keys(['tutorial_etl_dag']) retrieved from /home/airflow/sandbox/lib/python3.8/site-packages/airflow/example_dags/tutorial_etl_dag.py
[2021-06-25 09:45:27,407] {logging_mixin.py:104} INFO - [2021-06-25 09:45:27,407] {dag.py:1832} INFO - Sync 1 DAGs
[2021-06-25 09:45:27,439] {logging_mixin.py:104} INFO - [2021-06-25 09:45:27,439] {dag.py:2305} INFO - Setting next_dagrun for tutorial_etl_dag to None
[2021-06-25 09:45:27,459] {scheduler_job.py:190} INFO - Processing /home/airflow/sandbox/lib/python3.8/site-packages/airflow/example_dags/tutorial_etl_dag.py took 0.180 seconds
[2021-06-25 09:45:58,662] {scheduler_job.py:182} INFO - Started process (PID=19466) to work on /home/airflow/sandbox/lib/python3.8/site-packages/airflow/example_dags/tutorial_etl_dag.py
[2021-06-25 09:45:58,677] {scheduler_job.py:633} INFO - Processing file /home/airflow/sandbox/lib/python3.8/site-packages/airflow/example_dags/tutorial_etl_dag.py for tasks to queue
[2021-06-25 09:45:58,681] {logging_mixin.py:104} INFO - [2021-06-25 09:45:58,681] {dagbag.py:487} INFO - Filling up the DagBag from /home/airflow/sandbox/lib/python3.8/site-packages/airflow/example_dags/tutorial_etl_dag.py
[2021-06-25 09:45:58,718] {scheduler_job.py:643} INFO - DAG(s) dict_keys(['tutorial_etl_dag']) retrieved from /home/airflow/sandbox/lib/python3.8/site-packages/airflow/example_dags/tutorial_etl_dag.py
[2021-06-25 09:45:58,800] {logging_mixin.py:104} INFO - [2021-06-25 09:45:58,799] {dag.py:1832} INFO - Sync 1 DAGs
[2021-06-25 09:45:58,834] {logging_mixin.py:104} INFO - [2021-06-25 09:45:58,834] {dag.py:2305} INFO - Setting next_dagrun for tutorial_etl_dag to None
[2021-06-25 09:45:58,854] {scheduler_job.py:190} INFO - Processing /home/airflow/sandbox/lib/python3.8/site-packages/airflow/example_dags/tutorial_etl_dag.py took 0.200 seconds
[2021-06-25 09:46:29,155] {scheduler_job.py:182} INFO - Started process (PID=19674) to work on /home/airflow/sandbox/lib/python3.8/site-packages/airflow/example_dags/tutorial_etl_dag.py
[2021-06-25 09:46:29,158] {scheduler_job.py:633} INFO - Processing file /home/airflow/sandbox/lib/python3.8/site-packages/airflow/example_dags/tutorial_etl_dag.py for tasks to queue
[2021-06-25 09:46:29,160] {logging_mixin.py:104} INFO - [2021-06-25 09:46:29,160] {dagbag.py:487} INFO - Filling up the DagBag from /home/airflow/sandbox/lib/python3.8/site-packages/airflow/example_dags/tutorial_etl_dag.py
[2021-06-25 09:46:29,184] {scheduler_job.py:643} INFO - DAG(s) dict_keys(['tutorial_etl_dag']) retrieved from /home/airflow/sandbox/lib/python3.8/site-packages/airflow/example_dags/tutorial_etl_dag.py
[2021-06-25 09:46:29,225] {logging_mixin.py:104} INFO - [2021-06-25 09:46:29,225] {dag.py:1832} INFO - Sync 1 DAGs
[2021-06-25 09:46:29,245] {logging_mixin.py:104} INFO - [2021-06-25 09:46:29,245] {dag.py:2305} INFO - Setting next_dagrun for tutorial_etl_dag to None
[2021-06-25 09:46:29,262] {scheduler_job.py:190} INFO - Processing /home/airflow/sandbox/lib/python3.8/site-packages/airflow/example_dags/tutorial_etl_dag.py took 0.112 seconds
[2021-06-25 09:46:59,483] {scheduler_job.py:182} INFO - Started process (PID=19866) to work on /home/airflow/sandbox/lib/python3.8/site-packages/airflow/example_dags/tutorial_etl_dag.py
[2021-06-25 09:46:59,490] {scheduler_job.py:633} INFO - Processing file /home/airflow/sandbox/lib/python3.8/site-packages/airflow/example_dags/tutorial_etl_dag.py for tasks to queue
[2021-06-25 09:46:59,493] {logging_mixin.py:104} INFO - [2021-06-25 09:46:59,493] {dagbag.py:487} INFO - Filling up the DagBag from /home/airflow/sandbox/lib/python3.8/site-packages/airflow/example_dags/tutorial_etl_dag.py
[2021-06-25 09:46:59,528] {scheduler_job.py:643} INFO - DAG(s) dict_keys(['tutorial_etl_dag']) retrieved from /home/airflow/sandbox/lib/python3.8/site-packages/airflow/example_dags/tutorial_etl_dag.py
[2021-06-25 09:46:59,601] {logging_mixin.py:104} INFO - [2021-06-25 09:46:59,601] {dag.py:1832} INFO - Sync 1 DAGs
[2021-06-25 09:46:59,657] {logging_mixin.py:104} INFO - [2021-06-25 09:46:59,657] {dag.py:2305} INFO - Setting next_dagrun for tutorial_etl_dag to None
[2021-06-25 09:46:59,706] {scheduler_job.py:190} INFO - Processing /home/airflow/sandbox/lib/python3.8/site-packages/airflow/example_dags/tutorial_etl_dag.py took 0.229 seconds
[2021-06-25 09:47:30,841] {scheduler_job.py:182} INFO - Started process (PID=20092) to work on /home/airflow/sandbox/lib/python3.8/site-packages/airflow/example_dags/tutorial_etl_dag.py
[2021-06-25 09:47:30,853] {scheduler_job.py:633} INFO - Processing file /home/airflow/sandbox/lib/python3.8/site-packages/airflow/example_dags/tutorial_etl_dag.py for tasks to queue
[2021-06-25 09:47:30,857] {logging_mixin.py:104} INFO - [2021-06-25 09:47:30,856] {dagbag.py:487} INFO - Filling up the DagBag from /home/airflow/sandbox/lib/python3.8/site-packages/airflow/example_dags/tutorial_etl_dag.py
[2021-06-25 09:47:31,011] {scheduler_job.py:643} INFO - DAG(s) dict_keys(['tutorial_etl_dag']) retrieved from /home/airflow/sandbox/lib/python3.8/site-packages/airflow/example_dags/tutorial_etl_dag.py
[2021-06-25 09:47:31,174] {logging_mixin.py:104} INFO - [2021-06-25 09:47:31,173] {dag.py:1832} INFO - Sync 1 DAGs
[2021-06-25 09:47:31,222] {logging_mixin.py:104} INFO - [2021-06-25 09:47:31,222] {dag.py:2305} INFO - Setting next_dagrun for tutorial_etl_dag to None
[2021-06-25 09:47:31,264] {scheduler_job.py:190} INFO - Processing /home/airflow/sandbox/lib/python3.8/site-packages/airflow/example_dags/tutorial_etl_dag.py took 0.465 seconds
[2021-06-25 09:48:01,776] {scheduler_job.py:182} INFO - Started process (PID=20414) to work on /home/airflow/sandbox/lib/python3.8/site-packages/airflow/example_dags/tutorial_etl_dag.py
[2021-06-25 09:48:01,779] {scheduler_job.py:633} INFO - Processing file /home/airflow/sandbox/lib/python3.8/site-packages/airflow/example_dags/tutorial_etl_dag.py for tasks to queue
[2021-06-25 09:48:01,785] {logging_mixin.py:104} INFO - [2021-06-25 09:48:01,785] {dagbag.py:487} INFO - Filling up the DagBag from /home/airflow/sandbox/lib/python3.8/site-packages/airflow/example_dags/tutorial_etl_dag.py
[2021-06-25 09:48:01,815] {scheduler_job.py:643} INFO - DAG(s) dict_keys(['tutorial_etl_dag']) retrieved from /home/airflow/sandbox/lib/python3.8/site-packages/airflow/example_dags/tutorial_etl_dag.py
[2021-06-25 09:48:01,873] {logging_mixin.py:104} INFO - [2021-06-25 09:48:01,873] {dag.py:1832} INFO - Sync 1 DAGs
[2021-06-25 09:48:01,924] {logging_mixin.py:104} INFO - [2021-06-25 09:48:01,924] {dag.py:2305} INFO - Setting next_dagrun for tutorial_etl_dag to None
[2021-06-25 09:48:01,976] {scheduler_job.py:190} INFO - Processing /home/airflow/sandbox/lib/python3.8/site-packages/airflow/example_dags/tutorial_etl_dag.py took 0.204 seconds
[2021-06-25 09:48:32,082] {scheduler_job.py:182} INFO - Started process (PID=20654) to work on /home/airflow/sandbox/lib/python3.8/site-packages/airflow/example_dags/tutorial_etl_dag.py
[2021-06-25 09:48:32,096] {scheduler_job.py:633} INFO - Processing file /home/airflow/sandbox/lib/python3.8/site-packages/airflow/example_dags/tutorial_etl_dag.py for tasks to queue
[2021-06-25 09:48:32,099] {logging_mixin.py:104} INFO - [2021-06-25 09:48:32,099] {dagbag.py:487} INFO - Filling up the DagBag from /home/airflow/sandbox/lib/python3.8/site-packages/airflow/example_dags/tutorial_etl_dag.py
[2021-06-25 09:48:32,145] {scheduler_job.py:643} INFO - DAG(s) dict_keys(['tutorial_etl_dag']) retrieved from /home/airflow/sandbox/lib/python3.8/site-packages/airflow/example_dags/tutorial_etl_dag.py
[2021-06-25 09:48:32,216] {logging_mixin.py:104} INFO - [2021-06-25 09:48:32,215] {dag.py:1832} INFO - Sync 1 DAGs
[2021-06-25 09:48:32,278] {logging_mixin.py:104} INFO - [2021-06-25 09:48:32,278] {dag.py:2305} INFO - Setting next_dagrun for tutorial_etl_dag to None
[2021-06-25 09:48:32,309] {scheduler_job.py:190} INFO - Processing /home/airflow/sandbox/lib/python3.8/site-packages/airflow/example_dags/tutorial_etl_dag.py took 0.232 seconds
[2021-06-25 09:49:03,031] {scheduler_job.py:182} INFO - Started process (PID=20850) to work on /home/airflow/sandbox/lib/python3.8/site-packages/airflow/example_dags/tutorial_etl_dag.py
[2021-06-25 09:49:03,043] {scheduler_job.py:633} INFO - Processing file /home/airflow/sandbox/lib/python3.8/site-packages/airflow/example_dags/tutorial_etl_dag.py for tasks to queue
[2021-06-25 09:49:03,044] {logging_mixin.py:104} INFO - [2021-06-25 09:49:03,044] {dagbag.py:487} INFO - Filling up the DagBag from /home/airflow/sandbox/lib/python3.8/site-packages/airflow/example_dags/tutorial_etl_dag.py
[2021-06-25 09:49:03,073] {scheduler_job.py:643} INFO - DAG(s) dict_keys(['tutorial_etl_dag']) retrieved from /home/airflow/sandbox/lib/python3.8/site-packages/airflow/example_dags/tutorial_etl_dag.py
[2021-06-25 09:49:03,125] {logging_mixin.py:104} INFO - [2021-06-25 09:49:03,124] {dag.py:1832} INFO - Sync 1 DAGs
[2021-06-25 09:49:03,171] {logging_mixin.py:104} INFO - [2021-06-25 09:49:03,170] {dag.py:2305} INFO - Setting next_dagrun for tutorial_etl_dag to None
[2021-06-25 09:49:03,192] {scheduler_job.py:190} INFO - Processing /home/airflow/sandbox/lib/python3.8/site-packages/airflow/example_dags/tutorial_etl_dag.py took 0.168 seconds
[2021-06-25 09:49:34,111] {scheduler_job.py:182} INFO - Started process (PID=21050) to work on /home/airflow/sandbox/lib/python3.8/site-packages/airflow/example_dags/tutorial_etl_dag.py
[2021-06-25 09:49:34,133] {scheduler_job.py:633} INFO - Processing file /home/airflow/sandbox/lib/python3.8/site-packages/airflow/example_dags/tutorial_etl_dag.py for tasks to queue
[2021-06-25 09:49:34,143] {logging_mixin.py:104} INFO - [2021-06-25 09:49:34,134] {dagbag.py:487} INFO - Filling up the DagBag from /home/airflow/sandbox/lib/python3.8/site-packages/airflow/example_dags/tutorial_etl_dag.py
[2021-06-25 09:49:34,225] {scheduler_job.py:643} INFO - DAG(s) dict_keys(['tutorial_etl_dag']) retrieved from /home/airflow/sandbox/lib/python3.8/site-packages/airflow/example_dags/tutorial_etl_dag.py
[2021-06-25 09:49:34,341] {logging_mixin.py:104} INFO - [2021-06-25 09:49:34,341] {dag.py:1832} INFO - Sync 1 DAGs
[2021-06-25 09:49:34,407] {logging_mixin.py:104} INFO - [2021-06-25 09:49:34,407] {dag.py:2305} INFO - Setting next_dagrun for tutorial_etl_dag to None
[2021-06-25 09:49:34,459] {scheduler_job.py:190} INFO - Processing /home/airflow/sandbox/lib/python3.8/site-packages/airflow/example_dags/tutorial_etl_dag.py took 0.383 seconds
[2021-06-25 09:50:04,879] {scheduler_job.py:182} INFO - Started process (PID=21252) to work on /home/airflow/sandbox/lib/python3.8/site-packages/airflow/example_dags/tutorial_etl_dag.py
[2021-06-25 09:50:04,892] {scheduler_job.py:633} INFO - Processing file /home/airflow/sandbox/lib/python3.8/site-packages/airflow/example_dags/tutorial_etl_dag.py for tasks to queue
[2021-06-25 09:50:04,895] {logging_mixin.py:104} INFO - [2021-06-25 09:50:04,894] {dagbag.py:487} INFO - Filling up the DagBag from /home/airflow/sandbox/lib/python3.8/site-packages/airflow/example_dags/tutorial_etl_dag.py
[2021-06-25 09:50:04,969] {scheduler_job.py:643} INFO - DAG(s) dict_keys(['tutorial_etl_dag']) retrieved from /home/airflow/sandbox/lib/python3.8/site-packages/airflow/example_dags/tutorial_etl_dag.py
[2021-06-25 09:50:05,078] {logging_mixin.py:104} INFO - [2021-06-25 09:50:05,078] {dag.py:1832} INFO - Sync 1 DAGs
[2021-06-25 09:50:05,140] {logging_mixin.py:104} INFO - [2021-06-25 09:50:05,139] {dag.py:2305} INFO - Setting next_dagrun for tutorial_etl_dag to None
[2021-06-25 09:50:05,205] {scheduler_job.py:190} INFO - Processing /home/airflow/sandbox/lib/python3.8/site-packages/airflow/example_dags/tutorial_etl_dag.py took 0.334 seconds
[2021-06-25 09:50:35,941] {scheduler_job.py:182} INFO - Started process (PID=21453) to work on /home/airflow/sandbox/lib/python3.8/site-packages/airflow/example_dags/tutorial_etl_dag.py
[2021-06-25 09:50:35,942] {scheduler_job.py:633} INFO - Processing file /home/airflow/sandbox/lib/python3.8/site-packages/airflow/example_dags/tutorial_etl_dag.py for tasks to queue
[2021-06-25 09:50:35,943] {logging_mixin.py:104} INFO - [2021-06-25 09:50:35,943] {dagbag.py:487} INFO - Filling up the DagBag from /home/airflow/sandbox/lib/python3.8/site-packages/airflow/example_dags/tutorial_etl_dag.py
[2021-06-25 09:50:35,969] {scheduler_job.py:643} INFO - DAG(s) dict_keys(['tutorial_etl_dag']) retrieved from /home/airflow/sandbox/lib/python3.8/site-packages/airflow/example_dags/tutorial_etl_dag.py
[2021-06-25 09:50:36,023] {logging_mixin.py:104} INFO - [2021-06-25 09:50:36,023] {dag.py:1832} INFO - Sync 1 DAGs
[2021-06-25 09:50:36,044] {logging_mixin.py:104} INFO - [2021-06-25 09:50:36,044] {dag.py:2305} INFO - Setting next_dagrun for tutorial_etl_dag to None
[2021-06-25 09:50:36,068] {scheduler_job.py:190} INFO - Processing /home/airflow/sandbox/lib/python3.8/site-packages/airflow/example_dags/tutorial_etl_dag.py took 0.130 seconds
[2021-06-25 09:51:06,984] {scheduler_job.py:182} INFO - Started process (PID=21655) to work on /home/airflow/sandbox/lib/python3.8/site-packages/airflow/example_dags/tutorial_etl_dag.py
[2021-06-25 09:51:06,986] {scheduler_job.py:633} INFO - Processing file /home/airflow/sandbox/lib/python3.8/site-packages/airflow/example_dags/tutorial_etl_dag.py for tasks to queue
[2021-06-25 09:51:06,987] {logging_mixin.py:104} INFO - [2021-06-25 09:51:06,987] {dagbag.py:487} INFO - Filling up the DagBag from /home/airflow/sandbox/lib/python3.8/site-packages/airflow/example_dags/tutorial_etl_dag.py
[2021-06-25 09:51:07,015] {scheduler_job.py:643} INFO - DAG(s) dict_keys(['tutorial_etl_dag']) retrieved from /home/airflow/sandbox/lib/python3.8/site-packages/airflow/example_dags/tutorial_etl_dag.py
[2021-06-25 09:51:07,054] {logging_mixin.py:104} INFO - [2021-06-25 09:51:07,053] {dag.py:1832} INFO - Sync 1 DAGs
[2021-06-25 09:51:07,086] {logging_mixin.py:104} INFO - [2021-06-25 09:51:07,086] {dag.py:2305} INFO - Setting next_dagrun for tutorial_etl_dag to None
[2021-06-25 09:51:07,099] {scheduler_job.py:190} INFO - Processing /home/airflow/sandbox/lib/python3.8/site-packages/airflow/example_dags/tutorial_etl_dag.py took 0.124 seconds
[2021-06-25 09:51:37,427] {scheduler_job.py:182} INFO - Started process (PID=21855) to work on /home/airflow/sandbox/lib/python3.8/site-packages/airflow/example_dags/tutorial_etl_dag.py
[2021-06-25 09:51:37,429] {scheduler_job.py:633} INFO - Processing file /home/airflow/sandbox/lib/python3.8/site-packages/airflow/example_dags/tutorial_etl_dag.py for tasks to queue
[2021-06-25 09:51:37,430] {logging_mixin.py:104} INFO - [2021-06-25 09:51:37,430] {dagbag.py:487} INFO - Filling up the DagBag from /home/airflow/sandbox/lib/python3.8/site-packages/airflow/example_dags/tutorial_etl_dag.py
[2021-06-25 09:51:37,453] {scheduler_job.py:643} INFO - DAG(s) dict_keys(['tutorial_etl_dag']) retrieved from /home/airflow/sandbox/lib/python3.8/site-packages/airflow/example_dags/tutorial_etl_dag.py
[2021-06-25 09:51:37,495] {logging_mixin.py:104} INFO - [2021-06-25 09:51:37,495] {dag.py:1832} INFO - Sync 1 DAGs
[2021-06-25 09:51:37,522] {logging_mixin.py:104} INFO - [2021-06-25 09:51:37,521] {dag.py:2305} INFO - Setting next_dagrun for tutorial_etl_dag to None
[2021-06-25 09:51:37,543] {scheduler_job.py:190} INFO - Processing /home/airflow/sandbox/lib/python3.8/site-packages/airflow/example_dags/tutorial_etl_dag.py took 0.124 seconds
[2021-06-25 09:52:07,981] {scheduler_job.py:182} INFO - Started process (PID=22055) to work on /home/airflow/sandbox/lib/python3.8/site-packages/airflow/example_dags/tutorial_etl_dag.py
[2021-06-25 09:52:07,985] {scheduler_job.py:633} INFO - Processing file /home/airflow/sandbox/lib/python3.8/site-packages/airflow/example_dags/tutorial_etl_dag.py for tasks to queue
[2021-06-25 09:52:07,986] {logging_mixin.py:104} INFO - [2021-06-25 09:52:07,986] {dagbag.py:487} INFO - Filling up the DagBag from /home/airflow/sandbox/lib/python3.8/site-packages/airflow/example_dags/tutorial_etl_dag.py
[2021-06-25 09:52:08,005] {scheduler_job.py:643} INFO - DAG(s) dict_keys(['tutorial_etl_dag']) retrieved from /home/airflow/sandbox/lib/python3.8/site-packages/airflow/example_dags/tutorial_etl_dag.py
[2021-06-25 09:52:08,060] {logging_mixin.py:104} INFO - [2021-06-25 09:52:08,060] {dag.py:1832} INFO - Sync 1 DAGs
[2021-06-25 09:52:08,096] {logging_mixin.py:104} INFO - [2021-06-25 09:52:08,096] {dag.py:2305} INFO - Setting next_dagrun for tutorial_etl_dag to None
[2021-06-25 09:52:08,115] {scheduler_job.py:190} INFO - Processing /home/airflow/sandbox/lib/python3.8/site-packages/airflow/example_dags/tutorial_etl_dag.py took 0.143 seconds
[2021-06-25 09:52:38,715] {scheduler_job.py:182} INFO - Started process (PID=22255) to work on /home/airflow/sandbox/lib/python3.8/site-packages/airflow/example_dags/tutorial_etl_dag.py
[2021-06-25 09:52:38,722] {scheduler_job.py:633} INFO - Processing file /home/airflow/sandbox/lib/python3.8/site-packages/airflow/example_dags/tutorial_etl_dag.py for tasks to queue
[2021-06-25 09:52:38,724] {logging_mixin.py:104} INFO - [2021-06-25 09:52:38,723] {dagbag.py:487} INFO - Filling up the DagBag from /home/airflow/sandbox/lib/python3.8/site-packages/airflow/example_dags/tutorial_etl_dag.py
[2021-06-25 09:52:38,752] {scheduler_job.py:643} INFO - DAG(s) dict_keys(['tutorial_etl_dag']) retrieved from /home/airflow/sandbox/lib/python3.8/site-packages/airflow/example_dags/tutorial_etl_dag.py
[2021-06-25 09:52:38,805] {logging_mixin.py:104} INFO - [2021-06-25 09:52:38,805] {dag.py:1832} INFO - Sync 1 DAGs
[2021-06-25 09:52:38,849] {logging_mixin.py:104} INFO - [2021-06-25 09:52:38,849] {dag.py:2305} INFO - Setting next_dagrun for tutorial_etl_dag to None
[2021-06-25 09:52:38,879] {scheduler_job.py:190} INFO - Processing /home/airflow/sandbox/lib/python3.8/site-packages/airflow/example_dags/tutorial_etl_dag.py took 0.168 seconds
[2021-06-25 09:53:09,154] {scheduler_job.py:182} INFO - Started process (PID=22455) to work on /home/airflow/sandbox/lib/python3.8/site-packages/airflow/example_dags/tutorial_etl_dag.py
[2021-06-25 09:53:09,156] {scheduler_job.py:633} INFO - Processing file /home/airflow/sandbox/lib/python3.8/site-packages/airflow/example_dags/tutorial_etl_dag.py for tasks to queue
[2021-06-25 09:53:09,156] {logging_mixin.py:104} INFO - [2021-06-25 09:53:09,156] {dagbag.py:487} INFO - Filling up the DagBag from /home/airflow/sandbox/lib/python3.8/site-packages/airflow/example_dags/tutorial_etl_dag.py
[2021-06-25 09:53:09,193] {scheduler_job.py:643} INFO - DAG(s) dict_keys(['tutorial_etl_dag']) retrieved from /home/airflow/sandbox/lib/python3.8/site-packages/airflow/example_dags/tutorial_etl_dag.py
[2021-06-25 09:53:09,266] {logging_mixin.py:104} INFO - [2021-06-25 09:53:09,266] {dag.py:1832} INFO - Sync 1 DAGs
[2021-06-25 09:53:09,324] {logging_mixin.py:104} INFO - [2021-06-25 09:53:09,323] {dag.py:2305} INFO - Setting next_dagrun for tutorial_etl_dag to None
[2021-06-25 09:53:09,362] {scheduler_job.py:190} INFO - Processing /home/airflow/sandbox/lib/python3.8/site-packages/airflow/example_dags/tutorial_etl_dag.py took 0.213 seconds
[2021-06-25 09:53:39,504] {scheduler_job.py:182} INFO - Started process (PID=22656) to work on /home/airflow/sandbox/lib/python3.8/site-packages/airflow/example_dags/tutorial_etl_dag.py
[2021-06-25 09:53:39,510] {scheduler_job.py:633} INFO - Processing file /home/airflow/sandbox/lib/python3.8/site-packages/airflow/example_dags/tutorial_etl_dag.py for tasks to queue
[2021-06-25 09:53:39,511] {logging_mixin.py:104} INFO - [2021-06-25 09:53:39,511] {dagbag.py:487} INFO - Filling up the DagBag from /home/airflow/sandbox/lib/python3.8/site-packages/airflow/example_dags/tutorial_etl_dag.py
[2021-06-25 09:53:39,532] {scheduler_job.py:643} INFO - DAG(s) dict_keys(['tutorial_etl_dag']) retrieved from /home/airflow/sandbox/lib/python3.8/site-packages/airflow/example_dags/tutorial_etl_dag.py
[2021-06-25 09:53:39,580] {logging_mixin.py:104} INFO - [2021-06-25 09:53:39,580] {dag.py:1832} INFO - Sync 1 DAGs
[2021-06-25 09:53:39,605] {logging_mixin.py:104} INFO - [2021-06-25 09:53:39,604] {dag.py:2305} INFO - Setting next_dagrun for tutorial_etl_dag to None
[2021-06-25 09:53:39,636] {scheduler_job.py:190} INFO - Processing /home/airflow/sandbox/lib/python3.8/site-packages/airflow/example_dags/tutorial_etl_dag.py took 0.139 seconds
[2021-06-25 09:54:09,761] {scheduler_job.py:182} INFO - Started process (PID=22857) to work on /home/airflow/sandbox/lib/python3.8/site-packages/airflow/example_dags/tutorial_etl_dag.py
[2021-06-25 09:54:09,764] {scheduler_job.py:633} INFO - Processing file /home/airflow/sandbox/lib/python3.8/site-packages/airflow/example_dags/tutorial_etl_dag.py for tasks to queue
[2021-06-25 09:54:09,769] {logging_mixin.py:104} INFO - [2021-06-25 09:54:09,769] {dagbag.py:487} INFO - Filling up the DagBag from /home/airflow/sandbox/lib/python3.8/site-packages/airflow/example_dags/tutorial_etl_dag.py
[2021-06-25 09:54:09,798] {scheduler_job.py:643} INFO - DAG(s) dict_keys(['tutorial_etl_dag']) retrieved from /home/airflow/sandbox/lib/python3.8/site-packages/airflow/example_dags/tutorial_etl_dag.py
[2021-06-25 09:54:09,868] {logging_mixin.py:104} INFO - [2021-06-25 09:54:09,868] {dag.py:1832} INFO - Sync 1 DAGs
[2021-06-25 09:54:09,903] {logging_mixin.py:104} INFO - [2021-06-25 09:54:09,902] {dag.py:2305} INFO - Setting next_dagrun for tutorial_etl_dag to None
[2021-06-25 09:54:09,928] {scheduler_job.py:190} INFO - Processing /home/airflow/sandbox/lib/python3.8/site-packages/airflow/example_dags/tutorial_etl_dag.py took 0.181 seconds
