[2021-06-29 13:26:14,806] {taskinstance.py:876} INFO - Dependencies all met for <TaskInstance: open_aq.store_data 2021-06-29T13:25:59.851420+00:00 [queued]>
[2021-06-29 13:26:14,843] {taskinstance.py:876} INFO - Dependencies all met for <TaskInstance: open_aq.store_data 2021-06-29T13:25:59.851420+00:00 [queued]>
[2021-06-29 13:26:14,844] {taskinstance.py:1067} INFO - 
--------------------------------------------------------------------------------
[2021-06-29 13:26:14,844] {taskinstance.py:1068} INFO - Starting attempt 1 of 1
[2021-06-29 13:26:14,845] {taskinstance.py:1069} INFO - 
--------------------------------------------------------------------------------
[2021-06-29 13:26:14,860] {taskinstance.py:1087} INFO - Executing <Task(PythonOperator): store_data> on 2021-06-29T13:25:59.851420+00:00
[2021-06-29 13:26:14,867] {standard_task_runner.py:52} INFO - Started process 15564 to run task
[2021-06-29 13:26:14,873] {standard_task_runner.py:76} INFO - Running: ['airflow', 'tasks', 'run', 'open_aq', 'store_data', '2021-06-29T13:25:59.851420+00:00', '--job-id', '545', '--pool', 'default_pool', '--raw', '--subdir', 'DAGS_FOLDER/open_aq.py', '--cfg-path', '/tmp/tmp1iqhv1zl', '--error-file', '/tmp/tmpkevbbakm']
[2021-06-29 13:26:14,874] {standard_task_runner.py:77} INFO - Job 545: Subtask store_data
[2021-06-29 13:26:14,962] {logging_mixin.py:104} INFO - Running <TaskInstance: open_aq.store_data 2021-06-29T13:25:59.851420+00:00 [running]> on host airflowvm
[2021-06-29 13:26:15,063] {taskinstance.py:1280} INFO - Exporting the following env vars:
AIRFLOW_CTX_DAG_OWNER=airflow
AIRFLOW_CTX_DAG_ID=open_aq
AIRFLOW_CTX_TASK_ID=store_data
AIRFLOW_CTX_EXECUTION_DATE=2021-06-29T13:25:59.851420+00:00
AIRFLOW_CTX_DAG_RUN_ID=manual__2021-06-29T13:25:59.851420+00:00
[2021-06-29 13:26:15,078] {base.py:69} INFO - Using connection to: id: ***_default. Host: localhost, Port: 5432, Schema: , Login: ***, Password: ***, extra: {'cursor': 'realdictcursor'}
[2021-06-29 13:26:15,089] {python.py:151} INFO - Done. Returned value was: None
[2021-06-29 13:26:15,103] {taskinstance.py:1184} INFO - Marking task as SUCCESS. dag_id=open_aq, task_id=store_data, execution_date=20210629T132559, start_date=20210629T132614, end_date=20210629T132615
[2021-06-29 13:26:15,147] {taskinstance.py:1245} INFO - 1 downstream tasks scheduled from follow-on schedule check
[2021-06-29 13:26:15,174] {local_task_job.py:151} INFO - Task exited with return code 0
