[2021-06-25 13:38:59,194] {taskinstance.py:876} INFO - Dependencies all met for <TaskInstance: xcom_dag.processing_tasks.training_model_b 2021-06-24T00:00:00+00:00 [queued]>
[2021-06-25 13:38:59,288] {taskinstance.py:876} INFO - Dependencies all met for <TaskInstance: xcom_dag.processing_tasks.training_model_b 2021-06-24T00:00:00+00:00 [queued]>
[2021-06-25 13:38:59,289] {taskinstance.py:1067} INFO - 
--------------------------------------------------------------------------------
[2021-06-25 13:38:59,290] {taskinstance.py:1068} INFO - Starting attempt 1 of 1
[2021-06-25 13:38:59,290] {taskinstance.py:1069} INFO - 
--------------------------------------------------------------------------------
[2021-06-25 13:38:59,327] {taskinstance.py:1087} INFO - Executing <Task(PythonOperator): processing_tasks.training_model_b> on 2021-06-24T00:00:00+00:00
[2021-06-25 13:38:59,335] {standard_task_runner.py:52} INFO - Started process 3823 to run task
[2021-06-25 13:38:59,377] {standard_task_runner.py:76} INFO - Running: ['airflow', 'tasks', 'run', 'xcom_dag', 'processing_tasks.training_model_b', '2021-06-24T00:00:00+00:00', '--job-id', '420', '--pool', 'default_pool', '--raw', '--subdir', 'DAGS_FOLDER/xcom_dag.py', '--cfg-path', '/tmp/tmpyj3c_adc', '--error-file', '/tmp/tmp5n8wer7f']
[2021-06-25 13:38:59,385] {standard_task_runner.py:77} INFO - Job 420: Subtask processing_tasks.training_model_b
[2021-06-25 13:38:59,634] {logging_mixin.py:104} INFO - Running <TaskInstance: xcom_dag.processing_tasks.training_model_b 2021-06-24T00:00:00+00:00 [running]> on host airflowvm
[2021-06-25 13:38:59,855] {taskinstance.py:1280} INFO - Exporting the following env vars:
AIRFLOW_CTX_DAG_OWNER=airflow
AIRFLOW_CTX_DAG_ID=xcom_dag
AIRFLOW_CTX_TASK_ID=processing_tasks.training_model_b
AIRFLOW_CTX_EXECUTION_DATE=2021-06-24T00:00:00+00:00
AIRFLOW_CTX_DAG_RUN_ID=scheduled__2021-06-24T00:00:00+00:00
[2021-06-25 13:38:59,856] {logging_mixin.py:104} INFO - model's accuracy: 0.803784684852339
[2021-06-25 13:38:59,856] {python.py:151} INFO - Done. Returned value was: 0.803784684852339
[2021-06-25 13:38:59,944] {taskinstance.py:1184} INFO - Marking task as SUCCESS. dag_id=xcom_dag, task_id=processing_tasks.training_model_b, execution_date=20210624T000000, start_date=20210625T133859, end_date=20210625T133859
[2021-06-25 13:39:00,035] {taskinstance.py:1245} INFO - 1 downstream tasks scheduled from follow-on schedule check
[2021-06-25 13:39:00,041] {local_task_job.py:151} INFO - Task exited with return code 0
