[2021-06-25 13:48:37,456] {taskinstance.py:876} INFO - Dependencies all met for <TaskInstance: xcom_dag.processing_tasks.training_model_b 2021-06-24T00:00:00+00:00 [queued]>
[2021-06-25 13:48:37,509] {taskinstance.py:876} INFO - Dependencies all met for <TaskInstance: xcom_dag.processing_tasks.training_model_b 2021-06-24T00:00:00+00:00 [queued]>
[2021-06-25 13:48:37,509] {taskinstance.py:1067} INFO - 
--------------------------------------------------------------------------------
[2021-06-25 13:48:37,509] {taskinstance.py:1068} INFO - Starting attempt 2 of 2
[2021-06-25 13:48:37,510] {taskinstance.py:1069} INFO - 
--------------------------------------------------------------------------------
[2021-06-25 13:48:37,524] {taskinstance.py:1087} INFO - Executing <Task(PythonOperator): processing_tasks.training_model_b> on 2021-06-24T00:00:00+00:00
[2021-06-25 13:48:37,529] {standard_task_runner.py:52} INFO - Started process 4445 to run task
[2021-06-25 13:48:37,564] {standard_task_runner.py:76} INFO - Running: ['airflow', 'tasks', 'run', 'xcom_dag', 'processing_tasks.training_model_b', '2021-06-24T00:00:00+00:00', '--job-id', '424', '--pool', 'default_pool', '--raw', '--subdir', 'DAGS_FOLDER/xcom_dag.py', '--cfg-path', '/tmp/tmp5ph9t8op', '--error-file', '/tmp/tmp2qvlir4i']
[2021-06-25 13:48:37,568] {standard_task_runner.py:77} INFO - Job 424: Subtask processing_tasks.training_model_b
[2021-06-25 13:48:37,758] {logging_mixin.py:104} INFO - Running <TaskInstance: xcom_dag.processing_tasks.training_model_b 2021-06-24T00:00:00+00:00 [running]> on host airflowvm
[2021-06-25 13:48:37,964] {taskinstance.py:1280} INFO - Exporting the following env vars:
AIRFLOW_CTX_DAG_OWNER=airflow
AIRFLOW_CTX_DAG_ID=xcom_dag
AIRFLOW_CTX_TASK_ID=processing_tasks.training_model_b
AIRFLOW_CTX_EXECUTION_DATE=2021-06-24T00:00:00+00:00
AIRFLOW_CTX_DAG_RUN_ID=scheduled__2021-06-24T00:00:00+00:00
[2021-06-25 13:48:37,965] {logging_mixin.py:104} INFO - model's accuracy: 0.3019810453018409
[2021-06-25 13:48:38,018] {python.py:151} INFO - Done. Returned value was: None
[2021-06-25 13:48:38,055] {taskinstance.py:1184} INFO - Marking task as SUCCESS. dag_id=xcom_dag, task_id=processing_tasks.training_model_b, execution_date=20210624T000000, start_date=20210625T134837, end_date=20210625T134838
[2021-06-25 13:48:38,144] {taskinstance.py:1245} INFO - 1 downstream tasks scheduled from follow-on schedule check
[2021-06-25 13:48:38,172] {local_task_job.py:151} INFO - Task exited with return code 0
