[2021-06-25 09:17:41,028] {taskinstance.py:876} INFO - Dependencies all met for <TaskInstance: parallel_dag.task_3 2020-02-21T00:00:00+00:00 [queued]>
[2021-06-25 09:17:41,251] {taskinstance.py:876} INFO - Dependencies all met for <TaskInstance: parallel_dag.task_3 2020-02-21T00:00:00+00:00 [queued]>
[2021-06-25 09:17:41,252] {taskinstance.py:1067} INFO - 
--------------------------------------------------------------------------------
[2021-06-25 09:17:41,252] {taskinstance.py:1068} INFO - Starting attempt 1 of 1
[2021-06-25 09:17:41,256] {taskinstance.py:1069} INFO - 
--------------------------------------------------------------------------------
[2021-06-25 09:17:41,378] {taskinstance.py:1087} INFO - Executing <Task(BashOperator): task_3> on 2020-02-21T00:00:00+00:00
[2021-06-25 09:17:41,444] {standard_task_runner.py:52} INFO - Started process 5322 to run task
[2021-06-25 09:17:41,502] {standard_task_runner.py:76} INFO - Running: ['airflow', 'tasks', 'run', 'parallel_dag', 'task_3', '2020-02-21T00:00:00+00:00', '--job-id', '220', '--pool', 'default_pool', '--raw', '--subdir', 'DAGS_FOLDER/parallel_dag.py', '--cfg-path', '/tmp/tmpemk46p0q', '--error-file', '/tmp/tmplopnodz2']
[2021-06-25 09:17:41,549] {standard_task_runner.py:77} INFO - Job 220: Subtask task_3
[2021-06-25 09:17:42,259] {logging_mixin.py:104} INFO - Running <TaskInstance: parallel_dag.task_3 2020-02-21T00:00:00+00:00 [running]> on host airflowvm
[2021-06-25 09:17:43,464] {taskinstance.py:1280} INFO - Exporting the following env vars:
AIRFLOW_CTX_DAG_OWNER=airflow
AIRFLOW_CTX_DAG_ID=parallel_dag
AIRFLOW_CTX_TASK_ID=task_3
AIRFLOW_CTX_EXECUTION_DATE=2020-02-21T00:00:00+00:00
AIRFLOW_CTX_DAG_RUN_ID=scheduled__2020-02-21T00:00:00+00:00
[2021-06-25 09:17:43,465] {subprocess.py:52} INFO - Tmp dir root location: 
 /tmp
[2021-06-25 09:17:43,466] {subprocess.py:63} INFO - Running command: ['bash', '-c', 'sleep 3']
[2021-06-25 09:17:43,610] {subprocess.py:75} INFO - Output:
[2021-06-25 09:17:46,698] {subprocess.py:83} INFO - Command exited with return code 0
[2021-06-25 09:17:47,011] {taskinstance.py:1184} INFO - Marking task as SUCCESS. dag_id=parallel_dag, task_id=task_3, execution_date=20200221T000000, start_date=20210625T091741, end_date=20210625T091747
[2021-06-25 09:17:47,765] {taskinstance.py:1245} INFO - 0 downstream tasks scheduled from follow-on schedule check
[2021-06-25 09:17:47,863] {local_task_job.py:151} INFO - Task exited with return code 0
