[2021-06-25 14:52:28,682] {taskinstance.py:876} INFO - Dependencies all met for <TaskInstance: xcom_dag.processing_tasks.training_model_b 2021-06-25T14:52:20.384013+00:00 [queued]>
[2021-06-25 14:52:28,801] {taskinstance.py:876} INFO - Dependencies all met for <TaskInstance: xcom_dag.processing_tasks.training_model_b 2021-06-25T14:52:20.384013+00:00 [queued]>
[2021-06-25 14:52:28,803] {taskinstance.py:1067} INFO - 
--------------------------------------------------------------------------------
[2021-06-25 14:52:28,806] {taskinstance.py:1068} INFO - Starting attempt 1 of 1
[2021-06-25 14:52:28,808] {taskinstance.py:1069} INFO - 
--------------------------------------------------------------------------------
[2021-06-25 14:52:28,860] {taskinstance.py:1087} INFO - Executing <Task(PythonOperator): processing_tasks.training_model_b> on 2021-06-25T14:52:20.384013+00:00
[2021-06-25 14:52:28,870] {standard_task_runner.py:52} INFO - Started process 8657 to run task
[2021-06-25 14:52:28,912] {standard_task_runner.py:76} INFO - Running: ['airflow', 'tasks', 'run', 'xcom_dag', 'processing_tasks.training_model_b', '2021-06-25T14:52:20.384013+00:00', '--job-id', '460', '--pool', 'default_pool', '--raw', '--subdir', 'DAGS_FOLDER/xcom_dag.py', '--cfg-path', '/tmp/tmptro99hsn', '--error-file', '/tmp/tmptu17x5te']
[2021-06-25 14:52:28,921] {standard_task_runner.py:77} INFO - Job 460: Subtask processing_tasks.training_model_b
[2021-06-25 14:52:29,152] {logging_mixin.py:104} INFO - Running <TaskInstance: xcom_dag.processing_tasks.training_model_b 2021-06-25T14:52:20.384013+00:00 [running]> on host airflowvm
[2021-06-25 14:52:29,652] {taskinstance.py:1280} INFO - Exporting the following env vars:
AIRFLOW_CTX_DAG_OWNER=airflow
AIRFLOW_CTX_DAG_ID=xcom_dag
AIRFLOW_CTX_TASK_ID=processing_tasks.training_model_b
AIRFLOW_CTX_EXECUTION_DATE=2021-06-25T14:52:20.384013+00:00
AIRFLOW_CTX_DAG_RUN_ID=manual__2021-06-25T14:52:20.384013+00:00
[2021-06-25 14:52:29,653] {logging_mixin.py:104} INFO - model's accuracy: 0.9394328643649091
[2021-06-25 14:52:29,876] {python.py:151} INFO - Done. Returned value was: None
[2021-06-25 14:52:30,010] {taskinstance.py:1184} INFO - Marking task as SUCCESS. dag_id=xcom_dag, task_id=processing_tasks.training_model_b, execution_date=20210625T145220, start_date=20210625T145228, end_date=20210625T145230
[2021-06-25 14:52:30,307] {taskinstance.py:1245} INFO - 0 downstream tasks scheduled from follow-on schedule check
[2021-06-25 14:52:30,362] {local_task_job.py:151} INFO - Task exited with return code 0
