[2021-06-25 09:16:47,056] {taskinstance.py:876} INFO - Dependencies all met for <TaskInstance: parallel_dag.task_4 2020-02-07T00:00:00+00:00 [queued]>
[2021-06-25 09:16:47,622] {taskinstance.py:876} INFO - Dependencies all met for <TaskInstance: parallel_dag.task_4 2020-02-07T00:00:00+00:00 [queued]>
[2021-06-25 09:16:47,623] {taskinstance.py:1067} INFO - 
--------------------------------------------------------------------------------
[2021-06-25 09:16:47,666] {taskinstance.py:1068} INFO - Starting attempt 1 of 1
[2021-06-25 09:16:47,667] {taskinstance.py:1069} INFO - 
--------------------------------------------------------------------------------
[2021-06-25 09:16:47,968] {taskinstance.py:1087} INFO - Executing <Task(BashOperator): task_4> on 2020-02-07T00:00:00+00:00
[2021-06-25 09:16:48,049] {standard_task_runner.py:52} INFO - Started process 4397 to run task
[2021-06-25 09:16:48,146] {standard_task_runner.py:76} INFO - Running: ['airflow', 'tasks', 'run', 'parallel_dag', 'task_4', '2020-02-07T00:00:00+00:00', '--job-id', '193', '--pool', 'default_pool', '--raw', '--subdir', 'DAGS_FOLDER/parallel_dag.py', '--cfg-path', '/tmp/tmpx2vw3j28', '--error-file', '/tmp/tmplhk8orna']
[2021-06-25 09:16:48,201] {standard_task_runner.py:77} INFO - Job 193: Subtask task_4
[2021-06-25 09:16:49,428] {logging_mixin.py:104} INFO - Running <TaskInstance: parallel_dag.task_4 2020-02-07T00:00:00+00:00 [running]> on host airflowvm
[2021-06-25 09:16:51,483] {taskinstance.py:1280} INFO - Exporting the following env vars:
AIRFLOW_CTX_DAG_OWNER=airflow
AIRFLOW_CTX_DAG_ID=parallel_dag
AIRFLOW_CTX_TASK_ID=task_4
AIRFLOW_CTX_EXECUTION_DATE=2020-02-07T00:00:00+00:00
AIRFLOW_CTX_DAG_RUN_ID=scheduled__2020-02-07T00:00:00+00:00
[2021-06-25 09:16:51,505] {subprocess.py:52} INFO - Tmp dir root location: 
 /tmp
[2021-06-25 09:16:51,507] {subprocess.py:63} INFO - Running command: ['bash', '-c', 'sleep 3']
[2021-06-25 09:16:51,852] {subprocess.py:75} INFO - Output:
[2021-06-25 09:16:55,013] {subprocess.py:83} INFO - Command exited with return code 0
[2021-06-25 09:16:57,321] {taskinstance.py:1184} INFO - Marking task as SUCCESS. dag_id=parallel_dag, task_id=task_4, execution_date=20200207T000000, start_date=20210625T091647, end_date=20210625T091657
[2021-06-25 09:16:59,546] {taskinstance.py:1245} INFO - 0 downstream tasks scheduled from follow-on schedule check
[2021-06-25 09:17:00,934] {local_task_job.py:151} INFO - Task exited with return code 0
