[2021-06-25 09:16:23,356] {taskinstance.py:876} INFO - Dependencies all met for <TaskInstance: parallel_dag.task_2 2020-02-16T00:00:00+00:00 [queued]>
[2021-06-25 09:16:24,073] {taskinstance.py:876} INFO - Dependencies all met for <TaskInstance: parallel_dag.task_2 2020-02-16T00:00:00+00:00 [queued]>
[2021-06-25 09:16:24,073] {taskinstance.py:1067} INFO - 
--------------------------------------------------------------------------------
[2021-06-25 09:16:24,073] {taskinstance.py:1068} INFO - Starting attempt 1 of 1
[2021-06-25 09:16:24,073] {taskinstance.py:1069} INFO - 
--------------------------------------------------------------------------------
[2021-06-25 09:16:25,041] {taskinstance.py:1087} INFO - Executing <Task(BashOperator): task_2> on 2020-02-16T00:00:00+00:00
[2021-06-25 09:16:25,273] {standard_task_runner.py:52} INFO - Started process 3970 to run task
[2021-06-25 09:16:25,853] {standard_task_runner.py:76} INFO - Running: ['airflow', 'tasks', 'run', 'parallel_dag', 'task_2', '2020-02-16T00:00:00+00:00', '--job-id', '181', '--pool', 'default_pool', '--raw', '--subdir', 'DAGS_FOLDER/parallel_dag.py', '--cfg-path', '/tmp/tmps_k7jh28', '--error-file', '/tmp/tmpfjsr1sm9']
[2021-06-25 09:16:25,880] {standard_task_runner.py:77} INFO - Job 181: Subtask task_2
[2021-06-25 09:16:28,491] {logging_mixin.py:104} INFO - Running <TaskInstance: parallel_dag.task_2 2020-02-16T00:00:00+00:00 [running]> on host airflowvm
[2021-06-25 09:16:33,936] {taskinstance.py:1280} INFO - Exporting the following env vars:
AIRFLOW_CTX_DAG_OWNER=airflow
AIRFLOW_CTX_DAG_ID=parallel_dag
AIRFLOW_CTX_TASK_ID=task_2
AIRFLOW_CTX_EXECUTION_DATE=2020-02-16T00:00:00+00:00
AIRFLOW_CTX_DAG_RUN_ID=scheduled__2020-02-16T00:00:00+00:00
[2021-06-25 09:16:34,019] {subprocess.py:52} INFO - Tmp dir root location: 
 /tmp
[2021-06-25 09:16:34,021] {subprocess.py:63} INFO - Running command: ['bash', '-c', 'sleep 3']
[2021-06-25 09:16:34,498] {subprocess.py:75} INFO - Output:
[2021-06-25 09:16:37,658] {subprocess.py:83} INFO - Command exited with return code 0
[2021-06-25 09:16:38,361] {taskinstance.py:1184} INFO - Marking task as SUCCESS. dag_id=parallel_dag, task_id=task_2, execution_date=20200216T000000, start_date=20210625T091623, end_date=20210625T091638
[2021-06-25 09:16:41,758] {taskinstance.py:1245} INFO - 1 downstream tasks scheduled from follow-on schedule check
[2021-06-25 09:16:42,075] {local_task_job.py:151} INFO - Task exited with return code 0
