[2021-06-29 13:28:52,592] {taskinstance.py:876} INFO - Dependencies all met for <TaskInstance: open_aq.drop_table 2021-06-29T13:28:50.311490+00:00 [queued]>
[2021-06-29 13:28:52,622] {taskinstance.py:876} INFO - Dependencies all met for <TaskInstance: open_aq.drop_table 2021-06-29T13:28:50.311490+00:00 [queued]>
[2021-06-29 13:28:52,623] {taskinstance.py:1067} INFO - 
--------------------------------------------------------------------------------
[2021-06-29 13:28:52,623] {taskinstance.py:1068} INFO - Starting attempt 1 of 1
[2021-06-29 13:28:52,624] {taskinstance.py:1069} INFO - 
--------------------------------------------------------------------------------
[2021-06-29 13:28:52,638] {taskinstance.py:1087} INFO - Executing <Task(PostgresOperator): drop_table> on 2021-06-29T13:28:50.311490+00:00
[2021-06-29 13:28:52,643] {standard_task_runner.py:52} INFO - Started process 15875 to run task
[2021-06-29 13:28:52,659] {standard_task_runner.py:76} INFO - Running: ['airflow', 'tasks', 'run', 'open_aq', 'drop_table', '2021-06-29T13:28:50.311490+00:00', '--job-id', '547', '--pool', 'default_pool', '--raw', '--subdir', 'DAGS_FOLDER/open_aq.py', '--cfg-path', '/tmp/tmp1dwp_9ni', '--error-file', '/tmp/tmpnsnv2t3q']
[2021-06-29 13:28:52,663] {standard_task_runner.py:77} INFO - Job 547: Subtask drop_table
[2021-06-29 13:28:52,844] {logging_mixin.py:104} INFO - Running <TaskInstance: open_aq.drop_table 2021-06-29T13:28:50.311490+00:00 [running]> on host airflowvm
[2021-06-29 13:28:53,180] {taskinstance.py:1280} INFO - Exporting the following env vars:
AIRFLOW_CTX_DAG_OWNER=airflow
AIRFLOW_CTX_DAG_ID=open_aq
AIRFLOW_CTX_TASK_ID=drop_table
AIRFLOW_CTX_EXECUTION_DATE=2021-06-29T13:28:50.311490+00:00
AIRFLOW_CTX_DAG_RUN_ID=manual__2021-06-29T13:28:50.311490+00:00
[2021-06-29 13:28:53,182] {postgres.py:68} INFO - Executing: DROP TABLE IF EXISTS open_aq
[2021-06-29 13:28:53,267] {base.py:69} INFO - Using connection to: id: ***_default. Host: localhost, Port: 5432, Schema: , Login: ***, Password: ***, extra: {'cursor': 'realdictcursor'}
[2021-06-29 13:28:53,289] {dbapi.py:204} INFO - Running statement: DROP TABLE IF EXISTS open_aq, parameters: None
[2021-06-29 13:28:53,361] {taskinstance.py:1184} INFO - Marking task as SUCCESS. dag_id=open_aq, task_id=drop_table, execution_date=20210629T132850, start_date=20210629T132852, end_date=20210629T132853
[2021-06-29 13:28:53,498] {taskinstance.py:1245} INFO - 1 downstream tasks scheduled from follow-on schedule check
[2021-06-29 13:28:53,525] {local_task_job.py:151} INFO - Task exited with return code 0
