[2021-06-24 17:06:48,570] {taskinstance.py:876} INFO - Dependencies all met for <TaskInstance: parallel_dag.task_1 2020-02-08T00:00:00+00:00 [queued]>
[2021-06-24 17:06:48,875] {taskinstance.py:876} INFO - Dependencies all met for <TaskInstance: parallel_dag.task_1 2020-02-08T00:00:00+00:00 [queued]>
[2021-06-24 17:06:48,875] {taskinstance.py:1067} INFO - 
--------------------------------------------------------------------------------
[2021-06-24 17:06:48,876] {taskinstance.py:1068} INFO - Starting attempt 1 of 1
[2021-06-24 17:06:48,890] {taskinstance.py:1069} INFO - 
--------------------------------------------------------------------------------
[2021-06-24 17:06:49,094] {taskinstance.py:1087} INFO - Executing <Task(BashOperator): task_1> on 2020-02-08T00:00:00+00:00
[2021-06-24 17:06:49,197] {standard_task_runner.py:52} INFO - Started process 13245 to run task
[2021-06-24 17:06:49,287] {standard_task_runner.py:76} INFO - Running: ['airflow', 'tasks', 'run', 'parallel_dag', 'task_1', '2020-02-08T00:00:00+00:00', '--job-id', '136', '--pool', 'default_pool', '--raw', '--subdir', 'DAGS_FOLDER/parallel_dag.py', '--cfg-path', '/tmp/tmpalyl3xg3', '--error-file', '/tmp/tmpiqdmjcpt']
[2021-06-24 17:06:49,291] {standard_task_runner.py:77} INFO - Job 136: Subtask task_1
[2021-06-24 17:06:49,890] {logging_mixin.py:104} INFO - Running <TaskInstance: parallel_dag.task_1 2020-02-08T00:00:00+00:00 [running]> on host airflowvm
[2021-06-24 17:06:50,377] {taskinstance.py:1280} INFO - Exporting the following env vars:
AIRFLOW_CTX_DAG_OWNER=airflow
AIRFLOW_CTX_DAG_ID=parallel_dag
AIRFLOW_CTX_TASK_ID=task_1
AIRFLOW_CTX_EXECUTION_DATE=2020-02-08T00:00:00+00:00
AIRFLOW_CTX_DAG_RUN_ID=scheduled__2020-02-08T00:00:00+00:00
[2021-06-24 17:06:50,390] {subprocess.py:52} INFO - Tmp dir root location: 
 /tmp
[2021-06-24 17:06:50,391] {subprocess.py:63} INFO - Running command: ['bash', '-c', 'sleep 3']
[2021-06-24 17:06:50,471] {subprocess.py:75} INFO - Output:
[2021-06-24 17:06:53,509] {subprocess.py:83} INFO - Command exited with return code 0
[2021-06-24 17:06:54,562] {taskinstance.py:1184} INFO - Marking task as SUCCESS. dag_id=parallel_dag, task_id=task_1, execution_date=20200208T000000, start_date=20210624T170648, end_date=20210624T170654
[2021-06-24 17:06:55,817] {taskinstance.py:1245} INFO - 2 downstream tasks scheduled from follow-on schedule check
[2021-06-24 17:06:55,932] {local_task_job.py:151} INFO - Task exited with return code 0
