[2021-07-02 14:44:14,558] {taskinstance.py:876} INFO - Dependencies all met for <TaskInstance: get_data_patient_and_diseases.diseases.write_diseases 2021-07-02T14:44:06.578496+00:00 [queued]>
[2021-07-02 14:44:14,621] {taskinstance.py:876} INFO - Dependencies all met for <TaskInstance: get_data_patient_and_diseases.diseases.write_diseases 2021-07-02T14:44:06.578496+00:00 [queued]>
[2021-07-02 14:44:14,622] {taskinstance.py:1067} INFO - 
--------------------------------------------------------------------------------
[2021-07-02 14:44:14,622] {taskinstance.py:1068} INFO - Starting attempt 1 of 1
[2021-07-02 14:44:14,623] {taskinstance.py:1069} INFO - 
--------------------------------------------------------------------------------
[2021-07-02 14:44:14,659] {taskinstance.py:1087} INFO - Executing <Task(PythonOperator): diseases.write_diseases> on 2021-07-02T14:44:06.578496+00:00
[2021-07-02 14:44:14,671] {standard_task_runner.py:52} INFO - Started process 8411 to run task
[2021-07-02 14:44:14,688] {standard_task_runner.py:76} INFO - Running: ['airflow', 'tasks', 'run', 'get_data_patient_and_diseases', 'diseases.write_diseases', '2021-07-02T14:44:06.578496+00:00', '--job-id', '1095', '--pool', 'default_pool', '--raw', '--subdir', 'DAGS_FOLDER/get_Data_Patient.py', '--cfg-path', '/tmp/tmpfavocaaw', '--error-file', '/tmp/tmpaw323m43']
[2021-07-02 14:44:14,689] {standard_task_runner.py:77} INFO - Job 1095: Subtask diseases.write_diseases
[2021-07-02 14:44:14,814] {logging_mixin.py:104} INFO - Running <TaskInstance: get_data_patient_and_diseases.diseases.write_diseases 2021-07-02T14:44:06.578496+00:00 [running]> on host airflowvm
[2021-07-02 14:44:14,965] {taskinstance.py:1280} INFO - Exporting the following env vars:
AIRFLOW_CTX_DAG_OWNER=airflow
AIRFLOW_CTX_DAG_ID=get_data_patient_and_diseases
AIRFLOW_CTX_TASK_ID=diseases.write_diseases
AIRFLOW_CTX_EXECUTION_DATE=2021-07-02T14:44:06.578496+00:00
AIRFLOW_CTX_DAG_RUN_ID=manual__2021-07-02T14:44:06.578496+00:00
[2021-07-02 14:44:14,966] {logging_mixin.py:104} INFO - diseases_treatment
[2021-07-02 14:44:14,992] {taskinstance.py:1481} ERROR - Task failed with exception
Traceback (most recent call last):
  File "/home/airflow/sandbox/lib/python3.8/site-packages/airflow/models/taskinstance.py", line 1137, in _run_raw_task
    self._prepare_and_execute_task_with_callbacks(context, task)
  File "/home/airflow/sandbox/lib/python3.8/site-packages/airflow/models/taskinstance.py", line 1311, in _prepare_and_execute_task_with_callbacks
    result = self._execute_task(context, task_copy)
  File "/home/airflow/sandbox/lib/python3.8/site-packages/airflow/models/taskinstance.py", line 1341, in _execute_task
    result = task_copy.execute(context=context)
  File "/home/airflow/sandbox/lib/python3.8/site-packages/airflow/operators/python.py", line 150, in execute
    return_value = self.execute_callable()
  File "/home/airflow/sandbox/lib/python3.8/site-packages/airflow/operators/python.py", line 161, in execute_callable
    return self.python_callable(*self.op_args, **self.op_kwargs)
  File "/home/airflow/airflow/dags/get_Data_Patient.py", line 65, in _write_users
    users = json.loads(users)
  File "/usr/lib/python3.8/json/__init__.py", line 341, in loads
    raise TypeError(f'the JSON object must be str, bytes or bytearray, '
TypeError: the JSON object must be str, bytes or bytearray, not NoneType
[2021-07-02 14:44:14,994] {taskinstance.py:1524} INFO - Marking task as FAILED. dag_id=get_data_patient_and_diseases, task_id=diseases.write_diseases, execution_date=20210702T144406, start_date=20210702T144414, end_date=20210702T144414
[2021-07-02 14:44:15,072] {local_task_job.py:151} INFO - Task exited with return code 1
