[2021-06-25 09:17:30,283] {taskinstance.py:876} INFO - Dependencies all met for <TaskInstance: parallel_dag.task_1 2020-02-23T00:00:00+00:00 [queued]>
[2021-06-25 09:17:30,479] {taskinstance.py:876} INFO - Dependencies all met for <TaskInstance: parallel_dag.task_1 2020-02-23T00:00:00+00:00 [queued]>
[2021-06-25 09:17:30,480] {taskinstance.py:1067} INFO - 
--------------------------------------------------------------------------------
[2021-06-25 09:17:30,487] {taskinstance.py:1068} INFO - Starting attempt 1 of 1
[2021-06-25 09:17:30,494] {taskinstance.py:1069} INFO - 
--------------------------------------------------------------------------------
[2021-06-25 09:17:30,605] {taskinstance.py:1087} INFO - Executing <Task(BashOperator): task_1> on 2020-02-23T00:00:00+00:00
[2021-06-25 09:17:30,628] {standard_task_runner.py:52} INFO - Started process 5012 to run task
[2021-06-25 09:17:30,694] {standard_task_runner.py:76} INFO - Running: ['airflow', 'tasks', 'run', 'parallel_dag', 'task_1', '2020-02-23T00:00:00+00:00', '--job-id', '211', '--pool', 'default_pool', '--raw', '--subdir', 'DAGS_FOLDER/parallel_dag.py', '--cfg-path', '/tmp/tmpgx1813ef', '--error-file', '/tmp/tmp34lh2hhf']
[2021-06-25 09:17:30,718] {standard_task_runner.py:77} INFO - Job 211: Subtask task_1
[2021-06-25 09:17:31,047] {logging_mixin.py:104} INFO - Running <TaskInstance: parallel_dag.task_1 2020-02-23T00:00:00+00:00 [running]> on host airflowvm
[2021-06-25 09:17:31,355] {taskinstance.py:1280} INFO - Exporting the following env vars:
AIRFLOW_CTX_DAG_OWNER=airflow
AIRFLOW_CTX_DAG_ID=parallel_dag
AIRFLOW_CTX_TASK_ID=task_1
AIRFLOW_CTX_EXECUTION_DATE=2020-02-23T00:00:00+00:00
AIRFLOW_CTX_DAG_RUN_ID=scheduled__2020-02-23T00:00:00+00:00
[2021-06-25 09:17:31,357] {subprocess.py:52} INFO - Tmp dir root location: 
 /tmp
[2021-06-25 09:17:31,360] {subprocess.py:63} INFO - Running command: ['bash', '-c', 'sleep 3']
[2021-06-25 09:17:31,406] {subprocess.py:75} INFO - Output:
[2021-06-25 09:17:34,448] {subprocess.py:83} INFO - Command exited with return code 0
[2021-06-25 09:17:34,652] {taskinstance.py:1184} INFO - Marking task as SUCCESS. dag_id=parallel_dag, task_id=task_1, execution_date=20200223T000000, start_date=20210625T091730, end_date=20210625T091734
[2021-06-25 09:17:35,091] {taskinstance.py:1245} INFO - 2 downstream tasks scheduled from follow-on schedule check
[2021-06-25 09:17:35,245] {local_task_job.py:151} INFO - Task exited with return code 0
