[2021-06-24 16:22:14,655] {taskinstance.py:876} INFO - Dependencies all met for <TaskInstance: parallel_dag.task_1 2020-01-07T00:00:00+00:00 [queued]>
[2021-06-24 16:22:14,668] {taskinstance.py:876} INFO - Dependencies all met for <TaskInstance: parallel_dag.task_1 2020-01-07T00:00:00+00:00 [queued]>
[2021-06-24 16:22:14,668] {taskinstance.py:1067} INFO - 
--------------------------------------------------------------------------------
[2021-06-24 16:22:14,668] {taskinstance.py:1068} INFO - Starting attempt 1 of 1
[2021-06-24 16:22:14,668] {taskinstance.py:1069} INFO - 
--------------------------------------------------------------------------------
[2021-06-24 16:22:14,697] {taskinstance.py:1087} INFO - Executing <Task(BashOperator): task_1> on 2020-01-07T00:00:00+00:00
[2021-06-24 16:22:14,698] {standard_task_runner.py:52} INFO - Started process 2081 to run task
[2021-06-24 16:22:14,712] {standard_task_runner.py:76} INFO - Running: ['airflow', 'tasks', 'run', 'parallel_dag', 'task_1', '2020-01-07T00:00:00+00:00', '--job-id', '62', '--pool', 'default_pool', '--raw', '--subdir', 'DAGS_FOLDER/parallel_dag.py', '--cfg-path', '/tmp/tmpjrgz2m40', '--error-file', '/tmp/tmpw7t7ljvz']
[2021-06-24 16:22:14,713] {standard_task_runner.py:77} INFO - Job 62: Subtask task_1
[2021-06-24 16:22:14,796] {logging_mixin.py:104} INFO - Running <TaskInstance: parallel_dag.task_1 2020-01-07T00:00:00+00:00 [running]> on host airflowvm
[2021-06-24 16:22:14,867] {taskinstance.py:1280} INFO - Exporting the following env vars:
AIRFLOW_CTX_DAG_OWNER=airflow
AIRFLOW_CTX_DAG_ID=parallel_dag
AIRFLOW_CTX_TASK_ID=task_1
AIRFLOW_CTX_EXECUTION_DATE=2020-01-07T00:00:00+00:00
AIRFLOW_CTX_DAG_RUN_ID=scheduled__2020-01-07T00:00:00+00:00
[2021-06-24 16:22:14,868] {subprocess.py:52} INFO - Tmp dir root location: 
 /tmp
[2021-06-24 16:22:14,868] {subprocess.py:63} INFO - Running command: ['bash', '-c', 'sleep 3']
[2021-06-24 16:22:14,878] {subprocess.py:75} INFO - Output:
[2021-06-24 16:22:17,910] {subprocess.py:83} INFO - Command exited with return code 0
[2021-06-24 16:22:17,929] {taskinstance.py:1184} INFO - Marking task as SUCCESS. dag_id=parallel_dag, task_id=task_1, execution_date=20200107T000000, start_date=20210624T162214, end_date=20210624T162217
[2021-06-24 16:22:17,961] {taskinstance.py:1245} INFO - 2 downstream tasks scheduled from follow-on schedule check
[2021-06-24 16:22:17,998] {local_task_job.py:151} INFO - Task exited with return code 0
[2021-06-24 17:03:33,734] {taskinstance.py:876} INFO - Dependencies all met for <TaskInstance: parallel_dag.task_1 2020-01-07T00:00:00+00:00 [queued]>
[2021-06-24 17:03:34,140] {taskinstance.py:876} INFO - Dependencies all met for <TaskInstance: parallel_dag.task_1 2020-01-07T00:00:00+00:00 [queued]>
[2021-06-24 17:03:34,141] {taskinstance.py:1067} INFO - 
--------------------------------------------------------------------------------
[2021-06-24 17:03:34,141] {taskinstance.py:1068} INFO - Starting attempt 1 of 1
[2021-06-24 17:03:34,141] {taskinstance.py:1069} INFO - 
--------------------------------------------------------------------------------
[2021-06-24 17:03:34,313] {taskinstance.py:1087} INFO - Executing <Task(BashOperator): task_1> on 2020-01-07T00:00:00+00:00
[2021-06-24 17:03:34,316] {standard_task_runner.py:52} INFO - Started process 8729 to run task
[2021-06-24 17:03:34,410] {standard_task_runner.py:76} INFO - Running: ['airflow', 'tasks', 'run', 'parallel_dag', 'task_1', '2020-01-07T00:00:00+00:00', '--job-id', '8', '--pool', 'default_pool', '--raw', '--subdir', 'DAGS_FOLDER/parallel_dag.py', '--cfg-path', '/tmp/tmpo0qo_zvb', '--error-file', '/tmp/tmpoz_jqgqt']
[2021-06-24 17:03:34,412] {standard_task_runner.py:77} INFO - Job 8: Subtask task_1
[2021-06-24 17:03:35,346] {logging_mixin.py:104} INFO - Running <TaskInstance: parallel_dag.task_1 2020-01-07T00:00:00+00:00 [running]> on host airflowvm
[2021-06-24 17:03:36,347] {taskinstance.py:1280} INFO - Exporting the following env vars:
AIRFLOW_CTX_DAG_OWNER=airflow
AIRFLOW_CTX_DAG_ID=parallel_dag
AIRFLOW_CTX_TASK_ID=task_1
AIRFLOW_CTX_EXECUTION_DATE=2020-01-07T00:00:00+00:00
AIRFLOW_CTX_DAG_RUN_ID=scheduled__2020-01-07T00:00:00+00:00
[2021-06-24 17:03:36,354] {subprocess.py:52} INFO - Tmp dir root location: 
 /tmp
[2021-06-24 17:03:36,362] {subprocess.py:63} INFO - Running command: ['bash', '-c', 'sleep 3']
[2021-06-24 17:03:36,487] {subprocess.py:75} INFO - Output:
[2021-06-24 17:03:39,577] {subprocess.py:83} INFO - Command exited with return code 0
[2021-06-24 17:03:40,891] {taskinstance.py:1184} INFO - Marking task as SUCCESS. dag_id=parallel_dag, task_id=task_1, execution_date=20200107T000000, start_date=20210624T170333, end_date=20210624T170340
[2021-06-24 17:03:44,855] {taskinstance.py:1245} INFO - 0 downstream tasks scheduled from follow-on schedule check
[2021-06-24 17:03:44,919] {local_task_job.py:151} INFO - Task exited with return code 0
