[2021-06-25 09:20:20,859] {taskinstance.py:876} INFO - Dependencies all met for <TaskInstance: parallel_dag.task_4 2020-03-24T00:00:00+00:00 [queued]>
[2021-06-25 09:20:21,134] {taskinstance.py:876} INFO - Dependencies all met for <TaskInstance: parallel_dag.task_4 2020-03-24T00:00:00+00:00 [queued]>
[2021-06-25 09:20:21,135] {taskinstance.py:1067} INFO - 
--------------------------------------------------------------------------------
[2021-06-25 09:20:21,136] {taskinstance.py:1068} INFO - Starting attempt 1 of 1
[2021-06-25 09:20:21,140] {taskinstance.py:1069} INFO - 
--------------------------------------------------------------------------------
[2021-06-25 09:20:21,257] {taskinstance.py:1087} INFO - Executing <Task(BashOperator): task_4> on 2020-03-24T00:00:00+00:00
[2021-06-25 09:20:21,281] {standard_task_runner.py:52} INFO - Started process 9816 to run task
[2021-06-25 09:20:21,381] {standard_task_runner.py:76} INFO - Running: ['airflow', 'tasks', 'run', 'parallel_dag', 'task_4', '2020-03-24T00:00:00+00:00', '--job-id', '352', '--pool', 'default_pool', '--raw', '--subdir', 'DAGS_FOLDER/parallel_dag.py', '--cfg-path', '/tmp/tmp6qk7wur0', '--error-file', '/tmp/tmpeujinoyd']
[2021-06-25 09:20:21,394] {standard_task_runner.py:77} INFO - Job 352: Subtask task_4
[2021-06-25 09:20:22,115] {logging_mixin.py:104} INFO - Running <TaskInstance: parallel_dag.task_4 2020-03-24T00:00:00+00:00 [running]> on host airflowvm
[2021-06-25 09:20:22,580] {taskinstance.py:1280} INFO - Exporting the following env vars:
AIRFLOW_CTX_DAG_OWNER=airflow
AIRFLOW_CTX_DAG_ID=parallel_dag
AIRFLOW_CTX_TASK_ID=task_4
AIRFLOW_CTX_EXECUTION_DATE=2020-03-24T00:00:00+00:00
AIRFLOW_CTX_DAG_RUN_ID=scheduled__2020-03-24T00:00:00+00:00
[2021-06-25 09:20:22,581] {subprocess.py:52} INFO - Tmp dir root location: 
 /tmp
[2021-06-25 09:20:22,582] {subprocess.py:63} INFO - Running command: ['bash', '-c', 'sleep 3']
[2021-06-25 09:20:22,668] {subprocess.py:75} INFO - Output:
[2021-06-25 09:20:25,680] {subprocess.py:83} INFO - Command exited with return code 0
[2021-06-25 09:20:25,730] {taskinstance.py:1184} INFO - Marking task as SUCCESS. dag_id=parallel_dag, task_id=task_4, execution_date=20200324T000000, start_date=20210625T092020, end_date=20210625T092025
[2021-06-25 09:20:25,780] {taskinstance.py:1245} INFO - 0 downstream tasks scheduled from follow-on schedule check
[2021-06-25 09:20:25,804] {local_task_job.py:151} INFO - Task exited with return code 0
