[2021-06-24 17:05:46,720] {taskinstance.py:876} INFO - Dependencies all met for <TaskInstance: parallel_dag.task_2 2020-01-23T00:00:00+00:00 [queued]>
[2021-06-24 17:05:47,049] {taskinstance.py:876} INFO - Dependencies all met for <TaskInstance: parallel_dag.task_2 2020-01-23T00:00:00+00:00 [queued]>
[2021-06-24 17:05:47,052] {taskinstance.py:1067} INFO - 
--------------------------------------------------------------------------------
[2021-06-24 17:05:47,055] {taskinstance.py:1068} INFO - Starting attempt 1 of 1
[2021-06-24 17:05:47,055] {taskinstance.py:1069} INFO - 
--------------------------------------------------------------------------------
[2021-06-24 17:05:47,330] {taskinstance.py:1087} INFO - Executing <Task(BashOperator): task_2> on 2020-01-23T00:00:00+00:00
[2021-06-24 17:05:47,416] {standard_task_runner.py:52} INFO - Started process 11677 to run task
[2021-06-24 17:05:47,613] {standard_task_runner.py:76} INFO - Running: ['airflow', 'tasks', 'run', 'parallel_dag', 'task_2', '2020-01-23T00:00:00+00:00', '--job-id', '94', '--pool', 'default_pool', '--raw', '--subdir', 'DAGS_FOLDER/parallel_dag.py', '--cfg-path', '/tmp/tmpc4k5bzfz', '--error-file', '/tmp/tmp31cft8wn']
[2021-06-24 17:05:47,618] {standard_task_runner.py:77} INFO - Job 94: Subtask task_2
[2021-06-24 17:05:49,436] {logging_mixin.py:104} INFO - Running <TaskInstance: parallel_dag.task_2 2020-01-23T00:00:00+00:00 [running]> on host airflowvm
[2021-06-24 17:05:50,490] {taskinstance.py:1280} INFO - Exporting the following env vars:
AIRFLOW_CTX_DAG_OWNER=airflow
AIRFLOW_CTX_DAG_ID=parallel_dag
AIRFLOW_CTX_TASK_ID=task_2
AIRFLOW_CTX_EXECUTION_DATE=2020-01-23T00:00:00+00:00
AIRFLOW_CTX_DAG_RUN_ID=scheduled__2020-01-23T00:00:00+00:00
[2021-06-24 17:05:50,491] {subprocess.py:52} INFO - Tmp dir root location: 
 /tmp
[2021-06-24 17:05:50,492] {subprocess.py:63} INFO - Running command: ['bash', '-c', 'sleep 3']
[2021-06-24 17:05:50,580] {subprocess.py:75} INFO - Output:
[2021-06-24 17:05:53,597] {subprocess.py:83} INFO - Command exited with return code 0
[2021-06-24 17:05:54,349] {taskinstance.py:1184} INFO - Marking task as SUCCESS. dag_id=parallel_dag, task_id=task_2, execution_date=20200123T000000, start_date=20210624T170546, end_date=20210624T170554
[2021-06-24 17:05:55,938] {taskinstance.py:1245} INFO - 1 downstream tasks scheduled from follow-on schedule check
[2021-06-24 17:05:56,045] {local_task_job.py:151} INFO - Task exited with return code 0
