[2021-07-02 15:56:23,229] {taskinstance.py:876} INFO - Dependencies all met for <TaskInstance: get_diseases.write_diseases 2021-07-02T15:55:00.013314+00:00 [queued]>
[2021-07-02 15:56:23,267] {taskinstance.py:876} INFO - Dependencies all met for <TaskInstance: get_diseases.write_diseases 2021-07-02T15:55:00.013314+00:00 [queued]>
[2021-07-02 15:56:23,267] {taskinstance.py:1067} INFO - 
--------------------------------------------------------------------------------
[2021-07-02 15:56:23,267] {taskinstance.py:1068} INFO - Starting attempt 2 of 2
[2021-07-02 15:56:23,268] {taskinstance.py:1069} INFO - 
--------------------------------------------------------------------------------
[2021-07-02 15:56:23,304] {taskinstance.py:1087} INFO - Executing <Task(PythonOperator): write_diseases> on 2021-07-02T15:55:00.013314+00:00
[2021-07-02 15:56:23,310] {standard_task_runner.py:52} INFO - Started process 18154 to run task
[2021-07-02 15:56:23,318] {standard_task_runner.py:76} INFO - Running: ['airflow', 'tasks', 'run', 'get_diseases', 'write_diseases', '2021-07-02T15:55:00.013314+00:00', '--job-id', '1112', '--pool', 'default_pool', '--raw', '--subdir', 'DAGS_FOLDER/get_Data_Diseases.py', '--cfg-path', '/tmp/tmppxgv308d', '--error-file', '/tmp/tmpa0ky2fic']
[2021-07-02 15:56:23,320] {standard_task_runner.py:77} INFO - Job 1112: Subtask write_diseases
[2021-07-02 15:56:23,426] {logging_mixin.py:104} INFO - Running <TaskInstance: get_diseases.write_diseases 2021-07-02T15:55:00.013314+00:00 [running]> on host airflowvm
[2021-07-02 15:56:23,562] {taskinstance.py:1280} INFO - Exporting the following env vars:
AIRFLOW_CTX_DAG_OWNER=airflow
AIRFLOW_CTX_DAG_ID=get_diseases
AIRFLOW_CTX_TASK_ID=write_diseases
AIRFLOW_CTX_EXECUTION_DATE=2021-07-02T15:55:00.013314+00:00
AIRFLOW_CTX_DAG_RUN_ID=manual__2021-07-02T15:55:00.013314+00:00
[2021-07-02 15:56:23,582] {taskinstance.py:1481} ERROR - Task failed with exception
Traceback (most recent call last):
  File "/home/airflow/sandbox/lib/python3.8/site-packages/airflow/models/taskinstance.py", line 1137, in _run_raw_task
    self._prepare_and_execute_task_with_callbacks(context, task)
  File "/home/airflow/sandbox/lib/python3.8/site-packages/airflow/models/taskinstance.py", line 1311, in _prepare_and_execute_task_with_callbacks
    result = self._execute_task(context, task_copy)
  File "/home/airflow/sandbox/lib/python3.8/site-packages/airflow/models/taskinstance.py", line 1341, in _execute_task
    result = task_copy.execute(context=context)
  File "/home/airflow/sandbox/lib/python3.8/site-packages/airflow/operators/python.py", line 150, in execute
    return_value = self.execute_callable()
  File "/home/airflow/sandbox/lib/python3.8/site-packages/airflow/operators/python.py", line 161, in execute_callable
    return self.python_callable(*self.op_args, **self.op_kwargs)
  File "/home/airflow/airflow/dags/get_Data_Diseases.py", line 53, in _write_users
    users = json.loads(users)
  File "/usr/lib/python3.8/json/__init__.py", line 341, in loads
    raise TypeError(f'the JSON object must be str, bytes or bytearray, '
TypeError: the JSON object must be str, bytes or bytearray, not NoneType
[2021-07-02 15:56:23,586] {taskinstance.py:1524} INFO - Marking task as FAILED. dag_id=get_diseases, task_id=write_diseases, execution_date=20210702T155500, start_date=20210702T155623, end_date=20210702T155623
[2021-07-02 15:56:23,656] {local_task_job.py:151} INFO - Task exited with return code 1
