[2021-06-25 14:49:49,655] {taskinstance.py:876} INFO - Dependencies all met for <TaskInstance: xcom_dag.processing_tasks.training_model_a 2021-06-25T14:49:43.590982+00:00 [queued]>
[2021-06-25 14:49:49,744] {taskinstance.py:876} INFO - Dependencies all met for <TaskInstance: xcom_dag.processing_tasks.training_model_a 2021-06-25T14:49:43.590982+00:00 [queued]>
[2021-06-25 14:49:49,750] {taskinstance.py:1067} INFO - 
--------------------------------------------------------------------------------
[2021-06-25 14:49:49,752] {taskinstance.py:1068} INFO - Starting attempt 1 of 1
[2021-06-25 14:49:49,753] {taskinstance.py:1069} INFO - 
--------------------------------------------------------------------------------
[2021-06-25 14:49:49,787] {taskinstance.py:1087} INFO - Executing <Task(PythonOperator): processing_tasks.training_model_a> on 2021-06-25T14:49:43.590982+00:00
[2021-06-25 14:49:49,805] {standard_task_runner.py:52} INFO - Started process 8264 to run task
[2021-06-25 14:49:49,856] {standard_task_runner.py:76} INFO - Running: ['airflow', 'tasks', 'run', 'xcom_dag', 'processing_tasks.training_model_a', '2021-06-25T14:49:43.590982+00:00', '--job-id', '451', '--pool', 'default_pool', '--raw', '--subdir', 'DAGS_FOLDER/xcom_dag.py', '--cfg-path', '/tmp/tmpgm69ntt2', '--error-file', '/tmp/tmpt3ohf3t3']
[2021-06-25 14:49:49,857] {standard_task_runner.py:77} INFO - Job 451: Subtask processing_tasks.training_model_a
[2021-06-25 14:49:50,448] {logging_mixin.py:104} INFO - Running <TaskInstance: xcom_dag.processing_tasks.training_model_a 2021-06-25T14:49:43.590982+00:00 [running]> on host airflowvm
[2021-06-25 14:49:51,217] {taskinstance.py:1280} INFO - Exporting the following env vars:
AIRFLOW_CTX_DAG_OWNER=airflow
AIRFLOW_CTX_DAG_ID=xcom_dag
AIRFLOW_CTX_TASK_ID=processing_tasks.training_model_a
AIRFLOW_CTX_EXECUTION_DATE=2021-06-25T14:49:43.590982+00:00
AIRFLOW_CTX_DAG_RUN_ID=manual__2021-06-25T14:49:43.590982+00:00
[2021-06-25 14:49:51,219] {logging_mixin.py:104} INFO - model's accuracy: 0.15809931189338244
[2021-06-25 14:49:51,383] {python.py:151} INFO - Done. Returned value was: None
[2021-06-25 14:49:51,485] {taskinstance.py:1184} INFO - Marking task as SUCCESS. dag_id=xcom_dag, task_id=processing_tasks.training_model_a, execution_date=20210625T144943, start_date=20210625T144949, end_date=20210625T144951
[2021-06-25 14:49:51,811] {taskinstance.py:1245} INFO - 0 downstream tasks scheduled from follow-on schedule check
[2021-06-25 14:49:51,847] {local_task_job.py:151} INFO - Task exited with return code 0
