[2021-06-24 16:28:28,455] {taskinstance.py:876} INFO - Dependencies all met for <TaskInstance: parallel_dag.task_2 2020-01-18T00:00:00+00:00 [queued]>
[2021-06-24 16:28:28,475] {taskinstance.py:876} INFO - Dependencies all met for <TaskInstance: parallel_dag.task_2 2020-01-18T00:00:00+00:00 [queued]>
[2021-06-24 16:28:28,475] {taskinstance.py:1067} INFO - 
--------------------------------------------------------------------------------
[2021-06-24 16:28:28,476] {taskinstance.py:1068} INFO - Starting attempt 1 of 1
[2021-06-24 16:28:28,476] {taskinstance.py:1069} INFO - 
--------------------------------------------------------------------------------
[2021-06-24 16:28:28,501] {taskinstance.py:1087} INFO - Executing <Task(BashOperator): task_2> on 2020-01-18T00:00:00+00:00
[2021-06-24 16:28:28,505] {standard_task_runner.py:52} INFO - Started process 2623 to run task
[2021-06-24 16:28:28,520] {standard_task_runner.py:76} INFO - Running: ['airflow', 'tasks', 'run', 'parallel_dag', 'task_2', '2020-01-18T00:00:00+00:00', '--job-id', '111', '--pool', 'default_pool', '--raw', '--subdir', 'DAGS_FOLDER/parallel_dag.py', '--cfg-path', '/tmp/tmpt5d76bfo', '--error-file', '/tmp/tmpni06mtjd']
[2021-06-24 16:28:28,521] {standard_task_runner.py:77} INFO - Job 111: Subtask task_2
[2021-06-24 16:28:28,639] {logging_mixin.py:104} INFO - Running <TaskInstance: parallel_dag.task_2 2020-01-18T00:00:00+00:00 [running]> on host airflowvm
[2021-06-24 16:28:28,779] {taskinstance.py:1280} INFO - Exporting the following env vars:
AIRFLOW_CTX_DAG_OWNER=airflow
AIRFLOW_CTX_DAG_ID=parallel_dag
AIRFLOW_CTX_TASK_ID=task_2
AIRFLOW_CTX_EXECUTION_DATE=2020-01-18T00:00:00+00:00
AIRFLOW_CTX_DAG_RUN_ID=scheduled__2020-01-18T00:00:00+00:00
[2021-06-24 16:28:28,782] {subprocess.py:52} INFO - Tmp dir root location: 
 /tmp
[2021-06-24 16:28:28,784] {subprocess.py:63} INFO - Running command: ['bash', '-c', 'sleep 3']
[2021-06-24 16:28:28,800] {subprocess.py:75} INFO - Output:
[2021-06-24 16:28:31,806] {subprocess.py:83} INFO - Command exited with return code 0
[2021-06-24 16:28:31,899] {taskinstance.py:1184} INFO - Marking task as SUCCESS. dag_id=parallel_dag, task_id=task_2, execution_date=20200118T000000, start_date=20210624T162828, end_date=20210624T162831
[2021-06-24 16:28:31,957] {taskinstance.py:1245} INFO - 0 downstream tasks scheduled from follow-on schedule check
[2021-06-24 16:28:31,971] {local_task_job.py:151} INFO - Task exited with return code 0
[2021-06-24 17:05:29,773] {taskinstance.py:876} INFO - Dependencies all met for <TaskInstance: parallel_dag.task_2 2020-01-18T00:00:00+00:00 [queued]>
[2021-06-24 17:05:30,084] {taskinstance.py:876} INFO - Dependencies all met for <TaskInstance: parallel_dag.task_2 2020-01-18T00:00:00+00:00 [queued]>
[2021-06-24 17:05:30,089] {taskinstance.py:1067} INFO - 
--------------------------------------------------------------------------------
[2021-06-24 17:05:30,093] {taskinstance.py:1068} INFO - Starting attempt 1 of 1
[2021-06-24 17:05:30,101] {taskinstance.py:1069} INFO - 
--------------------------------------------------------------------------------
[2021-06-24 17:05:30,288] {taskinstance.py:1087} INFO - Executing <Task(BashOperator): task_2> on 2020-01-18T00:00:00+00:00
[2021-06-24 17:05:30,403] {standard_task_runner.py:52} INFO - Started process 11187 to run task
[2021-06-24 17:05:30,525] {standard_task_runner.py:76} INFO - Running: ['airflow', 'tasks', 'run', 'parallel_dag', 'task_2', '2020-01-18T00:00:00+00:00', '--job-id', '78', '--pool', 'default_pool', '--raw', '--subdir', 'DAGS_FOLDER/parallel_dag.py', '--cfg-path', '/tmp/tmp7zrol3no', '--error-file', '/tmp/tmp7f4gxr_b']
[2021-06-24 17:05:30,526] {standard_task_runner.py:77} INFO - Job 78: Subtask task_2
[2021-06-24 17:05:31,515] {logging_mixin.py:104} INFO - Running <TaskInstance: parallel_dag.task_2 2020-01-18T00:00:00+00:00 [running]> on host airflowvm
[2021-06-24 17:05:32,682] {taskinstance.py:1280} INFO - Exporting the following env vars:
AIRFLOW_CTX_DAG_OWNER=airflow
AIRFLOW_CTX_DAG_ID=parallel_dag
AIRFLOW_CTX_TASK_ID=task_2
AIRFLOW_CTX_EXECUTION_DATE=2020-01-18T00:00:00+00:00
AIRFLOW_CTX_DAG_RUN_ID=scheduled__2020-01-18T00:00:00+00:00
[2021-06-24 17:05:32,683] {subprocess.py:52} INFO - Tmp dir root location: 
 /tmp
[2021-06-24 17:05:32,684] {subprocess.py:63} INFO - Running command: ['bash', '-c', 'sleep 3']
[2021-06-24 17:05:32,750] {subprocess.py:75} INFO - Output:
[2021-06-24 17:05:35,756] {subprocess.py:83} INFO - Command exited with return code 0
[2021-06-24 17:05:36,482] {taskinstance.py:1184} INFO - Marking task as SUCCESS. dag_id=parallel_dag, task_id=task_2, execution_date=20200118T000000, start_date=20210624T170529, end_date=20210624T170536
[2021-06-24 17:05:37,703] {taskinstance.py:1245} INFO - 0 downstream tasks scheduled from follow-on schedule check
[2021-06-24 17:05:37,756] {local_task_job.py:151} INFO - Task exited with return code 0
