[2021-06-24 17:05:29,925] {taskinstance.py:876} INFO - Dependencies all met for <TaskInstance: parallel_dag.task_1 2020-01-27T00:00:00+00:00 [queued]>
[2021-06-24 17:05:30,234] {taskinstance.py:876} INFO - Dependencies all met for <TaskInstance: parallel_dag.task_1 2020-01-27T00:00:00+00:00 [queued]>
[2021-06-24 17:05:30,234] {taskinstance.py:1067} INFO - 
--------------------------------------------------------------------------------
[2021-06-24 17:05:30,234] {taskinstance.py:1068} INFO - Starting attempt 1 of 1
[2021-06-24 17:05:30,235] {taskinstance.py:1069} INFO - 
--------------------------------------------------------------------------------
[2021-06-24 17:05:30,471] {taskinstance.py:1087} INFO - Executing <Task(BashOperator): task_1> on 2020-01-27T00:00:00+00:00
[2021-06-24 17:05:30,585] {standard_task_runner.py:52} INFO - Started process 11192 to run task
[2021-06-24 17:05:30,628] {standard_task_runner.py:76} INFO - Running: ['airflow', 'tasks', 'run', 'parallel_dag', 'task_1', '2020-01-27T00:00:00+00:00', '--job-id', '77', '--pool', 'default_pool', '--raw', '--subdir', 'DAGS_FOLDER/parallel_dag.py', '--cfg-path', '/tmp/tmphiu_nn1b', '--error-file', '/tmp/tmp2n20kkir']
[2021-06-24 17:05:30,637] {standard_task_runner.py:77} INFO - Job 77: Subtask task_1
[2021-06-24 17:05:31,307] {logging_mixin.py:104} INFO - Running <TaskInstance: parallel_dag.task_1 2020-01-27T00:00:00+00:00 [running]> on host airflowvm
[2021-06-24 17:05:32,522] {taskinstance.py:1280} INFO - Exporting the following env vars:
AIRFLOW_CTX_DAG_OWNER=airflow
AIRFLOW_CTX_DAG_ID=parallel_dag
AIRFLOW_CTX_TASK_ID=task_1
AIRFLOW_CTX_EXECUTION_DATE=2020-01-27T00:00:00+00:00
AIRFLOW_CTX_DAG_RUN_ID=scheduled__2020-01-27T00:00:00+00:00
[2021-06-24 17:05:32,533] {subprocess.py:52} INFO - Tmp dir root location: 
 /tmp
[2021-06-24 17:05:32,534] {subprocess.py:63} INFO - Running command: ['bash', '-c', 'sleep 3']
[2021-06-24 17:05:32,692] {subprocess.py:75} INFO - Output:
[2021-06-24 17:05:35,701] {subprocess.py:83} INFO - Command exited with return code 0
[2021-06-24 17:05:36,366] {taskinstance.py:1184} INFO - Marking task as SUCCESS. dag_id=parallel_dag, task_id=task_1, execution_date=20200127T000000, start_date=20210624T170529, end_date=20210624T170536
[2021-06-24 17:05:37,864] {taskinstance.py:1245} INFO - 2 downstream tasks scheduled from follow-on schedule check
[2021-06-24 17:05:37,936] {local_task_job.py:151} INFO - Task exited with return code 0
