[2021-06-24 17:05:38,749] {taskinstance.py:876} INFO - Dependencies all met for <TaskInstance: parallel_dag.task_3 2020-01-22T00:00:00+00:00 [queued]>
[2021-06-24 17:05:39,093] {taskinstance.py:876} INFO - Dependencies all met for <TaskInstance: parallel_dag.task_3 2020-01-22T00:00:00+00:00 [queued]>
[2021-06-24 17:05:39,094] {taskinstance.py:1067} INFO - 
--------------------------------------------------------------------------------
[2021-06-24 17:05:39,094] {taskinstance.py:1068} INFO - Starting attempt 1 of 1
[2021-06-24 17:05:39,094] {taskinstance.py:1069} INFO - 
--------------------------------------------------------------------------------
[2021-06-24 17:05:39,433] {taskinstance.py:1087} INFO - Executing <Task(BashOperator): task_3> on 2020-01-22T00:00:00+00:00
[2021-06-24 17:05:39,512] {standard_task_runner.py:52} INFO - Started process 11466 to run task
[2021-06-24 17:05:39,732] {standard_task_runner.py:76} INFO - Running: ['airflow', 'tasks', 'run', 'parallel_dag', 'task_3', '2020-01-22T00:00:00+00:00', '--job-id', '89', '--pool', 'default_pool', '--raw', '--subdir', 'DAGS_FOLDER/parallel_dag.py', '--cfg-path', '/tmp/tmpow0ldwia', '--error-file', '/tmp/tmp6yitcfbv']
[2021-06-24 17:05:39,751] {standard_task_runner.py:77} INFO - Job 89: Subtask task_3
[2021-06-24 17:05:40,750] {logging_mixin.py:104} INFO - Running <TaskInstance: parallel_dag.task_3 2020-01-22T00:00:00+00:00 [running]> on host airflowvm
[2021-06-24 17:05:41,369] {taskinstance.py:1280} INFO - Exporting the following env vars:
AIRFLOW_CTX_DAG_OWNER=airflow
AIRFLOW_CTX_DAG_ID=parallel_dag
AIRFLOW_CTX_TASK_ID=task_3
AIRFLOW_CTX_EXECUTION_DATE=2020-01-22T00:00:00+00:00
AIRFLOW_CTX_DAG_RUN_ID=scheduled__2020-01-22T00:00:00+00:00
[2021-06-24 17:05:41,371] {subprocess.py:52} INFO - Tmp dir root location: 
 /tmp
[2021-06-24 17:05:41,371] {subprocess.py:63} INFO - Running command: ['bash', '-c', 'sleep 3']
[2021-06-24 17:05:41,468] {subprocess.py:75} INFO - Output:
[2021-06-24 17:05:44,521] {subprocess.py:83} INFO - Command exited with return code 0
[2021-06-24 17:05:45,060] {taskinstance.py:1184} INFO - Marking task as SUCCESS. dag_id=parallel_dag, task_id=task_3, execution_date=20200122T000000, start_date=20210624T170538, end_date=20210624T170545
[2021-06-24 17:05:47,373] {taskinstance.py:1245} INFO - 0 downstream tasks scheduled from follow-on schedule check
[2021-06-24 17:05:47,632] {local_task_job.py:151} INFO - Task exited with return code 0
