[2021-06-24 17:07:10,770] {taskinstance.py:876} INFO - Dependencies all met for <TaskInstance: parallel_dag.task_1 2020-02-14T00:00:00+00:00 [queued]>
[2021-06-24 17:07:10,861] {taskinstance.py:876} INFO - Dependencies all met for <TaskInstance: parallel_dag.task_1 2020-02-14T00:00:00+00:00 [queued]>
[2021-06-24 17:07:10,863] {taskinstance.py:1067} INFO - 
--------------------------------------------------------------------------------
[2021-06-24 17:07:10,864] {taskinstance.py:1068} INFO - Starting attempt 1 of 1
[2021-06-24 17:07:10,865] {taskinstance.py:1069} INFO - 
--------------------------------------------------------------------------------
[2021-06-24 17:07:10,934] {taskinstance.py:1087} INFO - Executing <Task(BashOperator): task_1> on 2020-02-14T00:00:00+00:00
[2021-06-24 17:07:10,946] {standard_task_runner.py:52} INFO - Started process 13820 to run task
[2021-06-24 17:07:11,008] {standard_task_runner.py:76} INFO - Running: ['airflow', 'tasks', 'run', 'parallel_dag', 'task_1', '2020-02-14T00:00:00+00:00', '--job-id', '153', '--pool', 'default_pool', '--raw', '--subdir', 'DAGS_FOLDER/parallel_dag.py', '--cfg-path', '/tmp/tmpechvw5gh', '--error-file', '/tmp/tmp2fz3cc76']
[2021-06-24 17:07:11,010] {standard_task_runner.py:77} INFO - Job 153: Subtask task_1
[2021-06-24 17:07:11,745] {logging_mixin.py:104} INFO - Running <TaskInstance: parallel_dag.task_1 2020-02-14T00:00:00+00:00 [running]> on host airflowvm
[2021-06-24 17:07:12,888] {taskinstance.py:1280} INFO - Exporting the following env vars:
AIRFLOW_CTX_DAG_OWNER=airflow
AIRFLOW_CTX_DAG_ID=parallel_dag
AIRFLOW_CTX_TASK_ID=task_1
AIRFLOW_CTX_EXECUTION_DATE=2020-02-14T00:00:00+00:00
AIRFLOW_CTX_DAG_RUN_ID=scheduled__2020-02-14T00:00:00+00:00
[2021-06-24 17:07:12,890] {subprocess.py:52} INFO - Tmp dir root location: 
 /tmp
[2021-06-24 17:07:12,891] {subprocess.py:63} INFO - Running command: ['bash', '-c', 'sleep 3']
[2021-06-24 17:07:12,953] {subprocess.py:75} INFO - Output:
[2021-06-24 17:07:16,020] {subprocess.py:83} INFO - Command exited with return code 0
[2021-06-24 17:07:16,286] {taskinstance.py:1184} INFO - Marking task as SUCCESS. dag_id=parallel_dag, task_id=task_1, execution_date=20200214T000000, start_date=20210624T170710, end_date=20210624T170716
[2021-06-24 17:07:16,744] {taskinstance.py:1245} INFO - 2 downstream tasks scheduled from follow-on schedule check
[2021-06-24 17:07:16,846] {local_task_job.py:151} INFO - Task exited with return code 0
