[2021-06-24 16:27:51,211] {taskinstance.py:876} INFO - Dependencies all met for <TaskInstance: parallel_dag.task_4 2020-01-15T00:00:00+00:00 [queued]>
[2021-06-24 16:27:51,221] {taskinstance.py:876} INFO - Dependencies all met for <TaskInstance: parallel_dag.task_4 2020-01-15T00:00:00+00:00 [queued]>
[2021-06-24 16:27:51,221] {taskinstance.py:1067} INFO - 
--------------------------------------------------------------------------------
[2021-06-24 16:27:51,222] {taskinstance.py:1068} INFO - Starting attempt 1 of 1
[2021-06-24 16:27:51,222] {taskinstance.py:1069} INFO - 
--------------------------------------------------------------------------------
[2021-06-24 16:27:51,258] {taskinstance.py:1087} INFO - Executing <Task(BashOperator): task_4> on 2020-01-15T00:00:00+00:00
[2021-06-24 16:27:51,261] {standard_task_runner.py:52} INFO - Started process 2568 to run task
[2021-06-24 16:27:51,267] {standard_task_runner.py:76} INFO - Running: ['airflow', 'tasks', 'run', 'parallel_dag', 'task_4', '2020-01-15T00:00:00+00:00', '--job-id', '105', '--pool', 'default_pool', '--raw', '--subdir', 'DAGS_FOLDER/parallel_dag.py', '--cfg-path', '/tmp/tmpzg8ddgdx', '--error-file', '/tmp/tmp4afjr7hk']
[2021-06-24 16:27:51,269] {standard_task_runner.py:77} INFO - Job 105: Subtask task_4
[2021-06-24 16:27:51,335] {logging_mixin.py:104} INFO - Running <TaskInstance: parallel_dag.task_4 2020-01-15T00:00:00+00:00 [running]> on host airflowvm
[2021-06-24 16:27:51,432] {taskinstance.py:1280} INFO - Exporting the following env vars:
AIRFLOW_CTX_DAG_OWNER=airflow
AIRFLOW_CTX_DAG_ID=parallel_dag
AIRFLOW_CTX_TASK_ID=task_4
AIRFLOW_CTX_EXECUTION_DATE=2020-01-15T00:00:00+00:00
AIRFLOW_CTX_DAG_RUN_ID=scheduled__2020-01-15T00:00:00+00:00
[2021-06-24 16:27:51,433] {subprocess.py:52} INFO - Tmp dir root location: 
 /tmp
[2021-06-24 16:27:51,434] {subprocess.py:63} INFO - Running command: ['bash', '-c', 'sleep 3']
[2021-06-24 16:27:51,441] {subprocess.py:75} INFO - Output:
[2021-06-24 16:27:54,444] {subprocess.py:83} INFO - Command exited with return code 0
[2021-06-24 16:27:54,466] {taskinstance.py:1184} INFO - Marking task as SUCCESS. dag_id=parallel_dag, task_id=task_4, execution_date=20200115T000000, start_date=20210624T162751, end_date=20210624T162754
[2021-06-24 16:27:54,492] {taskinstance.py:1245} INFO - 0 downstream tasks scheduled from follow-on schedule check
[2021-06-24 16:27:54,518] {local_task_job.py:151} INFO - Task exited with return code 0
[2021-06-24 17:05:07,550] {taskinstance.py:876} INFO - Dependencies all met for <TaskInstance: parallel_dag.task_4 2020-01-15T00:00:00+00:00 [queued]>
[2021-06-24 17:05:07,647] {taskinstance.py:876} INFO - Dependencies all met for <TaskInstance: parallel_dag.task_4 2020-01-15T00:00:00+00:00 [queued]>
[2021-06-24 17:05:07,647] {taskinstance.py:1067} INFO - 
--------------------------------------------------------------------------------
[2021-06-24 17:05:07,647] {taskinstance.py:1068} INFO - Starting attempt 1 of 1
[2021-06-24 17:05:07,648] {taskinstance.py:1069} INFO - 
--------------------------------------------------------------------------------
[2021-06-24 17:05:07,690] {taskinstance.py:1087} INFO - Executing <Task(BashOperator): task_4> on 2020-01-15T00:00:00+00:00
[2021-06-24 17:05:07,698] {standard_task_runner.py:52} INFO - Started process 10629 to run task
[2021-06-24 17:05:07,729] {standard_task_runner.py:76} INFO - Running: ['airflow', 'tasks', 'run', 'parallel_dag', 'task_4', '2020-01-15T00:00:00+00:00', '--job-id', '64', '--pool', 'default_pool', '--raw', '--subdir', 'DAGS_FOLDER/parallel_dag.py', '--cfg-path', '/tmp/tmpv_gnghzb', '--error-file', '/tmp/tmpl1efsifm']
[2021-06-24 17:05:07,733] {standard_task_runner.py:77} INFO - Job 64: Subtask task_4
[2021-06-24 17:05:08,132] {logging_mixin.py:104} INFO - Running <TaskInstance: parallel_dag.task_4 2020-01-15T00:00:00+00:00 [running]> on host airflowvm
[2021-06-24 17:05:09,176] {taskinstance.py:1280} INFO - Exporting the following env vars:
AIRFLOW_CTX_DAG_OWNER=airflow
AIRFLOW_CTX_DAG_ID=parallel_dag
AIRFLOW_CTX_TASK_ID=task_4
AIRFLOW_CTX_EXECUTION_DATE=2020-01-15T00:00:00+00:00
AIRFLOW_CTX_DAG_RUN_ID=scheduled__2020-01-15T00:00:00+00:00
[2021-06-24 17:05:09,179] {subprocess.py:52} INFO - Tmp dir root location: 
 /tmp
[2021-06-24 17:05:09,180] {subprocess.py:63} INFO - Running command: ['bash', '-c', 'sleep 3']
[2021-06-24 17:05:09,370] {subprocess.py:75} INFO - Output:
[2021-06-24 17:05:12,396] {subprocess.py:83} INFO - Command exited with return code 0
[2021-06-24 17:05:12,517] {taskinstance.py:1184} INFO - Marking task as SUCCESS. dag_id=parallel_dag, task_id=task_4, execution_date=20200115T000000, start_date=20210624T170507, end_date=20210624T170512
[2021-06-24 17:05:12,641] {taskinstance.py:1245} INFO - 0 downstream tasks scheduled from follow-on schedule check
[2021-06-24 17:05:12,673] {local_task_job.py:151} INFO - Task exited with return code 0
