[2021-06-24 17:07:02,381] {taskinstance.py:876} INFO - Dependencies all met for <TaskInstance: parallel_dag.task_1 2020-02-12T00:00:00+00:00 [queued]>
[2021-06-24 17:07:02,943] {taskinstance.py:876} INFO - Dependencies all met for <TaskInstance: parallel_dag.task_1 2020-02-12T00:00:00+00:00 [queued]>
[2021-06-24 17:07:02,943] {taskinstance.py:1067} INFO - 
--------------------------------------------------------------------------------
[2021-06-24 17:07:02,944] {taskinstance.py:1068} INFO - Starting attempt 1 of 1
[2021-06-24 17:07:02,944] {taskinstance.py:1069} INFO - 
--------------------------------------------------------------------------------
[2021-06-24 17:07:03,560] {taskinstance.py:1087} INFO - Executing <Task(BashOperator): task_1> on 2020-02-12T00:00:00+00:00
[2021-06-24 17:07:03,812] {standard_task_runner.py:52} INFO - Started process 13581 to run task
[2021-06-24 17:07:04,029] {standard_task_runner.py:76} INFO - Running: ['airflow', 'tasks', 'run', 'parallel_dag', 'task_1', '2020-02-12T00:00:00+00:00', '--job-id', '146', '--pool', 'default_pool', '--raw', '--subdir', 'DAGS_FOLDER/parallel_dag.py', '--cfg-path', '/tmp/tmpf8ydbrp2', '--error-file', '/tmp/tmp9_s0llq6']
[2021-06-24 17:07:04,075] {standard_task_runner.py:77} INFO - Job 146: Subtask task_1
[2021-06-24 17:07:05,415] {logging_mixin.py:104} INFO - Running <TaskInstance: parallel_dag.task_1 2020-02-12T00:00:00+00:00 [running]> on host airflowvm
[2021-06-24 17:07:06,431] {taskinstance.py:1280} INFO - Exporting the following env vars:
AIRFLOW_CTX_DAG_OWNER=airflow
AIRFLOW_CTX_DAG_ID=parallel_dag
AIRFLOW_CTX_TASK_ID=task_1
AIRFLOW_CTX_EXECUTION_DATE=2020-02-12T00:00:00+00:00
AIRFLOW_CTX_DAG_RUN_ID=scheduled__2020-02-12T00:00:00+00:00
[2021-06-24 17:07:06,570] {subprocess.py:52} INFO - Tmp dir root location: 
 /tmp
[2021-06-24 17:07:06,571] {subprocess.py:63} INFO - Running command: ['bash', '-c', 'sleep 3']
[2021-06-24 17:07:06,726] {subprocess.py:75} INFO - Output:
[2021-06-24 17:07:09,748] {subprocess.py:83} INFO - Command exited with return code 0
[2021-06-24 17:07:10,254] {taskinstance.py:1184} INFO - Marking task as SUCCESS. dag_id=parallel_dag, task_id=task_1, execution_date=20200212T000000, start_date=20210624T170702, end_date=20210624T170710
[2021-06-24 17:07:11,462] {taskinstance.py:1245} INFO - 2 downstream tasks scheduled from follow-on schedule check
[2021-06-24 17:07:11,586] {local_task_job.py:151} INFO - Task exited with return code 0
