[2021-06-24 16:22:03,178] {taskinstance.py:876} INFO - Dependencies all met for <TaskInstance: parallel_dag.task_3 2020-01-05T00:00:00+00:00 [queued]>
[2021-06-24 16:22:03,199] {taskinstance.py:876} INFO - Dependencies all met for <TaskInstance: parallel_dag.task_3 2020-01-05T00:00:00+00:00 [queued]>
[2021-06-24 16:22:03,199] {taskinstance.py:1067} INFO - 
--------------------------------------------------------------------------------
[2021-06-24 16:22:03,199] {taskinstance.py:1068} INFO - Starting attempt 1 of 1
[2021-06-24 16:22:03,199] {taskinstance.py:1069} INFO - 
--------------------------------------------------------------------------------
[2021-06-24 16:22:03,216] {taskinstance.py:1087} INFO - Executing <Task(BashOperator): task_3> on 2020-01-05T00:00:00+00:00
[2021-06-24 16:22:03,218] {standard_task_runner.py:52} INFO - Started process 2065 to run task
[2021-06-24 16:22:03,232] {standard_task_runner.py:76} INFO - Running: ['airflow', 'tasks', 'run', 'parallel_dag', 'task_3', '2020-01-05T00:00:00+00:00', '--job-id', '60', '--pool', 'default_pool', '--raw', '--subdir', 'DAGS_FOLDER/parallel_dag.py', '--cfg-path', '/tmp/tmp7f__brc8', '--error-file', '/tmp/tmpr6otb9zj']
[2021-06-24 16:22:03,233] {standard_task_runner.py:77} INFO - Job 60: Subtask task_3
[2021-06-24 16:22:03,321] {logging_mixin.py:104} INFO - Running <TaskInstance: parallel_dag.task_3 2020-01-05T00:00:00+00:00 [running]> on host airflowvm
[2021-06-24 16:22:03,402] {taskinstance.py:1280} INFO - Exporting the following env vars:
AIRFLOW_CTX_DAG_OWNER=airflow
AIRFLOW_CTX_DAG_ID=parallel_dag
AIRFLOW_CTX_TASK_ID=task_3
AIRFLOW_CTX_EXECUTION_DATE=2020-01-05T00:00:00+00:00
AIRFLOW_CTX_DAG_RUN_ID=scheduled__2020-01-05T00:00:00+00:00
[2021-06-24 16:22:03,403] {subprocess.py:52} INFO - Tmp dir root location: 
 /tmp
[2021-06-24 16:22:03,403] {subprocess.py:63} INFO - Running command: ['bash', '-c', 'sleep 3']
[2021-06-24 16:22:03,419] {subprocess.py:75} INFO - Output:
[2021-06-24 16:22:06,431] {subprocess.py:83} INFO - Command exited with return code 0
[2021-06-24 16:22:06,472] {taskinstance.py:1184} INFO - Marking task as SUCCESS. dag_id=parallel_dag, task_id=task_3, execution_date=20200105T000000, start_date=20210624T162203, end_date=20210624T162206
[2021-06-24 16:22:06,534] {taskinstance.py:1245} INFO - 1 downstream tasks scheduled from follow-on schedule check
[2021-06-24 16:22:06,556] {local_task_job.py:151} INFO - Task exited with return code 0
[2021-06-24 17:03:53,689] {taskinstance.py:876} INFO - Dependencies all met for <TaskInstance: parallel_dag.task_3 2020-01-05T00:00:00+00:00 [queued]>
[2021-06-24 17:03:54,254] {taskinstance.py:876} INFO - Dependencies all met for <TaskInstance: parallel_dag.task_3 2020-01-05T00:00:00+00:00 [queued]>
[2021-06-24 17:03:54,254] {taskinstance.py:1067} INFO - 
--------------------------------------------------------------------------------
[2021-06-24 17:03:54,254] {taskinstance.py:1068} INFO - Starting attempt 1 of 1
[2021-06-24 17:03:54,254] {taskinstance.py:1069} INFO - 
--------------------------------------------------------------------------------
[2021-06-24 17:03:54,617] {taskinstance.py:1087} INFO - Executing <Task(BashOperator): task_3> on 2020-01-05T00:00:00+00:00
[2021-06-24 17:03:54,644] {standard_task_runner.py:52} INFO - Started process 9076 to run task
[2021-06-24 17:03:54,906] {standard_task_runner.py:76} INFO - Running: ['airflow', 'tasks', 'run', 'parallel_dag', 'task_3', '2020-01-05T00:00:00+00:00', '--job-id', '18', '--pool', 'default_pool', '--raw', '--subdir', 'DAGS_FOLDER/parallel_dag.py', '--cfg-path', '/tmp/tmpgaxffsd4', '--error-file', '/tmp/tmp_q3d4gfk']
[2021-06-24 17:03:54,945] {standard_task_runner.py:77} INFO - Job 18: Subtask task_3
[2021-06-24 17:03:56,765] {logging_mixin.py:104} INFO - Running <TaskInstance: parallel_dag.task_3 2020-01-05T00:00:00+00:00 [running]> on host airflowvm
[2021-06-24 17:03:58,152] {taskinstance.py:1280} INFO - Exporting the following env vars:
AIRFLOW_CTX_DAG_OWNER=airflow
AIRFLOW_CTX_DAG_ID=parallel_dag
AIRFLOW_CTX_TASK_ID=task_3
AIRFLOW_CTX_EXECUTION_DATE=2020-01-05T00:00:00+00:00
AIRFLOW_CTX_DAG_RUN_ID=scheduled__2020-01-05T00:00:00+00:00
[2021-06-24 17:03:58,171] {subprocess.py:52} INFO - Tmp dir root location: 
 /tmp
[2021-06-24 17:03:58,177] {subprocess.py:63} INFO - Running command: ['bash', '-c', 'sleep 3']
[2021-06-24 17:03:58,365] {subprocess.py:75} INFO - Output:
[2021-06-24 17:04:01,407] {subprocess.py:83} INFO - Command exited with return code 0
[2021-06-24 17:04:02,634] {taskinstance.py:1184} INFO - Marking task as SUCCESS. dag_id=parallel_dag, task_id=task_3, execution_date=20200105T000000, start_date=20210624T170353, end_date=20210624T170402
[2021-06-24 17:04:05,658] {local_task_job.py:196} WARNING - State of this instance has been externally set to success. Terminating instance.
[2021-06-24 17:04:05,716] {process_utils.py:100} INFO - Sending Signals.SIGTERM to GPID 9076
[2021-06-24 17:04:06,518] {taskinstance.py:1264} ERROR - Received SIGTERM. Terminating subprocesses.
[2021-06-24 17:04:06,518] {subprocess.py:89} INFO - Sending SIGTERM signal to process group
[2021-06-24 17:04:06,661] {process_utils.py:66} INFO - Process psutil.Process(pid=9076, status='terminated', exitcode=1, started='17:03:53') (9076) terminated with exit code 1
