[2021-06-25 09:44:58,208] {taskinstance.py:876} INFO - Dependencies all met for <TaskInstance: parallel_dag.task_3 2020-01-05T00:00:00+00:00 [queued]>
[2021-06-25 09:44:58,548] {taskinstance.py:876} INFO - Dependencies all met for <TaskInstance: parallel_dag.task_3 2020-01-05T00:00:00+00:00 [queued]>
[2021-06-25 09:44:58,551] {taskinstance.py:1067} INFO - 
--------------------------------------------------------------------------------
[2021-06-25 09:44:58,551] {taskinstance.py:1068} INFO - Starting attempt 2 of 2
[2021-06-25 09:44:58,611] {taskinstance.py:1069} INFO - 
--------------------------------------------------------------------------------
[2021-06-25 09:44:59,070] {taskinstance.py:1087} INFO - Executing <Task(BashOperator): task_3> on 2020-01-05T00:00:00+00:00
[2021-06-25 09:44:59,269] {standard_task_runner.py:52} INFO - Started process 18536 to run task
[2021-06-25 09:44:59,647] {standard_task_runner.py:76} INFO - Running: ['airflow', 'tasks', 'run', 'parallel_dag', 'task_3', '2020-01-05T00:00:00+00:00', '--job-id', '384', '--pool', 'default_pool', '--raw', '--subdir', 'DAGS_FOLDER/parallel_dag.py', '--cfg-path', '/tmp/tmp1py7su4u', '--error-file', '/tmp/tmpx2ssa7gl']
[2021-06-25 09:44:59,759] {standard_task_runner.py:77} INFO - Job 384: Subtask task_3
[2021-06-25 09:45:02,131] {logging_mixin.py:104} INFO - Running <TaskInstance: parallel_dag.task_3 2020-01-05T00:00:00+00:00 [running]> on host airflowvm
[2021-06-25 09:45:04,173] {taskinstance.py:1280} INFO - Exporting the following env vars:
AIRFLOW_CTX_DAG_OWNER=airflow
AIRFLOW_CTX_DAG_ID=parallel_dag
AIRFLOW_CTX_TASK_ID=task_3
AIRFLOW_CTX_EXECUTION_DATE=2020-01-05T00:00:00+00:00
AIRFLOW_CTX_DAG_RUN_ID=scheduled__2020-01-05T00:00:00+00:00
[2021-06-25 09:45:04,209] {subprocess.py:52} INFO - Tmp dir root location: 
 /tmp
[2021-06-25 09:45:04,210] {subprocess.py:63} INFO - Running command: ['bash', '-c', 'sleep 3']
[2021-06-25 09:45:04,387] {subprocess.py:75} INFO - Output:
[2021-06-25 09:45:07,391] {subprocess.py:83} INFO - Command exited with return code 0
[2021-06-25 09:45:07,836] {taskinstance.py:1184} INFO - Marking task as SUCCESS. dag_id=parallel_dag, task_id=task_3, execution_date=20200105T000000, start_date=20210625T094458, end_date=20210625T094507
[2021-06-25 09:45:08,235] {taskinstance.py:1245} INFO - 1 downstream tasks scheduled from follow-on schedule check
[2021-06-25 09:45:08,266] {local_task_job.py:151} INFO - Task exited with return code 0
