[2021-06-25 09:18:19,942] {taskinstance.py:876} INFO - Dependencies all met for <TaskInstance: parallel_dag.task_4 2020-02-26T00:00:00+00:00 [queued]>
[2021-06-25 09:18:20,630] {taskinstance.py:876} INFO - Dependencies all met for <TaskInstance: parallel_dag.task_4 2020-02-26T00:00:00+00:00 [queued]>
[2021-06-25 09:18:20,630] {taskinstance.py:1067} INFO - 
--------------------------------------------------------------------------------
[2021-06-25 09:18:20,631] {taskinstance.py:1068} INFO - Starting attempt 1 of 1
[2021-06-25 09:18:20,682] {taskinstance.py:1069} INFO - 
--------------------------------------------------------------------------------
[2021-06-25 09:18:20,985] {taskinstance.py:1087} INFO - Executing <Task(BashOperator): task_4> on 2020-02-26T00:00:00+00:00
[2021-06-25 09:18:21,047] {standard_task_runner.py:52} INFO - Started process 6461 to run task
[2021-06-25 09:18:21,138] {standard_task_runner.py:76} INFO - Running: ['airflow', 'tasks', 'run', 'parallel_dag', 'task_4', '2020-02-26T00:00:00+00:00', '--job-id', '251', '--pool', 'default_pool', '--raw', '--subdir', 'DAGS_FOLDER/parallel_dag.py', '--cfg-path', '/tmp/tmpx3xz9qmk', '--error-file', '/tmp/tmps0eep0bv']
[2021-06-25 09:18:21,138] {standard_task_runner.py:77} INFO - Job 251: Subtask task_4
[2021-06-25 09:18:22,135] {logging_mixin.py:104} INFO - Running <TaskInstance: parallel_dag.task_4 2020-02-26T00:00:00+00:00 [running]> on host airflowvm
[2021-06-25 09:18:22,727] {taskinstance.py:1280} INFO - Exporting the following env vars:
AIRFLOW_CTX_DAG_OWNER=airflow
AIRFLOW_CTX_DAG_ID=parallel_dag
AIRFLOW_CTX_TASK_ID=task_4
AIRFLOW_CTX_EXECUTION_DATE=2020-02-26T00:00:00+00:00
AIRFLOW_CTX_DAG_RUN_ID=scheduled__2020-02-26T00:00:00+00:00
[2021-06-25 09:18:22,728] {subprocess.py:52} INFO - Tmp dir root location: 
 /tmp
[2021-06-25 09:18:22,728] {subprocess.py:63} INFO - Running command: ['bash', '-c', 'sleep 3']
[2021-06-25 09:18:22,891] {subprocess.py:75} INFO - Output:
[2021-06-25 09:18:25,923] {subprocess.py:83} INFO - Command exited with return code 0
[2021-06-25 09:18:26,168] {taskinstance.py:1184} INFO - Marking task as SUCCESS. dag_id=parallel_dag, task_id=task_4, execution_date=20200226T000000, start_date=20210625T091820, end_date=20210625T091826
[2021-06-25 09:18:26,492] {taskinstance.py:1245} INFO - 0 downstream tasks scheduled from follow-on schedule check
[2021-06-25 09:18:26,515] {local_task_job.py:196} WARNING - State of this instance has been externally set to success. Terminating instance.
[2021-06-25 09:18:26,735] {process_utils.py:100} INFO - Sending Signals.SIGTERM to GPID 6461
[2021-06-25 09:18:26,826] {process_utils.py:66} INFO - Process psutil.Process(pid=6461, status='terminated', exitcode=0, started='09:18:20') (6461) terminated with exit code 0
