[2021-07-02 15:58:59,909] {taskinstance.py:876} INFO - Dependencies all met for <TaskInstance: get_diseases.write_diseases 2021-07-02T15:57:16.131360+00:00 [queued]>
[2021-07-02 15:58:59,946] {taskinstance.py:876} INFO - Dependencies all met for <TaskInstance: get_diseases.write_diseases 2021-07-02T15:57:16.131360+00:00 [queued]>
[2021-07-02 15:58:59,947] {taskinstance.py:1067} INFO - 
--------------------------------------------------------------------------------
[2021-07-02 15:58:59,947] {taskinstance.py:1068} INFO - Starting attempt 2 of 2
[2021-07-02 15:58:59,948] {taskinstance.py:1069} INFO - 
--------------------------------------------------------------------------------
[2021-07-02 15:58:59,966] {taskinstance.py:1087} INFO - Executing <Task(PythonOperator): write_diseases> on 2021-07-02T15:57:16.131360+00:00
[2021-07-02 15:58:59,971] {standard_task_runner.py:52} INFO - Started process 18865 to run task
[2021-07-02 15:58:59,976] {standard_task_runner.py:76} INFO - Running: ['airflow', 'tasks', 'run', 'get_diseases', 'write_diseases', '2021-07-02T15:57:16.131360+00:00', '--job-id', '1119', '--pool', 'default_pool', '--raw', '--subdir', 'DAGS_FOLDER/get_Data_Diseases.py', '--cfg-path', '/tmp/tmpt1clshhu', '--error-file', '/tmp/tmpdr5repqo']
[2021-07-02 15:58:59,978] {standard_task_runner.py:77} INFO - Job 1119: Subtask write_diseases
[2021-07-02 15:59:00,107] {logging_mixin.py:104} INFO - Running <TaskInstance: get_diseases.write_diseases 2021-07-02T15:57:16.131360+00:00 [running]> on host airflowvm
[2021-07-02 15:59:00,332] {taskinstance.py:1280} INFO - Exporting the following env vars:
AIRFLOW_CTX_DAG_OWNER=airflow
AIRFLOW_CTX_DAG_ID=get_diseases
AIRFLOW_CTX_TASK_ID=write_diseases
AIRFLOW_CTX_EXECUTION_DATE=2021-07-02T15:57:16.131360+00:00
AIRFLOW_CTX_DAG_RUN_ID=manual__2021-07-02T15:57:16.131360+00:00
[2021-07-02 15:59:00,360] {logging_mixin.py:104} INFO - Users after load: [{'name_disease': 'Atrial Flutter', 'number_pacients': 2}, {'name_disease': 'Knee Osteoarthritis ', 'number_pacients': 1}, {'name_disease': 'Atrial Fibrillation', 'number_pacients': 60}, {'name_disease': 'Cataract', 'number_pacients': 4482}, {'name_disease': 'Older Person', 'number_pacients': 1}, {'name_disease': 'Obesity', 'number_pacients': 380}, {'name_disease': 'Diabetes', 'number_pacients': 3}]
[2021-07-02 15:59:00,379] {logging_mixin.py:104} INFO - Users dataframe            name_disease  number_pacients
0        Atrial Flutter                2
1  Knee Osteoarthritis                 1
2   Atrial Fibrillation               60
3              Cataract             4482
4          Older Person                1
5               Obesity              380
6              Diabetes                3
[2021-07-02 15:59:00,387] {python.py:151} INFO - Done. Returned value was: None
[2021-07-02 15:59:00,423] {taskinstance.py:1184} INFO - Marking task as SUCCESS. dag_id=get_diseases, task_id=write_diseases, execution_date=20210702T155716, start_date=20210702T155859, end_date=20210702T155900
[2021-07-02 15:59:00,500] {taskinstance.py:1245} INFO - 0 downstream tasks scheduled from follow-on schedule check
[2021-07-02 15:59:00,516] {local_task_job.py:151} INFO - Task exited with return code 0
