[2021-06-24 16:21:10,930] {taskinstance.py:876} INFO - Dependencies all met for <TaskInstance: parallel_dag.task_2 2020-01-03T00:00:00+00:00 [queued]>
[2021-06-24 16:21:10,941] {taskinstance.py:876} INFO - Dependencies all met for <TaskInstance: parallel_dag.task_2 2020-01-03T00:00:00+00:00 [queued]>
[2021-06-24 16:21:10,942] {taskinstance.py:1067} INFO - 
--------------------------------------------------------------------------------
[2021-06-24 16:21:10,942] {taskinstance.py:1068} INFO - Starting attempt 1 of 1
[2021-06-24 16:21:10,942] {taskinstance.py:1069} INFO - 
--------------------------------------------------------------------------------
[2021-06-24 16:21:10,954] {taskinstance.py:1087} INFO - Executing <Task(BashOperator): task_2> on 2020-01-03T00:00:00+00:00
[2021-06-24 16:21:10,960] {standard_task_runner.py:52} INFO - Started process 1990 to run task
[2021-06-24 16:21:10,963] {standard_task_runner.py:76} INFO - Running: ['airflow', 'tasks', 'run', 'parallel_dag', 'task_2', '2020-01-03T00:00:00+00:00', '--job-id', '51', '--pool', 'default_pool', '--raw', '--subdir', 'DAGS_FOLDER/parallel_dag.py', '--cfg-path', '/tmp/tmpwagaxox6', '--error-file', '/tmp/tmpsylkz6ue']
[2021-06-24 16:21:10,965] {standard_task_runner.py:77} INFO - Job 51: Subtask task_2
[2021-06-24 16:21:11,056] {logging_mixin.py:104} INFO - Running <TaskInstance: parallel_dag.task_2 2020-01-03T00:00:00+00:00 [running]> on host airflowvm
[2021-06-24 16:21:11,143] {taskinstance.py:1280} INFO - Exporting the following env vars:
AIRFLOW_CTX_DAG_OWNER=airflow
AIRFLOW_CTX_DAG_ID=parallel_dag
AIRFLOW_CTX_TASK_ID=task_2
AIRFLOW_CTX_EXECUTION_DATE=2020-01-03T00:00:00+00:00
AIRFLOW_CTX_DAG_RUN_ID=scheduled__2020-01-03T00:00:00+00:00
[2021-06-24 16:21:11,143] {subprocess.py:52} INFO - Tmp dir root location: 
 /tmp
[2021-06-24 16:21:11,144] {subprocess.py:63} INFO - Running command: ['bash', '-c', 'sleep 3']
[2021-06-24 16:21:11,151] {subprocess.py:75} INFO - Output:
[2021-06-24 16:21:14,159] {subprocess.py:83} INFO - Command exited with return code 0
[2021-06-24 16:21:14,188] {taskinstance.py:1184} INFO - Marking task as SUCCESS. dag_id=parallel_dag, task_id=task_2, execution_date=20200103T000000, start_date=20210624T162110, end_date=20210624T162114
[2021-06-24 16:21:14,215] {taskinstance.py:1245} INFO - 0 downstream tasks scheduled from follow-on schedule check
[2021-06-24 16:21:14,241] {local_task_job.py:151} INFO - Task exited with return code 0
[2021-06-24 17:03:44,906] {taskinstance.py:876} INFO - Dependencies all met for <TaskInstance: parallel_dag.task_2 2020-01-03T00:00:00+00:00 [queued]>
[2021-06-24 17:03:45,509] {taskinstance.py:876} INFO - Dependencies all met for <TaskInstance: parallel_dag.task_2 2020-01-03T00:00:00+00:00 [queued]>
[2021-06-24 17:03:45,509] {taskinstance.py:1067} INFO - 
--------------------------------------------------------------------------------
[2021-06-24 17:03:45,509] {taskinstance.py:1068} INFO - Starting attempt 1 of 1
[2021-06-24 17:03:45,510] {taskinstance.py:1069} INFO - 
--------------------------------------------------------------------------------
[2021-06-24 17:03:45,948] {taskinstance.py:1087} INFO - Executing <Task(BashOperator): task_2> on 2020-01-03T00:00:00+00:00
[2021-06-24 17:03:46,109] {standard_task_runner.py:52} INFO - Started process 8917 to run task
[2021-06-24 17:03:46,422] {standard_task_runner.py:76} INFO - Running: ['airflow', 'tasks', 'run', 'parallel_dag', 'task_2', '2020-01-03T00:00:00+00:00', '--job-id', '14', '--pool', 'default_pool', '--raw', '--subdir', 'DAGS_FOLDER/parallel_dag.py', '--cfg-path', '/tmp/tmp82fcnu7p', '--error-file', '/tmp/tmppyuqoolj']
[2021-06-24 17:03:46,467] {standard_task_runner.py:77} INFO - Job 14: Subtask task_2
[2021-06-24 17:03:48,385] {logging_mixin.py:104} INFO - Running <TaskInstance: parallel_dag.task_2 2020-01-03T00:00:00+00:00 [running]> on host airflowvm
[2021-06-24 17:03:50,267] {taskinstance.py:1280} INFO - Exporting the following env vars:
AIRFLOW_CTX_DAG_OWNER=airflow
AIRFLOW_CTX_DAG_ID=parallel_dag
AIRFLOW_CTX_TASK_ID=task_2
AIRFLOW_CTX_EXECUTION_DATE=2020-01-03T00:00:00+00:00
AIRFLOW_CTX_DAG_RUN_ID=scheduled__2020-01-03T00:00:00+00:00
[2021-06-24 17:03:50,326] {subprocess.py:52} INFO - Tmp dir root location: 
 /tmp
[2021-06-24 17:03:50,328] {subprocess.py:63} INFO - Running command: ['bash', '-c', 'sleep 3']
[2021-06-24 17:03:50,640] {subprocess.py:75} INFO - Output:
[2021-06-24 17:03:53,747] {subprocess.py:83} INFO - Command exited with return code 0
[2021-06-24 17:03:54,597] {taskinstance.py:1184} INFO - Marking task as SUCCESS. dag_id=parallel_dag, task_id=task_2, execution_date=20200103T000000, start_date=20210624T170344, end_date=20210624T170354
[2021-06-24 17:03:55,457] {taskinstance.py:1245} INFO - 0 downstream tasks scheduled from follow-on schedule check
[2021-06-24 17:03:55,676] {local_task_job.py:151} INFO - Task exited with return code 0
