[2021-06-24 17:06:55,951] {taskinstance.py:876} INFO - Dependencies all met for <TaskInstance: parallel_dag.task_3 2020-02-02T00:00:00+00:00 [queued]>
[2021-06-24 17:06:57,057] {taskinstance.py:876} INFO - Dependencies all met for <TaskInstance: parallel_dag.task_3 2020-02-02T00:00:00+00:00 [queued]>
[2021-06-24 17:06:57,057] {taskinstance.py:1067} INFO - 
--------------------------------------------------------------------------------
[2021-06-24 17:06:57,057] {taskinstance.py:1068} INFO - Starting attempt 1 of 1
[2021-06-24 17:06:57,058] {taskinstance.py:1069} INFO - 
--------------------------------------------------------------------------------
[2021-06-24 17:06:57,383] {taskinstance.py:1087} INFO - Executing <Task(BashOperator): task_3> on 2020-02-02T00:00:00+00:00
[2021-06-24 17:06:57,492] {standard_task_runner.py:52} INFO - Started process 13432 to run task
[2021-06-24 17:06:57,639] {standard_task_runner.py:76} INFO - Running: ['airflow', 'tasks', 'run', 'parallel_dag', 'task_3', '2020-02-02T00:00:00+00:00', '--job-id', '141', '--pool', 'default_pool', '--raw', '--subdir', 'DAGS_FOLDER/parallel_dag.py', '--cfg-path', '/tmp/tmptajr9_oi', '--error-file', '/tmp/tmp8y_6x7kq']
[2021-06-24 17:06:57,701] {standard_task_runner.py:77} INFO - Job 141: Subtask task_3
[2021-06-24 17:06:58,866] {logging_mixin.py:104} INFO - Running <TaskInstance: parallel_dag.task_3 2020-02-02T00:00:00+00:00 [running]> on host airflowvm
[2021-06-24 17:06:59,710] {taskinstance.py:1280} INFO - Exporting the following env vars:
AIRFLOW_CTX_DAG_OWNER=airflow
AIRFLOW_CTX_DAG_ID=parallel_dag
AIRFLOW_CTX_TASK_ID=task_3
AIRFLOW_CTX_EXECUTION_DATE=2020-02-02T00:00:00+00:00
AIRFLOW_CTX_DAG_RUN_ID=scheduled__2020-02-02T00:00:00+00:00
[2021-06-24 17:06:59,712] {subprocess.py:52} INFO - Tmp dir root location: 
 /tmp
[2021-06-24 17:06:59,747] {subprocess.py:63} INFO - Running command: ['bash', '-c', 'sleep 3']
[2021-06-24 17:06:59,837] {subprocess.py:75} INFO - Output:
[2021-06-24 17:07:02,919] {subprocess.py:83} INFO - Command exited with return code 0
[2021-06-24 17:07:03,841] {taskinstance.py:1184} INFO - Marking task as SUCCESS. dag_id=parallel_dag, task_id=task_3, execution_date=20200202T000000, start_date=20210624T170655, end_date=20210624T170703
[2021-06-24 17:07:07,393] {taskinstance.py:1245} INFO - 0 downstream tasks scheduled from follow-on schedule check
[2021-06-24 17:07:07,442] {local_task_job.py:151} INFO - Task exited with return code 0
