[2021-06-25 09:45:09,480] {taskinstance.py:876} INFO - Dependencies all met for <TaskInstance: parallel_dag.task_3 2020-01-06T00:00:00+00:00 [queued]>
[2021-06-25 09:45:09,676] {taskinstance.py:876} INFO - Dependencies all met for <TaskInstance: parallel_dag.task_3 2020-01-06T00:00:00+00:00 [queued]>
[2021-06-25 09:45:09,679] {taskinstance.py:1067} INFO - 
--------------------------------------------------------------------------------
[2021-06-25 09:45:09,679] {taskinstance.py:1068} INFO - Starting attempt 2 of 2
[2021-06-25 09:45:09,680] {taskinstance.py:1069} INFO - 
--------------------------------------------------------------------------------
[2021-06-25 09:45:09,831] {taskinstance.py:1087} INFO - Executing <Task(BashOperator): task_3> on 2020-01-06T00:00:00+00:00
[2021-06-25 09:45:09,886] {standard_task_runner.py:52} INFO - Started process 18764 to run task
[2021-06-25 09:45:09,974] {standard_task_runner.py:76} INFO - Running: ['airflow', 'tasks', 'run', 'parallel_dag', 'task_3', '2020-01-06T00:00:00+00:00', '--job-id', '387', '--pool', 'default_pool', '--raw', '--subdir', 'DAGS_FOLDER/parallel_dag.py', '--cfg-path', '/tmp/tmpot4ortz_', '--error-file', '/tmp/tmpaimw7qfp']
[2021-06-25 09:45:10,033] {standard_task_runner.py:77} INFO - Job 387: Subtask task_3
[2021-06-25 09:45:11,079] {logging_mixin.py:104} INFO - Running <TaskInstance: parallel_dag.task_3 2020-01-06T00:00:00+00:00 [running]> on host airflowvm
[2021-06-25 09:45:11,985] {taskinstance.py:1280} INFO - Exporting the following env vars:
AIRFLOW_CTX_DAG_OWNER=airflow
AIRFLOW_CTX_DAG_ID=parallel_dag
AIRFLOW_CTX_TASK_ID=task_3
AIRFLOW_CTX_EXECUTION_DATE=2020-01-06T00:00:00+00:00
AIRFLOW_CTX_DAG_RUN_ID=scheduled__2020-01-06T00:00:00+00:00
[2021-06-25 09:45:11,985] {subprocess.py:52} INFO - Tmp dir root location: 
 /tmp
[2021-06-25 09:45:11,986] {subprocess.py:63} INFO - Running command: ['bash', '-c', 'sleep 3']
[2021-06-25 09:45:12,135] {subprocess.py:75} INFO - Output:
[2021-06-25 09:45:15,139] {subprocess.py:83} INFO - Command exited with return code 0
[2021-06-25 09:45:15,727] {taskinstance.py:1184} INFO - Marking task as SUCCESS. dag_id=parallel_dag, task_id=task_3, execution_date=20200106T000000, start_date=20210625T094509, end_date=20210625T094515
[2021-06-25 09:45:17,483] {taskinstance.py:1245} INFO - 1 downstream tasks scheduled from follow-on schedule check
[2021-06-25 09:45:17,749] {local_task_job.py:151} INFO - Task exited with return code 0
