[2021-06-25 09:18:48,689] {taskinstance.py:876} INFO - Dependencies all met for <TaskInstance: parallel_dag.task_2 2020-03-05T00:00:00+00:00 [queued]>
[2021-06-25 09:18:48,860] {taskinstance.py:876} INFO - Dependencies all met for <TaskInstance: parallel_dag.task_2 2020-03-05T00:00:00+00:00 [queued]>
[2021-06-25 09:18:48,864] {taskinstance.py:1067} INFO - 
--------------------------------------------------------------------------------
[2021-06-25 09:18:48,872] {taskinstance.py:1068} INFO - Starting attempt 1 of 1
[2021-06-25 09:18:48,875] {taskinstance.py:1069} INFO - 
--------------------------------------------------------------------------------
[2021-06-25 09:18:48,995] {taskinstance.py:1087} INFO - Executing <Task(BashOperator): task_2> on 2020-03-05T00:00:00+00:00
[2021-06-25 09:18:49,022] {standard_task_runner.py:52} INFO - Started process 7234 to run task
[2021-06-25 09:18:49,075] {standard_task_runner.py:76} INFO - Running: ['airflow', 'tasks', 'run', 'parallel_dag', 'task_2', '2020-03-05T00:00:00+00:00', '--job-id', '276', '--pool', 'default_pool', '--raw', '--subdir', 'DAGS_FOLDER/parallel_dag.py', '--cfg-path', '/tmp/tmptzcmssjq', '--error-file', '/tmp/tmp3c8qe0ps']
[2021-06-25 09:18:49,076] {standard_task_runner.py:77} INFO - Job 276: Subtask task_2
[2021-06-25 09:18:49,672] {logging_mixin.py:104} INFO - Running <TaskInstance: parallel_dag.task_2 2020-03-05T00:00:00+00:00 [running]> on host airflowvm
[2021-06-25 09:18:50,396] {taskinstance.py:1280} INFO - Exporting the following env vars:
AIRFLOW_CTX_DAG_OWNER=airflow
AIRFLOW_CTX_DAG_ID=parallel_dag
AIRFLOW_CTX_TASK_ID=task_2
AIRFLOW_CTX_EXECUTION_DATE=2020-03-05T00:00:00+00:00
AIRFLOW_CTX_DAG_RUN_ID=scheduled__2020-03-05T00:00:00+00:00
[2021-06-25 09:18:50,414] {subprocess.py:52} INFO - Tmp dir root location: 
 /tmp
[2021-06-25 09:18:50,433] {subprocess.py:63} INFO - Running command: ['bash', '-c', 'sleep 3']
[2021-06-25 09:18:50,536] {subprocess.py:75} INFO - Output:
[2021-06-25 09:18:53,547] {subprocess.py:83} INFO - Command exited with return code 0
[2021-06-25 09:18:54,032] {taskinstance.py:1184} INFO - Marking task as SUCCESS. dag_id=parallel_dag, task_id=task_2, execution_date=20200305T000000, start_date=20210625T091848, end_date=20210625T091854
[2021-06-25 09:18:54,638] {local_task_job.py:196} WARNING - State of this instance has been externally set to success. Terminating instance.
[2021-06-25 09:18:54,753] {taskinstance.py:1245} INFO - 1 downstream tasks scheduled from follow-on schedule check
[2021-06-25 09:18:54,845] {process_utils.py:100} INFO - Sending Signals.SIGTERM to GPID 7234
[2021-06-25 09:18:54,878] {process_utils.py:66} INFO - Process psutil.Process(pid=7234, status='terminated', exitcode=0, started='09:18:48') (7234) terminated with exit code 0
