[2021-07-01 08:32:48,506] {taskinstance.py:876} INFO - Dependencies all met for <TaskInstance: user_processing_v2.processing_user_3 2021-06-30T00:00:00+00:00 [queued]>
[2021-07-01 08:32:48,635] {taskinstance.py:876} INFO - Dependencies all met for <TaskInstance: user_processing_v2.processing_user_3 2021-06-30T00:00:00+00:00 [queued]>
[2021-07-01 08:32:48,636] {taskinstance.py:1067} INFO - 
--------------------------------------------------------------------------------
[2021-07-01 08:32:48,637] {taskinstance.py:1068} INFO - Starting attempt 1 of 1
[2021-07-01 08:32:48,638] {taskinstance.py:1069} INFO - 
--------------------------------------------------------------------------------
[2021-07-01 08:32:48,708] {taskinstance.py:1087} INFO - Executing <Task(PythonOperator): processing_user_3> on 2021-06-30T00:00:00+00:00
[2021-07-01 08:32:48,749] {standard_task_runner.py:52} INFO - Started process 2189 to run task
[2021-07-01 08:32:48,825] {standard_task_runner.py:76} INFO - Running: ['airflow', 'tasks', 'run', 'user_processing_v2', 'processing_user_3', '2021-06-30T00:00:00+00:00', '--job-id', '908', '--pool', 'default_pool', '--raw', '--subdir', 'DAGS_FOLDER/user_processing_v2.py', '--cfg-path', '/tmp/tmpnlhribwj', '--error-file', '/tmp/tmprtoohntf']
[2021-07-01 08:32:48,866] {standard_task_runner.py:77} INFO - Job 908: Subtask processing_user_3
[2021-07-01 08:32:49,566] {logging_mixin.py:104} INFO - Running <TaskInstance: user_processing_v2.processing_user_3 2021-06-30T00:00:00+00:00 [running]> on host airflowvm
[2021-07-01 08:32:50,019] {taskinstance.py:1280} INFO - Exporting the following env vars:
AIRFLOW_CTX_DAG_OWNER=airflow
AIRFLOW_CTX_DAG_ID=user_processing_v2
AIRFLOW_CTX_TASK_ID=processing_user_3
AIRFLOW_CTX_EXECUTION_DATE=2021-06-30T00:00:00+00:00
AIRFLOW_CTX_DAG_RUN_ID=scheduled__2021-06-30T00:00:00+00:00
[2021-07-01 08:32:50,126] {python.py:151} INFO - Done. Returned value was: {"first_name":{"0":"Juho"},"last_name":{"0":"Kyllonen"},"country":{"0":"Finland"},"username":{"0":"bigbutterfly329"},"password":{"0":"mistress"},"email":{"0":"juho.kyllonen@example.com"}}
[2021-07-01 08:32:50,471] {taskinstance.py:1184} INFO - Marking task as SUCCESS. dag_id=user_processing_v2, task_id=processing_user_3, execution_date=20210630T000000, start_date=20210701T083248, end_date=20210701T083250
[2021-07-01 08:32:50,825] {taskinstance.py:1245} INFO - 0 downstream tasks scheduled from follow-on schedule check
[2021-07-01 08:32:50,866] {local_task_job.py:151} INFO - Task exited with return code 0
