[2021-06-25 13:38:54,417] {taskinstance.py:876} INFO - Dependencies all met for <TaskInstance: xcom_dag.downloading_data 2021-06-24T00:00:00+00:00 [queued]>
[2021-06-25 13:38:54,448] {taskinstance.py:876} INFO - Dependencies all met for <TaskInstance: xcom_dag.downloading_data 2021-06-24T00:00:00+00:00 [queued]>
[2021-06-25 13:38:54,449] {taskinstance.py:1067} INFO - 
--------------------------------------------------------------------------------
[2021-06-25 13:38:54,449] {taskinstance.py:1068} INFO - Starting attempt 1 of 1
[2021-06-25 13:38:54,449] {taskinstance.py:1069} INFO - 
--------------------------------------------------------------------------------
[2021-06-25 13:38:54,466] {taskinstance.py:1087} INFO - Executing <Task(BashOperator): downloading_data> on 2021-06-24T00:00:00+00:00
[2021-06-25 13:38:54,469] {standard_task_runner.py:52} INFO - Started process 3762 to run task
[2021-06-25 13:38:54,482] {standard_task_runner.py:76} INFO - Running: ['airflow', 'tasks', 'run', 'xcom_dag', 'downloading_data', '2021-06-24T00:00:00+00:00', '--job-id', '417', '--pool', 'default_pool', '--raw', '--subdir', 'DAGS_FOLDER/xcom_dag.py', '--cfg-path', '/tmp/tmpo9quhtsy', '--error-file', '/tmp/tmp2tjtysma']
[2021-06-25 13:38:54,485] {standard_task_runner.py:77} INFO - Job 417: Subtask downloading_data
[2021-06-25 13:38:54,566] {logging_mixin.py:104} INFO - Running <TaskInstance: xcom_dag.downloading_data 2021-06-24T00:00:00+00:00 [running]> on host airflowvm
[2021-06-25 13:38:54,719] {taskinstance.py:1280} INFO - Exporting the following env vars:
AIRFLOW_CTX_DAG_OWNER=airflow
AIRFLOW_CTX_DAG_ID=xcom_dag
AIRFLOW_CTX_TASK_ID=downloading_data
AIRFLOW_CTX_EXECUTION_DATE=2021-06-24T00:00:00+00:00
AIRFLOW_CTX_DAG_RUN_ID=scheduled__2021-06-24T00:00:00+00:00
[2021-06-25 13:38:54,720] {subprocess.py:52} INFO - Tmp dir root location: 
 /tmp
[2021-06-25 13:38:54,720] {subprocess.py:63} INFO - Running command: ['bash', '-c', 'sleep 3']
[2021-06-25 13:38:54,735] {subprocess.py:75} INFO - Output:
[2021-06-25 13:38:57,738] {subprocess.py:83} INFO - Command exited with return code 0
[2021-06-25 13:38:57,825] {taskinstance.py:1184} INFO - Marking task as SUCCESS. dag_id=xcom_dag, task_id=downloading_data, execution_date=20210624T000000, start_date=20210625T133854, end_date=20210625T133857
[2021-06-25 13:38:57,923] {taskinstance.py:1245} INFO - 3 downstream tasks scheduled from follow-on schedule check
[2021-06-25 13:38:57,979] {local_task_job.py:151} INFO - Task exited with return code 0
