[2021-06-24 16:21:52,687] {taskinstance.py:876} INFO - Dependencies all met for <TaskInstance: parallel_dag.task_1 2020-01-06T00:00:00+00:00 [queued]>
[2021-06-24 16:21:52,696] {taskinstance.py:876} INFO - Dependencies all met for <TaskInstance: parallel_dag.task_1 2020-01-06T00:00:00+00:00 [queued]>
[2021-06-24 16:21:52,697] {taskinstance.py:1067} INFO - 
--------------------------------------------------------------------------------
[2021-06-24 16:21:52,697] {taskinstance.py:1068} INFO - Starting attempt 1 of 1
[2021-06-24 16:21:52,698] {taskinstance.py:1069} INFO - 
--------------------------------------------------------------------------------
[2021-06-24 16:21:52,720] {taskinstance.py:1087} INFO - Executing <Task(BashOperator): task_1> on 2020-01-06T00:00:00+00:00
[2021-06-24 16:21:52,722] {standard_task_runner.py:52} INFO - Started process 2050 to run task
[2021-06-24 16:21:52,744] {standard_task_runner.py:76} INFO - Running: ['airflow', 'tasks', 'run', 'parallel_dag', 'task_1', '2020-01-06T00:00:00+00:00', '--job-id', '58', '--pool', 'default_pool', '--raw', '--subdir', 'DAGS_FOLDER/parallel_dag.py', '--cfg-path', '/tmp/tmpeofgkcyo', '--error-file', '/tmp/tmpd4wzgmp3']
[2021-06-24 16:21:52,745] {standard_task_runner.py:77} INFO - Job 58: Subtask task_1
[2021-06-24 16:21:52,827] {logging_mixin.py:104} INFO - Running <TaskInstance: parallel_dag.task_1 2020-01-06T00:00:00+00:00 [running]> on host airflowvm
[2021-06-24 16:21:52,910] {taskinstance.py:1280} INFO - Exporting the following env vars:
AIRFLOW_CTX_DAG_OWNER=airflow
AIRFLOW_CTX_DAG_ID=parallel_dag
AIRFLOW_CTX_TASK_ID=task_1
AIRFLOW_CTX_EXECUTION_DATE=2020-01-06T00:00:00+00:00
AIRFLOW_CTX_DAG_RUN_ID=scheduled__2020-01-06T00:00:00+00:00
[2021-06-24 16:21:52,915] {subprocess.py:52} INFO - Tmp dir root location: 
 /tmp
[2021-06-24 16:21:52,916] {subprocess.py:63} INFO - Running command: ['bash', '-c', 'sleep 3']
[2021-06-24 16:21:52,921] {subprocess.py:75} INFO - Output:
[2021-06-24 16:21:55,924] {subprocess.py:83} INFO - Command exited with return code 0
[2021-06-24 16:21:55,948] {taskinstance.py:1184} INFO - Marking task as SUCCESS. dag_id=parallel_dag, task_id=task_1, execution_date=20200106T000000, start_date=20210624T162152, end_date=20210624T162155
[2021-06-24 16:21:55,982] {taskinstance.py:1245} INFO - 2 downstream tasks scheduled from follow-on schedule check
[2021-06-24 16:21:56,003] {local_task_job.py:151} INFO - Task exited with return code 0
[2021-06-24 17:03:29,337] {taskinstance.py:876} INFO - Dependencies all met for <TaskInstance: parallel_dag.task_1 2020-01-06T00:00:00+00:00 [queued]>
[2021-06-24 17:03:29,698] {taskinstance.py:876} INFO - Dependencies all met for <TaskInstance: parallel_dag.task_1 2020-01-06T00:00:00+00:00 [queued]>
[2021-06-24 17:03:29,698] {taskinstance.py:1067} INFO - 
--------------------------------------------------------------------------------
[2021-06-24 17:03:29,699] {taskinstance.py:1068} INFO - Starting attempt 1 of 1
[2021-06-24 17:03:29,699] {taskinstance.py:1069} INFO - 
--------------------------------------------------------------------------------
[2021-06-24 17:03:29,899] {taskinstance.py:1087} INFO - Executing <Task(BashOperator): task_1> on 2020-01-06T00:00:00+00:00
[2021-06-24 17:03:30,010] {standard_task_runner.py:52} INFO - Started process 8673 to run task
[2021-06-24 17:03:30,271] {standard_task_runner.py:76} INFO - Running: ['airflow', 'tasks', 'run', 'parallel_dag', 'task_1', '2020-01-06T00:00:00+00:00', '--job-id', '7', '--pool', 'default_pool', '--raw', '--subdir', 'DAGS_FOLDER/parallel_dag.py', '--cfg-path', '/tmp/tmp_vxpixa8', '--error-file', '/tmp/tmps0o5s60o']
[2021-06-24 17:03:30,304] {standard_task_runner.py:77} INFO - Job 7: Subtask task_1
[2021-06-24 17:03:32,224] {logging_mixin.py:104} INFO - Running <TaskInstance: parallel_dag.task_1 2020-01-06T00:00:00+00:00 [running]> on host airflowvm
[2021-06-24 17:03:33,613] {taskinstance.py:1280} INFO - Exporting the following env vars:
AIRFLOW_CTX_DAG_OWNER=airflow
AIRFLOW_CTX_DAG_ID=parallel_dag
AIRFLOW_CTX_TASK_ID=task_1
AIRFLOW_CTX_EXECUTION_DATE=2020-01-06T00:00:00+00:00
AIRFLOW_CTX_DAG_RUN_ID=scheduled__2020-01-06T00:00:00+00:00
[2021-06-24 17:03:33,622] {subprocess.py:52} INFO - Tmp dir root location: 
 /tmp
[2021-06-24 17:03:33,645] {subprocess.py:63} INFO - Running command: ['bash', '-c', 'sleep 3']
[2021-06-24 17:03:33,784] {subprocess.py:75} INFO - Output:
[2021-06-24 17:03:36,912] {subprocess.py:83} INFO - Command exited with return code 0
[2021-06-24 17:03:37,493] {taskinstance.py:1184} INFO - Marking task as SUCCESS. dag_id=parallel_dag, task_id=task_1, execution_date=20200106T000000, start_date=20210624T170329, end_date=20210624T170337
[2021-06-24 17:03:38,213] {taskinstance.py:1245} INFO - 2 downstream tasks scheduled from follow-on schedule check
[2021-06-24 17:03:38,294] {local_task_job.py:151} INFO - Task exited with return code 0
