[2021-06-25 09:16:56,548] {taskinstance.py:876} INFO - Dependencies all met for <TaskInstance: parallel_dag.task_4 2020-02-09T00:00:00+00:00 [queued]>
[2021-06-25 09:16:57,677] {taskinstance.py:876} INFO - Dependencies all met for <TaskInstance: parallel_dag.task_4 2020-02-09T00:00:00+00:00 [queued]>
[2021-06-25 09:16:57,678] {taskinstance.py:1067} INFO - 
--------------------------------------------------------------------------------
[2021-06-25 09:16:57,678] {taskinstance.py:1068} INFO - Starting attempt 1 of 1
[2021-06-25 09:16:57,714] {taskinstance.py:1069} INFO - 
--------------------------------------------------------------------------------
[2021-06-25 09:16:58,382] {taskinstance.py:1087} INFO - Executing <Task(BashOperator): task_4> on 2020-02-09T00:00:00+00:00
[2021-06-25 09:16:58,680] {standard_task_runner.py:52} INFO - Started process 4493 to run task
[2021-06-25 09:16:59,441] {standard_task_runner.py:76} INFO - Running: ['airflow', 'tasks', 'run', 'parallel_dag', 'task_4', '2020-02-09T00:00:00+00:00', '--job-id', '195', '--pool', 'default_pool', '--raw', '--subdir', 'DAGS_FOLDER/parallel_dag.py', '--cfg-path', '/tmp/tmp8_afzuxv', '--error-file', '/tmp/tmpyy_vnzmb']
[2021-06-25 09:16:59,511] {standard_task_runner.py:77} INFO - Job 195: Subtask task_4
[2021-06-25 09:17:02,897] {logging_mixin.py:104} INFO - Running <TaskInstance: parallel_dag.task_4 2020-02-09T00:00:00+00:00 [running]> on host airflowvm
[2021-06-25 09:17:04,301] {taskinstance.py:1280} INFO - Exporting the following env vars:
AIRFLOW_CTX_DAG_OWNER=airflow
AIRFLOW_CTX_DAG_ID=parallel_dag
AIRFLOW_CTX_TASK_ID=task_4
AIRFLOW_CTX_EXECUTION_DATE=2020-02-09T00:00:00+00:00
AIRFLOW_CTX_DAG_RUN_ID=scheduled__2020-02-09T00:00:00+00:00
[2021-06-25 09:17:04,302] {subprocess.py:52} INFO - Tmp dir root location: 
 /tmp
[2021-06-25 09:17:04,303] {subprocess.py:63} INFO - Running command: ['bash', '-c', 'sleep 3']
[2021-06-25 09:17:04,493] {subprocess.py:75} INFO - Output:
[2021-06-25 09:17:07,582] {subprocess.py:83} INFO - Command exited with return code 0
[2021-06-25 09:17:08,087] {taskinstance.py:1184} INFO - Marking task as SUCCESS. dag_id=parallel_dag, task_id=task_4, execution_date=20200209T000000, start_date=20210625T091656, end_date=20210625T091708
[2021-06-25 09:17:10,646] {local_task_job.py:196} WARNING - State of this instance has been externally set to success. Terminating instance.
[2021-06-25 09:17:10,897] {process_utils.py:100} INFO - Sending Signals.SIGTERM to GPID 4493
[2021-06-25 09:17:11,123] {taskinstance.py:1264} ERROR - Received SIGTERM. Terminating subprocesses.
[2021-06-25 09:17:11,123] {subprocess.py:89} INFO - Sending SIGTERM signal to process group
[2021-06-25 09:17:11,380] {process_utils.py:66} INFO - Process psutil.Process(pid=4493, status='terminated', exitcode=1, started='09:16:57') (4493) terminated with exit code 1
