[2021-06-24 16:28:13,902] {taskinstance.py:876} INFO - Dependencies all met for <TaskInstance: parallel_dag.task_4 2020-01-16T00:00:00+00:00 [queued]>
[2021-06-24 16:28:13,923] {taskinstance.py:876} INFO - Dependencies all met for <TaskInstance: parallel_dag.task_4 2020-01-16T00:00:00+00:00 [queued]>
[2021-06-24 16:28:13,924] {taskinstance.py:1067} INFO - 
--------------------------------------------------------------------------------
[2021-06-24 16:28:13,924] {taskinstance.py:1068} INFO - Starting attempt 1 of 1
[2021-06-24 16:28:13,924] {taskinstance.py:1069} INFO - 
--------------------------------------------------------------------------------
[2021-06-24 16:28:13,953] {taskinstance.py:1087} INFO - Executing <Task(BashOperator): task_4> on 2020-01-16T00:00:00+00:00
[2021-06-24 16:28:13,956] {standard_task_runner.py:52} INFO - Started process 2603 to run task
[2021-06-24 16:28:13,961] {standard_task_runner.py:76} INFO - Running: ['airflow', 'tasks', 'run', 'parallel_dag', 'task_4', '2020-01-16T00:00:00+00:00', '--job-id', '109', '--pool', 'default_pool', '--raw', '--subdir', 'DAGS_FOLDER/parallel_dag.py', '--cfg-path', '/tmp/tmpu0t_fwg6', '--error-file', '/tmp/tmppg3x7u76']
[2021-06-24 16:28:13,962] {standard_task_runner.py:77} INFO - Job 109: Subtask task_4
[2021-06-24 16:28:14,032] {logging_mixin.py:104} INFO - Running <TaskInstance: parallel_dag.task_4 2020-01-16T00:00:00+00:00 [running]> on host airflowvm
[2021-06-24 16:28:14,099] {taskinstance.py:1280} INFO - Exporting the following env vars:
AIRFLOW_CTX_DAG_OWNER=airflow
AIRFLOW_CTX_DAG_ID=parallel_dag
AIRFLOW_CTX_TASK_ID=task_4
AIRFLOW_CTX_EXECUTION_DATE=2020-01-16T00:00:00+00:00
AIRFLOW_CTX_DAG_RUN_ID=scheduled__2020-01-16T00:00:00+00:00
[2021-06-24 16:28:14,100] {subprocess.py:52} INFO - Tmp dir root location: 
 /tmp
[2021-06-24 16:28:14,100] {subprocess.py:63} INFO - Running command: ['bash', '-c', 'sleep 3']
[2021-06-24 16:28:14,108] {subprocess.py:75} INFO - Output:
[2021-06-24 16:28:17,114] {subprocess.py:83} INFO - Command exited with return code 0
[2021-06-24 16:28:17,146] {taskinstance.py:1184} INFO - Marking task as SUCCESS. dag_id=parallel_dag, task_id=task_4, execution_date=20200116T000000, start_date=20210624T162813, end_date=20210624T162817
[2021-06-24 16:28:17,176] {taskinstance.py:1245} INFO - 0 downstream tasks scheduled from follow-on schedule check
[2021-06-24 16:28:17,199] {local_task_job.py:151} INFO - Task exited with return code 0
[2021-06-24 17:05:11,302] {taskinstance.py:876} INFO - Dependencies all met for <TaskInstance: parallel_dag.task_4 2020-01-16T00:00:00+00:00 [queued]>
[2021-06-24 17:05:11,354] {taskinstance.py:876} INFO - Dependencies all met for <TaskInstance: parallel_dag.task_4 2020-01-16T00:00:00+00:00 [queued]>
[2021-06-24 17:05:11,355] {taskinstance.py:1067} INFO - 
--------------------------------------------------------------------------------
[2021-06-24 17:05:11,355] {taskinstance.py:1068} INFO - Starting attempt 1 of 1
[2021-06-24 17:05:11,355] {taskinstance.py:1069} INFO - 
--------------------------------------------------------------------------------
[2021-06-24 17:05:11,382] {taskinstance.py:1087} INFO - Executing <Task(BashOperator): task_4> on 2020-01-16T00:00:00+00:00
[2021-06-24 17:05:11,387] {standard_task_runner.py:52} INFO - Started process 10711 to run task
[2021-06-24 17:05:11,397] {standard_task_runner.py:76} INFO - Running: ['airflow', 'tasks', 'run', 'parallel_dag', 'task_4', '2020-01-16T00:00:00+00:00', '--job-id', '65', '--pool', 'default_pool', '--raw', '--subdir', 'DAGS_FOLDER/parallel_dag.py', '--cfg-path', '/tmp/tmpw44vdvbx', '--error-file', '/tmp/tmpu_bhvjlc']
[2021-06-24 17:05:11,413] {standard_task_runner.py:77} INFO - Job 65: Subtask task_4
[2021-06-24 17:05:11,638] {logging_mixin.py:104} INFO - Running <TaskInstance: parallel_dag.task_4 2020-01-16T00:00:00+00:00 [running]> on host airflowvm
[2021-06-24 17:05:11,887] {taskinstance.py:1280} INFO - Exporting the following env vars:
AIRFLOW_CTX_DAG_OWNER=airflow
AIRFLOW_CTX_DAG_ID=parallel_dag
AIRFLOW_CTX_TASK_ID=task_4
AIRFLOW_CTX_EXECUTION_DATE=2020-01-16T00:00:00+00:00
AIRFLOW_CTX_DAG_RUN_ID=scheduled__2020-01-16T00:00:00+00:00
[2021-06-24 17:05:11,888] {subprocess.py:52} INFO - Tmp dir root location: 
 /tmp
[2021-06-24 17:05:11,892] {subprocess.py:63} INFO - Running command: ['bash', '-c', 'sleep 3']
[2021-06-24 17:05:11,911] {subprocess.py:75} INFO - Output:
[2021-06-24 17:05:14,918] {subprocess.py:83} INFO - Command exited with return code 0
[2021-06-24 17:05:15,018] {taskinstance.py:1184} INFO - Marking task as SUCCESS. dag_id=parallel_dag, task_id=task_4, execution_date=20200116T000000, start_date=20210624T170511, end_date=20210624T170515
[2021-06-24 17:05:15,099] {taskinstance.py:1245} INFO - 0 downstream tasks scheduled from follow-on schedule check
[2021-06-24 17:05:15,119] {local_task_job.py:151} INFO - Task exited with return code 0
