[2021-06-25 09:19:48,074] {taskinstance.py:876} INFO - Dependencies all met for <TaskInstance: parallel_dag.task_1 2020-03-22T00:00:00+00:00 [queued]>
[2021-06-25 09:19:48,227] {taskinstance.py:876} INFO - Dependencies all met for <TaskInstance: parallel_dag.task_1 2020-03-22T00:00:00+00:00 [queued]>
[2021-06-25 09:19:48,227] {taskinstance.py:1067} INFO - 
--------------------------------------------------------------------------------
[2021-06-25 09:19:48,227] {taskinstance.py:1068} INFO - Starting attempt 1 of 1
[2021-06-25 09:19:48,228] {taskinstance.py:1069} INFO - 
--------------------------------------------------------------------------------
[2021-06-25 09:19:48,297] {taskinstance.py:1087} INFO - Executing <Task(BashOperator): task_1> on 2020-03-22T00:00:00+00:00
[2021-06-25 09:19:48,345] {standard_task_runner.py:52} INFO - Started process 8910 to run task
[2021-06-25 09:19:48,448] {standard_task_runner.py:76} INFO - Running: ['airflow', 'tasks', 'run', 'parallel_dag', 'task_1', '2020-03-22T00:00:00+00:00', '--job-id', '326', '--pool', 'default_pool', '--raw', '--subdir', 'DAGS_FOLDER/parallel_dag.py', '--cfg-path', '/tmp/tmpyddwrnwg', '--error-file', '/tmp/tmp9iur1kko']
[2021-06-25 09:19:48,464] {standard_task_runner.py:77} INFO - Job 326: Subtask task_1
[2021-06-25 09:19:48,907] {logging_mixin.py:104} INFO - Running <TaskInstance: parallel_dag.task_1 2020-03-22T00:00:00+00:00 [running]> on host airflowvm
[2021-06-25 09:19:49,392] {taskinstance.py:1280} INFO - Exporting the following env vars:
AIRFLOW_CTX_DAG_OWNER=airflow
AIRFLOW_CTX_DAG_ID=parallel_dag
AIRFLOW_CTX_TASK_ID=task_1
AIRFLOW_CTX_EXECUTION_DATE=2020-03-22T00:00:00+00:00
AIRFLOW_CTX_DAG_RUN_ID=scheduled__2020-03-22T00:00:00+00:00
[2021-06-25 09:19:49,403] {subprocess.py:52} INFO - Tmp dir root location: 
 /tmp
[2021-06-25 09:19:49,466] {subprocess.py:63} INFO - Running command: ['bash', '-c', 'sleep 3']
[2021-06-25 09:19:49,572] {subprocess.py:75} INFO - Output:
[2021-06-25 09:19:52,592] {subprocess.py:83} INFO - Command exited with return code 0
[2021-06-25 09:19:52,943] {taskinstance.py:1184} INFO - Marking task as SUCCESS. dag_id=parallel_dag, task_id=task_1, execution_date=20200322T000000, start_date=20210625T091948, end_date=20210625T091952
[2021-06-25 09:19:53,732] {local_task_job.py:196} WARNING - State of this instance has been externally set to success. Terminating instance.
[2021-06-25 09:19:53,818] {process_utils.py:100} INFO - Sending Signals.SIGTERM to GPID 8910
[2021-06-25 09:19:54,066] {taskinstance.py:1264} ERROR - Received SIGTERM. Terminating subprocesses.
[2021-06-25 09:19:54,066] {subprocess.py:89} INFO - Sending SIGTERM signal to process group
[2021-06-25 09:19:54,113] {process_utils.py:66} INFO - Process psutil.Process(pid=8910, status='terminated', exitcode=1, started='09:19:47') (8910) terminated with exit code 1
