[2021-07-06 14:03:16,938] {taskinstance.py:876} INFO - Dependencies all met for <TaskInstance: get_as_dataframe_otimized.get_diseases 2021-07-06T14:03:11.547716+00:00 [queued]>
[2021-07-06 14:03:17,038] {taskinstance.py:876} INFO - Dependencies all met for <TaskInstance: get_as_dataframe_otimized.get_diseases 2021-07-06T14:03:11.547716+00:00 [queued]>
[2021-07-06 14:03:17,039] {taskinstance.py:1067} INFO - 
--------------------------------------------------------------------------------
[2021-07-06 14:03:17,039] {taskinstance.py:1068} INFO - Starting attempt 1 of 1
[2021-07-06 14:03:17,040] {taskinstance.py:1069} INFO - 
--------------------------------------------------------------------------------
[2021-07-06 14:03:17,088] {taskinstance.py:1087} INFO - Executing <Task(PythonOperator): get_diseases> on 2021-07-06T14:03:11.547716+00:00
[2021-07-06 14:03:17,102] {standard_task_runner.py:52} INFO - Started process 5279 to run task
[2021-07-06 14:03:17,126] {standard_task_runner.py:76} INFO - Running: ['airflow', 'tasks', 'run', 'get_as_dataframe_otimized', 'get_diseases', '2021-07-06T14:03:11.547716+00:00', '--job-id', '1219', '--pool', 'default_pool', '--raw', '--subdir', 'DAGS_FOLDER/get_as_Dataframe_otimized.py', '--cfg-path', '/tmp/tmpfb7h31t1', '--error-file', '/tmp/tmpfp3u5b8s']
[2021-07-06 14:03:17,129] {standard_task_runner.py:77} INFO - Job 1219: Subtask get_diseases
[2021-07-06 14:03:17,528] {logging_mixin.py:104} INFO - Running <TaskInstance: get_as_dataframe_otimized.get_diseases 2021-07-06T14:03:11.547716+00:00 [running]> on host airflowvm
[2021-07-06 14:03:18,074] {taskinstance.py:1280} INFO - Exporting the following env vars:
AIRFLOW_CTX_DAG_OWNER=airflow
AIRFLOW_CTX_DAG_ID=get_as_dataframe_otimized
AIRFLOW_CTX_TASK_ID=get_diseases
AIRFLOW_CTX_EXECUTION_DATE=2021-07-06T14:03:11.547716+00:00
AIRFLOW_CTX_DAG_RUN_ID=manual__2021-07-06T14:03:11.547716+00:00
[2021-07-06 14:03:18,192] {base.py:69} INFO - Using connection to: id: ***_default. Host: localhost, Port: 5432, Schema: , Login: ***, Password: ***, extra: {'cursor': 'realdictcursor'}
[2021-07-06 14:03:18,405] {python.py:151} INFO - Done. Returned value was: None
[2021-07-06 14:03:18,552] {taskinstance.py:1184} INFO - Marking task as SUCCESS. dag_id=get_as_dataframe_otimized, task_id=get_diseases, execution_date=20210706T140311, start_date=20210706T140316, end_date=20210706T140318
[2021-07-06 14:03:18,789] {taskinstance.py:1245} INFO - 0 downstream tasks scheduled from follow-on schedule check
[2021-07-06 14:03:18,829] {local_task_job.py:151} INFO - Task exited with return code 0
