[2021-06-30 08:48:15,710] {taskinstance.py:876} INFO - Dependencies all met for <TaskInstance: open_aq.is_API_available 2021-06-29T17:09:19.209771+00:00 [queued]>
[2021-06-30 08:48:15,761] {taskinstance.py:876} INFO - Dependencies all met for <TaskInstance: open_aq.is_API_available 2021-06-29T17:09:19.209771+00:00 [queued]>
[2021-06-30 08:48:15,765] {taskinstance.py:1067} INFO - 
--------------------------------------------------------------------------------
[2021-06-30 08:48:15,767] {taskinstance.py:1068} INFO - Starting attempt 3 of 3
[2021-06-30 08:48:15,769] {taskinstance.py:1069} INFO - 
--------------------------------------------------------------------------------
[2021-06-30 08:48:15,802] {taskinstance.py:1087} INFO - Executing <Task(HttpSensor): is_API_available> on 2021-06-29T17:09:19.209771+00:00
[2021-06-30 08:48:15,812] {standard_task_runner.py:52} INFO - Started process 6769 to run task
[2021-06-30 08:48:15,841] {standard_task_runner.py:76} INFO - Running: ['airflow', 'tasks', 'run', 'open_aq', 'is_API_available', '2021-06-29T17:09:19.209771+00:00', '--job-id', '764', '--pool', 'default_pool', '--raw', '--subdir', 'DAGS_FOLDER/open_aq.py', '--cfg-path', '/tmp/tmpfi1npffv', '--error-file', '/tmp/tmppfo_r1hj']
[2021-06-30 08:48:15,842] {standard_task_runner.py:77} INFO - Job 764: Subtask is_API_available
[2021-06-30 08:48:15,998] {logging_mixin.py:104} INFO - Running <TaskInstance: open_aq.is_API_available 2021-06-29T17:09:19.209771+00:00 [running]> on host airflowvm
[2021-06-30 08:48:16,175] {taskinstance.py:1280} INFO - Exporting the following env vars:
AIRFLOW_CTX_DAG_OWNER=airflow
AIRFLOW_CTX_DAG_ID=open_aq
AIRFLOW_CTX_TASK_ID=is_API_available
AIRFLOW_CTX_EXECUTION_DATE=2021-06-29T17:09:19.209771+00:00
AIRFLOW_CTX_DAG_RUN_ID=manual__2021-06-29T17:09:19.209771+00:00
[2021-06-30 08:48:16,177] {http.py:101} INFO - Poking: v2/cities
[2021-06-30 08:48:16,200] {base.py:69} INFO - Using connection to: id: open_aq_api. Host: https://u50g7n0cbj.execute-api.us-east-1.amazonaws.com/, Port: None, Schema: , Login: , Password: None, extra: {}
[2021-06-30 08:48:16,203] {http.py:140} INFO - Sending 'GET' to url: https://u50g7n0cbj.execute-api.us-east-1.amazonaws.com/v2/cities
[2021-06-30 08:48:16,804] {base.py:243} INFO - Success criteria met. Exiting.
[2021-06-30 08:48:16,828] {taskinstance.py:1184} INFO - Marking task as SUCCESS. dag_id=open_aq, task_id=is_API_available, execution_date=20210629T170919, start_date=20210630T084815, end_date=20210630T084816
[2021-06-30 08:48:16,886] {taskinstance.py:1245} INFO - 1 downstream tasks scheduled from follow-on schedule check
[2021-06-30 08:48:16,913] {local_task_job.py:151} INFO - Task exited with return code 0
