[2021-06-24 17:06:23,868] {taskinstance.py:876} INFO - Dependencies all met for <TaskInstance: parallel_dag.task_4 2020-01-26T00:00:00+00:00 [queued]>
[2021-06-24 17:06:24,188] {taskinstance.py:876} INFO - Dependencies all met for <TaskInstance: parallel_dag.task_4 2020-01-26T00:00:00+00:00 [queued]>
[2021-06-24 17:06:24,188] {taskinstance.py:1067} INFO - 
--------------------------------------------------------------------------------
[2021-06-24 17:06:24,188] {taskinstance.py:1068} INFO - Starting attempt 1 of 1
[2021-06-24 17:06:24,188] {taskinstance.py:1069} INFO - 
--------------------------------------------------------------------------------
[2021-06-24 17:06:24,333] {taskinstance.py:1087} INFO - Executing <Task(BashOperator): task_4> on 2020-01-26T00:00:00+00:00
[2021-06-24 17:06:24,402] {standard_task_runner.py:52} INFO - Started process 12687 to run task
[2021-06-24 17:06:24,479] {standard_task_runner.py:76} INFO - Running: ['airflow', 'tasks', 'run', 'parallel_dag', 'task_4', '2020-01-26T00:00:00+00:00', '--job-id', '122', '--pool', 'default_pool', '--raw', '--subdir', 'DAGS_FOLDER/parallel_dag.py', '--cfg-path', '/tmp/tmpi2jky7fm', '--error-file', '/tmp/tmp4fvnobwq']
[2021-06-24 17:06:24,507] {standard_task_runner.py:77} INFO - Job 122: Subtask task_4
[2021-06-24 17:06:25,174] {logging_mixin.py:104} INFO - Running <TaskInstance: parallel_dag.task_4 2020-01-26T00:00:00+00:00 [running]> on host airflowvm
[2021-06-24 17:06:26,738] {taskinstance.py:1280} INFO - Exporting the following env vars:
AIRFLOW_CTX_DAG_OWNER=airflow
AIRFLOW_CTX_DAG_ID=parallel_dag
AIRFLOW_CTX_TASK_ID=task_4
AIRFLOW_CTX_EXECUTION_DATE=2020-01-26T00:00:00+00:00
AIRFLOW_CTX_DAG_RUN_ID=scheduled__2020-01-26T00:00:00+00:00
[2021-06-24 17:06:26,739] {subprocess.py:52} INFO - Tmp dir root location: 
 /tmp
[2021-06-24 17:06:26,740] {subprocess.py:63} INFO - Running command: ['bash', '-c', 'sleep 3']
[2021-06-24 17:06:27,287] {subprocess.py:75} INFO - Output:
[2021-06-24 17:06:30,326] {subprocess.py:83} INFO - Command exited with return code 0
[2021-06-24 17:06:30,917] {taskinstance.py:1184} INFO - Marking task as SUCCESS. dag_id=parallel_dag, task_id=task_4, execution_date=20200126T000000, start_date=20210624T170623, end_date=20210624T170630
[2021-06-24 17:06:31,304] {taskinstance.py:1245} INFO - 0 downstream tasks scheduled from follow-on schedule check
[2021-06-24 17:06:31,371] {local_task_job.py:151} INFO - Task exited with return code 0
