[2021-06-29 16:07:50,503] {taskinstance.py:876} INFO - Dependencies all met for <TaskInstance: open_aq.create_table 2021-06-29T16:07:41.939989+00:00 [queued]>
[2021-06-29 16:07:50,551] {taskinstance.py:876} INFO - Dependencies all met for <TaskInstance: open_aq.create_table 2021-06-29T16:07:41.939989+00:00 [queued]>
[2021-06-29 16:07:50,553] {taskinstance.py:1067} INFO - 
--------------------------------------------------------------------------------
[2021-06-29 16:07:50,554] {taskinstance.py:1068} INFO - Starting attempt 1 of 1
[2021-06-29 16:07:50,555] {taskinstance.py:1069} INFO - 
--------------------------------------------------------------------------------
[2021-06-29 16:07:50,584] {taskinstance.py:1087} INFO - Executing <Task(PostgresOperator): create_table> on 2021-06-29T16:07:41.939989+00:00
[2021-06-29 16:07:50,594] {standard_task_runner.py:52} INFO - Started process 33069 to run task
[2021-06-29 16:07:50,622] {standard_task_runner.py:76} INFO - Running: ['airflow', 'tasks', 'run', 'open_aq', 'create_table', '2021-06-29T16:07:41.939989+00:00', '--job-id', '650', '--pool', 'default_pool', '--raw', '--subdir', 'DAGS_FOLDER/open_aq.py', '--cfg-path', '/tmp/tmpmvtxmccp', '--error-file', '/tmp/tmpx1qitmzw']
[2021-06-29 16:07:50,628] {standard_task_runner.py:77} INFO - Job 650: Subtask create_table
[2021-06-29 16:07:50,785] {logging_mixin.py:104} INFO - Running <TaskInstance: open_aq.create_table 2021-06-29T16:07:41.939989+00:00 [running]> on host airflowvm
[2021-06-29 16:07:50,958] {taskinstance.py:1280} INFO - Exporting the following env vars:
AIRFLOW_CTX_DAG_OWNER=airflow
AIRFLOW_CTX_DAG_ID=open_aq
AIRFLOW_CTX_TASK_ID=create_table
AIRFLOW_CTX_EXECUTION_DATE=2021-06-29T16:07:41.939989+00:00
AIRFLOW_CTX_DAG_RUN_ID=manual__2021-06-29T16:07:41.939989+00:00
[2021-06-29 16:07:50,959] {postgres.py:68} INFO - Executing: CREATE TABLE open_aq (
                                        city VARCHAR not null primary key,
                                        country VARCHAR not null,
                                        count INT not null,
                                        parameters VARCHAR ARRAY);
[2021-06-29 16:07:50,979] {base.py:69} INFO - Using connection to: id: ***_default. Host: localhost, Port: 5432, Schema: , Login: ***, Password: ***, extra: {'cursor': 'realdictcursor'}
[2021-06-29 16:07:50,991] {dbapi.py:204} INFO - Running statement: CREATE TABLE open_aq (
                                        city VARCHAR not null primary key,
                                        country VARCHAR not null,
                                        count INT not null,
                                        parameters VARCHAR ARRAY);, parameters: None
[2021-06-29 16:07:51,031] {taskinstance.py:1184} INFO - Marking task as SUCCESS. dag_id=open_aq, task_id=create_table, execution_date=20210629T160741, start_date=20210629T160750, end_date=20210629T160751
[2021-06-29 16:07:51,099] {taskinstance.py:1245} INFO - 1 downstream tasks scheduled from follow-on schedule check
[2021-06-29 16:07:51,141] {local_task_job.py:151} INFO - Task exited with return code 0
