[2021-06-25 09:19:30,222] {taskinstance.py:876} INFO - Dependencies all met for <TaskInstance: parallel_dag.task_1 2020-03-18T00:00:00+00:00 [queued]>
[2021-06-25 09:19:30,638] {taskinstance.py:876} INFO - Dependencies all met for <TaskInstance: parallel_dag.task_1 2020-03-18T00:00:00+00:00 [queued]>
[2021-06-25 09:19:30,639] {taskinstance.py:1067} INFO - 
--------------------------------------------------------------------------------
[2021-06-25 09:19:30,639] {taskinstance.py:1068} INFO - Starting attempt 1 of 1
[2021-06-25 09:19:30,666] {taskinstance.py:1069} INFO - 
--------------------------------------------------------------------------------
[2021-06-25 09:19:31,100] {taskinstance.py:1087} INFO - Executing <Task(BashOperator): task_1> on 2020-03-18T00:00:00+00:00
[2021-06-25 09:19:31,178] {standard_task_runner.py:52} INFO - Started process 8396 to run task
[2021-06-25 09:19:31,334] {standard_task_runner.py:76} INFO - Running: ['airflow', 'tasks', 'run', 'parallel_dag', 'task_1', '2020-03-18T00:00:00+00:00', '--job-id', '311', '--pool', 'default_pool', '--raw', '--subdir', 'DAGS_FOLDER/parallel_dag.py', '--cfg-path', '/tmp/tmpqagaipi4', '--error-file', '/tmp/tmpjar38wg3']
[2021-06-25 09:19:31,381] {standard_task_runner.py:77} INFO - Job 311: Subtask task_1
[2021-06-25 09:19:32,430] {logging_mixin.py:104} INFO - Running <TaskInstance: parallel_dag.task_1 2020-03-18T00:00:00+00:00 [running]> on host airflowvm
[2021-06-25 09:19:33,293] {taskinstance.py:1280} INFO - Exporting the following env vars:
AIRFLOW_CTX_DAG_OWNER=airflow
AIRFLOW_CTX_DAG_ID=parallel_dag
AIRFLOW_CTX_TASK_ID=task_1
AIRFLOW_CTX_EXECUTION_DATE=2020-03-18T00:00:00+00:00
AIRFLOW_CTX_DAG_RUN_ID=scheduled__2020-03-18T00:00:00+00:00
[2021-06-25 09:19:33,295] {subprocess.py:52} INFO - Tmp dir root location: 
 /tmp
[2021-06-25 09:19:33,311] {subprocess.py:63} INFO - Running command: ['bash', '-c', 'sleep 3']
[2021-06-25 09:19:33,528] {subprocess.py:75} INFO - Output:
[2021-06-25 09:19:36,568] {subprocess.py:83} INFO - Command exited with return code 0
[2021-06-25 09:19:37,087] {taskinstance.py:1184} INFO - Marking task as SUCCESS. dag_id=parallel_dag, task_id=task_1, execution_date=20200318T000000, start_date=20210625T091930, end_date=20210625T091937
[2021-06-25 09:19:39,143] {taskinstance.py:1245} INFO - 0 downstream tasks scheduled from follow-on schedule check
[2021-06-25 09:19:39,181] {local_task_job.py:151} INFO - Task exited with return code 0
