[2021-06-25 09:17:36,231] {taskinstance.py:876} INFO - Dependencies all met for <TaskInstance: parallel_dag.task_3 2020-02-18T00:00:00+00:00 [queued]>
[2021-06-25 09:17:36,559] {taskinstance.py:876} INFO - Dependencies all met for <TaskInstance: parallel_dag.task_3 2020-02-18T00:00:00+00:00 [queued]>
[2021-06-25 09:17:36,560] {taskinstance.py:1067} INFO - 
--------------------------------------------------------------------------------
[2021-06-25 09:17:36,560] {taskinstance.py:1068} INFO - Starting attempt 1 of 1
[2021-06-25 09:17:36,575] {taskinstance.py:1069} INFO - 
--------------------------------------------------------------------------------
[2021-06-25 09:17:36,846] {taskinstance.py:1087} INFO - Executing <Task(BashOperator): task_3> on 2020-02-18T00:00:00+00:00
[2021-06-25 09:17:36,936] {standard_task_runner.py:52} INFO - Started process 5183 to run task
[2021-06-25 09:17:36,994] {standard_task_runner.py:76} INFO - Running: ['airflow', 'tasks', 'run', 'parallel_dag', 'task_3', '2020-02-18T00:00:00+00:00', '--job-id', '214', '--pool', 'default_pool', '--raw', '--subdir', 'DAGS_FOLDER/parallel_dag.py', '--cfg-path', '/tmp/tmpsuou4zlb', '--error-file', '/tmp/tmp2aykataa']
[2021-06-25 09:17:36,995] {standard_task_runner.py:77} INFO - Job 214: Subtask task_3
[2021-06-25 09:17:37,746] {logging_mixin.py:104} INFO - Running <TaskInstance: parallel_dag.task_3 2020-02-18T00:00:00+00:00 [running]> on host airflowvm
[2021-06-25 09:17:38,444] {taskinstance.py:1280} INFO - Exporting the following env vars:
AIRFLOW_CTX_DAG_OWNER=airflow
AIRFLOW_CTX_DAG_ID=parallel_dag
AIRFLOW_CTX_TASK_ID=task_3
AIRFLOW_CTX_EXECUTION_DATE=2020-02-18T00:00:00+00:00
AIRFLOW_CTX_DAG_RUN_ID=scheduled__2020-02-18T00:00:00+00:00
[2021-06-25 09:17:38,445] {subprocess.py:52} INFO - Tmp dir root location: 
 /tmp
[2021-06-25 09:17:38,445] {subprocess.py:63} INFO - Running command: ['bash', '-c', 'sleep 3']
[2021-06-25 09:17:38,571] {subprocess.py:75} INFO - Output:
[2021-06-25 09:17:41,668] {subprocess.py:83} INFO - Command exited with return code 0
[2021-06-25 09:17:41,996] {taskinstance.py:1184} INFO - Marking task as SUCCESS. dag_id=parallel_dag, task_id=task_3, execution_date=20200218T000000, start_date=20210625T091736, end_date=20210625T091741
[2021-06-25 09:17:42,469] {local_task_job.py:196} WARNING - State of this instance has been externally set to success. Terminating instance.
[2021-06-25 09:17:42,667] {taskinstance.py:1245} INFO - 0 downstream tasks scheduled from follow-on schedule check
[2021-06-25 09:17:42,763] {process_utils.py:100} INFO - Sending Signals.SIGTERM to GPID 5183
[2021-06-25 09:17:42,765] {process_utils.py:66} INFO - Process psutil.Process(pid=5183, status='terminated', exitcode=0, started='09:17:36') (5183) terminated with exit code 0
