[2021-06-25 09:19:55,517] {taskinstance.py:876} INFO - Dependencies all met for <TaskInstance: parallel_dag.task_4 2020-03-17T00:00:00+00:00 [queued]>
[2021-06-25 09:19:55,721] {taskinstance.py:876} INFO - Dependencies all met for <TaskInstance: parallel_dag.task_4 2020-03-17T00:00:00+00:00 [queued]>
[2021-06-25 09:19:55,722] {taskinstance.py:1067} INFO - 
--------------------------------------------------------------------------------
[2021-06-25 09:19:55,723] {taskinstance.py:1068} INFO - Starting attempt 1 of 1
[2021-06-25 09:19:55,724] {taskinstance.py:1069} INFO - 
--------------------------------------------------------------------------------
[2021-06-25 09:19:55,837] {taskinstance.py:1087} INFO - Executing <Task(BashOperator): task_4> on 2020-03-17T00:00:00+00:00
[2021-06-25 09:19:55,855] {standard_task_runner.py:52} INFO - Started process 9117 to run task
[2021-06-25 09:19:55,974] {standard_task_runner.py:76} INFO - Running: ['airflow', 'tasks', 'run', 'parallel_dag', 'task_4', '2020-03-17T00:00:00+00:00', '--job-id', '334', '--pool', 'default_pool', '--raw', '--subdir', 'DAGS_FOLDER/parallel_dag.py', '--cfg-path', '/tmp/tmpt2q2qfq8', '--error-file', '/tmp/tmpibtwly5l']
[2021-06-25 09:19:55,980] {standard_task_runner.py:77} INFO - Job 334: Subtask task_4
[2021-06-25 09:19:56,579] {logging_mixin.py:104} INFO - Running <TaskInstance: parallel_dag.task_4 2020-03-17T00:00:00+00:00 [running]> on host airflowvm
[2021-06-25 09:19:57,435] {taskinstance.py:1280} INFO - Exporting the following env vars:
AIRFLOW_CTX_DAG_OWNER=airflow
AIRFLOW_CTX_DAG_ID=parallel_dag
AIRFLOW_CTX_TASK_ID=task_4
AIRFLOW_CTX_EXECUTION_DATE=2020-03-17T00:00:00+00:00
AIRFLOW_CTX_DAG_RUN_ID=scheduled__2020-03-17T00:00:00+00:00
[2021-06-25 09:19:57,448] {subprocess.py:52} INFO - Tmp dir root location: 
 /tmp
[2021-06-25 09:19:57,452] {subprocess.py:63} INFO - Running command: ['bash', '-c', 'sleep 3']
[2021-06-25 09:19:57,522] {subprocess.py:75} INFO - Output:
[2021-06-25 09:20:00,554] {subprocess.py:83} INFO - Command exited with return code 0
[2021-06-25 09:20:00,988] {taskinstance.py:1184} INFO - Marking task as SUCCESS. dag_id=parallel_dag, task_id=task_4, execution_date=20200317T000000, start_date=20210625T091955, end_date=20210625T092000
[2021-06-25 09:20:01,519] {local_task_job.py:196} WARNING - State of this instance has been externally set to success. Terminating instance.
[2021-06-25 09:20:01,568] {taskinstance.py:1245} INFO - 0 downstream tasks scheduled from follow-on schedule check
[2021-06-25 09:20:01,801] {process_utils.py:100} INFO - Sending Signals.SIGTERM to GPID 9117
[2021-06-25 09:20:01,856] {process_utils.py:66} INFO - Process psutil.Process(pid=9117, status='terminated', exitcode=0, started='09:19:54') (9117) terminated with exit code 0
