[2021-06-25 09:19:29,715] {taskinstance.py:876} INFO - Dependencies all met for <TaskInstance: parallel_dag.task_2 2020-03-15T00:00:00+00:00 [queued]>
[2021-06-25 09:19:29,998] {taskinstance.py:876} INFO - Dependencies all met for <TaskInstance: parallel_dag.task_2 2020-03-15T00:00:00+00:00 [queued]>
[2021-06-25 09:19:29,999] {taskinstance.py:1067} INFO - 
--------------------------------------------------------------------------------
[2021-06-25 09:19:30,000] {taskinstance.py:1068} INFO - Starting attempt 1 of 1
[2021-06-25 09:19:30,002] {taskinstance.py:1069} INFO - 
--------------------------------------------------------------------------------
[2021-06-25 09:19:30,270] {taskinstance.py:1087} INFO - Executing <Task(BashOperator): task_2> on 2020-03-15T00:00:00+00:00
[2021-06-25 09:19:30,366] {standard_task_runner.py:52} INFO - Started process 8377 to run task
[2021-06-25 09:19:30,525] {standard_task_runner.py:76} INFO - Running: ['airflow', 'tasks', 'run', 'parallel_dag', 'task_2', '2020-03-15T00:00:00+00:00', '--job-id', '309', '--pool', 'default_pool', '--raw', '--subdir', 'DAGS_FOLDER/parallel_dag.py', '--cfg-path', '/tmp/tmp9m0isq_5', '--error-file', '/tmp/tmpxpem0vlo']
[2021-06-25 09:19:30,559] {standard_task_runner.py:77} INFO - Job 309: Subtask task_2
[2021-06-25 09:19:32,123] {logging_mixin.py:104} INFO - Running <TaskInstance: parallel_dag.task_2 2020-03-15T00:00:00+00:00 [running]> on host airflowvm
[2021-06-25 09:19:32,842] {taskinstance.py:1280} INFO - Exporting the following env vars:
AIRFLOW_CTX_DAG_OWNER=airflow
AIRFLOW_CTX_DAG_ID=parallel_dag
AIRFLOW_CTX_TASK_ID=task_2
AIRFLOW_CTX_EXECUTION_DATE=2020-03-15T00:00:00+00:00
AIRFLOW_CTX_DAG_RUN_ID=scheduled__2020-03-15T00:00:00+00:00
[2021-06-25 09:19:32,843] {subprocess.py:52} INFO - Tmp dir root location: 
 /tmp
[2021-06-25 09:19:32,844] {subprocess.py:63} INFO - Running command: ['bash', '-c', 'sleep 3']
[2021-06-25 09:19:32,955] {subprocess.py:75} INFO - Output:
[2021-06-25 09:19:35,990] {subprocess.py:83} INFO - Command exited with return code 0
[2021-06-25 09:19:36,481] {taskinstance.py:1184} INFO - Marking task as SUCCESS. dag_id=parallel_dag, task_id=task_2, execution_date=20200315T000000, start_date=20210625T091929, end_date=20210625T091936
[2021-06-25 09:19:37,228] {taskinstance.py:1245} INFO - 0 downstream tasks scheduled from follow-on schedule check
[2021-06-25 09:19:37,333] {local_task_job.py:151} INFO - Task exited with return code 0
