[2021-06-29 13:59:47,992] {taskinstance.py:876} INFO - Dependencies all met for <TaskInstance: open_aq.create_table 2021-06-29T13:59:42.397825+00:00 [queued]>
[2021-06-29 13:59:48,017] {taskinstance.py:876} INFO - Dependencies all met for <TaskInstance: open_aq.create_table 2021-06-29T13:59:42.397825+00:00 [queued]>
[2021-06-29 13:59:48,018] {taskinstance.py:1067} INFO - 
--------------------------------------------------------------------------------
[2021-06-29 13:59:48,019] {taskinstance.py:1068} INFO - Starting attempt 1 of 1
[2021-06-29 13:59:48,019] {taskinstance.py:1069} INFO - 
--------------------------------------------------------------------------------
[2021-06-29 13:59:48,038] {taskinstance.py:1087} INFO - Executing <Task(PostgresOperator): create_table> on 2021-06-29T13:59:42.397825+00:00
[2021-06-29 13:59:48,045] {standard_task_runner.py:52} INFO - Started process 19001 to run task
[2021-06-29 13:59:48,057] {standard_task_runner.py:76} INFO - Running: ['airflow', 'tasks', 'run', 'open_aq', 'create_table', '2021-06-29T13:59:42.397825+00:00', '--job-id', '557', '--pool', 'default_pool', '--raw', '--subdir', 'DAGS_FOLDER/open_aq.py', '--cfg-path', '/tmp/tmpvfgj07p0', '--error-file', '/tmp/tmpnh7zvxt7']
[2021-06-29 13:59:48,059] {standard_task_runner.py:77} INFO - Job 557: Subtask create_table
[2021-06-29 13:59:48,186] {logging_mixin.py:104} INFO - Running <TaskInstance: open_aq.create_table 2021-06-29T13:59:42.397825+00:00 [running]> on host airflowvm
[2021-06-29 13:59:48,335] {taskinstance.py:1280} INFO - Exporting the following env vars:
AIRFLOW_CTX_DAG_OWNER=airflow
AIRFLOW_CTX_DAG_ID=open_aq
AIRFLOW_CTX_TASK_ID=create_table
AIRFLOW_CTX_EXECUTION_DATE=2021-06-29T13:59:42.397825+00:00
AIRFLOW_CTX_DAG_RUN_ID=manual__2021-06-29T13:59:42.397825+00:00
[2021-06-29 13:59:48,339] {postgres.py:68} INFO - Executing: CREATE TABLE open_aq (
                                        city VARCHAR not null primary key,
                                        country VARCHAR not null,
                                        count INT not null,
                                        parameters TEXT []);
[2021-06-29 13:59:48,378] {base.py:69} INFO - Using connection to: id: ***_default. Host: localhost, Port: 5432, Schema: , Login: ***, Password: ***, extra: {'cursor': 'realdictcursor'}
[2021-06-29 13:59:48,396] {dbapi.py:204} INFO - Running statement: CREATE TABLE open_aq (
                                        city VARCHAR not null primary key,
                                        country VARCHAR not null,
                                        count INT not null,
                                        parameters TEXT []);, parameters: None
[2021-06-29 13:59:48,435] {taskinstance.py:1184} INFO - Marking task as SUCCESS. dag_id=open_aq, task_id=create_table, execution_date=20210629T135942, start_date=20210629T135947, end_date=20210629T135948
[2021-06-29 13:59:48,563] {taskinstance.py:1245} INFO - 1 downstream tasks scheduled from follow-on schedule check
[2021-06-29 13:59:48,594] {local_task_job.py:151} INFO - Task exited with return code 0
