[2021-06-25 11:23:11,080] {taskinstance.py:876} INFO - Dependencies all met for <TaskInstance: parallel_dag.processing_tasks.task_2 2021-06-24T00:00:00+00:00 [queued]>
[2021-06-25 11:23:11,122] {taskinstance.py:876} INFO - Dependencies all met for <TaskInstance: parallel_dag.processing_tasks.task_2 2021-06-24T00:00:00+00:00 [queued]>
[2021-06-25 11:23:11,123] {taskinstance.py:1067} INFO - 
--------------------------------------------------------------------------------
[2021-06-25 11:23:11,124] {taskinstance.py:1068} INFO - Starting attempt 1 of 1
[2021-06-25 11:23:11,125] {taskinstance.py:1069} INFO - 
--------------------------------------------------------------------------------
[2021-06-25 11:23:11,156] {taskinstance.py:1087} INFO - Executing <Task(BashOperator): task_2> on 2021-06-24T00:00:00+00:00
[2021-06-25 11:23:11,161] {standard_task_runner.py:52} INFO - Started process 24984 to run task
[2021-06-25 11:23:11,173] {standard_task_runner.py:76} INFO - Running: ['airflow', 'tasks', 'run', 'parallel_dag.processing_tasks', 'task_2', '2021-06-24T00:00:00+00:00', '--job-id', '409', '--pool', 'default_pool', '--raw', '--subdir', 'DAGS_FOLDER/parallel_dag.py', '--cfg-path', '/tmp/tmp317g0ue9', '--error-file', '/tmp/tmp9xv1lg8x']
[2021-06-25 11:23:11,175] {standard_task_runner.py:77} INFO - Job 409: Subtask task_2
[2021-06-25 11:23:11,469] {logging_mixin.py:104} INFO - Running <TaskInstance: parallel_dag.processing_tasks.task_2 2021-06-24T00:00:00+00:00 [running]> on host airflowvm
[2021-06-25 11:23:12,151] {taskinstance.py:1280} INFO - Exporting the following env vars:
AIRFLOW_CTX_DAG_OWNER=airflow
AIRFLOW_CTX_DAG_ID=parallel_dag.processing_tasks
AIRFLOW_CTX_TASK_ID=task_2
AIRFLOW_CTX_EXECUTION_DATE=2021-06-24T00:00:00+00:00
AIRFLOW_CTX_DAG_RUN_ID=scheduled__2021-06-24T00:00:00+00:00
[2021-06-25 11:23:12,156] {subprocess.py:52} INFO - Tmp dir root location: 
 /tmp
[2021-06-25 11:23:12,158] {subprocess.py:63} INFO - Running command: ['bash', '-c', 'sleep 3']
[2021-06-25 11:23:12,249] {subprocess.py:75} INFO - Output:
[2021-06-25 11:23:15,272] {subprocess.py:83} INFO - Command exited with return code 0
[2021-06-25 11:23:15,433] {taskinstance.py:1184} INFO - Marking task as SUCCESS. dag_id=parallel_dag.processing_tasks, task_id=task_2, execution_date=20210624T000000, start_date=20210625T112311, end_date=20210625T112315
[2021-06-25 11:23:15,546] {taskinstance.py:1245} INFO - 0 downstream tasks scheduled from follow-on schedule check
[2021-06-25 11:23:15,618] {local_task_job.py:151} INFO - Task exited with return code 0
