[2021-06-25 09:19:16,553] {taskinstance.py:876} INFO - Dependencies all met for <TaskInstance: parallel_dag.task_1 2020-03-16T00:00:00+00:00 [queued]>
[2021-06-25 09:19:17,232] {taskinstance.py:876} INFO - Dependencies all met for <TaskInstance: parallel_dag.task_1 2020-03-16T00:00:00+00:00 [queued]>
[2021-06-25 09:19:17,233] {taskinstance.py:1067} INFO - 
--------------------------------------------------------------------------------
[2021-06-25 09:19:17,233] {taskinstance.py:1068} INFO - Starting attempt 1 of 1
[2021-06-25 09:19:17,235] {taskinstance.py:1069} INFO - 
--------------------------------------------------------------------------------
[2021-06-25 09:19:17,816] {taskinstance.py:1087} INFO - Executing <Task(BashOperator): task_1> on 2020-03-16T00:00:00+00:00
[2021-06-25 09:19:17,934] {standard_task_runner.py:52} INFO - Started process 8094 to run task
[2021-06-25 09:19:18,079] {standard_task_runner.py:76} INFO - Running: ['airflow', 'tasks', 'run', 'parallel_dag', 'task_1', '2020-03-16T00:00:00+00:00', '--job-id', '302', '--pool', 'default_pool', '--raw', '--subdir', 'DAGS_FOLDER/parallel_dag.py', '--cfg-path', '/tmp/tmpco80z9mu', '--error-file', '/tmp/tmp18hey54f']
[2021-06-25 09:19:18,173] {standard_task_runner.py:77} INFO - Job 302: Subtask task_1
[2021-06-25 09:19:19,651] {logging_mixin.py:104} INFO - Running <TaskInstance: parallel_dag.task_1 2020-03-16T00:00:00+00:00 [running]> on host airflowvm
[2021-06-25 09:19:20,449] {taskinstance.py:1280} INFO - Exporting the following env vars:
AIRFLOW_CTX_DAG_OWNER=airflow
AIRFLOW_CTX_DAG_ID=parallel_dag
AIRFLOW_CTX_TASK_ID=task_1
AIRFLOW_CTX_EXECUTION_DATE=2020-03-16T00:00:00+00:00
AIRFLOW_CTX_DAG_RUN_ID=scheduled__2020-03-16T00:00:00+00:00
[2021-06-25 09:19:20,466] {subprocess.py:52} INFO - Tmp dir root location: 
 /tmp
[2021-06-25 09:19:20,484] {subprocess.py:63} INFO - Running command: ['bash', '-c', 'sleep 3']
[2021-06-25 09:19:20,564] {subprocess.py:75} INFO - Output:
[2021-06-25 09:19:23,584] {subprocess.py:83} INFO - Command exited with return code 0
[2021-06-25 09:19:24,477] {taskinstance.py:1184} INFO - Marking task as SUCCESS. dag_id=parallel_dag, task_id=task_1, execution_date=20200316T000000, start_date=20210625T091916, end_date=20210625T091924
[2021-06-25 09:19:25,377] {taskinstance.py:1245} INFO - 2 downstream tasks scheduled from follow-on schedule check
[2021-06-25 09:19:25,641] {local_task_job.py:151} INFO - Task exited with return code 0
