[2021-06-24 16:27:33,106] {taskinstance.py:876} INFO - Dependencies all met for <TaskInstance: parallel_dag.task_1 2020-01-17T00:00:00+00:00 [queued]>
[2021-06-24 16:27:33,126] {taskinstance.py:876} INFO - Dependencies all met for <TaskInstance: parallel_dag.task_1 2020-01-17T00:00:00+00:00 [queued]>
[2021-06-24 16:27:33,128] {taskinstance.py:1067} INFO - 
--------------------------------------------------------------------------------
[2021-06-24 16:27:33,130] {taskinstance.py:1068} INFO - Starting attempt 1 of 1
[2021-06-24 16:27:33,131] {taskinstance.py:1069} INFO - 
--------------------------------------------------------------------------------
[2021-06-24 16:27:33,158] {taskinstance.py:1087} INFO - Executing <Task(BashOperator): task_1> on 2020-01-17T00:00:00+00:00
[2021-06-24 16:27:33,163] {standard_task_runner.py:52} INFO - Started process 2546 to run task
[2021-06-24 16:27:33,174] {standard_task_runner.py:76} INFO - Running: ['airflow', 'tasks', 'run', 'parallel_dag', 'task_1', '2020-01-17T00:00:00+00:00', '--job-id', '102', '--pool', 'default_pool', '--raw', '--subdir', 'DAGS_FOLDER/parallel_dag.py', '--cfg-path', '/tmp/tmp76y81fjf', '--error-file', '/tmp/tmpk71_kfxp']
[2021-06-24 16:27:33,176] {standard_task_runner.py:77} INFO - Job 102: Subtask task_1
[2021-06-24 16:27:33,297] {logging_mixin.py:104} INFO - Running <TaskInstance: parallel_dag.task_1 2020-01-17T00:00:00+00:00 [running]> on host airflowvm
[2021-06-24 16:27:33,409] {taskinstance.py:1280} INFO - Exporting the following env vars:
AIRFLOW_CTX_DAG_OWNER=airflow
AIRFLOW_CTX_DAG_ID=parallel_dag
AIRFLOW_CTX_TASK_ID=task_1
AIRFLOW_CTX_EXECUTION_DATE=2020-01-17T00:00:00+00:00
AIRFLOW_CTX_DAG_RUN_ID=scheduled__2020-01-17T00:00:00+00:00
[2021-06-24 16:27:33,410] {subprocess.py:52} INFO - Tmp dir root location: 
 /tmp
[2021-06-24 16:27:33,411] {subprocess.py:63} INFO - Running command: ['bash', '-c', 'sleep 3']
[2021-06-24 16:27:33,425] {subprocess.py:75} INFO - Output:
[2021-06-24 16:27:36,434] {subprocess.py:83} INFO - Command exited with return code 0
[2021-06-24 16:27:36,456] {taskinstance.py:1184} INFO - Marking task as SUCCESS. dag_id=parallel_dag, task_id=task_1, execution_date=20200117T000000, start_date=20210624T162733, end_date=20210624T162736
[2021-06-24 16:27:36,493] {taskinstance.py:1245} INFO - 2 downstream tasks scheduled from follow-on schedule check
[2021-06-24 16:27:36,519] {local_task_job.py:151} INFO - Task exited with return code 0
[2021-06-24 17:05:19,070] {taskinstance.py:876} INFO - Dependencies all met for <TaskInstance: parallel_dag.task_1 2020-01-17T00:00:00+00:00 [queued]>
[2021-06-24 17:05:19,191] {taskinstance.py:876} INFO - Dependencies all met for <TaskInstance: parallel_dag.task_1 2020-01-17T00:00:00+00:00 [queued]>
[2021-06-24 17:05:19,193] {taskinstance.py:1067} INFO - 
--------------------------------------------------------------------------------
[2021-06-24 17:05:19,194] {taskinstance.py:1068} INFO - Starting attempt 1 of 1
[2021-06-24 17:05:19,195] {taskinstance.py:1069} INFO - 
--------------------------------------------------------------------------------
[2021-06-24 17:05:19,290] {taskinstance.py:1087} INFO - Executing <Task(BashOperator): task_1> on 2020-01-17T00:00:00+00:00
[2021-06-24 17:05:19,316] {standard_task_runner.py:52} INFO - Started process 10871 to run task
[2021-06-24 17:05:19,371] {standard_task_runner.py:76} INFO - Running: ['airflow', 'tasks', 'run', 'parallel_dag', 'task_1', '2020-01-17T00:00:00+00:00', '--job-id', '66', '--pool', 'default_pool', '--raw', '--subdir', 'DAGS_FOLDER/parallel_dag.py', '--cfg-path', '/tmp/tmpt4fwnild', '--error-file', '/tmp/tmpdoy7mope']
[2021-06-24 17:05:19,377] {standard_task_runner.py:77} INFO - Job 66: Subtask task_1
[2021-06-24 17:05:19,721] {logging_mixin.py:104} INFO - Running <TaskInstance: parallel_dag.task_1 2020-01-17T00:00:00+00:00 [running]> on host airflowvm
[2021-06-24 17:05:20,013] {taskinstance.py:1280} INFO - Exporting the following env vars:
AIRFLOW_CTX_DAG_OWNER=airflow
AIRFLOW_CTX_DAG_ID=parallel_dag
AIRFLOW_CTX_TASK_ID=task_1
AIRFLOW_CTX_EXECUTION_DATE=2020-01-17T00:00:00+00:00
AIRFLOW_CTX_DAG_RUN_ID=scheduled__2020-01-17T00:00:00+00:00
[2021-06-24 17:05:20,014] {subprocess.py:52} INFO - Tmp dir root location: 
 /tmp
[2021-06-24 17:05:20,015] {subprocess.py:63} INFO - Running command: ['bash', '-c', 'sleep 3']
[2021-06-24 17:05:20,053] {subprocess.py:75} INFO - Output:
[2021-06-24 17:05:23,083] {subprocess.py:83} INFO - Command exited with return code 0
[2021-06-24 17:05:23,227] {taskinstance.py:1184} INFO - Marking task as SUCCESS. dag_id=parallel_dag, task_id=task_1, execution_date=20200117T000000, start_date=20210624T170519, end_date=20210624T170523
[2021-06-24 17:05:23,447] {taskinstance.py:1245} INFO - 2 downstream tasks scheduled from follow-on schedule check
[2021-06-24 17:05:23,517] {local_task_job.py:151} INFO - Task exited with return code 0
