[2021-06-25 09:47:32,159] {taskinstance.py:876} INFO - Dependencies all met for <TaskInstance: parallel_dag.task_1 2020-01-17T00:00:00+00:00 [queued]>
[2021-06-25 09:47:32,238] {taskinstance.py:876} INFO - Dependencies all met for <TaskInstance: parallel_dag.task_1 2020-01-17T00:00:00+00:00 [queued]>
[2021-06-25 09:47:32,239] {taskinstance.py:1067} INFO - 
--------------------------------------------------------------------------------
[2021-06-25 09:47:32,239] {taskinstance.py:1068} INFO - Starting attempt 2 of 2
[2021-06-25 09:47:32,240] {taskinstance.py:1069} INFO - 
--------------------------------------------------------------------------------
[2021-06-25 09:47:32,274] {taskinstance.py:1087} INFO - Executing <Task(BashOperator): task_1> on 2020-01-17T00:00:00+00:00
[2021-06-25 09:47:32,283] {standard_task_runner.py:52} INFO - Started process 20114 to run task
[2021-06-25 09:47:32,315] {standard_task_runner.py:76} INFO - Running: ['airflow', 'tasks', 'run', 'parallel_dag', 'task_1', '2020-01-17T00:00:00+00:00', '--job-id', '399', '--pool', 'default_pool', '--raw', '--subdir', 'DAGS_FOLDER/parallel_dag.py', '--cfg-path', '/tmp/tmprwls036s', '--error-file', '/tmp/tmptpi2k0n8']
[2021-06-25 09:47:32,322] {standard_task_runner.py:77} INFO - Job 399: Subtask task_1
[2021-06-25 09:47:32,507] {logging_mixin.py:104} INFO - Running <TaskInstance: parallel_dag.task_1 2020-01-17T00:00:00+00:00 [running]> on host airflowvm
[2021-06-25 09:47:32,765] {taskinstance.py:1280} INFO - Exporting the following env vars:
AIRFLOW_CTX_DAG_OWNER=airflow
AIRFLOW_CTX_DAG_ID=parallel_dag
AIRFLOW_CTX_TASK_ID=task_1
AIRFLOW_CTX_EXECUTION_DATE=2020-01-17T00:00:00+00:00
AIRFLOW_CTX_DAG_RUN_ID=scheduled__2020-01-17T00:00:00+00:00
[2021-06-25 09:47:32,766] {subprocess.py:52} INFO - Tmp dir root location: 
 /tmp
[2021-06-25 09:47:32,766] {subprocess.py:63} INFO - Running command: ['bash', '-c', 'sleep 3']
[2021-06-25 09:47:32,790] {subprocess.py:75} INFO - Output:
[2021-06-25 09:47:35,804] {subprocess.py:83} INFO - Command exited with return code 0
[2021-06-25 09:47:35,936] {taskinstance.py:1184} INFO - Marking task as SUCCESS. dag_id=parallel_dag, task_id=task_1, execution_date=20200117T000000, start_date=20210625T094732, end_date=20210625T094735
[2021-06-25 09:47:36,237] {taskinstance.py:1245} INFO - 2 downstream tasks scheduled from follow-on schedule check
[2021-06-25 09:47:36,302] {local_task_job.py:151} INFO - Task exited with return code 0
