[2021-06-25 09:20:13,195] {taskinstance.py:876} INFO - Dependencies all met for <TaskInstance: parallel_dag.task_3 2021-06-24T00:00:00+00:00 [queued]>
[2021-06-25 09:20:13,411] {taskinstance.py:876} INFO - Dependencies all met for <TaskInstance: parallel_dag.task_3 2021-06-24T00:00:00+00:00 [queued]>
[2021-06-25 09:20:13,411] {taskinstance.py:1067} INFO - 
--------------------------------------------------------------------------------
[2021-06-25 09:20:13,412] {taskinstance.py:1068} INFO - Starting attempt 1 of 1
[2021-06-25 09:20:13,412] {taskinstance.py:1069} INFO - 
--------------------------------------------------------------------------------
[2021-06-25 09:20:13,563] {taskinstance.py:1087} INFO - Executing <Task(BashOperator): task_3> on 2021-06-24T00:00:00+00:00
[2021-06-25 09:20:13,598] {standard_task_runner.py:52} INFO - Started process 9642 to run task
[2021-06-25 09:20:13,663] {standard_task_runner.py:76} INFO - Running: ['airflow', 'tasks', 'run', 'parallel_dag', 'task_3', '2021-06-24T00:00:00+00:00', '--job-id', '347', '--pool', 'default_pool', '--raw', '--subdir', 'DAGS_FOLDER/parallel_dag.py', '--cfg-path', '/tmp/tmpolm5asqp', '--error-file', '/tmp/tmpg23w6l01']
[2021-06-25 09:20:13,664] {standard_task_runner.py:77} INFO - Job 347: Subtask task_3
[2021-06-25 09:20:14,205] {logging_mixin.py:104} INFO - Running <TaskInstance: parallel_dag.task_3 2021-06-24T00:00:00+00:00 [running]> on host airflowvm
[2021-06-25 09:20:14,708] {taskinstance.py:1280} INFO - Exporting the following env vars:
AIRFLOW_CTX_DAG_OWNER=airflow
AIRFLOW_CTX_DAG_ID=parallel_dag
AIRFLOW_CTX_TASK_ID=task_3
AIRFLOW_CTX_EXECUTION_DATE=2021-06-24T00:00:00+00:00
AIRFLOW_CTX_DAG_RUN_ID=scheduled__2021-06-24T00:00:00+00:00
[2021-06-25 09:20:14,710] {subprocess.py:52} INFO - Tmp dir root location: 
 /tmp
[2021-06-25 09:20:14,717] {subprocess.py:63} INFO - Running command: ['bash', '-c', 'sleep 3']
[2021-06-25 09:20:14,762] {subprocess.py:75} INFO - Output:
[2021-06-25 09:20:17,782] {subprocess.py:83} INFO - Command exited with return code 0
[2021-06-25 09:20:18,084] {taskinstance.py:1184} INFO - Marking task as SUCCESS. dag_id=parallel_dag, task_id=task_3, execution_date=20210624T000000, start_date=20210625T092013, end_date=20210625T092018
[2021-06-25 09:20:18,549] {taskinstance.py:1245} INFO - 0 downstream tasks scheduled from follow-on schedule check
[2021-06-25 09:20:18,656] {local_task_job.py:151} INFO - Task exited with return code 0
