[2021-06-30 14:59:22,559] {taskinstance.py:876} INFO - Dependencies all met for <TaskInstance: user_processing_v2.processing_user_2 2021-06-30T14:29:12.044488+00:00 [queued]>
[2021-06-30 14:59:22,627] {taskinstance.py:876} INFO - Dependencies all met for <TaskInstance: user_processing_v2.processing_user_2 2021-06-30T14:29:12.044488+00:00 [queued]>
[2021-06-30 14:59:22,627] {taskinstance.py:1067} INFO - 
--------------------------------------------------------------------------------
[2021-06-30 14:59:22,627] {taskinstance.py:1068} INFO - Starting attempt 3 of 3
[2021-06-30 14:59:22,630] {taskinstance.py:1069} INFO - 
--------------------------------------------------------------------------------
[2021-06-30 14:59:22,681] {taskinstance.py:1087} INFO - Executing <Task(PythonOperator): processing_user_2> on 2021-06-30T14:29:12.044488+00:00
[2021-06-30 14:59:22,725] {standard_task_runner.py:52} INFO - Started process 8943 to run task
[2021-06-30 14:59:22,825] {standard_task_runner.py:76} INFO - Running: ['airflow', 'tasks', 'run', 'user_processing_v2', 'processing_user_2', '2021-06-30T14:29:12.044488+00:00', '--job-id', '883', '--pool', 'default_pool', '--raw', '--subdir', 'DAGS_FOLDER/user_processing_v2.py', '--cfg-path', '/tmp/tmp3sgyizm1', '--error-file', '/tmp/tmpgy7uss5k']
[2021-06-30 14:59:22,839] {standard_task_runner.py:77} INFO - Job 883: Subtask processing_user_2
[2021-06-30 14:59:23,376] {logging_mixin.py:104} INFO - Running <TaskInstance: user_processing_v2.processing_user_2 2021-06-30T14:29:12.044488+00:00 [running]> on host airflowvm
[2021-06-30 14:59:23,659] {taskinstance.py:1280} INFO - Exporting the following env vars:
AIRFLOW_CTX_DAG_OWNER=airflow
AIRFLOW_CTX_DAG_ID=user_processing_v2
AIRFLOW_CTX_TASK_ID=processing_user_2
AIRFLOW_CTX_EXECUTION_DATE=2021-06-30T14:29:12.044488+00:00
AIRFLOW_CTX_DAG_RUN_ID=manual__2021-06-30T14:29:12.044488+00:00
[2021-06-30 14:59:23,736] {python.py:151} INFO - Done. Returned value was: {"first_name":{"0":"Debra"},"last_name":{"0":"Dean"},"country":{"0":"United Kingdom"},"username":{"0":"lazyzebra891"},"password":{"0":"pegasus"},"email":{"0":"debra.dean@example.com"}}
[2021-06-30 14:59:23,969] {taskinstance.py:1184} INFO - Marking task as SUCCESS. dag_id=user_processing_v2, task_id=processing_user_2, execution_date=20210630T142912, start_date=20210630T145922, end_date=20210630T145923
[2021-06-30 14:59:24,163] {taskinstance.py:1245} INFO - 0 downstream tasks scheduled from follow-on schedule check
[2021-06-30 14:59:24,217] {local_task_job.py:151} INFO - Task exited with return code 0
