[2021-06-25 09:18:25,789] {taskinstance.py:876} INFO - Dependencies all met for <TaskInstance: parallel_dag.task_3 2020-03-02T00:00:00+00:00 [queued]>
[2021-06-25 09:18:25,944] {taskinstance.py:876} INFO - Dependencies all met for <TaskInstance: parallel_dag.task_3 2020-03-02T00:00:00+00:00 [queued]>
[2021-06-25 09:18:25,945] {taskinstance.py:1067} INFO - 
--------------------------------------------------------------------------------
[2021-06-25 09:18:25,945] {taskinstance.py:1068} INFO - Starting attempt 1 of 1
[2021-06-25 09:18:25,948] {taskinstance.py:1069} INFO - 
--------------------------------------------------------------------------------
[2021-06-25 09:18:26,058] {taskinstance.py:1087} INFO - Executing <Task(BashOperator): task_3> on 2020-03-02T00:00:00+00:00
[2021-06-25 09:18:26,097] {standard_task_runner.py:52} INFO - Started process 6589 to run task
[2021-06-25 09:18:26,203] {standard_task_runner.py:76} INFO - Running: ['airflow', 'tasks', 'run', 'parallel_dag', 'task_3', '2020-03-02T00:00:00+00:00', '--job-id', '259', '--pool', 'default_pool', '--raw', '--subdir', 'DAGS_FOLDER/parallel_dag.py', '--cfg-path', '/tmp/tmpb66o9idy', '--error-file', '/tmp/tmp0z1pwznu']
[2021-06-25 09:18:26,230] {standard_task_runner.py:77} INFO - Job 259: Subtask task_3
[2021-06-25 09:18:27,364] {logging_mixin.py:104} INFO - Running <TaskInstance: parallel_dag.task_3 2020-03-02T00:00:00+00:00 [running]> on host airflowvm
[2021-06-25 09:18:28,641] {taskinstance.py:1280} INFO - Exporting the following env vars:
AIRFLOW_CTX_DAG_OWNER=airflow
AIRFLOW_CTX_DAG_ID=parallel_dag
AIRFLOW_CTX_TASK_ID=task_3
AIRFLOW_CTX_EXECUTION_DATE=2020-03-02T00:00:00+00:00
AIRFLOW_CTX_DAG_RUN_ID=scheduled__2020-03-02T00:00:00+00:00
[2021-06-25 09:18:28,643] {subprocess.py:52} INFO - Tmp dir root location: 
 /tmp
[2021-06-25 09:18:28,656] {subprocess.py:63} INFO - Running command: ['bash', '-c', 'sleep 3']
[2021-06-25 09:18:28,751] {subprocess.py:75} INFO - Output:
[2021-06-25 09:18:31,778] {subprocess.py:83} INFO - Command exited with return code 0
[2021-06-25 09:18:32,077] {taskinstance.py:1184} INFO - Marking task as SUCCESS. dag_id=parallel_dag, task_id=task_3, execution_date=20200302T000000, start_date=20210625T091825, end_date=20210625T091832
[2021-06-25 09:18:32,468] {taskinstance.py:1245} INFO - 1 downstream tasks scheduled from follow-on schedule check
[2021-06-25 09:18:32,519] {local_task_job.py:151} INFO - Task exited with return code 0
