[2021-06-25 09:19:44,792] {taskinstance.py:876} INFO - Dependencies all met for <TaskInstance: parallel_dag.task_4 2020-03-15T00:00:00+00:00 [queued]>
[2021-06-25 09:19:44,915] {taskinstance.py:876} INFO - Dependencies all met for <TaskInstance: parallel_dag.task_4 2020-03-15T00:00:00+00:00 [queued]>
[2021-06-25 09:19:44,919] {taskinstance.py:1067} INFO - 
--------------------------------------------------------------------------------
[2021-06-25 09:19:44,920] {taskinstance.py:1068} INFO - Starting attempt 1 of 1
[2021-06-25 09:19:44,923] {taskinstance.py:1069} INFO - 
--------------------------------------------------------------------------------
[2021-06-25 09:19:44,975] {taskinstance.py:1087} INFO - Executing <Task(BashOperator): task_4> on 2020-03-15T00:00:00+00:00
[2021-06-25 09:19:45,011] {standard_task_runner.py:52} INFO - Started process 8798 to run task
[2021-06-25 09:19:45,044] {standard_task_runner.py:76} INFO - Running: ['airflow', 'tasks', 'run', 'parallel_dag', 'task_4', '2020-03-15T00:00:00+00:00', '--job-id', '324', '--pool', 'default_pool', '--raw', '--subdir', 'DAGS_FOLDER/parallel_dag.py', '--cfg-path', '/tmp/tmpfe6rhd3r', '--error-file', '/tmp/tmpygljyrge']
[2021-06-25 09:19:45,046] {standard_task_runner.py:77} INFO - Job 324: Subtask task_4
[2021-06-25 09:19:45,633] {logging_mixin.py:104} INFO - Running <TaskInstance: parallel_dag.task_4 2020-03-15T00:00:00+00:00 [running]> on host airflowvm
[2021-06-25 09:19:46,765] {taskinstance.py:1280} INFO - Exporting the following env vars:
AIRFLOW_CTX_DAG_OWNER=airflow
AIRFLOW_CTX_DAG_ID=parallel_dag
AIRFLOW_CTX_TASK_ID=task_4
AIRFLOW_CTX_EXECUTION_DATE=2020-03-15T00:00:00+00:00
AIRFLOW_CTX_DAG_RUN_ID=scheduled__2020-03-15T00:00:00+00:00
[2021-06-25 09:19:46,773] {subprocess.py:52} INFO - Tmp dir root location: 
 /tmp
[2021-06-25 09:19:46,819] {subprocess.py:63} INFO - Running command: ['bash', '-c', 'sleep 3']
[2021-06-25 09:19:47,074] {subprocess.py:75} INFO - Output:
[2021-06-25 09:19:50,189] {subprocess.py:83} INFO - Command exited with return code 0
[2021-06-25 09:19:50,647] {taskinstance.py:1184} INFO - Marking task as SUCCESS. dag_id=parallel_dag, task_id=task_4, execution_date=20200315T000000, start_date=20210625T091944, end_date=20210625T091950
[2021-06-25 09:19:51,113] {taskinstance.py:1245} INFO - 0 downstream tasks scheduled from follow-on schedule check
[2021-06-25 09:19:51,254] {local_task_job.py:151} INFO - Task exited with return code 0
