[2021-06-29 15:08:19,600] {taskinstance.py:876} INFO - Dependencies all met for <TaskInstance: open_aq.drop_table 2021-06-29T15:08:17.153426+00:00 [queued]>
[2021-06-29 15:08:19,654] {taskinstance.py:876} INFO - Dependencies all met for <TaskInstance: open_aq.drop_table 2021-06-29T15:08:17.153426+00:00 [queued]>
[2021-06-29 15:08:19,659] {taskinstance.py:1067} INFO - 
--------------------------------------------------------------------------------
[2021-06-29 15:08:19,667] {taskinstance.py:1068} INFO - Starting attempt 1 of 1
[2021-06-29 15:08:19,669] {taskinstance.py:1069} INFO - 
--------------------------------------------------------------------------------
[2021-06-29 15:08:19,698] {taskinstance.py:1087} INFO - Executing <Task(PostgresOperator): drop_table> on 2021-06-29T15:08:17.153426+00:00
[2021-06-29 15:08:19,704] {standard_task_runner.py:52} INFO - Started process 27520 to run task
[2021-06-29 15:08:19,728] {standard_task_runner.py:76} INFO - Running: ['airflow', 'tasks', 'run', 'open_aq', 'drop_table', '2021-06-29T15:08:17.153426+00:00', '--job-id', '643', '--pool', 'default_pool', '--raw', '--subdir', 'DAGS_FOLDER/open_aq.py', '--cfg-path', '/tmp/tmpxkcw437h', '--error-file', '/tmp/tmp7l84epd0']
[2021-06-29 15:08:19,730] {standard_task_runner.py:77} INFO - Job 643: Subtask drop_table
[2021-06-29 15:08:19,877] {logging_mixin.py:104} INFO - Running <TaskInstance: open_aq.drop_table 2021-06-29T15:08:17.153426+00:00 [running]> on host airflowvm
[2021-06-29 15:08:20,059] {taskinstance.py:1280} INFO - Exporting the following env vars:
AIRFLOW_CTX_DAG_OWNER=airflow
AIRFLOW_CTX_DAG_ID=open_aq
AIRFLOW_CTX_TASK_ID=drop_table
AIRFLOW_CTX_EXECUTION_DATE=2021-06-29T15:08:17.153426+00:00
AIRFLOW_CTX_DAG_RUN_ID=manual__2021-06-29T15:08:17.153426+00:00
[2021-06-29 15:08:20,061] {postgres.py:68} INFO - Executing: DROP TABLE IF EXISTS open_aq
[2021-06-29 15:08:20,090] {base.py:69} INFO - Using connection to: id: ***_default. Host: localhost, Port: 5432, Schema: , Login: ***, Password: ***, extra: {'cursor': 'realdictcursor'}
[2021-06-29 15:08:20,110] {dbapi.py:204} INFO - Running statement: DROP TABLE IF EXISTS open_aq, parameters: None
[2021-06-29 15:08:20,169] {taskinstance.py:1184} INFO - Marking task as SUCCESS. dag_id=open_aq, task_id=drop_table, execution_date=20210629T150817, start_date=20210629T150819, end_date=20210629T150820
[2021-06-29 15:08:20,275] {taskinstance.py:1245} INFO - 1 downstream tasks scheduled from follow-on schedule check
[2021-06-29 15:08:20,303] {local_task_job.py:151} INFO - Task exited with return code 0
