[2021-06-29 15:08:31,239] {taskinstance.py:876} INFO - Dependencies all met for <TaskInstance: open_aq.process_data 2021-06-29T15:08:17.153426+00:00 [queued]>
[2021-06-29 15:08:31,265] {taskinstance.py:876} INFO - Dependencies all met for <TaskInstance: open_aq.process_data 2021-06-29T15:08:17.153426+00:00 [queued]>
[2021-06-29 15:08:31,265] {taskinstance.py:1067} INFO - 
--------------------------------------------------------------------------------
[2021-06-29 15:08:31,265] {taskinstance.py:1068} INFO - Starting attempt 1 of 1
[2021-06-29 15:08:31,265] {taskinstance.py:1069} INFO - 
--------------------------------------------------------------------------------
[2021-06-29 15:08:31,280] {taskinstance.py:1087} INFO - Executing <Task(PythonOperator): process_data> on 2021-06-29T15:08:17.153426+00:00
[2021-06-29 15:08:31,288] {standard_task_runner.py:52} INFO - Started process 27653 to run task
[2021-06-29 15:08:31,295] {standard_task_runner.py:76} INFO - Running: ['airflow', 'tasks', 'run', 'open_aq', 'process_data', '2021-06-29T15:08:17.153426+00:00', '--job-id', '647', '--pool', 'default_pool', '--raw', '--subdir', 'DAGS_FOLDER/open_aq.py', '--cfg-path', '/tmp/tmpsmb24ym3', '--error-file', '/tmp/tmpm07eha6y']
[2021-06-29 15:08:31,299] {standard_task_runner.py:77} INFO - Job 647: Subtask process_data
[2021-06-29 15:08:31,416] {logging_mixin.py:104} INFO - Running <TaskInstance: open_aq.process_data 2021-06-29T15:08:17.153426+00:00 [running]> on host airflowvm
[2021-06-29 15:08:31,549] {taskinstance.py:1280} INFO - Exporting the following env vars:
AIRFLOW_CTX_DAG_OWNER=airflow
AIRFLOW_CTX_DAG_ID=open_aq
AIRFLOW_CTX_TASK_ID=process_data
AIRFLOW_CTX_EXECUTION_DATE=2021-06-29T15:08:17.153426+00:00
AIRFLOW_CTX_DAG_RUN_ID=manual__2021-06-29T15:08:17.153426+00:00
[2021-06-29 15:08:31,564] {logging_mixin.py:104} INFO - {'country': 'US', 'city': '007', 'count': 1372, 'locations': 5, 'firstUpdated': '2018-08-09T09:00:00+00:00', 'lastUpdated': '2018-11-09T23:00:00+00:00', 'parameters': ['pm25']}
[2021-06-29 15:08:31,582] {logging_mixin.py:104} INFO - Json normalized:   city country  count parameters
0  007      US   1372     [pm25]
[2021-06-29 15:08:31,588] {python.py:151} INFO - Done. Returned value was: None
[2021-06-29 15:08:31,610] {taskinstance.py:1184} INFO - Marking task as SUCCESS. dag_id=open_aq, task_id=process_data, execution_date=20210629T150817, start_date=20210629T150831, end_date=20210629T150831
[2021-06-29 15:08:31,662] {taskinstance.py:1245} INFO - 1 downstream tasks scheduled from follow-on schedule check
[2021-06-29 15:08:31,683] {local_task_job.py:151} INFO - Task exited with return code 0
