[2021-06-25 09:16:22,988] {taskinstance.py:876} INFO - Dependencies all met for <TaskInstance: parallel_dag.task_1 2020-02-17T00:00:00+00:00 [queued]>
[2021-06-25 09:16:23,506] {taskinstance.py:876} INFO - Dependencies all met for <TaskInstance: parallel_dag.task_1 2020-02-17T00:00:00+00:00 [queued]>
[2021-06-25 09:16:23,509] {taskinstance.py:1067} INFO - 
--------------------------------------------------------------------------------
[2021-06-25 09:16:23,509] {taskinstance.py:1068} INFO - Starting attempt 1 of 1
[2021-06-25 09:16:23,637] {taskinstance.py:1069} INFO - 
--------------------------------------------------------------------------------
[2021-06-25 09:16:24,454] {taskinstance.py:1087} INFO - Executing <Task(BashOperator): task_1> on 2020-02-17T00:00:00+00:00
[2021-06-25 09:16:24,562] {standard_task_runner.py:52} INFO - Started process 3961 to run task
[2021-06-25 09:16:24,821] {standard_task_runner.py:76} INFO - Running: ['airflow', 'tasks', 'run', 'parallel_dag', 'task_1', '2020-02-17T00:00:00+00:00', '--job-id', '178', '--pool', 'default_pool', '--raw', '--subdir', 'DAGS_FOLDER/parallel_dag.py', '--cfg-path', '/tmp/tmpge9slf7_', '--error-file', '/tmp/tmpt_nmbbff']
[2021-06-25 09:16:24,885] {standard_task_runner.py:77} INFO - Job 178: Subtask task_1
[2021-06-25 09:16:27,150] {logging_mixin.py:104} INFO - Running <TaskInstance: parallel_dag.task_1 2020-02-17T00:00:00+00:00 [running]> on host airflowvm
[2021-06-25 09:16:29,335] {taskinstance.py:1280} INFO - Exporting the following env vars:
AIRFLOW_CTX_DAG_OWNER=airflow
AIRFLOW_CTX_DAG_ID=parallel_dag
AIRFLOW_CTX_TASK_ID=task_1
AIRFLOW_CTX_EXECUTION_DATE=2020-02-17T00:00:00+00:00
AIRFLOW_CTX_DAG_RUN_ID=scheduled__2020-02-17T00:00:00+00:00
[2021-06-25 09:16:29,390] {subprocess.py:52} INFO - Tmp dir root location: 
 /tmp
[2021-06-25 09:16:29,391] {subprocess.py:63} INFO - Running command: ['bash', '-c', 'sleep 3']
[2021-06-25 09:16:29,897] {subprocess.py:75} INFO - Output:
[2021-06-25 09:16:33,142] {subprocess.py:83} INFO - Command exited with return code 0
[2021-06-25 09:16:34,022] {taskinstance.py:1184} INFO - Marking task as SUCCESS. dag_id=parallel_dag, task_id=task_1, execution_date=20200217T000000, start_date=20210625T091622, end_date=20210625T091634
[2021-06-25 09:16:35,421] {taskinstance.py:1245} INFO - 2 downstream tasks scheduled from follow-on schedule check
[2021-06-25 09:16:35,613] {local_task_job.py:151} INFO - Task exited with return code 0
