[2021-06-25 09:16:59,114] {taskinstance.py:876} INFO - Dependencies all met for <TaskInstance: parallel_dag.task_2 2020-02-17T00:00:00+00:00 [queued]>
[2021-06-25 09:17:00,450] {taskinstance.py:876} INFO - Dependencies all met for <TaskInstance: parallel_dag.task_2 2020-02-17T00:00:00+00:00 [queued]>
[2021-06-25 09:17:00,473] {taskinstance.py:1067} INFO - 
--------------------------------------------------------------------------------
[2021-06-25 09:17:00,493] {taskinstance.py:1068} INFO - Starting attempt 1 of 1
[2021-06-25 09:17:00,494] {taskinstance.py:1069} INFO - 
--------------------------------------------------------------------------------
[2021-06-25 09:17:01,019] {taskinstance.py:1087} INFO - Executing <Task(BashOperator): task_2> on 2020-02-17T00:00:00+00:00
[2021-06-25 09:17:01,445] {standard_task_runner.py:52} INFO - Started process 4516 to run task
[2021-06-25 09:17:01,694] {standard_task_runner.py:76} INFO - Running: ['airflow', 'tasks', 'run', 'parallel_dag', 'task_2', '2020-02-17T00:00:00+00:00', '--job-id', '199', '--pool', 'default_pool', '--raw', '--subdir', 'DAGS_FOLDER/parallel_dag.py', '--cfg-path', '/tmp/tmpewn_gx78', '--error-file', '/tmp/tmpf129ju0x']
[2021-06-25 09:17:01,916] {standard_task_runner.py:77} INFO - Job 199: Subtask task_2
[2021-06-25 09:17:03,777] {logging_mixin.py:104} INFO - Running <TaskInstance: parallel_dag.task_2 2020-02-17T00:00:00+00:00 [running]> on host airflowvm
[2021-06-25 09:17:04,810] {taskinstance.py:1280} INFO - Exporting the following env vars:
AIRFLOW_CTX_DAG_OWNER=airflow
AIRFLOW_CTX_DAG_ID=parallel_dag
AIRFLOW_CTX_TASK_ID=task_2
AIRFLOW_CTX_EXECUTION_DATE=2020-02-17T00:00:00+00:00
AIRFLOW_CTX_DAG_RUN_ID=scheduled__2020-02-17T00:00:00+00:00
[2021-06-25 09:17:04,811] {subprocess.py:52} INFO - Tmp dir root location: 
 /tmp
[2021-06-25 09:17:04,812] {subprocess.py:63} INFO - Running command: ['bash', '-c', 'sleep 3']
[2021-06-25 09:17:04,944] {subprocess.py:75} INFO - Output:
[2021-06-25 09:17:08,035] {subprocess.py:83} INFO - Command exited with return code 0
[2021-06-25 09:17:09,381] {taskinstance.py:1184} INFO - Marking task as SUCCESS. dag_id=parallel_dag, task_id=task_2, execution_date=20200217T000000, start_date=20210625T091659, end_date=20210625T091709
[2021-06-25 09:17:11,675] {taskinstance.py:1245} INFO - 0 downstream tasks scheduled from follow-on schedule check
[2021-06-25 09:17:11,771] {local_task_job.py:151} INFO - Task exited with return code 0
