[2021-06-25 09:47:47,301] {taskinstance.py:876} INFO - Dependencies all met for <TaskInstance: parallel_dag.task_1 2020-01-19T00:00:00+00:00 [queued]>
[2021-06-25 09:47:47,362] {taskinstance.py:876} INFO - Dependencies all met for <TaskInstance: parallel_dag.task_1 2020-01-19T00:00:00+00:00 [queued]>
[2021-06-25 09:47:47,363] {taskinstance.py:1067} INFO - 
--------------------------------------------------------------------------------
[2021-06-25 09:47:47,364] {taskinstance.py:1068} INFO - Starting attempt 2 of 2
[2021-06-25 09:47:47,366] {taskinstance.py:1069} INFO - 
--------------------------------------------------------------------------------
[2021-06-25 09:47:47,396] {taskinstance.py:1087} INFO - Executing <Task(BashOperator): task_1> on 2020-01-19T00:00:00+00:00
[2021-06-25 09:47:47,415] {standard_task_runner.py:52} INFO - Started process 20331 to run task
[2021-06-25 09:47:47,448] {standard_task_runner.py:76} INFO - Running: ['airflow', 'tasks', 'run', 'parallel_dag', 'task_1', '2020-01-19T00:00:00+00:00', '--job-id', '401', '--pool', 'default_pool', '--raw', '--subdir', 'DAGS_FOLDER/parallel_dag.py', '--cfg-path', '/tmp/tmpva6e76fw', '--error-file', '/tmp/tmp9yrz8gxc']
[2021-06-25 09:47:47,451] {standard_task_runner.py:77} INFO - Job 401: Subtask task_1
[2021-06-25 09:47:47,744] {logging_mixin.py:104} INFO - Running <TaskInstance: parallel_dag.task_1 2020-01-19T00:00:00+00:00 [running]> on host airflowvm
[2021-06-25 09:47:48,493] {taskinstance.py:1280} INFO - Exporting the following env vars:
AIRFLOW_CTX_DAG_OWNER=airflow
AIRFLOW_CTX_DAG_ID=parallel_dag
AIRFLOW_CTX_TASK_ID=task_1
AIRFLOW_CTX_EXECUTION_DATE=2020-01-19T00:00:00+00:00
AIRFLOW_CTX_DAG_RUN_ID=scheduled__2020-01-19T00:00:00+00:00
[2021-06-25 09:47:48,498] {subprocess.py:52} INFO - Tmp dir root location: 
 /tmp
[2021-06-25 09:47:48,502] {subprocess.py:63} INFO - Running command: ['bash', '-c', 'sleep 3']
[2021-06-25 09:47:48,574] {subprocess.py:75} INFO - Output:
[2021-06-25 09:47:51,592] {subprocess.py:83} INFO - Command exited with return code 0
[2021-06-25 09:47:51,664] {taskinstance.py:1184} INFO - Marking task as SUCCESS. dag_id=parallel_dag, task_id=task_1, execution_date=20200119T000000, start_date=20210625T094747, end_date=20210625T094751
[2021-06-25 09:47:52,024] {taskinstance.py:1245} INFO - 0 downstream tasks scheduled from follow-on schedule check
[2021-06-25 09:47:52,045] {local_task_job.py:151} INFO - Task exited with return code 0
