[2021-06-25 09:18:10,466] {taskinstance.py:876} INFO - Dependencies all met for <TaskInstance: parallel_dag.task_1 2020-03-03T00:00:00+00:00 [queued]>
[2021-06-25 09:18:11,611] {taskinstance.py:876} INFO - Dependencies all met for <TaskInstance: parallel_dag.task_1 2020-03-03T00:00:00+00:00 [queued]>
[2021-06-25 09:18:11,613] {taskinstance.py:1067} INFO - 
--------------------------------------------------------------------------------
[2021-06-25 09:18:11,613] {taskinstance.py:1068} INFO - Starting attempt 1 of 1
[2021-06-25 09:18:11,614] {taskinstance.py:1069} INFO - 
--------------------------------------------------------------------------------
[2021-06-25 09:18:12,077] {taskinstance.py:1087} INFO - Executing <Task(BashOperator): task_1> on 2020-03-03T00:00:00+00:00
[2021-06-25 09:18:12,178] {standard_task_runner.py:52} INFO - Started process 6280 to run task
[2021-06-25 09:18:12,490] {standard_task_runner.py:76} INFO - Running: ['airflow', 'tasks', 'run', 'parallel_dag', 'task_1', '2020-03-03T00:00:00+00:00', '--job-id', '250', '--pool', 'default_pool', '--raw', '--subdir', 'DAGS_FOLDER/parallel_dag.py', '--cfg-path', '/tmp/tmpm9rbvak4', '--error-file', '/tmp/tmpdlwxos16']
[2021-06-25 09:18:12,552] {standard_task_runner.py:77} INFO - Job 250: Subtask task_1
[2021-06-25 09:18:14,111] {logging_mixin.py:104} INFO - Running <TaskInstance: parallel_dag.task_1 2020-03-03T00:00:00+00:00 [running]> on host airflowvm
[2021-06-25 09:18:15,897] {taskinstance.py:1280} INFO - Exporting the following env vars:
AIRFLOW_CTX_DAG_OWNER=airflow
AIRFLOW_CTX_DAG_ID=parallel_dag
AIRFLOW_CTX_TASK_ID=task_1
AIRFLOW_CTX_EXECUTION_DATE=2020-03-03T00:00:00+00:00
AIRFLOW_CTX_DAG_RUN_ID=scheduled__2020-03-03T00:00:00+00:00
[2021-06-25 09:18:15,898] {subprocess.py:52} INFO - Tmp dir root location: 
 /tmp
[2021-06-25 09:18:15,942] {subprocess.py:63} INFO - Running command: ['bash', '-c', 'sleep 3']
[2021-06-25 09:18:16,218] {subprocess.py:75} INFO - Output:
[2021-06-25 09:18:19,235] {subprocess.py:83} INFO - Command exited with return code 0
[2021-06-25 09:18:19,757] {taskinstance.py:1184} INFO - Marking task as SUCCESS. dag_id=parallel_dag, task_id=task_1, execution_date=20200303T000000, start_date=20210625T091810, end_date=20210625T091819
[2021-06-25 09:18:20,770] {taskinstance.py:1245} INFO - 2 downstream tasks scheduled from follow-on schedule check
[2021-06-25 09:18:20,935] {local_task_job.py:151} INFO - Task exited with return code 0
