[2021-07-01 08:56:15,095] {taskinstance.py:876} INFO - Dependencies all met for <TaskInstance: user_processing_v2.store_data 2021-07-01T08:55:46.246726+00:00 [queued]>
[2021-07-01 08:56:15,159] {taskinstance.py:876} INFO - Dependencies all met for <TaskInstance: user_processing_v2.store_data 2021-07-01T08:55:46.246726+00:00 [queued]>
[2021-07-01 08:56:15,159] {taskinstance.py:1067} INFO - 
--------------------------------------------------------------------------------
[2021-07-01 08:56:15,159] {taskinstance.py:1068} INFO - Starting attempt 1 of 1
[2021-07-01 08:56:15,159] {taskinstance.py:1069} INFO - 
--------------------------------------------------------------------------------
[2021-07-01 08:56:15,218] {taskinstance.py:1087} INFO - Executing <Task(PythonOperator): store_data> on 2021-07-01T08:55:46.246726+00:00
[2021-07-01 08:56:15,252] {standard_task_runner.py:52} INFO - Started process 40212 to run task
[2021-07-01 08:56:15,253] {standard_task_runner.py:76} INFO - Running: ['airflow', 'tasks', 'run', 'user_processing_v2', 'store_data', '2021-07-01T08:55:46.246726+00:00', '--job-id', '950', '--pool', 'default_pool', '--raw', '--subdir', 'DAGS_FOLDER/user_processing_v2.py', '--cfg-path', '/tmp/tmpopks2qj4', '--error-file', '/tmp/tmp0ldfupto']
[2021-07-01 08:56:15,258] {standard_task_runner.py:77} INFO - Job 950: Subtask store_data
[2021-07-01 08:56:15,446] {logging_mixin.py:104} INFO - Running <TaskInstance: user_processing_v2.store_data 2021-07-01T08:55:46.246726+00:00 [running]> on host airflowvm
[2021-07-01 08:56:15,761] {taskinstance.py:1280} INFO - Exporting the following env vars:
AIRFLOW_CTX_DAG_OWNER=airflow
AIRFLOW_CTX_DAG_ID=user_processing_v2
AIRFLOW_CTX_TASK_ID=store_data
AIRFLOW_CTX_EXECUTION_DATE=2021-07-01T08:55:46.246726+00:00
AIRFLOW_CTX_DAG_RUN_ID=manual__2021-07-01T08:55:46.246726+00:00
[2021-07-01 08:56:15,828] {logging_mixin.py:104} INFO - Processing user {'first_name': 'Cynthia', 'last_name': 'Laurent', 'country': 'Switzerland', 'username': 'brownlion385', 'password': 'checker', 'email': 'cynthia.laurent@example.com'}
[2021-07-01 08:56:15,856] {base.py:69} INFO - Using connection to: id: ***_default. Host: localhost, Port: 5432, Schema: , Login: ***, Password: ***, extra: {'cursor': 'realdictcursor'}
[2021-07-01 08:56:15,909] {logging_mixin.py:104} INFO - Processing user {'first_name': 'Margaux', 'last_name': 'Garcia', 'country': 'France', 'username': 'sadladybug669', 'password': 'skip', 'email': 'margaux.garcia@example.com'}
[2021-07-01 08:56:15,941] {base.py:69} INFO - Using connection to: id: ***_default. Host: localhost, Port: 5432, Schema: , Login: ***, Password: ***, extra: {'cursor': 'realdictcursor'}
[2021-07-01 08:56:15,985] {logging_mixin.py:104} INFO - Processing user {'first_name': 'Hannah', 'last_name': 'Jones', 'country': 'New Zealand', 'username': 'beautifulkoala269', 'password': 'kingfish', 'email': 'hannah.jones@example.com'}
[2021-07-01 08:56:16,003] {base.py:69} INFO - Using connection to: id: ***_default. Host: localhost, Port: 5432, Schema: , Login: ***, Password: ***, extra: {'cursor': 'realdictcursor'}
[2021-07-01 08:56:16,030] {logging_mixin.py:104} INFO - Processing user {'first_name': 'Linda', 'last_name': 'Little', 'country': 'United Kingdom', 'username': 'brownfrog195', 'password': 'autumn', 'email': 'linda.little@example.com'}
[2021-07-01 08:56:16,054] {base.py:69} INFO - Using connection to: id: ***_default. Host: localhost, Port: 5432, Schema: , Login: ***, Password: ***, extra: {'cursor': 'realdictcursor'}
[2021-07-01 08:56:16,081] {logging_mixin.py:104} INFO - Processing user {'first_name': 'Marco', 'last_name': 'Romero', 'country': 'Spain', 'username': 'happyfish497', 'password': 'barker', 'email': 'marco.romero@example.com'}
[2021-07-01 08:56:16,097] {base.py:69} INFO - Using connection to: id: ***_default. Host: localhost, Port: 5432, Schema: , Login: ***, Password: ***, extra: {'cursor': 'realdictcursor'}
[2021-07-01 08:56:16,116] {python.py:151} INFO - Done. Returned value was: None
[2021-07-01 08:56:16,132] {taskinstance.py:1184} INFO - Marking task as SUCCESS. dag_id=user_processing_v2, task_id=store_data, execution_date=20210701T085546, start_date=20210701T085615, end_date=20210701T085616
[2021-07-01 08:56:16,182] {taskinstance.py:1245} INFO - 0 downstream tasks scheduled from follow-on schedule check
[2021-07-01 08:56:16,198] {local_task_job.py:151} INFO - Task exited with return code 0
