[2021-07-01 08:32:25,925] {taskinstance.py:876} INFO - Dependencies all met for <TaskInstance: user_processing_v2.creating_table 2021-06-30T00:00:00+00:00 [queued]>
[2021-07-01 08:32:25,989] {taskinstance.py:876} INFO - Dependencies all met for <TaskInstance: user_processing_v2.creating_table 2021-06-30T00:00:00+00:00 [queued]>
[2021-07-01 08:32:25,990] {taskinstance.py:1067} INFO - 
--------------------------------------------------------------------------------
[2021-07-01 08:32:25,990] {taskinstance.py:1068} INFO - Starting attempt 1 of 1
[2021-07-01 08:32:25,990] {taskinstance.py:1069} INFO - 
--------------------------------------------------------------------------------
[2021-07-01 08:32:26,015] {taskinstance.py:1087} INFO - Executing <Task(PostgresOperator): creating_table> on 2021-06-30T00:00:00+00:00
[2021-07-01 08:32:26,020] {standard_task_runner.py:52} INFO - Started process 1952 to run task
[2021-07-01 08:32:26,058] {standard_task_runner.py:76} INFO - Running: ['airflow', 'tasks', 'run', 'user_processing_v2', 'creating_table', '2021-06-30T00:00:00+00:00', '--job-id', '901', '--pool', 'default_pool', '--raw', '--subdir', 'DAGS_FOLDER/user_processing_v2.py', '--cfg-path', '/tmp/tmpywz19a_g', '--error-file', '/tmp/tmp82p73lyx']
[2021-07-01 08:32:26,060] {standard_task_runner.py:77} INFO - Job 901: Subtask creating_table
[2021-07-01 08:32:26,229] {logging_mixin.py:104} INFO - Running <TaskInstance: user_processing_v2.creating_table 2021-06-30T00:00:00+00:00 [running]> on host airflowvm
[2021-07-01 08:32:26,621] {taskinstance.py:1280} INFO - Exporting the following env vars:
AIRFLOW_CTX_DAG_OWNER=airflow
AIRFLOW_CTX_DAG_ID=user_processing_v2
AIRFLOW_CTX_TASK_ID=creating_table
AIRFLOW_CTX_EXECUTION_DATE=2021-06-30T00:00:00+00:00
AIRFLOW_CTX_DAG_RUN_ID=scheduled__2021-06-30T00:00:00+00:00
[2021-07-01 08:32:26,622] {postgres.py:68} INFO - Executing:  CREATE TABLE IF NOT EXISTS users (
                                          first_name VARCHAR NOT NULL,
                                          last_name VARCHAR NOT NULL,
                                          country VARCHAR NOT NULL,
                                          username VARCHAR NOT NULL,
                                          password VARCHAR NOT NULL,
                                          email VARCHAR NOT NULL PRIMARY KEY); 
[2021-07-01 08:32:26,653] {base.py:69} INFO - Using connection to: id: ***_default. Host: localhost, Port: 5432, Schema: , Login: ***, Password: ***, extra: {'cursor': 'realdictcursor'}
[2021-07-01 08:32:26,667] {dbapi.py:204} INFO - Running statement:  CREATE TABLE IF NOT EXISTS users (
                                          first_name VARCHAR NOT NULL,
                                          last_name VARCHAR NOT NULL,
                                          country VARCHAR NOT NULL,
                                          username VARCHAR NOT NULL,
                                          password VARCHAR NOT NULL,
                                          email VARCHAR NOT NULL PRIMARY KEY); , parameters: None
[2021-07-01 08:32:26,673] {postgres.py:72} INFO - NOTICE:  relation "users" already exists, skipping

[2021-07-01 08:32:26,698] {taskinstance.py:1184} INFO - Marking task as SUCCESS. dag_id=user_processing_v2, task_id=creating_table, execution_date=20210630T000000, start_date=20210701T083225, end_date=20210701T083226
[2021-07-01 08:32:26,790] {taskinstance.py:1245} INFO - 1 downstream tasks scheduled from follow-on schedule check
[2021-07-01 08:32:26,832] {local_task_job.py:151} INFO - Task exited with return code 0
