[2021-06-24 16:27:13,430] {taskinstance.py:876} INFO - Dependencies all met for <TaskInstance: parallel_dag.task_2 2020-01-15T00:00:00+00:00 [queued]>
[2021-06-24 16:27:13,448] {taskinstance.py:876} INFO - Dependencies all met for <TaskInstance: parallel_dag.task_2 2020-01-15T00:00:00+00:00 [queued]>
[2021-06-24 16:27:13,448] {taskinstance.py:1067} INFO - 
--------------------------------------------------------------------------------
[2021-06-24 16:27:13,449] {taskinstance.py:1068} INFO - Starting attempt 1 of 1
[2021-06-24 16:27:13,449] {taskinstance.py:1069} INFO - 
--------------------------------------------------------------------------------
[2021-06-24 16:27:13,483] {taskinstance.py:1087} INFO - Executing <Task(BashOperator): task_2> on 2020-01-15T00:00:00+00:00
[2021-06-24 16:27:13,485] {standard_task_runner.py:52} INFO - Started process 2518 to run task
[2021-06-24 16:27:13,499] {standard_task_runner.py:76} INFO - Running: ['airflow', 'tasks', 'run', 'parallel_dag', 'task_2', '2020-01-15T00:00:00+00:00', '--job-id', '99', '--pool', 'default_pool', '--raw', '--subdir', 'DAGS_FOLDER/parallel_dag.py', '--cfg-path', '/tmp/tmpyp12wxs9', '--error-file', '/tmp/tmpc1yqyuxd']
[2021-06-24 16:27:13,499] {standard_task_runner.py:77} INFO - Job 99: Subtask task_2
[2021-06-24 16:27:13,609] {logging_mixin.py:104} INFO - Running <TaskInstance: parallel_dag.task_2 2020-01-15T00:00:00+00:00 [running]> on host airflowvm
[2021-06-24 16:27:13,743] {taskinstance.py:1280} INFO - Exporting the following env vars:
AIRFLOW_CTX_DAG_OWNER=airflow
AIRFLOW_CTX_DAG_ID=parallel_dag
AIRFLOW_CTX_TASK_ID=task_2
AIRFLOW_CTX_EXECUTION_DATE=2020-01-15T00:00:00+00:00
AIRFLOW_CTX_DAG_RUN_ID=scheduled__2020-01-15T00:00:00+00:00
[2021-06-24 16:27:13,744] {subprocess.py:52} INFO - Tmp dir root location: 
 /tmp
[2021-06-24 16:27:13,745] {subprocess.py:63} INFO - Running command: ['bash', '-c', 'sleep 3']
[2021-06-24 16:27:13,757] {subprocess.py:75} INFO - Output:
[2021-06-24 16:27:16,762] {subprocess.py:83} INFO - Command exited with return code 0
[2021-06-24 16:27:16,797] {taskinstance.py:1184} INFO - Marking task as SUCCESS. dag_id=parallel_dag, task_id=task_2, execution_date=20200115T000000, start_date=20210624T162713, end_date=20210624T162716
[2021-06-24 16:27:16,839] {taskinstance.py:1245} INFO - 0 downstream tasks scheduled from follow-on schedule check
[2021-06-24 16:27:16,860] {local_task_job.py:151} INFO - Task exited with return code 0
[2021-06-24 17:04:55,294] {taskinstance.py:876} INFO - Dependencies all met for <TaskInstance: parallel_dag.task_2 2020-01-15T00:00:00+00:00 [queued]>
[2021-06-24 17:04:55,705] {taskinstance.py:876} INFO - Dependencies all met for <TaskInstance: parallel_dag.task_2 2020-01-15T00:00:00+00:00 [queued]>
[2021-06-24 17:04:55,783] {taskinstance.py:1067} INFO - 
--------------------------------------------------------------------------------
[2021-06-24 17:04:55,788] {taskinstance.py:1068} INFO - Starting attempt 1 of 1
[2021-06-24 17:04:55,894] {taskinstance.py:1069} INFO - 
--------------------------------------------------------------------------------
[2021-06-24 17:04:56,108] {taskinstance.py:1087} INFO - Executing <Task(BashOperator): task_2> on 2020-01-15T00:00:00+00:00
[2021-06-24 17:04:56,164] {standard_task_runner.py:52} INFO - Started process 10329 to run task
[2021-06-24 17:04:56,304] {standard_task_runner.py:76} INFO - Running: ['airflow', 'tasks', 'run', 'parallel_dag', 'task_2', '2020-01-15T00:00:00+00:00', '--job-id', '55', '--pool', 'default_pool', '--raw', '--subdir', 'DAGS_FOLDER/parallel_dag.py', '--cfg-path', '/tmp/tmpj0xqtzn7', '--error-file', '/tmp/tmp8ca3b9y2']
[2021-06-24 17:04:56,343] {standard_task_runner.py:77} INFO - Job 55: Subtask task_2
[2021-06-24 17:04:57,181] {logging_mixin.py:104} INFO - Running <TaskInstance: parallel_dag.task_2 2020-01-15T00:00:00+00:00 [running]> on host airflowvm
[2021-06-24 17:04:58,219] {taskinstance.py:1280} INFO - Exporting the following env vars:
AIRFLOW_CTX_DAG_OWNER=airflow
AIRFLOW_CTX_DAG_ID=parallel_dag
AIRFLOW_CTX_TASK_ID=task_2
AIRFLOW_CTX_EXECUTION_DATE=2020-01-15T00:00:00+00:00
AIRFLOW_CTX_DAG_RUN_ID=scheduled__2020-01-15T00:00:00+00:00
[2021-06-24 17:04:58,319] {subprocess.py:52} INFO - Tmp dir root location: 
 /tmp
[2021-06-24 17:04:58,346] {subprocess.py:63} INFO - Running command: ['bash', '-c', 'sleep 3']
[2021-06-24 17:04:58,541] {subprocess.py:75} INFO - Output:
[2021-06-24 17:05:01,610] {subprocess.py:83} INFO - Command exited with return code 0
[2021-06-24 17:05:02,599] {taskinstance.py:1184} INFO - Marking task as SUCCESS. dag_id=parallel_dag, task_id=task_2, execution_date=20200115T000000, start_date=20210624T170455, end_date=20210624T170502
[2021-06-24 17:05:03,294] {taskinstance.py:1245} INFO - 1 downstream tasks scheduled from follow-on schedule check
[2021-06-24 17:05:03,388] {local_task_job.py:151} INFO - Task exited with return code 0
