[2021-06-24 16:22:38,171] {taskinstance.py:876} INFO - Dependencies all met for <TaskInstance: parallel_dag.task_1 2020-01-08T00:00:00+00:00 [queued]>
[2021-06-24 16:22:38,185] {taskinstance.py:876} INFO - Dependencies all met for <TaskInstance: parallel_dag.task_1 2020-01-08T00:00:00+00:00 [queued]>
[2021-06-24 16:22:38,186] {taskinstance.py:1067} INFO - 
--------------------------------------------------------------------------------
[2021-06-24 16:22:38,186] {taskinstance.py:1068} INFO - Starting attempt 1 of 1
[2021-06-24 16:22:38,186] {taskinstance.py:1069} INFO - 
--------------------------------------------------------------------------------
[2021-06-24 16:22:38,209] {taskinstance.py:1087} INFO - Executing <Task(BashOperator): task_1> on 2020-01-08T00:00:00+00:00
[2021-06-24 16:22:38,212] {standard_task_runner.py:52} INFO - Started process 2114 to run task
[2021-06-24 16:22:38,222] {standard_task_runner.py:76} INFO - Running: ['airflow', 'tasks', 'run', 'parallel_dag', 'task_1', '2020-01-08T00:00:00+00:00', '--job-id', '66', '--pool', 'default_pool', '--raw', '--subdir', 'DAGS_FOLDER/parallel_dag.py', '--cfg-path', '/tmp/tmpti5ujtek', '--error-file', '/tmp/tmpw1gmomwb']
[2021-06-24 16:22:38,223] {standard_task_runner.py:77} INFO - Job 66: Subtask task_1
[2021-06-24 16:22:38,295] {logging_mixin.py:104} INFO - Running <TaskInstance: parallel_dag.task_1 2020-01-08T00:00:00+00:00 [running]> on host airflowvm
[2021-06-24 16:22:38,369] {taskinstance.py:1280} INFO - Exporting the following env vars:
AIRFLOW_CTX_DAG_OWNER=airflow
AIRFLOW_CTX_DAG_ID=parallel_dag
AIRFLOW_CTX_TASK_ID=task_1
AIRFLOW_CTX_EXECUTION_DATE=2020-01-08T00:00:00+00:00
AIRFLOW_CTX_DAG_RUN_ID=scheduled__2020-01-08T00:00:00+00:00
[2021-06-24 16:22:38,370] {subprocess.py:52} INFO - Tmp dir root location: 
 /tmp
[2021-06-24 16:22:38,371] {subprocess.py:63} INFO - Running command: ['bash', '-c', 'sleep 3']
[2021-06-24 16:22:38,381] {subprocess.py:75} INFO - Output:
[2021-06-24 16:22:41,382] {subprocess.py:83} INFO - Command exited with return code 0
[2021-06-24 16:22:41,413] {taskinstance.py:1184} INFO - Marking task as SUCCESS. dag_id=parallel_dag, task_id=task_1, execution_date=20200108T000000, start_date=20210624T162238, end_date=20210624T162241
[2021-06-24 16:22:41,452] {taskinstance.py:1245} INFO - 2 downstream tasks scheduled from follow-on schedule check
[2021-06-24 16:22:41,484] {local_task_job.py:151} INFO - Task exited with return code 0
[2021-06-24 17:03:36,444] {taskinstance.py:876} INFO - Dependencies all met for <TaskInstance: parallel_dag.task_1 2020-01-08T00:00:00+00:00 [queued]>
[2021-06-24 17:03:36,795] {taskinstance.py:876} INFO - Dependencies all met for <TaskInstance: parallel_dag.task_1 2020-01-08T00:00:00+00:00 [queued]>
[2021-06-24 17:03:36,796] {taskinstance.py:1067} INFO - 
--------------------------------------------------------------------------------
[2021-06-24 17:03:36,796] {taskinstance.py:1068} INFO - Starting attempt 1 of 1
[2021-06-24 17:03:36,802] {taskinstance.py:1069} INFO - 
--------------------------------------------------------------------------------
[2021-06-24 17:03:36,926] {taskinstance.py:1087} INFO - Executing <Task(BashOperator): task_1> on 2020-01-08T00:00:00+00:00
[2021-06-24 17:03:36,983] {standard_task_runner.py:52} INFO - Started process 8772 to run task
[2021-06-24 17:03:37,125] {standard_task_runner.py:76} INFO - Running: ['airflow', 'tasks', 'run', 'parallel_dag', 'task_1', '2020-01-08T00:00:00+00:00', '--job-id', '9', '--pool', 'default_pool', '--raw', '--subdir', 'DAGS_FOLDER/parallel_dag.py', '--cfg-path', '/tmp/tmpzplx4595', '--error-file', '/tmp/tmpamv0ssi7']
[2021-06-24 17:03:37,139] {standard_task_runner.py:77} INFO - Job 9: Subtask task_1
[2021-06-24 17:03:38,745] {logging_mixin.py:104} INFO - Running <TaskInstance: parallel_dag.task_1 2020-01-08T00:00:00+00:00 [running]> on host airflowvm
[2021-06-24 17:03:40,261] {taskinstance.py:1280} INFO - Exporting the following env vars:
AIRFLOW_CTX_DAG_OWNER=airflow
AIRFLOW_CTX_DAG_ID=parallel_dag
AIRFLOW_CTX_TASK_ID=task_1
AIRFLOW_CTX_EXECUTION_DATE=2020-01-08T00:00:00+00:00
AIRFLOW_CTX_DAG_RUN_ID=scheduled__2020-01-08T00:00:00+00:00
[2021-06-24 17:03:40,262] {subprocess.py:52} INFO - Tmp dir root location: 
 /tmp
[2021-06-24 17:03:40,281] {subprocess.py:63} INFO - Running command: ['bash', '-c', 'sleep 3']
[2021-06-24 17:03:40,530] {subprocess.py:75} INFO - Output:
[2021-06-24 17:03:43,638] {subprocess.py:83} INFO - Command exited with return code 0
[2021-06-24 17:03:44,538] {taskinstance.py:1184} INFO - Marking task as SUCCESS. dag_id=parallel_dag, task_id=task_1, execution_date=20200108T000000, start_date=20210624T170336, end_date=20210624T170344
[2021-06-24 17:03:45,880] {taskinstance.py:1245} INFO - 2 downstream tasks scheduled from follow-on schedule check
[2021-06-24 17:03:46,140] {local_task_job.py:151} INFO - Task exited with return code 0
