[2021-06-25 09:44:41,144] {taskinstance.py:876} INFO - Dependencies all met for <TaskInstance: parallel_dag.task_1 2020-01-08T00:00:00+00:00 [queued]>
[2021-06-25 09:44:41,281] {taskinstance.py:876} INFO - Dependencies all met for <TaskInstance: parallel_dag.task_1 2020-01-08T00:00:00+00:00 [queued]>
[2021-06-25 09:44:41,299] {taskinstance.py:1067} INFO - 
--------------------------------------------------------------------------------
[2021-06-25 09:44:41,299] {taskinstance.py:1068} INFO - Starting attempt 2 of 2
[2021-06-25 09:44:41,300] {taskinstance.py:1069} INFO - 
--------------------------------------------------------------------------------
[2021-06-25 09:44:41,398] {taskinstance.py:1087} INFO - Executing <Task(BashOperator): task_1> on 2020-01-08T00:00:00+00:00
[2021-06-25 09:44:41,425] {standard_task_runner.py:52} INFO - Started process 18207 to run task
[2021-06-25 09:44:41,517] {standard_task_runner.py:76} INFO - Running: ['airflow', 'tasks', 'run', 'parallel_dag', 'task_1', '2020-01-08T00:00:00+00:00', '--job-id', '371', '--pool', 'default_pool', '--raw', '--subdir', 'DAGS_FOLDER/parallel_dag.py', '--cfg-path', '/tmp/tmp2bw1zhtw', '--error-file', '/tmp/tmp5ve4vxfs']
[2021-06-25 09:44:41,550] {standard_task_runner.py:77} INFO - Job 371: Subtask task_1
[2021-06-25 09:44:42,872] {logging_mixin.py:104} INFO - Running <TaskInstance: parallel_dag.task_1 2020-01-08T00:00:00+00:00 [running]> on host airflowvm
[2021-06-25 09:44:44,705] {taskinstance.py:1280} INFO - Exporting the following env vars:
AIRFLOW_CTX_DAG_OWNER=airflow
AIRFLOW_CTX_DAG_ID=parallel_dag
AIRFLOW_CTX_TASK_ID=task_1
AIRFLOW_CTX_EXECUTION_DATE=2020-01-08T00:00:00+00:00
AIRFLOW_CTX_DAG_RUN_ID=scheduled__2020-01-08T00:00:00+00:00
[2021-06-25 09:44:44,738] {subprocess.py:52} INFO - Tmp dir root location: 
 /tmp
[2021-06-25 09:44:44,828] {subprocess.py:63} INFO - Running command: ['bash', '-c', 'sleep 3']
[2021-06-25 09:44:44,985] {subprocess.py:75} INFO - Output:
[2021-06-25 09:44:48,036] {subprocess.py:83} INFO - Command exited with return code 0
[2021-06-25 09:44:48,748] {taskinstance.py:1184} INFO - Marking task as SUCCESS. dag_id=parallel_dag, task_id=task_1, execution_date=20200108T000000, start_date=20210625T094441, end_date=20210625T094448
[2021-06-25 09:44:49,927] {taskinstance.py:1245} INFO - 2 downstream tasks scheduled from follow-on schedule check
[2021-06-25 09:44:50,096] {local_task_job.py:151} INFO - Task exited with return code 0
