[2021-06-30 15:05:23,213] {taskinstance.py:876} INFO - Dependencies all met for <TaskInstance: user_processing_v2.processing_user_3 2021-06-30T14:29:12.044488+00:00 [queued]>
[2021-06-30 15:05:23,299] {taskinstance.py:876} INFO - Dependencies all met for <TaskInstance: user_processing_v2.processing_user_3 2021-06-30T14:29:12.044488+00:00 [queued]>
[2021-06-30 15:05:23,309] {taskinstance.py:1067} INFO - 
--------------------------------------------------------------------------------
[2021-06-30 15:05:23,309] {taskinstance.py:1068} INFO - Starting attempt 5 of 5
[2021-06-30 15:05:23,310] {taskinstance.py:1069} INFO - 
--------------------------------------------------------------------------------
[2021-06-30 15:05:23,402] {taskinstance.py:1087} INFO - Executing <Task(PythonOperator): processing_user_3> on 2021-06-30T14:29:12.044488+00:00
[2021-06-30 15:05:23,427] {standard_task_runner.py:52} INFO - Started process 9898 to run task
[2021-06-30 15:05:23,445] {standard_task_runner.py:76} INFO - Running: ['airflow', 'tasks', 'run', 'user_processing_v2', 'processing_user_3', '2021-06-30T14:29:12.044488+00:00', '--job-id', '894', '--pool', 'default_pool', '--raw', '--subdir', 'DAGS_FOLDER/user_processing_v2.py', '--cfg-path', '/tmp/tmps6su_d9j', '--error-file', '/tmp/tmpcjp2jzbr']
[2021-06-30 15:05:23,447] {standard_task_runner.py:77} INFO - Job 894: Subtask processing_user_3
[2021-06-30 15:05:23,792] {logging_mixin.py:104} INFO - Running <TaskInstance: user_processing_v2.processing_user_3 2021-06-30T14:29:12.044488+00:00 [running]> on host airflowvm
[2021-06-30 15:05:24,168] {taskinstance.py:1280} INFO - Exporting the following env vars:
AIRFLOW_CTX_DAG_OWNER=airflow
AIRFLOW_CTX_DAG_ID=user_processing_v2
AIRFLOW_CTX_TASK_ID=processing_user_3
AIRFLOW_CTX_EXECUTION_DATE=2021-06-30T14:29:12.044488+00:00
AIRFLOW_CTX_DAG_RUN_ID=manual__2021-06-30T14:29:12.044488+00:00
[2021-06-30 15:05:24,285] {python.py:151} INFO - Done. Returned value was: {"first_name":{"0":"Mat\u00e9o"},"last_name":{"0":"Lemaire"},"country":{"0":"France"},"username":{"0":"goldenmouse851"},"password":{"0":"chad"},"email":{"0":"mateo.lemaire@example.com"}}
[2021-06-30 15:05:24,479] {taskinstance.py:1184} INFO - Marking task as SUCCESS. dag_id=user_processing_v2, task_id=processing_user_3, execution_date=20210630T142912, start_date=20210630T150523, end_date=20210630T150524
[2021-06-30 15:05:25,053] {taskinstance.py:1245} INFO - 0 downstream tasks scheduled from follow-on schedule check
[2021-06-30 15:05:25,101] {local_task_job.py:151} INFO - Task exited with return code 0
