[2021-06-25 09:16:24,571] {taskinstance.py:876} INFO - Dependencies all met for <TaskInstance: parallel_dag.task_2 2020-02-13T00:00:00+00:00 [queued]>
[2021-06-25 09:16:25,555] {taskinstance.py:876} INFO - Dependencies all met for <TaskInstance: parallel_dag.task_2 2020-02-13T00:00:00+00:00 [queued]>
[2021-06-25 09:16:25,578] {taskinstance.py:1067} INFO - 
--------------------------------------------------------------------------------
[2021-06-25 09:16:25,578] {taskinstance.py:1068} INFO - Starting attempt 1 of 1
[2021-06-25 09:16:25,658] {taskinstance.py:1069} INFO - 
--------------------------------------------------------------------------------
[2021-06-25 09:16:26,208] {taskinstance.py:1087} INFO - Executing <Task(BashOperator): task_2> on 2020-02-13T00:00:00+00:00
[2021-06-25 09:16:26,354] {standard_task_runner.py:52} INFO - Started process 3995 to run task
[2021-06-25 09:16:27,164] {standard_task_runner.py:76} INFO - Running: ['airflow', 'tasks', 'run', 'parallel_dag', 'task_2', '2020-02-13T00:00:00+00:00', '--job-id', '186', '--pool', 'default_pool', '--raw', '--subdir', 'DAGS_FOLDER/parallel_dag.py', '--cfg-path', '/tmp/tmp3n3g6vfz', '--error-file', '/tmp/tmpspuob8il']
[2021-06-25 09:16:27,166] {standard_task_runner.py:77} INFO - Job 186: Subtask task_2
[2021-06-25 09:16:31,785] {logging_mixin.py:104} INFO - Running <TaskInstance: parallel_dag.task_2 2020-02-13T00:00:00+00:00 [running]> on host airflowvm
[2021-06-25 09:16:35,005] {taskinstance.py:1280} INFO - Exporting the following env vars:
AIRFLOW_CTX_DAG_OWNER=airflow
AIRFLOW_CTX_DAG_ID=parallel_dag
AIRFLOW_CTX_TASK_ID=task_2
AIRFLOW_CTX_EXECUTION_DATE=2020-02-13T00:00:00+00:00
AIRFLOW_CTX_DAG_RUN_ID=scheduled__2020-02-13T00:00:00+00:00
[2021-06-25 09:16:35,082] {subprocess.py:52} INFO - Tmp dir root location: 
 /tmp
[2021-06-25 09:16:35,126] {subprocess.py:63} INFO - Running command: ['bash', '-c', 'sleep 3']
[2021-06-25 09:16:35,484] {subprocess.py:75} INFO - Output:
[2021-06-25 09:16:38,590] {subprocess.py:83} INFO - Command exited with return code 0
[2021-06-25 09:16:39,471] {taskinstance.py:1184} INFO - Marking task as SUCCESS. dag_id=parallel_dag, task_id=task_2, execution_date=20200213T000000, start_date=20210625T091624, end_date=20210625T091639
[2021-06-25 09:16:41,774] {taskinstance.py:1245} INFO - 1 downstream tasks scheduled from follow-on schedule check
[2021-06-25 09:16:42,132] {local_task_job.py:151} INFO - Task exited with return code 0
