[2021-06-25 09:18:04,268] {taskinstance.py:876} INFO - Dependencies all met for <TaskInstance: parallel_dag.task_2 2020-02-28T00:00:00+00:00 [queued]>
[2021-06-25 09:18:04,736] {taskinstance.py:876} INFO - Dependencies all met for <TaskInstance: parallel_dag.task_2 2020-02-28T00:00:00+00:00 [queued]>
[2021-06-25 09:18:04,736] {taskinstance.py:1067} INFO - 
--------------------------------------------------------------------------------
[2021-06-25 09:18:04,736] {taskinstance.py:1068} INFO - Starting attempt 1 of 1
[2021-06-25 09:18:04,737] {taskinstance.py:1069} INFO - 
--------------------------------------------------------------------------------
[2021-06-25 09:18:05,023] {taskinstance.py:1087} INFO - Executing <Task(BashOperator): task_2> on 2020-02-28T00:00:00+00:00
[2021-06-25 09:18:05,070] {standard_task_runner.py:52} INFO - Started process 6122 to run task
[2021-06-25 09:18:05,341] {standard_task_runner.py:76} INFO - Running: ['airflow', 'tasks', 'run', 'parallel_dag', 'task_2', '2020-02-28T00:00:00+00:00', '--job-id', '245', '--pool', 'default_pool', '--raw', '--subdir', 'DAGS_FOLDER/parallel_dag.py', '--cfg-path', '/tmp/tmp4wg0hg4g', '--error-file', '/tmp/tmploo5nrrm']
[2021-06-25 09:18:05,343] {standard_task_runner.py:77} INFO - Job 245: Subtask task_2
[2021-06-25 09:18:06,697] {logging_mixin.py:104} INFO - Running <TaskInstance: parallel_dag.task_2 2020-02-28T00:00:00+00:00 [running]> on host airflowvm
[2021-06-25 09:18:07,300] {taskinstance.py:1280} INFO - Exporting the following env vars:
AIRFLOW_CTX_DAG_OWNER=airflow
AIRFLOW_CTX_DAG_ID=parallel_dag
AIRFLOW_CTX_TASK_ID=task_2
AIRFLOW_CTX_EXECUTION_DATE=2020-02-28T00:00:00+00:00
AIRFLOW_CTX_DAG_RUN_ID=scheduled__2020-02-28T00:00:00+00:00
[2021-06-25 09:18:07,302] {subprocess.py:52} INFO - Tmp dir root location: 
 /tmp
[2021-06-25 09:18:07,320] {subprocess.py:63} INFO - Running command: ['bash', '-c', 'sleep 3']
[2021-06-25 09:18:07,350] {subprocess.py:75} INFO - Output:
[2021-06-25 09:18:10,367] {subprocess.py:83} INFO - Command exited with return code 0
[2021-06-25 09:18:11,300] {taskinstance.py:1184} INFO - Marking task as SUCCESS. dag_id=parallel_dag, task_id=task_2, execution_date=20200228T000000, start_date=20210625T091804, end_date=20210625T091811
[2021-06-25 09:18:12,458] {taskinstance.py:1245} INFO - 1 downstream tasks scheduled from follow-on schedule check
[2021-06-25 09:18:12,714] {local_task_job.py:151} INFO - Task exited with return code 0
