[2021-06-25 09:34:58,178] {taskinstance.py:876} INFO - Dependencies all met for <TaskInstance: parallel_dag.task_4 2021-06-24T00:00:00+00:00 [queued]>
[2021-06-25 09:34:58,232] {taskinstance.py:876} INFO - Dependencies all met for <TaskInstance: parallel_dag.task_4 2021-06-24T00:00:00+00:00 [queued]>
[2021-06-25 09:34:58,233] {taskinstance.py:1067} INFO - 
--------------------------------------------------------------------------------
[2021-06-25 09:34:58,233] {taskinstance.py:1068} INFO - Starting attempt 2 of 2
[2021-06-25 09:34:58,235] {taskinstance.py:1069} INFO - 
--------------------------------------------------------------------------------
[2021-06-25 09:34:58,273] {taskinstance.py:1087} INFO - Executing <Task(BashOperator): task_4> on 2021-06-24T00:00:00+00:00
[2021-06-25 09:34:58,280] {standard_task_runner.py:52} INFO - Started process 14456 to run task
[2021-06-25 09:34:58,303] {standard_task_runner.py:76} INFO - Running: ['airflow', 'tasks', 'run', 'parallel_dag', 'task_4', '2021-06-24T00:00:00+00:00', '--job-id', '358', '--pool', 'default_pool', '--raw', '--subdir', 'DAGS_FOLDER/parallel_dag.py', '--cfg-path', '/tmp/tmp4k_ynjfz', '--error-file', '/tmp/tmpndpxq_ys']
[2021-06-25 09:34:58,313] {standard_task_runner.py:77} INFO - Job 358: Subtask task_4
[2021-06-25 09:34:58,503] {logging_mixin.py:104} INFO - Running <TaskInstance: parallel_dag.task_4 2021-06-24T00:00:00+00:00 [running]> on host airflowvm
[2021-06-25 09:34:58,664] {taskinstance.py:1280} INFO - Exporting the following env vars:
AIRFLOW_CTX_DAG_OWNER=airflow
AIRFLOW_CTX_DAG_ID=parallel_dag
AIRFLOW_CTX_TASK_ID=task_4
AIRFLOW_CTX_EXECUTION_DATE=2021-06-24T00:00:00+00:00
AIRFLOW_CTX_DAG_RUN_ID=scheduled__2021-06-24T00:00:00+00:00
[2021-06-25 09:34:58,666] {subprocess.py:52} INFO - Tmp dir root location: 
 /tmp
[2021-06-25 09:34:58,669] {subprocess.py:63} INFO - Running command: ['bash', '-c', 'sleep 3']
[2021-06-25 09:34:58,689] {subprocess.py:75} INFO - Output:
[2021-06-25 09:35:01,694] {subprocess.py:83} INFO - Command exited with return code 0
[2021-06-25 09:35:01,764] {taskinstance.py:1184} INFO - Marking task as SUCCESS. dag_id=parallel_dag, task_id=task_4, execution_date=20210624T000000, start_date=20210625T093458, end_date=20210625T093501
[2021-06-25 09:35:01,818] {taskinstance.py:1245} INFO - 0 downstream tasks scheduled from follow-on schedule check
[2021-06-25 09:35:01,839] {local_task_job.py:151} INFO - Task exited with return code 0
