[2021-06-25 09:18:48,318] {taskinstance.py:876} INFO - Dependencies all met for <TaskInstance: parallel_dag.task_3 2020-03-05T00:00:00+00:00 [queued]>
[2021-06-25 09:18:48,628] {taskinstance.py:876} INFO - Dependencies all met for <TaskInstance: parallel_dag.task_3 2020-03-05T00:00:00+00:00 [queued]>
[2021-06-25 09:18:48,628] {taskinstance.py:1067} INFO - 
--------------------------------------------------------------------------------
[2021-06-25 09:18:48,628] {taskinstance.py:1068} INFO - Starting attempt 1 of 1
[2021-06-25 09:18:48,629] {taskinstance.py:1069} INFO - 
--------------------------------------------------------------------------------
[2021-06-25 09:18:48,723] {taskinstance.py:1087} INFO - Executing <Task(BashOperator): task_3> on 2020-03-05T00:00:00+00:00
[2021-06-25 09:18:48,742] {standard_task_runner.py:52} INFO - Started process 7228 to run task
[2021-06-25 09:18:48,779] {standard_task_runner.py:76} INFO - Running: ['airflow', 'tasks', 'run', 'parallel_dag', 'task_3', '2020-03-05T00:00:00+00:00', '--job-id', '275', '--pool', 'default_pool', '--raw', '--subdir', 'DAGS_FOLDER/parallel_dag.py', '--cfg-path', '/tmp/tmpx2r1y730', '--error-file', '/tmp/tmpxf247jjw']
[2021-06-25 09:18:48,783] {standard_task_runner.py:77} INFO - Job 275: Subtask task_3
[2021-06-25 09:18:49,207] {logging_mixin.py:104} INFO - Running <TaskInstance: parallel_dag.task_3 2020-03-05T00:00:00+00:00 [running]> on host airflowvm
[2021-06-25 09:18:49,879] {taskinstance.py:1280} INFO - Exporting the following env vars:
AIRFLOW_CTX_DAG_OWNER=airflow
AIRFLOW_CTX_DAG_ID=parallel_dag
AIRFLOW_CTX_TASK_ID=task_3
AIRFLOW_CTX_EXECUTION_DATE=2020-03-05T00:00:00+00:00
AIRFLOW_CTX_DAG_RUN_ID=scheduled__2020-03-05T00:00:00+00:00
[2021-06-25 09:18:49,880] {subprocess.py:52} INFO - Tmp dir root location: 
 /tmp
[2021-06-25 09:18:49,887] {subprocess.py:63} INFO - Running command: ['bash', '-c', 'sleep 3']
[2021-06-25 09:18:49,989] {subprocess.py:75} INFO - Output:
[2021-06-25 09:18:53,016] {subprocess.py:83} INFO - Command exited with return code 0
[2021-06-25 09:18:53,186] {taskinstance.py:1184} INFO - Marking task as SUCCESS. dag_id=parallel_dag, task_id=task_3, execution_date=20200305T000000, start_date=20210625T091848, end_date=20210625T091853
[2021-06-25 09:18:53,455] {taskinstance.py:1245} INFO - 0 downstream tasks scheduled from follow-on schedule check
[2021-06-25 09:18:53,521] {local_task_job.py:151} INFO - Task exited with return code 0
