[2021-06-25 09:44:48,582] {taskinstance.py:876} INFO - Dependencies all met for <TaskInstance: parallel_dag.task_2 2020-01-02T00:00:00+00:00 [queued]>
[2021-06-25 09:44:49,185] {taskinstance.py:876} INFO - Dependencies all met for <TaskInstance: parallel_dag.task_2 2020-01-02T00:00:00+00:00 [queued]>
[2021-06-25 09:44:49,190] {taskinstance.py:1067} INFO - 
--------------------------------------------------------------------------------
[2021-06-25 09:44:49,191] {taskinstance.py:1068} INFO - Starting attempt 2 of 2
[2021-06-25 09:44:49,193] {taskinstance.py:1069} INFO - 
--------------------------------------------------------------------------------
[2021-06-25 09:44:49,613] {taskinstance.py:1087} INFO - Executing <Task(BashOperator): task_2> on 2020-01-02T00:00:00+00:00
[2021-06-25 09:44:49,760] {standard_task_runner.py:52} INFO - Started process 18377 to run task
[2021-06-25 09:44:49,990] {standard_task_runner.py:76} INFO - Running: ['airflow', 'tasks', 'run', 'parallel_dag', 'task_2', '2020-01-02T00:00:00+00:00', '--job-id', '375', '--pool', 'default_pool', '--raw', '--subdir', 'DAGS_FOLDER/parallel_dag.py', '--cfg-path', '/tmp/tmpf5ayx9p1', '--error-file', '/tmp/tmp_usuhtdg']
[2021-06-25 09:44:50,075] {standard_task_runner.py:77} INFO - Job 375: Subtask task_2
[2021-06-25 09:44:52,652] {logging_mixin.py:104} INFO - Running <TaskInstance: parallel_dag.task_2 2020-01-02T00:00:00+00:00 [running]> on host airflowvm
[2021-06-25 09:44:54,959] {taskinstance.py:1280} INFO - Exporting the following env vars:
AIRFLOW_CTX_DAG_OWNER=airflow
AIRFLOW_CTX_DAG_ID=parallel_dag
AIRFLOW_CTX_TASK_ID=task_2
AIRFLOW_CTX_EXECUTION_DATE=2020-01-02T00:00:00+00:00
AIRFLOW_CTX_DAG_RUN_ID=scheduled__2020-01-02T00:00:00+00:00
[2021-06-25 09:44:54,960] {subprocess.py:52} INFO - Tmp dir root location: 
 /tmp
[2021-06-25 09:44:54,987] {subprocess.py:63} INFO - Running command: ['bash', '-c', 'sleep 3']
[2021-06-25 09:44:55,140] {subprocess.py:75} INFO - Output:
[2021-06-25 09:44:58,175] {subprocess.py:83} INFO - Command exited with return code 0
[2021-06-25 09:44:58,938] {taskinstance.py:1184} INFO - Marking task as SUCCESS. dag_id=parallel_dag, task_id=task_2, execution_date=20200102T000000, start_date=20210625T094448, end_date=20210625T094458
[2021-06-25 09:45:00,542] {taskinstance.py:1245} INFO - 0 downstream tasks scheduled from follow-on schedule check
[2021-06-25 09:45:00,804] {local_task_job.py:151} INFO - Task exited with return code 0
