[2021-06-24 16:21:16,615] {taskinstance.py:876} INFO - Dependencies all met for <TaskInstance: parallel_dag.task_3 2020-01-03T00:00:00+00:00 [queued]>
[2021-06-24 16:21:16,628] {taskinstance.py:876} INFO - Dependencies all met for <TaskInstance: parallel_dag.task_3 2020-01-03T00:00:00+00:00 [queued]>
[2021-06-24 16:21:16,628] {taskinstance.py:1067} INFO - 
--------------------------------------------------------------------------------
[2021-06-24 16:21:16,628] {taskinstance.py:1068} INFO - Starting attempt 1 of 1
[2021-06-24 16:21:16,628] {taskinstance.py:1069} INFO - 
--------------------------------------------------------------------------------
[2021-06-24 16:21:16,650] {taskinstance.py:1087} INFO - Executing <Task(BashOperator): task_3> on 2020-01-03T00:00:00+00:00
[2021-06-24 16:21:16,654] {standard_task_runner.py:52} INFO - Started process 1998 to run task
[2021-06-24 16:21:16,664] {standard_task_runner.py:76} INFO - Running: ['airflow', 'tasks', 'run', 'parallel_dag', 'task_3', '2020-01-03T00:00:00+00:00', '--job-id', '52', '--pool', 'default_pool', '--raw', '--subdir', 'DAGS_FOLDER/parallel_dag.py', '--cfg-path', '/tmp/tmpvee986p8', '--error-file', '/tmp/tmpe_fs_3j8']
[2021-06-24 16:21:16,666] {standard_task_runner.py:77} INFO - Job 52: Subtask task_3
[2021-06-24 16:21:16,782] {logging_mixin.py:104} INFO - Running <TaskInstance: parallel_dag.task_3 2020-01-03T00:00:00+00:00 [running]> on host airflowvm
[2021-06-24 16:21:16,927] {taskinstance.py:1280} INFO - Exporting the following env vars:
AIRFLOW_CTX_DAG_OWNER=airflow
AIRFLOW_CTX_DAG_ID=parallel_dag
AIRFLOW_CTX_TASK_ID=task_3
AIRFLOW_CTX_EXECUTION_DATE=2020-01-03T00:00:00+00:00
AIRFLOW_CTX_DAG_RUN_ID=scheduled__2020-01-03T00:00:00+00:00
[2021-06-24 16:21:16,929] {subprocess.py:52} INFO - Tmp dir root location: 
 /tmp
[2021-06-24 16:21:16,930] {subprocess.py:63} INFO - Running command: ['bash', '-c', 'sleep 3']
[2021-06-24 16:21:16,941] {subprocess.py:75} INFO - Output:
[2021-06-24 16:21:19,949] {subprocess.py:83} INFO - Command exited with return code 0
[2021-06-24 16:21:19,990] {taskinstance.py:1184} INFO - Marking task as SUCCESS. dag_id=parallel_dag, task_id=task_3, execution_date=20200103T000000, start_date=20210624T162116, end_date=20210624T162119
[2021-06-24 16:21:20,025] {taskinstance.py:1245} INFO - 1 downstream tasks scheduled from follow-on schedule check
[2021-06-24 16:21:20,043] {local_task_job.py:151} INFO - Task exited with return code 0
[2021-06-24 17:03:45,931] {taskinstance.py:876} INFO - Dependencies all met for <TaskInstance: parallel_dag.task_3 2020-01-03T00:00:00+00:00 [queued]>
[2021-06-24 17:03:46,397] {taskinstance.py:876} INFO - Dependencies all met for <TaskInstance: parallel_dag.task_3 2020-01-03T00:00:00+00:00 [queued]>
[2021-06-24 17:03:46,399] {taskinstance.py:1067} INFO - 
--------------------------------------------------------------------------------
[2021-06-24 17:03:46,400] {taskinstance.py:1068} INFO - Starting attempt 1 of 1
[2021-06-24 17:03:46,489] {taskinstance.py:1069} INFO - 
--------------------------------------------------------------------------------
[2021-06-24 17:03:46,697] {taskinstance.py:1087} INFO - Executing <Task(BashOperator): task_3> on 2020-01-03T00:00:00+00:00
[2021-06-24 17:03:46,780] {standard_task_runner.py:52} INFO - Started process 8932 to run task
[2021-06-24 17:03:46,959] {standard_task_runner.py:76} INFO - Running: ['airflow', 'tasks', 'run', 'parallel_dag', 'task_3', '2020-01-03T00:00:00+00:00', '--job-id', '15', '--pool', 'default_pool', '--raw', '--subdir', 'DAGS_FOLDER/parallel_dag.py', '--cfg-path', '/tmp/tmpgfctb87w', '--error-file', '/tmp/tmp_l8pydmw']
[2021-06-24 17:03:47,014] {standard_task_runner.py:77} INFO - Job 15: Subtask task_3
[2021-06-24 17:03:48,882] {logging_mixin.py:104} INFO - Running <TaskInstance: parallel_dag.task_3 2020-01-03T00:00:00+00:00 [running]> on host airflowvm
[2021-06-24 17:03:50,583] {taskinstance.py:1280} INFO - Exporting the following env vars:
AIRFLOW_CTX_DAG_OWNER=airflow
AIRFLOW_CTX_DAG_ID=parallel_dag
AIRFLOW_CTX_TASK_ID=task_3
AIRFLOW_CTX_EXECUTION_DATE=2020-01-03T00:00:00+00:00
AIRFLOW_CTX_DAG_RUN_ID=scheduled__2020-01-03T00:00:00+00:00
[2021-06-24 17:03:50,659] {subprocess.py:52} INFO - Tmp dir root location: 
 /tmp
[2021-06-24 17:03:50,674] {subprocess.py:63} INFO - Running command: ['bash', '-c', 'sleep 3']
[2021-06-24 17:03:50,881] {subprocess.py:75} INFO - Output:
[2021-06-24 17:03:53,909] {subprocess.py:83} INFO - Command exited with return code 0
[2021-06-24 17:03:54,974] {taskinstance.py:1184} INFO - Marking task as SUCCESS. dag_id=parallel_dag, task_id=task_3, execution_date=20200103T000000, start_date=20210624T170346, end_date=20210624T170354
[2021-06-24 17:03:56,085] {taskinstance.py:1245} INFO - 1 downstream tasks scheduled from follow-on schedule check
[2021-06-24 17:03:56,247] {local_task_job.py:151} INFO - Task exited with return code 0
