[2021-06-24 16:29:24,740] {taskinstance.py:876} INFO - Dependencies all met for <TaskInstance: parallel_dag.task_3 2020-01-20T00:00:00+00:00 [queued]>
[2021-06-24 16:29:24,759] {taskinstance.py:876} INFO - Dependencies all met for <TaskInstance: parallel_dag.task_3 2020-01-20T00:00:00+00:00 [queued]>
[2021-06-24 16:29:24,760] {taskinstance.py:1067} INFO - 
--------------------------------------------------------------------------------
[2021-06-24 16:29:24,760] {taskinstance.py:1068} INFO - Starting attempt 1 of 1
[2021-06-24 16:29:24,760] {taskinstance.py:1069} INFO - 
--------------------------------------------------------------------------------
[2021-06-24 16:29:24,801] {taskinstance.py:1087} INFO - Executing <Task(BashOperator): task_3> on 2020-01-20T00:00:00+00:00
[2021-06-24 16:29:24,803] {standard_task_runner.py:52} INFO - Started process 2683 to run task
[2021-06-24 16:29:24,809] {standard_task_runner.py:76} INFO - Running: ['airflow', 'tasks', 'run', 'parallel_dag', 'task_3', '2020-01-20T00:00:00+00:00', '--job-id', '120', '--pool', 'default_pool', '--raw', '--subdir', 'DAGS_FOLDER/parallel_dag.py', '--cfg-path', '/tmp/tmpvkeil0wx', '--error-file', '/tmp/tmp9ed9cmb2']
[2021-06-24 16:29:24,810] {standard_task_runner.py:77} INFO - Job 120: Subtask task_3
[2021-06-24 16:29:24,893] {logging_mixin.py:104} INFO - Running <TaskInstance: parallel_dag.task_3 2020-01-20T00:00:00+00:00 [running]> on host airflowvm
[2021-06-24 16:29:24,985] {taskinstance.py:1280} INFO - Exporting the following env vars:
AIRFLOW_CTX_DAG_OWNER=airflow
AIRFLOW_CTX_DAG_ID=parallel_dag
AIRFLOW_CTX_TASK_ID=task_3
AIRFLOW_CTX_EXECUTION_DATE=2020-01-20T00:00:00+00:00
AIRFLOW_CTX_DAG_RUN_ID=scheduled__2020-01-20T00:00:00+00:00
[2021-06-24 16:29:24,986] {subprocess.py:52} INFO - Tmp dir root location: 
 /tmp
[2021-06-24 16:29:24,987] {subprocess.py:63} INFO - Running command: ['bash', '-c', 'sleep 3']
[2021-06-24 16:29:24,998] {subprocess.py:75} INFO - Output:
[2021-06-24 16:29:28,004] {subprocess.py:83} INFO - Command exited with return code 0
[2021-06-24 16:29:28,027] {taskinstance.py:1184} INFO - Marking task as SUCCESS. dag_id=parallel_dag, task_id=task_3, execution_date=20200120T000000, start_date=20210624T162924, end_date=20210624T162928
[2021-06-24 16:29:28,051] {taskinstance.py:1245} INFO - 1 downstream tasks scheduled from follow-on schedule check
[2021-06-24 16:29:28,105] {local_task_job.py:151} INFO - Task exited with return code 0
[2021-06-24 17:05:33,218] {taskinstance.py:876} INFO - Dependencies all met for <TaskInstance: parallel_dag.task_3 2020-01-20T00:00:00+00:00 [queued]>
[2021-06-24 17:05:33,568] {taskinstance.py:876} INFO - Dependencies all met for <TaskInstance: parallel_dag.task_3 2020-01-20T00:00:00+00:00 [queued]>
[2021-06-24 17:05:33,569] {taskinstance.py:1067} INFO - 
--------------------------------------------------------------------------------
[2021-06-24 17:05:33,569] {taskinstance.py:1068} INFO - Starting attempt 1 of 1
[2021-06-24 17:05:33,569] {taskinstance.py:1069} INFO - 
--------------------------------------------------------------------------------
[2021-06-24 17:05:33,715] {taskinstance.py:1087} INFO - Executing <Task(BashOperator): task_3> on 2020-01-20T00:00:00+00:00
[2021-06-24 17:05:33,719] {standard_task_runner.py:52} INFO - Started process 11294 to run task
[2021-06-24 17:05:33,857] {standard_task_runner.py:76} INFO - Running: ['airflow', 'tasks', 'run', 'parallel_dag', 'task_3', '2020-01-20T00:00:00+00:00', '--job-id', '81', '--pool', 'default_pool', '--raw', '--subdir', 'DAGS_FOLDER/parallel_dag.py', '--cfg-path', '/tmp/tmpm1evtzls', '--error-file', '/tmp/tmpf517i450']
[2021-06-24 17:05:33,858] {standard_task_runner.py:77} INFO - Job 81: Subtask task_3
[2021-06-24 17:05:34,737] {logging_mixin.py:104} INFO - Running <TaskInstance: parallel_dag.task_3 2020-01-20T00:00:00+00:00 [running]> on host airflowvm
[2021-06-24 17:05:35,578] {taskinstance.py:1280} INFO - Exporting the following env vars:
AIRFLOW_CTX_DAG_OWNER=airflow
AIRFLOW_CTX_DAG_ID=parallel_dag
AIRFLOW_CTX_TASK_ID=task_3
AIRFLOW_CTX_EXECUTION_DATE=2020-01-20T00:00:00+00:00
AIRFLOW_CTX_DAG_RUN_ID=scheduled__2020-01-20T00:00:00+00:00
[2021-06-24 17:05:35,650] {subprocess.py:52} INFO - Tmp dir root location: 
 /tmp
[2021-06-24 17:05:35,685] {subprocess.py:63} INFO - Running command: ['bash', '-c', 'sleep 3']
[2021-06-24 17:05:36,273] {subprocess.py:75} INFO - Output:
[2021-06-24 17:05:39,375] {subprocess.py:83} INFO - Command exited with return code 0
[2021-06-24 17:05:39,822] {taskinstance.py:1184} INFO - Marking task as SUCCESS. dag_id=parallel_dag, task_id=task_3, execution_date=20200120T000000, start_date=20210624T170533, end_date=20210624T170539
[2021-06-24 17:05:42,397] {taskinstance.py:1245} INFO - 0 downstream tasks scheduled from follow-on schedule check
[2021-06-24 17:05:42,532] {local_task_job.py:151} INFO - Task exited with return code 0
