[2021-06-24 17:05:51,683] {taskinstance.py:876} INFO - Dependencies all met for <TaskInstance: parallel_dag.task_2 2020-01-25T00:00:00+00:00 [queued]>
[2021-06-24 17:05:51,957] {taskinstance.py:876} INFO - Dependencies all met for <TaskInstance: parallel_dag.task_2 2020-01-25T00:00:00+00:00 [queued]>
[2021-06-24 17:05:51,961] {taskinstance.py:1067} INFO - 
--------------------------------------------------------------------------------
[2021-06-24 17:05:51,962] {taskinstance.py:1068} INFO - Starting attempt 1 of 1
[2021-06-24 17:05:51,963] {taskinstance.py:1069} INFO - 
--------------------------------------------------------------------------------
[2021-06-24 17:05:52,239] {taskinstance.py:1087} INFO - Executing <Task(BashOperator): task_2> on 2020-01-25T00:00:00+00:00
[2021-06-24 17:05:52,311] {standard_task_runner.py:52} INFO - Started process 11811 to run task
[2021-06-24 17:05:52,495] {standard_task_runner.py:76} INFO - Running: ['airflow', 'tasks', 'run', 'parallel_dag', 'task_2', '2020-01-25T00:00:00+00:00', '--job-id', '100', '--pool', 'default_pool', '--raw', '--subdir', 'DAGS_FOLDER/parallel_dag.py', '--cfg-path', '/tmp/tmpg6mxnush', '--error-file', '/tmp/tmpc03tgy8b']
[2021-06-24 17:05:52,573] {standard_task_runner.py:77} INFO - Job 100: Subtask task_2
[2021-06-24 17:05:53,984] {logging_mixin.py:104} INFO - Running <TaskInstance: parallel_dag.task_2 2020-01-25T00:00:00+00:00 [running]> on host airflowvm
[2021-06-24 17:05:55,406] {taskinstance.py:1280} INFO - Exporting the following env vars:
AIRFLOW_CTX_DAG_OWNER=airflow
AIRFLOW_CTX_DAG_ID=parallel_dag
AIRFLOW_CTX_TASK_ID=task_2
AIRFLOW_CTX_EXECUTION_DATE=2020-01-25T00:00:00+00:00
AIRFLOW_CTX_DAG_RUN_ID=scheduled__2020-01-25T00:00:00+00:00
[2021-06-24 17:05:55,407] {subprocess.py:52} INFO - Tmp dir root location: 
 /tmp
[2021-06-24 17:05:55,408] {subprocess.py:63} INFO - Running command: ['bash', '-c', 'sleep 3']
[2021-06-24 17:05:55,517] {subprocess.py:75} INFO - Output:
[2021-06-24 17:05:58,538] {subprocess.py:83} INFO - Command exited with return code 0
[2021-06-24 17:05:59,508] {taskinstance.py:1184} INFO - Marking task as SUCCESS. dag_id=parallel_dag, task_id=task_2, execution_date=20200125T000000, start_date=20210624T170551, end_date=20210624T170559
[2021-06-24 17:06:00,545] {taskinstance.py:1245} INFO - 0 downstream tasks scheduled from follow-on schedule check
[2021-06-24 17:06:00,652] {local_task_job.py:151} INFO - Task exited with return code 0
