[2021-06-24 17:07:15,385] {taskinstance.py:876} INFO - Dependencies all met for <TaskInstance: parallel_dag.task_1 2020-02-15T00:00:00+00:00 [queued]>
[2021-06-24 17:07:15,575] {taskinstance.py:876} INFO - Dependencies all met for <TaskInstance: parallel_dag.task_1 2020-02-15T00:00:00+00:00 [queued]>
[2021-06-24 17:07:15,575] {taskinstance.py:1067} INFO - 
--------------------------------------------------------------------------------
[2021-06-24 17:07:15,577] {taskinstance.py:1068} INFO - Starting attempt 1 of 1
[2021-06-24 17:07:15,578] {taskinstance.py:1069} INFO - 
--------------------------------------------------------------------------------
[2021-06-24 17:07:15,689] {taskinstance.py:1087} INFO - Executing <Task(BashOperator): task_1> on 2020-02-15T00:00:00+00:00
[2021-06-24 17:07:15,722] {standard_task_runner.py:52} INFO - Started process 13943 to run task
[2021-06-24 17:07:15,865] {standard_task_runner.py:76} INFO - Running: ['airflow', 'tasks', 'run', 'parallel_dag', 'task_1', '2020-02-15T00:00:00+00:00', '--job-id', '155', '--pool', 'default_pool', '--raw', '--subdir', 'DAGS_FOLDER/parallel_dag.py', '--cfg-path', '/tmp/tmplotmcizc', '--error-file', '/tmp/tmp_tl3cbss']
[2021-06-24 17:07:15,887] {standard_task_runner.py:77} INFO - Job 155: Subtask task_1
[2021-06-24 17:07:16,527] {logging_mixin.py:104} INFO - Running <TaskInstance: parallel_dag.task_1 2020-02-15T00:00:00+00:00 [running]> on host airflowvm
[2021-06-24 17:07:17,167] {taskinstance.py:1280} INFO - Exporting the following env vars:
AIRFLOW_CTX_DAG_OWNER=airflow
AIRFLOW_CTX_DAG_ID=parallel_dag
AIRFLOW_CTX_TASK_ID=task_1
AIRFLOW_CTX_EXECUTION_DATE=2020-02-15T00:00:00+00:00
AIRFLOW_CTX_DAG_RUN_ID=scheduled__2020-02-15T00:00:00+00:00
[2021-06-24 17:07:17,199] {subprocess.py:52} INFO - Tmp dir root location: 
 /tmp
[2021-06-24 17:07:17,221] {subprocess.py:63} INFO - Running command: ['bash', '-c', 'sleep 3']
[2021-06-24 17:07:17,394] {subprocess.py:75} INFO - Output:
[2021-06-24 17:07:20,440] {subprocess.py:83} INFO - Command exited with return code 0
[2021-06-24 17:07:20,704] {taskinstance.py:1184} INFO - Marking task as SUCCESS. dag_id=parallel_dag, task_id=task_1, execution_date=20200215T000000, start_date=20210624T170715, end_date=20210624T170720
[2021-06-24 17:07:21,416] {taskinstance.py:1245} INFO - 2 downstream tasks scheduled from follow-on schedule check
[2021-06-24 17:07:21,455] {local_task_job.py:196} WARNING - State of this instance has been externally set to success. Terminating instance.
[2021-06-24 17:07:21,674] {process_utils.py:100} INFO - Sending Signals.SIGTERM to GPID 13943
[2021-06-24 17:07:21,757] {process_utils.py:66} INFO - Process psutil.Process(pid=13943, status='terminated', exitcode=0, started='17:07:14') (13943) terminated with exit code 0
