[2021-06-24 16:26:41,330] {taskinstance.py:876} INFO - Dependencies all met for <TaskInstance: parallel_dag.task_1 2020-01-15T00:00:00+00:00 [queued]>
[2021-06-24 16:26:41,354] {taskinstance.py:876} INFO - Dependencies all met for <TaskInstance: parallel_dag.task_1 2020-01-15T00:00:00+00:00 [queued]>
[2021-06-24 16:26:41,356] {taskinstance.py:1067} INFO - 
--------------------------------------------------------------------------------
[2021-06-24 16:26:41,358] {taskinstance.py:1068} INFO - Starting attempt 1 of 1
[2021-06-24 16:26:41,359] {taskinstance.py:1069} INFO - 
--------------------------------------------------------------------------------
[2021-06-24 16:26:41,392] {taskinstance.py:1087} INFO - Executing <Task(BashOperator): task_1> on 2020-01-15T00:00:00+00:00
[2021-06-24 16:26:41,395] {standard_task_runner.py:52} INFO - Started process 2478 to run task
[2021-06-24 16:26:41,412] {standard_task_runner.py:76} INFO - Running: ['airflow', 'tasks', 'run', 'parallel_dag', 'task_1', '2020-01-15T00:00:00+00:00', '--job-id', '94', '--pool', 'default_pool', '--raw', '--subdir', 'DAGS_FOLDER/parallel_dag.py', '--cfg-path', '/tmp/tmp6_545lkc', '--error-file', '/tmp/tmpf_kvkxsk']
[2021-06-24 16:26:41,418] {standard_task_runner.py:77} INFO - Job 94: Subtask task_1
[2021-06-24 16:26:41,530] {logging_mixin.py:104} INFO - Running <TaskInstance: parallel_dag.task_1 2020-01-15T00:00:00+00:00 [running]> on host airflowvm
[2021-06-24 16:26:41,710] {taskinstance.py:1280} INFO - Exporting the following env vars:
AIRFLOW_CTX_DAG_OWNER=airflow
AIRFLOW_CTX_DAG_ID=parallel_dag
AIRFLOW_CTX_TASK_ID=task_1
AIRFLOW_CTX_EXECUTION_DATE=2020-01-15T00:00:00+00:00
AIRFLOW_CTX_DAG_RUN_ID=scheduled__2020-01-15T00:00:00+00:00
[2021-06-24 16:26:41,711] {subprocess.py:52} INFO - Tmp dir root location: 
 /tmp
[2021-06-24 16:26:41,712] {subprocess.py:63} INFO - Running command: ['bash', '-c', 'sleep 3']
[2021-06-24 16:26:41,756] {subprocess.py:75} INFO - Output:
[2021-06-24 16:26:44,764] {subprocess.py:83} INFO - Command exited with return code 0
[2021-06-24 16:26:44,799] {taskinstance.py:1184} INFO - Marking task as SUCCESS. dag_id=parallel_dag, task_id=task_1, execution_date=20200115T000000, start_date=20210624T162641, end_date=20210624T162644
[2021-06-24 16:26:44,837] {taskinstance.py:1245} INFO - 2 downstream tasks scheduled from follow-on schedule check
[2021-06-24 16:26:44,887] {local_task_job.py:151} INFO - Task exited with return code 0
[2021-06-24 17:04:20,860] {taskinstance.py:876} INFO - Dependencies all met for <TaskInstance: parallel_dag.task_1 2020-01-15T00:00:00+00:00 [queued]>
[2021-06-24 17:04:21,391] {taskinstance.py:876} INFO - Dependencies all met for <TaskInstance: parallel_dag.task_1 2020-01-15T00:00:00+00:00 [queued]>
[2021-06-24 17:04:21,406] {taskinstance.py:1067} INFO - 
--------------------------------------------------------------------------------
[2021-06-24 17:04:21,406] {taskinstance.py:1068} INFO - Starting attempt 1 of 1
[2021-06-24 17:04:21,406] {taskinstance.py:1069} INFO - 
--------------------------------------------------------------------------------
[2021-06-24 17:04:21,781] {taskinstance.py:1087} INFO - Executing <Task(BashOperator): task_1> on 2020-01-15T00:00:00+00:00
[2021-06-24 17:04:21,832] {standard_task_runner.py:52} INFO - Started process 9650 to run task
[2021-06-24 17:04:22,018] {standard_task_runner.py:76} INFO - Running: ['airflow', 'tasks', 'run', 'parallel_dag', 'task_1', '2020-01-15T00:00:00+00:00', '--job-id', '37', '--pool', 'default_pool', '--raw', '--subdir', 'DAGS_FOLDER/parallel_dag.py', '--cfg-path', '/tmp/tmpg523o0jk', '--error-file', '/tmp/tmpio2eit3n']
[2021-06-24 17:04:22,081] {standard_task_runner.py:77} INFO - Job 37: Subtask task_1
[2021-06-24 17:04:23,701] {logging_mixin.py:104} INFO - Running <TaskInstance: parallel_dag.task_1 2020-01-15T00:00:00+00:00 [running]> on host airflowvm
[2021-06-24 17:04:24,763] {taskinstance.py:1280} INFO - Exporting the following env vars:
AIRFLOW_CTX_DAG_OWNER=airflow
AIRFLOW_CTX_DAG_ID=parallel_dag
AIRFLOW_CTX_TASK_ID=task_1
AIRFLOW_CTX_EXECUTION_DATE=2020-01-15T00:00:00+00:00
AIRFLOW_CTX_DAG_RUN_ID=scheduled__2020-01-15T00:00:00+00:00
[2021-06-24 17:04:24,764] {subprocess.py:52} INFO - Tmp dir root location: 
 /tmp
[2021-06-24 17:04:24,800] {subprocess.py:63} INFO - Running command: ['bash', '-c', 'sleep 3']
[2021-06-24 17:04:24,947] {subprocess.py:75} INFO - Output:
[2021-06-24 17:04:27,981] {subprocess.py:83} INFO - Command exited with return code 0
[2021-06-24 17:04:28,588] {taskinstance.py:1184} INFO - Marking task as SUCCESS. dag_id=parallel_dag, task_id=task_1, execution_date=20200115T000000, start_date=20210624T170420, end_date=20210624T170428
[2021-06-24 17:04:32,289] {taskinstance.py:1245} INFO - 2 downstream tasks scheduled from follow-on schedule check
[2021-06-24 17:04:32,467] {local_task_job.py:151} INFO - Task exited with return code 0
