[2021-06-25 09:17:41,484] {taskinstance.py:876} INFO - Dependencies all met for <TaskInstance: parallel_dag.task_3 2020-02-22T00:00:00+00:00 [queued]>
[2021-06-25 09:17:41,665] {taskinstance.py:876} INFO - Dependencies all met for <TaskInstance: parallel_dag.task_3 2020-02-22T00:00:00+00:00 [queued]>
[2021-06-25 09:17:41,665] {taskinstance.py:1067} INFO - 
--------------------------------------------------------------------------------
[2021-06-25 09:17:41,665] {taskinstance.py:1068} INFO - Starting attempt 1 of 1
[2021-06-25 09:17:41,666] {taskinstance.py:1069} INFO - 
--------------------------------------------------------------------------------
[2021-06-25 09:17:41,807] {taskinstance.py:1087} INFO - Executing <Task(BashOperator): task_3> on 2020-02-22T00:00:00+00:00
[2021-06-25 09:17:41,872] {standard_task_runner.py:52} INFO - Started process 5342 to run task
[2021-06-25 09:17:42,016] {standard_task_runner.py:76} INFO - Running: ['airflow', 'tasks', 'run', 'parallel_dag', 'task_3', '2020-02-22T00:00:00+00:00', '--job-id', '224', '--pool', 'default_pool', '--raw', '--subdir', 'DAGS_FOLDER/parallel_dag.py', '--cfg-path', '/tmp/tmpe32gjtbw', '--error-file', '/tmp/tmphketkfvl']
[2021-06-25 09:17:42,017] {standard_task_runner.py:77} INFO - Job 224: Subtask task_3
[2021-06-25 09:17:43,261] {logging_mixin.py:104} INFO - Running <TaskInstance: parallel_dag.task_3 2020-02-22T00:00:00+00:00 [running]> on host airflowvm
[2021-06-25 09:17:44,221] {taskinstance.py:1280} INFO - Exporting the following env vars:
AIRFLOW_CTX_DAG_OWNER=airflow
AIRFLOW_CTX_DAG_ID=parallel_dag
AIRFLOW_CTX_TASK_ID=task_3
AIRFLOW_CTX_EXECUTION_DATE=2020-02-22T00:00:00+00:00
AIRFLOW_CTX_DAG_RUN_ID=scheduled__2020-02-22T00:00:00+00:00
[2021-06-25 09:17:44,222] {subprocess.py:52} INFO - Tmp dir root location: 
 /tmp
[2021-06-25 09:17:44,233] {subprocess.py:63} INFO - Running command: ['bash', '-c', 'sleep 3']
[2021-06-25 09:17:44,362] {subprocess.py:75} INFO - Output:
[2021-06-25 09:17:47,413] {subprocess.py:83} INFO - Command exited with return code 0
[2021-06-25 09:17:47,859] {taskinstance.py:1184} INFO - Marking task as SUCCESS. dag_id=parallel_dag, task_id=task_3, execution_date=20200222T000000, start_date=20210625T091741, end_date=20210625T091747
[2021-06-25 09:17:49,790] {taskinstance.py:1245} INFO - 0 downstream tasks scheduled from follow-on schedule check
[2021-06-25 09:17:49,952] {local_task_job.py:151} INFO - Task exited with return code 0
