[2021-06-25 09:20:13,586] {taskinstance.py:876} INFO - Dependencies all met for <TaskInstance: parallel_dag.task_2 2021-06-24T00:00:00+00:00 [queued]>
[2021-06-25 09:20:13,782] {taskinstance.py:876} INFO - Dependencies all met for <TaskInstance: parallel_dag.task_2 2021-06-24T00:00:00+00:00 [queued]>
[2021-06-25 09:20:13,783] {taskinstance.py:1067} INFO - 
--------------------------------------------------------------------------------
[2021-06-25 09:20:13,784] {taskinstance.py:1068} INFO - Starting attempt 1 of 1
[2021-06-25 09:20:13,785] {taskinstance.py:1069} INFO - 
--------------------------------------------------------------------------------
[2021-06-25 09:20:13,824] {taskinstance.py:1087} INFO - Executing <Task(BashOperator): task_2> on 2021-06-24T00:00:00+00:00
[2021-06-25 09:20:13,915] {standard_task_runner.py:52} INFO - Started process 9651 to run task
[2021-06-25 09:20:13,934] {standard_task_runner.py:76} INFO - Running: ['airflow', 'tasks', 'run', 'parallel_dag', 'task_2', '2021-06-24T00:00:00+00:00', '--job-id', '349', '--pool', 'default_pool', '--raw', '--subdir', 'DAGS_FOLDER/parallel_dag.py', '--cfg-path', '/tmp/tmpfgjsszh4', '--error-file', '/tmp/tmpi5o8e815']
[2021-06-25 09:20:13,970] {standard_task_runner.py:77} INFO - Job 349: Subtask task_2
[2021-06-25 09:20:14,580] {logging_mixin.py:104} INFO - Running <TaskInstance: parallel_dag.task_2 2021-06-24T00:00:00+00:00 [running]> on host airflowvm
[2021-06-25 09:20:15,086] {taskinstance.py:1280} INFO - Exporting the following env vars:
AIRFLOW_CTX_DAG_OWNER=airflow
AIRFLOW_CTX_DAG_ID=parallel_dag
AIRFLOW_CTX_TASK_ID=task_2
AIRFLOW_CTX_EXECUTION_DATE=2021-06-24T00:00:00+00:00
AIRFLOW_CTX_DAG_RUN_ID=scheduled__2021-06-24T00:00:00+00:00
[2021-06-25 09:20:15,108] {subprocess.py:52} INFO - Tmp dir root location: 
 /tmp
[2021-06-25 09:20:15,109] {subprocess.py:63} INFO - Running command: ['bash', '-c', 'sleep 3']
[2021-06-25 09:20:15,151] {subprocess.py:75} INFO - Output:
[2021-06-25 09:20:18,184] {subprocess.py:83} INFO - Command exited with return code 0
[2021-06-25 09:20:18,460] {taskinstance.py:1184} INFO - Marking task as SUCCESS. dag_id=parallel_dag, task_id=task_2, execution_date=20210624T000000, start_date=20210625T092013, end_date=20210625T092018
[2021-06-25 09:20:18,803] {taskinstance.py:1245} INFO - 1 downstream tasks scheduled from follow-on schedule check
[2021-06-25 09:20:18,926] {local_task_job.py:151} INFO - Task exited with return code 0
