[2021-06-25 09:35:11,808] {taskinstance.py:876} INFO - Dependencies all met for <TaskInstance: parallel_dag.task_2 2021-06-24T00:00:00+00:00 [queued]>
[2021-06-25 09:35:11,832] {taskinstance.py:876} INFO - Dependencies all met for <TaskInstance: parallel_dag.task_2 2021-06-24T00:00:00+00:00 [queued]>
[2021-06-25 09:35:11,832] {taskinstance.py:1067} INFO - 
--------------------------------------------------------------------------------
[2021-06-25 09:35:11,832] {taskinstance.py:1068} INFO - Starting attempt 2 of 2
[2021-06-25 09:35:11,832] {taskinstance.py:1069} INFO - 
--------------------------------------------------------------------------------
[2021-06-25 09:35:11,859] {taskinstance.py:1087} INFO - Executing <Task(BashOperator): task_2> on 2021-06-24T00:00:00+00:00
[2021-06-25 09:35:11,866] {standard_task_runner.py:52} INFO - Started process 14567 to run task
[2021-06-25 09:35:11,900] {standard_task_runner.py:76} INFO - Running: ['airflow', 'tasks', 'run', 'parallel_dag', 'task_2', '2021-06-24T00:00:00+00:00', '--job-id', '360', '--pool', 'default_pool', '--raw', '--subdir', 'DAGS_FOLDER/parallel_dag.py', '--cfg-path', '/tmp/tmps_kho4s0', '--error-file', '/tmp/tmp0ckqpm_o']
[2021-06-25 09:35:11,901] {standard_task_runner.py:77} INFO - Job 360: Subtask task_2
[2021-06-25 09:35:12,064] {logging_mixin.py:104} INFO - Running <TaskInstance: parallel_dag.task_2 2021-06-24T00:00:00+00:00 [running]> on host airflowvm
[2021-06-25 09:35:12,236] {taskinstance.py:1280} INFO - Exporting the following env vars:
AIRFLOW_CTX_DAG_OWNER=airflow
AIRFLOW_CTX_DAG_ID=parallel_dag
AIRFLOW_CTX_TASK_ID=task_2
AIRFLOW_CTX_EXECUTION_DATE=2021-06-24T00:00:00+00:00
AIRFLOW_CTX_DAG_RUN_ID=scheduled__2021-06-24T00:00:00+00:00
[2021-06-25 09:35:12,237] {subprocess.py:52} INFO - Tmp dir root location: 
 /tmp
[2021-06-25 09:35:12,238] {subprocess.py:63} INFO - Running command: ['bash', '-c', 'sleep 3']
[2021-06-25 09:35:12,252] {subprocess.py:75} INFO - Output:
[2021-06-25 09:35:15,255] {subprocess.py:83} INFO - Command exited with return code 0
[2021-06-25 09:35:15,368] {taskinstance.py:1184} INFO - Marking task as SUCCESS. dag_id=parallel_dag, task_id=task_2, execution_date=20210624T000000, start_date=20210625T093511, end_date=20210625T093515
[2021-06-25 09:35:15,467] {taskinstance.py:1245} INFO - 0 downstream tasks scheduled from follow-on schedule check
[2021-06-25 09:35:15,480] {local_task_job.py:151} INFO - Task exited with return code 0
