[2021-06-29 16:26:58,991] {taskinstance.py:876} INFO - Dependencies all met for <TaskInstance: open_aq.create_table 2021-06-29T16:26:48.802715+00:00 [queued]>
[2021-06-29 16:26:59,068] {taskinstance.py:876} INFO - Dependencies all met for <TaskInstance: open_aq.create_table 2021-06-29T16:26:48.802715+00:00 [queued]>
[2021-06-29 16:26:59,069] {taskinstance.py:1067} INFO - 
--------------------------------------------------------------------------------
[2021-06-29 16:26:59,070] {taskinstance.py:1068} INFO - Starting attempt 1 of 1
[2021-06-29 16:26:59,073] {taskinstance.py:1069} INFO - 
--------------------------------------------------------------------------------
[2021-06-29 16:26:59,115] {taskinstance.py:1087} INFO - Executing <Task(PostgresOperator): create_table> on 2021-06-29T16:26:48.802715+00:00
[2021-06-29 16:26:59,125] {standard_task_runner.py:52} INFO - Started process 35150 to run task
[2021-06-29 16:26:59,139] {standard_task_runner.py:76} INFO - Running: ['airflow', 'tasks', 'run', 'open_aq', 'create_table', '2021-06-29T16:26:48.802715+00:00', '--job-id', '663', '--pool', 'default_pool', '--raw', '--subdir', 'DAGS_FOLDER/open_aq.py', '--cfg-path', '/tmp/tmp0tm6buqr', '--error-file', '/tmp/tmp65unx8th']
[2021-06-29 16:26:59,141] {standard_task_runner.py:77} INFO - Job 663: Subtask create_table
[2021-06-29 16:26:59,280] {logging_mixin.py:104} INFO - Running <TaskInstance: open_aq.create_table 2021-06-29T16:26:48.802715+00:00 [running]> on host airflowvm
[2021-06-29 16:26:59,446] {taskinstance.py:1280} INFO - Exporting the following env vars:
AIRFLOW_CTX_DAG_OWNER=airflow
AIRFLOW_CTX_DAG_ID=open_aq
AIRFLOW_CTX_TASK_ID=create_table
AIRFLOW_CTX_EXECUTION_DATE=2021-06-29T16:26:48.802715+00:00
AIRFLOW_CTX_DAG_RUN_ID=manual__2021-06-29T16:26:48.802715+00:00
[2021-06-29 16:26:59,448] {postgres.py:68} INFO - Executing: CREATE TABLE open_aq (
                                        city VARCHAR not null primary key,
                                        country VARCHAR not null,
                                        count INT not null,
                                        parameters TEXT []);
[2021-06-29 16:26:59,473] {base.py:69} INFO - Using connection to: id: ***_default. Host: localhost, Port: 5432, Schema: , Login: ***, Password: ***, extra: {'cursor': 'realdictcursor'}
[2021-06-29 16:26:59,485] {dbapi.py:204} INFO - Running statement: CREATE TABLE open_aq (
                                        city VARCHAR not null primary key,
                                        country VARCHAR not null,
                                        count INT not null,
                                        parameters TEXT []);, parameters: None
[2021-06-29 16:26:59,547] {taskinstance.py:1184} INFO - Marking task as SUCCESS. dag_id=open_aq, task_id=create_table, execution_date=20210629T162648, start_date=20210629T162658, end_date=20210629T162659
[2021-06-29 16:26:59,731] {taskinstance.py:1245} INFO - 1 downstream tasks scheduled from follow-on schedule check
[2021-06-29 16:26:59,794] {local_task_job.py:151} INFO - Task exited with return code 0
