[2021-06-24 17:05:57,149] {taskinstance.py:876} INFO - Dependencies all met for <TaskInstance: parallel_dag.task_2 2020-01-27T00:00:00+00:00 [queued]>
[2021-06-24 17:05:57,566] {taskinstance.py:876} INFO - Dependencies all met for <TaskInstance: parallel_dag.task_2 2020-01-27T00:00:00+00:00 [queued]>
[2021-06-24 17:05:57,566] {taskinstance.py:1067} INFO - 
--------------------------------------------------------------------------------
[2021-06-24 17:05:57,566] {taskinstance.py:1068} INFO - Starting attempt 1 of 1
[2021-06-24 17:05:57,567] {taskinstance.py:1069} INFO - 
--------------------------------------------------------------------------------
[2021-06-24 17:05:57,835] {taskinstance.py:1087} INFO - Executing <Task(BashOperator): task_2> on 2020-01-27T00:00:00+00:00
[2021-06-24 17:05:57,933] {standard_task_runner.py:52} INFO - Started process 12003 to run task
[2021-06-24 17:05:58,058] {standard_task_runner.py:76} INFO - Running: ['airflow', 'tasks', 'run', 'parallel_dag', 'task_2', '2020-01-27T00:00:00+00:00', '--job-id', '105', '--pool', 'default_pool', '--raw', '--subdir', 'DAGS_FOLDER/parallel_dag.py', '--cfg-path', '/tmp/tmptc0bxbm_', '--error-file', '/tmp/tmpdlshhgno']
[2021-06-24 17:05:58,093] {standard_task_runner.py:77} INFO - Job 105: Subtask task_2
[2021-06-24 17:05:59,537] {logging_mixin.py:104} INFO - Running <TaskInstance: parallel_dag.task_2 2020-01-27T00:00:00+00:00 [running]> on host airflowvm
[2021-06-24 17:06:00,446] {taskinstance.py:1280} INFO - Exporting the following env vars:
AIRFLOW_CTX_DAG_OWNER=airflow
AIRFLOW_CTX_DAG_ID=parallel_dag
AIRFLOW_CTX_TASK_ID=task_2
AIRFLOW_CTX_EXECUTION_DATE=2020-01-27T00:00:00+00:00
AIRFLOW_CTX_DAG_RUN_ID=scheduled__2020-01-27T00:00:00+00:00
[2021-06-24 17:06:00,447] {subprocess.py:52} INFO - Tmp dir root location: 
 /tmp
[2021-06-24 17:06:00,447] {subprocess.py:63} INFO - Running command: ['bash', '-c', 'sleep 3']
[2021-06-24 17:06:00,563] {subprocess.py:75} INFO - Output:
[2021-06-24 17:06:03,615] {subprocess.py:83} INFO - Command exited with return code 0
[2021-06-24 17:06:03,990] {taskinstance.py:1184} INFO - Marking task as SUCCESS. dag_id=parallel_dag, task_id=task_2, execution_date=20200127T000000, start_date=20210624T170557, end_date=20210624T170603
[2021-06-24 17:06:05,586] {taskinstance.py:1245} INFO - 0 downstream tasks scheduled from follow-on schedule check
[2021-06-24 17:06:05,813] {local_task_job.py:151} INFO - Task exited with return code 0
