[2021-07-02 15:30:39,040] {taskinstance.py:876} INFO - Dependencies all met for <TaskInstance: get_patients.write_users 2021-07-02T15:29:01.605298+00:00 [queued]>
[2021-07-02 15:30:39,056] {taskinstance.py:876} INFO - Dependencies all met for <TaskInstance: get_patients.write_users 2021-07-02T15:29:01.605298+00:00 [queued]>
[2021-07-02 15:30:39,057] {taskinstance.py:1067} INFO - 
--------------------------------------------------------------------------------
[2021-07-02 15:30:39,057] {taskinstance.py:1068} INFO - Starting attempt 2 of 2
[2021-07-02 15:30:39,057] {taskinstance.py:1069} INFO - 
--------------------------------------------------------------------------------
[2021-07-02 15:30:39,090] {taskinstance.py:1087} INFO - Executing <Task(PythonOperator): write_users> on 2021-07-02T15:29:01.605298+00:00
[2021-07-02 15:30:39,098] {standard_task_runner.py:52} INFO - Started process 14274 to run task
[2021-07-02 15:30:39,107] {standard_task_runner.py:76} INFO - Running: ['airflow', 'tasks', 'run', 'get_patients', 'write_users', '2021-07-02T15:29:01.605298+00:00', '--job-id', '1104', '--pool', 'default_pool', '--raw', '--subdir', 'DAGS_FOLDER/get_Data_Patient.py', '--cfg-path', '/tmp/tmpxwvhze3y', '--error-file', '/tmp/tmpk9o92umy']
[2021-07-02 15:30:39,109] {standard_task_runner.py:77} INFO - Job 1104: Subtask write_users
[2021-07-02 15:30:39,208] {logging_mixin.py:104} INFO - Running <TaskInstance: get_patients.write_users 2021-07-02T15:29:01.605298+00:00 [running]> on host airflowvm
[2021-07-02 15:30:39,322] {taskinstance.py:1280} INFO - Exporting the following env vars:
AIRFLOW_CTX_DAG_OWNER=airflow
AIRFLOW_CTX_DAG_ID=get_patients
AIRFLOW_CTX_TASK_ID=write_users
AIRFLOW_CTX_EXECUTION_DATE=2021-07-02T15:29:01.605298+00:00
AIRFLOW_CTX_DAG_RUN_ID=manual__2021-07-02T15:29:01.605298+00:00
[2021-07-02 15:30:39,343] {logging_mixin.py:104} INFO - Users after load: [{'id': 4718, 'uid': '404d86a4-6138-4d86-87ed-5efbc2561cf9', 'medical_history': {}, 'user_id': '502c3cfb-2b79-4131-ad46-722e2d470a3b', 'birthdate': '1930-08-01', 'sex': 'M', 'created_at': '2021-03-30T09:50:38.662702+00:00', 'deleted_at': {}, 'updated_at': '2021-04-12T16:55:42.865377+00:00', 'is_test': False}, {'id': 4727, 'uid': '57fc6ce3-5c5f-4811-b978-e58782716cda', 'medical_history': {}, 'user_id': '6a202726-9d80-46ac-9ff0-edd0940ea479', 'birthdate': '1947-03-15', 'sex': 'F', 'created_at': '2021-03-30T18:14:20.305891+00:00', 'deleted_at': {}, 'updated_at': '2021-04-12T16:55:42.86945+00:00', 'is_test': False}, {'id': 4732, 'uid': '23576b5e-afef-4e81-a396-9231fd78ae6c', 'medical_history': {}, 'user_id': 'a8dc27dc-ac02-402d-bb4a-895da7bc5543', 'birthdate': '1946-10-05', 'sex': 'M', 'created_at': '2021-03-31T08:21:09.704906+00:00', 'deleted_at': {}, 'updated_at': '2021-04-12T16:55:42.873161+00:00', 'is_test': False}, {'id': 4739, 'uid': '86c2100e-8c6b-4f65-b71d-1b4812d0b262', 'medical_history': {}, 'user_id': '81860237-d923-473c-8729-cb3027e729d1', 'birthdate': '1949-12-28', 'sex': 'F', 'created_at': '2021-03-31T10:52:00.988411+00:00', 'deleted_at': {}, 'updated_at': '2021-04-12T16:55:42.877064+00:00', 'is_test': False}, {'id': 4738, 'uid': '0adbe01a-bd30-451c-8c0b-b56703d65c10', 'medical_history': {}, 'user_id': 'd65f04b3-e18f-4f98-a756-70c89bdf9e3c', 'birthdate': '1935-06-24', 'sex': 'F', 'created_at': '2021-03-31T10:29:30.37996+00:00', 'deleted_at': {}, 'updated_at': '2021-04-12T16:55:42.880377+00:00', 'is_test': False}, {'id': 4744, 'uid': 'e0981e7b-fc73-4236-ab2b-1bc0da484f31', 'medical_history': {}, 'user_id': 'cf792456-cb73-4641-9d22-a98b3b61feae', 'birthdate': '1941-01-04', 'sex': 'F', 'created_at': '2021-03-31T13:37:56.774899+00:00', 'deleted_at': {}, 'updated_at': '2021-04-12T16:55:42.883586+00:00', 'is_test': False}, {'id': 4742, 'uid': '11fd8c09-4bf6-4564-84e3-b3c39a47ed2a', 'medical_history': {}, 'user_id': '96b2e81d-9cc1-45f2-9740-f2b13d95d5d0', 'birthdate': '1946-02-20', 'sex': 'F', 'created_at': '2021-03-31T13:13:13.696191+00:00', 'deleted_at': {}, 'updated_at': '2021-04-12T16:55:42.887312+00:00', 'is_test': False}, {'id': 4733, 'uid': '43525ce5-fc52-41e3-89a4-edd9cd1c80fa', 'medical_history': {}, 'user_id': 'b9259b88-9f8e-4bc2-b9f6-394c411056c7', 'birthdate': '1944-05-12', 'sex': 'F', 'created_at': '2021-03-31T08:46:05.483484+00:00', 'deleted_at': {}, 'updated_at': '2021-04-12T16:55:42.890677+00:00', 'is_test': False}, {'id': 4743, 'uid': '638bd5f6-9abc-42fc-8a35-d96f174442ba', 'medical_history': {}, 'user_id': '050e7230-7e00-49b5-95b4-845c19c244af', 'birthdate': '1942-12-13', 'sex': 'F', 'created_at': '2021-03-31T13:27:18.446598+00:00', 'deleted_at': {}, 'updated_at': '2021-04-12T16:55:42.894036+00:00', 'is_test': False}, {'id': 4749, 'uid': 'da035b9c-6113-4d07-9a99-317ee37cc1af', 'medical_history': {}, 'user_id': '0b460a9d-7ef6-4a56-8454-1922edee7735', 'birthdate': '1938-11-20', 'sex': 'M', 'created_at': '2021-04-01T08:41:16.800191+00:00', 'deleted_at': {}, 'updated_at': '2021-04-12T16:55:42.897591+00:00', 'is_test': False}, {'id': 4748, 'uid': '0f62378f-bbe5-4e07-a38c-1091c4ae937a', 'medical_history': {}, 'user_id': '6fb487d7-5ae1-4afa-b37d-00c640bbf90f', 'birthdate': '1955-03-20', 'sex': 'F', 'created_at': '2021-04-01T08:20:29.476754+00:00', 'deleted_at': {}, 'updated_at': '2021-04-12T16:55:42.901073+00:00', 'is_test': False}, {'id': 4750, 'uid': '83b558f1-1dd4-4b3e-9aa1-1c1b19631f74', 'medical_history': {}, 'user_id': '0a0c0dfa-045c-4bd0-8a83-f687418c6a84', 'birthdate': '1939-01-20', 'sex': 'F', 'created_at': '2021-04-01T09:12:56.758564+00:00', 'deleted_at': {}, 'updated_at': '2021-04-12T16:55:42.904505+00:00', 'is_test': False}, {'id': 4759, 'uid': '84164ae3-bd06-44e0-99eb-1f75f8a7eb9a', 'medical_history': {}, 'user_id': '1f614ffe-c53c-4b1b-8751-4eb3654440ed', 'birthdate': '1933-06-15', 'sex': 'F', 'created_at': '2021-04-05T09:00:33.033156+00:00', 'deleted_at': {}, 'updated_at': '2021-04-12T16:55:42.907641+00:00', 'is_test': False}, {'id': 4761, 'uid': 'b01f7187-1b79-4bb8-b40d-c769ad9d4a2f', 'medical_history': {}, 'user_id': '75377f51-793a-4a35-b391-995131d5f3d6', 'birthdate': '1948-12-10', 'sex': 'M', 'created_at': '2021-04-05T09:16:08.653555+00:00', 'deleted_at': {}, 'updated_at': '2021-04-12T16:55:42.910982+00:00', 'is_test': False}, {'id': 4768, 'uid': '4779ec41-15c2-454b-9b34-95feb991a989', 'medical_history': {}, 'user_id': 'b3fbf046-d868-431d-92fb-0721fc43c799', 'birthdate': '1940-05-17', 'sex': 'M', 'created_at': '2021-04-05T13:20:49.910561+00:00', 'deleted_at': {}, 'updated_at': '2021-04-12T16:55:42.914173+00:00', 'is_test': False}, {'id': 4769, 'uid': 'b378cbea-9302-4714-b88b-17ef55287fd8', 'medical_history': {}, 'user_id': '2ffd1451-df91-4a8e-bc7c-5b6938228b86', 'birthdate': '1942-12-13', 'sex': 'F', 'created_at': '2021-04-05T13:33:11.139132+00:00', 'deleted_at': {}, 'updated_at': '2021-04-12T16:55:42.91729+00:00', 'is_test': False}, {'id': 4774, 'uid': '1e463140-2036-4a3d-b7dd-39478c12af3a', 'medical_history': {}, 'user_id': 'be571167-c5c3-4858-926d-1f4937e657f1', 'birthdate': '1947-09-05', 'sex': 'F', 'created_at': '2021-04-05T14:34:18.947615+00:00', 'deleted_at': {}, 'updated_at': '2021-04-12T16:55:42.92067+00:00', 'is_test': False}, {'id': 4758, 'uid': '13366742-4041-4b31-aab2-e9b20cf8e9b0', 'medical_history': {}, 'user_id': 'ae783352-e7ab-4e7c-bac6-a131765b7677', 'birthdate': '1946-09-10', 'sex': 'F', 'created_at': '2021-04-05T08:36:52.650024+00:00', 'deleted_at': {}, 'updated_at': '2021-04-12T16:55:42.924238+00:00', 'is_test': False}, {'id': 4775, 'uid': 'd6b33821-6971-4e79-b94d-ddad8a588801', 'medical_history': {}, 'user_id': '2b0a113a-681a-4603-9ef5-d5fb1643e99a', 'birthdate': '1940-01-01', 'sex': 'M', 'created_at': '2021-04-05T21:34:37.824105+00:00', 'deleted_at': {}, 'updated_at': '2021-04-12T16:55:42.927461+00:00', 'is_test': False}, {'id': 4776, 'uid': '44c1b55f-d9ef-423c-9763-d30370369632', 'medical_history': {}, 'user_id': 'e218d00c-1918-4b32-a95b-8540042b04b1', 'birthdate': '1931-09-05', 'sex': 'M', 'created_at': '2021-04-06T08:46:07.570249+00:00', 'deleted_at': {}, 'updated_at': '2021-04-12T16:55:42.93163+00:00', 'is_test': False}]
[2021-07-02 15:30:39,401] {logging_mixin.py:104} INFO - Users dataframe       id                                   uid  ...                        updated_at is_test
0   4718  404d86a4-6138-4d86-87ed-5efbc2561cf9  ...  2021-04-12T16:55:42.865377+00:00   False
1   4727  57fc6ce3-5c5f-4811-b978-e58782716cda  ...   2021-04-12T16:55:42.86945+00:00   False
2   4732  23576b5e-afef-4e81-a396-9231fd78ae6c  ...  2021-04-12T16:55:42.873161+00:00   False
3   4739  86c2100e-8c6b-4f65-b71d-1b4812d0b262  ...  2021-04-12T16:55:42.877064+00:00   False
4   4738  0adbe01a-bd30-451c-8c0b-b56703d65c10  ...  2021-04-12T16:55:42.880377+00:00   False
5   4744  e0981e7b-fc73-4236-ab2b-1bc0da484f31  ...  2021-04-12T16:55:42.883586+00:00   False
6   4742  11fd8c09-4bf6-4564-84e3-b3c39a47ed2a  ...  2021-04-12T16:55:42.887312+00:00   False
7   4733  43525ce5-fc52-41e3-89a4-edd9cd1c80fa  ...  2021-04-12T16:55:42.890677+00:00   False
8   4743  638bd5f6-9abc-42fc-8a35-d96f174442ba  ...  2021-04-12T16:55:42.894036+00:00   False
9   4749  da035b9c-6113-4d07-9a99-317ee37cc1af  ...  2021-04-12T16:55:42.897591+00:00   False
10  4748  0f62378f-bbe5-4e07-a38c-1091c4ae937a  ...  2021-04-12T16:55:42.901073+00:00   False
11  4750  83b558f1-1dd4-4b3e-9aa1-1c1b19631f74  ...  2021-04-12T16:55:42.904505+00:00   False
12  4759  84164ae3-bd06-44e0-99eb-1f75f8a7eb9a  ...  2021-04-12T16:55:42.907641+00:00   False
13  4761  b01f7187-1b79-4bb8-b40d-c769ad9d4a2f  ...  2021-04-12T16:55:42.910982+00:00   False
14  4768  4779ec41-15c2-454b-9b34-95feb991a989  ...  2021-04-12T16:55:42.914173+00:00   False
15  4769  b378cbea-9302-4714-b88b-17ef55287fd8  ...   2021-04-12T16:55:42.91729+00:00   False
16  4774  1e463140-2036-4a3d-b7dd-39478c12af3a  ...   2021-04-12T16:55:42.92067+00:00   False
17  4758  13366742-4041-4b31-aab2-e9b20cf8e9b0  ...  2021-04-12T16:55:42.924238+00:00   False
18  4775  d6b33821-6971-4e79-b94d-ddad8a588801  ...  2021-04-12T16:55:42.927461+00:00   False
19  4776  44c1b55f-d9ef-423c-9763-d30370369632  ...   2021-04-12T16:55:42.93163+00:00   False

[20 rows x 8 columns]
[2021-07-02 15:30:39,407] {python.py:151} INFO - Done. Returned value was: None
[2021-07-02 15:30:39,426] {taskinstance.py:1184} INFO - Marking task as SUCCESS. dag_id=get_patients, task_id=write_users, execution_date=20210702T152901, start_date=20210702T153039, end_date=20210702T153039
[2021-07-02 15:30:39,476] {taskinstance.py:1245} INFO - 0 downstream tasks scheduled from follow-on schedule check
[2021-07-02 15:30:39,483] {local_task_job.py:151} INFO - Task exited with return code 0
