[2021-06-24 17:05:46,932] {taskinstance.py:876} INFO - Dependencies all met for <TaskInstance: parallel_dag.task_3 2020-01-24T00:00:00+00:00 [queued]>
[2021-06-24 17:05:47,355] {taskinstance.py:876} INFO - Dependencies all met for <TaskInstance: parallel_dag.task_3 2020-01-24T00:00:00+00:00 [queued]>
[2021-06-24 17:05:47,355] {taskinstance.py:1067} INFO - 
--------------------------------------------------------------------------------
[2021-06-24 17:05:47,356] {taskinstance.py:1068} INFO - Starting attempt 1 of 1
[2021-06-24 17:05:47,446] {taskinstance.py:1069} INFO - 
--------------------------------------------------------------------------------
[2021-06-24 17:05:48,026] {taskinstance.py:1087} INFO - Executing <Task(BashOperator): task_3> on 2020-01-24T00:00:00+00:00
[2021-06-24 17:05:48,235] {standard_task_runner.py:52} INFO - Started process 11694 to run task
[2021-06-24 17:05:48,516] {standard_task_runner.py:76} INFO - Running: ['airflow', 'tasks', 'run', 'parallel_dag', 'task_3', '2020-01-24T00:00:00+00:00', '--job-id', '95', '--pool', 'default_pool', '--raw', '--subdir', 'DAGS_FOLDER/parallel_dag.py', '--cfg-path', '/tmp/tmp6l2lxzmk', '--error-file', '/tmp/tmpb8fb3k7i']
[2021-06-24 17:05:48,548] {standard_task_runner.py:77} INFO - Job 95: Subtask task_3
[2021-06-24 17:05:49,593] {logging_mixin.py:104} INFO - Running <TaskInstance: parallel_dag.task_3 2020-01-24T00:00:00+00:00 [running]> on host airflowvm
[2021-06-24 17:05:50,757] {taskinstance.py:1280} INFO - Exporting the following env vars:
AIRFLOW_CTX_DAG_OWNER=airflow
AIRFLOW_CTX_DAG_ID=parallel_dag
AIRFLOW_CTX_TASK_ID=task_3
AIRFLOW_CTX_EXECUTION_DATE=2020-01-24T00:00:00+00:00
AIRFLOW_CTX_DAG_RUN_ID=scheduled__2020-01-24T00:00:00+00:00
[2021-06-24 17:05:50,761] {subprocess.py:52} INFO - Tmp dir root location: 
 /tmp
[2021-06-24 17:05:50,762] {subprocess.py:63} INFO - Running command: ['bash', '-c', 'sleep 3']
[2021-06-24 17:05:50,893] {subprocess.py:75} INFO - Output:
[2021-06-24 17:05:53,897] {subprocess.py:83} INFO - Command exited with return code 0
[2021-06-24 17:05:54,494] {taskinstance.py:1184} INFO - Marking task as SUCCESS. dag_id=parallel_dag, task_id=task_3, execution_date=20200124T000000, start_date=20210624T170546, end_date=20210624T170554
[2021-06-24 17:05:55,942] {taskinstance.py:1245} INFO - 0 downstream tasks scheduled from follow-on schedule check
[2021-06-24 17:05:56,006] {local_task_job.py:151} INFO - Task exited with return code 0
