[2021-06-25 13:57:08,365] {taskinstance.py:876} INFO - Dependencies all met for <TaskInstance: xcom_dag.downloading_data 2021-06-25T13:57:06.549482+00:00 [queued]>
[2021-06-25 13:57:08,510] {taskinstance.py:876} INFO - Dependencies all met for <TaskInstance: xcom_dag.downloading_data 2021-06-25T13:57:06.549482+00:00 [queued]>
[2021-06-25 13:57:08,512] {taskinstance.py:1067} INFO - 
--------------------------------------------------------------------------------
[2021-06-25 13:57:08,515] {taskinstance.py:1068} INFO - Starting attempt 1 of 1
[2021-06-25 13:57:08,519] {taskinstance.py:1069} INFO - 
--------------------------------------------------------------------------------
[2021-06-25 13:57:08,736] {taskinstance.py:1087} INFO - Executing <Task(BashOperator): downloading_data> on 2021-06-25T13:57:06.549482+00:00
[2021-06-25 13:57:08,759] {standard_task_runner.py:52} INFO - Started process 5199 to run task
[2021-06-25 13:57:08,882] {standard_task_runner.py:76} INFO - Running: ['airflow', 'tasks', 'run', 'xcom_dag', 'downloading_data', '2021-06-25T13:57:06.549482+00:00', '--job-id', '437', '--pool', 'default_pool', '--raw', '--subdir', 'DAGS_FOLDER/xcom_dag.py', '--cfg-path', '/tmp/tmp4wuvuvai', '--error-file', '/tmp/tmpne_07dh7']
[2021-06-25 13:57:08,904] {standard_task_runner.py:77} INFO - Job 437: Subtask downloading_data
[2021-06-25 13:57:09,452] {logging_mixin.py:104} INFO - Running <TaskInstance: xcom_dag.downloading_data 2021-06-25T13:57:06.549482+00:00 [running]> on host airflowvm
[2021-06-25 13:57:09,841] {taskinstance.py:1280} INFO - Exporting the following env vars:
AIRFLOW_CTX_DAG_OWNER=airflow
AIRFLOW_CTX_DAG_ID=xcom_dag
AIRFLOW_CTX_TASK_ID=downloading_data
AIRFLOW_CTX_EXECUTION_DATE=2021-06-25T13:57:06.549482+00:00
AIRFLOW_CTX_DAG_RUN_ID=manual__2021-06-25T13:57:06.549482+00:00
[2021-06-25 13:57:09,855] {subprocess.py:52} INFO - Tmp dir root location: 
 /tmp
[2021-06-25 13:57:09,861] {subprocess.py:63} INFO - Running command: ['bash', '-c', 'sleep 3']
[2021-06-25 13:57:09,883] {subprocess.py:75} INFO - Output:
[2021-06-25 13:57:12,890] {subprocess.py:83} INFO - Command exited with return code 0
[2021-06-25 13:57:12,921] {taskinstance.py:1184} INFO - Marking task as SUCCESS. dag_id=xcom_dag, task_id=downloading_data, execution_date=20210625T135706, start_date=20210625T135708, end_date=20210625T135712
[2021-06-25 13:57:12,985] {taskinstance.py:1245} INFO - 3 downstream tasks scheduled from follow-on schedule check
[2021-06-25 13:57:13,023] {local_task_job.py:151} INFO - Task exited with return code 0
