[2021-06-24 17:06:28,869] {taskinstance.py:876} INFO - Dependencies all met for <TaskInstance: parallel_dag.task_4 2020-01-29T00:00:00+00:00 [queued]>
[2021-06-24 17:06:29,315] {taskinstance.py:876} INFO - Dependencies all met for <TaskInstance: parallel_dag.task_4 2020-01-29T00:00:00+00:00 [queued]>
[2021-06-24 17:06:29,326] {taskinstance.py:1067} INFO - 
--------------------------------------------------------------------------------
[2021-06-24 17:06:29,332] {taskinstance.py:1068} INFO - Starting attempt 1 of 1
[2021-06-24 17:06:29,337] {taskinstance.py:1069} INFO - 
--------------------------------------------------------------------------------
[2021-06-24 17:06:29,638] {taskinstance.py:1087} INFO - Executing <Task(BashOperator): task_4> on 2020-01-29T00:00:00+00:00
[2021-06-24 17:06:29,671] {standard_task_runner.py:52} INFO - Started process 12802 to run task
[2021-06-24 17:06:29,858] {standard_task_runner.py:76} INFO - Running: ['airflow', 'tasks', 'run', 'parallel_dag', 'task_4', '2020-01-29T00:00:00+00:00', '--job-id', '125', '--pool', 'default_pool', '--raw', '--subdir', 'DAGS_FOLDER/parallel_dag.py', '--cfg-path', '/tmp/tmpu5ukaogv', '--error-file', '/tmp/tmpws_selwk']
[2021-06-24 17:06:29,904] {standard_task_runner.py:77} INFO - Job 125: Subtask task_4
[2021-06-24 17:06:30,733] {logging_mixin.py:104} INFO - Running <TaskInstance: parallel_dag.task_4 2020-01-29T00:00:00+00:00 [running]> on host airflowvm
[2021-06-24 17:06:31,551] {taskinstance.py:1280} INFO - Exporting the following env vars:
AIRFLOW_CTX_DAG_OWNER=airflow
AIRFLOW_CTX_DAG_ID=parallel_dag
AIRFLOW_CTX_TASK_ID=task_4
AIRFLOW_CTX_EXECUTION_DATE=2020-01-29T00:00:00+00:00
AIRFLOW_CTX_DAG_RUN_ID=scheduled__2020-01-29T00:00:00+00:00
[2021-06-24 17:06:31,590] {subprocess.py:52} INFO - Tmp dir root location: 
 /tmp
[2021-06-24 17:06:31,592] {subprocess.py:63} INFO - Running command: ['bash', '-c', 'sleep 3']
[2021-06-24 17:06:31,722] {subprocess.py:75} INFO - Output:
[2021-06-24 17:06:34,758] {subprocess.py:83} INFO - Command exited with return code 0
[2021-06-24 17:06:34,860] {taskinstance.py:1184} INFO - Marking task as SUCCESS. dag_id=parallel_dag, task_id=task_4, execution_date=20200129T000000, start_date=20210624T170628, end_date=20210624T170634
[2021-06-24 17:06:35,026] {local_task_job.py:196} WARNING - State of this instance has been externally set to success. Terminating instance.
[2021-06-24 17:06:35,053] {process_utils.py:100} INFO - Sending Signals.SIGTERM to GPID 12802
[2021-06-24 17:06:35,191] {taskinstance.py:1264} ERROR - Received SIGTERM. Terminating subprocesses.
[2021-06-24 17:06:35,192] {subprocess.py:89} INFO - Sending SIGTERM signal to process group
[2021-06-24 17:06:35,206] {process_utils.py:66} INFO - Process psutil.Process(pid=12802, status='terminated', exitcode=1, started='17:06:28') (12802) terminated with exit code 1
