[2021-06-25 09:19:01,973] {taskinstance.py:876} INFO - Dependencies all met for <TaskInstance: parallel_dag.task_4 2020-03-06T00:00:00+00:00 [queued]>
[2021-06-25 09:19:02,281] {taskinstance.py:876} INFO - Dependencies all met for <TaskInstance: parallel_dag.task_4 2020-03-06T00:00:00+00:00 [queued]>
[2021-06-25 09:19:02,282] {taskinstance.py:1067} INFO - 
--------------------------------------------------------------------------------
[2021-06-25 09:19:02,283] {taskinstance.py:1068} INFO - Starting attempt 1 of 1
[2021-06-25 09:19:02,283] {taskinstance.py:1069} INFO - 
--------------------------------------------------------------------------------
[2021-06-25 09:19:02,463] {taskinstance.py:1087} INFO - Executing <Task(BashOperator): task_4> on 2020-03-06T00:00:00+00:00
[2021-06-25 09:19:02,508] {standard_task_runner.py:52} INFO - Started process 7699 to run task
[2021-06-25 09:19:02,666] {standard_task_runner.py:76} INFO - Running: ['airflow', 'tasks', 'run', 'parallel_dag', 'task_4', '2020-03-06T00:00:00+00:00', '--job-id', '293', '--pool', 'default_pool', '--raw', '--subdir', 'DAGS_FOLDER/parallel_dag.py', '--cfg-path', '/tmp/tmp68fg_a9_', '--error-file', '/tmp/tmprzh_ghml']
[2021-06-25 09:19:02,724] {standard_task_runner.py:77} INFO - Job 293: Subtask task_4
[2021-06-25 09:19:04,431] {logging_mixin.py:104} INFO - Running <TaskInstance: parallel_dag.task_4 2020-03-06T00:00:00+00:00 [running]> on host airflowvm
[2021-06-25 09:19:05,824] {taskinstance.py:1280} INFO - Exporting the following env vars:
AIRFLOW_CTX_DAG_OWNER=airflow
AIRFLOW_CTX_DAG_ID=parallel_dag
AIRFLOW_CTX_TASK_ID=task_4
AIRFLOW_CTX_EXECUTION_DATE=2020-03-06T00:00:00+00:00
AIRFLOW_CTX_DAG_RUN_ID=scheduled__2020-03-06T00:00:00+00:00
[2021-06-25 09:19:05,826] {subprocess.py:52} INFO - Tmp dir root location: 
 /tmp
[2021-06-25 09:19:05,827] {subprocess.py:63} INFO - Running command: ['bash', '-c', 'sleep 3']
[2021-06-25 09:19:05,974] {subprocess.py:75} INFO - Output:
[2021-06-25 09:19:09,016] {subprocess.py:83} INFO - Command exited with return code 0
[2021-06-25 09:19:09,585] {taskinstance.py:1184} INFO - Marking task as SUCCESS. dag_id=parallel_dag, task_id=task_4, execution_date=20200306T000000, start_date=20210625T091902, end_date=20210625T091909
[2021-06-25 09:19:10,273] {taskinstance.py:1245} INFO - 0 downstream tasks scheduled from follow-on schedule check
[2021-06-25 09:19:10,465] {local_task_job.py:151} INFO - Task exited with return code 0
