[2021-06-24 16:29:11,707] {taskinstance.py:876} INFO - Dependencies all met for <TaskInstance: parallel_dag.task_1 2020-01-21T00:00:00+00:00 [queued]>
[2021-06-24 16:29:11,724] {taskinstance.py:876} INFO - Dependencies all met for <TaskInstance: parallel_dag.task_1 2020-01-21T00:00:00+00:00 [queued]>
[2021-06-24 16:29:11,724] {taskinstance.py:1067} INFO - 
--------------------------------------------------------------------------------
[2021-06-24 16:29:11,724] {taskinstance.py:1068} INFO - Starting attempt 1 of 1
[2021-06-24 16:29:11,724] {taskinstance.py:1069} INFO - 
--------------------------------------------------------------------------------
[2021-06-24 16:29:11,746] {taskinstance.py:1087} INFO - Executing <Task(BashOperator): task_1> on 2020-01-21T00:00:00+00:00
[2021-06-24 16:29:11,751] {standard_task_runner.py:52} INFO - Started process 2671 to run task
[2021-06-24 16:29:11,758] {standard_task_runner.py:76} INFO - Running: ['airflow', 'tasks', 'run', 'parallel_dag', 'task_1', '2020-01-21T00:00:00+00:00', '--job-id', '118', '--pool', 'default_pool', '--raw', '--subdir', 'DAGS_FOLDER/parallel_dag.py', '--cfg-path', '/tmp/tmpo7jq_jc2', '--error-file', '/tmp/tmp8hjcbxsc']
[2021-06-24 16:29:11,759] {standard_task_runner.py:77} INFO - Job 118: Subtask task_1
[2021-06-24 16:29:11,853] {logging_mixin.py:104} INFO - Running <TaskInstance: parallel_dag.task_1 2020-01-21T00:00:00+00:00 [running]> on host airflowvm
[2021-06-24 16:29:11,954] {taskinstance.py:1280} INFO - Exporting the following env vars:
AIRFLOW_CTX_DAG_OWNER=airflow
AIRFLOW_CTX_DAG_ID=parallel_dag
AIRFLOW_CTX_TASK_ID=task_1
AIRFLOW_CTX_EXECUTION_DATE=2020-01-21T00:00:00+00:00
AIRFLOW_CTX_DAG_RUN_ID=scheduled__2020-01-21T00:00:00+00:00
[2021-06-24 16:29:11,955] {subprocess.py:52} INFO - Tmp dir root location: 
 /tmp
[2021-06-24 16:29:11,956] {subprocess.py:63} INFO - Running command: ['bash', '-c', 'sleep 3']
[2021-06-24 16:29:11,966] {subprocess.py:75} INFO - Output:
[2021-06-24 16:29:14,977] {subprocess.py:83} INFO - Command exited with return code 0
[2021-06-24 16:29:15,049] {taskinstance.py:1184} INFO - Marking task as SUCCESS. dag_id=parallel_dag, task_id=task_1, execution_date=20200121T000000, start_date=20210624T162911, end_date=20210624T162915
[2021-06-24 16:29:15,168] {taskinstance.py:1245} INFO - 2 downstream tasks scheduled from follow-on schedule check
[2021-06-24 16:29:15,189] {local_task_job.py:151} INFO - Task exited with return code 0
[2021-06-24 17:05:21,519] {taskinstance.py:876} INFO - Dependencies all met for <TaskInstance: parallel_dag.task_1 2020-01-21T00:00:00+00:00 [queued]>
[2021-06-24 17:05:21,612] {taskinstance.py:876} INFO - Dependencies all met for <TaskInstance: parallel_dag.task_1 2020-01-21T00:00:00+00:00 [queued]>
[2021-06-24 17:05:21,613] {taskinstance.py:1067} INFO - 
--------------------------------------------------------------------------------
[2021-06-24 17:05:21,614] {taskinstance.py:1068} INFO - Starting attempt 1 of 1
[2021-06-24 17:05:21,618] {taskinstance.py:1069} INFO - 
--------------------------------------------------------------------------------
[2021-06-24 17:05:21,680] {taskinstance.py:1087} INFO - Executing <Task(BashOperator): task_1> on 2020-01-21T00:00:00+00:00
[2021-06-24 17:05:21,691] {standard_task_runner.py:52} INFO - Started process 10942 to run task
[2021-06-24 17:05:21,765] {standard_task_runner.py:76} INFO - Running: ['airflow', 'tasks', 'run', 'parallel_dag', 'task_1', '2020-01-21T00:00:00+00:00', '--job-id', '70', '--pool', 'default_pool', '--raw', '--subdir', 'DAGS_FOLDER/parallel_dag.py', '--cfg-path', '/tmp/tmpd_9rjny0', '--error-file', '/tmp/tmpqbg7oh61']
[2021-06-24 17:05:21,790] {standard_task_runner.py:77} INFO - Job 70: Subtask task_1
[2021-06-24 17:05:22,099] {logging_mixin.py:104} INFO - Running <TaskInstance: parallel_dag.task_1 2020-01-21T00:00:00+00:00 [running]> on host airflowvm
[2021-06-24 17:05:22,511] {taskinstance.py:1280} INFO - Exporting the following env vars:
AIRFLOW_CTX_DAG_OWNER=airflow
AIRFLOW_CTX_DAG_ID=parallel_dag
AIRFLOW_CTX_TASK_ID=task_1
AIRFLOW_CTX_EXECUTION_DATE=2020-01-21T00:00:00+00:00
AIRFLOW_CTX_DAG_RUN_ID=scheduled__2020-01-21T00:00:00+00:00
[2021-06-24 17:05:22,513] {subprocess.py:52} INFO - Tmp dir root location: 
 /tmp
[2021-06-24 17:05:22,515] {subprocess.py:63} INFO - Running command: ['bash', '-c', 'sleep 3']
[2021-06-24 17:05:22,544] {subprocess.py:75} INFO - Output:
[2021-06-24 17:05:25,567] {subprocess.py:83} INFO - Command exited with return code 0
[2021-06-24 17:05:25,814] {taskinstance.py:1184} INFO - Marking task as SUCCESS. dag_id=parallel_dag, task_id=task_1, execution_date=20200121T000000, start_date=20210624T170521, end_date=20210624T170525
[2021-06-24 17:05:26,179] {taskinstance.py:1245} INFO - 2 downstream tasks scheduled from follow-on schedule check
[2021-06-24 17:05:26,267] {local_task_job.py:151} INFO - Task exited with return code 0
