[2021-06-24 16:23:11,609] {taskinstance.py:876} INFO - Dependencies all met for <TaskInstance: parallel_dag.task_3 2020-01-08T00:00:00+00:00 [queued]>
[2021-06-24 16:23:11,618] {taskinstance.py:876} INFO - Dependencies all met for <TaskInstance: parallel_dag.task_3 2020-01-08T00:00:00+00:00 [queued]>
[2021-06-24 16:23:11,619] {taskinstance.py:1067} INFO - 
--------------------------------------------------------------------------------
[2021-06-24 16:23:11,619] {taskinstance.py:1068} INFO - Starting attempt 1 of 1
[2021-06-24 16:23:11,619] {taskinstance.py:1069} INFO - 
--------------------------------------------------------------------------------
[2021-06-24 16:23:11,649] {taskinstance.py:1087} INFO - Executing <Task(BashOperator): task_3> on 2020-01-08T00:00:00+00:00
[2021-06-24 16:23:11,651] {standard_task_runner.py:52} INFO - Started process 2159 to run task
[2021-06-24 16:23:11,657] {standard_task_runner.py:76} INFO - Running: ['airflow', 'tasks', 'run', 'parallel_dag', 'task_3', '2020-01-08T00:00:00+00:00', '--job-id', '72', '--pool', 'default_pool', '--raw', '--subdir', 'DAGS_FOLDER/parallel_dag.py', '--cfg-path', '/tmp/tmpzp86avmp', '--error-file', '/tmp/tmp2vhjvsir']
[2021-06-24 16:23:11,659] {standard_task_runner.py:77} INFO - Job 72: Subtask task_3
[2021-06-24 16:23:11,734] {logging_mixin.py:104} INFO - Running <TaskInstance: parallel_dag.task_3 2020-01-08T00:00:00+00:00 [running]> on host airflowvm
[2021-06-24 16:23:11,808] {taskinstance.py:1280} INFO - Exporting the following env vars:
AIRFLOW_CTX_DAG_OWNER=airflow
AIRFLOW_CTX_DAG_ID=parallel_dag
AIRFLOW_CTX_TASK_ID=task_3
AIRFLOW_CTX_EXECUTION_DATE=2020-01-08T00:00:00+00:00
AIRFLOW_CTX_DAG_RUN_ID=scheduled__2020-01-08T00:00:00+00:00
[2021-06-24 16:23:11,810] {subprocess.py:52} INFO - Tmp dir root location: 
 /tmp
[2021-06-24 16:23:11,811] {subprocess.py:63} INFO - Running command: ['bash', '-c', 'sleep 3']
[2021-06-24 16:23:11,817] {subprocess.py:75} INFO - Output:
[2021-06-24 16:23:14,838] {subprocess.py:83} INFO - Command exited with return code 0
[2021-06-24 16:23:14,866] {taskinstance.py:1184} INFO - Marking task as SUCCESS. dag_id=parallel_dag, task_id=task_3, execution_date=20200108T000000, start_date=20210624T162311, end_date=20210624T162314
[2021-06-24 16:23:14,910] {taskinstance.py:1245} INFO - 1 downstream tasks scheduled from follow-on schedule check
[2021-06-24 16:23:14,922] {local_task_job.py:151} INFO - Task exited with return code 0
[2021-06-24 17:04:13,055] {taskinstance.py:876} INFO - Dependencies all met for <TaskInstance: parallel_dag.task_3 2020-01-08T00:00:00+00:00 [queued]>
[2021-06-24 17:04:14,089] {taskinstance.py:876} INFO - Dependencies all met for <TaskInstance: parallel_dag.task_3 2020-01-08T00:00:00+00:00 [queued]>
[2021-06-24 17:04:14,091] {taskinstance.py:1067} INFO - 
--------------------------------------------------------------------------------
[2021-06-24 17:04:14,161] {taskinstance.py:1068} INFO - Starting attempt 1 of 1
[2021-06-24 17:04:14,179] {taskinstance.py:1069} INFO - 
--------------------------------------------------------------------------------
[2021-06-24 17:04:14,595] {taskinstance.py:1087} INFO - Executing <Task(BashOperator): task_3> on 2020-01-08T00:00:00+00:00
[2021-06-24 17:04:14,677] {standard_task_runner.py:52} INFO - Started process 9494 to run task
[2021-06-24 17:04:14,980] {standard_task_runner.py:76} INFO - Running: ['airflow', 'tasks', 'run', 'parallel_dag', 'task_3', '2020-01-08T00:00:00+00:00', '--job-id', '30', '--pool', 'default_pool', '--raw', '--subdir', 'DAGS_FOLDER/parallel_dag.py', '--cfg-path', '/tmp/tmp8ri7bf_s', '--error-file', '/tmp/tmp8vnwn41e']
[2021-06-24 17:04:15,048] {standard_task_runner.py:77} INFO - Job 30: Subtask task_3
[2021-06-24 17:04:16,791] {logging_mixin.py:104} INFO - Running <TaskInstance: parallel_dag.task_3 2020-01-08T00:00:00+00:00 [running]> on host airflowvm
[2021-06-24 17:04:18,389] {taskinstance.py:1280} INFO - Exporting the following env vars:
AIRFLOW_CTX_DAG_OWNER=airflow
AIRFLOW_CTX_DAG_ID=parallel_dag
AIRFLOW_CTX_TASK_ID=task_3
AIRFLOW_CTX_EXECUTION_DATE=2020-01-08T00:00:00+00:00
AIRFLOW_CTX_DAG_RUN_ID=scheduled__2020-01-08T00:00:00+00:00
[2021-06-24 17:04:18,399] {subprocess.py:52} INFO - Tmp dir root location: 
 /tmp
[2021-06-24 17:04:18,400] {subprocess.py:63} INFO - Running command: ['bash', '-c', 'sleep 3']
[2021-06-24 17:04:18,565] {subprocess.py:75} INFO - Output:
[2021-06-24 17:04:21,637] {subprocess.py:83} INFO - Command exited with return code 0
[2021-06-24 17:04:22,374] {taskinstance.py:1184} INFO - Marking task as SUCCESS. dag_id=parallel_dag, task_id=task_3, execution_date=20200108T000000, start_date=20210624T170413, end_date=20210624T170422
[2021-06-24 17:04:25,691] {taskinstance.py:1245} INFO - 0 downstream tasks scheduled from follow-on schedule check
[2021-06-24 17:04:25,806] {local_task_job.py:151} INFO - Task exited with return code 0
