[2021-06-25 09:45:14,104] {taskinstance.py:876} INFO - Dependencies all met for <TaskInstance: parallel_dag.task_3 2020-01-08T00:00:00+00:00 [queued]>
[2021-06-25 09:45:14,559] {taskinstance.py:876} INFO - Dependencies all met for <TaskInstance: parallel_dag.task_3 2020-01-08T00:00:00+00:00 [queued]>
[2021-06-25 09:45:14,559] {taskinstance.py:1067} INFO - 
--------------------------------------------------------------------------------
[2021-06-25 09:45:14,559] {taskinstance.py:1068} INFO - Starting attempt 2 of 2
[2021-06-25 09:45:14,560] {taskinstance.py:1069} INFO - 
--------------------------------------------------------------------------------
[2021-06-25 09:45:14,749] {taskinstance.py:1087} INFO - Executing <Task(BashOperator): task_3> on 2020-01-08T00:00:00+00:00
[2021-06-25 09:45:14,827] {standard_task_runner.py:52} INFO - Started process 18922 to run task
[2021-06-25 09:45:14,881] {standard_task_runner.py:76} INFO - Running: ['airflow', 'tasks', 'run', 'parallel_dag', 'task_3', '2020-01-08T00:00:00+00:00', '--job-id', '392', '--pool', 'default_pool', '--raw', '--subdir', 'DAGS_FOLDER/parallel_dag.py', '--cfg-path', '/tmp/tmpwz7z0nwm', '--error-file', '/tmp/tmpnl42iab6']
[2021-06-25 09:45:14,946] {standard_task_runner.py:77} INFO - Job 392: Subtask task_3
[2021-06-25 09:45:17,335] {logging_mixin.py:104} INFO - Running <TaskInstance: parallel_dag.task_3 2020-01-08T00:00:00+00:00 [running]> on host airflowvm
[2021-06-25 09:45:20,177] {taskinstance.py:1280} INFO - Exporting the following env vars:
AIRFLOW_CTX_DAG_OWNER=airflow
AIRFLOW_CTX_DAG_ID=parallel_dag
AIRFLOW_CTX_TASK_ID=task_3
AIRFLOW_CTX_EXECUTION_DATE=2020-01-08T00:00:00+00:00
AIRFLOW_CTX_DAG_RUN_ID=scheduled__2020-01-08T00:00:00+00:00
[2021-06-25 09:45:20,185] {subprocess.py:52} INFO - Tmp dir root location: 
 /tmp
[2021-06-25 09:45:20,191] {subprocess.py:63} INFO - Running command: ['bash', '-c', 'sleep 3']
[2021-06-25 09:45:20,364] {subprocess.py:75} INFO - Output:
[2021-06-25 09:45:23,379] {subprocess.py:83} INFO - Command exited with return code 0
[2021-06-25 09:45:23,696] {taskinstance.py:1184} INFO - Marking task as SUCCESS. dag_id=parallel_dag, task_id=task_3, execution_date=20200108T000000, start_date=20210625T094514, end_date=20210625T094523
[2021-06-25 09:45:23,998] {taskinstance.py:1245} INFO - 1 downstream tasks scheduled from follow-on schedule check
[2021-06-25 09:45:24,055] {local_task_job.py:151} INFO - Task exited with return code 0
