[2021-06-25 14:52:59,501] {taskinstance.py:876} INFO - Dependencies all met for <TaskInstance: xcom_dag.processing_tasks.training_model_b 2021-06-25T14:52:51.958036+00:00 [queued]>
[2021-06-25 14:52:59,582] {taskinstance.py:876} INFO - Dependencies all met for <TaskInstance: xcom_dag.processing_tasks.training_model_b 2021-06-25T14:52:51.958036+00:00 [queued]>
[2021-06-25 14:52:59,584] {taskinstance.py:1067} INFO - 
--------------------------------------------------------------------------------
[2021-06-25 14:52:59,585] {taskinstance.py:1068} INFO - Starting attempt 1 of 1
[2021-06-25 14:52:59,586] {taskinstance.py:1069} INFO - 
--------------------------------------------------------------------------------
[2021-06-25 14:52:59,645] {taskinstance.py:1087} INFO - Executing <Task(PythonOperator): processing_tasks.training_model_b> on 2021-06-25T14:52:51.958036+00:00
[2021-06-25 14:52:59,671] {standard_task_runner.py:52} INFO - Started process 8813 to run task
[2021-06-25 14:52:59,704] {standard_task_runner.py:76} INFO - Running: ['airflow', 'tasks', 'run', 'xcom_dag', 'processing_tasks.training_model_b', '2021-06-25T14:52:51.958036+00:00', '--job-id', '466', '--pool', 'default_pool', '--raw', '--subdir', 'DAGS_FOLDER/xcom_dag.py', '--cfg-path', '/tmp/tmp4nufm29z', '--error-file', '/tmp/tmp4bhge10g']
[2021-06-25 14:52:59,713] {standard_task_runner.py:77} INFO - Job 466: Subtask processing_tasks.training_model_b
[2021-06-25 14:52:59,960] {logging_mixin.py:104} INFO - Running <TaskInstance: xcom_dag.processing_tasks.training_model_b 2021-06-25T14:52:51.958036+00:00 [running]> on host airflowvm
[2021-06-25 14:53:00,436] {taskinstance.py:1280} INFO - Exporting the following env vars:
AIRFLOW_CTX_DAG_OWNER=airflow
AIRFLOW_CTX_DAG_ID=xcom_dag
AIRFLOW_CTX_TASK_ID=processing_tasks.training_model_b
AIRFLOW_CTX_EXECUTION_DATE=2021-06-25T14:52:51.958036+00:00
AIRFLOW_CTX_DAG_RUN_ID=manual__2021-06-25T14:52:51.958036+00:00
[2021-06-25 14:53:00,437] {logging_mixin.py:104} INFO - model's accuracy: 0.6498512962490278
[2021-06-25 14:53:00,607] {python.py:151} INFO - Done. Returned value was: None
[2021-06-25 14:53:00,719] {taskinstance.py:1184} INFO - Marking task as SUCCESS. dag_id=xcom_dag, task_id=processing_tasks.training_model_b, execution_date=20210625T145251, start_date=20210625T145259, end_date=20210625T145300
[2021-06-25 14:53:00,906] {taskinstance.py:1245} INFO - 1 downstream tasks scheduled from follow-on schedule check
[2021-06-25 14:53:00,927] {local_task_job.py:151} INFO - Task exited with return code 0
