[2021-06-24 17:05:38,891] {taskinstance.py:876} INFO - Dependencies all met for <TaskInstance: parallel_dag.task_1 2020-01-29T00:00:00+00:00 [queued]>
[2021-06-24 17:05:39,303] {taskinstance.py:876} INFO - Dependencies all met for <TaskInstance: parallel_dag.task_1 2020-01-29T00:00:00+00:00 [queued]>
[2021-06-24 17:05:39,303] {taskinstance.py:1067} INFO - 
--------------------------------------------------------------------------------
[2021-06-24 17:05:39,304] {taskinstance.py:1068} INFO - Starting attempt 1 of 1
[2021-06-24 17:05:39,305] {taskinstance.py:1069} INFO - 
--------------------------------------------------------------------------------
[2021-06-24 17:05:39,653] {taskinstance.py:1087} INFO - Executing <Task(BashOperator): task_1> on 2020-01-29T00:00:00+00:00
[2021-06-24 17:05:39,717] {standard_task_runner.py:52} INFO - Started process 11475 to run task
[2021-06-24 17:05:39,787] {standard_task_runner.py:76} INFO - Running: ['airflow', 'tasks', 'run', 'parallel_dag', 'task_1', '2020-01-29T00:00:00+00:00', '--job-id', '88', '--pool', 'default_pool', '--raw', '--subdir', 'DAGS_FOLDER/parallel_dag.py', '--cfg-path', '/tmp/tmpjyfq51tf', '--error-file', '/tmp/tmp6lxvr8k5']
[2021-06-24 17:05:39,789] {standard_task_runner.py:77} INFO - Job 88: Subtask task_1
[2021-06-24 17:05:40,802] {logging_mixin.py:104} INFO - Running <TaskInstance: parallel_dag.task_1 2020-01-29T00:00:00+00:00 [running]> on host airflowvm
[2021-06-24 17:05:41,480] {taskinstance.py:1280} INFO - Exporting the following env vars:
AIRFLOW_CTX_DAG_OWNER=airflow
AIRFLOW_CTX_DAG_ID=parallel_dag
AIRFLOW_CTX_TASK_ID=task_1
AIRFLOW_CTX_EXECUTION_DATE=2020-01-29T00:00:00+00:00
AIRFLOW_CTX_DAG_RUN_ID=scheduled__2020-01-29T00:00:00+00:00
[2021-06-24 17:05:41,481] {subprocess.py:52} INFO - Tmp dir root location: 
 /tmp
[2021-06-24 17:05:41,482] {subprocess.py:63} INFO - Running command: ['bash', '-c', 'sleep 3']
[2021-06-24 17:05:41,587] {subprocess.py:75} INFO - Output:
[2021-06-24 17:05:44,593] {subprocess.py:83} INFO - Command exited with return code 0
[2021-06-24 17:05:45,079] {taskinstance.py:1184} INFO - Marking task as SUCCESS. dag_id=parallel_dag, task_id=task_1, execution_date=20200129T000000, start_date=20210624T170538, end_date=20210624T170545
[2021-06-24 17:05:47,257] {taskinstance.py:1245} INFO - 0 downstream tasks scheduled from follow-on schedule check
[2021-06-24 17:05:47,366] {local_task_job.py:151} INFO - Task exited with return code 0
