[2021-07-01 15:07:12,727] {taskinstance.py:876} INFO - Dependencies all met for <TaskInstance: get_data_patient.users_treatment 2021-07-01T14:24:03.261240+00:00 [queued]>
[2021-07-01 15:07:12,742] {taskinstance.py:876} INFO - Dependencies all met for <TaskInstance: get_data_patient.users_treatment 2021-07-01T14:24:03.261240+00:00 [queued]>
[2021-07-01 15:07:12,743] {taskinstance.py:1067} INFO - 
--------------------------------------------------------------------------------
[2021-07-01 15:07:12,744] {taskinstance.py:1068} INFO - Starting attempt 2 of 2
[2021-07-01 15:07:12,746] {taskinstance.py:1069} INFO - 
--------------------------------------------------------------------------------
[2021-07-01 15:07:12,803] {taskinstance.py:1087} INFO - Executing <Task(PythonOperator): users_treatment> on 2021-07-01T14:24:03.261240+00:00
[2021-07-01 15:07:12,807] {standard_task_runner.py:52} INFO - Started process 13967 to run task
[2021-07-01 15:07:12,818] {standard_task_runner.py:76} INFO - Running: ['airflow', 'tasks', 'run', 'get_data_patient', 'users_treatment', '2021-07-01T14:24:03.261240+00:00', '--job-id', '976', '--pool', 'default_pool', '--raw', '--subdir', 'DAGS_FOLDER/get_Data_Patient.py', '--cfg-path', '/tmp/tmpex1a6xyi', '--error-file', '/tmp/tmpqbxn80_k']
[2021-07-01 15:07:12,820] {standard_task_runner.py:77} INFO - Job 976: Subtask users_treatment
[2021-07-01 15:07:12,963] {logging_mixin.py:104} INFO - Running <TaskInstance: get_data_patient.users_treatment 2021-07-01T14:24:03.261240+00:00 [running]> on host airflowvm
[2021-07-01 15:07:13,099] {taskinstance.py:1280} INFO - Exporting the following env vars:
AIRFLOW_CTX_DAG_OWNER=airflow
AIRFLOW_CTX_DAG_ID=get_data_patient
AIRFLOW_CTX_TASK_ID=users_treatment
AIRFLOW_CTX_EXECUTION_DATE=2021-07-01T14:24:03.261240+00:00
AIRFLOW_CTX_DAG_RUN_ID=manual__2021-07-01T14:24:03.261240+00:00
[2021-07-01 15:07:13,100] {python.py:151} INFO - Done. Returned value was: None
[2021-07-01 15:07:13,121] {taskinstance.py:1184} INFO - Marking task as SUCCESS. dag_id=get_data_patient, task_id=users_treatment, execution_date=20210701T142403, start_date=20210701T150712, end_date=20210701T150713
[2021-07-01 15:07:13,173] {taskinstance.py:1245} INFO - 1 downstream tasks scheduled from follow-on schedule check
[2021-07-01 15:07:13,189] {local_task_job.py:151} INFO - Task exited with return code 0
