[2021-06-25 13:57:13,931] {taskinstance.py:876} INFO - Dependencies all met for <TaskInstance: xcom_dag.processing_tasks.training_model_c 2021-06-25T13:57:06.549482+00:00 [queued]>
[2021-06-25 13:57:13,976] {taskinstance.py:876} INFO - Dependencies all met for <TaskInstance: xcom_dag.processing_tasks.training_model_c 2021-06-25T13:57:06.549482+00:00 [queued]>
[2021-06-25 13:57:13,976] {taskinstance.py:1067} INFO - 
--------------------------------------------------------------------------------
[2021-06-25 13:57:13,976] {taskinstance.py:1068} INFO - Starting attempt 1 of 1
[2021-06-25 13:57:13,976] {taskinstance.py:1069} INFO - 
--------------------------------------------------------------------------------
[2021-06-25 13:57:13,999] {taskinstance.py:1087} INFO - Executing <Task(PythonOperator): processing_tasks.training_model_c> on 2021-06-25T13:57:06.549482+00:00
[2021-06-25 13:57:14,010] {standard_task_runner.py:52} INFO - Started process 5248 to run task
[2021-06-25 13:57:14,030] {standard_task_runner.py:76} INFO - Running: ['airflow', 'tasks', 'run', 'xcom_dag', 'processing_tasks.training_model_c', '2021-06-25T13:57:06.549482+00:00', '--job-id', '439', '--pool', 'default_pool', '--raw', '--subdir', 'DAGS_FOLDER/xcom_dag.py', '--cfg-path', '/tmp/tmpy3bc4upy', '--error-file', '/tmp/tmpb7kczmbv']
[2021-06-25 13:57:14,041] {standard_task_runner.py:77} INFO - Job 439: Subtask processing_tasks.training_model_c
[2021-06-25 13:57:14,425] {logging_mixin.py:104} INFO - Running <TaskInstance: xcom_dag.processing_tasks.training_model_c 2021-06-25T13:57:06.549482+00:00 [running]> on host airflowvm
[2021-06-25 13:57:14,719] {taskinstance.py:1280} INFO - Exporting the following env vars:
AIRFLOW_CTX_DAG_OWNER=airflow
AIRFLOW_CTX_DAG_ID=xcom_dag
AIRFLOW_CTX_TASK_ID=processing_tasks.training_model_c
AIRFLOW_CTX_EXECUTION_DATE=2021-06-25T13:57:06.549482+00:00
AIRFLOW_CTX_DAG_RUN_ID=manual__2021-06-25T13:57:06.549482+00:00
[2021-06-25 13:57:14,721] {logging_mixin.py:104} INFO - model's accuracy: 0.7517951210141811
[2021-06-25 13:57:14,829] {python.py:151} INFO - Done. Returned value was: None
[2021-06-25 13:57:14,895] {taskinstance.py:1184} INFO - Marking task as SUCCESS. dag_id=xcom_dag, task_id=processing_tasks.training_model_c, execution_date=20210625T135706, start_date=20210625T135713, end_date=20210625T135714
[2021-06-25 13:57:14,966] {taskinstance.py:1245} INFO - 1 downstream tasks scheduled from follow-on schedule check
[2021-06-25 13:57:14,990] {local_task_job.py:151} INFO - Task exited with return code 0
