[2021-06-25 09:48:06,047] {taskinstance.py:876} INFO - Dependencies all met for <TaskInstance: parallel_dag.task_1 2020-01-22T00:00:00+00:00 [queued]>
[2021-06-25 09:48:06,162] {taskinstance.py:876} INFO - Dependencies all met for <TaskInstance: parallel_dag.task_1 2020-01-22T00:00:00+00:00 [queued]>
[2021-06-25 09:48:06,164] {taskinstance.py:1067} INFO - 
--------------------------------------------------------------------------------
[2021-06-25 09:48:06,168] {taskinstance.py:1068} INFO - Starting attempt 2 of 2
[2021-06-25 09:48:06,170] {taskinstance.py:1069} INFO - 
--------------------------------------------------------------------------------
[2021-06-25 09:48:06,227] {taskinstance.py:1087} INFO - Executing <Task(BashOperator): task_1> on 2020-01-22T00:00:00+00:00
[2021-06-25 09:48:06,265] {standard_task_runner.py:52} INFO - Started process 20457 to run task
[2021-06-25 09:48:06,326] {standard_task_runner.py:76} INFO - Running: ['airflow', 'tasks', 'run', 'parallel_dag', 'task_1', '2020-01-22T00:00:00+00:00', '--job-id', '404', '--pool', 'default_pool', '--raw', '--subdir', 'DAGS_FOLDER/parallel_dag.py', '--cfg-path', '/tmp/tmpiwf2rm9t', '--error-file', '/tmp/tmp9jaefrvv']
[2021-06-25 09:48:06,347] {standard_task_runner.py:77} INFO - Job 404: Subtask task_1
[2021-06-25 09:48:06,807] {logging_mixin.py:104} INFO - Running <TaskInstance: parallel_dag.task_1 2020-01-22T00:00:00+00:00 [running]> on host airflowvm
[2021-06-25 09:48:07,264] {taskinstance.py:1280} INFO - Exporting the following env vars:
AIRFLOW_CTX_DAG_OWNER=airflow
AIRFLOW_CTX_DAG_ID=parallel_dag
AIRFLOW_CTX_TASK_ID=task_1
AIRFLOW_CTX_EXECUTION_DATE=2020-01-22T00:00:00+00:00
AIRFLOW_CTX_DAG_RUN_ID=scheduled__2020-01-22T00:00:00+00:00
[2021-06-25 09:48:07,268] {subprocess.py:52} INFO - Tmp dir root location: 
 /tmp
[2021-06-25 09:48:07,269] {subprocess.py:63} INFO - Running command: ['bash', '-c', 'sleep 3']
[2021-06-25 09:48:07,395] {subprocess.py:75} INFO - Output:
[2021-06-25 09:48:10,449] {subprocess.py:83} INFO - Command exited with return code 0
[2021-06-25 09:48:10,676] {taskinstance.py:1184} INFO - Marking task as SUCCESS. dag_id=parallel_dag, task_id=task_1, execution_date=20200122T000000, start_date=20210625T094806, end_date=20210625T094810
[2021-06-25 09:48:11,289] {taskinstance.py:1245} INFO - 2 downstream tasks scheduled from follow-on schedule check
[2021-06-25 09:48:11,842] {local_task_job.py:151} INFO - Task exited with return code 0
