[2021-07-01 08:49:15,989] {taskinstance.py:876} INFO - Dependencies all met for <TaskInstance: user_processing_v2.processing_user_4 2021-06-30T14:29:12.044488+00:00 [queued]>
[2021-07-01 08:49:16,116] {taskinstance.py:876} INFO - Dependencies all met for <TaskInstance: user_processing_v2.processing_user_4 2021-06-30T14:29:12.044488+00:00 [queued]>
[2021-07-01 08:49:16,116] {taskinstance.py:1067} INFO - 
--------------------------------------------------------------------------------
[2021-07-01 08:49:16,116] {taskinstance.py:1068} INFO - Starting attempt 6 of 6
[2021-07-01 08:49:16,117] {taskinstance.py:1069} INFO - 
--------------------------------------------------------------------------------
[2021-07-01 08:49:16,173] {taskinstance.py:1087} INFO - Executing <Task(PythonOperator): processing_user_4> on 2021-06-30T14:29:12.044488+00:00
[2021-07-01 08:49:16,179] {standard_task_runner.py:52} INFO - Started process 31337 to run task
[2021-07-01 08:49:16,207] {standard_task_runner.py:76} INFO - Running: ['airflow', 'tasks', 'run', 'user_processing_v2', 'processing_user_4', '2021-06-30T14:29:12.044488+00:00', '--job-id', '932', '--pool', 'default_pool', '--raw', '--subdir', 'DAGS_FOLDER/user_processing_v2.py', '--cfg-path', '/tmp/tmpuq2ay5gc', '--error-file', '/tmp/tmpya2h8ao0']
[2021-07-01 08:49:16,214] {standard_task_runner.py:77} INFO - Job 932: Subtask processing_user_4
[2021-07-01 08:49:16,689] {logging_mixin.py:104} INFO - Running <TaskInstance: user_processing_v2.processing_user_4 2021-06-30T14:29:12.044488+00:00 [running]> on host airflowvm
[2021-07-01 08:49:17,096] {taskinstance.py:1280} INFO - Exporting the following env vars:
AIRFLOW_CTX_DAG_OWNER=airflow
AIRFLOW_CTX_DAG_ID=user_processing_v2
AIRFLOW_CTX_TASK_ID=processing_user_4
AIRFLOW_CTX_EXECUTION_DATE=2021-06-30T14:29:12.044488+00:00
AIRFLOW_CTX_DAG_RUN_ID=manual__2021-06-30T14:29:12.044488+00:00
[2021-07-01 08:49:17,148] {python.py:151} INFO - Done. Returned value was: [{"first_name":"Helge","last_name":"Spie\u00df","country":"Germany","username":"brownbird590","password":"bosco1","email":"helge.spiess@example.com"}]
[2021-07-01 08:49:17,300] {taskinstance.py:1184} INFO - Marking task as SUCCESS. dag_id=user_processing_v2, task_id=processing_user_4, execution_date=20210630T142912, start_date=20210701T084915, end_date=20210701T084917
[2021-07-01 08:49:17,407] {taskinstance.py:1245} INFO - 0 downstream tasks scheduled from follow-on schedule check
[2021-07-01 08:49:17,436] {local_task_job.py:151} INFO - Task exited with return code 0
