[2021-06-24 16:20:29,552] {taskinstance.py:876} INFO - Dependencies all met for <TaskInstance: parallel_dag.task_2 2020-01-01T00:00:00+00:00 [queued]>
[2021-06-24 16:20:29,560] {taskinstance.py:876} INFO - Dependencies all met for <TaskInstance: parallel_dag.task_2 2020-01-01T00:00:00+00:00 [queued]>
[2021-06-24 16:20:29,561] {taskinstance.py:1067} INFO - 
--------------------------------------------------------------------------------
[2021-06-24 16:20:29,561] {taskinstance.py:1068} INFO - Starting attempt 1 of 1
[2021-06-24 16:20:29,561] {taskinstance.py:1069} INFO - 
--------------------------------------------------------------------------------
[2021-06-24 16:20:29,587] {taskinstance.py:1087} INFO - Executing <Task(BashOperator): task_2> on 2020-01-01T00:00:00+00:00
[2021-06-24 16:20:29,590] {standard_task_runner.py:52} INFO - Started process 1932 to run task
[2021-06-24 16:20:29,597] {standard_task_runner.py:76} INFO - Running: ['airflow', 'tasks', 'run', 'parallel_dag', 'task_2', '2020-01-01T00:00:00+00:00', '--job-id', '44', '--pool', 'default_pool', '--raw', '--subdir', 'DAGS_FOLDER/parallel_dag.py', '--cfg-path', '/tmp/tmpcizj_fdg', '--error-file', '/tmp/tmpejc8pmyy']
[2021-06-24 16:20:29,599] {standard_task_runner.py:77} INFO - Job 44: Subtask task_2
[2021-06-24 16:20:29,682] {logging_mixin.py:104} INFO - Running <TaskInstance: parallel_dag.task_2 2020-01-01T00:00:00+00:00 [running]> on host airflowvm
[2021-06-24 16:20:29,800] {taskinstance.py:1280} INFO - Exporting the following env vars:
AIRFLOW_CTX_DAG_OWNER=airflow
AIRFLOW_CTX_DAG_ID=parallel_dag
AIRFLOW_CTX_TASK_ID=task_2
AIRFLOW_CTX_EXECUTION_DATE=2020-01-01T00:00:00+00:00
AIRFLOW_CTX_DAG_RUN_ID=scheduled__2020-01-01T00:00:00+00:00
[2021-06-24 16:20:29,801] {subprocess.py:52} INFO - Tmp dir root location: 
 /tmp
[2021-06-24 16:20:29,802] {subprocess.py:63} INFO - Running command: ['bash', '-c', 'sleep 3']
[2021-06-24 16:20:29,824] {subprocess.py:75} INFO - Output:
[2021-06-24 16:20:32,831] {subprocess.py:83} INFO - Command exited with return code 0
[2021-06-24 16:20:32,872] {taskinstance.py:1184} INFO - Marking task as SUCCESS. dag_id=parallel_dag, task_id=task_2, execution_date=20200101T000000, start_date=20210624T162029, end_date=20210624T162032
[2021-06-24 16:20:32,906] {taskinstance.py:1245} INFO - 0 downstream tasks scheduled from follow-on schedule check
[2021-06-24 16:20:32,915] {local_task_job.py:151} INFO - Task exited with return code 0
[2021-06-24 17:03:38,778] {taskinstance.py:876} INFO - Dependencies all met for <TaskInstance: parallel_dag.task_2 2020-01-01T00:00:00+00:00 [queued]>
[2021-06-24 17:03:39,027] {taskinstance.py:876} INFO - Dependencies all met for <TaskInstance: parallel_dag.task_2 2020-01-01T00:00:00+00:00 [queued]>
[2021-06-24 17:03:39,028] {taskinstance.py:1067} INFO - 
--------------------------------------------------------------------------------
[2021-06-24 17:03:39,029] {taskinstance.py:1068} INFO - Starting attempt 1 of 1
[2021-06-24 17:03:39,029] {taskinstance.py:1069} INFO - 
--------------------------------------------------------------------------------
[2021-06-24 17:03:39,220] {taskinstance.py:1087} INFO - Executing <Task(BashOperator): task_2> on 2020-01-01T00:00:00+00:00
[2021-06-24 17:03:39,240] {standard_task_runner.py:52} INFO - Started process 8807 to run task
[2021-06-24 17:03:39,397] {standard_task_runner.py:76} INFO - Running: ['airflow', 'tasks', 'run', 'parallel_dag', 'task_2', '2020-01-01T00:00:00+00:00', '--job-id', '10', '--pool', 'default_pool', '--raw', '--subdir', 'DAGS_FOLDER/parallel_dag.py', '--cfg-path', '/tmp/tmpgfapyppj', '--error-file', '/tmp/tmpeqb1fvqb']
[2021-06-24 17:03:39,424] {standard_task_runner.py:77} INFO - Job 10: Subtask task_2
[2021-06-24 17:03:41,789] {logging_mixin.py:104} INFO - Running <TaskInstance: parallel_dag.task_2 2020-01-01T00:00:00+00:00 [running]> on host airflowvm
[2021-06-24 17:03:43,725] {taskinstance.py:1280} INFO - Exporting the following env vars:
AIRFLOW_CTX_DAG_OWNER=airflow
AIRFLOW_CTX_DAG_ID=parallel_dag
AIRFLOW_CTX_TASK_ID=task_2
AIRFLOW_CTX_EXECUTION_DATE=2020-01-01T00:00:00+00:00
AIRFLOW_CTX_DAG_RUN_ID=scheduled__2020-01-01T00:00:00+00:00
[2021-06-24 17:03:43,726] {subprocess.py:52} INFO - Tmp dir root location: 
 /tmp
[2021-06-24 17:03:43,759] {subprocess.py:63} INFO - Running command: ['bash', '-c', 'sleep 3']
[2021-06-24 17:03:43,967] {subprocess.py:75} INFO - Output:
[2021-06-24 17:03:47,121] {subprocess.py:83} INFO - Command exited with return code 0
[2021-06-24 17:03:48,195] {taskinstance.py:1184} INFO - Marking task as SUCCESS. dag_id=parallel_dag, task_id=task_2, execution_date=20200101T000000, start_date=20210624T170338, end_date=20210624T170348
[2021-06-24 17:03:51,210] {local_task_job.py:196} WARNING - State of this instance has been externally set to success. Terminating instance.
[2021-06-24 17:03:51,590] {process_utils.py:100} INFO - Sending Signals.SIGTERM to GPID 8807
[2021-06-24 17:03:53,525] {taskinstance.py:1264} ERROR - Received SIGTERM. Terminating subprocesses.
[2021-06-24 17:03:53,525] {subprocess.py:89} INFO - Sending SIGTERM signal to process group
[2021-06-24 17:03:53,643] {process_utils.py:66} INFO - Process psutil.Process(pid=8807, status='terminated', exitcode=1, started='17:03:38') (8807) terminated with exit code 1
