[2021-06-24 13:23:37,732] {taskinstance.py:876} INFO - Dependencies all met for <TaskInstance: user_processing.is_api_available 2021-06-23T00:00:00+00:00 [queued]>
[2021-06-24 13:23:37,769] {taskinstance.py:876} INFO - Dependencies all met for <TaskInstance: user_processing.is_api_available 2021-06-23T00:00:00+00:00 [queued]>
[2021-06-24 13:23:37,775] {taskinstance.py:1067} INFO - 
--------------------------------------------------------------------------------
[2021-06-24 13:23:37,775] {taskinstance.py:1068} INFO - Starting attempt 1 of 1
[2021-06-24 13:23:37,776] {taskinstance.py:1069} INFO - 
--------------------------------------------------------------------------------
[2021-06-24 13:23:37,865] {taskinstance.py:1087} INFO - Executing <Task(HttpSensor): is_api_available> on 2021-06-23T00:00:00+00:00
[2021-06-24 13:23:37,885] {standard_task_runner.py:52} INFO - Started process 2457 to run task
[2021-06-24 13:23:37,932] {standard_task_runner.py:76} INFO - Running: ['airflow', 'tasks', 'run', 'user_processing', 'is_api_available', '2021-06-23T00:00:00+00:00', '--job-id', '15', '--pool', 'default_pool', '--raw', '--subdir', 'DAGS_FOLDER/user_processing.py', '--cfg-path', '/tmp/tmpznvoxqvt', '--error-file', '/tmp/tmpeauf85es']
[2021-06-24 13:23:37,947] {standard_task_runner.py:77} INFO - Job 15: Subtask is_api_available
[2021-06-24 13:23:38,479] {logging_mixin.py:104} INFO - Running <TaskInstance: user_processing.is_api_available 2021-06-23T00:00:00+00:00 [running]> on host airflowvm
[2021-06-24 13:23:39,057] {taskinstance.py:1280} INFO - Exporting the following env vars:
AIRFLOW_CTX_DAG_OWNER=airflow
AIRFLOW_CTX_DAG_ID=user_processing
AIRFLOW_CTX_TASK_ID=is_api_available
AIRFLOW_CTX_EXECUTION_DATE=2021-06-23T00:00:00+00:00
AIRFLOW_CTX_DAG_RUN_ID=scheduled__2021-06-23T00:00:00+00:00
[2021-06-24 13:23:39,076] {http.py:101} INFO - Poking: api/
[2021-06-24 13:23:39,175] {base.py:69} INFO - Using connection to: id: user_api. Host: https://randomuser.me/, Port: None, Schema: , Login: , Password: None, extra: {}
[2021-06-24 13:23:39,185] {http.py:140} INFO - Sending 'GET' to url: https://randomuser.me/api/
[2021-06-24 13:23:39,732] {base.py:243} INFO - Success criteria met. Exiting.
[2021-06-24 13:23:39,766] {taskinstance.py:1184} INFO - Marking task as SUCCESS. dag_id=user_processing, task_id=is_api_available, execution_date=20210623T000000, start_date=20210624T132337, end_date=20210624T132339
[2021-06-24 13:23:39,958] {taskinstance.py:1245} INFO - 1 downstream tasks scheduled from follow-on schedule check
[2021-06-24 13:23:40,021] {local_task_job.py:151} INFO - Task exited with return code 0
