[2021-06-24 16:26:19,945] {taskinstance.py:876} INFO - Dependencies all met for <TaskInstance: parallel_dag.task_2 2020-01-13T00:00:00+00:00 [queued]>
[2021-06-24 16:26:19,969] {taskinstance.py:876} INFO - Dependencies all met for <TaskInstance: parallel_dag.task_2 2020-01-13T00:00:00+00:00 [queued]>
[2021-06-24 16:26:19,969] {taskinstance.py:1067} INFO - 
--------------------------------------------------------------------------------
[2021-06-24 16:26:19,969] {taskinstance.py:1068} INFO - Starting attempt 1 of 1
[2021-06-24 16:26:19,969] {taskinstance.py:1069} INFO - 
--------------------------------------------------------------------------------
[2021-06-24 16:26:19,985] {taskinstance.py:1087} INFO - Executing <Task(BashOperator): task_2> on 2020-01-13T00:00:00+00:00
[2021-06-24 16:26:19,988] {standard_task_runner.py:52} INFO - Started process 2446 to run task
[2021-06-24 16:26:19,996] {standard_task_runner.py:76} INFO - Running: ['airflow', 'tasks', 'run', 'parallel_dag', 'task_2', '2020-01-13T00:00:00+00:00', '--job-id', '91', '--pool', 'default_pool', '--raw', '--subdir', 'DAGS_FOLDER/parallel_dag.py', '--cfg-path', '/tmp/tmpxo6a4qx7', '--error-file', '/tmp/tmpu1cw0wnb']
[2021-06-24 16:26:19,998] {standard_task_runner.py:77} INFO - Job 91: Subtask task_2
[2021-06-24 16:26:20,082] {logging_mixin.py:104} INFO - Running <TaskInstance: parallel_dag.task_2 2020-01-13T00:00:00+00:00 [running]> on host airflowvm
[2021-06-24 16:26:20,169] {taskinstance.py:1280} INFO - Exporting the following env vars:
AIRFLOW_CTX_DAG_OWNER=airflow
AIRFLOW_CTX_DAG_ID=parallel_dag
AIRFLOW_CTX_TASK_ID=task_2
AIRFLOW_CTX_EXECUTION_DATE=2020-01-13T00:00:00+00:00
AIRFLOW_CTX_DAG_RUN_ID=scheduled__2020-01-13T00:00:00+00:00
[2021-06-24 16:26:20,172] {subprocess.py:52} INFO - Tmp dir root location: 
 /tmp
[2021-06-24 16:26:20,176] {subprocess.py:63} INFO - Running command: ['bash', '-c', 'sleep 3']
[2021-06-24 16:26:20,193] {subprocess.py:75} INFO - Output:
[2021-06-24 16:26:23,198] {subprocess.py:83} INFO - Command exited with return code 0
[2021-06-24 16:26:23,228] {taskinstance.py:1184} INFO - Marking task as SUCCESS. dag_id=parallel_dag, task_id=task_2, execution_date=20200113T000000, start_date=20210624T162619, end_date=20210624T162623
[2021-06-24 16:26:23,269] {taskinstance.py:1245} INFO - 0 downstream tasks scheduled from follow-on schedule check
[2021-06-24 16:26:23,292] {local_task_job.py:151} INFO - Task exited with return code 0
[2021-06-24 17:04:34,607] {taskinstance.py:876} INFO - Dependencies all met for <TaskInstance: parallel_dag.task_2 2020-01-13T00:00:00+00:00 [queued]>
[2021-06-24 17:04:35,180] {taskinstance.py:876} INFO - Dependencies all met for <TaskInstance: parallel_dag.task_2 2020-01-13T00:00:00+00:00 [queued]>
[2021-06-24 17:04:35,210] {taskinstance.py:1067} INFO - 
--------------------------------------------------------------------------------
[2021-06-24 17:04:35,210] {taskinstance.py:1068} INFO - Starting attempt 1 of 1
[2021-06-24 17:04:35,211] {taskinstance.py:1069} INFO - 
--------------------------------------------------------------------------------
[2021-06-24 17:04:35,546] {taskinstance.py:1087} INFO - Executing <Task(BashOperator): task_2> on 2020-01-13T00:00:00+00:00
[2021-06-24 17:04:35,761] {standard_task_runner.py:52} INFO - Started process 9932 to run task
[2021-06-24 17:04:36,094] {standard_task_runner.py:76} INFO - Running: ['airflow', 'tasks', 'run', 'parallel_dag', 'task_2', '2020-01-13T00:00:00+00:00', '--job-id', '43', '--pool', 'default_pool', '--raw', '--subdir', 'DAGS_FOLDER/parallel_dag.py', '--cfg-path', '/tmp/tmpo5qhc7_y', '--error-file', '/tmp/tmpy7j7hf2a']
[2021-06-24 17:04:36,095] {standard_task_runner.py:77} INFO - Job 43: Subtask task_2
[2021-06-24 17:04:37,331] {logging_mixin.py:104} INFO - Running <TaskInstance: parallel_dag.task_2 2020-01-13T00:00:00+00:00 [running]> on host airflowvm
[2021-06-24 17:04:38,771] {taskinstance.py:1280} INFO - Exporting the following env vars:
AIRFLOW_CTX_DAG_OWNER=airflow
AIRFLOW_CTX_DAG_ID=parallel_dag
AIRFLOW_CTX_TASK_ID=task_2
AIRFLOW_CTX_EXECUTION_DATE=2020-01-13T00:00:00+00:00
AIRFLOW_CTX_DAG_RUN_ID=scheduled__2020-01-13T00:00:00+00:00
[2021-06-24 17:04:38,799] {subprocess.py:52} INFO - Tmp dir root location: 
 /tmp
[2021-06-24 17:04:38,837] {subprocess.py:63} INFO - Running command: ['bash', '-c', 'sleep 3']
[2021-06-24 17:04:38,933] {subprocess.py:75} INFO - Output:
[2021-06-24 17:04:41,944] {subprocess.py:83} INFO - Command exited with return code 0
[2021-06-24 17:04:42,455] {taskinstance.py:1184} INFO - Marking task as SUCCESS. dag_id=parallel_dag, task_id=task_2, execution_date=20200113T000000, start_date=20210624T170434, end_date=20210624T170442
[2021-06-24 17:04:45,955] {taskinstance.py:1245} INFO - 0 downstream tasks scheduled from follow-on schedule check
[2021-06-24 17:04:46,088] {local_task_job.py:151} INFO - Task exited with return code 0
