[2021-06-29 09:50:50,226] {taskinstance.py:876} INFO - Dependencies all met for <TaskInstance: open_aq.create_table 2021-06-28T00:00:00+00:00 [queued]>
[2021-06-29 09:50:50,250] {taskinstance.py:876} INFO - Dependencies all met for <TaskInstance: open_aq.create_table 2021-06-28T00:00:00+00:00 [queued]>
[2021-06-29 09:50:50,251] {taskinstance.py:1067} INFO - 
--------------------------------------------------------------------------------
[2021-06-29 09:50:50,251] {taskinstance.py:1068} INFO - Starting attempt 1 of 1
[2021-06-29 09:50:50,251] {taskinstance.py:1069} INFO - 
--------------------------------------------------------------------------------
[2021-06-29 09:50:50,261] {taskinstance.py:1087} INFO - Executing <Task(PostgresOperator): create_table> on 2021-06-28T00:00:00+00:00
[2021-06-29 09:50:50,268] {standard_task_runner.py:52} INFO - Started process 2583 to run task
[2021-06-29 09:50:50,274] {standard_task_runner.py:76} INFO - Running: ['airflow', 'tasks', 'run', 'open_aq', 'create_table', '2021-06-28T00:00:00+00:00', '--job-id', '518', '--pool', 'default_pool', '--raw', '--subdir', 'DAGS_FOLDER/open_aq.py', '--cfg-path', '/tmp/tmpfvs_hu7w', '--error-file', '/tmp/tmp9lxfai8m']
[2021-06-29 09:50:50,275] {standard_task_runner.py:77} INFO - Job 518: Subtask create_table
[2021-06-29 09:50:50,359] {logging_mixin.py:104} INFO - Running <TaskInstance: open_aq.create_table 2021-06-28T00:00:00+00:00 [running]> on host airflowvm
[2021-06-29 09:50:50,483] {taskinstance.py:1280} INFO - Exporting the following env vars:
AIRFLOW_CTX_DAG_OWNER=airflow
AIRFLOW_CTX_DAG_ID=open_aq
AIRFLOW_CTX_TASK_ID=create_table
AIRFLOW_CTX_EXECUTION_DATE=2021-06-28T00:00:00+00:00
AIRFLOW_CTX_DAG_RUN_ID=scheduled__2021-06-28T00:00:00+00:00
[2021-06-29 09:50:50,483] {postgres.py:68} INFO - Executing: create table if not exists open_aq (
                                        city VARCHAR not null primary key,
                                        country VARCHAR not null,
                                        parameter VARCHAR not null,
                                        count INT not null
                                    )
[2021-06-29 09:50:50,501] {base.py:69} INFO - Using connection to: id: ***_default. Host: localhost, Port: 5432, Schema: , Login: ***, Password: ***, extra: {'cursor': 'realdictcursor'}
[2021-06-29 09:50:50,509] {dbapi.py:204} INFO - Running statement: create table if not exists open_aq (
                                        city VARCHAR not null primary key,
                                        country VARCHAR not null,
                                        parameter VARCHAR not null,
                                        count INT not null
                                    ), parameters: None
[2021-06-29 09:50:50,566] {taskinstance.py:1184} INFO - Marking task as SUCCESS. dag_id=open_aq, task_id=create_table, execution_date=20210628T000000, start_date=20210629T095050, end_date=20210629T095050
[2021-06-29 09:50:50,608] {taskinstance.py:1245} INFO - 1 downstream tasks scheduled from follow-on schedule check
[2021-06-29 09:50:50,614] {local_task_job.py:151} INFO - Task exited with return code 0
