[2021-06-25 09:19:59,832] {taskinstance.py:876} INFO - Dependencies all met for <TaskInstance: parallel_dag.task_3 2020-03-21T00:00:00+00:00 [queued]>
[2021-06-25 09:20:00,054] {taskinstance.py:876} INFO - Dependencies all met for <TaskInstance: parallel_dag.task_3 2020-03-21T00:00:00+00:00 [queued]>
[2021-06-25 09:20:00,055] {taskinstance.py:1067} INFO - 
--------------------------------------------------------------------------------
[2021-06-25 09:20:00,055] {taskinstance.py:1068} INFO - Starting attempt 1 of 1
[2021-06-25 09:20:00,056] {taskinstance.py:1069} INFO - 
--------------------------------------------------------------------------------
[2021-06-25 09:20:00,135] {taskinstance.py:1087} INFO - Executing <Task(BashOperator): task_3> on 2020-03-21T00:00:00+00:00
[2021-06-25 09:20:00,166] {standard_task_runner.py:52} INFO - Started process 9248 to run task
[2021-06-25 09:20:00,232] {standard_task_runner.py:76} INFO - Running: ['airflow', 'tasks', 'run', 'parallel_dag', 'task_3', '2020-03-21T00:00:00+00:00', '--job-id', '336', '--pool', 'default_pool', '--raw', '--subdir', 'DAGS_FOLDER/parallel_dag.py', '--cfg-path', '/tmp/tmpp6sc831j', '--error-file', '/tmp/tmp9s20i357']
[2021-06-25 09:20:00,232] {standard_task_runner.py:77} INFO - Job 336: Subtask task_3
[2021-06-25 09:20:01,633] {logging_mixin.py:104} INFO - Running <TaskInstance: parallel_dag.task_3 2020-03-21T00:00:00+00:00 [running]> on host airflowvm
[2021-06-25 09:20:02,912] {taskinstance.py:1280} INFO - Exporting the following env vars:
AIRFLOW_CTX_DAG_OWNER=airflow
AIRFLOW_CTX_DAG_ID=parallel_dag
AIRFLOW_CTX_TASK_ID=task_3
AIRFLOW_CTX_EXECUTION_DATE=2020-03-21T00:00:00+00:00
AIRFLOW_CTX_DAG_RUN_ID=scheduled__2020-03-21T00:00:00+00:00
[2021-06-25 09:20:02,913] {subprocess.py:52} INFO - Tmp dir root location: 
 /tmp
[2021-06-25 09:20:02,916] {subprocess.py:63} INFO - Running command: ['bash', '-c', 'sleep 3']
[2021-06-25 09:20:03,032] {subprocess.py:75} INFO - Output:
[2021-06-25 09:20:06,058] {subprocess.py:83} INFO - Command exited with return code 0
[2021-06-25 09:20:06,490] {taskinstance.py:1184} INFO - Marking task as SUCCESS. dag_id=parallel_dag, task_id=task_3, execution_date=20200321T000000, start_date=20210625T091959, end_date=20210625T092006
[2021-06-25 09:20:07,853] {taskinstance.py:1245} INFO - 0 downstream tasks scheduled from follow-on schedule check
[2021-06-25 09:20:07,967] {local_task_job.py:151} INFO - Task exited with return code 0
