[2021-06-25 09:18:21,075] {taskinstance.py:876} INFO - Dependencies all met for <TaskInstance: parallel_dag.task_2 2020-03-01T00:00:00+00:00 [queued]>
[2021-06-25 09:18:21,421] {taskinstance.py:876} INFO - Dependencies all met for <TaskInstance: parallel_dag.task_2 2020-03-01T00:00:00+00:00 [queued]>
[2021-06-25 09:18:21,424] {taskinstance.py:1067} INFO - 
--------------------------------------------------------------------------------
[2021-06-25 09:18:21,427] {taskinstance.py:1068} INFO - Starting attempt 1 of 1
[2021-06-25 09:18:21,496] {taskinstance.py:1069} INFO - 
--------------------------------------------------------------------------------
[2021-06-25 09:18:21,676] {taskinstance.py:1087} INFO - Executing <Task(BashOperator): task_2> on 2020-03-01T00:00:00+00:00
[2021-06-25 09:18:21,728] {standard_task_runner.py:52} INFO - Started process 6480 to run task
[2021-06-25 09:18:21,852] {standard_task_runner.py:76} INFO - Running: ['airflow', 'tasks', 'run', 'parallel_dag', 'task_2', '2020-03-01T00:00:00+00:00', '--job-id', '255', '--pool', 'default_pool', '--raw', '--subdir', 'DAGS_FOLDER/parallel_dag.py', '--cfg-path', '/tmp/tmpsmb8j8vp', '--error-file', '/tmp/tmpw0i2a0pj']
[2021-06-25 09:18:21,853] {standard_task_runner.py:77} INFO - Job 255: Subtask task_2
[2021-06-25 09:18:22,571] {logging_mixin.py:104} INFO - Running <TaskInstance: parallel_dag.task_2 2020-03-01T00:00:00+00:00 [running]> on host airflowvm
[2021-06-25 09:18:23,305] {taskinstance.py:1280} INFO - Exporting the following env vars:
AIRFLOW_CTX_DAG_OWNER=airflow
AIRFLOW_CTX_DAG_ID=parallel_dag
AIRFLOW_CTX_TASK_ID=task_2
AIRFLOW_CTX_EXECUTION_DATE=2020-03-01T00:00:00+00:00
AIRFLOW_CTX_DAG_RUN_ID=scheduled__2020-03-01T00:00:00+00:00
[2021-06-25 09:18:23,326] {subprocess.py:52} INFO - Tmp dir root location: 
 /tmp
[2021-06-25 09:18:23,328] {subprocess.py:63} INFO - Running command: ['bash', '-c', 'sleep 3']
[2021-06-25 09:18:23,511] {subprocess.py:75} INFO - Output:
[2021-06-25 09:18:26,535] {subprocess.py:83} INFO - Command exited with return code 0
[2021-06-25 09:18:27,305] {taskinstance.py:1184} INFO - Marking task as SUCCESS. dag_id=parallel_dag, task_id=task_2, execution_date=20200301T000000, start_date=20210625T091821, end_date=20210625T091827
[2021-06-25 09:18:28,081] {taskinstance.py:1245} INFO - 1 downstream tasks scheduled from follow-on schedule check
[2021-06-25 09:18:28,178] {local_task_job.py:151} INFO - Task exited with return code 0
