[2021-06-25 09:19:23,476] {taskinstance.py:876} INFO - Dependencies all met for <TaskInstance: parallel_dag.task_2 2020-03-14T00:00:00+00:00 [queued]>
[2021-06-25 09:19:24,207] {taskinstance.py:876} INFO - Dependencies all met for <TaskInstance: parallel_dag.task_2 2020-03-14T00:00:00+00:00 [queued]>
[2021-06-25 09:19:24,347] {taskinstance.py:1067} INFO - 
--------------------------------------------------------------------------------
[2021-06-25 09:19:24,347] {taskinstance.py:1068} INFO - Starting attempt 1 of 1
[2021-06-25 09:19:24,348] {taskinstance.py:1069} INFO - 
--------------------------------------------------------------------------------
[2021-06-25 09:19:24,692] {taskinstance.py:1087} INFO - Executing <Task(BashOperator): task_2> on 2020-03-14T00:00:00+00:00
[2021-06-25 09:19:24,768] {standard_task_runner.py:52} INFO - Started process 8254 to run task
[2021-06-25 09:19:25,064] {standard_task_runner.py:76} INFO - Running: ['airflow', 'tasks', 'run', 'parallel_dag', 'task_2', '2020-03-14T00:00:00+00:00', '--job-id', '307', '--pool', 'default_pool', '--raw', '--subdir', 'DAGS_FOLDER/parallel_dag.py', '--cfg-path', '/tmp/tmpc9qyx7nk', '--error-file', '/tmp/tmp3em1q42p']
[2021-06-25 09:19:25,099] {standard_task_runner.py:77} INFO - Job 307: Subtask task_2
[2021-06-25 09:19:26,731] {logging_mixin.py:104} INFO - Running <TaskInstance: parallel_dag.task_2 2020-03-14T00:00:00+00:00 [running]> on host airflowvm
[2021-06-25 09:19:28,139] {taskinstance.py:1280} INFO - Exporting the following env vars:
AIRFLOW_CTX_DAG_OWNER=airflow
AIRFLOW_CTX_DAG_ID=parallel_dag
AIRFLOW_CTX_TASK_ID=task_2
AIRFLOW_CTX_EXECUTION_DATE=2020-03-14T00:00:00+00:00
AIRFLOW_CTX_DAG_RUN_ID=scheduled__2020-03-14T00:00:00+00:00
[2021-06-25 09:19:28,145] {subprocess.py:52} INFO - Tmp dir root location: 
 /tmp
[2021-06-25 09:19:28,158] {subprocess.py:63} INFO - Running command: ['bash', '-c', 'sleep 3']
[2021-06-25 09:19:28,273] {subprocess.py:75} INFO - Output:
[2021-06-25 09:19:31,289] {subprocess.py:83} INFO - Command exited with return code 0
[2021-06-25 09:19:31,701] {taskinstance.py:1184} INFO - Marking task as SUCCESS. dag_id=parallel_dag, task_id=task_2, execution_date=20200314T000000, start_date=20210625T091923, end_date=20210625T091931
[2021-06-25 09:19:33,785] {taskinstance.py:1245} INFO - 0 downstream tasks scheduled from follow-on schedule check
[2021-06-25 09:19:33,822] {local_task_job.py:151} INFO - Task exited with return code 0
