[2021-06-25 14:49:53,839] {taskinstance.py:876} INFO - Dependencies all met for <TaskInstance: xcom_dag.choose_best_model 2021-06-25T14:49:43.590982+00:00 [queued]>
[2021-06-25 14:49:53,972] {taskinstance.py:876} INFO - Dependencies all met for <TaskInstance: xcom_dag.choose_best_model 2021-06-25T14:49:43.590982+00:00 [queued]>
[2021-06-25 14:49:53,979] {taskinstance.py:1067} INFO - 
--------------------------------------------------------------------------------
[2021-06-25 14:49:53,980] {taskinstance.py:1068} INFO - Starting attempt 1 of 1
[2021-06-25 14:49:53,982] {taskinstance.py:1069} INFO - 
--------------------------------------------------------------------------------
[2021-06-25 14:49:54,118] {taskinstance.py:1087} INFO - Executing <Task(BranchPythonOperator): choose_best_model> on 2021-06-25T14:49:43.590982+00:00
[2021-06-25 14:49:54,145] {standard_task_runner.py:52} INFO - Started process 8323 to run task
[2021-06-25 14:49:54,210] {standard_task_runner.py:76} INFO - Running: ['airflow', 'tasks', 'run', 'xcom_dag', 'choose_best_model', '2021-06-25T14:49:43.590982+00:00', '--job-id', '452', '--pool', 'default_pool', '--raw', '--subdir', 'DAGS_FOLDER/xcom_dag.py', '--cfg-path', '/tmp/tmp35ra2oz5', '--error-file', '/tmp/tmpggb488_d']
[2021-06-25 14:49:54,233] {standard_task_runner.py:77} INFO - Job 452: Subtask choose_best_model
[2021-06-25 14:49:54,534] {logging_mixin.py:104} INFO - Running <TaskInstance: xcom_dag.choose_best_model 2021-06-25T14:49:43.590982+00:00 [running]> on host airflowvm
[2021-06-25 14:49:54,718] {taskinstance.py:1280} INFO - Exporting the following env vars:
AIRFLOW_CTX_DAG_OWNER=airflow
AIRFLOW_CTX_DAG_ID=xcom_dag
AIRFLOW_CTX_TASK_ID=choose_best_model
AIRFLOW_CTX_EXECUTION_DATE=2021-06-25T14:49:43.590982+00:00
AIRFLOW_CTX_DAG_RUN_ID=manual__2021-06-25T14:49:43.590982+00:00
[2021-06-25 14:49:54,726] {logging_mixin.py:104} INFO - choose best model
[2021-06-25 14:49:54,750] {logging_mixin.py:104} INFO - Accuracies [0.15809931189338244, 0.9187518830610045, 0.8029559063835358]
[2021-06-25 14:49:54,751] {python.py:151} INFO - Done. Returned value was: accurate
[2021-06-25 14:49:54,752] {skipmixin.py:124} INFO - Following branch accurate
[2021-06-25 14:49:54,777] {skipmixin.py:155} INFO - Skipping tasks ['inaccurate']
[2021-06-25 14:49:54,900] {taskinstance.py:1184} INFO - Marking task as SUCCESS. dag_id=xcom_dag, task_id=choose_best_model, execution_date=20210625T144943, start_date=20210625T144953, end_date=20210625T144954
[2021-06-25 14:49:54,986] {taskinstance.py:1245} INFO - 1 downstream tasks scheduled from follow-on schedule check
[2021-06-25 14:49:55,028] {local_task_job.py:151} INFO - Task exited with return code 0
