[2021-06-24 16:24:37,663] {taskinstance.py:876} INFO - Dependencies all met for <TaskInstance: parallel_dag.task_2 2020-01-12T00:00:00+00:00 [queued]>
[2021-06-24 16:24:37,673] {taskinstance.py:876} INFO - Dependencies all met for <TaskInstance: parallel_dag.task_2 2020-01-12T00:00:00+00:00 [queued]>
[2021-06-24 16:24:37,674] {taskinstance.py:1067} INFO - 
--------------------------------------------------------------------------------
[2021-06-24 16:24:37,675] {taskinstance.py:1068} INFO - Starting attempt 1 of 1
[2021-06-24 16:24:37,675] {taskinstance.py:1069} INFO - 
--------------------------------------------------------------------------------
[2021-06-24 16:24:37,703] {taskinstance.py:1087} INFO - Executing <Task(BashOperator): task_2> on 2020-01-12T00:00:00+00:00
[2021-06-24 16:24:37,706] {standard_task_runner.py:52} INFO - Started process 2277 to run task
[2021-06-24 16:24:37,727] {standard_task_runner.py:76} INFO - Running: ['airflow', 'tasks', 'run', 'parallel_dag', 'task_2', '2020-01-12T00:00:00+00:00', '--job-id', '87', '--pool', 'default_pool', '--raw', '--subdir', 'DAGS_FOLDER/parallel_dag.py', '--cfg-path', '/tmp/tmpilnbaqg8', '--error-file', '/tmp/tmpev1w0kzl']
[2021-06-24 16:24:37,729] {standard_task_runner.py:77} INFO - Job 87: Subtask task_2
[2021-06-24 16:24:37,812] {logging_mixin.py:104} INFO - Running <TaskInstance: parallel_dag.task_2 2020-01-12T00:00:00+00:00 [running]> on host airflowvm
[2021-06-24 16:24:37,894] {taskinstance.py:1280} INFO - Exporting the following env vars:
AIRFLOW_CTX_DAG_OWNER=airflow
AIRFLOW_CTX_DAG_ID=parallel_dag
AIRFLOW_CTX_TASK_ID=task_2
AIRFLOW_CTX_EXECUTION_DATE=2020-01-12T00:00:00+00:00
AIRFLOW_CTX_DAG_RUN_ID=scheduled__2020-01-12T00:00:00+00:00
[2021-06-24 16:24:37,895] {subprocess.py:52} INFO - Tmp dir root location: 
 /tmp
[2021-06-24 16:24:37,896] {subprocess.py:63} INFO - Running command: ['bash', '-c', 'sleep 3']
[2021-06-24 16:24:37,906] {subprocess.py:75} INFO - Output:
[2021-06-24 16:24:40,911] {subprocess.py:83} INFO - Command exited with return code 0
[2021-06-24 16:24:40,940] {taskinstance.py:1184} INFO - Marking task as SUCCESS. dag_id=parallel_dag, task_id=task_2, execution_date=20200112T000000, start_date=20210624T162437, end_date=20210624T162440
[2021-06-24 16:24:40,968] {taskinstance.py:1245} INFO - 0 downstream tasks scheduled from follow-on schedule check
[2021-06-24 16:24:41,008] {local_task_job.py:151} INFO - Task exited with return code 0
[2021-06-24 17:04:33,654] {taskinstance.py:876} INFO - Dependencies all met for <TaskInstance: parallel_dag.task_2 2020-01-12T00:00:00+00:00 [queued]>
[2021-06-24 17:04:34,450] {taskinstance.py:876} INFO - Dependencies all met for <TaskInstance: parallel_dag.task_2 2020-01-12T00:00:00+00:00 [queued]>
[2021-06-24 17:04:34,451] {taskinstance.py:1067} INFO - 
--------------------------------------------------------------------------------
[2021-06-24 17:04:34,451] {taskinstance.py:1068} INFO - Starting attempt 1 of 1
[2021-06-24 17:04:34,451] {taskinstance.py:1069} INFO - 
--------------------------------------------------------------------------------
[2021-06-24 17:04:34,924] {taskinstance.py:1087} INFO - Executing <Task(BashOperator): task_2> on 2020-01-12T00:00:00+00:00
[2021-06-24 17:04:35,056] {standard_task_runner.py:52} INFO - Started process 9915 to run task
[2021-06-24 17:04:35,269] {standard_task_runner.py:76} INFO - Running: ['airflow', 'tasks', 'run', 'parallel_dag', 'task_2', '2020-01-12T00:00:00+00:00', '--job-id', '44', '--pool', 'default_pool', '--raw', '--subdir', 'DAGS_FOLDER/parallel_dag.py', '--cfg-path', '/tmp/tmp4602qsg8', '--error-file', '/tmp/tmp_pvryzoj']
[2021-06-24 17:04:35,353] {standard_task_runner.py:77} INFO - Job 44: Subtask task_2
[2021-06-24 17:04:37,108] {logging_mixin.py:104} INFO - Running <TaskInstance: parallel_dag.task_2 2020-01-12T00:00:00+00:00 [running]> on host airflowvm
[2021-06-24 17:04:38,693] {taskinstance.py:1280} INFO - Exporting the following env vars:
AIRFLOW_CTX_DAG_OWNER=airflow
AIRFLOW_CTX_DAG_ID=parallel_dag
AIRFLOW_CTX_TASK_ID=task_2
AIRFLOW_CTX_EXECUTION_DATE=2020-01-12T00:00:00+00:00
AIRFLOW_CTX_DAG_RUN_ID=scheduled__2020-01-12T00:00:00+00:00
[2021-06-24 17:04:38,695] {subprocess.py:52} INFO - Tmp dir root location: 
 /tmp
[2021-06-24 17:04:38,709] {subprocess.py:63} INFO - Running command: ['bash', '-c', 'sleep 3']
[2021-06-24 17:04:38,828] {subprocess.py:75} INFO - Output:
[2021-06-24 17:04:41,894] {subprocess.py:83} INFO - Command exited with return code 0
[2021-06-24 17:04:42,631] {taskinstance.py:1184} INFO - Marking task as SUCCESS. dag_id=parallel_dag, task_id=task_2, execution_date=20200112T000000, start_date=20210624T170433, end_date=20210624T170442
[2021-06-24 17:04:46,102] {taskinstance.py:1245} INFO - 1 downstream tasks scheduled from follow-on schedule check
[2021-06-24 17:04:47,090] {local_task_job.py:151} INFO - Task exited with return code 0
