[2021-06-25 09:19:30,309] {taskinstance.py:876} INFO - Dependencies all met for <TaskInstance: parallel_dag.task_4 2020-03-11T00:00:00+00:00 [queued]>
[2021-06-25 09:19:30,834] {taskinstance.py:876} INFO - Dependencies all met for <TaskInstance: parallel_dag.task_4 2020-03-11T00:00:00+00:00 [queued]>
[2021-06-25 09:19:30,836] {taskinstance.py:1067} INFO - 
--------------------------------------------------------------------------------
[2021-06-25 09:19:30,842] {taskinstance.py:1068} INFO - Starting attempt 1 of 1
[2021-06-25 09:19:30,858] {taskinstance.py:1069} INFO - 
--------------------------------------------------------------------------------
[2021-06-25 09:19:31,111] {taskinstance.py:1087} INFO - Executing <Task(BashOperator): task_4> on 2020-03-11T00:00:00+00:00
[2021-06-25 09:19:31,171] {standard_task_runner.py:52} INFO - Started process 8395 to run task
[2021-06-25 09:19:31,318] {standard_task_runner.py:76} INFO - Running: ['airflow', 'tasks', 'run', 'parallel_dag', 'task_4', '2020-03-11T00:00:00+00:00', '--job-id', '312', '--pool', 'default_pool', '--raw', '--subdir', 'DAGS_FOLDER/parallel_dag.py', '--cfg-path', '/tmp/tmp0f3d02i7', '--error-file', '/tmp/tmpf90hr__t']
[2021-06-25 09:19:31,357] {standard_task_runner.py:77} INFO - Job 312: Subtask task_4
[2021-06-25 09:19:32,422] {logging_mixin.py:104} INFO - Running <TaskInstance: parallel_dag.task_4 2020-03-11T00:00:00+00:00 [running]> on host airflowvm
[2021-06-25 09:19:33,223] {taskinstance.py:1280} INFO - Exporting the following env vars:
AIRFLOW_CTX_DAG_OWNER=airflow
AIRFLOW_CTX_DAG_ID=parallel_dag
AIRFLOW_CTX_TASK_ID=task_4
AIRFLOW_CTX_EXECUTION_DATE=2020-03-11T00:00:00+00:00
AIRFLOW_CTX_DAG_RUN_ID=scheduled__2020-03-11T00:00:00+00:00
[2021-06-25 09:19:33,239] {subprocess.py:52} INFO - Tmp dir root location: 
 /tmp
[2021-06-25 09:19:33,240] {subprocess.py:63} INFO - Running command: ['bash', '-c', 'sleep 3']
[2021-06-25 09:19:33,379] {subprocess.py:75} INFO - Output:
[2021-06-25 09:19:36,420] {subprocess.py:83} INFO - Command exited with return code 0
[2021-06-25 09:19:37,100] {taskinstance.py:1184} INFO - Marking task as SUCCESS. dag_id=parallel_dag, task_id=task_4, execution_date=20200311T000000, start_date=20210625T091930, end_date=20210625T091937
[2021-06-25 09:19:39,089] {taskinstance.py:1245} INFO - 0 downstream tasks scheduled from follow-on schedule check
[2021-06-25 09:19:39,185] {local_task_job.py:151} INFO - Task exited with return code 0
