[2021-07-01 08:49:06,962] {taskinstance.py:876} INFO - Dependencies all met for <TaskInstance: user_processing_v2.extracting_user_5 2021-06-30T14:29:12.044488+00:00 [queued]>
[2021-07-01 08:49:07,186] {taskinstance.py:876} INFO - Dependencies all met for <TaskInstance: user_processing_v2.extracting_user_5 2021-06-30T14:29:12.044488+00:00 [queued]>
[2021-07-01 08:49:07,187] {taskinstance.py:1067} INFO - 
--------------------------------------------------------------------------------
[2021-07-01 08:49:07,187] {taskinstance.py:1068} INFO - Starting attempt 6 of 6
[2021-07-01 08:49:07,188] {taskinstance.py:1069} INFO - 
--------------------------------------------------------------------------------
[2021-07-01 08:49:07,233] {taskinstance.py:1087} INFO - Executing <Task(SimpleHttpOperator): extracting_user_5> on 2021-06-30T14:29:12.044488+00:00
[2021-07-01 08:49:07,242] {standard_task_runner.py:52} INFO - Started process 31100 to run task
[2021-07-01 08:49:07,294] {standard_task_runner.py:76} INFO - Running: ['airflow', 'tasks', 'run', 'user_processing_v2', 'extracting_user_5', '2021-06-30T14:29:12.044488+00:00', '--job-id', '924', '--pool', 'default_pool', '--raw', '--subdir', 'DAGS_FOLDER/user_processing_v2.py', '--cfg-path', '/tmp/tmpyku12owr', '--error-file', '/tmp/tmpwk1mkk7p']
[2021-07-01 08:49:07,306] {standard_task_runner.py:77} INFO - Job 924: Subtask extracting_user_5
[2021-07-01 08:49:07,755] {logging_mixin.py:104} INFO - Running <TaskInstance: user_processing_v2.extracting_user_5 2021-06-30T14:29:12.044488+00:00 [running]> on host airflowvm
[2021-07-01 08:49:08,193] {taskinstance.py:1280} INFO - Exporting the following env vars:
AIRFLOW_CTX_DAG_OWNER=airflow
AIRFLOW_CTX_DAG_ID=user_processing_v2
AIRFLOW_CTX_TASK_ID=extracting_user_5
AIRFLOW_CTX_EXECUTION_DATE=2021-06-30T14:29:12.044488+00:00
AIRFLOW_CTX_DAG_RUN_ID=manual__2021-06-30T14:29:12.044488+00:00
[2021-07-01 08:49:08,194] {http.py:111} INFO - Calling HTTP method
[2021-07-01 08:49:08,249] {base.py:69} INFO - Using connection to: id: user_api. Host: https://randomuser.me/, Port: None, Schema: , Login: , Password: None, extra: {}
[2021-07-01 08:49:08,252] {http.py:140} INFO - Sending 'GET' to url: https://randomuser.me/api/
[2021-07-01 08:49:08,619] {http.py:115} INFO - {"results":[{"gender":"female","name":{"title":"Mademoiselle","first":"Dijana","last":"Leroux"},"location":{"street":{"number":9381,"name":"Place des 44 Enfants D'Izieu"},"city":"Auboranges","state":"Zürich","country":"Switzerland","postcode":1427,"coordinates":{"latitude":"-55.4719","longitude":"142.8468"},"timezone":{"offset":"-4:00","description":"Atlantic Time (Canada), Caracas, La Paz"}},"email":"dijana.leroux@example.com","login":{"uuid":"3984f40f-3063-4914-8f66-b48115095f21","username":"happypeacock363","password":"godfather","salt":"aymJetV7","md5":"681513a771fed85c21632378b7b13ac4","sha1":"db1450ea881c7226364b127a7d48c95925e44a7e","sha256":"534101137411be53b39abaddaa32e7e09339b4210a9456c81c484d548aefa33a"},"dob":{"date":"1974-05-26T03:13:24.422Z","age":47},"registered":{"date":"2003-09-26T02:09:44.213Z","age":18},"phone":"078 391 14 69","cell":"076 038 13 14","id":{"name":"AVS","value":"756.0663.6165.85"},"picture":{"large":"https://randomuser.me/api/portraits/women/9.jpg","medium":"https://randomuser.me/api/portraits/med/women/9.jpg","thumbnail":"https://randomuser.me/api/portraits/thumb/women/9.jpg"},"nat":"CH"}],"info":{"seed":"7702729230d5c111","results":1,"page":1,"version":"1.3"}}
[2021-07-01 08:49:08,797] {taskinstance.py:1184} INFO - Marking task as SUCCESS. dag_id=user_processing_v2, task_id=extracting_user_5, execution_date=20210630T142912, start_date=20210701T084906, end_date=20210701T084908
[2021-07-01 08:49:08,971] {taskinstance.py:1245} INFO - 1 downstream tasks scheduled from follow-on schedule check
[2021-07-01 08:49:09,006] {local_task_job.py:151} INFO - Task exited with return code 0
