[2021-07-05 10:31:08,222] {taskinstance.py:876} INFO - Dependencies all met for <TaskInstance: get_as_dataframe.get_cataract_sex 2021-07-04T00:00:00+00:00 [queued]>
[2021-07-05 10:31:08,264] {taskinstance.py:876} INFO - Dependencies all met for <TaskInstance: get_as_dataframe.get_cataract_sex 2021-07-04T00:00:00+00:00 [queued]>
[2021-07-05 10:31:08,265] {taskinstance.py:1067} INFO - 
--------------------------------------------------------------------------------
[2021-07-05 10:31:08,265] {taskinstance.py:1068} INFO - Starting attempt 1 of 1
[2021-07-05 10:31:08,266] {taskinstance.py:1069} INFO - 
--------------------------------------------------------------------------------
[2021-07-05 10:31:08,292] {taskinstance.py:1087} INFO - Executing <Task(PythonOperator): get_cataract_sex> on 2021-07-04T00:00:00+00:00
[2021-07-05 10:31:08,297] {standard_task_runner.py:52} INFO - Started process 18987 to run task
[2021-07-05 10:31:08,310] {standard_task_runner.py:76} INFO - Running: ['airflow', 'tasks', 'run', 'get_as_dataframe', 'get_cataract_sex', '2021-07-04T00:00:00+00:00', '--job-id', '1160', '--pool', 'default_pool', '--raw', '--subdir', 'DAGS_FOLDER/get_as_Dataframe.py', '--cfg-path', '/tmp/tmprafi6oac', '--error-file', '/tmp/tmplc4atwt4']
[2021-07-05 10:31:08,312] {standard_task_runner.py:77} INFO - Job 1160: Subtask get_cataract_sex
[2021-07-05 10:31:08,468] {logging_mixin.py:104} INFO - Running <TaskInstance: get_as_dataframe.get_cataract_sex 2021-07-04T00:00:00+00:00 [running]> on host airflowvm
[2021-07-05 10:31:08,703] {taskinstance.py:1280} INFO - Exporting the following env vars:
AIRFLOW_CTX_DAG_OWNER=airflow
AIRFLOW_CTX_DAG_ID=get_as_dataframe
AIRFLOW_CTX_TASK_ID=get_cataract_sex
AIRFLOW_CTX_EXECUTION_DATE=2021-07-04T00:00:00+00:00
AIRFLOW_CTX_DAG_RUN_ID=scheduled__2021-07-04T00:00:00+00:00
[2021-07-05 10:31:08,735] {base.py:69} INFO - Using connection to: id: ***_default. Host: localhost, Port: 5432, Schema: , Login: ***, Password: ***, extra: {'cursor': 'realdictcursor'}
[2021-07-05 10:31:08,783] {python.py:151} INFO - Done. Returned value was: {"Cataract Females":{"0":"(2593)"},"Cataract Males":{"0":"(1871)"}}
[2021-07-05 10:31:08,852] {taskinstance.py:1184} INFO - Marking task as SUCCESS. dag_id=get_as_dataframe, task_id=get_cataract_sex, execution_date=20210704T000000, start_date=20210705T103108, end_date=20210705T103108
[2021-07-05 10:31:08,935] {taskinstance.py:1245} INFO - 1 downstream tasks scheduled from follow-on schedule check
[2021-07-05 10:31:08,984] {local_task_job.py:151} INFO - Task exited with return code 0
