[2021-06-30 14:33:02,284] {taskinstance.py:876} INFO - Dependencies all met for <TaskInstance: user_processing_v2.extracting_user_4 2021-06-30T14:29:12.044488+00:00 [queued]>
[2021-06-30 14:33:02,558] {taskinstance.py:876} INFO - Dependencies all met for <TaskInstance: user_processing_v2.extracting_user_4 2021-06-30T14:29:12.044488+00:00 [queued]>
[2021-06-30 14:33:02,559] {taskinstance.py:1067} INFO - 
--------------------------------------------------------------------------------
[2021-06-30 14:33:02,559] {taskinstance.py:1068} INFO - Starting attempt 1 of 1
[2021-06-30 14:33:02,559] {taskinstance.py:1069} INFO - 
--------------------------------------------------------------------------------
[2021-06-30 14:33:02,695] {taskinstance.py:1087} INFO - Executing <Task(SimpleHttpOperator): extracting_user_4> on 2021-06-30T14:29:12.044488+00:00
[2021-06-30 14:33:02,709] {standard_task_runner.py:52} INFO - Started process 4950 to run task
[2021-06-30 14:33:02,875] {standard_task_runner.py:76} INFO - Running: ['airflow', 'tasks', 'run', 'user_processing_v2', 'extracting_user_4', '2021-06-30T14:29:12.044488+00:00', '--job-id', '830', '--pool', 'default_pool', '--raw', '--subdir', 'DAGS_FOLDER/user_processing_v2.py', '--cfg-path', '/tmp/tmpclh4td93', '--error-file', '/tmp/tmp_qpehcdm']
[2021-06-30 14:33:02,991] {standard_task_runner.py:77} INFO - Job 830: Subtask extracting_user_4
[2021-06-30 14:33:04,174] {logging_mixin.py:104} INFO - Running <TaskInstance: user_processing_v2.extracting_user_4 2021-06-30T14:29:12.044488+00:00 [running]> on host airflowvm
[2021-06-30 14:33:05,044] {taskinstance.py:1280} INFO - Exporting the following env vars:
AIRFLOW_CTX_DAG_OWNER=airflow
AIRFLOW_CTX_DAG_ID=user_processing_v2
AIRFLOW_CTX_TASK_ID=extracting_user_4
AIRFLOW_CTX_EXECUTION_DATE=2021-06-30T14:29:12.044488+00:00
AIRFLOW_CTX_DAG_RUN_ID=manual__2021-06-30T14:29:12.044488+00:00
[2021-06-30 14:33:05,081] {http.py:111} INFO - Calling HTTP method
[2021-06-30 14:33:05,265] {base.py:69} INFO - Using connection to: id: user_api. Host: https://randomuser.me/, Port: None, Schema: , Login: , Password: None, extra: {}
[2021-06-30 14:33:05,267] {http.py:140} INFO - Sending 'GET' to url: https://randomuser.me/api/
[2021-06-30 14:33:05,875] {http.py:115} INFO - {"results":[{"gender":"female","name":{"title":"Ms","first":"Lucille","last":"Byrd"},"location":{"street":{"number":3235,"name":"Hamilton Ave"},"city":"Tulsa","state":"Florida","country":"United States","postcode":63790,"coordinates":{"latitude":"89.5797","longitude":"36.7200"},"timezone":{"offset":"-12:00","description":"Eniwetok, Kwajalein"}},"email":"lucille.byrd@example.com","login":{"uuid":"91b055e2-90cb-4190-a80e-274d796f05b2","username":"tinydog532","password":"1dragon","salt":"dVQeJdyI","md5":"8de938356b76cccac5a1d524aff4d8a1","sha1":"babd0fbc2e03c531481a20bc2c92594b64d23a72","sha256":"2326f400ef0eefa4628cb483475626d3e8a2de4660edc32838df990468741d08"},"dob":{"date":"1960-03-12T19:26:19.744Z","age":61},"registered":{"date":"2017-03-10T23:35:20.854Z","age":4},"phone":"(549)-037-1320","cell":"(356)-063-7650","id":{"name":"SSN","value":"600-79-1731"},"picture":{"large":"https://randomuser.me/api/portraits/women/44.jpg","medium":"https://randomuser.me/api/portraits/med/women/44.jpg","thumbnail":"https://randomuser.me/api/portraits/thumb/women/44.jpg"},"nat":"US"}],"info":{"seed":"ba2bba88053bc800","results":1,"page":1,"version":"1.3"}}
[2021-06-30 14:33:06,215] {taskinstance.py:1184} INFO - Marking task as SUCCESS. dag_id=user_processing_v2, task_id=extracting_user_4, execution_date=20210630T142912, start_date=20210630T143302, end_date=20210630T143306
[2021-06-30 14:33:07,115] {taskinstance.py:1245} INFO - 1 downstream tasks scheduled from follow-on schedule check
[2021-06-30 14:33:07,213] {local_task_job.py:151} INFO - Task exited with return code 0
