[2021-06-30 14:49:57,349] {taskinstance.py:876} INFO - Dependencies all met for <TaskInstance: user_processing_v2.extracting_user_4 2021-06-30T14:29:12.044488+00:00 [queued]>
[2021-06-30 14:49:57,570] {taskinstance.py:876} INFO - Dependencies all met for <TaskInstance: user_processing_v2.extracting_user_4 2021-06-30T14:29:12.044488+00:00 [queued]>
[2021-06-30 14:49:57,570] {taskinstance.py:1067} INFO - 
--------------------------------------------------------------------------------
[2021-06-30 14:49:57,570] {taskinstance.py:1068} INFO - Starting attempt 2 of 2
[2021-06-30 14:49:57,574] {taskinstance.py:1069} INFO - 
--------------------------------------------------------------------------------
[2021-06-30 14:49:57,736] {taskinstance.py:1087} INFO - Executing <Task(SimpleHttpOperator): extracting_user_4> on 2021-06-30T14:29:12.044488+00:00
[2021-06-30 14:49:57,795] {standard_task_runner.py:52} INFO - Started process 7197 to run task
[2021-06-30 14:49:57,838] {standard_task_runner.py:76} INFO - Running: ['airflow', 'tasks', 'run', 'user_processing_v2', 'extracting_user_4', '2021-06-30T14:29:12.044488+00:00', '--job-id', '854', '--pool', 'default_pool', '--raw', '--subdir', 'DAGS_FOLDER/user_processing_v2.py', '--cfg-path', '/tmp/tmp9_2b924t', '--error-file', '/tmp/tmpb3vf05de']
[2021-06-30 14:49:57,861] {standard_task_runner.py:77} INFO - Job 854: Subtask extracting_user_4
[2021-06-30 14:49:58,484] {logging_mixin.py:104} INFO - Running <TaskInstance: user_processing_v2.extracting_user_4 2021-06-30T14:29:12.044488+00:00 [running]> on host airflowvm
[2021-06-30 14:49:59,194] {taskinstance.py:1280} INFO - Exporting the following env vars:
AIRFLOW_CTX_DAG_OWNER=airflow
AIRFLOW_CTX_DAG_ID=user_processing_v2
AIRFLOW_CTX_TASK_ID=extracting_user_4
AIRFLOW_CTX_EXECUTION_DATE=2021-06-30T14:29:12.044488+00:00
AIRFLOW_CTX_DAG_RUN_ID=manual__2021-06-30T14:29:12.044488+00:00
[2021-06-30 14:49:59,200] {http.py:111} INFO - Calling HTTP method
[2021-06-30 14:49:59,265] {base.py:69} INFO - Using connection to: id: user_api. Host: https://randomuser.me/, Port: None, Schema: , Login: , Password: None, extra: {}
[2021-06-30 14:49:59,270] {http.py:140} INFO - Sending 'GET' to url: https://randomuser.me/api/
[2021-06-30 14:49:59,866] {http.py:115} INFO - {"results":[{"gender":"female","name":{"title":"Ms","first":"Lucy","last":"Fabre"},"location":{"street":{"number":8389,"name":"Rue Desaix"},"city":"Paris","state":"Pas-de-Calais","country":"France","postcode":26275,"coordinates":{"latitude":"-4.9116","longitude":"55.7588"},"timezone":{"offset":"+4:30","description":"Kabul"}},"email":"lucy.fabre@example.com","login":{"uuid":"a4fadbac-2a92-4b30-acb8-0bdb2ba03d01","username":"lazybird752","password":"piano","salt":"QJjSoa3U","md5":"6467f7f668aa43926e0b789675aefa90","sha1":"6b4e2d62506927f7c42e8038e9fba84399b42dd0","sha256":"6651b26b77612431b14e9c37c62347897a71105cb99b7c92dd8d7a7685a0945e"},"dob":{"date":"1988-11-26T12:53:39.537Z","age":33},"registered":{"date":"2014-06-21T19:10:48.943Z","age":7},"phone":"04-60-28-00-40","cell":"06-06-31-80-84","id":{"name":"INSEE","value":"2NNaN59399661 91"},"picture":{"large":"https://randomuser.me/api/portraits/women/12.jpg","medium":"https://randomuser.me/api/portraits/med/women/12.jpg","thumbnail":"https://randomuser.me/api/portraits/thumb/women/12.jpg"},"nat":"FR"}],"info":{"seed":"b4ced5b4194107a4","results":1,"page":1,"version":"1.3"}}
[2021-06-30 14:50:00,250] {taskinstance.py:1184} INFO - Marking task as SUCCESS. dag_id=user_processing_v2, task_id=extracting_user_4, execution_date=20210630T142912, start_date=20210630T144957, end_date=20210630T145000
[2021-06-30 14:50:00,649] {taskinstance.py:1245} INFO - 1 downstream tasks scheduled from follow-on schedule check
[2021-06-30 14:50:00,697] {local_task_job.py:151} INFO - Task exited with return code 0
