[2021-06-30 15:05:17,544] {taskinstance.py:876} INFO - Dependencies all met for <TaskInstance: user_processing_v2.extracting_user_4 2021-06-30T14:29:12.044488+00:00 [queued]>
[2021-06-30 15:05:17,637] {taskinstance.py:876} INFO - Dependencies all met for <TaskInstance: user_processing_v2.extracting_user_4 2021-06-30T14:29:12.044488+00:00 [queued]>
[2021-06-30 15:05:17,642] {taskinstance.py:1067} INFO - 
--------------------------------------------------------------------------------
[2021-06-30 15:05:17,642] {taskinstance.py:1068} INFO - Starting attempt 5 of 5
[2021-06-30 15:05:17,643] {taskinstance.py:1069} INFO - 
--------------------------------------------------------------------------------
[2021-06-30 15:05:17,715] {taskinstance.py:1087} INFO - Executing <Task(SimpleHttpOperator): extracting_user_4> on 2021-06-30T14:29:12.044488+00:00
[2021-06-30 15:05:17,738] {standard_task_runner.py:52} INFO - Started process 9740 to run task
[2021-06-30 15:05:17,774] {standard_task_runner.py:76} INFO - Running: ['airflow', 'tasks', 'run', 'user_processing_v2', 'extracting_user_4', '2021-06-30T14:29:12.044488+00:00', '--job-id', '890', '--pool', 'default_pool', '--raw', '--subdir', 'DAGS_FOLDER/user_processing_v2.py', '--cfg-path', '/tmp/tmpqk7222qg', '--error-file', '/tmp/tmp2dvbzlcb']
[2021-06-30 15:05:17,783] {standard_task_runner.py:77} INFO - Job 890: Subtask extracting_user_4
[2021-06-30 15:05:18,303] {logging_mixin.py:104} INFO - Running <TaskInstance: user_processing_v2.extracting_user_4 2021-06-30T14:29:12.044488+00:00 [running]> on host airflowvm
[2021-06-30 15:05:18,938] {taskinstance.py:1280} INFO - Exporting the following env vars:
AIRFLOW_CTX_DAG_OWNER=airflow
AIRFLOW_CTX_DAG_ID=user_processing_v2
AIRFLOW_CTX_TASK_ID=extracting_user_4
AIRFLOW_CTX_EXECUTION_DATE=2021-06-30T14:29:12.044488+00:00
AIRFLOW_CTX_DAG_RUN_ID=manual__2021-06-30T14:29:12.044488+00:00
[2021-06-30 15:05:18,939] {http.py:111} INFO - Calling HTTP method
[2021-06-30 15:05:19,005] {base.py:69} INFO - Using connection to: id: user_api. Host: https://randomuser.me/, Port: None, Schema: , Login: , Password: None, extra: {}
[2021-06-30 15:05:19,024] {http.py:140} INFO - Sending 'GET' to url: https://randomuser.me/api/
[2021-06-30 15:05:19,481] {http.py:115} INFO - {"results":[{"gender":"male","name":{"title":"Mr","first":"Isaiah","last":"Turner"},"location":{"street":{"number":5552,"name":"New Street"},"city":"Carrigaline","state":"Galway","country":"Ireland","postcode":51165,"coordinates":{"latitude":"24.6695","longitude":"-166.0669"},"timezone":{"offset":"+5:30","description":"Bombay, Calcutta, Madras, New Delhi"}},"email":"isaiah.turner@example.com","login":{"uuid":"7eb87347-8e2f-464f-9cca-112baec3ca95","username":"smallostrich185","password":"robot","salt":"G4k8zs9e","md5":"bc3d8c726ed96d2a1d62901af06386be","sha1":"cf99972821f11b92bc6e4b1a52ac01eceef3e42b","sha256":"e4d2e6a28b926b0e33e31ca111b196e1e491f1347c7ea9d234cc90078450e132"},"dob":{"date":"1949-08-18T15:04:15.131Z","age":72},"registered":{"date":"2004-07-30T01:22:24.608Z","age":17},"phone":"051-872-7653","cell":"081-841-2007","id":{"name":"PPS","value":"2847036T"},"picture":{"large":"https://randomuser.me/api/portraits/men/71.jpg","medium":"https://randomuser.me/api/portraits/med/men/71.jpg","thumbnail":"https://randomuser.me/api/portraits/thumb/men/71.jpg"},"nat":"IE"}],"info":{"seed":"6b54191cea4aa12e","results":1,"page":1,"version":"1.3"}}
[2021-06-30 15:05:19,594] {taskinstance.py:1184} INFO - Marking task as SUCCESS. dag_id=user_processing_v2, task_id=extracting_user_4, execution_date=20210630T142912, start_date=20210630T150517, end_date=20210630T150519
[2021-06-30 15:05:19,781] {taskinstance.py:1245} INFO - 1 downstream tasks scheduled from follow-on schedule check
[2021-06-30 15:05:19,813] {local_task_job.py:151} INFO - Task exited with return code 0
