[2021-07-01 08:32:40,169] {taskinstance.py:876} INFO - Dependencies all met for <TaskInstance: user_processing_v2.extracting_user_5 2021-06-30T00:00:00+00:00 [queued]>
[2021-07-01 08:32:40,334] {taskinstance.py:876} INFO - Dependencies all met for <TaskInstance: user_processing_v2.extracting_user_5 2021-06-30T00:00:00+00:00 [queued]>
[2021-07-01 08:32:40,338] {taskinstance.py:1067} INFO - 
--------------------------------------------------------------------------------
[2021-07-01 08:32:40,338] {taskinstance.py:1068} INFO - Starting attempt 1 of 1
[2021-07-01 08:32:40,339] {taskinstance.py:1069} INFO - 
--------------------------------------------------------------------------------
[2021-07-01 08:32:40,456] {taskinstance.py:1087} INFO - Executing <Task(SimpleHttpOperator): extracting_user_5> on 2021-06-30T00:00:00+00:00
[2021-07-01 08:32:40,480] {standard_task_runner.py:52} INFO - Started process 2075 to run task
[2021-07-01 08:32:40,536] {standard_task_runner.py:76} INFO - Running: ['airflow', 'tasks', 'run', 'user_processing_v2', 'extracting_user_5', '2021-06-30T00:00:00+00:00', '--job-id', '905', '--pool', 'default_pool', '--raw', '--subdir', 'DAGS_FOLDER/user_processing_v2.py', '--cfg-path', '/tmp/tmp8ijdinke', '--error-file', '/tmp/tmpxcw4ftb4']
[2021-07-01 08:32:40,568] {standard_task_runner.py:77} INFO - Job 905: Subtask extracting_user_5
[2021-07-01 08:32:41,139] {logging_mixin.py:104} INFO - Running <TaskInstance: user_processing_v2.extracting_user_5 2021-06-30T00:00:00+00:00 [running]> on host airflowvm
[2021-07-01 08:32:41,816] {taskinstance.py:1280} INFO - Exporting the following env vars:
AIRFLOW_CTX_DAG_OWNER=airflow
AIRFLOW_CTX_DAG_ID=user_processing_v2
AIRFLOW_CTX_TASK_ID=extracting_user_5
AIRFLOW_CTX_EXECUTION_DATE=2021-06-30T00:00:00+00:00
AIRFLOW_CTX_DAG_RUN_ID=scheduled__2021-06-30T00:00:00+00:00
[2021-07-01 08:32:41,820] {http.py:111} INFO - Calling HTTP method
[2021-07-01 08:32:41,959] {base.py:69} INFO - Using connection to: id: user_api. Host: https://randomuser.me/, Port: None, Schema: , Login: , Password: None, extra: {}
[2021-07-01 08:32:41,966] {http.py:140} INFO - Sending 'GET' to url: https://randomuser.me/api/
[2021-07-01 08:32:42,315] {http.py:115} INFO - {"results":[{"gender":"male","name":{"title":"Mr","first":"Baqui","last":"Santos"},"location":{"street":{"number":528,"name":"Rua da Saudade"},"city":"Macaé","state":"Acre","country":"Brazil","postcode":43564,"coordinates":{"latitude":"-72.2328","longitude":"-117.0836"},"timezone":{"offset":"-12:00","description":"Eniwetok, Kwajalein"}},"email":"baqui.santos@example.com","login":{"uuid":"2e003805-41dd-4cfb-b0cb-bb97ad6f3fa7","username":"silverpanda771","password":"737373","salt":"qfZ2X7RR","md5":"b414734d6ffe25c4f3d003dc5f4eafab","sha1":"749deeb15099b368f2b18691b375a7ae296c752a","sha256":"46cca9fda935f3e6201654f73bf156228fc82eedff2763985d1dd9768bf57300"},"dob":{"date":"1983-02-09T14:53:41.600Z","age":38},"registered":{"date":"2013-02-18T13:26:36.151Z","age":8},"phone":"(68) 4929-6466","cell":"(86) 5043-2964","id":{"name":"","value":null},"picture":{"large":"https://randomuser.me/api/portraits/men/45.jpg","medium":"https://randomuser.me/api/portraits/med/men/45.jpg","thumbnail":"https://randomuser.me/api/portraits/thumb/men/45.jpg"},"nat":"BR"}],"info":{"seed":"44af7b99b54d8bc5","results":1,"page":1,"version":"1.3"}}
[2021-07-01 08:32:42,662] {taskinstance.py:1184} INFO - Marking task as SUCCESS. dag_id=user_processing_v2, task_id=extracting_user_5, execution_date=20210630T000000, start_date=20210701T083240, end_date=20210701T083242
[2021-07-01 08:32:42,875] {taskinstance.py:1245} INFO - 1 downstream tasks scheduled from follow-on schedule check
[2021-07-01 08:32:42,905] {local_task_job.py:151} INFO - Task exited with return code 0
