[2021-06-25 13:55:40,605] {taskinstance.py:876} INFO - Dependencies all met for <TaskInstance: xcom_dag.processing_tasks.training_model_a 2021-06-25T13:55:34.100846+00:00 [queued]>
[2021-06-25 13:55:40,658] {taskinstance.py:876} INFO - Dependencies all met for <TaskInstance: xcom_dag.processing_tasks.training_model_a 2021-06-25T13:55:34.100846+00:00 [queued]>
[2021-06-25 13:55:40,659] {taskinstance.py:1067} INFO - 
--------------------------------------------------------------------------------
[2021-06-25 13:55:40,659] {taskinstance.py:1068} INFO - Starting attempt 1 of 1
[2021-06-25 13:55:40,659] {taskinstance.py:1069} INFO - 
--------------------------------------------------------------------------------
[2021-06-25 13:55:40,699] {taskinstance.py:1087} INFO - Executing <Task(PythonOperator): processing_tasks.training_model_a> on 2021-06-25T13:55:34.100846+00:00
[2021-06-25 13:55:40,710] {standard_task_runner.py:52} INFO - Started process 5036 to run task
[2021-06-25 13:55:40,759] {standard_task_runner.py:76} INFO - Running: ['airflow', 'tasks', 'run', 'xcom_dag', 'processing_tasks.training_model_a', '2021-06-25T13:55:34.100846+00:00', '--job-id', '433', '--pool', 'default_pool', '--raw', '--subdir', 'DAGS_FOLDER/xcom_dag.py', '--cfg-path', '/tmp/tmp4sqk4ufr', '--error-file', '/tmp/tmpx4cz01_n']
[2021-06-25 13:55:40,761] {standard_task_runner.py:77} INFO - Job 433: Subtask processing_tasks.training_model_a
[2021-06-25 13:55:41,026] {logging_mixin.py:104} INFO - Running <TaskInstance: xcom_dag.processing_tasks.training_model_a 2021-06-25T13:55:34.100846+00:00 [running]> on host airflowvm
[2021-06-25 13:55:41,394] {taskinstance.py:1280} INFO - Exporting the following env vars:
AIRFLOW_CTX_DAG_OWNER=airflow
AIRFLOW_CTX_DAG_ID=xcom_dag
AIRFLOW_CTX_TASK_ID=processing_tasks.training_model_a
AIRFLOW_CTX_EXECUTION_DATE=2021-06-25T13:55:34.100846+00:00
AIRFLOW_CTX_DAG_RUN_ID=manual__2021-06-25T13:55:34.100846+00:00
[2021-06-25 13:55:41,394] {logging_mixin.py:104} INFO - model's accuracy: 0.3558309147862839
[2021-06-25 13:55:41,496] {python.py:151} INFO - Done. Returned value was: None
[2021-06-25 13:55:41,552] {taskinstance.py:1184} INFO - Marking task as SUCCESS. dag_id=xcom_dag, task_id=processing_tasks.training_model_a, execution_date=20210625T135534, start_date=20210625T135540, end_date=20210625T135541
[2021-06-25 13:55:41,916] {taskinstance.py:1245} INFO - 0 downstream tasks scheduled from follow-on schedule check
[2021-06-25 13:55:41,974] {local_task_job.py:151} INFO - Task exited with return code 0
