[2021-06-25 09:19:22,850] {taskinstance.py:876} INFO - Dependencies all met for <TaskInstance: parallel_dag.task_1 2020-03-17T00:00:00+00:00 [queued]>
[2021-06-25 09:19:23,118] {taskinstance.py:876} INFO - Dependencies all met for <TaskInstance: parallel_dag.task_1 2020-03-17T00:00:00+00:00 [queued]>
[2021-06-25 09:19:23,120] {taskinstance.py:1067} INFO - 
--------------------------------------------------------------------------------
[2021-06-25 09:19:23,122] {taskinstance.py:1068} INFO - Starting attempt 1 of 1
[2021-06-25 09:19:23,124] {taskinstance.py:1069} INFO - 
--------------------------------------------------------------------------------
[2021-06-25 09:19:23,340] {taskinstance.py:1087} INFO - Executing <Task(BashOperator): task_1> on 2020-03-17T00:00:00+00:00
[2021-06-25 09:19:23,377] {standard_task_runner.py:52} INFO - Started process 8215 to run task
[2021-06-25 09:19:23,491] {standard_task_runner.py:76} INFO - Running: ['airflow', 'tasks', 'run', 'parallel_dag', 'task_1', '2020-03-17T00:00:00+00:00', '--job-id', '305', '--pool', 'default_pool', '--raw', '--subdir', 'DAGS_FOLDER/parallel_dag.py', '--cfg-path', '/tmp/tmpki5uofjl', '--error-file', '/tmp/tmplazktagc']
[2021-06-25 09:19:23,493] {standard_task_runner.py:77} INFO - Job 305: Subtask task_1
[2021-06-25 09:19:25,472] {logging_mixin.py:104} INFO - Running <TaskInstance: parallel_dag.task_1 2020-03-17T00:00:00+00:00 [running]> on host airflowvm
[2021-06-25 09:19:26,789] {taskinstance.py:1280} INFO - Exporting the following env vars:
AIRFLOW_CTX_DAG_OWNER=airflow
AIRFLOW_CTX_DAG_ID=parallel_dag
AIRFLOW_CTX_TASK_ID=task_1
AIRFLOW_CTX_EXECUTION_DATE=2020-03-17T00:00:00+00:00
AIRFLOW_CTX_DAG_RUN_ID=scheduled__2020-03-17T00:00:00+00:00
[2021-06-25 09:19:26,791] {subprocess.py:52} INFO - Tmp dir root location: 
 /tmp
[2021-06-25 09:19:26,815] {subprocess.py:63} INFO - Running command: ['bash', '-c', 'sleep 3']
[2021-06-25 09:19:27,063] {subprocess.py:75} INFO - Output:
[2021-06-25 09:19:30,117] {subprocess.py:83} INFO - Command exited with return code 0
[2021-06-25 09:19:30,716] {taskinstance.py:1184} INFO - Marking task as SUCCESS. dag_id=parallel_dag, task_id=task_1, execution_date=20200317T000000, start_date=20210625T091922, end_date=20210625T091930
[2021-06-25 09:19:31,452] {taskinstance.py:1245} INFO - 2 downstream tasks scheduled from follow-on schedule check
[2021-06-25 09:19:31,561] {local_task_job.py:151} INFO - Task exited with return code 0
