[2021-06-25 13:48:37,470] {taskinstance.py:876} INFO - Dependencies all met for <TaskInstance: xcom_dag.processing_tasks.training_model_c 2021-06-24T00:00:00+00:00 [queued]>
[2021-06-25 13:48:37,512] {taskinstance.py:876} INFO - Dependencies all met for <TaskInstance: xcom_dag.processing_tasks.training_model_c 2021-06-24T00:00:00+00:00 [queued]>
[2021-06-25 13:48:37,513] {taskinstance.py:1067} INFO - 
--------------------------------------------------------------------------------
[2021-06-25 13:48:37,513] {taskinstance.py:1068} INFO - Starting attempt 2 of 2
[2021-06-25 13:48:37,514] {taskinstance.py:1069} INFO - 
--------------------------------------------------------------------------------
[2021-06-25 13:48:37,549] {taskinstance.py:1087} INFO - Executing <Task(PythonOperator): processing_tasks.training_model_c> on 2021-06-24T00:00:00+00:00
[2021-06-25 13:48:37,553] {standard_task_runner.py:52} INFO - Started process 4447 to run task
[2021-06-25 13:48:37,594] {standard_task_runner.py:76} INFO - Running: ['airflow', 'tasks', 'run', 'xcom_dag', 'processing_tasks.training_model_c', '2021-06-24T00:00:00+00:00', '--job-id', '425', '--pool', 'default_pool', '--raw', '--subdir', 'DAGS_FOLDER/xcom_dag.py', '--cfg-path', '/tmp/tmpvzsgte19', '--error-file', '/tmp/tmpijwc8xe6']
[2021-06-25 13:48:37,595] {standard_task_runner.py:77} INFO - Job 425: Subtask processing_tasks.training_model_c
[2021-06-25 13:48:37,721] {logging_mixin.py:104} INFO - Running <TaskInstance: xcom_dag.processing_tasks.training_model_c 2021-06-24T00:00:00+00:00 [running]> on host airflowvm
[2021-06-25 13:48:37,895] {taskinstance.py:1280} INFO - Exporting the following env vars:
AIRFLOW_CTX_DAG_OWNER=airflow
AIRFLOW_CTX_DAG_ID=xcom_dag
AIRFLOW_CTX_TASK_ID=processing_tasks.training_model_c
AIRFLOW_CTX_EXECUTION_DATE=2021-06-24T00:00:00+00:00
AIRFLOW_CTX_DAG_RUN_ID=scheduled__2021-06-24T00:00:00+00:00
[2021-06-25 13:48:37,896] {logging_mixin.py:104} INFO - model's accuracy: 0.5173698078404467
[2021-06-25 13:48:37,973] {python.py:151} INFO - Done. Returned value was: None
[2021-06-25 13:48:38,004] {taskinstance.py:1184} INFO - Marking task as SUCCESS. dag_id=xcom_dag, task_id=processing_tasks.training_model_c, execution_date=20210624T000000, start_date=20210625T134837, end_date=20210625T134838
[2021-06-25 13:48:38,095] {taskinstance.py:1245} INFO - 0 downstream tasks scheduled from follow-on schedule check
[2021-06-25 13:48:38,129] {local_task_job.py:151} INFO - Task exited with return code 0
