[2021-06-25 09:16:27,642] {taskinstance.py:876} INFO - Dependencies all met for <TaskInstance: parallel_dag.task_2 2020-02-14T00:00:00+00:00 [queued]>
[2021-06-25 09:16:28,424] {taskinstance.py:876} INFO - Dependencies all met for <TaskInstance: parallel_dag.task_2 2020-02-14T00:00:00+00:00 [queued]>
[2021-06-25 09:16:28,425] {taskinstance.py:1067} INFO - 
--------------------------------------------------------------------------------
[2021-06-25 09:16:28,425] {taskinstance.py:1068} INFO - Starting attempt 1 of 1
[2021-06-25 09:16:28,426] {taskinstance.py:1069} INFO - 
--------------------------------------------------------------------------------
[2021-06-25 09:16:28,807] {taskinstance.py:1087} INFO - Executing <Task(BashOperator): task_2> on 2020-02-14T00:00:00+00:00
[2021-06-25 09:16:29,204] {standard_task_runner.py:52} INFO - Started process 4052 to run task
[2021-06-25 09:16:29,653] {standard_task_runner.py:76} INFO - Running: ['airflow', 'tasks', 'run', 'parallel_dag', 'task_2', '2020-02-14T00:00:00+00:00', '--job-id', '190', '--pool', 'default_pool', '--raw', '--subdir', 'DAGS_FOLDER/parallel_dag.py', '--cfg-path', '/tmp/tmpqyixpxor', '--error-file', '/tmp/tmp3dey_ls0']
[2021-06-25 09:16:29,656] {standard_task_runner.py:77} INFO - Job 190: Subtask task_2
[2021-06-25 09:16:33,237] {logging_mixin.py:104} INFO - Running <TaskInstance: parallel_dag.task_2 2020-02-14T00:00:00+00:00 [running]> on host airflowvm
[2021-06-25 09:16:35,819] {taskinstance.py:1280} INFO - Exporting the following env vars:
AIRFLOW_CTX_DAG_OWNER=airflow
AIRFLOW_CTX_DAG_ID=parallel_dag
AIRFLOW_CTX_TASK_ID=task_2
AIRFLOW_CTX_EXECUTION_DATE=2020-02-14T00:00:00+00:00
AIRFLOW_CTX_DAG_RUN_ID=scheduled__2020-02-14T00:00:00+00:00
[2021-06-25 09:16:35,821] {subprocess.py:52} INFO - Tmp dir root location: 
 /tmp
[2021-06-25 09:16:35,852] {subprocess.py:63} INFO - Running command: ['bash', '-c', 'sleep 3']
[2021-06-25 09:16:36,069] {subprocess.py:75} INFO - Output:
[2021-06-25 09:16:39,106] {subprocess.py:83} INFO - Command exited with return code 0
[2021-06-25 09:16:39,731] {taskinstance.py:1184} INFO - Marking task as SUCCESS. dag_id=parallel_dag, task_id=task_2, execution_date=20200214T000000, start_date=20210625T091627, end_date=20210625T091639
[2021-06-25 09:16:40,864] {local_task_job.py:196} WARNING - State of this instance has been externally set to success. Terminating instance.
[2021-06-25 09:16:40,997] {process_utils.py:100} INFO - Sending Signals.SIGTERM to GPID 4052
[2021-06-25 09:16:41,591] {taskinstance.py:1264} ERROR - Received SIGTERM. Terminating subprocesses.
[2021-06-25 09:16:41,592] {subprocess.py:89} INFO - Sending SIGTERM signal to process group
[2021-06-25 09:16:41,683] {process_utils.py:66} INFO - Process psutil.Process(pid=4052, status='terminated', exitcode=1, started='09:16:28') (4052) terminated with exit code 1
