[2021-06-24 16:23:06,277] {taskinstance.py:876} INFO - Dependencies all met for <TaskInstance: parallel_dag.task_2 2020-01-08T00:00:00+00:00 [queued]>
[2021-06-24 16:23:06,286] {taskinstance.py:876} INFO - Dependencies all met for <TaskInstance: parallel_dag.task_2 2020-01-08T00:00:00+00:00 [queued]>
[2021-06-24 16:23:06,286] {taskinstance.py:1067} INFO - 
--------------------------------------------------------------------------------
[2021-06-24 16:23:06,287] {taskinstance.py:1068} INFO - Starting attempt 1 of 1
[2021-06-24 16:23:06,287] {taskinstance.py:1069} INFO - 
--------------------------------------------------------------------------------
[2021-06-24 16:23:06,329] {taskinstance.py:1087} INFO - Executing <Task(BashOperator): task_2> on 2020-01-08T00:00:00+00:00
[2021-06-24 16:23:06,331] {standard_task_runner.py:52} INFO - Started process 2153 to run task
[2021-06-24 16:23:06,336] {standard_task_runner.py:76} INFO - Running: ['airflow', 'tasks', 'run', 'parallel_dag', 'task_2', '2020-01-08T00:00:00+00:00', '--job-id', '71', '--pool', 'default_pool', '--raw', '--subdir', 'DAGS_FOLDER/parallel_dag.py', '--cfg-path', '/tmp/tmpj2n3enua', '--error-file', '/tmp/tmpcii2hwgk']
[2021-06-24 16:23:06,337] {standard_task_runner.py:77} INFO - Job 71: Subtask task_2
[2021-06-24 16:23:06,407] {logging_mixin.py:104} INFO - Running <TaskInstance: parallel_dag.task_2 2020-01-08T00:00:00+00:00 [running]> on host airflowvm
[2021-06-24 16:23:06,504] {taskinstance.py:1280} INFO - Exporting the following env vars:
AIRFLOW_CTX_DAG_OWNER=airflow
AIRFLOW_CTX_DAG_ID=parallel_dag
AIRFLOW_CTX_TASK_ID=task_2
AIRFLOW_CTX_EXECUTION_DATE=2020-01-08T00:00:00+00:00
AIRFLOW_CTX_DAG_RUN_ID=scheduled__2020-01-08T00:00:00+00:00
[2021-06-24 16:23:06,512] {subprocess.py:52} INFO - Tmp dir root location: 
 /tmp
[2021-06-24 16:23:06,513] {subprocess.py:63} INFO - Running command: ['bash', '-c', 'sleep 3']
[2021-06-24 16:23:06,530] {subprocess.py:75} INFO - Output:
[2021-06-24 16:23:09,537] {subprocess.py:83} INFO - Command exited with return code 0
[2021-06-24 16:23:09,578] {taskinstance.py:1184} INFO - Marking task as SUCCESS. dag_id=parallel_dag, task_id=task_2, execution_date=20200108T000000, start_date=20210624T162306, end_date=20210624T162309
[2021-06-24 16:23:09,617] {taskinstance.py:1245} INFO - 0 downstream tasks scheduled from follow-on schedule check
[2021-06-24 16:23:09,658] {local_task_job.py:151} INFO - Task exited with return code 0
[2021-06-24 17:04:12,197] {taskinstance.py:876} INFO - Dependencies all met for <TaskInstance: parallel_dag.task_2 2020-01-08T00:00:00+00:00 [queued]>
[2021-06-24 17:04:12,780] {taskinstance.py:876} INFO - Dependencies all met for <TaskInstance: parallel_dag.task_2 2020-01-08T00:00:00+00:00 [queued]>
[2021-06-24 17:04:12,781] {taskinstance.py:1067} INFO - 
--------------------------------------------------------------------------------
[2021-06-24 17:04:12,782] {taskinstance.py:1068} INFO - Starting attempt 1 of 1
[2021-06-24 17:04:12,782] {taskinstance.py:1069} INFO - 
--------------------------------------------------------------------------------
[2021-06-24 17:04:13,298] {taskinstance.py:1087} INFO - Executing <Task(BashOperator): task_2> on 2020-01-08T00:00:00+00:00
[2021-06-24 17:04:13,432] {standard_task_runner.py:52} INFO - Started process 9474 to run task
[2021-06-24 17:04:14,078] {standard_task_runner.py:76} INFO - Running: ['airflow', 'tasks', 'run', 'parallel_dag', 'task_2', '2020-01-08T00:00:00+00:00', '--job-id', '32', '--pool', 'default_pool', '--raw', '--subdir', 'DAGS_FOLDER/parallel_dag.py', '--cfg-path', '/tmp/tmpl64p51q8', '--error-file', '/tmp/tmp8w_wyta9']
[2021-06-24 17:04:14,139] {standard_task_runner.py:77} INFO - Job 32: Subtask task_2
[2021-06-24 17:04:16,187] {logging_mixin.py:104} INFO - Running <TaskInstance: parallel_dag.task_2 2020-01-08T00:00:00+00:00 [running]> on host airflowvm
[2021-06-24 17:04:17,826] {taskinstance.py:1280} INFO - Exporting the following env vars:
AIRFLOW_CTX_DAG_OWNER=airflow
AIRFLOW_CTX_DAG_ID=parallel_dag
AIRFLOW_CTX_TASK_ID=task_2
AIRFLOW_CTX_EXECUTION_DATE=2020-01-08T00:00:00+00:00
AIRFLOW_CTX_DAG_RUN_ID=scheduled__2020-01-08T00:00:00+00:00
[2021-06-24 17:04:17,828] {subprocess.py:52} INFO - Tmp dir root location: 
 /tmp
[2021-06-24 17:04:17,848] {subprocess.py:63} INFO - Running command: ['bash', '-c', 'sleep 3']
[2021-06-24 17:04:18,091] {subprocess.py:75} INFO - Output:
[2021-06-24 17:04:21,182] {subprocess.py:83} INFO - Command exited with return code 0
[2021-06-24 17:04:21,790] {taskinstance.py:1184} INFO - Marking task as SUCCESS. dag_id=parallel_dag, task_id=task_2, execution_date=20200108T000000, start_date=20210624T170412, end_date=20210624T170421
[2021-06-24 17:04:24,435] {local_task_job.py:196} WARNING - State of this instance has been externally set to success. Terminating instance.
[2021-06-24 17:04:24,725] {process_utils.py:100} INFO - Sending Signals.SIGTERM to GPID 9474
[2021-06-24 17:04:25,493] {taskinstance.py:1264} ERROR - Received SIGTERM. Terminating subprocesses.
[2021-06-24 17:04:25,493] {subprocess.py:89} INFO - Sending SIGTERM signal to process group
[2021-06-24 17:04:25,628] {process_utils.py:66} INFO - Process psutil.Process(pid=9474, status='terminated', exitcode=1, started='17:04:12') (9474) terminated with exit code 1
