[2021-06-29 16:08:03,145] {taskinstance.py:876} INFO - Dependencies all met for <TaskInstance: open_aq.store_data 2021-06-29T16:07:41.939989+00:00 [queued]>
[2021-06-29 16:08:03,176] {taskinstance.py:876} INFO - Dependencies all met for <TaskInstance: open_aq.store_data 2021-06-29T16:07:41.939989+00:00 [queued]>
[2021-06-29 16:08:03,176] {taskinstance.py:1067} INFO - 
--------------------------------------------------------------------------------
[2021-06-29 16:08:03,177] {taskinstance.py:1068} INFO - Starting attempt 1 of 1
[2021-06-29 16:08:03,177] {taskinstance.py:1069} INFO - 
--------------------------------------------------------------------------------
[2021-06-29 16:08:03,198] {taskinstance.py:1087} INFO - Executing <Task(PythonOperator): store_data> on 2021-06-29T16:07:41.939989+00:00
[2021-06-29 16:08:03,205] {standard_task_runner.py:52} INFO - Started process 33215 to run task
[2021-06-29 16:08:03,224] {standard_task_runner.py:76} INFO - Running: ['airflow', 'tasks', 'run', 'open_aq', 'store_data', '2021-06-29T16:07:41.939989+00:00', '--job-id', '654', '--pool', 'default_pool', '--raw', '--subdir', 'DAGS_FOLDER/open_aq.py', '--cfg-path', '/tmp/tmp8pywqxl6', '--error-file', '/tmp/tmpuc008lrd']
[2021-06-29 16:08:03,226] {standard_task_runner.py:77} INFO - Job 654: Subtask store_data
[2021-06-29 16:08:03,353] {logging_mixin.py:104} INFO - Running <TaskInstance: open_aq.store_data 2021-06-29T16:07:41.939989+00:00 [running]> on host airflowvm
[2021-06-29 16:08:03,503] {taskinstance.py:1280} INFO - Exporting the following env vars:
AIRFLOW_CTX_DAG_OWNER=airflow
AIRFLOW_CTX_DAG_ID=open_aq
AIRFLOW_CTX_TASK_ID=store_data
AIRFLOW_CTX_EXECUTION_DATE=2021-06-29T16:07:41.939989+00:00
AIRFLOW_CTX_DAG_RUN_ID=manual__2021-06-29T16:07:41.939989+00:00
[2021-06-29 16:08:03,519] {base.py:69} INFO - Using connection to: id: ***_default. Host: localhost, Port: 5432, Schema: , Login: ***, Password: ***, extra: {'cursor': 'realdictcursor'}
[2021-06-29 16:08:03,530] {python.py:151} INFO - Done. Returned value was: None
[2021-06-29 16:08:03,548] {taskinstance.py:1184} INFO - Marking task as SUCCESS. dag_id=open_aq, task_id=store_data, execution_date=20210629T160741, start_date=20210629T160803, end_date=20210629T160803
[2021-06-29 16:08:03,605] {taskinstance.py:1245} INFO - 1 downstream tasks scheduled from follow-on schedule check
[2021-06-29 16:08:03,641] {local_task_job.py:151} INFO - Task exited with return code 0
