[2021-06-25 09:18:51,620] {taskinstance.py:876} INFO - Dependencies all met for <TaskInstance: parallel_dag.task_1 2020-03-11T00:00:00+00:00 [queued]>
[2021-06-25 09:18:51,728] {taskinstance.py:876} INFO - Dependencies all met for <TaskInstance: parallel_dag.task_1 2020-03-11T00:00:00+00:00 [queued]>
[2021-06-25 09:18:51,728] {taskinstance.py:1067} INFO - 
--------------------------------------------------------------------------------
[2021-06-25 09:18:51,728] {taskinstance.py:1068} INFO - Starting attempt 1 of 1
[2021-06-25 09:18:51,729] {taskinstance.py:1069} INFO - 
--------------------------------------------------------------------------------
[2021-06-25 09:18:51,807] {taskinstance.py:1087} INFO - Executing <Task(BashOperator): task_1> on 2020-03-11T00:00:00+00:00
[2021-06-25 09:18:51,828] {standard_task_runner.py:52} INFO - Started process 7326 to run task
[2021-06-25 09:18:51,889] {standard_task_runner.py:76} INFO - Running: ['airflow', 'tasks', 'run', 'parallel_dag', 'task_1', '2020-03-11T00:00:00+00:00', '--job-id', '279', '--pool', 'default_pool', '--raw', '--subdir', 'DAGS_FOLDER/parallel_dag.py', '--cfg-path', '/tmp/tmpqz7dohky', '--error-file', '/tmp/tmp7ts6dmdy']
[2021-06-25 09:18:51,899] {standard_task_runner.py:77} INFO - Job 279: Subtask task_1
[2021-06-25 09:18:52,422] {logging_mixin.py:104} INFO - Running <TaskInstance: parallel_dag.task_1 2020-03-11T00:00:00+00:00 [running]> on host airflowvm
[2021-06-25 09:18:53,042] {taskinstance.py:1280} INFO - Exporting the following env vars:
AIRFLOW_CTX_DAG_OWNER=airflow
AIRFLOW_CTX_DAG_ID=parallel_dag
AIRFLOW_CTX_TASK_ID=task_1
AIRFLOW_CTX_EXECUTION_DATE=2020-03-11T00:00:00+00:00
AIRFLOW_CTX_DAG_RUN_ID=scheduled__2020-03-11T00:00:00+00:00
[2021-06-25 09:18:53,059] {subprocess.py:52} INFO - Tmp dir root location: 
 /tmp
[2021-06-25 09:18:53,082] {subprocess.py:63} INFO - Running command: ['bash', '-c', 'sleep 3']
[2021-06-25 09:18:53,156] {subprocess.py:75} INFO - Output:
[2021-06-25 09:18:56,160] {subprocess.py:83} INFO - Command exited with return code 0
[2021-06-25 09:18:56,426] {taskinstance.py:1184} INFO - Marking task as SUCCESS. dag_id=parallel_dag, task_id=task_1, execution_date=20200311T000000, start_date=20210625T091851, end_date=20210625T091856
[2021-06-25 09:18:56,706] {taskinstance.py:1245} INFO - 2 downstream tasks scheduled from follow-on schedule check
[2021-06-25 09:18:56,815] {local_task_job.py:151} INFO - Task exited with return code 0
