[2021-07-06 13:52:25,998] {taskinstance.py:876} INFO - Dependencies all met for <TaskInstance: get_as_dataframe_otimized.getting_data.get_cataract_sex 2021-07-06T13:52:22.033749+00:00 [queued]>
[2021-07-06 13:52:26,196] {taskinstance.py:876} INFO - Dependencies all met for <TaskInstance: get_as_dataframe_otimized.getting_data.get_cataract_sex 2021-07-06T13:52:22.033749+00:00 [queued]>
[2021-07-06 13:52:26,197] {taskinstance.py:1067} INFO - 
--------------------------------------------------------------------------------
[2021-07-06 13:52:26,197] {taskinstance.py:1068} INFO - Starting attempt 1 of 1
[2021-07-06 13:52:26,216] {taskinstance.py:1069} INFO - 
--------------------------------------------------------------------------------
[2021-07-06 13:52:26,366] {taskinstance.py:1087} INFO - Executing <Task(PythonOperator): getting_data.get_cataract_sex> on 2021-07-06T13:52:22.033749+00:00
[2021-07-06 13:52:26,406] {standard_task_runner.py:52} INFO - Started process 3260 to run task
[2021-07-06 13:52:26,491] {standard_task_runner.py:76} INFO - Running: ['airflow', 'tasks', 'run', 'get_as_dataframe_otimized', 'getting_data.get_cataract_sex', '2021-07-06T13:52:22.033749+00:00', '--job-id', '1208', '--pool', 'default_pool', '--raw', '--subdir', 'DAGS_FOLDER/get_as_Dataframe_otimized.py', '--cfg-path', '/tmp/tmp45q72yf1', '--error-file', '/tmp/tmpu_343pg4']
[2021-07-06 13:52:26,506] {standard_task_runner.py:77} INFO - Job 1208: Subtask getting_data.get_cataract_sex
[2021-07-06 13:52:26,923] {logging_mixin.py:104} INFO - Running <TaskInstance: get_as_dataframe_otimized.getting_data.get_cataract_sex 2021-07-06T13:52:22.033749+00:00 [running]> on host airflowvm
[2021-07-06 13:52:27,582] {taskinstance.py:1280} INFO - Exporting the following env vars:
AIRFLOW_CTX_DAG_OWNER=airflow
AIRFLOW_CTX_DAG_ID=get_as_dataframe_otimized
AIRFLOW_CTX_TASK_ID=getting_data.get_cataract_sex
AIRFLOW_CTX_EXECUTION_DATE=2021-07-06T13:52:22.033749+00:00
AIRFLOW_CTX_DAG_RUN_ID=manual__2021-07-06T13:52:22.033749+00:00
[2021-07-06 13:52:27,660] {base.py:69} INFO - Using connection to: id: ***_default. Host: localhost, Port: 5432, Schema: , Login: ***, Password: ***, extra: {'cursor': 'realdictcursor'}
[2021-07-06 13:52:27,754] {logging_mixin.py:104} INFO - 
[2021-07-06 13:52:27,823] {python.py:151} INFO - Done. Returned value was: None
[2021-07-06 13:52:27,868] {taskinstance.py:1184} INFO - Marking task as SUCCESS. dag_id=get_as_dataframe_otimized, task_id=getting_data.get_cataract_sex, execution_date=20210706T135222, start_date=20210706T135226, end_date=20210706T135227
[2021-07-06 13:52:28,008] {taskinstance.py:1245} INFO - 1 downstream tasks scheduled from follow-on schedule check
[2021-07-06 13:52:28,055] {local_task_job.py:151} INFO - Task exited with return code 0
