[2021-06-24 16:24:12,271] {taskinstance.py:876} INFO - Dependencies all met for <TaskInstance: parallel_dag.task_2 2020-01-11T00:00:00+00:00 [queued]>
[2021-06-24 16:24:12,282] {taskinstance.py:876} INFO - Dependencies all met for <TaskInstance: parallel_dag.task_2 2020-01-11T00:00:00+00:00 [queued]>
[2021-06-24 16:24:12,283] {taskinstance.py:1067} INFO - 
--------------------------------------------------------------------------------
[2021-06-24 16:24:12,285] {taskinstance.py:1068} INFO - Starting attempt 1 of 1
[2021-06-24 16:24:12,285] {taskinstance.py:1069} INFO - 
--------------------------------------------------------------------------------
[2021-06-24 16:24:12,315] {taskinstance.py:1087} INFO - Executing <Task(BashOperator): task_2> on 2020-01-11T00:00:00+00:00
[2021-06-24 16:24:12,333] {standard_task_runner.py:76} INFO - Running: ['airflow', 'tasks', 'run', 'parallel_dag', 'task_2', '2020-01-11T00:00:00+00:00', '--job-id', '83', '--pool', 'default_pool', '--raw', '--subdir', 'DAGS_FOLDER/parallel_dag.py', '--cfg-path', '/tmp/tmpx58q4e6l', '--error-file', '/tmp/tmpxn1wob4o']
[2021-06-24 16:24:12,334] {standard_task_runner.py:77} INFO - Job 83: Subtask task_2
[2021-06-24 16:24:12,327] {standard_task_runner.py:52} INFO - Started process 2245 to run task
[2021-06-24 16:24:12,406] {logging_mixin.py:104} INFO - Running <TaskInstance: parallel_dag.task_2 2020-01-11T00:00:00+00:00 [running]> on host airflowvm
[2021-06-24 16:24:12,538] {taskinstance.py:1280} INFO - Exporting the following env vars:
AIRFLOW_CTX_DAG_OWNER=airflow
AIRFLOW_CTX_DAG_ID=parallel_dag
AIRFLOW_CTX_TASK_ID=task_2
AIRFLOW_CTX_EXECUTION_DATE=2020-01-11T00:00:00+00:00
AIRFLOW_CTX_DAG_RUN_ID=scheduled__2020-01-11T00:00:00+00:00
[2021-06-24 16:24:12,541] {subprocess.py:52} INFO - Tmp dir root location: 
 /tmp
[2021-06-24 16:24:12,542] {subprocess.py:63} INFO - Running command: ['bash', '-c', 'sleep 3']
[2021-06-24 16:24:12,554] {subprocess.py:75} INFO - Output:
[2021-06-24 16:24:15,560] {subprocess.py:83} INFO - Command exited with return code 0
[2021-06-24 16:24:15,597] {taskinstance.py:1184} INFO - Marking task as SUCCESS. dag_id=parallel_dag, task_id=task_2, execution_date=20200111T000000, start_date=20210624T162412, end_date=20210624T162415
[2021-06-24 16:24:15,634] {taskinstance.py:1245} INFO - 0 downstream tasks scheduled from follow-on schedule check
[2021-06-24 16:24:15,663] {local_task_job.py:151} INFO - Task exited with return code 0
[2021-06-24 17:04:20,031] {taskinstance.py:876} INFO - Dependencies all met for <TaskInstance: parallel_dag.task_2 2020-01-11T00:00:00+00:00 [queued]>
[2021-06-24 17:04:20,748] {taskinstance.py:876} INFO - Dependencies all met for <TaskInstance: parallel_dag.task_2 2020-01-11T00:00:00+00:00 [queued]>
[2021-06-24 17:04:20,758] {taskinstance.py:1067} INFO - 
--------------------------------------------------------------------------------
[2021-06-24 17:04:20,760] {taskinstance.py:1068} INFO - Starting attempt 1 of 1
[2021-06-24 17:04:20,761] {taskinstance.py:1069} INFO - 
--------------------------------------------------------------------------------
[2021-06-24 17:04:21,040] {taskinstance.py:1087} INFO - Executing <Task(BashOperator): task_2> on 2020-01-11T00:00:00+00:00
[2021-06-24 17:04:21,138] {standard_task_runner.py:52} INFO - Started process 9631 to run task
[2021-06-24 17:04:21,423] {standard_task_runner.py:76} INFO - Running: ['airflow', 'tasks', 'run', 'parallel_dag', 'task_2', '2020-01-11T00:00:00+00:00', '--job-id', '35', '--pool', 'default_pool', '--raw', '--subdir', 'DAGS_FOLDER/parallel_dag.py', '--cfg-path', '/tmp/tmpfy08cdjb', '--error-file', '/tmp/tmpz9y7kln2']
[2021-06-24 17:04:21,424] {standard_task_runner.py:77} INFO - Job 35: Subtask task_2
[2021-06-24 17:04:23,064] {logging_mixin.py:104} INFO - Running <TaskInstance: parallel_dag.task_2 2020-01-11T00:00:00+00:00 [running]> on host airflowvm
[2021-06-24 17:04:24,817] {taskinstance.py:1280} INFO - Exporting the following env vars:
AIRFLOW_CTX_DAG_OWNER=airflow
AIRFLOW_CTX_DAG_ID=parallel_dag
AIRFLOW_CTX_TASK_ID=task_2
AIRFLOW_CTX_EXECUTION_DATE=2020-01-11T00:00:00+00:00
AIRFLOW_CTX_DAG_RUN_ID=scheduled__2020-01-11T00:00:00+00:00
[2021-06-24 17:04:24,820] {subprocess.py:52} INFO - Tmp dir root location: 
 /tmp
[2021-06-24 17:04:24,820] {subprocess.py:63} INFO - Running command: ['bash', '-c', 'sleep 3']
[2021-06-24 17:04:24,977] {subprocess.py:75} INFO - Output:
[2021-06-24 17:04:27,992] {subprocess.py:83} INFO - Command exited with return code 0
[2021-06-24 17:04:28,861] {taskinstance.py:1184} INFO - Marking task as SUCCESS. dag_id=parallel_dag, task_id=task_2, execution_date=20200111T000000, start_date=20210624T170420, end_date=20210624T170428
[2021-06-24 17:04:32,209] {taskinstance.py:1245} INFO - 0 downstream tasks scheduled from follow-on schedule check
[2021-06-24 17:04:32,298] {local_task_job.py:151} INFO - Task exited with return code 0
