[2021-06-25 09:18:58,001] {taskinstance.py:876} INFO - Dependencies all met for <TaskInstance: parallel_dag.task_1 2020-03-13T00:00:00+00:00 [queued]>
[2021-06-25 09:18:58,208] {taskinstance.py:876} INFO - Dependencies all met for <TaskInstance: parallel_dag.task_1 2020-03-13T00:00:00+00:00 [queued]>
[2021-06-25 09:18:58,213] {taskinstance.py:1067} INFO - 
--------------------------------------------------------------------------------
[2021-06-25 09:18:58,214] {taskinstance.py:1068} INFO - Starting attempt 1 of 1
[2021-06-25 09:18:58,215] {taskinstance.py:1069} INFO - 
--------------------------------------------------------------------------------
[2021-06-25 09:18:58,356] {taskinstance.py:1087} INFO - Executing <Task(BashOperator): task_1> on 2020-03-13T00:00:00+00:00
[2021-06-25 09:18:58,417] {standard_task_runner.py:52} INFO - Started process 7557 to run task
[2021-06-25 09:18:58,458] {standard_task_runner.py:76} INFO - Running: ['airflow', 'tasks', 'run', 'parallel_dag', 'task_1', '2020-03-13T00:00:00+00:00', '--job-id', '288', '--pool', 'default_pool', '--raw', '--subdir', 'DAGS_FOLDER/parallel_dag.py', '--cfg-path', '/tmp/tmpwjljo0v7', '--error-file', '/tmp/tmpkkmekzzy']
[2021-06-25 09:18:58,490] {standard_task_runner.py:77} INFO - Job 288: Subtask task_1
[2021-06-25 09:18:59,174] {logging_mixin.py:104} INFO - Running <TaskInstance: parallel_dag.task_1 2020-03-13T00:00:00+00:00 [running]> on host airflowvm
[2021-06-25 09:18:59,917] {taskinstance.py:1280} INFO - Exporting the following env vars:
AIRFLOW_CTX_DAG_OWNER=airflow
AIRFLOW_CTX_DAG_ID=parallel_dag
AIRFLOW_CTX_TASK_ID=task_1
AIRFLOW_CTX_EXECUTION_DATE=2020-03-13T00:00:00+00:00
AIRFLOW_CTX_DAG_RUN_ID=scheduled__2020-03-13T00:00:00+00:00
[2021-06-25 09:18:59,918] {subprocess.py:52} INFO - Tmp dir root location: 
 /tmp
[2021-06-25 09:18:59,922] {subprocess.py:63} INFO - Running command: ['bash', '-c', 'sleep 3']
[2021-06-25 09:19:00,058] {subprocess.py:75} INFO - Output:
[2021-06-25 09:19:03,088] {subprocess.py:83} INFO - Command exited with return code 0
[2021-06-25 09:19:03,888] {taskinstance.py:1184} INFO - Marking task as SUCCESS. dag_id=parallel_dag, task_id=task_1, execution_date=20200313T000000, start_date=20210625T091858, end_date=20210625T091903
[2021-06-25 09:19:04,483] {local_task_job.py:196} WARNING - State of this instance has been externally set to success. Terminating instance.
[2021-06-25 09:19:04,869] {process_utils.py:100} INFO - Sending Signals.SIGTERM to GPID 7557
[2021-06-25 09:19:04,883] {taskinstance.py:1264} ERROR - Received SIGTERM. Terminating subprocesses.
[2021-06-25 09:19:04,890] {subprocess.py:89} INFO - Sending SIGTERM signal to process group
[2021-06-25 09:19:05,096] {process_utils.py:66} INFO - Process psutil.Process(pid=7557, status='terminated', exitcode=1, started='09:18:57') (7557) terminated with exit code 1
