[2021-06-25 09:19:01,789] {taskinstance.py:876} INFO - Dependencies all met for <TaskInstance: parallel_dag.task_1 2020-03-14T00:00:00+00:00 [queued]>
[2021-06-25 09:19:01,958] {taskinstance.py:876} INFO - Dependencies all met for <TaskInstance: parallel_dag.task_1 2020-03-14T00:00:00+00:00 [queued]>
[2021-06-25 09:19:01,958] {taskinstance.py:1067} INFO - 
--------------------------------------------------------------------------------
[2021-06-25 09:19:01,978] {taskinstance.py:1068} INFO - Starting attempt 1 of 1
[2021-06-25 09:19:01,990] {taskinstance.py:1069} INFO - 
--------------------------------------------------------------------------------
[2021-06-25 09:19:02,098] {taskinstance.py:1087} INFO - Executing <Task(BashOperator): task_1> on 2020-03-14T00:00:00+00:00
[2021-06-25 09:19:02,156] {standard_task_runner.py:52} INFO - Started process 7683 to run task
[2021-06-25 09:19:02,202] {standard_task_runner.py:76} INFO - Running: ['airflow', 'tasks', 'run', 'parallel_dag', 'task_1', '2020-03-14T00:00:00+00:00', '--job-id', '291', '--pool', 'default_pool', '--raw', '--subdir', 'DAGS_FOLDER/parallel_dag.py', '--cfg-path', '/tmp/tmpifqdl5_9', '--error-file', '/tmp/tmpqk577ev5']
[2021-06-25 09:19:02,232] {standard_task_runner.py:77} INFO - Job 291: Subtask task_1
[2021-06-25 09:19:03,756] {logging_mixin.py:104} INFO - Running <TaskInstance: parallel_dag.task_1 2020-03-14T00:00:00+00:00 [running]> on host airflowvm
[2021-06-25 09:19:05,668] {taskinstance.py:1280} INFO - Exporting the following env vars:
AIRFLOW_CTX_DAG_OWNER=airflow
AIRFLOW_CTX_DAG_ID=parallel_dag
AIRFLOW_CTX_TASK_ID=task_1
AIRFLOW_CTX_EXECUTION_DATE=2020-03-14T00:00:00+00:00
AIRFLOW_CTX_DAG_RUN_ID=scheduled__2020-03-14T00:00:00+00:00
[2021-06-25 09:19:05,670] {subprocess.py:52} INFO - Tmp dir root location: 
 /tmp
[2021-06-25 09:19:05,696] {subprocess.py:63} INFO - Running command: ['bash', '-c', 'sleep 3']
[2021-06-25 09:19:05,817] {subprocess.py:75} INFO - Output:
[2021-06-25 09:19:08,859] {subprocess.py:83} INFO - Command exited with return code 0
[2021-06-25 09:19:09,441] {taskinstance.py:1184} INFO - Marking task as SUCCESS. dag_id=parallel_dag, task_id=task_1, execution_date=20200314T000000, start_date=20210625T091901, end_date=20210625T091909
[2021-06-25 09:19:10,379] {taskinstance.py:1245} INFO - 2 downstream tasks scheduled from follow-on schedule check
[2021-06-25 09:19:10,454] {local_task_job.py:151} INFO - Task exited with return code 0
