[2021-06-24 17:06:55,746] {taskinstance.py:876} INFO - Dependencies all met for <TaskInstance: parallel_dag.task_2 2020-02-02T00:00:00+00:00 [queued]>
[2021-06-24 17:06:56,022] {taskinstance.py:876} INFO - Dependencies all met for <TaskInstance: parallel_dag.task_2 2020-02-02T00:00:00+00:00 [queued]>
[2021-06-24 17:06:56,022] {taskinstance.py:1067} INFO - 
--------------------------------------------------------------------------------
[2021-06-24 17:06:56,022] {taskinstance.py:1068} INFO - Starting attempt 1 of 1
[2021-06-24 17:06:56,022] {taskinstance.py:1069} INFO - 
--------------------------------------------------------------------------------
[2021-06-24 17:06:56,938] {taskinstance.py:1087} INFO - Executing <Task(BashOperator): task_2> on 2020-02-02T00:00:00+00:00
[2021-06-24 17:06:57,192] {standard_task_runner.py:52} INFO - Started process 13428 to run task
[2021-06-24 17:06:57,463] {standard_task_runner.py:76} INFO - Running: ['airflow', 'tasks', 'run', 'parallel_dag', 'task_2', '2020-02-02T00:00:00+00:00', '--job-id', '140', '--pool', 'default_pool', '--raw', '--subdir', 'DAGS_FOLDER/parallel_dag.py', '--cfg-path', '/tmp/tmpv09lm5xw', '--error-file', '/tmp/tmpxt7sgb3o']
[2021-06-24 17:06:57,512] {standard_task_runner.py:77} INFO - Job 140: Subtask task_2
[2021-06-24 17:06:58,833] {logging_mixin.py:104} INFO - Running <TaskInstance: parallel_dag.task_2 2020-02-02T00:00:00+00:00 [running]> on host airflowvm
[2021-06-24 17:06:59,797] {taskinstance.py:1280} INFO - Exporting the following env vars:
AIRFLOW_CTX_DAG_OWNER=airflow
AIRFLOW_CTX_DAG_ID=parallel_dag
AIRFLOW_CTX_TASK_ID=task_2
AIRFLOW_CTX_EXECUTION_DATE=2020-02-02T00:00:00+00:00
AIRFLOW_CTX_DAG_RUN_ID=scheduled__2020-02-02T00:00:00+00:00
[2021-06-24 17:06:59,799] {subprocess.py:52} INFO - Tmp dir root location: 
 /tmp
[2021-06-24 17:06:59,800] {subprocess.py:63} INFO - Running command: ['bash', '-c', 'sleep 3']
[2021-06-24 17:07:00,013] {subprocess.py:75} INFO - Output:
[2021-06-24 17:07:03,122] {subprocess.py:83} INFO - Command exited with return code 0
[2021-06-24 17:07:04,173] {taskinstance.py:1184} INFO - Marking task as SUCCESS. dag_id=parallel_dag, task_id=task_2, execution_date=20200202T000000, start_date=20210624T170655, end_date=20210624T170704
[2021-06-24 17:07:07,542] {taskinstance.py:1245} INFO - 0 downstream tasks scheduled from follow-on schedule check
[2021-06-24 17:07:07,631] {local_task_job.py:151} INFO - Task exited with return code 0
