[2021-06-24 17:07:19,192] {taskinstance.py:876} INFO - Dependencies all met for <TaskInstance: parallel_dag.task_2 2020-02-11T00:00:00+00:00 [queued]>
[2021-06-24 17:07:19,306] {taskinstance.py:876} INFO - Dependencies all met for <TaskInstance: parallel_dag.task_2 2020-02-11T00:00:00+00:00 [queued]>
[2021-06-24 17:07:19,307] {taskinstance.py:1067} INFO - 
--------------------------------------------------------------------------------
[2021-06-24 17:07:19,307] {taskinstance.py:1068} INFO - Starting attempt 1 of 1
[2021-06-24 17:07:19,313] {taskinstance.py:1069} INFO - 
--------------------------------------------------------------------------------
[2021-06-24 17:07:19,381] {taskinstance.py:1087} INFO - Executing <Task(BashOperator): task_2> on 2020-02-11T00:00:00+00:00
[2021-06-24 17:07:19,442] {standard_task_runner.py:52} INFO - Started process 14062 to run task
[2021-06-24 17:07:19,526] {standard_task_runner.py:76} INFO - Running: ['airflow', 'tasks', 'run', 'parallel_dag', 'task_2', '2020-02-11T00:00:00+00:00', '--job-id', '158', '--pool', 'default_pool', '--raw', '--subdir', 'DAGS_FOLDER/parallel_dag.py', '--cfg-path', '/tmp/tmpqfosdw1x', '--error-file', '/tmp/tmpz__4_462']
[2021-06-24 17:07:19,528] {standard_task_runner.py:77} INFO - Job 158: Subtask task_2
[2021-06-24 17:07:20,257] {logging_mixin.py:104} INFO - Running <TaskInstance: parallel_dag.task_2 2020-02-11T00:00:00+00:00 [running]> on host airflowvm
[2021-06-24 17:07:20,949] {taskinstance.py:1280} INFO - Exporting the following env vars:
AIRFLOW_CTX_DAG_OWNER=airflow
AIRFLOW_CTX_DAG_ID=parallel_dag
AIRFLOW_CTX_TASK_ID=task_2
AIRFLOW_CTX_EXECUTION_DATE=2020-02-11T00:00:00+00:00
AIRFLOW_CTX_DAG_RUN_ID=scheduled__2020-02-11T00:00:00+00:00
[2021-06-24 17:07:20,954] {subprocess.py:52} INFO - Tmp dir root location: 
 /tmp
[2021-06-24 17:07:20,965] {subprocess.py:63} INFO - Running command: ['bash', '-c', 'sleep 3']
[2021-06-24 17:07:21,327] {subprocess.py:75} INFO - Output:
[2021-06-24 17:07:24,434] {subprocess.py:83} INFO - Command exited with return code 0
[2021-06-24 17:07:24,664] {taskinstance.py:1184} INFO - Marking task as SUCCESS. dag_id=parallel_dag, task_id=task_2, execution_date=20200211T000000, start_date=20210624T170719, end_date=20210624T170724
[2021-06-24 17:07:25,204] {taskinstance.py:1245} INFO - 0 downstream tasks scheduled from follow-on schedule check
[2021-06-24 17:07:25,259] {local_task_job.py:151} INFO - Task exited with return code 0
