[2021-06-24 17:07:15,832] {taskinstance.py:876} INFO - Dependencies all met for <TaskInstance: parallel_dag.task_3 2020-02-08T00:00:00+00:00 [queued]>
[2021-06-24 17:07:16,047] {taskinstance.py:876} INFO - Dependencies all met for <TaskInstance: parallel_dag.task_3 2020-02-08T00:00:00+00:00 [queued]>
[2021-06-24 17:07:16,048] {taskinstance.py:1067} INFO - 
--------------------------------------------------------------------------------
[2021-06-24 17:07:16,048] {taskinstance.py:1068} INFO - Starting attempt 1 of 1
[2021-06-24 17:07:16,048] {taskinstance.py:1069} INFO - 
--------------------------------------------------------------------------------
[2021-06-24 17:07:16,221] {taskinstance.py:1087} INFO - Executing <Task(BashOperator): task_3> on 2020-02-08T00:00:00+00:00
[2021-06-24 17:07:16,282] {standard_task_runner.py:52} INFO - Started process 13966 to run task
[2021-06-24 17:07:16,350] {standard_task_runner.py:76} INFO - Running: ['airflow', 'tasks', 'run', 'parallel_dag', 'task_3', '2020-02-08T00:00:00+00:00', '--job-id', '157', '--pool', 'default_pool', '--raw', '--subdir', 'DAGS_FOLDER/parallel_dag.py', '--cfg-path', '/tmp/tmpq8yviq80', '--error-file', '/tmp/tmp4n04mxrs']
[2021-06-24 17:07:16,351] {standard_task_runner.py:77} INFO - Job 157: Subtask task_3
[2021-06-24 17:07:17,239] {logging_mixin.py:104} INFO - Running <TaskInstance: parallel_dag.task_3 2020-02-08T00:00:00+00:00 [running]> on host airflowvm
[2021-06-24 17:07:18,012] {taskinstance.py:1280} INFO - Exporting the following env vars:
AIRFLOW_CTX_DAG_OWNER=airflow
AIRFLOW_CTX_DAG_ID=parallel_dag
AIRFLOW_CTX_TASK_ID=task_3
AIRFLOW_CTX_EXECUTION_DATE=2020-02-08T00:00:00+00:00
AIRFLOW_CTX_DAG_RUN_ID=scheduled__2020-02-08T00:00:00+00:00
[2021-06-24 17:07:18,014] {subprocess.py:52} INFO - Tmp dir root location: 
 /tmp
[2021-06-24 17:07:18,015] {subprocess.py:63} INFO - Running command: ['bash', '-c', 'sleep 3']
[2021-06-24 17:07:18,173] {subprocess.py:75} INFO - Output:
[2021-06-24 17:07:21,222] {subprocess.py:83} INFO - Command exited with return code 0
[2021-06-24 17:07:21,851] {taskinstance.py:1184} INFO - Marking task as SUCCESS. dag_id=parallel_dag, task_id=task_3, execution_date=20200208T000000, start_date=20210624T170715, end_date=20210624T170721
[2021-06-24 17:07:22,142] {taskinstance.py:1245} INFO - 1 downstream tasks scheduled from follow-on schedule check
[2021-06-24 17:07:22,200] {local_task_job.py:151} INFO - Task exited with return code 0
