[2021-06-25 13:55:35,369] {taskinstance.py:876} INFO - Dependencies all met for <TaskInstance: xcom_dag.downloading_data 2021-06-25T13:55:34.100846+00:00 [queued]>
[2021-06-25 13:55:35,466] {taskinstance.py:876} INFO - Dependencies all met for <TaskInstance: xcom_dag.downloading_data 2021-06-25T13:55:34.100846+00:00 [queued]>
[2021-06-25 13:55:35,469] {taskinstance.py:1067} INFO - 
--------------------------------------------------------------------------------
[2021-06-25 13:55:35,470] {taskinstance.py:1068} INFO - Starting attempt 1 of 1
[2021-06-25 13:55:35,471] {taskinstance.py:1069} INFO - 
--------------------------------------------------------------------------------
[2021-06-25 13:55:35,512] {taskinstance.py:1087} INFO - Executing <Task(BashOperator): downloading_data> on 2021-06-25T13:55:34.100846+00:00
[2021-06-25 13:55:35,525] {standard_task_runner.py:52} INFO - Started process 4992 to run task
[2021-06-25 13:55:35,550] {standard_task_runner.py:76} INFO - Running: ['airflow', 'tasks', 'run', 'xcom_dag', 'downloading_data', '2021-06-25T13:55:34.100846+00:00', '--job-id', '432', '--pool', 'default_pool', '--raw', '--subdir', 'DAGS_FOLDER/xcom_dag.py', '--cfg-path', '/tmp/tmppi0u8woc', '--error-file', '/tmp/tmp5xvi9a4d']
[2021-06-25 13:55:35,552] {standard_task_runner.py:77} INFO - Job 432: Subtask downloading_data
[2021-06-25 13:55:35,824] {logging_mixin.py:104} INFO - Running <TaskInstance: xcom_dag.downloading_data 2021-06-25T13:55:34.100846+00:00 [running]> on host airflowvm
[2021-06-25 13:55:36,057] {taskinstance.py:1280} INFO - Exporting the following env vars:
AIRFLOW_CTX_DAG_OWNER=airflow
AIRFLOW_CTX_DAG_ID=xcom_dag
AIRFLOW_CTX_TASK_ID=downloading_data
AIRFLOW_CTX_EXECUTION_DATE=2021-06-25T13:55:34.100846+00:00
AIRFLOW_CTX_DAG_RUN_ID=manual__2021-06-25T13:55:34.100846+00:00
[2021-06-25 13:55:36,061] {subprocess.py:52} INFO - Tmp dir root location: 
 /tmp
[2021-06-25 13:55:36,063] {subprocess.py:63} INFO - Running command: ['bash', '-c', 'sleep 3']
[2021-06-25 13:55:36,078] {subprocess.py:75} INFO - Output:
[2021-06-25 13:55:39,084] {subprocess.py:83} INFO - Command exited with return code 0
[2021-06-25 13:55:39,130] {taskinstance.py:1184} INFO - Marking task as SUCCESS. dag_id=xcom_dag, task_id=downloading_data, execution_date=20210625T135534, start_date=20210625T135535, end_date=20210625T135539
[2021-06-25 13:55:39,186] {taskinstance.py:1245} INFO - 3 downstream tasks scheduled from follow-on schedule check
[2021-06-25 13:55:39,210] {local_task_job.py:151} INFO - Task exited with return code 0
