[2021-06-30 14:50:05,670] {taskinstance.py:876} INFO - Dependencies all met for <TaskInstance: user_processing_v2.processing_user_5 2021-06-30T14:29:12.044488+00:00 [queued]>
[2021-06-30 14:50:05,874] {taskinstance.py:876} INFO - Dependencies all met for <TaskInstance: user_processing_v2.processing_user_5 2021-06-30T14:29:12.044488+00:00 [queued]>
[2021-06-30 14:50:05,874] {taskinstance.py:1067} INFO - 
--------------------------------------------------------------------------------
[2021-06-30 14:50:05,874] {taskinstance.py:1068} INFO - Starting attempt 2 of 2
[2021-06-30 14:50:05,874] {taskinstance.py:1069} INFO - 
--------------------------------------------------------------------------------
[2021-06-30 14:50:05,984] {taskinstance.py:1087} INFO - Executing <Task(PythonOperator): processing_user_5> on 2021-06-30T14:29:12.044488+00:00
[2021-06-30 14:50:06,019] {standard_task_runner.py:52} INFO - Started process 7418 to run task
[2021-06-30 14:50:06,101] {standard_task_runner.py:76} INFO - Running: ['airflow', 'tasks', 'run', 'user_processing_v2', 'processing_user_5', '2021-06-30T14:29:12.044488+00:00', '--job-id', '858', '--pool', 'default_pool', '--raw', '--subdir', 'DAGS_FOLDER/user_processing_v2.py', '--cfg-path', '/tmp/tmpd0m7nrwb', '--error-file', '/tmp/tmp3u6958xg']
[2021-06-30 14:50:06,102] {standard_task_runner.py:77} INFO - Job 858: Subtask processing_user_5
[2021-06-30 14:50:06,644] {logging_mixin.py:104} INFO - Running <TaskInstance: user_processing_v2.processing_user_5 2021-06-30T14:29:12.044488+00:00 [running]> on host airflowvm
[2021-06-30 14:50:07,194] {taskinstance.py:1280} INFO - Exporting the following env vars:
AIRFLOW_CTX_DAG_OWNER=airflow
AIRFLOW_CTX_DAG_ID=user_processing_v2
AIRFLOW_CTX_TASK_ID=processing_user_5
AIRFLOW_CTX_EXECUTION_DATE=2021-06-30T14:29:12.044488+00:00
AIRFLOW_CTX_DAG_RUN_ID=manual__2021-06-30T14:29:12.044488+00:00
[2021-06-30 14:50:07,198] {taskinstance.py:1481} ERROR - Task failed with exception
Traceback (most recent call last):
  File "/home/airflow/sandbox/lib/python3.8/site-packages/airflow/models/taskinstance.py", line 1137, in _run_raw_task
    self._prepare_and_execute_task_with_callbacks(context, task)
  File "/home/airflow/sandbox/lib/python3.8/site-packages/airflow/models/taskinstance.py", line 1311, in _prepare_and_execute_task_with_callbacks
    result = self._execute_task(context, task_copy)
  File "/home/airflow/sandbox/lib/python3.8/site-packages/airflow/models/taskinstance.py", line 1341, in _execute_task
    result = task_copy.execute(context=context)
  File "/home/airflow/sandbox/lib/python3.8/site-packages/airflow/operators/python.py", line 148, in execute
    self.op_kwargs = determine_kwargs(self.python_callable, self.op_args, context)
  File "/home/airflow/sandbox/lib/python3.8/site-packages/airflow/utils/operator_helpers.py", line 115, in determine_kwargs
    raise ValueError(f"The key {name} in args is part of kwargs and therefore reserved.")
ValueError: The key task_instance in args is part of kwargs and therefore reserved.
[2021-06-30 14:50:07,235] {taskinstance.py:1524} INFO - Marking task as FAILED. dag_id=user_processing_v2, task_id=processing_user_5, execution_date=20210630T142912, start_date=20210630T145005, end_date=20210630T145007
[2021-06-30 14:50:07,488] {local_task_job.py:151} INFO - Task exited with return code 1
