[2021-06-30 14:59:23,429] {taskinstance.py:876} INFO - Dependencies all met for <TaskInstance: user_processing_v2.processing_user_5 2021-06-30T14:29:12.044488+00:00 [queued]>
[2021-06-30 14:59:23,566] {taskinstance.py:876} INFO - Dependencies all met for <TaskInstance: user_processing_v2.processing_user_5 2021-06-30T14:29:12.044488+00:00 [queued]>
[2021-06-30 14:59:23,566] {taskinstance.py:1067} INFO - 
--------------------------------------------------------------------------------
[2021-06-30 14:59:23,566] {taskinstance.py:1068} INFO - Starting attempt 4 of 4
[2021-06-30 14:59:23,567] {taskinstance.py:1069} INFO - 
--------------------------------------------------------------------------------
[2021-06-30 14:59:23,624] {taskinstance.py:1087} INFO - Executing <Task(PythonOperator): processing_user_5> on 2021-06-30T14:29:12.044488+00:00
[2021-06-30 14:59:23,634] {standard_task_runner.py:52} INFO - Started process 8978 to run task
[2021-06-30 14:59:23,677] {standard_task_runner.py:76} INFO - Running: ['airflow', 'tasks', 'run', 'user_processing_v2', 'processing_user_5', '2021-06-30T14:29:12.044488+00:00', '--job-id', '886', '--pool', 'default_pool', '--raw', '--subdir', 'DAGS_FOLDER/user_processing_v2.py', '--cfg-path', '/tmp/tmp46kma2zc', '--error-file', '/tmp/tmpxyr2ysf5']
[2021-06-30 14:59:23,682] {standard_task_runner.py:77} INFO - Job 886: Subtask processing_user_5
[2021-06-30 14:59:23,938] {logging_mixin.py:104} INFO - Running <TaskInstance: user_processing_v2.processing_user_5 2021-06-30T14:29:12.044488+00:00 [running]> on host airflowvm
[2021-06-30 14:59:24,205] {taskinstance.py:1280} INFO - Exporting the following env vars:
AIRFLOW_CTX_DAG_OWNER=airflow
AIRFLOW_CTX_DAG_ID=user_processing_v2
AIRFLOW_CTX_TASK_ID=processing_user_5
AIRFLOW_CTX_EXECUTION_DATE=2021-06-30T14:29:12.044488+00:00
AIRFLOW_CTX_DAG_RUN_ID=manual__2021-06-30T14:29:12.044488+00:00
[2021-06-30 14:59:24,279] {python.py:151} INFO - Done. Returned value was: {"first_name":{"0":"Melanie"},"last_name":{"0":"Reid"},"country":{"0":"United States"},"username":{"0":"ticklishwolf477"},"password":{"0":"guess"},"email":{"0":"melanie.reid@example.com"}}
[2021-06-30 14:59:24,446] {taskinstance.py:1184} INFO - Marking task as SUCCESS. dag_id=user_processing_v2, task_id=processing_user_5, execution_date=20210630T142912, start_date=20210630T145923, end_date=20210630T145924
[2021-06-30 14:59:24,553] {taskinstance.py:1245} INFO - 0 downstream tasks scheduled from follow-on schedule check
[2021-06-30 14:59:24,589] {local_task_job.py:151} INFO - Task exited with return code 0
