[2021-06-25 14:46:03,750] {taskinstance.py:876} INFO - Dependencies all met for <TaskInstance: xcom_dag.is_accurate 2021-06-25T14:45:50.850673+00:00 [queued]>
[2021-06-25 14:46:03,880] {taskinstance.py:876} INFO - Dependencies all met for <TaskInstance: xcom_dag.is_accurate 2021-06-25T14:45:50.850673+00:00 [queued]>
[2021-06-25 14:46:03,881] {taskinstance.py:1067} INFO - 
--------------------------------------------------------------------------------
[2021-06-25 14:46:03,882] {taskinstance.py:1068} INFO - Starting attempt 1 of 1
[2021-06-25 14:46:03,883] {taskinstance.py:1069} INFO - 
--------------------------------------------------------------------------------
[2021-06-25 14:46:03,924] {taskinstance.py:1087} INFO - Executing <Task(BranchPythonOperator): is_accurate> on 2021-06-25T14:45:50.850673+00:00
[2021-06-25 14:46:03,944] {standard_task_runner.py:52} INFO - Started process 7996 to run task
[2021-06-25 14:46:04,009] {standard_task_runner.py:76} INFO - Running: ['airflow', 'tasks', 'run', 'xcom_dag', 'is_accurate', '2021-06-25T14:45:50.850673+00:00', '--job-id', '447', '--pool', 'default_pool', '--raw', '--subdir', 'DAGS_FOLDER/xcom_dag.py', '--cfg-path', '/tmp/tmpd_gd__fg', '--error-file', '/tmp/tmplws0yi6a']
[2021-06-25 14:46:04,020] {standard_task_runner.py:77} INFO - Job 447: Subtask is_accurate
[2021-06-25 14:46:04,375] {logging_mixin.py:104} INFO - Running <TaskInstance: xcom_dag.is_accurate 2021-06-25T14:45:50.850673+00:00 [running]> on host airflowvm
[2021-06-25 14:46:04,665] {taskinstance.py:1280} INFO - Exporting the following env vars:
AIRFLOW_CTX_DAG_OWNER=airflow
AIRFLOW_CTX_DAG_ID=xcom_dag
AIRFLOW_CTX_TASK_ID=is_accurate
AIRFLOW_CTX_EXECUTION_DATE=2021-06-25T14:45:50.850673+00:00
AIRFLOW_CTX_DAG_RUN_ID=manual__2021-06-25T14:45:50.850673+00:00
[2021-06-25 14:46:04,671] {python.py:151} INFO - Done. Returned value was: accurate
[2021-06-25 14:46:04,672] {skipmixin.py:124} INFO - Following branch accurate
[2021-06-25 14:46:04,712] {skipmixin.py:155} INFO - Skipping tasks ['inaccurate']
[2021-06-25 14:46:04,948] {taskinstance.py:1184} INFO - Marking task as SUCCESS. dag_id=xcom_dag, task_id=is_accurate, execution_date=20210625T144550, start_date=20210625T144603, end_date=20210625T144604
[2021-06-25 14:46:05,032] {taskinstance.py:1245} INFO - 1 downstream tasks scheduled from follow-on schedule check
[2021-06-25 14:46:05,061] {local_task_job.py:151} INFO - Task exited with return code 0
