[2021-06-24 16:27:00,331] {taskinstance.py:876} INFO - Dependencies all met for <TaskInstance: parallel_dag.task_4 2020-01-13T00:00:00+00:00 [queued]>
[2021-06-24 16:27:00,346] {taskinstance.py:876} INFO - Dependencies all met for <TaskInstance: parallel_dag.task_4 2020-01-13T00:00:00+00:00 [queued]>
[2021-06-24 16:27:00,346] {taskinstance.py:1067} INFO - 
--------------------------------------------------------------------------------
[2021-06-24 16:27:00,346] {taskinstance.py:1068} INFO - Starting attempt 1 of 1
[2021-06-24 16:27:00,346] {taskinstance.py:1069} INFO - 
--------------------------------------------------------------------------------
[2021-06-24 16:27:00,364] {taskinstance.py:1087} INFO - Executing <Task(BashOperator): task_4> on 2020-01-13T00:00:00+00:00
[2021-06-24 16:27:00,367] {standard_task_runner.py:52} INFO - Started process 2500 to run task
[2021-06-24 16:27:00,373] {standard_task_runner.py:76} INFO - Running: ['airflow', 'tasks', 'run', 'parallel_dag', 'task_4', '2020-01-13T00:00:00+00:00', '--job-id', '97', '--pool', 'default_pool', '--raw', '--subdir', 'DAGS_FOLDER/parallel_dag.py', '--cfg-path', '/tmp/tmpnli0c2cn', '--error-file', '/tmp/tmp7xemjnxg']
[2021-06-24 16:27:00,377] {standard_task_runner.py:77} INFO - Job 97: Subtask task_4
[2021-06-24 16:27:00,458] {logging_mixin.py:104} INFO - Running <TaskInstance: parallel_dag.task_4 2020-01-13T00:00:00+00:00 [running]> on host airflowvm
[2021-06-24 16:27:00,563] {taskinstance.py:1280} INFO - Exporting the following env vars:
AIRFLOW_CTX_DAG_OWNER=airflow
AIRFLOW_CTX_DAG_ID=parallel_dag
AIRFLOW_CTX_TASK_ID=task_4
AIRFLOW_CTX_EXECUTION_DATE=2020-01-13T00:00:00+00:00
AIRFLOW_CTX_DAG_RUN_ID=scheduled__2020-01-13T00:00:00+00:00
[2021-06-24 16:27:00,565] {subprocess.py:52} INFO - Tmp dir root location: 
 /tmp
[2021-06-24 16:27:00,567] {subprocess.py:63} INFO - Running command: ['bash', '-c', 'sleep 3']
[2021-06-24 16:27:00,636] {subprocess.py:75} INFO - Output:
[2021-06-24 16:27:03,661] {subprocess.py:83} INFO - Command exited with return code 0
[2021-06-24 16:27:03,684] {taskinstance.py:1184} INFO - Marking task as SUCCESS. dag_id=parallel_dag, task_id=task_4, execution_date=20200113T000000, start_date=20210624T162700, end_date=20210624T162703
[2021-06-24 16:27:03,732] {taskinstance.py:1245} INFO - 0 downstream tasks scheduled from follow-on schedule check
[2021-06-24 16:27:03,749] {local_task_job.py:151} INFO - Task exited with return code 0
[2021-06-24 17:05:03,924] {taskinstance.py:876} INFO - Dependencies all met for <TaskInstance: parallel_dag.task_4 2020-01-13T00:00:00+00:00 [queued]>
[2021-06-24 17:05:03,989] {taskinstance.py:876} INFO - Dependencies all met for <TaskInstance: parallel_dag.task_4 2020-01-13T00:00:00+00:00 [queued]>
[2021-06-24 17:05:03,991] {taskinstance.py:1067} INFO - 
--------------------------------------------------------------------------------
[2021-06-24 17:05:03,993] {taskinstance.py:1068} INFO - Starting attempt 1 of 1
[2021-06-24 17:05:03,994] {taskinstance.py:1069} INFO - 
--------------------------------------------------------------------------------
[2021-06-24 17:05:04,025] {taskinstance.py:1087} INFO - Executing <Task(BashOperator): task_4> on 2020-01-13T00:00:00+00:00
[2021-06-24 17:05:04,039] {standard_task_runner.py:52} INFO - Started process 10522 to run task
[2021-06-24 17:05:04,126] {standard_task_runner.py:76} INFO - Running: ['airflow', 'tasks', 'run', 'parallel_dag', 'task_4', '2020-01-13T00:00:00+00:00', '--job-id', '62', '--pool', 'default_pool', '--raw', '--subdir', 'DAGS_FOLDER/parallel_dag.py', '--cfg-path', '/tmp/tmpqrfa93go', '--error-file', '/tmp/tmpl_8trrcq']
[2021-06-24 17:05:04,138] {standard_task_runner.py:77} INFO - Job 62: Subtask task_4
[2021-06-24 17:05:04,619] {logging_mixin.py:104} INFO - Running <TaskInstance: parallel_dag.task_4 2020-01-13T00:00:00+00:00 [running]> on host airflowvm
[2021-06-24 17:05:05,101] {taskinstance.py:1280} INFO - Exporting the following env vars:
AIRFLOW_CTX_DAG_OWNER=airflow
AIRFLOW_CTX_DAG_ID=parallel_dag
AIRFLOW_CTX_TASK_ID=task_4
AIRFLOW_CTX_EXECUTION_DATE=2020-01-13T00:00:00+00:00
AIRFLOW_CTX_DAG_RUN_ID=scheduled__2020-01-13T00:00:00+00:00
[2021-06-24 17:05:05,104] {subprocess.py:52} INFO - Tmp dir root location: 
 /tmp
[2021-06-24 17:05:05,115] {subprocess.py:63} INFO - Running command: ['bash', '-c', 'sleep 3']
[2021-06-24 17:05:05,169] {subprocess.py:75} INFO - Output:
[2021-06-24 17:05:08,190] {subprocess.py:83} INFO - Command exited with return code 0
[2021-06-24 17:05:08,545] {taskinstance.py:1184} INFO - Marking task as SUCCESS. dag_id=parallel_dag, task_id=task_4, execution_date=20200113T000000, start_date=20210624T170503, end_date=20210624T170508
[2021-06-24 17:05:08,932] {taskinstance.py:1245} INFO - 0 downstream tasks scheduled from follow-on schedule check
[2021-06-24 17:05:09,009] {local_task_job.py:151} INFO - Task exited with return code 0
