[2021-07-05 09:00:37,193] {taskinstance.py:876} INFO - Dependencies all met for <TaskInstance: get_as_dataframe.write_diseases 2021-07-05T08:41:49.353787+00:00 [queued]>
[2021-07-05 09:00:37,213] {taskinstance.py:876} INFO - Dependencies all met for <TaskInstance: get_as_dataframe.write_diseases 2021-07-05T08:41:49.353787+00:00 [queued]>
[2021-07-05 09:00:37,213] {taskinstance.py:1067} INFO - 
--------------------------------------------------------------------------------
[2021-07-05 09:00:37,213] {taskinstance.py:1068} INFO - Starting attempt 3 of 3
[2021-07-05 09:00:37,213] {taskinstance.py:1069} INFO - 
--------------------------------------------------------------------------------
[2021-07-05 09:00:37,223] {taskinstance.py:1087} INFO - Executing <Task(PythonOperator): write_diseases> on 2021-07-05T08:41:49.353787+00:00
[2021-07-05 09:00:37,226] {standard_task_runner.py:52} INFO - Started process 5289 to run task
[2021-07-05 09:00:37,231] {standard_task_runner.py:76} INFO - Running: ['airflow', 'tasks', 'run', 'get_as_dataframe', 'write_diseases', '2021-07-05T08:41:49.353787+00:00', '--job-id', '1136', '--pool', 'default_pool', '--raw', '--subdir', 'DAGS_FOLDER/get_as_Dataframe.py', '--cfg-path', '/tmp/tmp1fmt6e7_', '--error-file', '/tmp/tmpnnbzrs6q']
[2021-07-05 09:00:37,233] {standard_task_runner.py:77} INFO - Job 1136: Subtask write_diseases
[2021-07-05 09:00:37,311] {logging_mixin.py:104} INFO - Running <TaskInstance: get_as_dataframe.write_diseases 2021-07-05T08:41:49.353787+00:00 [running]> on host airflowvm
[2021-07-05 09:00:37,405] {taskinstance.py:1280} INFO - Exporting the following env vars:
AIRFLOW_CTX_DAG_OWNER=airflow
AIRFLOW_CTX_DAG_ID=get_as_dataframe
AIRFLOW_CTX_TASK_ID=write_diseases
AIRFLOW_CTX_EXECUTION_DATE=2021-07-05T08:41:49.353787+00:00
AIRFLOW_CTX_DAG_RUN_ID=manual__2021-07-05T08:41:49.353787+00:00
[2021-07-05 09:00:37,444] {logging_mixin.py:104} INFO - Users after load:            name_disease  number_pacients
0        Atrial Flutter                2
1  Knee Osteoarthritis                 1
2   Atrial Fibrillation               60
3              Cataract             4482
4          Older Person                1
5               Obesity              380
6              Diabetes                3
[2021-07-05 09:00:37,455] {python.py:151} INFO - Done. Returned value was: None
[2021-07-05 09:00:37,475] {taskinstance.py:1184} INFO - Marking task as SUCCESS. dag_id=get_as_dataframe, task_id=write_diseases, execution_date=20210705T084149, start_date=20210705T090037, end_date=20210705T090037
[2021-07-05 09:00:37,525] {taskinstance.py:1245} INFO - 0 downstream tasks scheduled from follow-on schedule check
[2021-07-05 09:00:37,583] {local_task_job.py:151} INFO - Task exited with return code 0
