[2021-07-05 10:15:21,246] {taskinstance.py:876} INFO - Dependencies all met for <TaskInstance: get_as_dataframe.write_diseases 2021-07-05T08:41:49.353787+00:00 [queued]>
[2021-07-05 10:15:21,267] {taskinstance.py:876} INFO - Dependencies all met for <TaskInstance: get_as_dataframe.write_diseases 2021-07-05T08:41:49.353787+00:00 [queued]>
[2021-07-05 10:15:21,268] {taskinstance.py:1067} INFO - 
--------------------------------------------------------------------------------
[2021-07-05 10:15:21,268] {taskinstance.py:1068} INFO - Starting attempt 4 of 4
[2021-07-05 10:15:21,270] {taskinstance.py:1069} INFO - 
--------------------------------------------------------------------------------
[2021-07-05 10:15:21,281] {taskinstance.py:1087} INFO - Executing <Task(PythonOperator): write_diseases> on 2021-07-05T08:41:49.353787+00:00
[2021-07-05 10:15:21,286] {standard_task_runner.py:52} INFO - Started process 16164 to run task
[2021-07-05 10:15:21,291] {standard_task_runner.py:76} INFO - Running: ['airflow', 'tasks', 'run', 'get_as_dataframe', 'write_diseases', '2021-07-05T08:41:49.353787+00:00', '--job-id', '1138', '--pool', 'default_pool', '--raw', '--subdir', 'DAGS_FOLDER/get_as_Dataframe.py', '--cfg-path', '/tmp/tmpntc_0l1x', '--error-file', '/tmp/tmpge_d6kl8']
[2021-07-05 10:15:21,293] {standard_task_runner.py:77} INFO - Job 1138: Subtask write_diseases
[2021-07-05 10:15:21,379] {logging_mixin.py:104} INFO - Running <TaskInstance: get_as_dataframe.write_diseases 2021-07-05T08:41:49.353787+00:00 [running]> on host airflowvm
[2021-07-05 10:15:21,475] {taskinstance.py:1280} INFO - Exporting the following env vars:
AIRFLOW_CTX_DAG_OWNER=airflow
AIRFLOW_CTX_DAG_ID=get_as_dataframe
AIRFLOW_CTX_TASK_ID=write_diseases
AIRFLOW_CTX_EXECUTION_DATE=2021-07-05T08:41:49.353787+00:00
AIRFLOW_CTX_DAG_RUN_ID=manual__2021-07-05T08:41:49.353787+00:00
[2021-07-05 10:15:21,516] {logging_mixin.py:104} INFO - Users after load:         Name of Disease  Number of Pacients
0        Atrial Flutter                   2
1  Knee Osteoarthritis                    1
2   Atrial Fibrillation                  60
3              Cataract                4482
4          Older Person                   1
5               Obesity                 380
6              Diabetes                   3
[2021-07-05 10:15:21,519] {python.py:151} INFO - Done. Returned value was: None
[2021-07-05 10:15:21,538] {taskinstance.py:1184} INFO - Marking task as SUCCESS. dag_id=get_as_dataframe, task_id=write_diseases, execution_date=20210705T084149, start_date=20210705T101521, end_date=20210705T101521
[2021-07-05 10:15:21,579] {taskinstance.py:1245} INFO - 0 downstream tasks scheduled from follow-on schedule check
[2021-07-05 10:15:21,586] {local_task_job.py:151} INFO - Task exited with return code 0
