[2021-06-25 09:18:09,690] {taskinstance.py:876} INFO - Dependencies all met for <TaskInstance: parallel_dag.task_4 2020-02-23T00:00:00+00:00 [queued]>
[2021-06-25 09:18:09,983] {taskinstance.py:876} INFO - Dependencies all met for <TaskInstance: parallel_dag.task_4 2020-02-23T00:00:00+00:00 [queued]>
[2021-06-25 09:18:10,004] {taskinstance.py:1067} INFO - 
--------------------------------------------------------------------------------
[2021-06-25 09:18:10,004] {taskinstance.py:1068} INFO - Starting attempt 1 of 1
[2021-06-25 09:18:10,006] {taskinstance.py:1069} INFO - 
--------------------------------------------------------------------------------
[2021-06-25 09:18:10,269] {taskinstance.py:1087} INFO - Executing <Task(BashOperator): task_4> on 2020-02-23T00:00:00+00:00
[2021-06-25 09:18:10,439] {standard_task_runner.py:52} INFO - Started process 6241 to run task
[2021-06-25 09:18:10,891] {standard_task_runner.py:76} INFO - Running: ['airflow', 'tasks', 'run', 'parallel_dag', 'task_4', '2020-02-23T00:00:00+00:00', '--job-id', '247', '--pool', 'default_pool', '--raw', '--subdir', 'DAGS_FOLDER/parallel_dag.py', '--cfg-path', '/tmp/tmptwrjesgy', '--error-file', '/tmp/tmpawqz5ukm']
[2021-06-25 09:18:10,893] {standard_task_runner.py:77} INFO - Job 247: Subtask task_4
[2021-06-25 09:18:12,945] {logging_mixin.py:104} INFO - Running <TaskInstance: parallel_dag.task_4 2020-02-23T00:00:00+00:00 [running]> on host airflowvm
[2021-06-25 09:18:14,834] {taskinstance.py:1280} INFO - Exporting the following env vars:
AIRFLOW_CTX_DAG_OWNER=airflow
AIRFLOW_CTX_DAG_ID=parallel_dag
AIRFLOW_CTX_TASK_ID=task_4
AIRFLOW_CTX_EXECUTION_DATE=2020-02-23T00:00:00+00:00
AIRFLOW_CTX_DAG_RUN_ID=scheduled__2020-02-23T00:00:00+00:00
[2021-06-25 09:18:14,881] {subprocess.py:52} INFO - Tmp dir root location: 
 /tmp
[2021-06-25 09:18:14,897] {subprocess.py:63} INFO - Running command: ['bash', '-c', 'sleep 3']
[2021-06-25 09:18:15,529] {subprocess.py:75} INFO - Output:
[2021-06-25 09:18:18,589] {subprocess.py:83} INFO - Command exited with return code 0
[2021-06-25 09:18:18,900] {taskinstance.py:1184} INFO - Marking task as SUCCESS. dag_id=parallel_dag, task_id=task_4, execution_date=20200223T000000, start_date=20210625T091809, end_date=20210625T091818
[2021-06-25 09:18:19,478] {taskinstance.py:1245} INFO - 0 downstream tasks scheduled from follow-on schedule check
[2021-06-25 09:18:19,711] {local_task_job.py:151} INFO - Task exited with return code 0
