[2021-06-25 09:35:06,237] {taskinstance.py:876} INFO - Dependencies all met for <TaskInstance: parallel_dag.task_1 2021-06-24T00:00:00+00:00 [queued]>
[2021-06-25 09:35:06,261] {taskinstance.py:876} INFO - Dependencies all met for <TaskInstance: parallel_dag.task_1 2021-06-24T00:00:00+00:00 [queued]>
[2021-06-25 09:35:06,262] {taskinstance.py:1067} INFO - 
--------------------------------------------------------------------------------
[2021-06-25 09:35:06,262] {taskinstance.py:1068} INFO - Starting attempt 2 of 2
[2021-06-25 09:35:06,262] {taskinstance.py:1069} INFO - 
--------------------------------------------------------------------------------
[2021-06-25 09:35:06,275] {taskinstance.py:1087} INFO - Executing <Task(BashOperator): task_1> on 2021-06-24T00:00:00+00:00
[2021-06-25 09:35:06,278] {standard_task_runner.py:52} INFO - Started process 14498 to run task
[2021-06-25 09:35:06,287] {standard_task_runner.py:76} INFO - Running: ['airflow', 'tasks', 'run', 'parallel_dag', 'task_1', '2021-06-24T00:00:00+00:00', '--job-id', '359', '--pool', 'default_pool', '--raw', '--subdir', 'DAGS_FOLDER/parallel_dag.py', '--cfg-path', '/tmp/tmph710ggn9', '--error-file', '/tmp/tmpxf34ftu6']
[2021-06-25 09:35:06,289] {standard_task_runner.py:77} INFO - Job 359: Subtask task_1
[2021-06-25 09:35:06,395] {logging_mixin.py:104} INFO - Running <TaskInstance: parallel_dag.task_1 2021-06-24T00:00:00+00:00 [running]> on host airflowvm
[2021-06-25 09:35:06,512] {taskinstance.py:1280} INFO - Exporting the following env vars:
AIRFLOW_CTX_DAG_OWNER=airflow
AIRFLOW_CTX_DAG_ID=parallel_dag
AIRFLOW_CTX_TASK_ID=task_1
AIRFLOW_CTX_EXECUTION_DATE=2021-06-24T00:00:00+00:00
AIRFLOW_CTX_DAG_RUN_ID=scheduled__2021-06-24T00:00:00+00:00
[2021-06-25 09:35:06,515] {subprocess.py:52} INFO - Tmp dir root location: 
 /tmp
[2021-06-25 09:35:06,516] {subprocess.py:63} INFO - Running command: ['bash', '-c', 'sleep 3']
[2021-06-25 09:35:06,524] {subprocess.py:75} INFO - Output:
[2021-06-25 09:35:09,526] {subprocess.py:83} INFO - Command exited with return code 0
[2021-06-25 09:35:09,569] {taskinstance.py:1184} INFO - Marking task as SUCCESS. dag_id=parallel_dag, task_id=task_1, execution_date=20210624T000000, start_date=20210625T093506, end_date=20210625T093509
[2021-06-25 09:35:09,615] {taskinstance.py:1245} INFO - 2 downstream tasks scheduled from follow-on schedule check
[2021-06-25 09:35:09,638] {local_task_job.py:151} INFO - Task exited with return code 0
