[2021-06-25 13:05:06,221] {taskinstance.py:876} INFO - Dependencies all met for <TaskInstance: parallel_dag.task_1 2021-06-24T00:00:00+00:00 [queued]>
[2021-06-25 13:05:06,281] {taskinstance.py:876} INFO - Dependencies all met for <TaskInstance: parallel_dag.task_1 2021-06-24T00:00:00+00:00 [queued]>
[2021-06-25 13:05:06,282] {taskinstance.py:1067} INFO - 
--------------------------------------------------------------------------------
[2021-06-25 13:05:06,282] {taskinstance.py:1068} INFO - Starting attempt 3 of 3
[2021-06-25 13:05:06,283] {taskinstance.py:1069} INFO - 
--------------------------------------------------------------------------------
[2021-06-25 13:05:06,315] {taskinstance.py:1087} INFO - Executing <Task(BashOperator): task_1> on 2021-06-24T00:00:00+00:00
[2021-06-25 13:05:06,321] {standard_task_runner.py:52} INFO - Started process 2004 to run task
[2021-06-25 13:05:06,332] {standard_task_runner.py:76} INFO - Running: ['airflow', 'tasks', 'run', 'parallel_dag', 'task_1', '2021-06-24T00:00:00+00:00', '--job-id', '412', '--pool', 'default_pool', '--raw', '--subdir', 'DAGS_FOLDER/parallel_dag.py', '--cfg-path', '/tmp/tmpdcv5ge9k', '--error-file', '/tmp/tmpb0sutasw']
[2021-06-25 13:05:06,335] {standard_task_runner.py:77} INFO - Job 412: Subtask task_1
[2021-06-25 13:05:06,478] {logging_mixin.py:104} INFO - Running <TaskInstance: parallel_dag.task_1 2021-06-24T00:00:00+00:00 [running]> on host airflowvm
[2021-06-25 13:05:06,607] {taskinstance.py:1280} INFO - Exporting the following env vars:
AIRFLOW_CTX_DAG_OWNER=airflow
AIRFLOW_CTX_DAG_ID=parallel_dag
AIRFLOW_CTX_TASK_ID=task_1
AIRFLOW_CTX_EXECUTION_DATE=2021-06-24T00:00:00+00:00
AIRFLOW_CTX_DAG_RUN_ID=scheduled__2021-06-24T00:00:00+00:00
[2021-06-25 13:05:06,609] {subprocess.py:52} INFO - Tmp dir root location: 
 /tmp
[2021-06-25 13:05:06,610] {subprocess.py:63} INFO - Running command: ['bash', '-c', 'sleep 3']
[2021-06-25 13:05:06,619] {subprocess.py:75} INFO - Output:
[2021-06-25 13:05:09,620] {subprocess.py:83} INFO - Command exited with return code 0
[2021-06-25 13:05:09,672] {taskinstance.py:1184} INFO - Marking task as SUCCESS. dag_id=parallel_dag, task_id=task_1, execution_date=20210624T000000, start_date=20210625T130506, end_date=20210625T130509
[2021-06-25 13:05:09,739] {taskinstance.py:1245} INFO - 2 downstream tasks scheduled from follow-on schedule check
[2021-06-25 13:05:09,753] {local_task_job.py:151} INFO - Task exited with return code 0
