[2021-06-25 09:17:07,194] {taskinstance.py:876} INFO - Dependencies all met for <TaskInstance: parallel_dag.task_4 2020-02-16T00:00:00+00:00 [queued]>
[2021-06-25 09:17:07,436] {taskinstance.py:876} INFO - Dependencies all met for <TaskInstance: parallel_dag.task_4 2020-02-16T00:00:00+00:00 [queued]>
[2021-06-25 09:17:07,468] {taskinstance.py:1067} INFO - 
--------------------------------------------------------------------------------
[2021-06-25 09:17:07,469] {taskinstance.py:1068} INFO - Starting attempt 1 of 1
[2021-06-25 09:17:07,494] {taskinstance.py:1069} INFO - 
--------------------------------------------------------------------------------
[2021-06-25 09:17:07,663] {taskinstance.py:1087} INFO - Executing <Task(BashOperator): task_4> on 2020-02-16T00:00:00+00:00
[2021-06-25 09:17:07,715] {standard_task_runner.py:52} INFO - Started process 4634 to run task
[2021-06-25 09:17:07,906] {standard_task_runner.py:76} INFO - Running: ['airflow', 'tasks', 'run', 'parallel_dag', 'task_4', '2020-02-16T00:00:00+00:00', '--job-id', '202', '--pool', 'default_pool', '--raw', '--subdir', 'DAGS_FOLDER/parallel_dag.py', '--cfg-path', '/tmp/tmpvned7vi3', '--error-file', '/tmp/tmp38g7r3ll']
[2021-06-25 09:17:07,922] {standard_task_runner.py:77} INFO - Job 202: Subtask task_4
[2021-06-25 09:17:10,426] {logging_mixin.py:104} INFO - Running <TaskInstance: parallel_dag.task_4 2020-02-16T00:00:00+00:00 [running]> on host airflowvm
[2021-06-25 09:17:12,810] {taskinstance.py:1280} INFO - Exporting the following env vars:
AIRFLOW_CTX_DAG_OWNER=airflow
AIRFLOW_CTX_DAG_ID=parallel_dag
AIRFLOW_CTX_TASK_ID=task_4
AIRFLOW_CTX_EXECUTION_DATE=2020-02-16T00:00:00+00:00
AIRFLOW_CTX_DAG_RUN_ID=scheduled__2020-02-16T00:00:00+00:00
[2021-06-25 09:17:12,814] {subprocess.py:52} INFO - Tmp dir root location: 
 /tmp
[2021-06-25 09:17:12,889] {subprocess.py:63} INFO - Running command: ['bash', '-c', 'sleep 3']
[2021-06-25 09:17:13,117] {subprocess.py:75} INFO - Output:
[2021-06-25 09:17:16,208] {subprocess.py:83} INFO - Command exited with return code 0
[2021-06-25 09:17:16,491] {taskinstance.py:1184} INFO - Marking task as SUCCESS. dag_id=parallel_dag, task_id=task_4, execution_date=20200216T000000, start_date=20210625T091707, end_date=20210625T091716
[2021-06-25 09:17:16,715] {taskinstance.py:1245} INFO - 0 downstream tasks scheduled from follow-on schedule check
[2021-06-25 09:17:16,780] {local_task_job.py:151} INFO - Task exited with return code 0
