[2021-06-29 11:36:26,451] {taskinstance.py:876} INFO - Dependencies all met for <TaskInstance: open_aq.drop_table 2021-06-28T00:00:00+00:00 [queued]>
[2021-06-29 11:36:26,476] {taskinstance.py:876} INFO - Dependencies all met for <TaskInstance: open_aq.drop_table 2021-06-28T00:00:00+00:00 [queued]>
[2021-06-29 11:36:26,477] {taskinstance.py:1067} INFO - 
--------------------------------------------------------------------------------
[2021-06-29 11:36:26,478] {taskinstance.py:1068} INFO - Starting attempt 1 of 1
[2021-06-29 11:36:26,478] {taskinstance.py:1069} INFO - 
--------------------------------------------------------------------------------
[2021-06-29 11:36:26,494] {taskinstance.py:1087} INFO - Executing <Task(PostgresOperator): drop_table> on 2021-06-28T00:00:00+00:00
[2021-06-29 11:36:26,499] {standard_task_runner.py:52} INFO - Started process 12445 to run task
[2021-06-29 11:36:26,504] {standard_task_runner.py:76} INFO - Running: ['airflow', 'tasks', 'run', 'open_aq', 'drop_table', '2021-06-28T00:00:00+00:00', '--job-id', '524', '--pool', 'default_pool', '--raw', '--subdir', 'DAGS_FOLDER/open_aq.py', '--cfg-path', '/tmp/tmp6vgb5qg4', '--error-file', '/tmp/tmp5v89wz87']
[2021-06-29 11:36:26,505] {standard_task_runner.py:77} INFO - Job 524: Subtask drop_table
[2021-06-29 11:36:26,592] {logging_mixin.py:104} INFO - Running <TaskInstance: open_aq.drop_table 2021-06-28T00:00:00+00:00 [running]> on host airflowvm
[2021-06-29 11:36:26,694] {taskinstance.py:1280} INFO - Exporting the following env vars:
AIRFLOW_CTX_DAG_OWNER=airflow
AIRFLOW_CTX_DAG_ID=open_aq
AIRFLOW_CTX_TASK_ID=drop_table
AIRFLOW_CTX_EXECUTION_DATE=2021-06-28T00:00:00+00:00
AIRFLOW_CTX_DAG_RUN_ID=scheduled__2021-06-28T00:00:00+00:00
[2021-06-29 11:36:26,695] {postgres.py:68} INFO - Executing: DROP TABLE IF EXISTS open_aq
[2021-06-29 11:36:26,713] {base.py:69} INFO - Using connection to: id: ***_default. Host: localhost, Port: 5432, Schema: , Login: ***, Password: ***, extra: {'cursor': 'realdictcursor'}
[2021-06-29 11:36:26,723] {dbapi.py:204} INFO - Running statement: DROP TABLE IF EXISTS open_aq, parameters: None
[2021-06-29 11:36:26,750] {taskinstance.py:1184} INFO - Marking task as SUCCESS. dag_id=open_aq, task_id=drop_table, execution_date=20210628T000000, start_date=20210629T113626, end_date=20210629T113626
[2021-06-29 11:36:26,791] {taskinstance.py:1245} INFO - 0 downstream tasks scheduled from follow-on schedule check
[2021-06-29 11:36:26,800] {local_task_job.py:151} INFO - Task exited with return code 0
