[2021-06-25 09:19:55,019] {taskinstance.py:876} INFO - Dependencies all met for <TaskInstance: parallel_dag.task_3 2020-03-20T00:00:00+00:00 [queued]>
[2021-06-25 09:19:55,356] {taskinstance.py:876} INFO - Dependencies all met for <TaskInstance: parallel_dag.task_3 2020-03-20T00:00:00+00:00 [queued]>
[2021-06-25 09:19:55,356] {taskinstance.py:1067} INFO - 
--------------------------------------------------------------------------------
[2021-06-25 09:19:55,357] {taskinstance.py:1068} INFO - Starting attempt 1 of 1
[2021-06-25 09:19:55,358] {taskinstance.py:1069} INFO - 
--------------------------------------------------------------------------------
[2021-06-25 09:19:55,601] {taskinstance.py:1087} INFO - Executing <Task(BashOperator): task_3> on 2020-03-20T00:00:00+00:00
[2021-06-25 09:19:55,648] {standard_task_runner.py:52} INFO - Started process 9110 to run task
[2021-06-25 09:19:55,736] {standard_task_runner.py:76} INFO - Running: ['airflow', 'tasks', 'run', 'parallel_dag', 'task_3', '2020-03-20T00:00:00+00:00', '--job-id', '333', '--pool', 'default_pool', '--raw', '--subdir', 'DAGS_FOLDER/parallel_dag.py', '--cfg-path', '/tmp/tmpobc3ctrr', '--error-file', '/tmp/tmp1wtby1rw']
[2021-06-25 09:19:55,737] {standard_task_runner.py:77} INFO - Job 333: Subtask task_3
[2021-06-25 09:19:56,383] {logging_mixin.py:104} INFO - Running <TaskInstance: parallel_dag.task_3 2020-03-20T00:00:00+00:00 [running]> on host airflowvm
[2021-06-25 09:19:57,231] {taskinstance.py:1280} INFO - Exporting the following env vars:
AIRFLOW_CTX_DAG_OWNER=airflow
AIRFLOW_CTX_DAG_ID=parallel_dag
AIRFLOW_CTX_TASK_ID=task_3
AIRFLOW_CTX_EXECUTION_DATE=2020-03-20T00:00:00+00:00
AIRFLOW_CTX_DAG_RUN_ID=scheduled__2020-03-20T00:00:00+00:00
[2021-06-25 09:19:57,237] {subprocess.py:52} INFO - Tmp dir root location: 
 /tmp
[2021-06-25 09:19:57,239] {subprocess.py:63} INFO - Running command: ['bash', '-c', 'sleep 3']
[2021-06-25 09:19:57,313] {subprocess.py:75} INFO - Output:
[2021-06-25 09:20:00,298] {subprocess.py:83} INFO - Command exited with return code 0
[2021-06-25 09:20:00,832] {taskinstance.py:1184} INFO - Marking task as SUCCESS. dag_id=parallel_dag, task_id=task_3, execution_date=20200320T000000, start_date=20210625T091955, end_date=20210625T092000
[2021-06-25 09:20:01,317] {local_task_job.py:196} WARNING - State of this instance has been externally set to success. Terminating instance.
[2021-06-25 09:20:01,589] {taskinstance.py:1245} INFO - 1 downstream tasks scheduled from follow-on schedule check
[2021-06-25 09:20:01,707] {process_utils.py:100} INFO - Sending Signals.SIGTERM to GPID 9110
[2021-06-25 09:20:01,763] {process_utils.py:66} INFO - Process psutil.Process(pid=9110, status='terminated', exitcode=0, started='09:19:54') (9110) terminated with exit code 0
