[2021-07-05 10:28:28,524] {taskinstance.py:876} INFO - Dependencies all met for <TaskInstance: get_as_dataframe.getting_data.get_cataract_sex 2021-07-05T10:28:23.458316+00:00 [queued]>
[2021-07-05 10:28:28,580] {taskinstance.py:876} INFO - Dependencies all met for <TaskInstance: get_as_dataframe.getting_data.get_cataract_sex 2021-07-05T10:28:23.458316+00:00 [queued]>
[2021-07-05 10:28:28,581] {taskinstance.py:1067} INFO - 
--------------------------------------------------------------------------------
[2021-07-05 10:28:28,582] {taskinstance.py:1068} INFO - Starting attempt 1 of 1
[2021-07-05 10:28:28,582] {taskinstance.py:1069} INFO - 
--------------------------------------------------------------------------------
[2021-07-05 10:28:28,598] {taskinstance.py:1087} INFO - Executing <Task(PythonOperator): getting_data.get_cataract_sex> on 2021-07-05T10:28:23.458316+00:00
[2021-07-05 10:28:28,606] {standard_task_runner.py:52} INFO - Started process 18511 to run task
[2021-07-05 10:28:28,615] {standard_task_runner.py:76} INFO - Running: ['airflow', 'tasks', 'run', 'get_as_dataframe', 'getting_data.get_cataract_sex', '2021-07-05T10:28:23.458316+00:00', '--job-id', '1156', '--pool', 'default_pool', '--raw', '--subdir', 'DAGS_FOLDER/get_as_Dataframe.py', '--cfg-path', '/tmp/tmpszg39nqk', '--error-file', '/tmp/tmp8lng093y']
[2021-07-05 10:28:28,617] {standard_task_runner.py:77} INFO - Job 1156: Subtask getting_data.get_cataract_sex
[2021-07-05 10:28:28,758] {logging_mixin.py:104} INFO - Running <TaskInstance: get_as_dataframe.getting_data.get_cataract_sex 2021-07-05T10:28:23.458316+00:00 [running]> on host airflowvm
[2021-07-05 10:28:28,980] {taskinstance.py:1280} INFO - Exporting the following env vars:
AIRFLOW_CTX_DAG_OWNER=airflow
AIRFLOW_CTX_DAG_ID=get_as_dataframe
AIRFLOW_CTX_TASK_ID=getting_data.get_cataract_sex
AIRFLOW_CTX_EXECUTION_DATE=2021-07-05T10:28:23.458316+00:00
AIRFLOW_CTX_DAG_RUN_ID=manual__2021-07-05T10:28:23.458316+00:00
[2021-07-05 10:28:29,008] {base.py:69} INFO - Using connection to: id: ***_default. Host: localhost, Port: 5432, Schema: , Login: ***, Password: ***, extra: {'cursor': 'realdictcursor'}
[2021-07-05 10:28:29,052] {python.py:151} INFO - Done. Returned value was: {"Cataract Females":{"0":"(2593)"},"Cataract Males":{"0":"(1871)"}}
[2021-07-05 10:28:29,125] {taskinstance.py:1184} INFO - Marking task as SUCCESS. dag_id=get_as_dataframe, task_id=getting_data.get_cataract_sex, execution_date=20210705T102823, start_date=20210705T102828, end_date=20210705T102829
[2021-07-05 10:28:29,184] {taskinstance.py:1245} INFO - 2 downstream tasks scheduled from follow-on schedule check
[2021-07-05 10:28:29,240] {local_task_job.py:151} INFO - Task exited with return code 0
