[2021-06-25 09:17:46,220] {taskinstance.py:876} INFO - Dependencies all met for <TaskInstance: parallel_dag.task_2 2020-02-23T00:00:00+00:00 [queued]>
[2021-06-25 09:17:46,407] {taskinstance.py:876} INFO - Dependencies all met for <TaskInstance: parallel_dag.task_2 2020-02-23T00:00:00+00:00 [queued]>
[2021-06-25 09:17:46,418] {taskinstance.py:1067} INFO - 
--------------------------------------------------------------------------------
[2021-06-25 09:17:46,423] {taskinstance.py:1068} INFO - Starting attempt 1 of 1
[2021-06-25 09:17:46,424] {taskinstance.py:1069} INFO - 
--------------------------------------------------------------------------------
[2021-06-25 09:17:46,565] {taskinstance.py:1087} INFO - Executing <Task(BashOperator): task_2> on 2020-02-23T00:00:00+00:00
[2021-06-25 09:17:46,618] {standard_task_runner.py:52} INFO - Started process 5521 to run task
[2021-06-25 09:17:46,717] {standard_task_runner.py:76} INFO - Running: ['airflow', 'tasks', 'run', 'parallel_dag', 'task_2', '2020-02-23T00:00:00+00:00', '--job-id', '227', '--pool', 'default_pool', '--raw', '--subdir', 'DAGS_FOLDER/parallel_dag.py', '--cfg-path', '/tmp/tmpzbyd675g', '--error-file', '/tmp/tmpir_gafq5']
[2021-06-25 09:17:46,736] {standard_task_runner.py:77} INFO - Job 227: Subtask task_2
[2021-06-25 09:17:47,901] {logging_mixin.py:104} INFO - Running <TaskInstance: parallel_dag.task_2 2020-02-23T00:00:00+00:00 [running]> on host airflowvm
[2021-06-25 09:17:48,954] {taskinstance.py:1280} INFO - Exporting the following env vars:
AIRFLOW_CTX_DAG_OWNER=airflow
AIRFLOW_CTX_DAG_ID=parallel_dag
AIRFLOW_CTX_TASK_ID=task_2
AIRFLOW_CTX_EXECUTION_DATE=2020-02-23T00:00:00+00:00
AIRFLOW_CTX_DAG_RUN_ID=scheduled__2020-02-23T00:00:00+00:00
[2021-06-25 09:17:48,974] {subprocess.py:52} INFO - Tmp dir root location: 
 /tmp
[2021-06-25 09:17:48,975] {subprocess.py:63} INFO - Running command: ['bash', '-c', 'sleep 3']
[2021-06-25 09:17:49,049] {subprocess.py:75} INFO - Output:
[2021-06-25 09:17:52,091] {subprocess.py:83} INFO - Command exited with return code 0
[2021-06-25 09:17:52,637] {taskinstance.py:1184} INFO - Marking task as SUCCESS. dag_id=parallel_dag, task_id=task_2, execution_date=20200223T000000, start_date=20210625T091746, end_date=20210625T091752
[2021-06-25 09:17:53,372] {taskinstance.py:1245} INFO - 0 downstream tasks scheduled from follow-on schedule check
[2021-06-25 09:17:53,475] {local_task_job.py:151} INFO - Task exited with return code 0
