[2021-06-25 13:38:59,043] {taskinstance.py:876} INFO - Dependencies all met for <TaskInstance: xcom_dag.processing_tasks.training_model_a 2021-06-24T00:00:00+00:00 [queued]>
[2021-06-25 13:38:59,109] {taskinstance.py:876} INFO - Dependencies all met for <TaskInstance: xcom_dag.processing_tasks.training_model_a 2021-06-24T00:00:00+00:00 [queued]>
[2021-06-25 13:38:59,110] {taskinstance.py:1067} INFO - 
--------------------------------------------------------------------------------
[2021-06-25 13:38:59,110] {taskinstance.py:1068} INFO - Starting attempt 1 of 1
[2021-06-25 13:38:59,110] {taskinstance.py:1069} INFO - 
--------------------------------------------------------------------------------
[2021-06-25 13:38:59,143] {taskinstance.py:1087} INFO - Executing <Task(PythonOperator): processing_tasks.training_model_a> on 2021-06-24T00:00:00+00:00
[2021-06-25 13:38:59,151] {standard_task_runner.py:52} INFO - Started process 3815 to run task
[2021-06-25 13:38:59,165] {standard_task_runner.py:76} INFO - Running: ['airflow', 'tasks', 'run', 'xcom_dag', 'processing_tasks.training_model_a', '2021-06-24T00:00:00+00:00', '--job-id', '418', '--pool', 'default_pool', '--raw', '--subdir', 'DAGS_FOLDER/xcom_dag.py', '--cfg-path', '/tmp/tmp0zy3tgi8', '--error-file', '/tmp/tmpx4c0jir0']
[2021-06-25 13:38:59,170] {standard_task_runner.py:77} INFO - Job 418: Subtask processing_tasks.training_model_a
[2021-06-25 13:38:59,320] {logging_mixin.py:104} INFO - Running <TaskInstance: xcom_dag.processing_tasks.training_model_a 2021-06-24T00:00:00+00:00 [running]> on host airflowvm
[2021-06-25 13:38:59,494] {taskinstance.py:1280} INFO - Exporting the following env vars:
AIRFLOW_CTX_DAG_OWNER=airflow
AIRFLOW_CTX_DAG_ID=xcom_dag
AIRFLOW_CTX_TASK_ID=processing_tasks.training_model_a
AIRFLOW_CTX_EXECUTION_DATE=2021-06-24T00:00:00+00:00
AIRFLOW_CTX_DAG_RUN_ID=scheduled__2021-06-24T00:00:00+00:00
[2021-06-25 13:38:59,496] {logging_mixin.py:104} INFO - model's accuracy: 0.3277355888550989
[2021-06-25 13:38:59,496] {python.py:151} INFO - Done. Returned value was: 0.3277355888550989
[2021-06-25 13:38:59,611] {taskinstance.py:1184} INFO - Marking task as SUCCESS. dag_id=xcom_dag, task_id=processing_tasks.training_model_a, execution_date=20210624T000000, start_date=20210625T133859, end_date=20210625T133859
[2021-06-25 13:38:59,715] {taskinstance.py:1245} INFO - 0 downstream tasks scheduled from follow-on schedule check
[2021-06-25 13:38:59,759] {local_task_job.py:151} INFO - Task exited with return code 0
