[2021-06-25 13:51:46,910] {taskinstance.py:876} INFO - Dependencies all met for <TaskInstance: xcom_dag.processing_tasks.training_model_a 2021-06-24T00:00:00+00:00 [queued]>
[2021-06-25 13:51:47,111] {taskinstance.py:876} INFO - Dependencies all met for <TaskInstance: xcom_dag.processing_tasks.training_model_a 2021-06-24T00:00:00+00:00 [queued]>
[2021-06-25 13:51:47,112] {taskinstance.py:1067} INFO - 
--------------------------------------------------------------------------------
[2021-06-25 13:51:47,113] {taskinstance.py:1068} INFO - Starting attempt 3 of 3
[2021-06-25 13:51:47,114] {taskinstance.py:1069} INFO - 
--------------------------------------------------------------------------------
[2021-06-25 13:51:47,154] {taskinstance.py:1087} INFO - Executing <Task(PythonOperator): processing_tasks.training_model_a> on 2021-06-24T00:00:00+00:00
[2021-06-25 13:51:47,162] {standard_task_runner.py:52} INFO - Started process 4724 to run task
[2021-06-25 13:51:47,190] {standard_task_runner.py:76} INFO - Running: ['airflow', 'tasks', 'run', 'xcom_dag', 'processing_tasks.training_model_a', '2021-06-24T00:00:00+00:00', '--job-id', '428', '--pool', 'default_pool', '--raw', '--subdir', 'DAGS_FOLDER/xcom_dag.py', '--cfg-path', '/tmp/tmppoyws29a', '--error-file', '/tmp/tmp54b_201m']
[2021-06-25 13:51:47,208] {standard_task_runner.py:77} INFO - Job 428: Subtask processing_tasks.training_model_a
[2021-06-25 13:51:47,412] {logging_mixin.py:104} INFO - Running <TaskInstance: xcom_dag.processing_tasks.training_model_a 2021-06-24T00:00:00+00:00 [running]> on host airflowvm
[2021-06-25 13:51:48,088] {taskinstance.py:1280} INFO - Exporting the following env vars:
AIRFLOW_CTX_DAG_OWNER=airflow
AIRFLOW_CTX_DAG_ID=xcom_dag
AIRFLOW_CTX_TASK_ID=processing_tasks.training_model_a
AIRFLOW_CTX_EXECUTION_DATE=2021-06-24T00:00:00+00:00
AIRFLOW_CTX_DAG_RUN_ID=scheduled__2021-06-24T00:00:00+00:00
[2021-06-25 13:51:48,093] {logging_mixin.py:104} INFO - model's accuracy: 0.46819277594603315
[2021-06-25 13:51:48,413] {python.py:151} INFO - Done. Returned value was: None
[2021-06-25 13:51:48,560] {taskinstance.py:1184} INFO - Marking task as SUCCESS. dag_id=xcom_dag, task_id=processing_tasks.training_model_a, execution_date=20210624T000000, start_date=20210625T135146, end_date=20210625T135148
[2021-06-25 13:51:48,813] {taskinstance.py:1245} INFO - 0 downstream tasks scheduled from follow-on schedule check
[2021-06-25 13:51:48,871] {local_task_job.py:151} INFO - Task exited with return code 0
