[2021-06-24 16:23:23,232] {taskinstance.py:876} INFO - Dependencies all met for <TaskInstance: parallel_dag.task_1 2020-01-10T00:00:00+00:00 [queued]>
[2021-06-24 16:23:23,252] {taskinstance.py:876} INFO - Dependencies all met for <TaskInstance: parallel_dag.task_1 2020-01-10T00:00:00+00:00 [queued]>
[2021-06-24 16:23:23,253] {taskinstance.py:1067} INFO - 
--------------------------------------------------------------------------------
[2021-06-24 16:23:23,253] {taskinstance.py:1068} INFO - Starting attempt 1 of 1
[2021-06-24 16:23:23,253] {taskinstance.py:1069} INFO - 
--------------------------------------------------------------------------------
[2021-06-24 16:23:23,267] {taskinstance.py:1087} INFO - Executing <Task(BashOperator): task_1> on 2020-01-10T00:00:00+00:00
[2021-06-24 16:23:23,269] {standard_task_runner.py:52} INFO - Started process 2177 to run task
[2021-06-24 16:23:23,274] {standard_task_runner.py:76} INFO - Running: ['airflow', 'tasks', 'run', 'parallel_dag', 'task_1', '2020-01-10T00:00:00+00:00', '--job-id', '74', '--pool', 'default_pool', '--raw', '--subdir', 'DAGS_FOLDER/parallel_dag.py', '--cfg-path', '/tmp/tmpjgvo5pxj', '--error-file', '/tmp/tmp_x219sgd']
[2021-06-24 16:23:23,275] {standard_task_runner.py:77} INFO - Job 74: Subtask task_1
[2021-06-24 16:23:23,346] {logging_mixin.py:104} INFO - Running <TaskInstance: parallel_dag.task_1 2020-01-10T00:00:00+00:00 [running]> on host airflowvm
[2021-06-24 16:23:23,439] {taskinstance.py:1280} INFO - Exporting the following env vars:
AIRFLOW_CTX_DAG_OWNER=airflow
AIRFLOW_CTX_DAG_ID=parallel_dag
AIRFLOW_CTX_TASK_ID=task_1
AIRFLOW_CTX_EXECUTION_DATE=2020-01-10T00:00:00+00:00
AIRFLOW_CTX_DAG_RUN_ID=scheduled__2020-01-10T00:00:00+00:00
[2021-06-24 16:23:23,440] {subprocess.py:52} INFO - Tmp dir root location: 
 /tmp
[2021-06-24 16:23:23,441] {subprocess.py:63} INFO - Running command: ['bash', '-c', 'sleep 3']
[2021-06-24 16:23:23,450] {subprocess.py:75} INFO - Output:
[2021-06-24 16:23:26,458] {subprocess.py:83} INFO - Command exited with return code 0
[2021-06-24 16:23:26,486] {taskinstance.py:1184} INFO - Marking task as SUCCESS. dag_id=parallel_dag, task_id=task_1, execution_date=20200110T000000, start_date=20210624T162323, end_date=20210624T162326
[2021-06-24 16:23:26,522] {taskinstance.py:1245} INFO - 2 downstream tasks scheduled from follow-on schedule check
[2021-06-24 16:23:26,528] {local_task_job.py:151} INFO - Task exited with return code 0
[2021-06-24 17:03:45,915] {taskinstance.py:876} INFO - Dependencies all met for <TaskInstance: parallel_dag.task_1 2020-01-10T00:00:00+00:00 [queued]>
[2021-06-24 17:03:46,634] {taskinstance.py:876} INFO - Dependencies all met for <TaskInstance: parallel_dag.task_1 2020-01-10T00:00:00+00:00 [queued]>
[2021-06-24 17:03:46,649] {taskinstance.py:1067} INFO - 
--------------------------------------------------------------------------------
[2021-06-24 17:03:46,651] {taskinstance.py:1068} INFO - Starting attempt 1 of 1
[2021-06-24 17:03:46,752] {taskinstance.py:1069} INFO - 
--------------------------------------------------------------------------------
[2021-06-24 17:03:47,119] {taskinstance.py:1087} INFO - Executing <Task(BashOperator): task_1> on 2020-01-10T00:00:00+00:00
[2021-06-24 17:03:47,359] {standard_task_runner.py:52} INFO - Started process 8942 to run task
[2021-06-24 17:03:47,572] {standard_task_runner.py:76} INFO - Running: ['airflow', 'tasks', 'run', 'parallel_dag', 'task_1', '2020-01-10T00:00:00+00:00', '--job-id', '16', '--pool', 'default_pool', '--raw', '--subdir', 'DAGS_FOLDER/parallel_dag.py', '--cfg-path', '/tmp/tmpaei1fa5t', '--error-file', '/tmp/tmp47c93ilx']
[2021-06-24 17:03:47,617] {standard_task_runner.py:77} INFO - Job 16: Subtask task_1
[2021-06-24 17:03:49,537] {logging_mixin.py:104} INFO - Running <TaskInstance: parallel_dag.task_1 2020-01-10T00:00:00+00:00 [running]> on host airflowvm
[2021-06-24 17:03:51,658] {taskinstance.py:1280} INFO - Exporting the following env vars:
AIRFLOW_CTX_DAG_OWNER=airflow
AIRFLOW_CTX_DAG_ID=parallel_dag
AIRFLOW_CTX_TASK_ID=task_1
AIRFLOW_CTX_EXECUTION_DATE=2020-01-10T00:00:00+00:00
AIRFLOW_CTX_DAG_RUN_ID=scheduled__2020-01-10T00:00:00+00:00
[2021-06-24 17:03:51,724] {subprocess.py:52} INFO - Tmp dir root location: 
 /tmp
[2021-06-24 17:03:51,725] {subprocess.py:63} INFO - Running command: ['bash', '-c', 'sleep 3']
[2021-06-24 17:03:51,989] {subprocess.py:75} INFO - Output:
[2021-06-24 17:03:55,115] {subprocess.py:83} INFO - Command exited with return code 0
[2021-06-24 17:03:55,882] {taskinstance.py:1184} INFO - Marking task as SUCCESS. dag_id=parallel_dag, task_id=task_1, execution_date=20200110T000000, start_date=20210624T170345, end_date=20210624T170355
[2021-06-24 17:03:58,565] {local_task_job.py:196} WARNING - State of this instance has been externally set to success. Terminating instance.
[2021-06-24 17:03:58,671] {process_utils.py:100} INFO - Sending Signals.SIGTERM to GPID 8942
[2021-06-24 17:03:59,848] {taskinstance.py:1264} ERROR - Received SIGTERM. Terminating subprocesses.
[2021-06-24 17:03:59,848] {subprocess.py:89} INFO - Sending SIGTERM signal to process group
[2021-06-24 17:03:59,895] {process_utils.py:66} INFO - Process psutil.Process(pid=8942, status='terminated', exitcode=1, started='17:03:46') (8942) terminated with exit code 1
