[2021-06-25 09:44:48,561] {taskinstance.py:876} INFO - Dependencies all met for <TaskInstance: parallel_dag.task_1 2020-01-10T00:00:00+00:00 [queued]>
[2021-06-25 09:44:48,998] {taskinstance.py:876} INFO - Dependencies all met for <TaskInstance: parallel_dag.task_1 2020-01-10T00:00:00+00:00 [queued]>
[2021-06-25 09:44:49,012] {taskinstance.py:1067} INFO - 
--------------------------------------------------------------------------------
[2021-06-25 09:44:49,012] {taskinstance.py:1068} INFO - Starting attempt 2 of 2
[2021-06-25 09:44:49,013] {taskinstance.py:1069} INFO - 
--------------------------------------------------------------------------------
[2021-06-25 09:44:49,557] {taskinstance.py:1087} INFO - Executing <Task(BashOperator): task_1> on 2020-01-10T00:00:00+00:00
[2021-06-25 09:44:49,704] {standard_task_runner.py:52} INFO - Started process 18375 to run task
[2021-06-25 09:44:50,047] {standard_task_runner.py:76} INFO - Running: ['airflow', 'tasks', 'run', 'parallel_dag', 'task_1', '2020-01-10T00:00:00+00:00', '--job-id', '376', '--pool', 'default_pool', '--raw', '--subdir', 'DAGS_FOLDER/parallel_dag.py', '--cfg-path', '/tmp/tmpffgsd6ms', '--error-file', '/tmp/tmp8s3g43tb']
[2021-06-25 09:44:50,080] {standard_task_runner.py:77} INFO - Job 376: Subtask task_1
[2021-06-25 09:44:52,401] {logging_mixin.py:104} INFO - Running <TaskInstance: parallel_dag.task_1 2020-01-10T00:00:00+00:00 [running]> on host airflowvm
[2021-06-25 09:44:54,592] {taskinstance.py:1280} INFO - Exporting the following env vars:
AIRFLOW_CTX_DAG_OWNER=airflow
AIRFLOW_CTX_DAG_ID=parallel_dag
AIRFLOW_CTX_TASK_ID=task_1
AIRFLOW_CTX_EXECUTION_DATE=2020-01-10T00:00:00+00:00
AIRFLOW_CTX_DAG_RUN_ID=scheduled__2020-01-10T00:00:00+00:00
[2021-06-25 09:44:54,711] {subprocess.py:52} INFO - Tmp dir root location: 
 /tmp
[2021-06-25 09:44:54,712] {subprocess.py:63} INFO - Running command: ['bash', '-c', 'sleep 3']
[2021-06-25 09:44:54,831] {subprocess.py:75} INFO - Output:
[2021-06-25 09:44:57,942] {subprocess.py:83} INFO - Command exited with return code 0
[2021-06-25 09:44:58,920] {taskinstance.py:1184} INFO - Marking task as SUCCESS. dag_id=parallel_dag, task_id=task_1, execution_date=20200110T000000, start_date=20210625T094448, end_date=20210625T094458
[2021-06-25 09:45:00,578] {taskinstance.py:1245} INFO - 2 downstream tasks scheduled from follow-on schedule check
[2021-06-25 09:45:02,002] {local_task_job.py:151} INFO - Task exited with return code 0
