[2021-06-24 16:28:02,589] {taskinstance.py:876} INFO - Dependencies all met for <TaskInstance: parallel_dag.task_2 2020-01-17T00:00:00+00:00 [queued]>
[2021-06-24 16:28:02,598] {taskinstance.py:876} INFO - Dependencies all met for <TaskInstance: parallel_dag.task_2 2020-01-17T00:00:00+00:00 [queued]>
[2021-06-24 16:28:02,598] {taskinstance.py:1067} INFO - 
--------------------------------------------------------------------------------
[2021-06-24 16:28:02,598] {taskinstance.py:1068} INFO - Starting attempt 1 of 1
[2021-06-24 16:28:02,598] {taskinstance.py:1069} INFO - 
--------------------------------------------------------------------------------
[2021-06-24 16:28:02,628] {taskinstance.py:1087} INFO - Executing <Task(BashOperator): task_2> on 2020-01-17T00:00:00+00:00
[2021-06-24 16:28:02,631] {standard_task_runner.py:52} INFO - Started process 2585 to run task
[2021-06-24 16:28:02,646] {standard_task_runner.py:76} INFO - Running: ['airflow', 'tasks', 'run', 'parallel_dag', 'task_2', '2020-01-17T00:00:00+00:00', '--job-id', '107', '--pool', 'default_pool', '--raw', '--subdir', 'DAGS_FOLDER/parallel_dag.py', '--cfg-path', '/tmp/tmp2hz0fw4m', '--error-file', '/tmp/tmp4i3u2rev']
[2021-06-24 16:28:02,647] {standard_task_runner.py:77} INFO - Job 107: Subtask task_2
[2021-06-24 16:28:02,729] {logging_mixin.py:104} INFO - Running <TaskInstance: parallel_dag.task_2 2020-01-17T00:00:00+00:00 [running]> on host airflowvm
[2021-06-24 16:28:02,809] {taskinstance.py:1280} INFO - Exporting the following env vars:
AIRFLOW_CTX_DAG_OWNER=airflow
AIRFLOW_CTX_DAG_ID=parallel_dag
AIRFLOW_CTX_TASK_ID=task_2
AIRFLOW_CTX_EXECUTION_DATE=2020-01-17T00:00:00+00:00
AIRFLOW_CTX_DAG_RUN_ID=scheduled__2020-01-17T00:00:00+00:00
[2021-06-24 16:28:02,810] {subprocess.py:52} INFO - Tmp dir root location: 
 /tmp
[2021-06-24 16:28:02,810] {subprocess.py:63} INFO - Running command: ['bash', '-c', 'sleep 3']
[2021-06-24 16:28:02,816] {subprocess.py:75} INFO - Output:
[2021-06-24 16:28:05,819] {subprocess.py:83} INFO - Command exited with return code 0
[2021-06-24 16:28:05,847] {taskinstance.py:1184} INFO - Marking task as SUCCESS. dag_id=parallel_dag, task_id=task_2, execution_date=20200117T000000, start_date=20210624T162802, end_date=20210624T162805
[2021-06-24 16:28:05,877] {taskinstance.py:1245} INFO - 0 downstream tasks scheduled from follow-on schedule check
[2021-06-24 16:28:05,886] {local_task_job.py:151} INFO - Task exited with return code 0
[2021-06-24 17:05:29,659] {taskinstance.py:876} INFO - Dependencies all met for <TaskInstance: parallel_dag.task_2 2020-01-17T00:00:00+00:00 [queued]>
[2021-06-24 17:05:30,038] {taskinstance.py:876} INFO - Dependencies all met for <TaskInstance: parallel_dag.task_2 2020-01-17T00:00:00+00:00 [queued]>
[2021-06-24 17:05:30,042] {taskinstance.py:1067} INFO - 
--------------------------------------------------------------------------------
[2021-06-24 17:05:30,046] {taskinstance.py:1068} INFO - Starting attempt 1 of 1
[2021-06-24 17:05:30,057] {taskinstance.py:1069} INFO - 
--------------------------------------------------------------------------------
[2021-06-24 17:05:30,305] {taskinstance.py:1087} INFO - Executing <Task(BashOperator): task_2> on 2020-01-17T00:00:00+00:00
[2021-06-24 17:05:30,355] {standard_task_runner.py:52} INFO - Started process 11184 to run task
[2021-06-24 17:05:30,448] {standard_task_runner.py:76} INFO - Running: ['airflow', 'tasks', 'run', 'parallel_dag', 'task_2', '2020-01-17T00:00:00+00:00', '--job-id', '79', '--pool', 'default_pool', '--raw', '--subdir', 'DAGS_FOLDER/parallel_dag.py', '--cfg-path', '/tmp/tmp5x58skms', '--error-file', '/tmp/tmpljwj8jvm']
[2021-06-24 17:05:30,450] {standard_task_runner.py:77} INFO - Job 79: Subtask task_2
[2021-06-24 17:05:31,277] {logging_mixin.py:104} INFO - Running <TaskInstance: parallel_dag.task_2 2020-01-17T00:00:00+00:00 [running]> on host airflowvm
[2021-06-24 17:05:32,542] {taskinstance.py:1280} INFO - Exporting the following env vars:
AIRFLOW_CTX_DAG_OWNER=airflow
AIRFLOW_CTX_DAG_ID=parallel_dag
AIRFLOW_CTX_TASK_ID=task_2
AIRFLOW_CTX_EXECUTION_DATE=2020-01-17T00:00:00+00:00
AIRFLOW_CTX_DAG_RUN_ID=scheduled__2020-01-17T00:00:00+00:00
[2021-06-24 17:05:32,547] {subprocess.py:52} INFO - Tmp dir root location: 
 /tmp
[2021-06-24 17:05:32,578] {subprocess.py:63} INFO - Running command: ['bash', '-c', 'sleep 3']
[2021-06-24 17:05:32,697] {subprocess.py:75} INFO - Output:
[2021-06-24 17:05:35,733] {subprocess.py:83} INFO - Command exited with return code 0
[2021-06-24 17:05:36,320] {taskinstance.py:1184} INFO - Marking task as SUCCESS. dag_id=parallel_dag, task_id=task_2, execution_date=20200117T000000, start_date=20210624T170529, end_date=20210624T170536
[2021-06-24 17:05:37,804] {taskinstance.py:1245} INFO - 0 downstream tasks scheduled from follow-on schedule check
[2021-06-24 17:05:37,893] {local_task_job.py:151} INFO - Task exited with return code 0
