[2021-07-05 10:31:08,046] {taskinstance.py:876} INFO - Dependencies all met for <TaskInstance: get_as_dataframe.get_diseases 2021-07-04T00:00:00+00:00 [queued]>
[2021-07-05 10:31:08,097] {taskinstance.py:876} INFO - Dependencies all met for <TaskInstance: get_as_dataframe.get_diseases 2021-07-04T00:00:00+00:00 [queued]>
[2021-07-05 10:31:08,099] {taskinstance.py:1067} INFO - 
--------------------------------------------------------------------------------
[2021-07-05 10:31:08,099] {taskinstance.py:1068} INFO - Starting attempt 2 of 1
[2021-07-05 10:31:08,100] {taskinstance.py:1069} INFO - 
--------------------------------------------------------------------------------
[2021-07-05 10:31:08,128] {taskinstance.py:1087} INFO - Executing <Task(PythonOperator): get_diseases> on 2021-07-04T00:00:00+00:00
[2021-07-05 10:31:08,137] {standard_task_runner.py:52} INFO - Started process 18981 to run task
[2021-07-05 10:31:08,149] {standard_task_runner.py:76} INFO - Running: ['airflow', 'tasks', 'run', 'get_as_dataframe', 'get_diseases', '2021-07-04T00:00:00+00:00', '--job-id', '1159', '--pool', 'default_pool', '--raw', '--subdir', 'DAGS_FOLDER/get_as_Dataframe.py', '--cfg-path', '/tmp/tmp6w0q13dy', '--error-file', '/tmp/tmpu_8_abi4']
[2021-07-05 10:31:08,152] {standard_task_runner.py:77} INFO - Job 1159: Subtask get_diseases
[2021-07-05 10:31:08,324] {logging_mixin.py:104} INFO - Running <TaskInstance: get_as_dataframe.get_diseases 2021-07-04T00:00:00+00:00 [running]> on host airflowvm
[2021-07-05 10:31:08,506] {taskinstance.py:1280} INFO - Exporting the following env vars:
AIRFLOW_CTX_DAG_OWNER=airflow
AIRFLOW_CTX_DAG_ID=get_as_dataframe
AIRFLOW_CTX_TASK_ID=get_diseases
AIRFLOW_CTX_EXECUTION_DATE=2021-07-04T00:00:00+00:00
AIRFLOW_CTX_DAG_RUN_ID=scheduled__2021-07-04T00:00:00+00:00
[2021-07-05 10:31:08,543] {base.py:69} INFO - Using connection to: id: ***_default. Host: localhost, Port: 5432, Schema: , Login: ***, Password: ***, extra: {'cursor': 'realdictcursor'}
[2021-07-05 10:31:08,597] {python.py:151} INFO - Done. Returned value was: {"Name of Disease":{"0":"Atrial Flutter","1":"Knee Osteoarthritis ","2":"Atrial Fibrillation","3":"Cataract","4":"Older Person","5":"Obesity","6":"Diabetes"},"Number of Pacients":{"0":2,"1":1,"2":60,"3":4482,"4":1,"5":380,"6":3}}
[2021-07-05 10:31:08,693] {taskinstance.py:1184} INFO - Marking task as SUCCESS. dag_id=get_as_dataframe, task_id=get_diseases, execution_date=20210704T000000, start_date=20210705T103108, end_date=20210705T103108
[2021-07-05 10:31:08,761] {taskinstance.py:1245} INFO - 1 downstream tasks scheduled from follow-on schedule check
[2021-07-05 10:31:08,781] {local_task_job.py:151} INFO - Task exited with return code 0
