[2021-06-25 14:53:01,818] {taskinstance.py:876} INFO - Dependencies all met for <TaskInstance: xcom_dag.choose_best_model 2021-06-25T14:52:51.958036+00:00 [queued]>
[2021-06-25 14:53:01,884] {taskinstance.py:876} INFO - Dependencies all met for <TaskInstance: xcom_dag.choose_best_model 2021-06-25T14:52:51.958036+00:00 [queued]>
[2021-06-25 14:53:01,888] {taskinstance.py:1067} INFO - 
--------------------------------------------------------------------------------
[2021-06-25 14:53:01,889] {taskinstance.py:1068} INFO - Starting attempt 1 of 1
[2021-06-25 14:53:01,890] {taskinstance.py:1069} INFO - 
--------------------------------------------------------------------------------
[2021-06-25 14:53:01,921] {taskinstance.py:1087} INFO - Executing <Task(BranchPythonOperator): choose_best_model> on 2021-06-25T14:52:51.958036+00:00
[2021-06-25 14:53:01,925] {standard_task_runner.py:52} INFO - Started process 8867 to run task
[2021-06-25 14:53:01,972] {standard_task_runner.py:76} INFO - Running: ['airflow', 'tasks', 'run', 'xcom_dag', 'choose_best_model', '2021-06-25T14:52:51.958036+00:00', '--job-id', '467', '--pool', 'default_pool', '--raw', '--subdir', 'DAGS_FOLDER/xcom_dag.py', '--cfg-path', '/tmp/tmp43t101xk', '--error-file', '/tmp/tmptugidja2']
[2021-06-25 14:53:01,977] {standard_task_runner.py:77} INFO - Job 467: Subtask choose_best_model
[2021-06-25 14:53:02,226] {logging_mixin.py:104} INFO - Running <TaskInstance: xcom_dag.choose_best_model 2021-06-25T14:52:51.958036+00:00 [running]> on host airflowvm
[2021-06-25 14:53:02,451] {taskinstance.py:1280} INFO - Exporting the following env vars:
AIRFLOW_CTX_DAG_OWNER=airflow
AIRFLOW_CTX_DAG_ID=xcom_dag
AIRFLOW_CTX_TASK_ID=choose_best_model
AIRFLOW_CTX_EXECUTION_DATE=2021-06-25T14:52:51.958036+00:00
AIRFLOW_CTX_DAG_RUN_ID=manual__2021-06-25T14:52:51.958036+00:00
[2021-06-25 14:53:02,454] {logging_mixin.py:104} INFO - choose best model
[2021-06-25 14:53:02,489] {logging_mixin.py:104} INFO - Accuracies [0.5106051389207701, 0.6498512962490278, 0.04867396555457115]
[2021-06-25 14:53:02,491] {python.py:151} INFO - Done. Returned value was: accurate
[2021-06-25 14:53:02,491] {skipmixin.py:124} INFO - Following branch accurate
[2021-06-25 14:53:02,523] {skipmixin.py:155} INFO - Skipping tasks ['inaccurate']
[2021-06-25 14:53:02,689] {taskinstance.py:1184} INFO - Marking task as SUCCESS. dag_id=xcom_dag, task_id=choose_best_model, execution_date=20210625T145251, start_date=20210625T145301, end_date=20210625T145302
[2021-06-25 14:53:02,789] {taskinstance.py:1245} INFO - 1 downstream tasks scheduled from follow-on schedule check
[2021-06-25 14:53:02,855] {local_task_job.py:151} INFO - Task exited with return code 0
