[2021-06-25 09:20:09,829] {taskinstance.py:876} INFO - Dependencies all met for <TaskInstance: parallel_dag.task_2 2020-03-24T00:00:00+00:00 [queued]>
[2021-06-25 09:20:10,107] {taskinstance.py:876} INFO - Dependencies all met for <TaskInstance: parallel_dag.task_2 2020-03-24T00:00:00+00:00 [queued]>
[2021-06-25 09:20:10,108] {taskinstance.py:1067} INFO - 
--------------------------------------------------------------------------------
[2021-06-25 09:20:10,109] {taskinstance.py:1068} INFO - Starting attempt 1 of 1
[2021-06-25 09:20:10,111] {taskinstance.py:1069} INFO - 
--------------------------------------------------------------------------------
[2021-06-25 09:20:10,365] {taskinstance.py:1087} INFO - Executing <Task(BashOperator): task_2> on 2020-03-24T00:00:00+00:00
[2021-06-25 09:20:10,370] {standard_task_runner.py:52} INFO - Started process 9551 to run task
[2021-06-25 09:20:10,469] {standard_task_runner.py:76} INFO - Running: ['airflow', 'tasks', 'run', 'parallel_dag', 'task_2', '2020-03-24T00:00:00+00:00', '--job-id', '344', '--pool', 'default_pool', '--raw', '--subdir', 'DAGS_FOLDER/parallel_dag.py', '--cfg-path', '/tmp/tmpzhauwwj8', '--error-file', '/tmp/tmpio7h8e8g']
[2021-06-25 09:20:10,483] {standard_task_runner.py:77} INFO - Job 344: Subtask task_2
[2021-06-25 09:20:11,403] {logging_mixin.py:104} INFO - Running <TaskInstance: parallel_dag.task_2 2020-03-24T00:00:00+00:00 [running]> on host airflowvm
[2021-06-25 09:20:12,169] {taskinstance.py:1280} INFO - Exporting the following env vars:
AIRFLOW_CTX_DAG_OWNER=airflow
AIRFLOW_CTX_DAG_ID=parallel_dag
AIRFLOW_CTX_TASK_ID=task_2
AIRFLOW_CTX_EXECUTION_DATE=2020-03-24T00:00:00+00:00
AIRFLOW_CTX_DAG_RUN_ID=scheduled__2020-03-24T00:00:00+00:00
[2021-06-25 09:20:12,171] {subprocess.py:52} INFO - Tmp dir root location: 
 /tmp
[2021-06-25 09:20:12,187] {subprocess.py:63} INFO - Running command: ['bash', '-c', 'sleep 3']
[2021-06-25 09:20:12,345] {subprocess.py:75} INFO - Output:
[2021-06-25 09:20:15,380] {subprocess.py:83} INFO - Command exited with return code 0
[2021-06-25 09:20:15,676] {taskinstance.py:1184} INFO - Marking task as SUCCESS. dag_id=parallel_dag, task_id=task_2, execution_date=20200324T000000, start_date=20210625T092009, end_date=20210625T092015
[2021-06-25 09:20:16,076] {taskinstance.py:1245} INFO - 1 downstream tasks scheduled from follow-on schedule check
[2021-06-25 09:20:16,255] {local_task_job.py:151} INFO - Task exited with return code 0
