[2021-06-25 09:17:25,549] {taskinstance.py:876} INFO - Dependencies all met for <TaskInstance: parallel_dag.task_1 2020-02-18T00:00:00+00:00 [queued]>
[2021-06-25 09:17:25,652] {taskinstance.py:876} INFO - Dependencies all met for <TaskInstance: parallel_dag.task_1 2020-02-18T00:00:00+00:00 [queued]>
[2021-06-25 09:17:25,653] {taskinstance.py:1067} INFO - 
--------------------------------------------------------------------------------
[2021-06-25 09:17:25,653] {taskinstance.py:1068} INFO - Starting attempt 1 of 1
[2021-06-25 09:17:25,657] {taskinstance.py:1069} INFO - 
--------------------------------------------------------------------------------
[2021-06-25 09:17:25,721] {taskinstance.py:1087} INFO - Executing <Task(BashOperator): task_1> on 2020-02-18T00:00:00+00:00
[2021-06-25 09:17:25,757] {standard_task_runner.py:52} INFO - Started process 4887 to run task
[2021-06-25 09:17:25,881] {standard_task_runner.py:76} INFO - Running: ['airflow', 'tasks', 'run', 'parallel_dag', 'task_1', '2020-02-18T00:00:00+00:00', '--job-id', '206', '--pool', 'default_pool', '--raw', '--subdir', 'DAGS_FOLDER/parallel_dag.py', '--cfg-path', '/tmp/tmpy6itipip', '--error-file', '/tmp/tmpsghp6isn']
[2021-06-25 09:17:25,882] {standard_task_runner.py:77} INFO - Job 206: Subtask task_1
[2021-06-25 09:17:26,365] {logging_mixin.py:104} INFO - Running <TaskInstance: parallel_dag.task_1 2020-02-18T00:00:00+00:00 [running]> on host airflowvm
[2021-06-25 09:17:26,773] {taskinstance.py:1280} INFO - Exporting the following env vars:
AIRFLOW_CTX_DAG_OWNER=airflow
AIRFLOW_CTX_DAG_ID=parallel_dag
AIRFLOW_CTX_TASK_ID=task_1
AIRFLOW_CTX_EXECUTION_DATE=2020-02-18T00:00:00+00:00
AIRFLOW_CTX_DAG_RUN_ID=scheduled__2020-02-18T00:00:00+00:00
[2021-06-25 09:17:26,775] {subprocess.py:52} INFO - Tmp dir root location: 
 /tmp
[2021-06-25 09:17:26,775] {subprocess.py:63} INFO - Running command: ['bash', '-c', 'sleep 3']
[2021-06-25 09:17:26,823] {subprocess.py:75} INFO - Output:
[2021-06-25 09:17:29,852] {subprocess.py:83} INFO - Command exited with return code 0
[2021-06-25 09:17:30,087] {taskinstance.py:1184} INFO - Marking task as SUCCESS. dag_id=parallel_dag, task_id=task_1, execution_date=20200218T000000, start_date=20210625T091725, end_date=20210625T091730
[2021-06-25 09:17:30,370] {taskinstance.py:1245} INFO - 2 downstream tasks scheduled from follow-on schedule check
[2021-06-25 09:17:30,404] {local_task_job.py:151} INFO - Task exited with return code 0
