[2021-06-24 16:22:20,256] {taskinstance.py:876} INFO - Dependencies all met for <TaskInstance: parallel_dag.task_2 2020-01-06T00:00:00+00:00 [queued]>
[2021-06-24 16:22:20,264] {taskinstance.py:876} INFO - Dependencies all met for <TaskInstance: parallel_dag.task_2 2020-01-06T00:00:00+00:00 [queued]>
[2021-06-24 16:22:20,264] {taskinstance.py:1067} INFO - 
--------------------------------------------------------------------------------
[2021-06-24 16:22:20,264] {taskinstance.py:1068} INFO - Starting attempt 1 of 1
[2021-06-24 16:22:20,264] {taskinstance.py:1069} INFO - 
--------------------------------------------------------------------------------
[2021-06-24 16:22:20,277] {taskinstance.py:1087} INFO - Executing <Task(BashOperator): task_2> on 2020-01-06T00:00:00+00:00
[2021-06-24 16:22:20,279] {standard_task_runner.py:52} INFO - Started process 2089 to run task
[2021-06-24 16:22:20,293] {standard_task_runner.py:76} INFO - Running: ['airflow', 'tasks', 'run', 'parallel_dag', 'task_2', '2020-01-06T00:00:00+00:00', '--job-id', '63', '--pool', 'default_pool', '--raw', '--subdir', 'DAGS_FOLDER/parallel_dag.py', '--cfg-path', '/tmp/tmpjywh2cqn', '--error-file', '/tmp/tmpxfegujqp']
[2021-06-24 16:22:20,294] {standard_task_runner.py:77} INFO - Job 63: Subtask task_2
[2021-06-24 16:22:20,387] {logging_mixin.py:104} INFO - Running <TaskInstance: parallel_dag.task_2 2020-01-06T00:00:00+00:00 [running]> on host airflowvm
[2021-06-24 16:22:20,475] {taskinstance.py:1280} INFO - Exporting the following env vars:
AIRFLOW_CTX_DAG_OWNER=airflow
AIRFLOW_CTX_DAG_ID=parallel_dag
AIRFLOW_CTX_TASK_ID=task_2
AIRFLOW_CTX_EXECUTION_DATE=2020-01-06T00:00:00+00:00
AIRFLOW_CTX_DAG_RUN_ID=scheduled__2020-01-06T00:00:00+00:00
[2021-06-24 16:22:20,476] {subprocess.py:52} INFO - Tmp dir root location: 
 /tmp
[2021-06-24 16:22:20,477] {subprocess.py:63} INFO - Running command: ['bash', '-c', 'sleep 3']
[2021-06-24 16:22:20,487] {subprocess.py:75} INFO - Output:
[2021-06-24 16:22:23,497] {subprocess.py:83} INFO - Command exited with return code 0
[2021-06-24 16:22:23,525] {taskinstance.py:1184} INFO - Marking task as SUCCESS. dag_id=parallel_dag, task_id=task_2, execution_date=20200106T000000, start_date=20210624T162220, end_date=20210624T162223
[2021-06-24 16:22:23,557] {taskinstance.py:1245} INFO - 0 downstream tasks scheduled from follow-on schedule check
[2021-06-24 16:22:23,579] {local_task_job.py:151} INFO - Task exited with return code 0
[2021-06-24 17:03:59,422] {taskinstance.py:876} INFO - Dependencies all met for <TaskInstance: parallel_dag.task_2 2020-01-06T00:00:00+00:00 [queued]>
[2021-06-24 17:03:59,607] {taskinstance.py:876} INFO - Dependencies all met for <TaskInstance: parallel_dag.task_2 2020-01-06T00:00:00+00:00 [queued]>
[2021-06-24 17:03:59,607] {taskinstance.py:1067} INFO - 
--------------------------------------------------------------------------------
[2021-06-24 17:03:59,608] {taskinstance.py:1068} INFO - Starting attempt 1 of 1
[2021-06-24 17:03:59,608] {taskinstance.py:1069} INFO - 
--------------------------------------------------------------------------------
[2021-06-24 17:03:59,750] {taskinstance.py:1087} INFO - Executing <Task(BashOperator): task_2> on 2020-01-06T00:00:00+00:00
[2021-06-24 17:03:59,839] {standard_task_runner.py:52} INFO - Started process 9183 to run task
[2021-06-24 17:03:59,952] {standard_task_runner.py:76} INFO - Running: ['airflow', 'tasks', 'run', 'parallel_dag', 'task_2', '2020-01-06T00:00:00+00:00', '--job-id', '24', '--pool', 'default_pool', '--raw', '--subdir', 'DAGS_FOLDER/parallel_dag.py', '--cfg-path', '/tmp/tmpuhe9o0z6', '--error-file', '/tmp/tmp773d8ayu']
[2021-06-24 17:04:00,014] {standard_task_runner.py:77} INFO - Job 24: Subtask task_2
[2021-06-24 17:04:01,181] {logging_mixin.py:104} INFO - Running <TaskInstance: parallel_dag.task_2 2020-01-06T00:00:00+00:00 [running]> on host airflowvm
[2021-06-24 17:04:03,478] {taskinstance.py:1280} INFO - Exporting the following env vars:
AIRFLOW_CTX_DAG_OWNER=airflow
AIRFLOW_CTX_DAG_ID=parallel_dag
AIRFLOW_CTX_TASK_ID=task_2
AIRFLOW_CTX_EXECUTION_DATE=2020-01-06T00:00:00+00:00
AIRFLOW_CTX_DAG_RUN_ID=scheduled__2020-01-06T00:00:00+00:00
[2021-06-24 17:04:03,480] {subprocess.py:52} INFO - Tmp dir root location: 
 /tmp
[2021-06-24 17:04:03,481] {subprocess.py:63} INFO - Running command: ['bash', '-c', 'sleep 3']
[2021-06-24 17:04:03,730] {subprocess.py:75} INFO - Output:
[2021-06-24 17:04:06,792] {subprocess.py:83} INFO - Command exited with return code 0
[2021-06-24 17:04:07,619] {taskinstance.py:1184} INFO - Marking task as SUCCESS. dag_id=parallel_dag, task_id=task_2, execution_date=20200106T000000, start_date=20210624T170359, end_date=20210624T170407
[2021-06-24 17:04:08,840] {taskinstance.py:1245} INFO - 0 downstream tasks scheduled from follow-on schedule check
[2021-06-24 17:04:09,045] {local_task_job.py:151} INFO - Task exited with return code 0
