[2021-06-24 17:06:20,119] {taskinstance.py:876} INFO - Dependencies all met for <TaskInstance: parallel_dag.task_2 2020-02-01T00:00:00+00:00 [queued]>
[2021-06-24 17:06:20,425] {taskinstance.py:876} INFO - Dependencies all met for <TaskInstance: parallel_dag.task_2 2020-02-01T00:00:00+00:00 [queued]>
[2021-06-24 17:06:20,425] {taskinstance.py:1067} INFO - 
--------------------------------------------------------------------------------
[2021-06-24 17:06:20,427] {taskinstance.py:1068} INFO - Starting attempt 1 of 1
[2021-06-24 17:06:20,444] {taskinstance.py:1069} INFO - 
--------------------------------------------------------------------------------
[2021-06-24 17:06:20,714] {taskinstance.py:1087} INFO - Executing <Task(BashOperator): task_2> on 2020-02-01T00:00:00+00:00
[2021-06-24 17:06:20,756] {standard_task_runner.py:52} INFO - Started process 12575 to run task
[2021-06-24 17:06:21,033] {standard_task_runner.py:76} INFO - Running: ['airflow', 'tasks', 'run', 'parallel_dag', 'task_2', '2020-02-01T00:00:00+00:00', '--job-id', '119', '--pool', 'default_pool', '--raw', '--subdir', 'DAGS_FOLDER/parallel_dag.py', '--cfg-path', '/tmp/tmpdybd5ef5', '--error-file', '/tmp/tmp6ei12yi1']
[2021-06-24 17:06:21,034] {standard_task_runner.py:77} INFO - Job 119: Subtask task_2
[2021-06-24 17:06:22,107] {logging_mixin.py:104} INFO - Running <TaskInstance: parallel_dag.task_2 2020-02-01T00:00:00+00:00 [running]> on host airflowvm
[2021-06-24 17:06:22,903] {taskinstance.py:1280} INFO - Exporting the following env vars:
AIRFLOW_CTX_DAG_OWNER=airflow
AIRFLOW_CTX_DAG_ID=parallel_dag
AIRFLOW_CTX_TASK_ID=task_2
AIRFLOW_CTX_EXECUTION_DATE=2020-02-01T00:00:00+00:00
AIRFLOW_CTX_DAG_RUN_ID=scheduled__2020-02-01T00:00:00+00:00
[2021-06-24 17:06:22,905] {subprocess.py:52} INFO - Tmp dir root location: 
 /tmp
[2021-06-24 17:06:22,906] {subprocess.py:63} INFO - Running command: ['bash', '-c', 'sleep 3']
[2021-06-24 17:06:22,997] {subprocess.py:75} INFO - Output:
[2021-06-24 17:06:26,017] {subprocess.py:83} INFO - Command exited with return code 0
[2021-06-24 17:06:27,002] {taskinstance.py:1184} INFO - Marking task as SUCCESS. dag_id=parallel_dag, task_id=task_2, execution_date=20200201T000000, start_date=20210624T170620, end_date=20210624T170627
[2021-06-24 17:06:28,956] {taskinstance.py:1245} INFO - 1 downstream tasks scheduled from follow-on schedule check
[2021-06-24 17:06:29,223] {local_task_job.py:151} INFO - Task exited with return code 0
