[2021-07-05 10:31:19,142] {taskinstance.py:876} INFO - Dependencies all met for <TaskInstance: get_as_dataframe.get_diseases 2021-07-05T10:31:10.571597+00:00 [queued]>
[2021-07-05 10:31:19,208] {taskinstance.py:876} INFO - Dependencies all met for <TaskInstance: get_as_dataframe.get_diseases 2021-07-05T10:31:10.571597+00:00 [queued]>
[2021-07-05 10:31:19,209] {taskinstance.py:1067} INFO - 
--------------------------------------------------------------------------------
[2021-07-05 10:31:19,209] {taskinstance.py:1068} INFO - Starting attempt 1 of 1
[2021-07-05 10:31:19,210] {taskinstance.py:1069} INFO - 
--------------------------------------------------------------------------------
[2021-07-05 10:31:19,241] {taskinstance.py:1087} INFO - Executing <Task(PythonOperator): get_diseases> on 2021-07-05T10:31:10.571597+00:00
[2021-07-05 10:31:19,277] {standard_task_runner.py:52} INFO - Started process 19099 to run task
[2021-07-05 10:31:19,301] {standard_task_runner.py:76} INFO - Running: ['airflow', 'tasks', 'run', 'get_as_dataframe', 'get_diseases', '2021-07-05T10:31:10.571597+00:00', '--job-id', '1164', '--pool', 'default_pool', '--raw', '--subdir', 'DAGS_FOLDER/get_as_Dataframe.py', '--cfg-path', '/tmp/tmp1yjzm6zu', '--error-file', '/tmp/tmpducng1mo']
[2021-07-05 10:31:19,302] {standard_task_runner.py:77} INFO - Job 1164: Subtask get_diseases
[2021-07-05 10:31:19,678] {logging_mixin.py:104} INFO - Running <TaskInstance: get_as_dataframe.get_diseases 2021-07-05T10:31:10.571597+00:00 [running]> on host airflowvm
[2021-07-05 10:31:19,984] {taskinstance.py:1280} INFO - Exporting the following env vars:
AIRFLOW_CTX_DAG_OWNER=airflow
AIRFLOW_CTX_DAG_ID=get_as_dataframe
AIRFLOW_CTX_TASK_ID=get_diseases
AIRFLOW_CTX_EXECUTION_DATE=2021-07-05T10:31:10.571597+00:00
AIRFLOW_CTX_DAG_RUN_ID=manual__2021-07-05T10:31:10.571597+00:00
[2021-07-05 10:31:20,066] {base.py:69} INFO - Using connection to: id: ***_default. Host: localhost, Port: 5432, Schema: , Login: ***, Password: ***, extra: {'cursor': 'realdictcursor'}
[2021-07-05 10:31:20,198] {python.py:151} INFO - Done. Returned value was: {"Name of Disease":{"0":"Atrial Flutter","1":"Knee Osteoarthritis ","2":"Atrial Fibrillation","3":"Cataract","4":"Older Person","5":"Obesity","6":"Diabetes"},"Number of Pacients":{"0":2,"1":1,"2":60,"3":4482,"4":1,"5":380,"6":3}}
[2021-07-05 10:31:20,333] {taskinstance.py:1184} INFO - Marking task as SUCCESS. dag_id=get_as_dataframe, task_id=get_diseases, execution_date=20210705T103110, start_date=20210705T103119, end_date=20210705T103120
[2021-07-05 10:31:20,494] {taskinstance.py:1245} INFO - 1 downstream tasks scheduled from follow-on schedule check
[2021-07-05 10:31:20,565] {local_task_job.py:151} INFO - Task exited with return code 0
