[2021-07-05 14:26:42,142] {taskinstance.py:876} INFO - Dependencies all met for <TaskInstance: get_as_dataframe.get_cataract_sex 2021-07-05T14:26:38.236023+00:00 [queued]>
[2021-07-05 14:26:42,245] {taskinstance.py:876} INFO - Dependencies all met for <TaskInstance: get_as_dataframe.get_cataract_sex 2021-07-05T14:26:38.236023+00:00 [queued]>
[2021-07-05 14:26:42,248] {taskinstance.py:1067} INFO - 
--------------------------------------------------------------------------------
[2021-07-05 14:26:42,248] {taskinstance.py:1068} INFO - Starting attempt 1 of 1
[2021-07-05 14:26:42,249] {taskinstance.py:1069} INFO - 
--------------------------------------------------------------------------------
[2021-07-05 14:26:42,287] {taskinstance.py:1087} INFO - Executing <Task(PythonOperator): get_cataract_sex> on 2021-07-05T14:26:38.236023+00:00
[2021-07-05 14:26:42,301] {standard_task_runner.py:52} INFO - Started process 4664 to run task
[2021-07-05 14:26:42,344] {standard_task_runner.py:76} INFO - Running: ['airflow', 'tasks', 'run', 'get_as_dataframe', 'get_cataract_sex', '2021-07-05T14:26:38.236023+00:00', '--job-id', '1170', '--pool', 'default_pool', '--raw', '--subdir', 'DAGS_FOLDER/get_as_Dataframe.py', '--cfg-path', '/tmp/tmpj9rxyq6t', '--error-file', '/tmp/tmpq25xfgfb']
[2021-07-05 14:26:42,345] {standard_task_runner.py:77} INFO - Job 1170: Subtask get_cataract_sex
[2021-07-05 14:26:42,572] {logging_mixin.py:104} INFO - Running <TaskInstance: get_as_dataframe.get_cataract_sex 2021-07-05T14:26:38.236023+00:00 [running]> on host airflowvm
[2021-07-05 14:26:42,844] {taskinstance.py:1280} INFO - Exporting the following env vars:
AIRFLOW_CTX_DAG_OWNER=airflow
AIRFLOW_CTX_DAG_ID=get_as_dataframe
AIRFLOW_CTX_TASK_ID=get_cataract_sex
AIRFLOW_CTX_EXECUTION_DATE=2021-07-05T14:26:38.236023+00:00
AIRFLOW_CTX_DAG_RUN_ID=manual__2021-07-05T14:26:38.236023+00:00
[2021-07-05 14:26:42,898] {base.py:69} INFO - Using connection to: id: ***_default. Host: localhost, Port: 5432, Schema: , Login: ***, Password: ***, extra: {'cursor': 'realdictcursor'}
[2021-07-05 14:26:43,004] {python.py:151} INFO - Done. Returned value was: {"Cataract Females":{"0":"(2593)"},"Cataract Males":{"0":"(1871)"}}
[2021-07-05 14:26:43,155] {taskinstance.py:1184} INFO - Marking task as SUCCESS. dag_id=get_as_dataframe, task_id=get_cataract_sex, execution_date=20210705T142638, start_date=20210705T142642, end_date=20210705T142643
[2021-07-05 14:26:43,245] {taskinstance.py:1245} INFO - 1 downstream tasks scheduled from follow-on schedule check
[2021-07-05 14:26:43,267] {local_task_job.py:151} INFO - Task exited with return code 0
