[2021-06-30 14:33:01,333] {taskinstance.py:876} INFO - Dependencies all met for <TaskInstance: user_processing_v2.extracting_user_1 2021-06-30T14:29:12.044488+00:00 [queued]>
[2021-06-30 14:33:01,528] {taskinstance.py:876} INFO - Dependencies all met for <TaskInstance: user_processing_v2.extracting_user_1 2021-06-30T14:29:12.044488+00:00 [queued]>
[2021-06-30 14:33:01,529] {taskinstance.py:1067} INFO - 
--------------------------------------------------------------------------------
[2021-06-30 14:33:01,532] {taskinstance.py:1068} INFO - Starting attempt 1 of 1
[2021-06-30 14:33:01,533] {taskinstance.py:1069} INFO - 
--------------------------------------------------------------------------------
[2021-06-30 14:33:01,647] {taskinstance.py:1087} INFO - Executing <Task(SimpleHttpOperator): extracting_user_1> on 2021-06-30T14:29:12.044488+00:00
[2021-06-30 14:33:01,697] {standard_task_runner.py:52} INFO - Started process 4907 to run task
[2021-06-30 14:33:01,794] {standard_task_runner.py:76} INFO - Running: ['airflow', 'tasks', 'run', 'user_processing_v2', 'extracting_user_1', '2021-06-30T14:29:12.044488+00:00', '--job-id', '826', '--pool', 'default_pool', '--raw', '--subdir', 'DAGS_FOLDER/user_processing_v2.py', '--cfg-path', '/tmp/tmp3fapfpbx', '--error-file', '/tmp/tmpov9kgug6']
[2021-06-30 14:33:01,889] {standard_task_runner.py:77} INFO - Job 826: Subtask extracting_user_1
[2021-06-30 14:33:02,412] {logging_mixin.py:104} INFO - Running <TaskInstance: user_processing_v2.extracting_user_1 2021-06-30T14:29:12.044488+00:00 [running]> on host airflowvm
[2021-06-30 14:33:03,516] {taskinstance.py:1280} INFO - Exporting the following env vars:
AIRFLOW_CTX_DAG_OWNER=airflow
AIRFLOW_CTX_DAG_ID=user_processing_v2
AIRFLOW_CTX_TASK_ID=extracting_user_1
AIRFLOW_CTX_EXECUTION_DATE=2021-06-30T14:29:12.044488+00:00
AIRFLOW_CTX_DAG_RUN_ID=manual__2021-06-30T14:29:12.044488+00:00
[2021-06-30 14:33:03,535] {http.py:111} INFO - Calling HTTP method
[2021-06-30 14:33:03,842] {base.py:69} INFO - Using connection to: id: user_api. Host: https://randomuser.me/, Port: None, Schema: , Login: , Password: None, extra: {}
[2021-06-30 14:33:03,850] {http.py:140} INFO - Sending 'GET' to url: https://randomuser.me/api/
[2021-06-30 14:33:04,365] {http.py:115} INFO - {"results":[{"gender":"male","name":{"title":"Mr","first":"Leal","last":"de Souza"},"location":{"street":{"number":9521,"name":"Rua Dois"},"city":"Pinhais","state":"Minas Gerais","country":"Brazil","postcode":93576,"coordinates":{"latitude":"-69.8484","longitude":"-102.0207"},"timezone":{"offset":"+7:00","description":"Bangkok, Hanoi, Jakarta"}},"email":"leal.desouza@example.com","login":{"uuid":"95df4a7e-4607-4fa2-bea7-9fc00108590b","username":"purplekoala635","password":"tempest","salt":"tycE8NkC","md5":"661072f1b1005e62ebbfd83da6bf9e99","sha1":"37c0b6604dbcc1233ecfde209042963345f4b91e","sha256":"5af1d8d45989ea393b8bab9a9e058a1181b6e4578c97a4a51a3579c4d618c368"},"dob":{"date":"1996-05-31T19:07:01.748Z","age":25},"registered":{"date":"2016-04-01T05:24:14.619Z","age":5},"phone":"(00) 0536-0709","cell":"(63) 7787-3710","id":{"name":"","value":null},"picture":{"large":"https://randomuser.me/api/portraits/men/0.jpg","medium":"https://randomuser.me/api/portraits/med/men/0.jpg","thumbnail":"https://randomuser.me/api/portraits/thumb/men/0.jpg"},"nat":"BR"}],"info":{"seed":"316a416d1a5c049d","results":1,"page":1,"version":"1.3"}}
[2021-06-30 14:33:04,881] {taskinstance.py:1184} INFO - Marking task as SUCCESS. dag_id=user_processing_v2, task_id=extracting_user_1, execution_date=20210630T142912, start_date=20210630T143301, end_date=20210630T143304
[2021-06-30 14:33:05,385] {taskinstance.py:1245} INFO - 1 downstream tasks scheduled from follow-on schedule check
[2021-06-30 14:33:05,440] {local_task_job.py:151} INFO - Task exited with return code 0
