[2021-06-30 14:57:11,582] {taskinstance.py:876} INFO - Dependencies all met for <TaskInstance: user_processing_v2.extracting_user_1 2021-06-30T14:29:12.044488+00:00 [queued]>
[2021-06-30 14:57:11,692] {taskinstance.py:876} INFO - Dependencies all met for <TaskInstance: user_processing_v2.extracting_user_1 2021-06-30T14:29:12.044488+00:00 [queued]>
[2021-06-30 14:57:11,695] {taskinstance.py:1067} INFO - 
--------------------------------------------------------------------------------
[2021-06-30 14:57:11,701] {taskinstance.py:1068} INFO - Starting attempt 3 of 3
[2021-06-30 14:57:11,705] {taskinstance.py:1069} INFO - 
--------------------------------------------------------------------------------
[2021-06-30 14:57:11,756] {taskinstance.py:1087} INFO - Executing <Task(SimpleHttpOperator): extracting_user_1> on 2021-06-30T14:29:12.044488+00:00
[2021-06-30 14:57:11,791] {standard_task_runner.py:52} INFO - Started process 8325 to run task
[2021-06-30 14:57:11,835] {standard_task_runner.py:76} INFO - Running: ['airflow', 'tasks', 'run', 'user_processing_v2', 'extracting_user_1', '2021-06-30T14:29:12.044488+00:00', '--job-id', '868', '--pool', 'default_pool', '--raw', '--subdir', 'DAGS_FOLDER/user_processing_v2.py', '--cfg-path', '/tmp/tmpew9ktxcd', '--error-file', '/tmp/tmpz3f_yt1h']
[2021-06-30 14:57:11,841] {standard_task_runner.py:77} INFO - Job 868: Subtask extracting_user_1
[2021-06-30 14:57:12,154] {logging_mixin.py:104} INFO - Running <TaskInstance: user_processing_v2.extracting_user_1 2021-06-30T14:29:12.044488+00:00 [running]> on host airflowvm
[2021-06-30 14:57:12,690] {taskinstance.py:1280} INFO - Exporting the following env vars:
AIRFLOW_CTX_DAG_OWNER=airflow
AIRFLOW_CTX_DAG_ID=user_processing_v2
AIRFLOW_CTX_TASK_ID=extracting_user_1
AIRFLOW_CTX_EXECUTION_DATE=2021-06-30T14:29:12.044488+00:00
AIRFLOW_CTX_DAG_RUN_ID=manual__2021-06-30T14:29:12.044488+00:00
[2021-06-30 14:57:12,691] {http.py:111} INFO - Calling HTTP method
[2021-06-30 14:57:12,756] {base.py:69} INFO - Using connection to: id: user_api. Host: https://randomuser.me/, Port: None, Schema: , Login: , Password: None, extra: {}
[2021-06-30 14:57:12,759] {http.py:140} INFO - Sending 'GET' to url: https://randomuser.me/api/
[2021-06-30 14:57:13,150] {http.py:115} INFO - {"results":[{"gender":"female","name":{"title":"Ms","first":"Julia","last":"Rautio"},"location":{"street":{"number":940,"name":"Itsenäisyydenkatu"},"city":"Kajaani","state":"Ostrobothnia","country":"Finland","postcode":17544,"coordinates":{"latitude":"-8.7665","longitude":"174.4306"},"timezone":{"offset":"-12:00","description":"Eniwetok, Kwajalein"}},"email":"julia.rautio@example.com","login":{"uuid":"6cd01538-1252-4b04-b8b9-291034c6e6f7","username":"purplecat642","password":"qwaszx","salt":"ixhUcqRG","md5":"aa53eeb2f10be61ade79624ec6c2d914","sha1":"c83d7e3ae7d902fc692066ca12324e355861c11c","sha256":"d2da7a922625da21a541dd2391e6a3cca4b41e6a164a358838692f62dd071f9e"},"dob":{"date":"1950-02-02T08:39:34.531Z","age":71},"registered":{"date":"2002-10-18T21:56:24.829Z","age":19},"phone":"04-738-494","cell":"042-092-20-37","id":{"name":"HETU","value":"NaNNA004undefined"},"picture":{"large":"https://randomuser.me/api/portraits/women/19.jpg","medium":"https://randomuser.me/api/portraits/med/women/19.jpg","thumbnail":"https://randomuser.me/api/portraits/thumb/women/19.jpg"},"nat":"FI"}],"info":{"seed":"07df74add68762a5","results":1,"page":1,"version":"1.3"}}
[2021-06-30 14:57:13,238] {taskinstance.py:1184} INFO - Marking task as SUCCESS. dag_id=user_processing_v2, task_id=extracting_user_1, execution_date=20210630T142912, start_date=20210630T145711, end_date=20210630T145713
[2021-06-30 14:57:13,317] {taskinstance.py:1245} INFO - 1 downstream tasks scheduled from follow-on schedule check
[2021-06-30 14:57:13,357] {local_task_job.py:151} INFO - Task exited with return code 0
