[2021-06-29 15:08:33,068] {taskinstance.py:876} INFO - Dependencies all met for <TaskInstance: open_aq.store_data 2021-06-29T15:08:17.153426+00:00 [queued]>
[2021-06-29 15:08:33,103] {taskinstance.py:876} INFO - Dependencies all met for <TaskInstance: open_aq.store_data 2021-06-29T15:08:17.153426+00:00 [queued]>
[2021-06-29 15:08:33,105] {taskinstance.py:1067} INFO - 
--------------------------------------------------------------------------------
[2021-06-29 15:08:33,106] {taskinstance.py:1068} INFO - Starting attempt 1 of 1
[2021-06-29 15:08:33,107] {taskinstance.py:1069} INFO - 
--------------------------------------------------------------------------------
[2021-06-29 15:08:33,124] {taskinstance.py:1087} INFO - Executing <Task(PythonOperator): store_data> on 2021-06-29T15:08:17.153426+00:00
[2021-06-29 15:08:33,134] {standard_task_runner.py:52} INFO - Started process 27678 to run task
[2021-06-29 15:08:33,143] {standard_task_runner.py:76} INFO - Running: ['airflow', 'tasks', 'run', 'open_aq', 'store_data', '2021-06-29T15:08:17.153426+00:00', '--job-id', '648', '--pool', 'default_pool', '--raw', '--subdir', 'DAGS_FOLDER/open_aq.py', '--cfg-path', '/tmp/tmp04g_n31u', '--error-file', '/tmp/tmpf28cqfop']
[2021-06-29 15:08:33,144] {standard_task_runner.py:77} INFO - Job 648: Subtask store_data
[2021-06-29 15:08:33,257] {logging_mixin.py:104} INFO - Running <TaskInstance: open_aq.store_data 2021-06-29T15:08:17.153426+00:00 [running]> on host airflowvm
[2021-06-29 15:08:33,422] {taskinstance.py:1280} INFO - Exporting the following env vars:
AIRFLOW_CTX_DAG_OWNER=airflow
AIRFLOW_CTX_DAG_ID=open_aq
AIRFLOW_CTX_TASK_ID=store_data
AIRFLOW_CTX_EXECUTION_DATE=2021-06-29T15:08:17.153426+00:00
AIRFLOW_CTX_DAG_RUN_ID=manual__2021-06-29T15:08:17.153426+00:00
[2021-06-29 15:08:33,495] {taskinstance.py:1481} ERROR - Task failed with exception
Traceback (most recent call last):
  File "/home/airflow/sandbox/lib/python3.8/site-packages/airflow/models/taskinstance.py", line 1137, in _run_raw_task
    self._prepare_and_execute_task_with_callbacks(context, task)
  File "/home/airflow/sandbox/lib/python3.8/site-packages/airflow/models/taskinstance.py", line 1311, in _prepare_and_execute_task_with_callbacks
    result = self._execute_task(context, task_copy)
  File "/home/airflow/sandbox/lib/python3.8/site-packages/airflow/models/taskinstance.py", line 1341, in _execute_task
    result = task_copy.execute(context=context)
  File "/home/airflow/sandbox/lib/python3.8/site-packages/airflow/operators/python.py", line 150, in execute
    return_value = self.execute_callable()
  File "/home/airflow/sandbox/lib/python3.8/site-packages/airflow/operators/python.py", line 161, in execute_callable
    return self.python_callable(*self.op_args, **self.op_kwargs)
  File "/home/airflow/airflow/dags/open_aq.py", line 40, in _storing
    with closing(PostgresHook(postgres_conn_id = 'postgres').get_conn()) as conn:
  File "/home/airflow/sandbox/lib/python3.8/site-packages/airflow/providers/postgres/hooks/postgres.py", line 88, in get_conn
    conn = deepcopy(self.connection or self.get_connection(conn_id))
  File "/home/airflow/sandbox/lib/python3.8/site-packages/airflow/hooks/base.py", line 67, in get_connection
    conn = Connection.get_connection_from_secrets(conn_id)
  File "/home/airflow/sandbox/lib/python3.8/site-packages/airflow/models/connection.py", line 379, in get_connection_from_secrets
    raise AirflowNotFoundException(f"The conn_id `{conn_id}` isn't defined")
airflow.exceptions.AirflowNotFoundException: The conn_id `***` isn't defined
[2021-06-29 15:08:33,500] {taskinstance.py:1524} INFO - Marking task as FAILED. dag_id=open_aq, task_id=store_data, execution_date=20210629T150817, start_date=20210629T150833, end_date=20210629T150833
[2021-06-29 15:08:33,571] {local_task_job.py:151} INFO - Task exited with return code 1
