[2021-06-25 09:19:30,532] {taskinstance.py:876} INFO - Dependencies all met for <TaskInstance: parallel_dag.task_4 2020-03-12T00:00:00+00:00 [queued]>
[2021-06-25 09:19:31,128] {taskinstance.py:876} INFO - Dependencies all met for <TaskInstance: parallel_dag.task_4 2020-03-12T00:00:00+00:00 [queued]>
[2021-06-25 09:19:31,130] {taskinstance.py:1067} INFO - 
--------------------------------------------------------------------------------
[2021-06-25 09:19:31,145] {taskinstance.py:1068} INFO - Starting attempt 1 of 1
[2021-06-25 09:19:31,146] {taskinstance.py:1069} INFO - 
--------------------------------------------------------------------------------
[2021-06-25 09:19:31,428] {taskinstance.py:1087} INFO - Executing <Task(BashOperator): task_4> on 2020-03-12T00:00:00+00:00
[2021-06-25 09:19:31,487] {standard_task_runner.py:52} INFO - Started process 8407 to run task
[2021-06-25 09:19:31,647] {standard_task_runner.py:76} INFO - Running: ['airflow', 'tasks', 'run', 'parallel_dag', 'task_4', '2020-03-12T00:00:00+00:00', '--job-id', '313', '--pool', 'default_pool', '--raw', '--subdir', 'DAGS_FOLDER/parallel_dag.py', '--cfg-path', '/tmp/tmpo5rybdy8', '--error-file', '/tmp/tmp5q2djcnp']
[2021-06-25 09:19:31,648] {standard_task_runner.py:77} INFO - Job 313: Subtask task_4
[2021-06-25 09:19:32,589] {logging_mixin.py:104} INFO - Running <TaskInstance: parallel_dag.task_4 2020-03-12T00:00:00+00:00 [running]> on host airflowvm
[2021-06-25 09:19:33,266] {taskinstance.py:1280} INFO - Exporting the following env vars:
AIRFLOW_CTX_DAG_OWNER=airflow
AIRFLOW_CTX_DAG_ID=parallel_dag
AIRFLOW_CTX_TASK_ID=task_4
AIRFLOW_CTX_EXECUTION_DATE=2020-03-12T00:00:00+00:00
AIRFLOW_CTX_DAG_RUN_ID=scheduled__2020-03-12T00:00:00+00:00
[2021-06-25 09:19:33,296] {subprocess.py:52} INFO - Tmp dir root location: 
 /tmp
[2021-06-25 09:19:33,296] {subprocess.py:63} INFO - Running command: ['bash', '-c', 'sleep 3']
[2021-06-25 09:19:33,576] {subprocess.py:75} INFO - Output:
[2021-06-25 09:19:36,647] {subprocess.py:83} INFO - Command exited with return code 0
[2021-06-25 09:19:37,158] {taskinstance.py:1184} INFO - Marking task as SUCCESS. dag_id=parallel_dag, task_id=task_4, execution_date=20200312T000000, start_date=20210625T091930, end_date=20210625T091937
[2021-06-25 09:19:39,081] {taskinstance.py:1245} INFO - 0 downstream tasks scheduled from follow-on schedule check
[2021-06-25 09:19:39,227] {local_task_job.py:151} INFO - Task exited with return code 0
