[2021-06-24 16:26:32,523] {taskinstance.py:876} INFO - Dependencies all met for <TaskInstance: parallel_dag.task_4 2020-01-12T00:00:00+00:00 [queued]>
[2021-06-24 16:26:32,543] {taskinstance.py:876} INFO - Dependencies all met for <TaskInstance: parallel_dag.task_4 2020-01-12T00:00:00+00:00 [queued]>
[2021-06-24 16:26:32,544] {taskinstance.py:1067} INFO - 
--------------------------------------------------------------------------------
[2021-06-24 16:26:32,545] {taskinstance.py:1068} INFO - Starting attempt 1 of 1
[2021-06-24 16:26:32,545] {taskinstance.py:1069} INFO - 
--------------------------------------------------------------------------------
[2021-06-24 16:26:32,571] {taskinstance.py:1087} INFO - Executing <Task(BashOperator): task_4> on 2020-01-12T00:00:00+00:00
[2021-06-24 16:26:32,573] {standard_task_runner.py:52} INFO - Started process 2464 to run task
[2021-06-24 16:26:32,580] {standard_task_runner.py:76} INFO - Running: ['airflow', 'tasks', 'run', 'parallel_dag', 'task_4', '2020-01-12T00:00:00+00:00', '--job-id', '93', '--pool', 'default_pool', '--raw', '--subdir', 'DAGS_FOLDER/parallel_dag.py', '--cfg-path', '/tmp/tmpehxcb880', '--error-file', '/tmp/tmptcjg8x1w']
[2021-06-24 16:26:32,581] {standard_task_runner.py:77} INFO - Job 93: Subtask task_4
[2021-06-24 16:26:32,693] {logging_mixin.py:104} INFO - Running <TaskInstance: parallel_dag.task_4 2020-01-12T00:00:00+00:00 [running]> on host airflowvm
[2021-06-24 16:26:32,797] {taskinstance.py:1280} INFO - Exporting the following env vars:
AIRFLOW_CTX_DAG_OWNER=airflow
AIRFLOW_CTX_DAG_ID=parallel_dag
AIRFLOW_CTX_TASK_ID=task_4
AIRFLOW_CTX_EXECUTION_DATE=2020-01-12T00:00:00+00:00
AIRFLOW_CTX_DAG_RUN_ID=scheduled__2020-01-12T00:00:00+00:00
[2021-06-24 16:26:32,798] {subprocess.py:52} INFO - Tmp dir root location: 
 /tmp
[2021-06-24 16:26:32,801] {subprocess.py:63} INFO - Running command: ['bash', '-c', 'sleep 3']
[2021-06-24 16:26:32,809] {subprocess.py:75} INFO - Output:
[2021-06-24 16:26:35,814] {subprocess.py:83} INFO - Command exited with return code 0
[2021-06-24 16:26:35,909] {taskinstance.py:1184} INFO - Marking task as SUCCESS. dag_id=parallel_dag, task_id=task_4, execution_date=20200112T000000, start_date=20210624T162632, end_date=20210624T162635
[2021-06-24 16:26:35,974] {taskinstance.py:1245} INFO - 0 downstream tasks scheduled from follow-on schedule check
[2021-06-24 16:26:36,019] {local_task_job.py:151} INFO - Task exited with return code 0
[2021-06-24 17:05:03,814] {taskinstance.py:876} INFO - Dependencies all met for <TaskInstance: parallel_dag.task_4 2020-01-12T00:00:00+00:00 [queued]>
[2021-06-24 17:05:03,892] {taskinstance.py:876} INFO - Dependencies all met for <TaskInstance: parallel_dag.task_4 2020-01-12T00:00:00+00:00 [queued]>
[2021-06-24 17:05:03,893] {taskinstance.py:1067} INFO - 
--------------------------------------------------------------------------------
[2021-06-24 17:05:03,893] {taskinstance.py:1068} INFO - Starting attempt 1 of 1
[2021-06-24 17:05:03,894] {taskinstance.py:1069} INFO - 
--------------------------------------------------------------------------------
[2021-06-24 17:05:03,951] {taskinstance.py:1087} INFO - Executing <Task(BashOperator): task_4> on 2020-01-12T00:00:00+00:00
[2021-06-24 17:05:03,966] {standard_task_runner.py:52} INFO - Started process 10516 to run task
[2021-06-24 17:05:03,999] {standard_task_runner.py:76} INFO - Running: ['airflow', 'tasks', 'run', 'parallel_dag', 'task_4', '2020-01-12T00:00:00+00:00', '--job-id', '61', '--pool', 'default_pool', '--raw', '--subdir', 'DAGS_FOLDER/parallel_dag.py', '--cfg-path', '/tmp/tmp3girfetw', '--error-file', '/tmp/tmptsx06n86']
[2021-06-24 17:05:04,029] {standard_task_runner.py:77} INFO - Job 61: Subtask task_4
[2021-06-24 17:05:04,489] {logging_mixin.py:104} INFO - Running <TaskInstance: parallel_dag.task_4 2020-01-12T00:00:00+00:00 [running]> on host airflowvm
[2021-06-24 17:05:04,984] {taskinstance.py:1280} INFO - Exporting the following env vars:
AIRFLOW_CTX_DAG_OWNER=airflow
AIRFLOW_CTX_DAG_ID=parallel_dag
AIRFLOW_CTX_TASK_ID=task_4
AIRFLOW_CTX_EXECUTION_DATE=2020-01-12T00:00:00+00:00
AIRFLOW_CTX_DAG_RUN_ID=scheduled__2020-01-12T00:00:00+00:00
[2021-06-24 17:05:04,985] {subprocess.py:52} INFO - Tmp dir root location: 
 /tmp
[2021-06-24 17:05:04,997] {subprocess.py:63} INFO - Running command: ['bash', '-c', 'sleep 3']
[2021-06-24 17:05:05,040] {subprocess.py:75} INFO - Output:
[2021-06-24 17:05:08,073] {subprocess.py:83} INFO - Command exited with return code 0
[2021-06-24 17:05:08,379] {taskinstance.py:1184} INFO - Marking task as SUCCESS. dag_id=parallel_dag, task_id=task_4, execution_date=20200112T000000, start_date=20210624T170503, end_date=20210624T170508
[2021-06-24 17:05:08,745] {taskinstance.py:1245} INFO - 0 downstream tasks scheduled from follow-on schedule check
[2021-06-24 17:05:08,937] {local_task_job.py:151} INFO - Task exited with return code 0
