[2021-06-24 17:06:11,341] {taskinstance.py:876} INFO - Dependencies all met for <TaskInstance: parallel_dag.task_4 2020-01-22T00:00:00+00:00 [queued]>
[2021-06-24 17:06:11,858] {taskinstance.py:876} INFO - Dependencies all met for <TaskInstance: parallel_dag.task_4 2020-01-22T00:00:00+00:00 [queued]>
[2021-06-24 17:06:11,859] {taskinstance.py:1067} INFO - 
--------------------------------------------------------------------------------
[2021-06-24 17:06:11,859] {taskinstance.py:1068} INFO - Starting attempt 1 of 1
[2021-06-24 17:06:11,859] {taskinstance.py:1069} INFO - 
--------------------------------------------------------------------------------
[2021-06-24 17:06:12,202] {taskinstance.py:1087} INFO - Executing <Task(BashOperator): task_4> on 2020-01-22T00:00:00+00:00
[2021-06-24 17:06:12,406] {standard_task_runner.py:52} INFO - Started process 12392 to run task
[2021-06-24 17:06:12,603] {standard_task_runner.py:76} INFO - Running: ['airflow', 'tasks', 'run', 'parallel_dag', 'task_4', '2020-01-22T00:00:00+00:00', '--job-id', '116', '--pool', 'default_pool', '--raw', '--subdir', 'DAGS_FOLDER/parallel_dag.py', '--cfg-path', '/tmp/tmp6xqotnkm', '--error-file', '/tmp/tmp_eotekz1']
[2021-06-24 17:06:12,642] {standard_task_runner.py:77} INFO - Job 116: Subtask task_4
[2021-06-24 17:06:14,871] {logging_mixin.py:104} INFO - Running <TaskInstance: parallel_dag.task_4 2020-01-22T00:00:00+00:00 [running]> on host airflowvm
[2021-06-24 17:06:18,207] {taskinstance.py:1280} INFO - Exporting the following env vars:
AIRFLOW_CTX_DAG_OWNER=airflow
AIRFLOW_CTX_DAG_ID=parallel_dag
AIRFLOW_CTX_TASK_ID=task_4
AIRFLOW_CTX_EXECUTION_DATE=2020-01-22T00:00:00+00:00
AIRFLOW_CTX_DAG_RUN_ID=scheduled__2020-01-22T00:00:00+00:00
[2021-06-24 17:06:18,208] {subprocess.py:52} INFO - Tmp dir root location: 
 /tmp
[2021-06-24 17:06:18,226] {subprocess.py:63} INFO - Running command: ['bash', '-c', 'sleep 3']
[2021-06-24 17:06:18,491] {subprocess.py:75} INFO - Output:
[2021-06-24 17:06:21,613] {subprocess.py:83} INFO - Command exited with return code 0
[2021-06-24 17:06:21,969] {taskinstance.py:1184} INFO - Marking task as SUCCESS. dag_id=parallel_dag, task_id=task_4, execution_date=20200122T000000, start_date=20210624T170611, end_date=20210624T170621
[2021-06-24 17:06:23,159] {taskinstance.py:1245} INFO - 0 downstream tasks scheduled from follow-on schedule check
[2021-06-24 17:06:23,279] {local_task_job.py:151} INFO - Task exited with return code 0
