[2021-06-30 14:57:06,868] {taskinstance.py:876} INFO - Dependencies all met for <TaskInstance: user_processing_v2.is_api_available 2021-06-30T14:29:12.044488+00:00 [queued]>
[2021-06-30 14:57:06,895] {taskinstance.py:876} INFO - Dependencies all met for <TaskInstance: user_processing_v2.is_api_available 2021-06-30T14:29:12.044488+00:00 [queued]>
[2021-06-30 14:57:06,895] {taskinstance.py:1067} INFO - 
--------------------------------------------------------------------------------
[2021-06-30 14:57:06,896] {taskinstance.py:1068} INFO - Starting attempt 4 of 4
[2021-06-30 14:57:06,896] {taskinstance.py:1069} INFO - 
--------------------------------------------------------------------------------
[2021-06-30 14:57:06,914] {taskinstance.py:1087} INFO - Executing <Task(HttpSensor): is_api_available> on 2021-06-30T14:29:12.044488+00:00
[2021-06-30 14:57:06,920] {standard_task_runner.py:52} INFO - Started process 8251 to run task
[2021-06-30 14:57:06,931] {standard_task_runner.py:76} INFO - Running: ['airflow', 'tasks', 'run', 'user_processing_v2', 'is_api_available', '2021-06-30T14:29:12.044488+00:00', '--job-id', '864', '--pool', 'default_pool', '--raw', '--subdir', 'DAGS_FOLDER/user_processing_v2.py', '--cfg-path', '/tmp/tmpq4ngl8i4', '--error-file', '/tmp/tmp7g14_fe5']
[2021-06-30 14:57:06,933] {standard_task_runner.py:77} INFO - Job 864: Subtask is_api_available
[2021-06-30 14:57:07,043] {logging_mixin.py:104} INFO - Running <TaskInstance: user_processing_v2.is_api_available 2021-06-30T14:29:12.044488+00:00 [running]> on host airflowvm
[2021-06-30 14:57:07,221] {taskinstance.py:1280} INFO - Exporting the following env vars:
AIRFLOW_CTX_DAG_OWNER=airflow
AIRFLOW_CTX_DAG_ID=user_processing_v2
AIRFLOW_CTX_TASK_ID=is_api_available
AIRFLOW_CTX_EXECUTION_DATE=2021-06-30T14:29:12.044488+00:00
AIRFLOW_CTX_DAG_RUN_ID=manual__2021-06-30T14:29:12.044488+00:00
[2021-06-30 14:57:07,223] {http.py:101} INFO - Poking: api/
[2021-06-30 14:57:07,247] {base.py:69} INFO - Using connection to: id: user_api. Host: https://randomuser.me/, Port: None, Schema: , Login: , Password: None, extra: {}
[2021-06-30 14:57:07,250] {http.py:140} INFO - Sending 'GET' to url: https://randomuser.me/api/
[2021-06-30 14:57:07,796] {base.py:243} INFO - Success criteria met. Exiting.
[2021-06-30 14:57:07,820] {taskinstance.py:1184} INFO - Marking task as SUCCESS. dag_id=user_processing_v2, task_id=is_api_available, execution_date=20210630T142912, start_date=20210630T145706, end_date=20210630T145707
[2021-06-30 14:57:07,896] {taskinstance.py:1245} INFO - 5 downstream tasks scheduled from follow-on schedule check
[2021-06-30 14:57:07,917] {local_task_job.py:151} INFO - Task exited with return code 0
