[2021-06-24 17:06:18,587] {taskinstance.py:876} INFO - Dependencies all met for <TaskInstance: parallel_dag.task_4 2020-01-24T00:00:00+00:00 [queued]>
[2021-06-24 17:06:19,164] {taskinstance.py:876} INFO - Dependencies all met for <TaskInstance: parallel_dag.task_4 2020-01-24T00:00:00+00:00 [queued]>
[2021-06-24 17:06:19,164] {taskinstance.py:1067} INFO - 
--------------------------------------------------------------------------------
[2021-06-24 17:06:19,165] {taskinstance.py:1068} INFO - Starting attempt 1 of 1
[2021-06-24 17:06:19,167] {taskinstance.py:1069} INFO - 
--------------------------------------------------------------------------------
[2021-06-24 17:06:19,630] {taskinstance.py:1087} INFO - Executing <Task(BashOperator): task_4> on 2020-01-24T00:00:00+00:00
[2021-06-24 17:06:19,800] {standard_task_runner.py:52} INFO - Started process 12555 to run task
[2021-06-24 17:06:19,982] {standard_task_runner.py:76} INFO - Running: ['airflow', 'tasks', 'run', 'parallel_dag', 'task_4', '2020-01-24T00:00:00+00:00', '--job-id', '118', '--pool', 'default_pool', '--raw', '--subdir', 'DAGS_FOLDER/parallel_dag.py', '--cfg-path', '/tmp/tmpln0mcpv3', '--error-file', '/tmp/tmptcxb0glx']
[2021-06-24 17:06:20,066] {standard_task_runner.py:77} INFO - Job 118: Subtask task_4
[2021-06-24 17:06:21,189] {logging_mixin.py:104} INFO - Running <TaskInstance: parallel_dag.task_4 2020-01-24T00:00:00+00:00 [running]> on host airflowvm
[2021-06-24 17:06:22,256] {taskinstance.py:1280} INFO - Exporting the following env vars:
AIRFLOW_CTX_DAG_OWNER=airflow
AIRFLOW_CTX_DAG_ID=parallel_dag
AIRFLOW_CTX_TASK_ID=task_4
AIRFLOW_CTX_EXECUTION_DATE=2020-01-24T00:00:00+00:00
AIRFLOW_CTX_DAG_RUN_ID=scheduled__2020-01-24T00:00:00+00:00
[2021-06-24 17:06:22,258] {subprocess.py:52} INFO - Tmp dir root location: 
 /tmp
[2021-06-24 17:06:22,260] {subprocess.py:63} INFO - Running command: ['bash', '-c', 'sleep 3']
[2021-06-24 17:06:22,420] {subprocess.py:75} INFO - Output:
[2021-06-24 17:06:25,473] {subprocess.py:83} INFO - Command exited with return code 0
[2021-06-24 17:06:26,185] {taskinstance.py:1184} INFO - Marking task as SUCCESS. dag_id=parallel_dag, task_id=task_4, execution_date=20200124T000000, start_date=20210624T170618, end_date=20210624T170626
[2021-06-24 17:06:27,311] {taskinstance.py:1245} INFO - 0 downstream tasks scheduled from follow-on schedule check
[2021-06-24 17:06:27,506] {local_task_job.py:151} INFO - Task exited with return code 0
