[2021-06-25 09:16:23,173] {taskinstance.py:876} INFO - Dependencies all met for <TaskInstance: parallel_dag.task_3 2020-02-15T00:00:00+00:00 [queued]>
[2021-06-25 09:16:23,744] {taskinstance.py:876} INFO - Dependencies all met for <TaskInstance: parallel_dag.task_3 2020-02-15T00:00:00+00:00 [queued]>
[2021-06-25 09:16:23,746] {taskinstance.py:1067} INFO - 
--------------------------------------------------------------------------------
[2021-06-25 09:16:23,747] {taskinstance.py:1068} INFO - Starting attempt 1 of 1
[2021-06-25 09:16:23,842] {taskinstance.py:1069} INFO - 
--------------------------------------------------------------------------------
[2021-06-25 09:16:24,555] {taskinstance.py:1087} INFO - Executing <Task(BashOperator): task_3> on 2020-02-15T00:00:00+00:00
[2021-06-25 09:16:24,757] {standard_task_runner.py:52} INFO - Started process 3962 to run task
[2021-06-25 09:16:25,006] {standard_task_runner.py:76} INFO - Running: ['airflow', 'tasks', 'run', 'parallel_dag', 'task_3', '2020-02-15T00:00:00+00:00', '--job-id', '179', '--pool', 'default_pool', '--raw', '--subdir', 'DAGS_FOLDER/parallel_dag.py', '--cfg-path', '/tmp/tmppjxemk45', '--error-file', '/tmp/tmpr_nvo2gd']
[2021-06-25 09:16:25,069] {standard_task_runner.py:77} INFO - Job 179: Subtask task_3
[2021-06-25 09:16:27,892] {logging_mixin.py:104} INFO - Running <TaskInstance: parallel_dag.task_3 2020-02-15T00:00:00+00:00 [running]> on host airflowvm
[2021-06-25 09:16:30,957] {taskinstance.py:1280} INFO - Exporting the following env vars:
AIRFLOW_CTX_DAG_OWNER=airflow
AIRFLOW_CTX_DAG_ID=parallel_dag
AIRFLOW_CTX_TASK_ID=task_3
AIRFLOW_CTX_EXECUTION_DATE=2020-02-15T00:00:00+00:00
AIRFLOW_CTX_DAG_RUN_ID=scheduled__2020-02-15T00:00:00+00:00
[2021-06-25 09:16:31,037] {subprocess.py:52} INFO - Tmp dir root location: 
 /tmp
[2021-06-25 09:16:31,038] {subprocess.py:63} INFO - Running command: ['bash', '-c', 'sleep 3']
[2021-06-25 09:16:31,773] {subprocess.py:75} INFO - Output:
[2021-06-25 09:16:34,856] {subprocess.py:83} INFO - Command exited with return code 0
[2021-06-25 09:16:35,745] {taskinstance.py:1184} INFO - Marking task as SUCCESS. dag_id=parallel_dag, task_id=task_3, execution_date=20200215T000000, start_date=20210625T091623, end_date=20210625T091635
[2021-06-25 09:16:36,747] {taskinstance.py:1245} INFO - 0 downstream tasks scheduled from follow-on schedule check
[2021-06-25 09:16:37,340] {local_task_job.py:151} INFO - Task exited with return code 0
