[2021-07-02 15:37:00,199] {scheduler_job.py:182} INFO - Started process (PID=15036) to work on /home/airflow/airflow/dags/get_Data_Diseases.py
[2021-07-02 15:37:00,204] {scheduler_job.py:633} INFO - Processing file /home/airflow/airflow/dags/get_Data_Diseases.py for tasks to queue
[2021-07-02 15:37:00,205] {logging_mixin.py:104} INFO - [2021-07-02 15:37:00,205] {dagbag.py:487} INFO - Filling up the DagBag from /home/airflow/airflow/dags/get_Data_Diseases.py
[2021-07-02 15:37:00,875] {logging_mixin.py:104} INFO - [2021-07-02 15:37:00,874] {dagbag.py:320} ERROR - Failed to import: /home/airflow/airflow/dags/get_Data_Diseases.py
Traceback (most recent call last):
  File "/home/airflow/sandbox/lib/python3.8/site-packages/airflow/models/dagbag.py", line 317, in _load_modules_from_file
    loader.exec_module(new_module)
  File "<frozen importlib._bootstrap_external>", line 848, in exec_module
  File "<frozen importlib._bootstrap>", line 219, in _call_with_frames_removed
  File "/home/airflow/airflow/dags/get_Data_Diseases.py", line 61, in <module>
    get_users = PythonOperator(task_id = 'get_users', python_callable = _get_users)
NameError: name '_get_users' is not defined
[2021-07-02 15:37:00,878] {scheduler_job.py:645} WARNING - No viable dags retrieved from /home/airflow/airflow/dags/get_Data_Diseases.py
[2021-07-02 15:37:00,912] {scheduler_job.py:190} INFO - Processing /home/airflow/airflow/dags/get_Data_Diseases.py took 0.717 seconds
[2021-07-02 15:37:31,519] {scheduler_job.py:182} INFO - Started process (PID=15103) to work on /home/airflow/airflow/dags/get_Data_Diseases.py
[2021-07-02 15:37:31,520] {scheduler_job.py:633} INFO - Processing file /home/airflow/airflow/dags/get_Data_Diseases.py for tasks to queue
[2021-07-02 15:37:31,522] {logging_mixin.py:104} INFO - [2021-07-02 15:37:31,521] {dagbag.py:487} INFO - Filling up the DagBag from /home/airflow/airflow/dags/get_Data_Diseases.py
[2021-07-02 15:37:32,061] {logging_mixin.py:104} INFO - [2021-07-02 15:37:32,060] {dagbag.py:320} ERROR - Failed to import: /home/airflow/airflow/dags/get_Data_Diseases.py
Traceback (most recent call last):
  File "/home/airflow/sandbox/lib/python3.8/site-packages/airflow/models/dagbag.py", line 317, in _load_modules_from_file
    loader.exec_module(new_module)
  File "<frozen importlib._bootstrap_external>", line 848, in exec_module
  File "<frozen importlib._bootstrap>", line 219, in _call_with_frames_removed
  File "/home/airflow/airflow/dags/get_Data_Diseases.py", line 61, in <module>
    get_users = PythonOperator(task_id = 'get_users', python_callable = _get_users)
NameError: name '_get_users' is not defined
[2021-07-02 15:37:32,061] {scheduler_job.py:645} WARNING - No viable dags retrieved from /home/airflow/airflow/dags/get_Data_Diseases.py
[2021-07-02 15:37:32,082] {scheduler_job.py:190} INFO - Processing /home/airflow/airflow/dags/get_Data_Diseases.py took 0.567 seconds
[2021-07-02 15:38:02,689] {scheduler_job.py:182} INFO - Started process (PID=15170) to work on /home/airflow/airflow/dags/get_Data_Diseases.py
[2021-07-02 15:38:02,692] {scheduler_job.py:633} INFO - Processing file /home/airflow/airflow/dags/get_Data_Diseases.py for tasks to queue
[2021-07-02 15:38:02,693] {logging_mixin.py:104} INFO - [2021-07-02 15:38:02,693] {dagbag.py:487} INFO - Filling up the DagBag from /home/airflow/airflow/dags/get_Data_Diseases.py
[2021-07-02 15:38:03,326] {logging_mixin.py:104} INFO - [2021-07-02 15:38:03,326] {dagbag.py:320} ERROR - Failed to import: /home/airflow/airflow/dags/get_Data_Diseases.py
Traceback (most recent call last):
  File "/home/airflow/sandbox/lib/python3.8/site-packages/airflow/models/dagbag.py", line 317, in _load_modules_from_file
    loader.exec_module(new_module)
  File "<frozen importlib._bootstrap_external>", line 848, in exec_module
  File "<frozen importlib._bootstrap>", line 219, in _call_with_frames_removed
  File "/home/airflow/airflow/dags/get_Data_Diseases.py", line 61, in <module>
    get_users = PythonOperator(task_id = 'get_users', python_callable = _get_users)
NameError: name '_get_users' is not defined
[2021-07-02 15:38:03,329] {scheduler_job.py:645} WARNING - No viable dags retrieved from /home/airflow/airflow/dags/get_Data_Diseases.py
[2021-07-02 15:38:03,360] {scheduler_job.py:190} INFO - Processing /home/airflow/airflow/dags/get_Data_Diseases.py took 0.675 seconds
[2021-07-02 15:38:33,869] {scheduler_job.py:182} INFO - Started process (PID=15238) to work on /home/airflow/airflow/dags/get_Data_Diseases.py
[2021-07-02 15:38:33,872] {scheduler_job.py:633} INFO - Processing file /home/airflow/airflow/dags/get_Data_Diseases.py for tasks to queue
[2021-07-02 15:38:33,873] {logging_mixin.py:104} INFO - [2021-07-02 15:38:33,873] {dagbag.py:487} INFO - Filling up the DagBag from /home/airflow/airflow/dags/get_Data_Diseases.py
[2021-07-02 15:38:34,649] {logging_mixin.py:104} INFO - [2021-07-02 15:38:34,648] {dagbag.py:320} ERROR - Failed to import: /home/airflow/airflow/dags/get_Data_Diseases.py
Traceback (most recent call last):
  File "/home/airflow/sandbox/lib/python3.8/site-packages/airflow/models/dagbag.py", line 317, in _load_modules_from_file
    loader.exec_module(new_module)
  File "<frozen importlib._bootstrap_external>", line 848, in exec_module
  File "<frozen importlib._bootstrap>", line 219, in _call_with_frames_removed
  File "/home/airflow/airflow/dags/get_Data_Diseases.py", line 61, in <module>
    get_users = PythonOperator(task_id = 'get_users', python_callable = _get_users)
NameError: name '_get_users' is not defined
[2021-07-02 15:38:34,651] {scheduler_job.py:645} WARNING - No viable dags retrieved from /home/airflow/airflow/dags/get_Data_Diseases.py
[2021-07-02 15:38:34,681] {scheduler_job.py:190} INFO - Processing /home/airflow/airflow/dags/get_Data_Diseases.py took 0.816 seconds
[2021-07-02 15:39:05,196] {scheduler_job.py:182} INFO - Started process (PID=15305) to work on /home/airflow/airflow/dags/get_Data_Diseases.py
[2021-07-02 15:39:05,199] {scheduler_job.py:633} INFO - Processing file /home/airflow/airflow/dags/get_Data_Diseases.py for tasks to queue
[2021-07-02 15:39:05,201] {logging_mixin.py:104} INFO - [2021-07-02 15:39:05,201] {dagbag.py:487} INFO - Filling up the DagBag from /home/airflow/airflow/dags/get_Data_Diseases.py
[2021-07-02 15:39:05,917] {scheduler_job.py:643} INFO - DAG(s) dict_keys(['get_patients']) retrieved from /home/airflow/airflow/dags/get_Data_Diseases.py
[2021-07-02 15:39:06,298] {logging_mixin.py:104} INFO - [2021-07-02 15:39:06,298] {dag.py:1832} INFO - Sync 1 DAGs
[2021-07-02 15:39:06,362] {logging_mixin.py:104} INFO - [2021-07-02 15:39:06,362] {dag.py:2305} INFO - Setting next_dagrun for get_patients to 2021-07-02 00:00:00+00:00
[2021-07-02 15:39:06,398] {scheduler_job.py:190} INFO - Processing /home/airflow/airflow/dags/get_Data_Diseases.py took 1.205 seconds
[2021-07-02 15:39:36,856] {scheduler_job.py:182} INFO - Started process (PID=15373) to work on /home/airflow/airflow/dags/get_Data_Diseases.py
[2021-07-02 15:39:36,859] {scheduler_job.py:633} INFO - Processing file /home/airflow/airflow/dags/get_Data_Diseases.py for tasks to queue
[2021-07-02 15:39:36,862] {logging_mixin.py:104} INFO - [2021-07-02 15:39:36,862] {dagbag.py:487} INFO - Filling up the DagBag from /home/airflow/airflow/dags/get_Data_Diseases.py
[2021-07-02 15:39:37,592] {scheduler_job.py:643} INFO - DAG(s) dict_keys(['get_patients']) retrieved from /home/airflow/airflow/dags/get_Data_Diseases.py
[2021-07-02 15:39:37,632] {logging_mixin.py:104} INFO - [2021-07-02 15:39:37,632] {dag.py:1832} INFO - Sync 1 DAGs
[2021-07-02 15:39:37,662] {logging_mixin.py:104} INFO - [2021-07-02 15:39:37,662] {dag.py:2305} INFO - Setting next_dagrun for get_patients to 2021-07-02 00:00:00+00:00
[2021-07-02 15:39:37,685] {scheduler_job.py:190} INFO - Processing /home/airflow/airflow/dags/get_Data_Diseases.py took 0.832 seconds
[2021-07-02 15:40:08,547] {scheduler_job.py:182} INFO - Started process (PID=15441) to work on /home/airflow/airflow/dags/get_Data_Diseases.py
[2021-07-02 15:40:08,550] {scheduler_job.py:633} INFO - Processing file /home/airflow/airflow/dags/get_Data_Diseases.py for tasks to queue
[2021-07-02 15:40:08,552] {logging_mixin.py:104} INFO - [2021-07-02 15:40:08,552] {dagbag.py:487} INFO - Filling up the DagBag from /home/airflow/airflow/dags/get_Data_Diseases.py
[2021-07-02 15:40:09,283] {scheduler_job.py:643} INFO - DAG(s) dict_keys(['get_patients']) retrieved from /home/airflow/airflow/dags/get_Data_Diseases.py
[2021-07-02 15:40:09,309] {logging_mixin.py:104} INFO - [2021-07-02 15:40:09,309] {dag.py:1832} INFO - Sync 1 DAGs
[2021-07-02 15:40:09,332] {logging_mixin.py:104} INFO - [2021-07-02 15:40:09,332] {dag.py:2305} INFO - Setting next_dagrun for get_patients to 2021-07-02 00:00:00+00:00
[2021-07-02 15:40:09,345] {scheduler_job.py:190} INFO - Processing /home/airflow/airflow/dags/get_Data_Diseases.py took 0.802 seconds
[2021-07-02 15:40:40,255] {scheduler_job.py:182} INFO - Started process (PID=15508) to work on /home/airflow/airflow/dags/get_Data_Diseases.py
[2021-07-02 15:40:40,259] {scheduler_job.py:633} INFO - Processing file /home/airflow/airflow/dags/get_Data_Diseases.py for tasks to queue
[2021-07-02 15:40:40,261] {logging_mixin.py:104} INFO - [2021-07-02 15:40:40,261] {dagbag.py:487} INFO - Filling up the DagBag from /home/airflow/airflow/dags/get_Data_Diseases.py
[2021-07-02 15:40:41,010] {scheduler_job.py:643} INFO - DAG(s) dict_keys(['get_patients']) retrieved from /home/airflow/airflow/dags/get_Data_Diseases.py
[2021-07-02 15:40:41,412] {logging_mixin.py:104} INFO - [2021-07-02 15:40:41,411] {dag.py:1832} INFO - Sync 1 DAGs
[2021-07-02 15:40:41,445] {logging_mixin.py:104} INFO - [2021-07-02 15:40:41,445] {dag.py:2305} INFO - Setting next_dagrun for get_patients to 2021-07-02 00:00:00+00:00
[2021-07-02 15:40:41,462] {scheduler_job.py:190} INFO - Processing /home/airflow/airflow/dags/get_Data_Diseases.py took 1.214 seconds
[2021-07-02 15:41:12,003] {scheduler_job.py:182} INFO - Started process (PID=15575) to work on /home/airflow/airflow/dags/get_Data_Diseases.py
[2021-07-02 15:41:12,005] {scheduler_job.py:633} INFO - Processing file /home/airflow/airflow/dags/get_Data_Diseases.py for tasks to queue
[2021-07-02 15:41:12,008] {logging_mixin.py:104} INFO - [2021-07-02 15:41:12,008] {dagbag.py:487} INFO - Filling up the DagBag from /home/airflow/airflow/dags/get_Data_Diseases.py
[2021-07-02 15:41:12,590] {scheduler_job.py:643} INFO - DAG(s) dict_keys(['get_patients']) retrieved from /home/airflow/airflow/dags/get_Data_Diseases.py
[2021-07-02 15:41:12,618] {logging_mixin.py:104} INFO - [2021-07-02 15:41:12,617] {dag.py:1832} INFO - Sync 1 DAGs
[2021-07-02 15:41:12,639] {logging_mixin.py:104} INFO - [2021-07-02 15:41:12,639] {dag.py:2305} INFO - Setting next_dagrun for get_patients to 2021-07-02 00:00:00+00:00
[2021-07-02 15:41:12,653] {scheduler_job.py:190} INFO - Processing /home/airflow/airflow/dags/get_Data_Diseases.py took 0.656 seconds
[2021-07-02 15:41:43,386] {scheduler_job.py:182} INFO - Started process (PID=15642) to work on /home/airflow/airflow/dags/get_Data_Diseases.py
[2021-07-02 15:41:43,390] {scheduler_job.py:633} INFO - Processing file /home/airflow/airflow/dags/get_Data_Diseases.py for tasks to queue
[2021-07-02 15:41:43,391] {logging_mixin.py:104} INFO - [2021-07-02 15:41:43,391] {dagbag.py:487} INFO - Filling up the DagBag from /home/airflow/airflow/dags/get_Data_Diseases.py
[2021-07-02 15:41:44,032] {scheduler_job.py:643} INFO - DAG(s) dict_keys(['get_patients']) retrieved from /home/airflow/airflow/dags/get_Data_Diseases.py
[2021-07-02 15:41:44,059] {logging_mixin.py:104} INFO - [2021-07-02 15:41:44,058] {dag.py:1832} INFO - Sync 1 DAGs
[2021-07-02 15:41:44,086] {logging_mixin.py:104} INFO - [2021-07-02 15:41:44,085] {dag.py:2305} INFO - Setting next_dagrun for get_patients to 2021-07-02 00:00:00+00:00
[2021-07-02 15:41:44,113] {scheduler_job.py:190} INFO - Processing /home/airflow/airflow/dags/get_Data_Diseases.py took 0.732 seconds
[2021-07-02 15:42:14,702] {scheduler_job.py:182} INFO - Started process (PID=15709) to work on /home/airflow/airflow/dags/get_Data_Diseases.py
[2021-07-02 15:42:14,705] {scheduler_job.py:633} INFO - Processing file /home/airflow/airflow/dags/get_Data_Diseases.py for tasks to queue
[2021-07-02 15:42:14,707] {logging_mixin.py:104} INFO - [2021-07-02 15:42:14,707] {dagbag.py:487} INFO - Filling up the DagBag from /home/airflow/airflow/dags/get_Data_Diseases.py
[2021-07-02 15:42:15,440] {scheduler_job.py:643} INFO - DAG(s) dict_keys(['get_patients']) retrieved from /home/airflow/airflow/dags/get_Data_Diseases.py
[2021-07-02 15:42:15,849] {logging_mixin.py:104} INFO - [2021-07-02 15:42:15,849] {dag.py:1832} INFO - Sync 1 DAGs
[2021-07-02 15:42:15,871] {logging_mixin.py:104} INFO - [2021-07-02 15:42:15,870] {dag.py:2305} INFO - Setting next_dagrun for get_patients to 2021-07-02 00:00:00+00:00
[2021-07-02 15:42:15,890] {scheduler_job.py:190} INFO - Processing /home/airflow/airflow/dags/get_Data_Diseases.py took 1.193 seconds
[2021-07-02 15:42:46,131] {scheduler_job.py:182} INFO - Started process (PID=15778) to work on /home/airflow/airflow/dags/get_Data_Diseases.py
[2021-07-02 15:42:46,140] {scheduler_job.py:633} INFO - Processing file /home/airflow/airflow/dags/get_Data_Diseases.py for tasks to queue
[2021-07-02 15:42:46,142] {logging_mixin.py:104} INFO - [2021-07-02 15:42:46,142] {dagbag.py:487} INFO - Filling up the DagBag from /home/airflow/airflow/dags/get_Data_Diseases.py
[2021-07-02 15:42:46,976] {scheduler_job.py:643} INFO - DAG(s) dict_keys(['get_patients']) retrieved from /home/airflow/airflow/dags/get_Data_Diseases.py
[2021-07-02 15:42:47,006] {logging_mixin.py:104} INFO - [2021-07-02 15:42:47,006] {dag.py:1832} INFO - Sync 1 DAGs
[2021-07-02 15:42:47,029] {logging_mixin.py:104} INFO - [2021-07-02 15:42:47,028] {dag.py:2305} INFO - Setting next_dagrun for get_patients to 2021-07-02 00:00:00+00:00
[2021-07-02 15:42:47,054] {scheduler_job.py:190} INFO - Processing /home/airflow/airflow/dags/get_Data_Diseases.py took 0.929 seconds
[2021-07-02 15:43:17,095] {scheduler_job.py:182} INFO - Started process (PID=15845) to work on /home/airflow/airflow/dags/get_Data_Diseases.py
[2021-07-02 15:43:17,097] {scheduler_job.py:633} INFO - Processing file /home/airflow/airflow/dags/get_Data_Diseases.py for tasks to queue
[2021-07-02 15:43:17,100] {logging_mixin.py:104} INFO - [2021-07-02 15:43:17,100] {dagbag.py:487} INFO - Filling up the DagBag from /home/airflow/airflow/dags/get_Data_Diseases.py
[2021-07-02 15:43:17,108] {logging_mixin.py:104} INFO - [2021-07-02 15:43:17,105] {dagbag.py:320} ERROR - Failed to import: /home/airflow/airflow/dags/get_Data_Diseases.py
Traceback (most recent call last):
  File "/home/airflow/sandbox/lib/python3.8/site-packages/airflow/models/dagbag.py", line 317, in _load_modules_from_file
    loader.exec_module(new_module)
  File "<frozen importlib._bootstrap_external>", line 844, in exec_module
  File "<frozen importlib._bootstrap_external>", line 981, in get_code
  File "<frozen importlib._bootstrap_external>", line 911, in source_to_code
  File "<frozen importlib._bootstrap>", line 219, in _call_with_frames_removed
  File "/home/airflow/airflow/dags/get_Data_Diseases.py", line 20
    sql = '''SELECT 
                json_agg(p) 
                FROM (SELECT * FROM PATIENT LIMIT 20) AS p;'''´
                    
                            
                                                              ^
SyntaxError: invalid character in identifier
[2021-07-02 15:43:17,112] {scheduler_job.py:645} WARNING - No viable dags retrieved from /home/airflow/airflow/dags/get_Data_Diseases.py
[2021-07-02 15:43:17,148] {scheduler_job.py:190} INFO - Processing /home/airflow/airflow/dags/get_Data_Diseases.py took 0.060 seconds
[2021-07-02 15:43:47,388] {scheduler_job.py:182} INFO - Started process (PID=15912) to work on /home/airflow/airflow/dags/get_Data_Diseases.py
[2021-07-02 15:43:47,392] {scheduler_job.py:633} INFO - Processing file /home/airflow/airflow/dags/get_Data_Diseases.py for tasks to queue
[2021-07-02 15:43:47,398] {logging_mixin.py:104} INFO - [2021-07-02 15:43:47,397] {dagbag.py:487} INFO - Filling up the DagBag from /home/airflow/airflow/dags/get_Data_Diseases.py
[2021-07-02 15:43:47,404] {logging_mixin.py:104} INFO - [2021-07-02 15:43:47,401] {dagbag.py:320} ERROR - Failed to import: /home/airflow/airflow/dags/get_Data_Diseases.py
Traceback (most recent call last):
  File "/home/airflow/sandbox/lib/python3.8/site-packages/airflow/models/dagbag.py", line 317, in _load_modules_from_file
    loader.exec_module(new_module)
  File "<frozen importlib._bootstrap_external>", line 844, in exec_module
  File "<frozen importlib._bootstrap_external>", line 981, in get_code
  File "<frozen importlib._bootstrap_external>", line 911, in source_to_code
  File "<frozen importlib._bootstrap>", line 219, in _call_with_frames_removed
  File "/home/airflow/airflow/dags/get_Data_Diseases.py", line 20
    sql = '''SELECT 
                json_agg(p) 
                FROM (SELECT * FROM PATIENT LIMIT 20) AS p;'''´
                    
                            
                                                              ^
SyntaxError: invalid character in identifier
[2021-07-02 15:43:47,407] {scheduler_job.py:645} WARNING - No viable dags retrieved from /home/airflow/airflow/dags/get_Data_Diseases.py
[2021-07-02 15:43:47,511] {scheduler_job.py:190} INFO - Processing /home/airflow/airflow/dags/get_Data_Diseases.py took 0.127 seconds
[2021-07-02 15:44:17,787] {scheduler_job.py:182} INFO - Started process (PID=15978) to work on /home/airflow/airflow/dags/get_Data_Diseases.py
[2021-07-02 15:44:17,789] {scheduler_job.py:633} INFO - Processing file /home/airflow/airflow/dags/get_Data_Diseases.py for tasks to queue
[2021-07-02 15:44:17,790] {logging_mixin.py:104} INFO - [2021-07-02 15:44:17,790] {dagbag.py:487} INFO - Filling up the DagBag from /home/airflow/airflow/dags/get_Data_Diseases.py
[2021-07-02 15:44:17,795] {logging_mixin.py:104} INFO - [2021-07-02 15:44:17,793] {dagbag.py:320} ERROR - Failed to import: /home/airflow/airflow/dags/get_Data_Diseases.py
Traceback (most recent call last):
  File "/home/airflow/sandbox/lib/python3.8/site-packages/airflow/models/dagbag.py", line 317, in _load_modules_from_file
    loader.exec_module(new_module)
  File "<frozen importlib._bootstrap_external>", line 844, in exec_module
  File "<frozen importlib._bootstrap_external>", line 981, in get_code
  File "<frozen importlib._bootstrap_external>", line 911, in source_to_code
  File "<frozen importlib._bootstrap>", line 219, in _call_with_frames_removed
  File "/home/airflow/airflow/dags/get_Data_Diseases.py", line 20
    sql = '''SELECT 
                json_agg(p) 
                FROM (SELECT * FROM PATIENT LIMIT 20) AS p;'''´
                    
                            
                                                              ^
SyntaxError: invalid character in identifier
[2021-07-02 15:44:17,796] {scheduler_job.py:645} WARNING - No viable dags retrieved from /home/airflow/airflow/dags/get_Data_Diseases.py
[2021-07-02 15:44:17,826] {scheduler_job.py:190} INFO - Processing /home/airflow/airflow/dags/get_Data_Diseases.py took 0.045 seconds
[2021-07-02 15:44:47,974] {scheduler_job.py:182} INFO - Started process (PID=16044) to work on /home/airflow/airflow/dags/get_Data_Diseases.py
[2021-07-02 15:44:47,980] {scheduler_job.py:633} INFO - Processing file /home/airflow/airflow/dags/get_Data_Diseases.py for tasks to queue
[2021-07-02 15:44:47,980] {logging_mixin.py:104} INFO - [2021-07-02 15:44:47,980] {dagbag.py:487} INFO - Filling up the DagBag from /home/airflow/airflow/dags/get_Data_Diseases.py
[2021-07-02 15:44:47,983] {logging_mixin.py:104} INFO - [2021-07-02 15:44:47,982] {dagbag.py:320} ERROR - Failed to import: /home/airflow/airflow/dags/get_Data_Diseases.py
Traceback (most recent call last):
  File "/home/airflow/sandbox/lib/python3.8/site-packages/airflow/models/dagbag.py", line 317, in _load_modules_from_file
    loader.exec_module(new_module)
  File "<frozen importlib._bootstrap_external>", line 844, in exec_module
  File "<frozen importlib._bootstrap_external>", line 981, in get_code
  File "<frozen importlib._bootstrap_external>", line 911, in source_to_code
  File "<frozen importlib._bootstrap>", line 219, in _call_with_frames_removed
  File "/home/airflow/airflow/dags/get_Data_Diseases.py", line 20
    sql = '''SELECT 
                json_agg(p) 
                FROM (SELECT * FROM PATIENT LIMIT 20) AS p;'''´
                    
                            
                                                              ^
SyntaxError: invalid character in identifier
[2021-07-02 15:44:47,983] {scheduler_job.py:645} WARNING - No viable dags retrieved from /home/airflow/airflow/dags/get_Data_Diseases.py
[2021-07-02 15:44:48,034] {scheduler_job.py:190} INFO - Processing /home/airflow/airflow/dags/get_Data_Diseases.py took 0.067 seconds
[2021-07-02 15:45:18,628] {scheduler_job.py:182} INFO - Started process (PID=16113) to work on /home/airflow/airflow/dags/get_Data_Diseases.py
[2021-07-02 15:45:18,634] {scheduler_job.py:633} INFO - Processing file /home/airflow/airflow/dags/get_Data_Diseases.py for tasks to queue
[2021-07-02 15:45:18,637] {logging_mixin.py:104} INFO - [2021-07-02 15:45:18,637] {dagbag.py:487} INFO - Filling up the DagBag from /home/airflow/airflow/dags/get_Data_Diseases.py
[2021-07-02 15:45:18,644] {logging_mixin.py:104} INFO - [2021-07-02 15:45:18,643] {dagbag.py:320} ERROR - Failed to import: /home/airflow/airflow/dags/get_Data_Diseases.py
Traceback (most recent call last):
  File "/home/airflow/sandbox/lib/python3.8/site-packages/airflow/models/dagbag.py", line 317, in _load_modules_from_file
    loader.exec_module(new_module)
  File "<frozen importlib._bootstrap_external>", line 844, in exec_module
  File "<frozen importlib._bootstrap_external>", line 981, in get_code
  File "<frozen importlib._bootstrap_external>", line 911, in source_to_code
  File "<frozen importlib._bootstrap>", line 219, in _call_with_frames_removed
  File "/home/airflow/airflow/dags/get_Data_Diseases.py", line 20
    sql = '''SELECT 
                json_agg(p) 
                FROM (SELECT * FROM PATIENT LIMIT 20) AS p;'''´
                    
                            
                                                              ^
SyntaxError: invalid character in identifier
[2021-07-02 15:45:18,646] {scheduler_job.py:645} WARNING - No viable dags retrieved from /home/airflow/airflow/dags/get_Data_Diseases.py
[2021-07-02 15:45:18,696] {scheduler_job.py:190} INFO - Processing /home/airflow/airflow/dags/get_Data_Diseases.py took 0.073 seconds
[2021-07-02 15:45:49,324] {scheduler_job.py:182} INFO - Started process (PID=16180) to work on /home/airflow/airflow/dags/get_Data_Diseases.py
[2021-07-02 15:45:49,325] {scheduler_job.py:633} INFO - Processing file /home/airflow/airflow/dags/get_Data_Diseases.py for tasks to queue
[2021-07-02 15:45:49,327] {logging_mixin.py:104} INFO - [2021-07-02 15:45:49,326] {dagbag.py:487} INFO - Filling up the DagBag from /home/airflow/airflow/dags/get_Data_Diseases.py
[2021-07-02 15:45:49,331] {logging_mixin.py:104} INFO - [2021-07-02 15:45:49,330] {dagbag.py:320} ERROR - Failed to import: /home/airflow/airflow/dags/get_Data_Diseases.py
Traceback (most recent call last):
  File "/home/airflow/sandbox/lib/python3.8/site-packages/airflow/models/dagbag.py", line 317, in _load_modules_from_file
    loader.exec_module(new_module)
  File "<frozen importlib._bootstrap_external>", line 844, in exec_module
  File "<frozen importlib._bootstrap_external>", line 981, in get_code
  File "<frozen importlib._bootstrap_external>", line 911, in source_to_code
  File "<frozen importlib._bootstrap>", line 219, in _call_with_frames_removed
  File "/home/airflow/airflow/dags/get_Data_Diseases.py", line 20
    sql = '''SELECT 
                json_agg(p) 
                FROM (SELECT * FROM PATIENT LIMIT 20) AS p;'''´
                    
                            
                                                              ^
SyntaxError: invalid character in identifier
[2021-07-02 15:45:49,332] {scheduler_job.py:645} WARNING - No viable dags retrieved from /home/airflow/airflow/dags/get_Data_Diseases.py
[2021-07-02 15:45:49,377] {scheduler_job.py:190} INFO - Processing /home/airflow/airflow/dags/get_Data_Diseases.py took 0.060 seconds
[2021-07-02 15:46:19,743] {scheduler_job.py:182} INFO - Started process (PID=16246) to work on /home/airflow/airflow/dags/get_Data_Diseases.py
[2021-07-02 15:46:19,745] {scheduler_job.py:633} INFO - Processing file /home/airflow/airflow/dags/get_Data_Diseases.py for tasks to queue
[2021-07-02 15:46:19,749] {logging_mixin.py:104} INFO - [2021-07-02 15:46:19,749] {dagbag.py:487} INFO - Filling up the DagBag from /home/airflow/airflow/dags/get_Data_Diseases.py
[2021-07-02 15:46:19,754] {logging_mixin.py:104} INFO - [2021-07-02 15:46:19,752] {dagbag.py:320} ERROR - Failed to import: /home/airflow/airflow/dags/get_Data_Diseases.py
Traceback (most recent call last):
  File "/home/airflow/sandbox/lib/python3.8/site-packages/airflow/models/dagbag.py", line 317, in _load_modules_from_file
    loader.exec_module(new_module)
  File "<frozen importlib._bootstrap_external>", line 844, in exec_module
  File "<frozen importlib._bootstrap_external>", line 981, in get_code
  File "<frozen importlib._bootstrap_external>", line 911, in source_to_code
  File "<frozen importlib._bootstrap>", line 219, in _call_with_frames_removed
  File "/home/airflow/airflow/dags/get_Data_Diseases.py", line 20
    sql = '''SELECT 
                json_agg(p) 
                FROM (SELECT * FROM PATIENT LIMIT 20) AS p;'''´
                    
                            
                                                              ^
SyntaxError: invalid character in identifier
[2021-07-02 15:46:19,756] {scheduler_job.py:645} WARNING - No viable dags retrieved from /home/airflow/airflow/dags/get_Data_Diseases.py
[2021-07-02 15:46:19,815] {scheduler_job.py:190} INFO - Processing /home/airflow/airflow/dags/get_Data_Diseases.py took 0.076 seconds
[2021-07-02 15:46:50,318] {scheduler_job.py:182} INFO - Started process (PID=16312) to work on /home/airflow/airflow/dags/get_Data_Diseases.py
[2021-07-02 15:46:50,320] {scheduler_job.py:633} INFO - Processing file /home/airflow/airflow/dags/get_Data_Diseases.py for tasks to queue
[2021-07-02 15:46:50,323] {logging_mixin.py:104} INFO - [2021-07-02 15:46:50,322] {dagbag.py:487} INFO - Filling up the DagBag from /home/airflow/airflow/dags/get_Data_Diseases.py
[2021-07-02 15:46:50,332] {logging_mixin.py:104} INFO - [2021-07-02 15:46:50,326] {dagbag.py:320} ERROR - Failed to import: /home/airflow/airflow/dags/get_Data_Diseases.py
Traceback (most recent call last):
  File "/home/airflow/sandbox/lib/python3.8/site-packages/airflow/models/dagbag.py", line 317, in _load_modules_from_file
    loader.exec_module(new_module)
  File "<frozen importlib._bootstrap_external>", line 844, in exec_module
  File "<frozen importlib._bootstrap_external>", line 981, in get_code
  File "<frozen importlib._bootstrap_external>", line 911, in source_to_code
  File "<frozen importlib._bootstrap>", line 219, in _call_with_frames_removed
  File "/home/airflow/airflow/dags/get_Data_Diseases.py", line 20
    sql = '''SELECT 
                json_agg(p) 
                FROM (SELECT * FROM PATIENT LIMIT 20) AS p;'''´
                    
                            
                                                              ^
SyntaxError: invalid character in identifier
[2021-07-02 15:46:50,334] {scheduler_job.py:645} WARNING - No viable dags retrieved from /home/airflow/airflow/dags/get_Data_Diseases.py
[2021-07-02 15:46:50,371] {scheduler_job.py:190} INFO - Processing /home/airflow/airflow/dags/get_Data_Diseases.py took 0.060 seconds
[2021-07-02 15:47:20,469] {scheduler_job.py:182} INFO - Started process (PID=16378) to work on /home/airflow/airflow/dags/get_Data_Diseases.py
[2021-07-02 15:47:20,473] {scheduler_job.py:633} INFO - Processing file /home/airflow/airflow/dags/get_Data_Diseases.py for tasks to queue
[2021-07-02 15:47:20,477] {logging_mixin.py:104} INFO - [2021-07-02 15:47:20,476] {dagbag.py:487} INFO - Filling up the DagBag from /home/airflow/airflow/dags/get_Data_Diseases.py
[2021-07-02 15:47:20,483] {logging_mixin.py:104} INFO - [2021-07-02 15:47:20,482] {dagbag.py:320} ERROR - Failed to import: /home/airflow/airflow/dags/get_Data_Diseases.py
Traceback (most recent call last):
  File "/home/airflow/sandbox/lib/python3.8/site-packages/airflow/models/dagbag.py", line 317, in _load_modules_from_file
    loader.exec_module(new_module)
  File "<frozen importlib._bootstrap_external>", line 844, in exec_module
  File "<frozen importlib._bootstrap_external>", line 981, in get_code
  File "<frozen importlib._bootstrap_external>", line 911, in source_to_code
  File "<frozen importlib._bootstrap>", line 219, in _call_with_frames_removed
  File "/home/airflow/airflow/dags/get_Data_Diseases.py", line 20
    sql = '''SELECT 
                json_agg(p) 
                FROM (SELECT * FROM PATIENT LIMIT 20) AS p;'''´
                    
                            
                                                              ^
SyntaxError: invalid character in identifier
[2021-07-02 15:47:20,484] {scheduler_job.py:645} WARNING - No viable dags retrieved from /home/airflow/airflow/dags/get_Data_Diseases.py
[2021-07-02 15:47:20,525] {scheduler_job.py:190} INFO - Processing /home/airflow/airflow/dags/get_Data_Diseases.py took 0.064 seconds
[2021-07-02 15:47:51,043] {scheduler_job.py:182} INFO - Started process (PID=16444) to work on /home/airflow/airflow/dags/get_Data_Diseases.py
[2021-07-02 15:47:51,048] {scheduler_job.py:633} INFO - Processing file /home/airflow/airflow/dags/get_Data_Diseases.py for tasks to queue
[2021-07-02 15:47:51,050] {logging_mixin.py:104} INFO - [2021-07-02 15:47:51,050] {dagbag.py:487} INFO - Filling up the DagBag from /home/airflow/airflow/dags/get_Data_Diseases.py
[2021-07-02 15:47:51,053] {logging_mixin.py:104} INFO - [2021-07-02 15:47:51,052] {dagbag.py:320} ERROR - Failed to import: /home/airflow/airflow/dags/get_Data_Diseases.py
Traceback (most recent call last):
  File "/home/airflow/sandbox/lib/python3.8/site-packages/airflow/models/dagbag.py", line 317, in _load_modules_from_file
    loader.exec_module(new_module)
  File "<frozen importlib._bootstrap_external>", line 844, in exec_module
  File "<frozen importlib._bootstrap_external>", line 981, in get_code
  File "<frozen importlib._bootstrap_external>", line 911, in source_to_code
  File "<frozen importlib._bootstrap>", line 219, in _call_with_frames_removed
  File "/home/airflow/airflow/dags/get_Data_Diseases.py", line 22
    sql = '''SELECT json_agg(result) FROM (SELECT d.name AS Name_disease, count(*) AS Number_Pacients 
                    FROM patient_disease AS pd
                    LEFT JOIN disease AS d ON d.id = pd.disease_id 
                    LEFT JOIN patient AS p ON pd.patient_id = p.id 
                    GROUP BY d.id) AS result;'''´
                                                                                                      
                                              
                                                                   
                                                                   
                                                ^
SyntaxError: invalid character in identifier
[2021-07-02 15:47:51,053] {scheduler_job.py:645} WARNING - No viable dags retrieved from /home/airflow/airflow/dags/get_Data_Diseases.py
[2021-07-02 15:47:51,094] {scheduler_job.py:190} INFO - Processing /home/airflow/airflow/dags/get_Data_Diseases.py took 0.059 seconds
[2021-07-02 15:48:21,724] {scheduler_job.py:182} INFO - Started process (PID=16508) to work on /home/airflow/airflow/dags/get_Data_Diseases.py
[2021-07-02 15:48:21,730] {scheduler_job.py:633} INFO - Processing file /home/airflow/airflow/dags/get_Data_Diseases.py for tasks to queue
[2021-07-02 15:48:21,732] {logging_mixin.py:104} INFO - [2021-07-02 15:48:21,732] {dagbag.py:487} INFO - Filling up the DagBag from /home/airflow/airflow/dags/get_Data_Diseases.py
[2021-07-02 15:48:21,745] {logging_mixin.py:104} INFO - [2021-07-02 15:48:21,739] {dagbag.py:320} ERROR - Failed to import: /home/airflow/airflow/dags/get_Data_Diseases.py
Traceback (most recent call last):
  File "/home/airflow/sandbox/lib/python3.8/site-packages/airflow/models/dagbag.py", line 317, in _load_modules_from_file
    loader.exec_module(new_module)
  File "<frozen importlib._bootstrap_external>", line 844, in exec_module
  File "<frozen importlib._bootstrap_external>", line 981, in get_code
  File "<frozen importlib._bootstrap_external>", line 911, in source_to_code
  File "<frozen importlib._bootstrap>", line 219, in _call_with_frames_removed
  File "/home/airflow/airflow/dags/get_Data_Diseases.py", line 22
    sql = '''SELECT json_agg(result) FROM (SELECT d.name AS Name_disease, count(*) AS Number_Pacients 
                    FROM patient_disease AS pd
                    LEFT JOIN disease AS d ON d.id = pd.disease_id 
                    LEFT JOIN patient AS p ON pd.patient_id = p.id 
                    GROUP BY d.id) AS result;'''´
                                                                                                      
                                              
                                                                   
                                                                   
                                                ^
SyntaxError: invalid character in identifier
[2021-07-02 15:48:21,749] {scheduler_job.py:645} WARNING - No viable dags retrieved from /home/airflow/airflow/dags/get_Data_Diseases.py
[2021-07-02 15:48:21,832] {scheduler_job.py:190} INFO - Processing /home/airflow/airflow/dags/get_Data_Diseases.py took 0.145 seconds
[2021-07-02 15:48:51,951] {scheduler_job.py:182} INFO - Started process (PID=16567) to work on /home/airflow/airflow/dags/get_Data_Diseases.py
[2021-07-02 15:48:51,959] {scheduler_job.py:633} INFO - Processing file /home/airflow/airflow/dags/get_Data_Diseases.py for tasks to queue
[2021-07-02 15:48:51,965] {logging_mixin.py:104} INFO - [2021-07-02 15:48:51,965] {dagbag.py:487} INFO - Filling up the DagBag from /home/airflow/airflow/dags/get_Data_Diseases.py
[2021-07-02 15:48:54,539] {scheduler_job.py:643} INFO - DAG(s) dict_keys(['get_patients']) retrieved from /home/airflow/airflow/dags/get_Data_Diseases.py
[2021-07-02 15:48:56,463] {logging_mixin.py:104} INFO - [2021-07-02 15:48:56,462] {dag.py:1832} INFO - Sync 1 DAGs
[2021-07-02 15:48:56,555] {logging_mixin.py:104} INFO - [2021-07-02 15:48:56,554] {dag.py:2305} INFO - Setting next_dagrun for get_patients to 2021-07-02 00:00:00+00:00
[2021-07-02 15:48:56,628] {scheduler_job.py:190} INFO - Processing /home/airflow/airflow/dags/get_Data_Diseases.py took 4.683 seconds
[2021-07-02 15:49:26,988] {scheduler_job.py:182} INFO - Started process (PID=16661) to work on /home/airflow/airflow/dags/get_Data_Diseases.py
[2021-07-02 15:49:26,991] {scheduler_job.py:633} INFO - Processing file /home/airflow/airflow/dags/get_Data_Diseases.py for tasks to queue
[2021-07-02 15:49:26,994] {logging_mixin.py:104} INFO - [2021-07-02 15:49:26,994] {dagbag.py:487} INFO - Filling up the DagBag from /home/airflow/airflow/dags/get_Data_Diseases.py
[2021-07-02 15:49:28,246] {scheduler_job.py:643} INFO - DAG(s) dict_keys(['get_patients']) retrieved from /home/airflow/airflow/dags/get_Data_Diseases.py
[2021-07-02 15:49:28,272] {logging_mixin.py:104} INFO - [2021-07-02 15:49:28,272] {dag.py:1832} INFO - Sync 1 DAGs
[2021-07-02 15:49:28,317] {logging_mixin.py:104} INFO - [2021-07-02 15:49:28,317] {dag.py:2305} INFO - Setting next_dagrun for get_patients to 2021-07-02 00:00:00+00:00
[2021-07-02 15:49:28,340] {scheduler_job.py:190} INFO - Processing /home/airflow/airflow/dags/get_Data_Diseases.py took 1.360 seconds
[2021-07-02 15:49:58,490] {scheduler_job.py:182} INFO - Started process (PID=16733) to work on /home/airflow/airflow/dags/get_Data_Diseases.py
[2021-07-02 15:49:58,494] {scheduler_job.py:633} INFO - Processing file /home/airflow/airflow/dags/get_Data_Diseases.py for tasks to queue
[2021-07-02 15:49:58,498] {logging_mixin.py:104} INFO - [2021-07-02 15:49:58,497] {dagbag.py:487} INFO - Filling up the DagBag from /home/airflow/airflow/dags/get_Data_Diseases.py
[2021-07-02 15:49:59,428] {scheduler_job.py:643} INFO - DAG(s) dict_keys(['get_patients']) retrieved from /home/airflow/airflow/dags/get_Data_Diseases.py
[2021-07-02 15:49:59,950] {logging_mixin.py:104} INFO - [2021-07-02 15:49:59,949] {dag.py:1832} INFO - Sync 1 DAGs
[2021-07-02 15:49:59,976] {logging_mixin.py:104} INFO - [2021-07-02 15:49:59,975] {dag.py:2305} INFO - Setting next_dagrun for get_patients to 2021-07-02 00:00:00+00:00
[2021-07-02 15:49:59,993] {scheduler_job.py:190} INFO - Processing /home/airflow/airflow/dags/get_Data_Diseases.py took 1.514 seconds
[2021-07-02 15:50:30,263] {scheduler_job.py:182} INFO - Started process (PID=16795) to work on /home/airflow/airflow/dags/get_Data_Diseases.py
[2021-07-02 15:50:30,272] {scheduler_job.py:633} INFO - Processing file /home/airflow/airflow/dags/get_Data_Diseases.py for tasks to queue
[2021-07-02 15:50:30,282] {logging_mixin.py:104} INFO - [2021-07-02 15:50:30,281] {dagbag.py:487} INFO - Filling up the DagBag from /home/airflow/airflow/dags/get_Data_Diseases.py
[2021-07-02 15:50:32,692] {scheduler_job.py:643} INFO - DAG(s) dict_keys(['get_patients']) retrieved from /home/airflow/airflow/dags/get_Data_Diseases.py
[2021-07-02 15:50:32,741] {logging_mixin.py:104} INFO - [2021-07-02 15:50:32,740] {dag.py:1832} INFO - Sync 1 DAGs
[2021-07-02 15:50:32,809] {logging_mixin.py:104} INFO - [2021-07-02 15:50:32,808] {dag.py:2305} INFO - Setting next_dagrun for get_patients to 2021-07-01 00:00:00+00:00
[2021-07-02 15:50:32,844] {scheduler_job.py:190} INFO - Processing /home/airflow/airflow/dags/get_Data_Diseases.py took 2.592 seconds
[2021-07-02 15:51:03,321] {scheduler_job.py:182} INFO - Started process (PID=16865) to work on /home/airflow/airflow/dags/get_Data_Diseases.py
[2021-07-02 15:51:03,327] {scheduler_job.py:633} INFO - Processing file /home/airflow/airflow/dags/get_Data_Diseases.py for tasks to queue
[2021-07-02 15:51:03,338] {logging_mixin.py:104} INFO - [2021-07-02 15:51:03,338] {dagbag.py:487} INFO - Filling up the DagBag from /home/airflow/airflow/dags/get_Data_Diseases.py
[2021-07-02 15:51:06,216] {scheduler_job.py:643} INFO - DAG(s) dict_keys(['get_patients']) retrieved from /home/airflow/airflow/dags/get_Data_Diseases.py
[2021-07-02 15:51:06,906] {logging_mixin.py:104} INFO - [2021-07-02 15:51:06,906] {dag.py:1832} INFO - Sync 1 DAGs
[2021-07-02 15:51:06,949] {logging_mixin.py:104} INFO - [2021-07-02 15:51:06,948] {dag.py:2305} INFO - Setting next_dagrun for get_patients to 2021-07-01 00:00:00+00:00
[2021-07-02 15:51:06,970] {scheduler_job.py:190} INFO - Processing /home/airflow/airflow/dags/get_Data_Diseases.py took 3.686 seconds
[2021-07-02 15:51:39,471] {scheduler_job.py:182} INFO - Started process (PID=17147) to work on /home/airflow/airflow/dags/get_Data_Diseases.py
[2021-07-02 15:51:39,495] {scheduler_job.py:633} INFO - Processing file /home/airflow/airflow/dags/get_Data_Diseases.py for tasks to queue
[2021-07-02 15:51:39,502] {logging_mixin.py:104} INFO - [2021-07-02 15:51:39,501] {dagbag.py:487} INFO - Filling up the DagBag from /home/airflow/airflow/dags/get_Data_Diseases.py
[2021-07-02 15:51:40,534] {scheduler_job.py:643} INFO - DAG(s) dict_keys(['get_patients']) retrieved from /home/airflow/airflow/dags/get_Data_Diseases.py
[2021-07-02 15:51:40,584] {logging_mixin.py:104} INFO - [2021-07-02 15:51:40,583] {dag.py:1832} INFO - Sync 1 DAGs
[2021-07-02 15:51:40,619] {logging_mixin.py:104} INFO - [2021-07-02 15:51:40,619] {dag.py:2305} INFO - Setting next_dagrun for get_patients to 2021-07-01 00:00:00+00:00
[2021-07-02 15:51:40,632] {scheduler_job.py:190} INFO - Processing /home/airflow/airflow/dags/get_Data_Diseases.py took 1.170 seconds
[2021-07-02 15:52:11,090] {scheduler_job.py:182} INFO - Started process (PID=17233) to work on /home/airflow/airflow/dags/get_Data_Diseases.py
[2021-07-02 15:52:11,099] {scheduler_job.py:633} INFO - Processing file /home/airflow/airflow/dags/get_Data_Diseases.py for tasks to queue
[2021-07-02 15:52:11,108] {logging_mixin.py:104} INFO - [2021-07-02 15:52:11,108] {dagbag.py:487} INFO - Filling up the DagBag from /home/airflow/airflow/dags/get_Data_Diseases.py
[2021-07-02 15:52:14,261] {scheduler_job.py:643} INFO - DAG(s) dict_keys(['get_patients']) retrieved from /home/airflow/airflow/dags/get_Data_Diseases.py
[2021-07-02 15:52:17,180] {logging_mixin.py:104} INFO - [2021-07-02 15:52:17,180] {dag.py:1832} INFO - Sync 1 DAGs
[2021-07-02 15:52:17,364] {logging_mixin.py:104} INFO - [2021-07-02 15:52:17,364] {dag.py:2305} INFO - Setting next_dagrun for get_patients to 2021-07-01 00:00:00+00:00
[2021-07-02 15:52:17,478] {scheduler_job.py:190} INFO - Processing /home/airflow/airflow/dags/get_Data_Diseases.py took 6.397 seconds
[2021-07-02 15:52:47,687] {scheduler_job.py:182} INFO - Started process (PID=17312) to work on /home/airflow/airflow/dags/get_Data_Diseases.py
[2021-07-02 15:52:47,688] {scheduler_job.py:633} INFO - Processing file /home/airflow/airflow/dags/get_Data_Diseases.py for tasks to queue
[2021-07-02 15:52:47,690] {logging_mixin.py:104} INFO - [2021-07-02 15:52:47,689] {dagbag.py:487} INFO - Filling up the DagBag from /home/airflow/airflow/dags/get_Data_Diseases.py
[2021-07-02 15:52:48,547] {scheduler_job.py:643} INFO - DAG(s) dict_keys(['get_patients']) retrieved from /home/airflow/airflow/dags/get_Data_Diseases.py
[2021-07-02 15:52:48,582] {logging_mixin.py:104} INFO - [2021-07-02 15:52:48,581] {dag.py:1832} INFO - Sync 1 DAGs
[2021-07-02 15:52:48,624] {logging_mixin.py:104} INFO - [2021-07-02 15:52:48,623] {dag.py:2305} INFO - Setting next_dagrun for get_patients to 2021-07-01 00:00:00+00:00
[2021-07-02 15:52:48,658] {scheduler_job.py:190} INFO - Processing /home/airflow/airflow/dags/get_Data_Diseases.py took 0.975 seconds
[2021-07-02 15:53:18,959] {scheduler_job.py:182} INFO - Started process (PID=17381) to work on /home/airflow/airflow/dags/get_Data_Diseases.py
[2021-07-02 15:53:18,962] {scheduler_job.py:633} INFO - Processing file /home/airflow/airflow/dags/get_Data_Diseases.py for tasks to queue
[2021-07-02 15:53:18,965] {logging_mixin.py:104} INFO - [2021-07-02 15:53:18,965] {dagbag.py:487} INFO - Filling up the DagBag from /home/airflow/airflow/dags/get_Data_Diseases.py
[2021-07-02 15:53:19,841] {scheduler_job.py:643} INFO - DAG(s) dict_keys(['get_patients']) retrieved from /home/airflow/airflow/dags/get_Data_Diseases.py
[2021-07-02 15:53:19,884] {logging_mixin.py:104} INFO - [2021-07-02 15:53:19,884] {dag.py:1832} INFO - Sync 1 DAGs
[2021-07-02 15:53:19,917] {logging_mixin.py:104} INFO - [2021-07-02 15:53:19,917] {dag.py:2305} INFO - Setting next_dagrun for get_patients to 2021-07-01 00:00:00+00:00
[2021-07-02 15:53:19,942] {scheduler_job.py:190} INFO - Processing /home/airflow/airflow/dags/get_Data_Diseases.py took 0.988 seconds
[2021-07-02 15:53:44,329] {scheduler_job.py:182} INFO - Started process (PID=17654) to work on /home/airflow/airflow/dags/get_Data_Diseases.py
[2021-07-02 15:53:44,341] {scheduler_job.py:633} INFO - Processing file /home/airflow/airflow/dags/get_Data_Diseases.py for tasks to queue
[2021-07-02 15:53:44,350] {logging_mixin.py:104} INFO - [2021-07-02 15:53:44,350] {dagbag.py:487} INFO - Filling up the DagBag from /home/airflow/airflow/dags/get_Data_Diseases.py
[2021-07-02 15:53:47,628] {scheduler_job.py:643} INFO - DAG(s) dict_keys(['get_diseases']) retrieved from /home/airflow/airflow/dags/get_Data_Diseases.py
[2021-07-02 15:53:48,867] {logging_mixin.py:104} INFO - [2021-07-02 15:53:48,866] {dag.py:1832} INFO - Sync 1 DAGs
[2021-07-02 15:53:48,913] {logging_mixin.py:104} INFO - [2021-07-02 15:53:48,913] {dag.py:2305} INFO - Setting next_dagrun for get_diseases to 2021-07-01 00:00:00+00:00
[2021-07-02 15:53:48,940] {scheduler_job.py:190} INFO - Processing /home/airflow/airflow/dags/get_Data_Diseases.py took 4.619 seconds
[2021-07-02 15:54:19,174] {scheduler_job.py:182} INFO - Started process (PID=17765) to work on /home/airflow/airflow/dags/get_Data_Diseases.py
[2021-07-02 15:54:19,190] {scheduler_job.py:633} INFO - Processing file /home/airflow/airflow/dags/get_Data_Diseases.py for tasks to queue
[2021-07-02 15:54:19,206] {logging_mixin.py:104} INFO - [2021-07-02 15:54:19,206] {dagbag.py:487} INFO - Filling up the DagBag from /home/airflow/airflow/dags/get_Data_Diseases.py
[2021-07-02 15:54:22,636] {scheduler_job.py:643} INFO - DAG(s) dict_keys(['get_diseases']) retrieved from /home/airflow/airflow/dags/get_Data_Diseases.py
[2021-07-02 15:54:22,681] {logging_mixin.py:104} INFO - [2021-07-02 15:54:22,680] {dag.py:1832} INFO - Sync 1 DAGs
[2021-07-02 15:54:22,712] {logging_mixin.py:104} INFO - [2021-07-02 15:54:22,711] {dag.py:2305} INFO - Setting next_dagrun for get_diseases to 2021-07-02 00:00:00+00:00
[2021-07-02 15:54:22,732] {scheduler_job.py:190} INFO - Processing /home/airflow/airflow/dags/get_Data_Diseases.py took 3.591 seconds
[2021-07-02 15:54:53,277] {scheduler_job.py:182} INFO - Started process (PID=17862) to work on /home/airflow/airflow/dags/get_Data_Diseases.py
[2021-07-02 15:54:53,308] {scheduler_job.py:633} INFO - Processing file /home/airflow/airflow/dags/get_Data_Diseases.py for tasks to queue
[2021-07-02 15:54:53,310] {logging_mixin.py:104} INFO - [2021-07-02 15:54:53,310] {dagbag.py:487} INFO - Filling up the DagBag from /home/airflow/airflow/dags/get_Data_Diseases.py
[2021-07-02 15:54:54,510] {scheduler_job.py:643} INFO - DAG(s) dict_keys(['get_diseases']) retrieved from /home/airflow/airflow/dags/get_Data_Diseases.py
[2021-07-02 15:54:54,546] {logging_mixin.py:104} INFO - [2021-07-02 15:54:54,545] {dag.py:1832} INFO - Sync 1 DAGs
[2021-07-02 15:54:54,586] {logging_mixin.py:104} INFO - [2021-07-02 15:54:54,585] {dag.py:2305} INFO - Setting next_dagrun for get_diseases to 2021-07-02 00:00:00+00:00
[2021-07-02 15:54:54,604] {scheduler_job.py:190} INFO - Processing /home/airflow/airflow/dags/get_Data_Diseases.py took 1.342 seconds
[2021-07-02 15:55:25,019] {scheduler_job.py:182} INFO - Started process (PID=18011) to work on /home/airflow/airflow/dags/get_Data_Diseases.py
[2021-07-02 15:55:25,036] {scheduler_job.py:633} INFO - Processing file /home/airflow/airflow/dags/get_Data_Diseases.py for tasks to queue
[2021-07-02 15:55:25,058] {logging_mixin.py:104} INFO - [2021-07-02 15:55:25,057] {dagbag.py:487} INFO - Filling up the DagBag from /home/airflow/airflow/dags/get_Data_Diseases.py
[2021-07-02 15:55:27,217] {scheduler_job.py:643} INFO - DAG(s) dict_keys(['get_diseases']) retrieved from /home/airflow/airflow/dags/get_Data_Diseases.py
[2021-07-02 15:55:27,253] {logging_mixin.py:104} INFO - [2021-07-02 15:55:27,252] {dag.py:1832} INFO - Sync 1 DAGs
[2021-07-02 15:55:27,297] {logging_mixin.py:104} INFO - [2021-07-02 15:55:27,297] {dag.py:2305} INFO - Setting next_dagrun for get_diseases to 2021-07-02 00:00:00+00:00
[2021-07-02 15:55:27,312] {scheduler_job.py:190} INFO - Processing /home/airflow/airflow/dags/get_Data_Diseases.py took 2.311 seconds
[2021-07-02 15:55:57,523] {scheduler_job.py:182} INFO - Started process (PID=18078) to work on /home/airflow/airflow/dags/get_Data_Diseases.py
[2021-07-02 15:55:57,526] {scheduler_job.py:633} INFO - Processing file /home/airflow/airflow/dags/get_Data_Diseases.py for tasks to queue
[2021-07-02 15:55:57,529] {logging_mixin.py:104} INFO - [2021-07-02 15:55:57,529] {dagbag.py:487} INFO - Filling up the DagBag from /home/airflow/airflow/dags/get_Data_Diseases.py
[2021-07-02 15:55:58,603] {scheduler_job.py:643} INFO - DAG(s) dict_keys(['get_diseases']) retrieved from /home/airflow/airflow/dags/get_Data_Diseases.py
[2021-07-02 15:55:58,663] {logging_mixin.py:104} INFO - [2021-07-02 15:55:58,662] {dag.py:1832} INFO - Sync 1 DAGs
[2021-07-02 15:55:58,727] {logging_mixin.py:104} INFO - [2021-07-02 15:55:58,726] {dag.py:2305} INFO - Setting next_dagrun for get_diseases to 2021-07-02 00:00:00+00:00
[2021-07-02 15:55:58,756] {scheduler_job.py:190} INFO - Processing /home/airflow/airflow/dags/get_Data_Diseases.py took 1.238 seconds
[2021-07-02 15:56:29,793] {scheduler_job.py:182} INFO - Started process (PID=18167) to work on /home/airflow/airflow/dags/get_Data_Diseases.py
[2021-07-02 15:56:29,836] {scheduler_job.py:633} INFO - Processing file /home/airflow/airflow/dags/get_Data_Diseases.py for tasks to queue
[2021-07-02 15:56:29,840] {logging_mixin.py:104} INFO - [2021-07-02 15:56:29,839] {dagbag.py:487} INFO - Filling up the DagBag from /home/airflow/airflow/dags/get_Data_Diseases.py
[2021-07-02 15:56:30,860] {scheduler_job.py:643} INFO - DAG(s) dict_keys(['get_diseases']) retrieved from /home/airflow/airflow/dags/get_Data_Diseases.py
[2021-07-02 15:56:30,897] {logging_mixin.py:104} INFO - [2021-07-02 15:56:30,897] {dag.py:1832} INFO - Sync 1 DAGs
[2021-07-02 15:56:30,919] {logging_mixin.py:104} INFO - [2021-07-02 15:56:30,919] {dag.py:2305} INFO - Setting next_dagrun for get_diseases to 2021-07-02 00:00:00+00:00
[2021-07-02 15:56:30,943] {scheduler_job.py:190} INFO - Processing /home/airflow/airflow/dags/get_Data_Diseases.py took 1.166 seconds
[2021-07-02 15:57:03,692] {scheduler_job.py:182} INFO - Started process (PID=18450) to work on /home/airflow/airflow/dags/get_Data_Diseases.py
[2021-07-02 15:57:03,693] {scheduler_job.py:633} INFO - Processing file /home/airflow/airflow/dags/get_Data_Diseases.py for tasks to queue
[2021-07-02 15:57:03,693] {logging_mixin.py:104} INFO - [2021-07-02 15:57:03,693] {dagbag.py:487} INFO - Filling up the DagBag from /home/airflow/airflow/dags/get_Data_Diseases.py
[2021-07-02 15:57:06,159] {scheduler_job.py:643} INFO - DAG(s) dict_keys(['get_diseases']) retrieved from /home/airflow/airflow/dags/get_Data_Diseases.py
[2021-07-02 15:57:06,377] {logging_mixin.py:104} INFO - [2021-07-02 15:57:06,376] {dag.py:1832} INFO - Sync 1 DAGs
[2021-07-02 15:57:06,547] {logging_mixin.py:104} INFO - [2021-07-02 15:57:06,546] {dag.py:2305} INFO - Setting next_dagrun for get_diseases to 2021-07-02 00:00:00+00:00
[2021-07-02 15:57:06,664] {scheduler_job.py:190} INFO - Processing /home/airflow/airflow/dags/get_Data_Diseases.py took 2.977 seconds
[2021-07-02 15:57:37,489] {scheduler_job.py:182} INFO - Started process (PID=18600) to work on /home/airflow/airflow/dags/get_Data_Diseases.py
[2021-07-02 15:57:37,492] {scheduler_job.py:633} INFO - Processing file /home/airflow/airflow/dags/get_Data_Diseases.py for tasks to queue
[2021-07-02 15:57:37,493] {logging_mixin.py:104} INFO - [2021-07-02 15:57:37,492] {dagbag.py:487} INFO - Filling up the DagBag from /home/airflow/airflow/dags/get_Data_Diseases.py
[2021-07-02 15:57:38,250] {scheduler_job.py:643} INFO - DAG(s) dict_keys(['get_diseases']) retrieved from /home/airflow/airflow/dags/get_Data_Diseases.py
[2021-07-02 15:57:38,288] {logging_mixin.py:104} INFO - [2021-07-02 15:57:38,288] {dag.py:1832} INFO - Sync 1 DAGs
[2021-07-02 15:57:38,317] {logging_mixin.py:104} INFO - [2021-07-02 15:57:38,315] {dag.py:2305} INFO - Setting next_dagrun for get_diseases to 2021-07-02 00:00:00+00:00
[2021-07-02 15:57:38,336] {scheduler_job.py:190} INFO - Processing /home/airflow/airflow/dags/get_Data_Diseases.py took 0.850 seconds
[2021-07-02 15:58:09,059] {scheduler_job.py:182} INFO - Started process (PID=18668) to work on /home/airflow/airflow/dags/get_Data_Diseases.py
[2021-07-02 15:58:09,069] {scheduler_job.py:633} INFO - Processing file /home/airflow/airflow/dags/get_Data_Diseases.py for tasks to queue
[2021-07-02 15:58:09,073] {logging_mixin.py:104} INFO - [2021-07-02 15:58:09,072] {dagbag.py:487} INFO - Filling up the DagBag from /home/airflow/airflow/dags/get_Data_Diseases.py
[2021-07-02 15:58:09,958] {scheduler_job.py:643} INFO - DAG(s) dict_keys(['get_diseases']) retrieved from /home/airflow/airflow/dags/get_Data_Diseases.py
[2021-07-02 15:58:10,024] {logging_mixin.py:104} INFO - [2021-07-02 15:58:10,022] {dag.py:1832} INFO - Sync 1 DAGs
[2021-07-02 15:58:10,081] {logging_mixin.py:104} INFO - [2021-07-02 15:58:10,080] {dag.py:2305} INFO - Setting next_dagrun for get_diseases to 2021-07-02 00:00:00+00:00
[2021-07-02 15:58:10,102] {scheduler_job.py:190} INFO - Processing /home/airflow/airflow/dags/get_Data_Diseases.py took 1.050 seconds
[2021-07-02 15:58:40,697] {scheduler_job.py:182} INFO - Started process (PID=18736) to work on /home/airflow/airflow/dags/get_Data_Diseases.py
[2021-07-02 15:58:40,699] {scheduler_job.py:633} INFO - Processing file /home/airflow/airflow/dags/get_Data_Diseases.py for tasks to queue
[2021-07-02 15:58:40,699] {logging_mixin.py:104} INFO - [2021-07-02 15:58:40,699] {dagbag.py:487} INFO - Filling up the DagBag from /home/airflow/airflow/dags/get_Data_Diseases.py
[2021-07-02 15:58:41,642] {scheduler_job.py:643} INFO - DAG(s) dict_keys(['get_diseases']) retrieved from /home/airflow/airflow/dags/get_Data_Diseases.py
[2021-07-02 15:58:41,694] {logging_mixin.py:104} INFO - [2021-07-02 15:58:41,694] {dag.py:1832} INFO - Sync 1 DAGs
[2021-07-02 15:58:41,716] {logging_mixin.py:104} INFO - [2021-07-02 15:58:41,716] {dag.py:2305} INFO - Setting next_dagrun for get_diseases to 2021-07-02 00:00:00+00:00
[2021-07-02 15:58:41,730] {scheduler_job.py:190} INFO - Processing /home/airflow/airflow/dags/get_Data_Diseases.py took 1.040 seconds
[2021-07-02 15:59:12,150] {scheduler_job.py:182} INFO - Started process (PID=18880) to work on /home/airflow/airflow/dags/get_Data_Diseases.py
[2021-07-02 15:59:12,153] {scheduler_job.py:633} INFO - Processing file /home/airflow/airflow/dags/get_Data_Diseases.py for tasks to queue
[2021-07-02 15:59:12,155] {logging_mixin.py:104} INFO - [2021-07-02 15:59:12,155] {dagbag.py:487} INFO - Filling up the DagBag from /home/airflow/airflow/dags/get_Data_Diseases.py
[2021-07-02 15:59:13,138] {scheduler_job.py:643} INFO - DAG(s) dict_keys(['get_diseases']) retrieved from /home/airflow/airflow/dags/get_Data_Diseases.py
[2021-07-02 15:59:13,177] {logging_mixin.py:104} INFO - [2021-07-02 15:59:13,177] {dag.py:1832} INFO - Sync 1 DAGs
[2021-07-02 15:59:13,206] {logging_mixin.py:104} INFO - [2021-07-02 15:59:13,206] {dag.py:2305} INFO - Setting next_dagrun for get_diseases to 2021-07-02 00:00:00+00:00
[2021-07-02 15:59:13,235] {scheduler_job.py:190} INFO - Processing /home/airflow/airflow/dags/get_Data_Diseases.py took 1.089 seconds
[2021-07-02 15:59:43,402] {scheduler_job.py:182} INFO - Started process (PID=18948) to work on /home/airflow/airflow/dags/get_Data_Diseases.py
[2021-07-02 15:59:43,409] {scheduler_job.py:633} INFO - Processing file /home/airflow/airflow/dags/get_Data_Diseases.py for tasks to queue
[2021-07-02 15:59:43,413] {logging_mixin.py:104} INFO - [2021-07-02 15:59:43,412] {dagbag.py:487} INFO - Filling up the DagBag from /home/airflow/airflow/dags/get_Data_Diseases.py
[2021-07-02 15:59:44,607] {scheduler_job.py:643} INFO - DAG(s) dict_keys(['get_diseases']) retrieved from /home/airflow/airflow/dags/get_Data_Diseases.py
[2021-07-02 15:59:44,642] {logging_mixin.py:104} INFO - [2021-07-02 15:59:44,641] {dag.py:1832} INFO - Sync 1 DAGs
[2021-07-02 15:59:44,676] {logging_mixin.py:104} INFO - [2021-07-02 15:59:44,676] {dag.py:2305} INFO - Setting next_dagrun for get_diseases to 2021-07-02 00:00:00+00:00
[2021-07-02 15:59:44,689] {scheduler_job.py:190} INFO - Processing /home/airflow/airflow/dags/get_Data_Diseases.py took 1.295 seconds
[2021-07-02 16:00:15,062] {scheduler_job.py:182} INFO - Started process (PID=19015) to work on /home/airflow/airflow/dags/get_Data_Diseases.py
[2021-07-02 16:00:15,096] {scheduler_job.py:633} INFO - Processing file /home/airflow/airflow/dags/get_Data_Diseases.py for tasks to queue
[2021-07-02 16:00:15,110] {logging_mixin.py:104} INFO - [2021-07-02 16:00:15,109] {dagbag.py:487} INFO - Filling up the DagBag from /home/airflow/airflow/dags/get_Data_Diseases.py
[2021-07-02 16:00:16,528] {scheduler_job.py:643} INFO - DAG(s) dict_keys(['get_diseases']) retrieved from /home/airflow/airflow/dags/get_Data_Diseases.py
[2021-07-02 16:00:16,633] {logging_mixin.py:104} INFO - [2021-07-02 16:00:16,631] {dag.py:1832} INFO - Sync 1 DAGs
[2021-07-02 16:00:16,668] {logging_mixin.py:104} INFO - [2021-07-02 16:00:16,668] {dag.py:2305} INFO - Setting next_dagrun for get_diseases to 2021-07-02 00:00:00+00:00
[2021-07-02 16:00:16,688] {scheduler_job.py:190} INFO - Processing /home/airflow/airflow/dags/get_Data_Diseases.py took 1.658 seconds
[2021-07-02 16:00:46,824] {scheduler_job.py:182} INFO - Started process (PID=19084) to work on /home/airflow/airflow/dags/get_Data_Diseases.py
[2021-07-02 16:00:46,826] {scheduler_job.py:633} INFO - Processing file /home/airflow/airflow/dags/get_Data_Diseases.py for tasks to queue
[2021-07-02 16:00:46,827] {logging_mixin.py:104} INFO - [2021-07-02 16:00:46,827] {dagbag.py:487} INFO - Filling up the DagBag from /home/airflow/airflow/dags/get_Data_Diseases.py
[2021-07-02 16:00:47,915] {scheduler_job.py:643} INFO - DAG(s) dict_keys(['get_diseases']) retrieved from /home/airflow/airflow/dags/get_Data_Diseases.py
[2021-07-02 16:00:47,991] {logging_mixin.py:104} INFO - [2021-07-02 16:00:47,990] {dag.py:1832} INFO - Sync 1 DAGs
[2021-07-02 16:00:48,029] {logging_mixin.py:104} INFO - [2021-07-02 16:00:48,028] {dag.py:2305} INFO - Setting next_dagrun for get_diseases to 2021-07-02 00:00:00+00:00
[2021-07-02 16:00:48,040] {scheduler_job.py:190} INFO - Processing /home/airflow/airflow/dags/get_Data_Diseases.py took 1.228 seconds
