[2021-06-25 09:17:36,424] {taskinstance.py:876} INFO - Dependencies all met for <TaskInstance: parallel_dag.task_1 2020-02-26T00:00:00+00:00 [queued]>
[2021-06-25 09:17:36,781] {taskinstance.py:876} INFO - Dependencies all met for <TaskInstance: parallel_dag.task_1 2020-02-26T00:00:00+00:00 [queued]>
[2021-06-25 09:17:36,783] {taskinstance.py:1067} INFO - 
--------------------------------------------------------------------------------
[2021-06-25 09:17:36,800] {taskinstance.py:1068} INFO - Starting attempt 1 of 1
[2021-06-25 09:17:36,801] {taskinstance.py:1069} INFO - 
--------------------------------------------------------------------------------
[2021-06-25 09:17:37,129] {taskinstance.py:1087} INFO - Executing <Task(BashOperator): task_1> on 2020-02-26T00:00:00+00:00
[2021-06-25 09:17:37,227] {standard_task_runner.py:52} INFO - Started process 5193 to run task
[2021-06-25 09:17:37,369] {standard_task_runner.py:76} INFO - Running: ['airflow', 'tasks', 'run', 'parallel_dag', 'task_1', '2020-02-26T00:00:00+00:00', '--job-id', '215', '--pool', 'default_pool', '--raw', '--subdir', 'DAGS_FOLDER/parallel_dag.py', '--cfg-path', '/tmp/tmpjj31_f17', '--error-file', '/tmp/tmp9yoyiyml']
[2021-06-25 09:17:37,370] {standard_task_runner.py:77} INFO - Job 215: Subtask task_1
[2021-06-25 09:17:38,145] {logging_mixin.py:104} INFO - Running <TaskInstance: parallel_dag.task_1 2020-02-26T00:00:00+00:00 [running]> on host airflowvm
[2021-06-25 09:17:38,909] {taskinstance.py:1280} INFO - Exporting the following env vars:
AIRFLOW_CTX_DAG_OWNER=airflow
AIRFLOW_CTX_DAG_ID=parallel_dag
AIRFLOW_CTX_TASK_ID=task_1
AIRFLOW_CTX_EXECUTION_DATE=2020-02-26T00:00:00+00:00
AIRFLOW_CTX_DAG_RUN_ID=scheduled__2020-02-26T00:00:00+00:00
[2021-06-25 09:17:38,910] {subprocess.py:52} INFO - Tmp dir root location: 
 /tmp
[2021-06-25 09:17:38,912] {subprocess.py:63} INFO - Running command: ['bash', '-c', 'sleep 3']
[2021-06-25 09:17:39,159] {subprocess.py:75} INFO - Output:
[2021-06-25 09:17:42,204] {subprocess.py:83} INFO - Command exited with return code 0
[2021-06-25 09:17:42,649] {taskinstance.py:1184} INFO - Marking task as SUCCESS. dag_id=parallel_dag, task_id=task_1, execution_date=20200226T000000, start_date=20210625T091736, end_date=20210625T091742
[2021-06-25 09:17:43,542] {taskinstance.py:1245} INFO - 2 downstream tasks scheduled from follow-on schedule check
[2021-06-25 09:17:43,585] {local_task_job.py:151} INFO - Task exited with return code 0
