[2021-06-30 14:59:02,835] {taskinstance.py:876} INFO - Dependencies all met for <TaskInstance: user_processing_v2.processing_user_1 2021-06-30T14:29:12.044488+00:00 [queued]>
[2021-06-30 14:59:02,881] {taskinstance.py:876} INFO - Dependencies all met for <TaskInstance: user_processing_v2.processing_user_1 2021-06-30T14:29:12.044488+00:00 [queued]>
[2021-06-30 14:59:02,882] {taskinstance.py:1067} INFO - 
--------------------------------------------------------------------------------
[2021-06-30 14:59:02,883] {taskinstance.py:1068} INFO - Starting attempt 3 of 3
[2021-06-30 14:59:02,883] {taskinstance.py:1069} INFO - 
--------------------------------------------------------------------------------
[2021-06-30 14:59:02,905] {taskinstance.py:1087} INFO - Executing <Task(PythonOperator): processing_user_1> on 2021-06-30T14:29:12.044488+00:00
[2021-06-30 14:59:02,911] {standard_task_runner.py:52} INFO - Started process 8717 to run task
[2021-06-30 14:59:02,917] {standard_task_runner.py:76} INFO - Running: ['airflow', 'tasks', 'run', 'user_processing_v2', 'processing_user_1', '2021-06-30T14:29:12.044488+00:00', '--job-id', '875', '--pool', 'default_pool', '--raw', '--subdir', 'DAGS_FOLDER/user_processing_v2.py', '--cfg-path', '/tmp/tmp_ra2gt5y', '--error-file', '/tmp/tmphjs8k90c']
[2021-06-30 14:59:02,919] {standard_task_runner.py:77} INFO - Job 875: Subtask processing_user_1
[2021-06-30 14:59:03,016] {logging_mixin.py:104} INFO - Running <TaskInstance: user_processing_v2.processing_user_1 2021-06-30T14:29:12.044488+00:00 [running]> on host airflowvm
[2021-06-30 14:59:03,147] {taskinstance.py:1280} INFO - Exporting the following env vars:
AIRFLOW_CTX_DAG_OWNER=airflow
AIRFLOW_CTX_DAG_ID=user_processing_v2
AIRFLOW_CTX_TASK_ID=processing_user_1
AIRFLOW_CTX_EXECUTION_DATE=2021-06-30T14:29:12.044488+00:00
AIRFLOW_CTX_DAG_RUN_ID=manual__2021-06-30T14:29:12.044488+00:00
[2021-06-30 14:59:03,174] {python.py:151} INFO - Done. Returned value was: {"first_name":{"0":"Julia"},"last_name":{"0":"Rautio"},"country":{"0":"Finland"},"username":{"0":"purplecat642"},"password":{"0":"qwaszx"},"email":{"0":"julia.rautio@example.com"}}
[2021-06-30 14:59:03,220] {taskinstance.py:1184} INFO - Marking task as SUCCESS. dag_id=user_processing_v2, task_id=processing_user_1, execution_date=20210630T142912, start_date=20210630T145902, end_date=20210630T145903
[2021-06-30 14:59:03,281] {taskinstance.py:1245} INFO - 0 downstream tasks scheduled from follow-on schedule check
[2021-06-30 14:59:03,333] {local_task_job.py:151} INFO - Task exited with return code 0
