[2021-07-01 08:49:14,778] {taskinstance.py:876} INFO - Dependencies all met for <TaskInstance: user_processing_v2.processing_user_1 2021-06-30T14:29:12.044488+00:00 [queued]>
[2021-07-01 08:49:14,911] {taskinstance.py:876} INFO - Dependencies all met for <TaskInstance: user_processing_v2.processing_user_1 2021-06-30T14:29:12.044488+00:00 [queued]>
[2021-07-01 08:49:14,911] {taskinstance.py:1067} INFO - 
--------------------------------------------------------------------------------
[2021-07-01 08:49:14,911] {taskinstance.py:1068} INFO - Starting attempt 6 of 6
[2021-07-01 08:49:14,913] {taskinstance.py:1069} INFO - 
--------------------------------------------------------------------------------
[2021-07-01 08:49:14,966] {taskinstance.py:1087} INFO - Executing <Task(PythonOperator): processing_user_1> on 2021-06-30T14:29:12.044488+00:00
[2021-07-01 08:49:14,985] {standard_task_runner.py:52} INFO - Started process 31295 to run task
[2021-07-01 08:49:15,006] {standard_task_runner.py:76} INFO - Running: ['airflow', 'tasks', 'run', 'user_processing_v2', 'processing_user_1', '2021-06-30T14:29:12.044488+00:00', '--job-id', '928', '--pool', 'default_pool', '--raw', '--subdir', 'DAGS_FOLDER/user_processing_v2.py', '--cfg-path', '/tmp/tmpnz7z5ekd', '--error-file', '/tmp/tmp0v9hhyw9']
[2021-07-01 08:49:15,009] {standard_task_runner.py:77} INFO - Job 928: Subtask processing_user_1
[2021-07-01 08:49:15,320] {logging_mixin.py:104} INFO - Running <TaskInstance: user_processing_v2.processing_user_1 2021-06-30T14:29:12.044488+00:00 [running]> on host airflowvm
[2021-07-01 08:49:16,051] {taskinstance.py:1280} INFO - Exporting the following env vars:
AIRFLOW_CTX_DAG_OWNER=airflow
AIRFLOW_CTX_DAG_ID=user_processing_v2
AIRFLOW_CTX_TASK_ID=processing_user_1
AIRFLOW_CTX_EXECUTION_DATE=2021-06-30T14:29:12.044488+00:00
AIRFLOW_CTX_DAG_RUN_ID=manual__2021-06-30T14:29:12.044488+00:00
[2021-07-01 08:49:16,131] {python.py:151} INFO - Done. Returned value was: [{"first_name":"Louka","last_name":"Rolland","country":"France","username":"lazyleopard815","password":"young","email":"louka.rolland@example.com"}]
[2021-07-01 08:49:16,355] {taskinstance.py:1184} INFO - Marking task as SUCCESS. dag_id=user_processing_v2, task_id=processing_user_1, execution_date=20210630T142912, start_date=20210701T084914, end_date=20210701T084916
[2021-07-01 08:49:16,473] {taskinstance.py:1245} INFO - 0 downstream tasks scheduled from follow-on schedule check
[2021-07-01 08:49:16,500] {local_task_job.py:151} INFO - Task exited with return code 0
