[2021-06-28 08:31:07,250] {taskinstance.py:876} INFO - Dependencies all met for <TaskInstance: trigger_rule.task_1 2021-06-27T00:00:00+00:00 [queued]>
[2021-06-28 08:31:07,291] {taskinstance.py:876} INFO - Dependencies all met for <TaskInstance: trigger_rule.task_1 2021-06-27T00:00:00+00:00 [queued]>
[2021-06-28 08:31:07,292] {taskinstance.py:1067} INFO - 
--------------------------------------------------------------------------------
[2021-06-28 08:31:07,292] {taskinstance.py:1068} INFO - Starting attempt 1 of 1
[2021-06-28 08:31:07,295] {taskinstance.py:1069} INFO - 
--------------------------------------------------------------------------------
[2021-06-28 08:31:07,327] {taskinstance.py:1087} INFO - Executing <Task(BashOperator): task_1> on 2021-06-27T00:00:00+00:00
[2021-06-28 08:31:07,330] {standard_task_runner.py:52} INFO - Started process 2661 to run task
[2021-06-28 08:31:07,362] {standard_task_runner.py:76} INFO - Running: ['airflow', 'tasks', 'run', 'trigger_rule', 'task_1', '2021-06-27T00:00:00+00:00', '--job-id', '470', '--pool', 'default_pool', '--raw', '--subdir', 'DAGS_FOLDER/trigger_rule.py', '--cfg-path', '/tmp/tmp1bc0vvsx', '--error-file', '/tmp/tmpylb4rbwj']
[2021-06-28 08:31:07,363] {standard_task_runner.py:77} INFO - Job 470: Subtask task_1
[2021-06-28 08:31:07,526] {logging_mixin.py:104} INFO - Running <TaskInstance: trigger_rule.task_1 2021-06-27T00:00:00+00:00 [running]> on host airflowvm
[2021-06-28 08:31:07,800] {taskinstance.py:1280} INFO - Exporting the following env vars:
AIRFLOW_CTX_DAG_OWNER=airflow
AIRFLOW_CTX_DAG_ID=trigger_rule
AIRFLOW_CTX_TASK_ID=task_1
AIRFLOW_CTX_EXECUTION_DATE=2021-06-27T00:00:00+00:00
AIRFLOW_CTX_DAG_RUN_ID=scheduled__2021-06-27T00:00:00+00:00
[2021-06-28 08:31:07,801] {subprocess.py:52} INFO - Tmp dir root location: 
 /tmp
[2021-06-28 08:31:07,801] {subprocess.py:63} INFO - Running command: ['bash', '-c', 'exit 0']
[2021-06-28 08:31:07,817] {subprocess.py:75} INFO - Output:
[2021-06-28 08:31:07,822] {subprocess.py:83} INFO - Command exited with return code 0
[2021-06-28 08:31:07,867] {taskinstance.py:1184} INFO - Marking task as SUCCESS. dag_id=trigger_rule, task_id=task_1, execution_date=20210627T000000, start_date=20210628T083107, end_date=20210628T083107
[2021-06-28 08:31:07,996] {taskinstance.py:1245} INFO - 0 downstream tasks scheduled from follow-on schedule check
[2021-06-28 08:31:08,041] {local_task_job.py:151} INFO - Task exited with return code 0
