[2021-06-24 16:20:52,733] {taskinstance.py:876} INFO - Dependencies all met for <TaskInstance: parallel_dag.task_3 2020-01-02T00:00:00+00:00 [queued]>
[2021-06-24 16:20:52,743] {taskinstance.py:876} INFO - Dependencies all met for <TaskInstance: parallel_dag.task_3 2020-01-02T00:00:00+00:00 [queued]>
[2021-06-24 16:20:52,744] {taskinstance.py:1067} INFO - 
--------------------------------------------------------------------------------
[2021-06-24 16:20:52,744] {taskinstance.py:1068} INFO - Starting attempt 1 of 1
[2021-06-24 16:20:52,744] {taskinstance.py:1069} INFO - 
--------------------------------------------------------------------------------
[2021-06-24 16:20:52,770] {taskinstance.py:1087} INFO - Executing <Task(BashOperator): task_3> on 2020-01-02T00:00:00+00:00
[2021-06-24 16:20:52,773] {standard_task_runner.py:52} INFO - Started process 1965 to run task
[2021-06-24 16:20:52,780] {standard_task_runner.py:76} INFO - Running: ['airflow', 'tasks', 'run', 'parallel_dag', 'task_3', '2020-01-02T00:00:00+00:00', '--job-id', '48', '--pool', 'default_pool', '--raw', '--subdir', 'DAGS_FOLDER/parallel_dag.py', '--cfg-path', '/tmp/tmphr_fcyxa', '--error-file', '/tmp/tmpb6m9ico5']
[2021-06-24 16:20:52,781] {standard_task_runner.py:77} INFO - Job 48: Subtask task_3
[2021-06-24 16:20:52,880] {logging_mixin.py:104} INFO - Running <TaskInstance: parallel_dag.task_3 2020-01-02T00:00:00+00:00 [running]> on host airflowvm
[2021-06-24 16:20:52,948] {taskinstance.py:1280} INFO - Exporting the following env vars:
AIRFLOW_CTX_DAG_OWNER=airflow
AIRFLOW_CTX_DAG_ID=parallel_dag
AIRFLOW_CTX_TASK_ID=task_3
AIRFLOW_CTX_EXECUTION_DATE=2020-01-02T00:00:00+00:00
AIRFLOW_CTX_DAG_RUN_ID=scheduled__2020-01-02T00:00:00+00:00
[2021-06-24 16:20:52,949] {subprocess.py:52} INFO - Tmp dir root location: 
 /tmp
[2021-06-24 16:20:52,949] {subprocess.py:63} INFO - Running command: ['bash', '-c', 'sleep 3']
[2021-06-24 16:20:52,955] {subprocess.py:75} INFO - Output:
[2021-06-24 16:20:55,960] {subprocess.py:83} INFO - Command exited with return code 0
[2021-06-24 16:20:55,994] {taskinstance.py:1184} INFO - Marking task as SUCCESS. dag_id=parallel_dag, task_id=task_3, execution_date=20200102T000000, start_date=20210624T162052, end_date=20210624T162055
[2021-06-24 16:20:56,030] {taskinstance.py:1245} INFO - 1 downstream tasks scheduled from follow-on schedule check
[2021-06-24 16:20:56,065] {local_task_job.py:151} INFO - Task exited with return code 0
[2021-06-24 17:03:44,660] {taskinstance.py:876} INFO - Dependencies all met for <TaskInstance: parallel_dag.task_3 2020-01-02T00:00:00+00:00 [queued]>
[2021-06-24 17:03:45,414] {taskinstance.py:876} INFO - Dependencies all met for <TaskInstance: parallel_dag.task_3 2020-01-02T00:00:00+00:00 [queued]>
[2021-06-24 17:03:45,462] {taskinstance.py:1067} INFO - 
--------------------------------------------------------------------------------
[2021-06-24 17:03:45,462] {taskinstance.py:1068} INFO - Starting attempt 1 of 1
[2021-06-24 17:03:45,463] {taskinstance.py:1069} INFO - 
--------------------------------------------------------------------------------
[2021-06-24 17:03:45,977] {taskinstance.py:1087} INFO - Executing <Task(BashOperator): task_3> on 2020-01-02T00:00:00+00:00
[2021-06-24 17:03:46,091] {standard_task_runner.py:52} INFO - Started process 8916 to run task
[2021-06-24 17:03:46,337] {standard_task_runner.py:76} INFO - Running: ['airflow', 'tasks', 'run', 'parallel_dag', 'task_3', '2020-01-02T00:00:00+00:00', '--job-id', '13', '--pool', 'default_pool', '--raw', '--subdir', 'DAGS_FOLDER/parallel_dag.py', '--cfg-path', '/tmp/tmpkg1a6kkh', '--error-file', '/tmp/tmprhhr66hv']
[2021-06-24 17:03:46,386] {standard_task_runner.py:77} INFO - Job 13: Subtask task_3
[2021-06-24 17:03:48,477] {logging_mixin.py:104} INFO - Running <TaskInstance: parallel_dag.task_3 2020-01-02T00:00:00+00:00 [running]> on host airflowvm
[2021-06-24 17:03:50,362] {taskinstance.py:1280} INFO - Exporting the following env vars:
AIRFLOW_CTX_DAG_OWNER=airflow
AIRFLOW_CTX_DAG_ID=parallel_dag
AIRFLOW_CTX_TASK_ID=task_3
AIRFLOW_CTX_EXECUTION_DATE=2020-01-02T00:00:00+00:00
AIRFLOW_CTX_DAG_RUN_ID=scheduled__2020-01-02T00:00:00+00:00
[2021-06-24 17:03:50,394] {subprocess.py:52} INFO - Tmp dir root location: 
 /tmp
[2021-06-24 17:03:50,395] {subprocess.py:63} INFO - Running command: ['bash', '-c', 'sleep 3']
[2021-06-24 17:03:50,730] {subprocess.py:75} INFO - Output:
[2021-06-24 17:03:53,823] {subprocess.py:83} INFO - Command exited with return code 0
[2021-06-24 17:03:54,515] {taskinstance.py:1184} INFO - Marking task as SUCCESS. dag_id=parallel_dag, task_id=task_3, execution_date=20200102T000000, start_date=20210624T170344, end_date=20210624T170354
[2021-06-24 17:03:55,542] {taskinstance.py:1245} INFO - 0 downstream tasks scheduled from follow-on schedule check
[2021-06-24 17:03:55,709] {local_task_job.py:151} INFO - Task exited with return code 0
