[2021-06-30 08:08:53,820] {taskinstance.py:876} INFO - Dependencies all met for <TaskInstance: open_aq.is_API_available 2021-06-29T00:00:00+00:00 [queued]>
[2021-06-30 08:08:53,868] {taskinstance.py:876} INFO - Dependencies all met for <TaskInstance: open_aq.is_API_available 2021-06-29T00:00:00+00:00 [queued]>
[2021-06-30 08:08:53,868] {taskinstance.py:1067} INFO - 
--------------------------------------------------------------------------------
[2021-06-30 08:08:53,869] {taskinstance.py:1068} INFO - Starting attempt 1 of 1
[2021-06-30 08:08:53,869] {taskinstance.py:1069} INFO - 
--------------------------------------------------------------------------------
[2021-06-30 08:08:53,891] {taskinstance.py:1087} INFO - Executing <Task(HttpSensor): is_API_available> on 2021-06-29T00:00:00+00:00
[2021-06-30 08:08:53,895] {standard_task_runner.py:52} INFO - Started process 2469 to run task
[2021-06-30 08:08:53,907] {standard_task_runner.py:76} INFO - Running: ['airflow', 'tasks', 'run', 'open_aq', 'is_API_available', '2021-06-29T00:00:00+00:00', '--job-id', '744', '--pool', 'default_pool', '--raw', '--subdir', 'DAGS_FOLDER/open_aq.py', '--cfg-path', '/tmp/tmpwgmldfoh', '--error-file', '/tmp/tmpdxcfgozp']
[2021-06-30 08:08:53,908] {standard_task_runner.py:77} INFO - Job 744: Subtask is_API_available
[2021-06-30 08:08:54,070] {logging_mixin.py:104} INFO - Running <TaskInstance: open_aq.is_API_available 2021-06-29T00:00:00+00:00 [running]> on host airflowvm
[2021-06-30 08:08:54,251] {taskinstance.py:1280} INFO - Exporting the following env vars:
AIRFLOW_CTX_DAG_OWNER=airflow
AIRFLOW_CTX_DAG_ID=open_aq
AIRFLOW_CTX_TASK_ID=is_API_available
AIRFLOW_CTX_EXECUTION_DATE=2021-06-29T00:00:00+00:00
AIRFLOW_CTX_DAG_RUN_ID=scheduled__2021-06-29T00:00:00+00:00
[2021-06-30 08:08:54,252] {http.py:101} INFO - Poking: v2/cities
[2021-06-30 08:08:54,294] {base.py:69} INFO - Using connection to: id: open_aq_api. Host: https://u50g7n0cbj.execute-api.us-east-1.amazonaws.com/, Port: None, Schema: , Login: , Password: None, extra: {}
[2021-06-30 08:08:54,300] {http.py:140} INFO - Sending 'GET' to url: https://u50g7n0cbj.execute-api.us-east-1.amazonaws.com/v2/cities
[2021-06-30 08:08:54,893] {base.py:243} INFO - Success criteria met. Exiting.
[2021-06-30 08:08:54,939] {taskinstance.py:1184} INFO - Marking task as SUCCESS. dag_id=open_aq, task_id=is_API_available, execution_date=20210629T000000, start_date=20210630T080853, end_date=20210630T080854
[2021-06-30 08:08:55,052] {taskinstance.py:1245} INFO - 1 downstream tasks scheduled from follow-on schedule check
[2021-06-30 08:08:55,084] {local_task_job.py:151} INFO - Task exited with return code 0
