[2021-06-25 09:18:57,513] {taskinstance.py:876} INFO - Dependencies all met for <TaskInstance: parallel_dag.task_3 2020-03-09T00:00:00+00:00 [queued]>
[2021-06-25 09:18:57,741] {taskinstance.py:876} INFO - Dependencies all met for <TaskInstance: parallel_dag.task_3 2020-03-09T00:00:00+00:00 [queued]>
[2021-06-25 09:18:57,742] {taskinstance.py:1067} INFO - 
--------------------------------------------------------------------------------
[2021-06-25 09:18:57,743] {taskinstance.py:1068} INFO - Starting attempt 1 of 1
[2021-06-25 09:18:57,744] {taskinstance.py:1069} INFO - 
--------------------------------------------------------------------------------
[2021-06-25 09:18:57,933] {taskinstance.py:1087} INFO - Executing <Task(BashOperator): task_3> on 2020-03-09T00:00:00+00:00
[2021-06-25 09:18:58,013] {standard_task_runner.py:52} INFO - Started process 7538 to run task
[2021-06-25 09:18:58,058] {standard_task_runner.py:76} INFO - Running: ['airflow', 'tasks', 'run', 'parallel_dag', 'task_3', '2020-03-09T00:00:00+00:00', '--job-id', '286', '--pool', 'default_pool', '--raw', '--subdir', 'DAGS_FOLDER/parallel_dag.py', '--cfg-path', '/tmp/tmp89a3uqkq', '--error-file', '/tmp/tmptokaq5yd']
[2021-06-25 09:18:58,059] {standard_task_runner.py:77} INFO - Job 286: Subtask task_3
[2021-06-25 09:18:58,717] {logging_mixin.py:104} INFO - Running <TaskInstance: parallel_dag.task_3 2020-03-09T00:00:00+00:00 [running]> on host airflowvm
[2021-06-25 09:18:59,377] {taskinstance.py:1280} INFO - Exporting the following env vars:
AIRFLOW_CTX_DAG_OWNER=airflow
AIRFLOW_CTX_DAG_ID=parallel_dag
AIRFLOW_CTX_TASK_ID=task_3
AIRFLOW_CTX_EXECUTION_DATE=2020-03-09T00:00:00+00:00
AIRFLOW_CTX_DAG_RUN_ID=scheduled__2020-03-09T00:00:00+00:00
[2021-06-25 09:18:59,378] {subprocess.py:52} INFO - Tmp dir root location: 
 /tmp
[2021-06-25 09:18:59,408] {subprocess.py:63} INFO - Running command: ['bash', '-c', 'sleep 3']
[2021-06-25 09:18:59,561] {subprocess.py:75} INFO - Output:
[2021-06-25 09:19:02,583] {subprocess.py:83} INFO - Command exited with return code 0
[2021-06-25 09:19:03,344] {taskinstance.py:1184} INFO - Marking task as SUCCESS. dag_id=parallel_dag, task_id=task_3, execution_date=20200309T000000, start_date=20210625T091857, end_date=20210625T091903
[2021-06-25 09:19:04,073] {local_task_job.py:196} WARNING - State of this instance has been externally set to success. Terminating instance.
[2021-06-25 09:19:04,421] {process_utils.py:100} INFO - Sending Signals.SIGTERM to GPID 7538
[2021-06-25 09:19:04,444] {taskinstance.py:1264} ERROR - Received SIGTERM. Terminating subprocesses.
[2021-06-25 09:19:04,445] {subprocess.py:89} INFO - Sending SIGTERM signal to process group
[2021-06-25 09:19:04,720] {process_utils.py:66} INFO - Process psutil.Process(pid=7538, status='terminated', exitcode=1, started='09:18:57') (7538) terminated with exit code 1
