[2021-06-25 14:45:57,970] {taskinstance.py:876} INFO - Dependencies all met for <TaskInstance: xcom_dag.processing_tasks.training_model_a 2021-06-25T14:45:50.850673+00:00 [queued]>
[2021-06-25 14:45:58,015] {taskinstance.py:876} INFO - Dependencies all met for <TaskInstance: xcom_dag.processing_tasks.training_model_a 2021-06-25T14:45:50.850673+00:00 [queued]>
[2021-06-25 14:45:58,016] {taskinstance.py:1067} INFO - 
--------------------------------------------------------------------------------
[2021-06-25 14:45:58,016] {taskinstance.py:1068} INFO - Starting attempt 1 of 1
[2021-06-25 14:45:58,017] {taskinstance.py:1069} INFO - 
--------------------------------------------------------------------------------
[2021-06-25 14:45:58,068] {taskinstance.py:1087} INFO - Executing <Task(PythonOperator): processing_tasks.training_model_a> on 2021-06-25T14:45:50.850673+00:00
[2021-06-25 14:45:58,077] {standard_task_runner.py:52} INFO - Started process 7915 to run task
[2021-06-25 14:45:58,086] {standard_task_runner.py:76} INFO - Running: ['airflow', 'tasks', 'run', 'xcom_dag', 'processing_tasks.training_model_a', '2021-06-25T14:45:50.850673+00:00', '--job-id', '443', '--pool', 'default_pool', '--raw', '--subdir', 'DAGS_FOLDER/xcom_dag.py', '--cfg-path', '/tmp/tmp_jru1dmu', '--error-file', '/tmp/tmprn__p_mx']
[2021-06-25 14:45:58,102] {standard_task_runner.py:77} INFO - Job 443: Subtask processing_tasks.training_model_a
[2021-06-25 14:45:58,335] {logging_mixin.py:104} INFO - Running <TaskInstance: xcom_dag.processing_tasks.training_model_a 2021-06-25T14:45:50.850673+00:00 [running]> on host airflowvm
[2021-06-25 14:45:58,712] {taskinstance.py:1280} INFO - Exporting the following env vars:
AIRFLOW_CTX_DAG_OWNER=airflow
AIRFLOW_CTX_DAG_ID=xcom_dag
AIRFLOW_CTX_TASK_ID=processing_tasks.training_model_a
AIRFLOW_CTX_EXECUTION_DATE=2021-06-25T14:45:50.850673+00:00
AIRFLOW_CTX_DAG_RUN_ID=manual__2021-06-25T14:45:50.850673+00:00
[2021-06-25 14:45:58,714] {logging_mixin.py:104} INFO - model's accuracy: 0.09192598895827853
[2021-06-25 14:45:58,830] {python.py:151} INFO - Done. Returned value was: None
[2021-06-25 14:45:58,951] {taskinstance.py:1184} INFO - Marking task as SUCCESS. dag_id=xcom_dag, task_id=processing_tasks.training_model_a, execution_date=20210625T144550, start_date=20210625T144557, end_date=20210625T144558
[2021-06-25 14:45:59,164] {taskinstance.py:1245} INFO - 0 downstream tasks scheduled from follow-on schedule check
[2021-06-25 14:45:59,203] {local_task_job.py:151} INFO - Task exited with return code 0
