[2021-06-24 17:05:51,399] {taskinstance.py:876} INFO - Dependencies all met for <TaskInstance: parallel_dag.task_2 2020-01-26T00:00:00+00:00 [queued]>
[2021-06-24 17:05:51,530] {taskinstance.py:876} INFO - Dependencies all met for <TaskInstance: parallel_dag.task_2 2020-01-26T00:00:00+00:00 [queued]>
[2021-06-24 17:05:51,567] {taskinstance.py:1067} INFO - 
--------------------------------------------------------------------------------
[2021-06-24 17:05:51,568] {taskinstance.py:1068} INFO - Starting attempt 1 of 1
[2021-06-24 17:05:51,575] {taskinstance.py:1069} INFO - 
--------------------------------------------------------------------------------
[2021-06-24 17:05:51,728] {taskinstance.py:1087} INFO - Executing <Task(BashOperator): task_2> on 2020-01-26T00:00:00+00:00
[2021-06-24 17:05:51,751] {standard_task_runner.py:52} INFO - Started process 11792 to run task
[2021-06-24 17:05:51,834] {standard_task_runner.py:76} INFO - Running: ['airflow', 'tasks', 'run', 'parallel_dag', 'task_2', '2020-01-26T00:00:00+00:00', '--job-id', '97', '--pool', 'default_pool', '--raw', '--subdir', 'DAGS_FOLDER/parallel_dag.py', '--cfg-path', '/tmp/tmpzuz065bl', '--error-file', '/tmp/tmprak0jxgp']
[2021-06-24 17:05:51,835] {standard_task_runner.py:77} INFO - Job 97: Subtask task_2
[2021-06-24 17:05:52,847] {logging_mixin.py:104} INFO - Running <TaskInstance: parallel_dag.task_2 2020-01-26T00:00:00+00:00 [running]> on host airflowvm
[2021-06-24 17:05:54,020] {taskinstance.py:1280} INFO - Exporting the following env vars:
AIRFLOW_CTX_DAG_OWNER=airflow
AIRFLOW_CTX_DAG_ID=parallel_dag
AIRFLOW_CTX_TASK_ID=task_2
AIRFLOW_CTX_EXECUTION_DATE=2020-01-26T00:00:00+00:00
AIRFLOW_CTX_DAG_RUN_ID=scheduled__2020-01-26T00:00:00+00:00
[2021-06-24 17:05:54,040] {subprocess.py:52} INFO - Tmp dir root location: 
 /tmp
[2021-06-24 17:05:54,075] {subprocess.py:63} INFO - Running command: ['bash', '-c', 'sleep 3']
[2021-06-24 17:05:54,153] {subprocess.py:75} INFO - Output:
[2021-06-24 17:05:57,279] {subprocess.py:83} INFO - Command exited with return code 0
[2021-06-24 17:05:57,730] {taskinstance.py:1184} INFO - Marking task as SUCCESS. dag_id=parallel_dag, task_id=task_2, execution_date=20200126T000000, start_date=20210624T170551, end_date=20210624T170557
[2021-06-24 17:06:00,477] {taskinstance.py:1245} INFO - 0 downstream tasks scheduled from follow-on schedule check
[2021-06-24 17:06:00,571] {local_task_job.py:151} INFO - Task exited with return code 0
