[2021-06-25 09:18:57,736] {taskinstance.py:876} INFO - Dependencies all met for <TaskInstance: parallel_dag.task_2 2020-03-08T00:00:00+00:00 [queued]>
[2021-06-25 09:18:57,925] {taskinstance.py:876} INFO - Dependencies all met for <TaskInstance: parallel_dag.task_2 2020-03-08T00:00:00+00:00 [queued]>
[2021-06-25 09:18:57,925] {taskinstance.py:1067} INFO - 
--------------------------------------------------------------------------------
[2021-06-25 09:18:57,926] {taskinstance.py:1068} INFO - Starting attempt 1 of 1
[2021-06-25 09:18:57,938] {taskinstance.py:1069} INFO - 
--------------------------------------------------------------------------------
[2021-06-25 09:18:58,032] {taskinstance.py:1087} INFO - Executing <Task(BashOperator): task_2> on 2020-03-08T00:00:00+00:00
[2021-06-25 09:18:58,046] {standard_task_runner.py:52} INFO - Started process 7539 to run task
[2021-06-25 09:18:58,179] {standard_task_runner.py:76} INFO - Running: ['airflow', 'tasks', 'run', 'parallel_dag', 'task_2', '2020-03-08T00:00:00+00:00', '--job-id', '287', '--pool', 'default_pool', '--raw', '--subdir', 'DAGS_FOLDER/parallel_dag.py', '--cfg-path', '/tmp/tmpzuy5bgfl', '--error-file', '/tmp/tmpa11tob8b']
[2021-06-25 09:18:58,202] {standard_task_runner.py:77} INFO - Job 287: Subtask task_2
[2021-06-25 09:18:58,848] {logging_mixin.py:104} INFO - Running <TaskInstance: parallel_dag.task_2 2020-03-08T00:00:00+00:00 [running]> on host airflowvm
[2021-06-25 09:18:59,748] {taskinstance.py:1280} INFO - Exporting the following env vars:
AIRFLOW_CTX_DAG_OWNER=airflow
AIRFLOW_CTX_DAG_ID=parallel_dag
AIRFLOW_CTX_TASK_ID=task_2
AIRFLOW_CTX_EXECUTION_DATE=2020-03-08T00:00:00+00:00
AIRFLOW_CTX_DAG_RUN_ID=scheduled__2020-03-08T00:00:00+00:00
[2021-06-25 09:18:59,749] {subprocess.py:52} INFO - Tmp dir root location: 
 /tmp
[2021-06-25 09:18:59,754] {subprocess.py:63} INFO - Running command: ['bash', '-c', 'sleep 3']
[2021-06-25 09:18:59,902] {subprocess.py:75} INFO - Output:
[2021-06-25 09:19:02,935] {subprocess.py:83} INFO - Command exited with return code 0
[2021-06-25 09:19:03,934] {taskinstance.py:1184} INFO - Marking task as SUCCESS. dag_id=parallel_dag, task_id=task_2, execution_date=20200308T000000, start_date=20210625T091857, end_date=20210625T091903
[2021-06-25 09:19:04,844] {taskinstance.py:1245} INFO - 1 downstream tasks scheduled from follow-on schedule check
[2021-06-25 09:19:04,967] {local_task_job.py:151} INFO - Task exited with return code 0
