[2021-06-24 17:06:34,447] {taskinstance.py:876} INFO - Dependencies all met for <TaskInstance: parallel_dag.task_4 2020-02-01T00:00:00+00:00 [queued]>
[2021-06-24 17:06:34,597] {taskinstance.py:876} INFO - Dependencies all met for <TaskInstance: parallel_dag.task_4 2020-02-01T00:00:00+00:00 [queued]>
[2021-06-24 17:06:34,597] {taskinstance.py:1067} INFO - 
--------------------------------------------------------------------------------
[2021-06-24 17:06:34,598] {taskinstance.py:1068} INFO - Starting attempt 1 of 1
[2021-06-24 17:06:34,598] {taskinstance.py:1069} INFO - 
--------------------------------------------------------------------------------
[2021-06-24 17:06:34,734] {taskinstance.py:1087} INFO - Executing <Task(BashOperator): task_4> on 2020-02-01T00:00:00+00:00
[2021-06-24 17:06:34,744] {standard_task_runner.py:52} INFO - Started process 12922 to run task
[2021-06-24 17:06:34,784] {standard_task_runner.py:76} INFO - Running: ['airflow', 'tasks', 'run', 'parallel_dag', 'task_4', '2020-02-01T00:00:00+00:00', '--job-id', '129', '--pool', 'default_pool', '--raw', '--subdir', 'DAGS_FOLDER/parallel_dag.py', '--cfg-path', '/tmp/tmp92dpn4u7', '--error-file', '/tmp/tmpe0jtr9z1']
[2021-06-24 17:06:34,801] {standard_task_runner.py:77} INFO - Job 129: Subtask task_4
[2021-06-24 17:06:35,312] {logging_mixin.py:104} INFO - Running <TaskInstance: parallel_dag.task_4 2020-02-01T00:00:00+00:00 [running]> on host airflowvm
[2021-06-24 17:06:35,638] {taskinstance.py:1280} INFO - Exporting the following env vars:
AIRFLOW_CTX_DAG_OWNER=airflow
AIRFLOW_CTX_DAG_ID=parallel_dag
AIRFLOW_CTX_TASK_ID=task_4
AIRFLOW_CTX_EXECUTION_DATE=2020-02-01T00:00:00+00:00
AIRFLOW_CTX_DAG_RUN_ID=scheduled__2020-02-01T00:00:00+00:00
[2021-06-24 17:06:35,640] {subprocess.py:52} INFO - Tmp dir root location: 
 /tmp
[2021-06-24 17:06:35,642] {subprocess.py:63} INFO - Running command: ['bash', '-c', 'sleep 3']
[2021-06-24 17:06:35,677] {subprocess.py:75} INFO - Output:
[2021-06-24 17:06:38,685] {subprocess.py:83} INFO - Command exited with return code 0
[2021-06-24 17:06:38,853] {taskinstance.py:1184} INFO - Marking task as SUCCESS. dag_id=parallel_dag, task_id=task_4, execution_date=20200201T000000, start_date=20210624T170634, end_date=20210624T170638
[2021-06-24 17:06:39,074] {taskinstance.py:1245} INFO - 0 downstream tasks scheduled from follow-on schedule check
[2021-06-24 17:06:39,109] {local_task_job.py:151} INFO - Task exited with return code 0
