[2021-06-25 09:17:51,148] {taskinstance.py:876} INFO - Dependencies all met for <TaskInstance: parallel_dag.task_2 2020-02-24T00:00:00+00:00 [queued]>
[2021-06-25 09:17:51,356] {taskinstance.py:876} INFO - Dependencies all met for <TaskInstance: parallel_dag.task_2 2020-02-24T00:00:00+00:00 [queued]>
[2021-06-25 09:17:51,356] {taskinstance.py:1067} INFO - 
--------------------------------------------------------------------------------
[2021-06-25 09:17:51,356] {taskinstance.py:1068} INFO - Starting attempt 1 of 1
[2021-06-25 09:17:51,357] {taskinstance.py:1069} INFO - 
--------------------------------------------------------------------------------
[2021-06-25 09:17:51,454] {taskinstance.py:1087} INFO - Executing <Task(BashOperator): task_2> on 2020-02-24T00:00:00+00:00
[2021-06-25 09:17:51,516] {standard_task_runner.py:52} INFO - Started process 5685 to run task
[2021-06-25 09:17:51,568] {standard_task_runner.py:76} INFO - Running: ['airflow', 'tasks', 'run', 'parallel_dag', 'task_2', '2020-02-24T00:00:00+00:00', '--job-id', '231', '--pool', 'default_pool', '--raw', '--subdir', 'DAGS_FOLDER/parallel_dag.py', '--cfg-path', '/tmp/tmp0c06k87p', '--error-file', '/tmp/tmpjgb8vmjp']
[2021-06-25 09:17:51,579] {standard_task_runner.py:77} INFO - Job 231: Subtask task_2
[2021-06-25 09:17:53,046] {logging_mixin.py:104} INFO - Running <TaskInstance: parallel_dag.task_2 2020-02-24T00:00:00+00:00 [running]> on host airflowvm
[2021-06-25 09:17:54,266] {taskinstance.py:1280} INFO - Exporting the following env vars:
AIRFLOW_CTX_DAG_OWNER=airflow
AIRFLOW_CTX_DAG_ID=parallel_dag
AIRFLOW_CTX_TASK_ID=task_2
AIRFLOW_CTX_EXECUTION_DATE=2020-02-24T00:00:00+00:00
AIRFLOW_CTX_DAG_RUN_ID=scheduled__2020-02-24T00:00:00+00:00
[2021-06-25 09:17:54,268] {subprocess.py:52} INFO - Tmp dir root location: 
 /tmp
[2021-06-25 09:17:54,268] {subprocess.py:63} INFO - Running command: ['bash', '-c', 'sleep 3']
[2021-06-25 09:17:54,405] {subprocess.py:75} INFO - Output:
[2021-06-25 09:17:57,442] {subprocess.py:83} INFO - Command exited with return code 0
[2021-06-25 09:17:58,126] {taskinstance.py:1184} INFO - Marking task as SUCCESS. dag_id=parallel_dag, task_id=task_2, execution_date=20200224T000000, start_date=20210625T091751, end_date=20210625T091758
[2021-06-25 09:17:59,097] {taskinstance.py:1245} INFO - 1 downstream tasks scheduled from follow-on schedule check
[2021-06-25 09:17:59,285] {local_task_job.py:151} INFO - Task exited with return code 0
