[2021-06-30 14:29:18,732] {taskinstance.py:876} INFO - Dependencies all met for <TaskInstance: user_processing_v2.creating_table 2021-06-30T14:29:12.044488+00:00 [queued]>
[2021-06-30 14:29:18,847] {taskinstance.py:876} INFO - Dependencies all met for <TaskInstance: user_processing_v2.creating_table 2021-06-30T14:29:12.044488+00:00 [queued]>
[2021-06-30 14:29:18,848] {taskinstance.py:1067} INFO - 
--------------------------------------------------------------------------------
[2021-06-30 14:29:18,849] {taskinstance.py:1068} INFO - Starting attempt 1 of 1
[2021-06-30 14:29:18,849] {taskinstance.py:1069} INFO - 
--------------------------------------------------------------------------------
[2021-06-30 14:29:18,911] {taskinstance.py:1087} INFO - Executing <Task(PostgresOperator): creating_table> on 2021-06-30T14:29:12.044488+00:00
[2021-06-30 14:29:18,925] {standard_task_runner.py:52} INFO - Started process 4408 to run task
[2021-06-30 14:29:19,064] {standard_task_runner.py:76} INFO - Running: ['airflow', 'tasks', 'run', 'user_processing_v2', 'creating_table', '2021-06-30T14:29:12.044488+00:00', '--job-id', '822', '--pool', 'default_pool', '--raw', '--subdir', 'DAGS_FOLDER/user_processing_v2.py', '--cfg-path', '/tmp/tmpo95h9ds6', '--error-file', '/tmp/tmp3pw0277e']
[2021-06-30 14:29:19,096] {standard_task_runner.py:77} INFO - Job 822: Subtask creating_table
[2021-06-30 14:29:19,920] {logging_mixin.py:104} INFO - Running <TaskInstance: user_processing_v2.creating_table 2021-06-30T14:29:12.044488+00:00 [running]> on host airflowvm
[2021-06-30 14:29:20,505] {taskinstance.py:1280} INFO - Exporting the following env vars:
AIRFLOW_CTX_DAG_OWNER=airflow
AIRFLOW_CTX_DAG_ID=user_processing_v2
AIRFLOW_CTX_TASK_ID=creating_table
AIRFLOW_CTX_EXECUTION_DATE=2021-06-30T14:29:12.044488+00:00
AIRFLOW_CTX_DAG_RUN_ID=manual__2021-06-30T14:29:12.044488+00:00
[2021-06-30 14:29:20,515] {postgres.py:68} INFO - Executing:  CREATE TABLE IF NOT EXISTS users (
                                          first_name VARCHAR NOT NULL,
                                          last_name VARCHAR NOT NULL,
                                          country VARCHAR NOT NULL,
                                          username VARCHAR NOT NULL,
                                          password VARCHAR NOT NULL,
                                          email VARCHAR NOT NULL PRIMARY KEY); 
[2021-06-30 14:29:20,572] {base.py:69} INFO - Using connection to: id: ***_default. Host: localhost, Port: 5432, Schema: , Login: ***, Password: ***, extra: {'cursor': 'realdictcursor'}
[2021-06-30 14:29:20,591] {dbapi.py:204} INFO - Running statement:  CREATE TABLE IF NOT EXISTS users (
                                          first_name VARCHAR NOT NULL,
                                          last_name VARCHAR NOT NULL,
                                          country VARCHAR NOT NULL,
                                          username VARCHAR NOT NULL,
                                          password VARCHAR NOT NULL,
                                          email VARCHAR NOT NULL PRIMARY KEY); , parameters: None
[2021-06-30 14:29:20,596] {postgres.py:72} INFO - NOTICE:  relation "users" already exists, skipping

[2021-06-30 14:29:20,678] {taskinstance.py:1184} INFO - Marking task as SUCCESS. dag_id=user_processing_v2, task_id=creating_table, execution_date=20210630T142912, start_date=20210630T142918, end_date=20210630T142920
[2021-06-30 14:29:21,071] {taskinstance.py:1245} INFO - 1 downstream tasks scheduled from follow-on schedule check
[2021-06-30 14:29:21,204] {local_task_job.py:151} INFO - Task exited with return code 0
