[2021-06-24 13:24:06,383] {taskinstance.py:876} INFO - Dependencies all met for <TaskInstance: user_processing.extracting_user 2021-06-23T00:00:00+00:00 [queued]>
[2021-06-24 13:24:06,500] {taskinstance.py:876} INFO - Dependencies all met for <TaskInstance: user_processing.extracting_user 2021-06-23T00:00:00+00:00 [queued]>
[2021-06-24 13:24:06,509] {taskinstance.py:1067} INFO - 
--------------------------------------------------------------------------------
[2021-06-24 13:24:06,510] {taskinstance.py:1068} INFO - Starting attempt 1 of 1
[2021-06-24 13:24:06,510] {taskinstance.py:1069} INFO - 
--------------------------------------------------------------------------------
[2021-06-24 13:24:06,633] {taskinstance.py:1087} INFO - Executing <Task(SimpleHttpOperator): extracting_user> on 2021-06-23T00:00:00+00:00
[2021-06-24 13:24:06,665] {standard_task_runner.py:52} INFO - Started process 2475 to run task
[2021-06-24 13:24:06,730] {standard_task_runner.py:76} INFO - Running: ['airflow', 'tasks', 'run', 'user_processing', 'extracting_user', '2021-06-23T00:00:00+00:00', '--job-id', '16', '--pool', 'default_pool', '--raw', '--subdir', 'DAGS_FOLDER/user_processing.py', '--cfg-path', '/tmp/tmpheq5in37', '--error-file', '/tmp/tmpmhojl1l_']
[2021-06-24 13:24:06,744] {standard_task_runner.py:77} INFO - Job 16: Subtask extracting_user
[2021-06-24 13:24:07,183] {logging_mixin.py:104} INFO - Running <TaskInstance: user_processing.extracting_user 2021-06-23T00:00:00+00:00 [running]> on host airflowvm
[2021-06-24 13:24:07,441] {taskinstance.py:1280} INFO - Exporting the following env vars:
AIRFLOW_CTX_DAG_OWNER=airflow
AIRFLOW_CTX_DAG_ID=user_processing
AIRFLOW_CTX_TASK_ID=extracting_user
AIRFLOW_CTX_EXECUTION_DATE=2021-06-23T00:00:00+00:00
AIRFLOW_CTX_DAG_RUN_ID=scheduled__2021-06-23T00:00:00+00:00
[2021-06-24 13:24:07,443] {http.py:111} INFO - Calling HTTP method
[2021-06-24 13:24:07,465] {base.py:69} INFO - Using connection to: id: user_api. Host: https://randomuser.me/, Port: None, Schema: , Login: , Password: None, extra: {}
[2021-06-24 13:24:07,480] {http.py:140} INFO - Sending 'GET' to url: https://randomuser.me/api/
[2021-06-24 13:24:07,887] {http.py:115} INFO - {"results":[{"gender":"female","name":{"title":"Miss","first":"Olivia","last":"Williams"},"location":{"street":{"number":5876,"name":"Esmonde Road"},"city":"Nelson","state":"West Coast","country":"New Zealand","postcode":30274,"coordinates":{"latitude":"58.9118","longitude":"127.6380"},"timezone":{"offset":"+3:00","description":"Baghdad, Riyadh, Moscow, St. Petersburg"}},"email":"olivia.williams@example.com","login":{"uuid":"ce48948f-323e-4331-bb2c-18747ca34b62","username":"silvercat603","password":"bmwbmw","salt":"kl4pmhUR","md5":"b45b28ec24cdcadd68efecefa7c2112a","sha1":"be549c09a8afe9c95821dbb5de553fa7c0229a41","sha256":"0c5f976a5cd5dcfa589b568bb18b45ef994511339b66b24cbeaf52fd68fba8fc"},"dob":{"date":"1971-04-26T20:16:24.280Z","age":50},"registered":{"date":"2007-01-05T08:03:47.853Z","age":14},"phone":"(762)-263-1620","cell":"(433)-786-5915","id":{"name":"","value":null},"picture":{"large":"https://randomuser.me/api/portraits/women/47.jpg","medium":"https://randomuser.me/api/portraits/med/women/47.jpg","thumbnail":"https://randomuser.me/api/portraits/thumb/women/47.jpg"},"nat":"NZ"}],"info":{"seed":"b12af8b96e4a792e","results":1,"page":1,"version":"1.3"}}
[2021-06-24 13:24:07,976] {taskinstance.py:1184} INFO - Marking task as SUCCESS. dag_id=user_processing, task_id=extracting_user, execution_date=20210623T000000, start_date=20210624T132406, end_date=20210624T132407
[2021-06-24 13:24:08,153] {taskinstance.py:1245} INFO - 1 downstream tasks scheduled from follow-on schedule check
[2021-06-24 13:24:08,220] {local_task_job.py:151} INFO - Task exited with return code 0
