[2021-06-24 14:15:34,268] {taskinstance.py:876} INFO - Dependencies all met for <TaskInstance: user_processing.storing_user 2020-01-01T00:00:00+00:00 [queued]>
[2021-06-24 14:15:34,279] {taskinstance.py:876} INFO - Dependencies all met for <TaskInstance: user_processing.storing_user 2020-01-01T00:00:00+00:00 [queued]>
[2021-06-24 14:15:34,279] {taskinstance.py:1067} INFO - 
--------------------------------------------------------------------------------
[2021-06-24 14:15:34,280] {taskinstance.py:1068} INFO - Starting attempt 2 of 1
[2021-06-24 14:15:34,280] {taskinstance.py:1069} INFO - 
--------------------------------------------------------------------------------
[2021-06-24 14:15:34,300] {taskinstance.py:1087} INFO - Executing <Task(BashOperator): storing_user> on 2020-01-01T00:00:00+00:00
[2021-06-24 14:15:34,304] {standard_task_runner.py:52} INFO - Started process 6801 to run task
[2021-06-24 14:15:34,313] {standard_task_runner.py:76} INFO - Running: ['airflow', 'tasks', 'run', 'user_processing', 'storing_user', '2020-01-01T00:00:00+00:00', '--job-id', '35', '--pool', 'default_pool', '--raw', '--subdir', 'DAGS_FOLDER/user_processing.py', '--cfg-path', '/tmp/tmpzd01_clt', '--error-file', '/tmp/tmpix0a67kj']
[2021-06-24 14:15:34,314] {standard_task_runner.py:77} INFO - Job 35: Subtask storing_user
[2021-06-24 14:15:34,431] {logging_mixin.py:104} INFO - Running <TaskInstance: user_processing.storing_user 2020-01-01T00:00:00+00:00 [running]> on host airflowvm
[2021-06-24 14:15:34,535] {taskinstance.py:1280} INFO - Exporting the following env vars:
AIRFLOW_CTX_DAG_OWNER=airflow
AIRFLOW_CTX_DAG_ID=user_processing
AIRFLOW_CTX_TASK_ID=storing_user
AIRFLOW_CTX_EXECUTION_DATE=2020-01-01T00:00:00+00:00
AIRFLOW_CTX_DAG_RUN_ID=scheduled__2020-01-01T00:00:00+00:00
[2021-06-24 14:15:34,537] {subprocess.py:52} INFO - Tmp dir root location: 
 /tmp
[2021-06-24 14:15:34,539] {subprocess.py:63} INFO - Running command: ['bash', '-c', 'echo -e ".separator ","\n.import /tmp/processed_user.csv users" | sqlite3 /home/airflow/airflow/airflow.db']
[2021-06-24 14:15:34,550] {subprocess.py:75} INFO - Output:
[2021-06-24 14:15:34,580] {subprocess.py:83} INFO - Command exited with return code 0
[2021-06-24 14:15:34,618] {taskinstance.py:1184} INFO - Marking task as SUCCESS. dag_id=user_processing, task_id=storing_user, execution_date=20200101T000000, start_date=20210624T141534, end_date=20210624T141534
[2021-06-24 14:15:34,687] {taskinstance.py:1245} INFO - 0 downstream tasks scheduled from follow-on schedule check
[2021-06-24 14:15:34,730] {local_task_job.py:151} INFO - Task exited with return code 0
