[2021-06-29 16:52:40,812] {taskinstance.py:876} INFO - Dependencies all met for <TaskInstance: open_aq.store_data 2021-06-29T16:38:33.458784+00:00 [queued]>
[2021-06-29 16:52:40,838] {taskinstance.py:876} INFO - Dependencies all met for <TaskInstance: open_aq.store_data 2021-06-29T16:38:33.458784+00:00 [queued]>
[2021-06-29 16:52:40,839] {taskinstance.py:1067} INFO - 
--------------------------------------------------------------------------------
[2021-06-29 16:52:40,840] {taskinstance.py:1068} INFO - Starting attempt 10 of 10
[2021-06-29 16:52:40,842] {taskinstance.py:1069} INFO - 
--------------------------------------------------------------------------------
[2021-06-29 16:52:40,853] {taskinstance.py:1087} INFO - Executing <Task(PythonOperator): store_data> on 2021-06-29T16:38:33.458784+00:00
[2021-06-29 16:52:40,859] {standard_task_runner.py:52} INFO - Started process 38184 to run task
[2021-06-29 16:52:40,866] {standard_task_runner.py:76} INFO - Running: ['airflow', 'tasks', 'run', 'open_aq', 'store_data', '2021-06-29T16:38:33.458784+00:00', '--job-id', '688', '--pool', 'default_pool', '--raw', '--subdir', 'DAGS_FOLDER/open_aq.py', '--cfg-path', '/tmp/tmpmmwim0sf', '--error-file', '/tmp/tmpomdrka38']
[2021-06-29 16:52:40,868] {standard_task_runner.py:77} INFO - Job 688: Subtask store_data
[2021-06-29 16:52:40,965] {logging_mixin.py:104} INFO - Running <TaskInstance: open_aq.store_data 2021-06-29T16:38:33.458784+00:00 [running]> on host airflowvm
[2021-06-29 16:52:41,070] {taskinstance.py:1280} INFO - Exporting the following env vars:
AIRFLOW_CTX_DAG_OWNER=airflow
AIRFLOW_CTX_DAG_ID=open_aq
AIRFLOW_CTX_TASK_ID=store_data
AIRFLOW_CTX_EXECUTION_DATE=2021-06-29T16:38:33.458784+00:00
AIRFLOW_CTX_DAG_RUN_ID=manual__2021-06-29T16:38:33.458784+00:00
[2021-06-29 16:52:41,086] {base.py:69} INFO - Using connection to: id: ***_default. Host: localhost, Port: 5432, Schema: , Login: ***, Password: ***, extra: {'cursor': 'realdictcursor'}
[2021-06-29 16:52:41,099] {python.py:151} INFO - Done. Returned value was: None
[2021-06-29 16:52:41,114] {taskinstance.py:1184} INFO - Marking task as SUCCESS. dag_id=open_aq, task_id=store_data, execution_date=20210629T163833, start_date=20210629T165240, end_date=20210629T165241
[2021-06-29 16:52:41,155] {taskinstance.py:1245} INFO - 0 downstream tasks scheduled from follow-on schedule check
[2021-06-29 16:52:41,167] {local_task_job.py:151} INFO - Task exited with return code 0
