[2021-06-29 17:00:07,194] {taskinstance.py:876} INFO - Dependencies all met for <TaskInstance: open_aq.store_data 2021-06-29T16:38:33.458784+00:00 [queued]>
[2021-06-29 17:00:07,222] {taskinstance.py:876} INFO - Dependencies all met for <TaskInstance: open_aq.store_data 2021-06-29T16:38:33.458784+00:00 [queued]>
[2021-06-29 17:00:07,223] {taskinstance.py:1067} INFO - 
--------------------------------------------------------------------------------
[2021-06-29 17:00:07,223] {taskinstance.py:1068} INFO - Starting attempt 15 of 15
[2021-06-29 17:00:07,224] {taskinstance.py:1069} INFO - 
--------------------------------------------------------------------------------
[2021-06-29 17:00:07,243] {taskinstance.py:1087} INFO - Executing <Task(PythonOperator): store_data> on 2021-06-29T16:38:33.458784+00:00
[2021-06-29 17:00:07,253] {standard_task_runner.py:52} INFO - Started process 39094 to run task
[2021-06-29 17:00:07,261] {standard_task_runner.py:76} INFO - Running: ['airflow', 'tasks', 'run', 'open_aq', 'store_data', '2021-06-29T16:38:33.458784+00:00', '--job-id', '696', '--pool', 'default_pool', '--raw', '--subdir', 'DAGS_FOLDER/open_aq.py', '--cfg-path', '/tmp/tmpm8iuphzu', '--error-file', '/tmp/tmp2cst7025']
[2021-06-29 17:00:07,263] {standard_task_runner.py:77} INFO - Job 696: Subtask store_data
[2021-06-29 17:00:07,357] {logging_mixin.py:104} INFO - Running <TaskInstance: open_aq.store_data 2021-06-29T16:38:33.458784+00:00 [running]> on host airflowvm
[2021-06-29 17:00:07,465] {taskinstance.py:1280} INFO - Exporting the following env vars:
AIRFLOW_CTX_DAG_OWNER=airflow
AIRFLOW_CTX_DAG_ID=open_aq
AIRFLOW_CTX_TASK_ID=store_data
AIRFLOW_CTX_EXECUTION_DATE=2021-06-29T16:38:33.458784+00:00
AIRFLOW_CTX_DAG_RUN_ID=manual__2021-06-29T16:38:33.458784+00:00
[2021-06-29 17:00:07,482] {base.py:69} INFO - Using connection to: id: ***_default. Host: localhost, Port: 5432, Schema: , Login: ***, Password: ***, extra: {'cursor': 'realdictcursor'}
[2021-06-29 17:00:07,493] {python.py:151} INFO - Done. Returned value was: None
[2021-06-29 17:00:07,516] {taskinstance.py:1184} INFO - Marking task as SUCCESS. dag_id=open_aq, task_id=store_data, execution_date=20210629T163833, start_date=20210629T170007, end_date=20210629T170007
[2021-06-29 17:00:07,575] {taskinstance.py:1245} INFO - 0 downstream tasks scheduled from follow-on schedule check
[2021-06-29 17:00:07,605] {local_task_job.py:151} INFO - Task exited with return code 0
