[2021-06-29 16:39:40,494] {taskinstance.py:876} INFO - Dependencies all met for <TaskInstance: open_aq.store_data 2021-06-29T16:38:33.458784+00:00 [queued]>
[2021-06-29 16:39:40,521] {taskinstance.py:876} INFO - Dependencies all met for <TaskInstance: open_aq.store_data 2021-06-29T16:38:33.458784+00:00 [queued]>
[2021-06-29 16:39:40,522] {taskinstance.py:1067} INFO - 
--------------------------------------------------------------------------------
[2021-06-29 16:39:40,522] {taskinstance.py:1068} INFO - Starting attempt 2 of 2
[2021-06-29 16:39:40,522] {taskinstance.py:1069} INFO - 
--------------------------------------------------------------------------------
[2021-06-29 16:39:40,534] {taskinstance.py:1087} INFO - Executing <Task(BashOperator): store_data> on 2021-06-29T16:38:33.458784+00:00
[2021-06-29 16:39:40,540] {standard_task_runner.py:52} INFO - Started process 36760 to run task
[2021-06-29 16:39:40,544] {standard_task_runner.py:76} INFO - Running: ['airflow', 'tasks', 'run', 'open_aq', 'store_data', '2021-06-29T16:38:33.458784+00:00', '--job-id', '680', '--pool', 'default_pool', '--raw', '--subdir', 'DAGS_FOLDER/open_aq.py', '--cfg-path', '/tmp/tmpf4hpr2kn', '--error-file', '/tmp/tmp_ct1tiq0']
[2021-06-29 16:39:40,546] {standard_task_runner.py:77} INFO - Job 680: Subtask store_data
[2021-06-29 16:39:40,627] {logging_mixin.py:104} INFO - Running <TaskInstance: open_aq.store_data 2021-06-29T16:38:33.458784+00:00 [running]> on host airflowvm
[2021-06-29 16:39:40,749] {taskinstance.py:1280} INFO - Exporting the following env vars:
AIRFLOW_CTX_DAG_OWNER=airflow
AIRFLOW_CTX_DAG_ID=open_aq
AIRFLOW_CTX_TASK_ID=store_data
AIRFLOW_CTX_EXECUTION_DATE=2021-06-29T16:38:33.458784+00:00
AIRFLOW_CTX_DAG_RUN_ID=manual__2021-06-29T16:38:33.458784+00:00
[2021-06-29 16:39:40,751] {subprocess.py:52} INFO - Tmp dir root location: 
 /tmp
[2021-06-29 16:39:40,752] {subprocess.py:63} INFO - Running command: ['bash', '-c', 'echo -e ".separator ";"\n.import /tmp/processed_data.csv users" | psql /home/airflow/airflow/airflow.db']
[2021-06-29 16:39:40,760] {subprocess.py:75} INFO - Output:
[2021-06-29 16:39:40,762] {subprocess.py:79} INFO - .separator
[2021-06-29 16:39:40,763] {subprocess.py:79} INFO - bash: line 1:
[2021-06-29 16:39:40,764] {subprocess.py:79} INFO - .import /tmp/processed_data.csv users: No such file or directory
[2021-06-29 16:39:40,838] {subprocess.py:79} INFO - psql: error: FATAL:  role "airflow" does not exist
[2021-06-29 16:39:40,838] {subprocess.py:83} INFO - Command exited with return code 2
[2021-06-29 16:39:40,865] {taskinstance.py:1481} ERROR - Task failed with exception
Traceback (most recent call last):
  File "/home/airflow/sandbox/lib/python3.8/site-packages/airflow/models/taskinstance.py", line 1137, in _run_raw_task
    self._prepare_and_execute_task_with_callbacks(context, task)
  File "/home/airflow/sandbox/lib/python3.8/site-packages/airflow/models/taskinstance.py", line 1311, in _prepare_and_execute_task_with_callbacks
    result = self._execute_task(context, task_copy)
  File "/home/airflow/sandbox/lib/python3.8/site-packages/airflow/models/taskinstance.py", line 1341, in _execute_task
    result = task_copy.execute(context=context)
  File "/home/airflow/sandbox/lib/python3.8/site-packages/airflow/operators/bash.py", line 180, in execute
    raise AirflowException('Bash command failed. The command returned a non-zero exit code.')
airflow.exceptions.AirflowException: Bash command failed. The command returned a non-zero exit code.
[2021-06-29 16:39:40,868] {taskinstance.py:1524} INFO - Marking task as FAILED. dag_id=open_aq, task_id=store_data, execution_date=20210629T163833, start_date=20210629T163940, end_date=20210629T163940
[2021-06-29 16:39:40,927] {local_task_job.py:151} INFO - Task exited with return code 1
