[2021-06-29 16:44:41,732] {taskinstance.py:876} INFO - Dependencies all met for <TaskInstance: open_aq.store_data 2021-06-29T16:38:33.458784+00:00 [queued]>
[2021-06-29 16:44:41,767] {taskinstance.py:876} INFO - Dependencies all met for <TaskInstance: open_aq.store_data 2021-06-29T16:38:33.458784+00:00 [queued]>
[2021-06-29 16:44:41,769] {taskinstance.py:1067} INFO - 
--------------------------------------------------------------------------------
[2021-06-29 16:44:41,770] {taskinstance.py:1068} INFO - Starting attempt 5 of 5
[2021-06-29 16:44:41,773] {taskinstance.py:1069} INFO - 
--------------------------------------------------------------------------------
[2021-06-29 16:44:41,794] {taskinstance.py:1087} INFO - Executing <Task(BashOperator): store_data> on 2021-06-29T16:38:33.458784+00:00
[2021-06-29 16:44:41,800] {standard_task_runner.py:52} INFO - Started process 37282 to run task
[2021-06-29 16:44:41,807] {standard_task_runner.py:76} INFO - Running: ['airflow', 'tasks', 'run', 'open_aq', 'store_data', '2021-06-29T16:38:33.458784+00:00', '--job-id', '683', '--pool', 'default_pool', '--raw', '--subdir', 'DAGS_FOLDER/open_aq.py', '--cfg-path', '/tmp/tmpap1lmvum', '--error-file', '/tmp/tmpyiewovz4']
[2021-06-29 16:44:41,809] {standard_task_runner.py:77} INFO - Job 683: Subtask store_data
[2021-06-29 16:44:41,904] {logging_mixin.py:104} INFO - Running <TaskInstance: open_aq.store_data 2021-06-29T16:38:33.458784+00:00 [running]> on host airflowvm
[2021-06-29 16:44:42,032] {taskinstance.py:1280} INFO - Exporting the following env vars:
AIRFLOW_CTX_DAG_OWNER=airflow
AIRFLOW_CTX_DAG_ID=open_aq
AIRFLOW_CTX_TASK_ID=store_data
AIRFLOW_CTX_EXECUTION_DATE=2021-06-29T16:38:33.458784+00:00
AIRFLOW_CTX_DAG_RUN_ID=manual__2021-06-29T16:38:33.458784+00:00
[2021-06-29 16:44:42,033] {subprocess.py:52} INFO - Tmp dir root location: 
 /tmp
[2021-06-29 16:44:42,033] {subprocess.py:63} INFO - Running command: ['bash', '-c', 'psql -d *** -U *** -c "\\copy usa from /tmp/processed_data.csv delimiter \';\' csv header;" ']
[2021-06-29 16:44:42,048] {subprocess.py:75} INFO - Output:
[2021-06-29 16:44:42,131] {subprocess.py:79} INFO - psql: error: FATAL:  Peer authentication failed for user "***"
[2021-06-29 16:44:42,135] {subprocess.py:83} INFO - Command exited with return code 2
[2021-06-29 16:44:42,152] {taskinstance.py:1481} ERROR - Task failed with exception
Traceback (most recent call last):
  File "/home/airflow/sandbox/lib/python3.8/site-packages/airflow/models/taskinstance.py", line 1137, in _run_raw_task
    self._prepare_and_execute_task_with_callbacks(context, task)
  File "/home/airflow/sandbox/lib/python3.8/site-packages/airflow/models/taskinstance.py", line 1311, in _prepare_and_execute_task_with_callbacks
    result = self._execute_task(context, task_copy)
  File "/home/airflow/sandbox/lib/python3.8/site-packages/airflow/models/taskinstance.py", line 1341, in _execute_task
    result = task_copy.execute(context=context)
  File "/home/airflow/sandbox/lib/python3.8/site-packages/airflow/operators/bash.py", line 180, in execute
    raise AirflowException('Bash command failed. The command returned a non-zero exit code.')
airflow.exceptions.AirflowException: Bash command failed. The command returned a non-zero exit code.
[2021-06-29 16:44:42,154] {taskinstance.py:1524} INFO - Marking task as FAILED. dag_id=open_aq, task_id=store_data, execution_date=20210629T163833, start_date=20210629T164441, end_date=20210629T164442
[2021-06-29 16:44:42,186] {local_task_job.py:151} INFO - Task exited with return code 1
