[2021-06-29 16:50:32,116] {taskinstance.py:876} INFO - Dependencies all met for <TaskInstance: open_aq.store_data 2021-06-29T16:38:33.458784+00:00 [queued]>
[2021-06-29 16:50:32,138] {taskinstance.py:876} INFO - Dependencies all met for <TaskInstance: open_aq.store_data 2021-06-29T16:38:33.458784+00:00 [queued]>
[2021-06-29 16:50:32,140] {taskinstance.py:1067} INFO - 
--------------------------------------------------------------------------------
[2021-06-29 16:50:32,141] {taskinstance.py:1068} INFO - Starting attempt 9 of 9
[2021-06-29 16:50:32,142] {taskinstance.py:1069} INFO - 
--------------------------------------------------------------------------------
[2021-06-29 16:50:32,156] {taskinstance.py:1087} INFO - Executing <Task(PythonOperator): store_data> on 2021-06-29T16:38:33.458784+00:00
[2021-06-29 16:50:32,161] {standard_task_runner.py:52} INFO - Started process 37945 to run task
[2021-06-29 16:50:32,172] {standard_task_runner.py:76} INFO - Running: ['airflow', 'tasks', 'run', 'open_aq', 'store_data', '2021-06-29T16:38:33.458784+00:00', '--job-id', '687', '--pool', 'default_pool', '--raw', '--subdir', 'DAGS_FOLDER/open_aq.py', '--cfg-path', '/tmp/tmpv_u1ibci', '--error-file', '/tmp/tmpz4rg5uvv']
[2021-06-29 16:50:32,175] {standard_task_runner.py:77} INFO - Job 687: Subtask store_data
[2021-06-29 16:50:32,268] {logging_mixin.py:104} INFO - Running <TaskInstance: open_aq.store_data 2021-06-29T16:38:33.458784+00:00 [running]> on host airflowvm
[2021-06-29 16:50:32,376] {taskinstance.py:1280} INFO - Exporting the following env vars:
AIRFLOW_CTX_DAG_OWNER=airflow
AIRFLOW_CTX_DAG_ID=open_aq
AIRFLOW_CTX_TASK_ID=store_data
AIRFLOW_CTX_EXECUTION_DATE=2021-06-29T16:38:33.458784+00:00
AIRFLOW_CTX_DAG_RUN_ID=manual__2021-06-29T16:38:33.458784+00:00
[2021-06-29 16:50:32,392] {base.py:69} INFO - Using connection to: id: ***_default. Host: localhost, Port: 5432, Schema: , Login: ***, Password: ***, extra: {'cursor': 'realdictcursor'}
[2021-06-29 16:50:32,403] {python.py:151} INFO - Done. Returned value was: None
[2021-06-29 16:50:32,422] {taskinstance.py:1184} INFO - Marking task as SUCCESS. dag_id=open_aq, task_id=store_data, execution_date=20210629T163833, start_date=20210629T165032, end_date=20210629T165032
[2021-06-29 16:50:32,470] {taskinstance.py:1245} INFO - 0 downstream tasks scheduled from follow-on schedule check
[2021-06-29 16:50:32,508] {local_task_job.py:151} INFO - Task exited with return code 0
