[2021-07-06 13:45:13,659] {scheduler_job.py:182} INFO - Started process (PID=1853) to work on /home/airflow/airflow/dags/get_as_Dataframe.py
[2021-07-06 13:45:13,662] {scheduler_job.py:633} INFO - Processing file /home/airflow/airflow/dags/get_as_Dataframe.py for tasks to queue
[2021-07-06 13:45:13,667] {logging_mixin.py:104} INFO - [2021-07-06 13:45:13,667] {dagbag.py:487} INFO - Filling up the DagBag from /home/airflow/airflow/dags/get_as_Dataframe.py
[2021-07-06 13:45:15,249] {scheduler_job.py:643} INFO - DAG(s) dict_keys(['get_as_dataframe']) retrieved from /home/airflow/airflow/dags/get_as_Dataframe.py
[2021-07-06 13:45:15,294] {logging_mixin.py:104} INFO - [2021-07-06 13:45:15,294] {dag.py:1832} INFO - Sync 1 DAGs
[2021-07-06 13:45:15,398] {logging_mixin.py:104} INFO - [2021-07-06 13:45:15,398] {dag.py:2305} INFO - Setting next_dagrun for get_as_dataframe to 2021-07-05 00:00:00+00:00
[2021-07-06 13:45:15,423] {scheduler_job.py:190} INFO - Processing /home/airflow/airflow/dags/get_as_Dataframe.py took 1.783 seconds
[2021-07-06 13:45:45,821] {scheduler_job.py:182} INFO - Started process (PID=1948) to work on /home/airflow/airflow/dags/get_as_Dataframe.py
[2021-07-06 13:45:45,823] {scheduler_job.py:633} INFO - Processing file /home/airflow/airflow/dags/get_as_Dataframe.py for tasks to queue
[2021-07-06 13:45:45,824] {logging_mixin.py:104} INFO - [2021-07-06 13:45:45,824] {dagbag.py:487} INFO - Filling up the DagBag from /home/airflow/airflow/dags/get_as_Dataframe.py
[2021-07-06 13:45:46,613] {scheduler_job.py:643} INFO - DAG(s) dict_keys(['get_as_dataframe']) retrieved from /home/airflow/airflow/dags/get_as_Dataframe.py
[2021-07-06 13:45:47,069] {logging_mixin.py:104} INFO - [2021-07-06 13:45:47,069] {dag.py:1832} INFO - Sync 1 DAGs
[2021-07-06 13:45:47,087] {logging_mixin.py:104} INFO - [2021-07-06 13:45:47,087] {dag.py:2305} INFO - Setting next_dagrun for get_as_dataframe to 2021-07-05 00:00:00+00:00
[2021-07-06 13:45:47,105] {scheduler_job.py:190} INFO - Processing /home/airflow/airflow/dags/get_as_Dataframe.py took 1.288 seconds
[2021-07-06 13:46:17,939] {scheduler_job.py:182} INFO - Started process (PID=2034) to work on /home/airflow/airflow/dags/get_as_Dataframe.py
[2021-07-06 13:46:17,946] {scheduler_job.py:633} INFO - Processing file /home/airflow/airflow/dags/get_as_Dataframe.py for tasks to queue
[2021-07-06 13:46:17,949] {logging_mixin.py:104} INFO - [2021-07-06 13:46:17,949] {dagbag.py:487} INFO - Filling up the DagBag from /home/airflow/airflow/dags/get_as_Dataframe.py
[2021-07-06 13:46:18,699] {scheduler_job.py:643} INFO - DAG(s) dict_keys(['get_as_dataframe']) retrieved from /home/airflow/airflow/dags/get_as_Dataframe.py
[2021-07-06 13:46:18,776] {logging_mixin.py:104} INFO - [2021-07-06 13:46:18,776] {dag.py:1832} INFO - Sync 1 DAGs
[2021-07-06 13:46:18,913] {logging_mixin.py:104} INFO - [2021-07-06 13:46:18,913] {dag.py:2305} INFO - Setting next_dagrun for get_as_dataframe to 2021-07-05 00:00:00+00:00
[2021-07-06 13:46:18,954] {scheduler_job.py:190} INFO - Processing /home/airflow/airflow/dags/get_as_Dataframe.py took 1.022 seconds
[2021-07-06 13:46:49,450] {scheduler_job.py:182} INFO - Started process (PID=2111) to work on /home/airflow/airflow/dags/get_as_Dataframe.py
[2021-07-06 13:46:49,454] {scheduler_job.py:633} INFO - Processing file /home/airflow/airflow/dags/get_as_Dataframe.py for tasks to queue
[2021-07-06 13:46:49,458] {logging_mixin.py:104} INFO - [2021-07-06 13:46:49,457] {dagbag.py:487} INFO - Filling up the DagBag from /home/airflow/airflow/dags/get_as_Dataframe.py
[2021-07-06 13:46:50,188] {scheduler_job.py:643} INFO - DAG(s) dict_keys(['get_as_dataframe']) retrieved from /home/airflow/airflow/dags/get_as_Dataframe.py
[2021-07-06 13:46:50,234] {logging_mixin.py:104} INFO - [2021-07-06 13:46:50,233] {dag.py:1832} INFO - Sync 1 DAGs
[2021-07-06 13:46:50,286] {logging_mixin.py:104} INFO - [2021-07-06 13:46:50,286] {dag.py:2305} INFO - Setting next_dagrun for get_as_dataframe to 2021-07-05 00:00:00+00:00
[2021-07-06 13:46:50,315] {scheduler_job.py:190} INFO - Processing /home/airflow/airflow/dags/get_as_Dataframe.py took 0.868 seconds
[2021-07-06 13:47:21,114] {scheduler_job.py:182} INFO - Started process (PID=2302) to work on /home/airflow/airflow/dags/get_as_Dataframe.py
[2021-07-06 13:47:21,126] {scheduler_job.py:633} INFO - Processing file /home/airflow/airflow/dags/get_as_Dataframe.py for tasks to queue
[2021-07-06 13:47:21,129] {logging_mixin.py:104} INFO - [2021-07-06 13:47:21,129] {dagbag.py:487} INFO - Filling up the DagBag from /home/airflow/airflow/dags/get_as_Dataframe.py
[2021-07-06 13:47:21,739] {scheduler_job.py:643} INFO - DAG(s) dict_keys(['get_as_dataframe']) retrieved from /home/airflow/airflow/dags/get_as_Dataframe.py
[2021-07-06 13:47:21,776] {logging_mixin.py:104} INFO - [2021-07-06 13:47:21,776] {dag.py:1832} INFO - Sync 1 DAGs
[2021-07-06 13:47:21,813] {logging_mixin.py:104} INFO - [2021-07-06 13:47:21,813] {dag.py:2305} INFO - Setting next_dagrun for get_as_dataframe to 2021-07-05 00:00:00+00:00
[2021-07-06 13:47:21,833] {scheduler_job.py:190} INFO - Processing /home/airflow/airflow/dags/get_as_Dataframe.py took 0.723 seconds
[2021-07-06 13:47:52,013] {scheduler_job.py:182} INFO - Started process (PID=2383) to work on /home/airflow/airflow/dags/get_as_Dataframe.py
[2021-07-06 13:47:52,017] {scheduler_job.py:633} INFO - Processing file /home/airflow/airflow/dags/get_as_Dataframe.py for tasks to queue
[2021-07-06 13:47:52,017] {logging_mixin.py:104} INFO - [2021-07-06 13:47:52,017] {dagbag.py:487} INFO - Filling up the DagBag from /home/airflow/airflow/dags/get_as_Dataframe.py
[2021-07-06 13:47:52,744] {scheduler_job.py:643} INFO - DAG(s) dict_keys(['get_as_dataframe']) retrieved from /home/airflow/airflow/dags/get_as_Dataframe.py
[2021-07-06 13:47:52,782] {logging_mixin.py:104} INFO - [2021-07-06 13:47:52,782] {dag.py:1832} INFO - Sync 1 DAGs
[2021-07-06 13:47:52,808] {logging_mixin.py:104} INFO - [2021-07-06 13:47:52,808] {dag.py:2305} INFO - Setting next_dagrun for get_as_dataframe to 2021-07-05 00:00:00+00:00
[2021-07-06 13:47:52,818] {scheduler_job.py:190} INFO - Processing /home/airflow/airflow/dags/get_as_Dataframe.py took 0.809 seconds
[2021-07-06 13:48:23,138] {scheduler_job.py:182} INFO - Started process (PID=2464) to work on /home/airflow/airflow/dags/get_as_Dataframe.py
[2021-07-06 13:48:23,139] {scheduler_job.py:633} INFO - Processing file /home/airflow/airflow/dags/get_as_Dataframe.py for tasks to queue
[2021-07-06 13:48:23,140] {logging_mixin.py:104} INFO - [2021-07-06 13:48:23,140] {dagbag.py:487} INFO - Filling up the DagBag from /home/airflow/airflow/dags/get_as_Dataframe.py
[2021-07-06 13:48:23,947] {scheduler_job.py:643} INFO - DAG(s) dict_keys(['get_as_dataframe']) retrieved from /home/airflow/airflow/dags/get_as_Dataframe.py
[2021-07-06 13:48:23,984] {logging_mixin.py:104} INFO - [2021-07-06 13:48:23,984] {dag.py:1832} INFO - Sync 1 DAGs
[2021-07-06 13:48:24,031] {logging_mixin.py:104} INFO - [2021-07-06 13:48:24,031] {dag.py:2305} INFO - Setting next_dagrun for get_as_dataframe to 2021-07-05 00:00:00+00:00
[2021-07-06 13:48:24,054] {scheduler_job.py:190} INFO - Processing /home/airflow/airflow/dags/get_as_Dataframe.py took 0.921 seconds
[2021-07-06 13:48:54,104] {scheduler_job.py:182} INFO - Started process (PID=2546) to work on /home/airflow/airflow/dags/get_as_Dataframe.py
[2021-07-06 13:48:54,106] {scheduler_job.py:633} INFO - Processing file /home/airflow/airflow/dags/get_as_Dataframe.py for tasks to queue
[2021-07-06 13:48:54,108] {logging_mixin.py:104} INFO - [2021-07-06 13:48:54,107] {dagbag.py:487} INFO - Filling up the DagBag from /home/airflow/airflow/dags/get_as_Dataframe.py
[2021-07-06 13:48:54,791] {scheduler_job.py:643} INFO - DAG(s) dict_keys(['get_as_dataframe']) retrieved from /home/airflow/airflow/dags/get_as_Dataframe.py
[2021-07-06 13:48:54,829] {logging_mixin.py:104} INFO - [2021-07-06 13:48:54,828] {dag.py:1832} INFO - Sync 1 DAGs
[2021-07-06 13:48:54,852] {logging_mixin.py:104} INFO - [2021-07-06 13:48:54,851] {dag.py:2305} INFO - Setting next_dagrun for get_as_dataframe to 2021-07-05 00:00:00+00:00
[2021-07-06 13:48:54,870] {scheduler_job.py:190} INFO - Processing /home/airflow/airflow/dags/get_as_Dataframe.py took 0.769 seconds
[2021-07-06 13:49:25,884] {scheduler_job.py:182} INFO - Started process (PID=2628) to work on /home/airflow/airflow/dags/get_as_Dataframe.py
[2021-07-06 13:49:25,887] {scheduler_job.py:633} INFO - Processing file /home/airflow/airflow/dags/get_as_Dataframe.py for tasks to queue
[2021-07-06 13:49:25,892] {logging_mixin.py:104} INFO - [2021-07-06 13:49:25,891] {dagbag.py:487} INFO - Filling up the DagBag from /home/airflow/airflow/dags/get_as_Dataframe.py
[2021-07-06 13:49:26,541] {scheduler_job.py:643} INFO - DAG(s) dict_keys(['get_as_dataframe']) retrieved from /home/airflow/airflow/dags/get_as_Dataframe.py
[2021-07-06 13:49:26,600] {logging_mixin.py:104} INFO - [2021-07-06 13:49:26,599] {dag.py:1832} INFO - Sync 1 DAGs
[2021-07-06 13:49:26,642] {logging_mixin.py:104} INFO - [2021-07-06 13:49:26,642] {dag.py:2305} INFO - Setting next_dagrun for get_as_dataframe to 2021-07-05 00:00:00+00:00
[2021-07-06 13:49:26,651] {scheduler_job.py:190} INFO - Processing /home/airflow/airflow/dags/get_as_Dataframe.py took 0.770 seconds
[2021-07-06 13:49:56,713] {scheduler_job.py:182} INFO - Started process (PID=2712) to work on /home/airflow/airflow/dags/get_as_Dataframe.py
[2021-07-06 13:49:56,714] {scheduler_job.py:633} INFO - Processing file /home/airflow/airflow/dags/get_as_Dataframe.py for tasks to queue
[2021-07-06 13:49:56,715] {logging_mixin.py:104} INFO - [2021-07-06 13:49:56,714] {dagbag.py:487} INFO - Filling up the DagBag from /home/airflow/airflow/dags/get_as_Dataframe.py
[2021-07-06 13:49:57,357] {scheduler_job.py:643} INFO - DAG(s) dict_keys(['get_as_dataframe']) retrieved from /home/airflow/airflow/dags/get_as_Dataframe.py
[2021-07-06 13:49:57,390] {logging_mixin.py:104} INFO - [2021-07-06 13:49:57,390] {dag.py:1832} INFO - Sync 1 DAGs
[2021-07-06 13:49:57,423] {logging_mixin.py:104} INFO - [2021-07-06 13:49:57,423] {dag.py:2305} INFO - Setting next_dagrun for get_as_dataframe to 2021-07-05 00:00:00+00:00
[2021-07-06 13:49:57,435] {scheduler_job.py:190} INFO - Processing /home/airflow/airflow/dags/get_as_Dataframe.py took 0.725 seconds
[2021-07-06 13:50:27,491] {scheduler_job.py:182} INFO - Started process (PID=2796) to work on /home/airflow/airflow/dags/get_as_Dataframe.py
[2021-07-06 13:50:27,492] {scheduler_job.py:633} INFO - Processing file /home/airflow/airflow/dags/get_as_Dataframe.py for tasks to queue
[2021-07-06 13:50:27,493] {logging_mixin.py:104} INFO - [2021-07-06 13:50:27,493] {dagbag.py:487} INFO - Filling up the DagBag from /home/airflow/airflow/dags/get_as_Dataframe.py
[2021-07-06 13:50:28,171] {scheduler_job.py:643} INFO - DAG(s) dict_keys(['get_as_dataframe']) retrieved from /home/airflow/airflow/dags/get_as_Dataframe.py
[2021-07-06 13:50:28,212] {logging_mixin.py:104} INFO - [2021-07-06 13:50:28,212] {dag.py:1832} INFO - Sync 1 DAGs
[2021-07-06 13:50:28,254] {logging_mixin.py:104} INFO - [2021-07-06 13:50:28,254] {dag.py:2305} INFO - Setting next_dagrun for get_as_dataframe to 2021-07-05 00:00:00+00:00
[2021-07-06 13:50:28,266] {scheduler_job.py:190} INFO - Processing /home/airflow/airflow/dags/get_as_Dataframe.py took 0.778 seconds
[2021-07-06 13:50:58,852] {scheduler_job.py:182} INFO - Started process (PID=2877) to work on /home/airflow/airflow/dags/get_as_Dataframe.py
[2021-07-06 13:50:58,856] {scheduler_job.py:633} INFO - Processing file /home/airflow/airflow/dags/get_as_Dataframe.py for tasks to queue
[2021-07-06 13:50:58,862] {logging_mixin.py:104} INFO - [2021-07-06 13:50:58,860] {dagbag.py:487} INFO - Filling up the DagBag from /home/airflow/airflow/dags/get_as_Dataframe.py
[2021-07-06 13:50:59,791] {scheduler_job.py:643} INFO - DAG(s) dict_keys(['get_as_dataframe']) retrieved from /home/airflow/airflow/dags/get_as_Dataframe.py
[2021-07-06 13:50:59,820] {logging_mixin.py:104} INFO - [2021-07-06 13:50:59,819] {dag.py:1832} INFO - Sync 1 DAGs
[2021-07-06 13:50:59,847] {logging_mixin.py:104} INFO - [2021-07-06 13:50:59,847] {dag.py:2305} INFO - Setting next_dagrun for get_as_dataframe to 2021-07-05 00:00:00+00:00
[2021-07-06 13:50:59,862] {scheduler_job.py:190} INFO - Processing /home/airflow/airflow/dags/get_as_Dataframe.py took 1.019 seconds
[2021-07-06 13:51:30,699] {scheduler_job.py:182} INFO - Started process (PID=3066) to work on /home/airflow/airflow/dags/get_as_Dataframe.py
[2021-07-06 13:51:30,700] {scheduler_job.py:633} INFO - Processing file /home/airflow/airflow/dags/get_as_Dataframe.py for tasks to queue
[2021-07-06 13:51:30,701] {logging_mixin.py:104} INFO - [2021-07-06 13:51:30,701] {dagbag.py:487} INFO - Filling up the DagBag from /home/airflow/airflow/dags/get_as_Dataframe.py
[2021-07-06 13:51:31,312] {scheduler_job.py:643} INFO - DAG(s) dict_keys(['get_as_dataframe']) retrieved from /home/airflow/airflow/dags/get_as_Dataframe.py
[2021-07-06 13:51:31,347] {logging_mixin.py:104} INFO - [2021-07-06 13:51:31,346] {dag.py:1832} INFO - Sync 1 DAGs
[2021-07-06 13:51:31,371] {logging_mixin.py:104} INFO - [2021-07-06 13:51:31,371] {dag.py:2305} INFO - Setting next_dagrun for get_as_dataframe to 2021-07-05 00:00:00+00:00
[2021-07-06 13:51:31,389] {scheduler_job.py:190} INFO - Processing /home/airflow/airflow/dags/get_as_Dataframe.py took 0.694 seconds
[2021-07-06 13:52:01,833] {scheduler_job.py:182} INFO - Started process (PID=3147) to work on /home/airflow/airflow/dags/get_as_Dataframe.py
[2021-07-06 13:52:01,836] {scheduler_job.py:633} INFO - Processing file /home/airflow/airflow/dags/get_as_Dataframe.py for tasks to queue
[2021-07-06 13:52:01,837] {logging_mixin.py:104} INFO - [2021-07-06 13:52:01,837] {dagbag.py:487} INFO - Filling up the DagBag from /home/airflow/airflow/dags/get_as_Dataframe.py
[2021-07-06 13:52:02,697] {scheduler_job.py:643} INFO - DAG(s) dict_keys(['get_as_dataframe']) retrieved from /home/airflow/airflow/dags/get_as_Dataframe.py
[2021-07-06 13:52:02,723] {logging_mixin.py:104} INFO - [2021-07-06 13:52:02,722] {dag.py:1832} INFO - Sync 1 DAGs
[2021-07-06 13:52:02,761] {logging_mixin.py:104} INFO - [2021-07-06 13:52:02,761] {dag.py:2305} INFO - Setting next_dagrun for get_as_dataframe to 2021-07-05 00:00:00+00:00
[2021-07-06 13:52:02,779] {scheduler_job.py:190} INFO - Processing /home/airflow/airflow/dags/get_as_Dataframe.py took 0.950 seconds
[2021-07-06 13:52:33,281] {scheduler_job.py:182} INFO - Started process (PID=3337) to work on /home/airflow/airflow/dags/get_as_Dataframe.py
[2021-07-06 13:52:33,283] {scheduler_job.py:633} INFO - Processing file /home/airflow/airflow/dags/get_as_Dataframe.py for tasks to queue
[2021-07-06 13:52:33,283] {logging_mixin.py:104} INFO - [2021-07-06 13:52:33,283] {dagbag.py:487} INFO - Filling up the DagBag from /home/airflow/airflow/dags/get_as_Dataframe.py
[2021-07-06 13:52:33,976] {scheduler_job.py:643} INFO - DAG(s) dict_keys(['get_as_dataframe']) retrieved from /home/airflow/airflow/dags/get_as_Dataframe.py
[2021-07-06 13:52:34,016] {logging_mixin.py:104} INFO - [2021-07-06 13:52:34,016] {dag.py:1832} INFO - Sync 1 DAGs
[2021-07-06 13:52:34,045] {logging_mixin.py:104} INFO - [2021-07-06 13:52:34,045] {dag.py:2305} INFO - Setting next_dagrun for get_as_dataframe to 2021-07-05 00:00:00+00:00
[2021-07-06 13:52:34,054] {scheduler_job.py:190} INFO - Processing /home/airflow/airflow/dags/get_as_Dataframe.py took 0.776 seconds
[2021-07-06 13:53:04,877] {scheduler_job.py:182} INFO - Started process (PID=3419) to work on /home/airflow/airflow/dags/get_as_Dataframe.py
[2021-07-06 13:53:04,882] {scheduler_job.py:633} INFO - Processing file /home/airflow/airflow/dags/get_as_Dataframe.py for tasks to queue
[2021-07-06 13:53:04,883] {logging_mixin.py:104} INFO - [2021-07-06 13:53:04,882] {dagbag.py:487} INFO - Filling up the DagBag from /home/airflow/airflow/dags/get_as_Dataframe.py
[2021-07-06 13:53:05,821] {scheduler_job.py:643} INFO - DAG(s) dict_keys(['get_as_dataframe']) retrieved from /home/airflow/airflow/dags/get_as_Dataframe.py
[2021-07-06 13:53:05,869] {logging_mixin.py:104} INFO - [2021-07-06 13:53:05,869] {dag.py:1832} INFO - Sync 1 DAGs
[2021-07-06 13:53:05,918] {logging_mixin.py:104} INFO - [2021-07-06 13:53:05,918] {dag.py:2305} INFO - Setting next_dagrun for get_as_dataframe to 2021-07-05 00:00:00+00:00
[2021-07-06 13:53:05,936] {scheduler_job.py:190} INFO - Processing /home/airflow/airflow/dags/get_as_Dataframe.py took 1.064 seconds
[2021-07-06 13:53:36,110] {scheduler_job.py:182} INFO - Started process (PID=3500) to work on /home/airflow/airflow/dags/get_as_Dataframe.py
[2021-07-06 13:53:36,112] {scheduler_job.py:633} INFO - Processing file /home/airflow/airflow/dags/get_as_Dataframe.py for tasks to queue
[2021-07-06 13:53:36,113] {logging_mixin.py:104} INFO - [2021-07-06 13:53:36,113] {dagbag.py:487} INFO - Filling up the DagBag from /home/airflow/airflow/dags/get_as_Dataframe.py
[2021-07-06 13:53:36,987] {scheduler_job.py:643} INFO - DAG(s) dict_keys(['get_as_dataframe']) retrieved from /home/airflow/airflow/dags/get_as_Dataframe.py
[2021-07-06 13:53:37,056] {logging_mixin.py:104} INFO - [2021-07-06 13:53:37,055] {dag.py:1832} INFO - Sync 1 DAGs
[2021-07-06 13:53:37,096] {logging_mixin.py:104} INFO - [2021-07-06 13:53:37,096] {dag.py:2305} INFO - Setting next_dagrun for get_as_dataframe to 2021-07-05 00:00:00+00:00
[2021-07-06 13:53:37,149] {scheduler_job.py:190} INFO - Processing /home/airflow/airflow/dags/get_as_Dataframe.py took 1.049 seconds
[2021-07-06 13:54:07,261] {scheduler_job.py:182} INFO - Started process (PID=3582) to work on /home/airflow/airflow/dags/get_as_Dataframe.py
[2021-07-06 13:54:07,264] {scheduler_job.py:633} INFO - Processing file /home/airflow/airflow/dags/get_as_Dataframe.py for tasks to queue
[2021-07-06 13:54:07,264] {logging_mixin.py:104} INFO - [2021-07-06 13:54:07,264] {dagbag.py:487} INFO - Filling up the DagBag from /home/airflow/airflow/dags/get_as_Dataframe.py
[2021-07-06 13:54:07,931] {scheduler_job.py:643} INFO - DAG(s) dict_keys(['get_as_dataframe']) retrieved from /home/airflow/airflow/dags/get_as_Dataframe.py
[2021-07-06 13:54:07,962] {logging_mixin.py:104} INFO - [2021-07-06 13:54:07,962] {dag.py:1832} INFO - Sync 1 DAGs
[2021-07-06 13:54:07,996] {logging_mixin.py:104} INFO - [2021-07-06 13:54:07,995] {dag.py:2305} INFO - Setting next_dagrun for get_as_dataframe to 2021-07-05 00:00:00+00:00
[2021-07-06 13:54:08,006] {scheduler_job.py:190} INFO - Processing /home/airflow/airflow/dags/get_as_Dataframe.py took 0.752 seconds
[2021-07-06 13:54:38,286] {scheduler_job.py:182} INFO - Started process (PID=3663) to work on /home/airflow/airflow/dags/get_as_Dataframe.py
[2021-07-06 13:54:38,296] {scheduler_job.py:633} INFO - Processing file /home/airflow/airflow/dags/get_as_Dataframe.py for tasks to queue
[2021-07-06 13:54:38,298] {logging_mixin.py:104} INFO - [2021-07-06 13:54:38,297] {dagbag.py:487} INFO - Filling up the DagBag from /home/airflow/airflow/dags/get_as_Dataframe.py
[2021-07-06 13:54:38,890] {scheduler_job.py:643} INFO - DAG(s) dict_keys(['get_as_dataframe']) retrieved from /home/airflow/airflow/dags/get_as_Dataframe.py
[2021-07-06 13:54:38,938] {logging_mixin.py:104} INFO - [2021-07-06 13:54:38,938] {dag.py:1832} INFO - Sync 1 DAGs
[2021-07-06 13:54:38,971] {logging_mixin.py:104} INFO - [2021-07-06 13:54:38,971] {dag.py:2305} INFO - Setting next_dagrun for get_as_dataframe to 2021-07-05 00:00:00+00:00
[2021-07-06 13:54:38,987] {scheduler_job.py:190} INFO - Processing /home/airflow/airflow/dags/get_as_Dataframe.py took 0.709 seconds
[2021-07-06 13:55:09,746] {scheduler_job.py:182} INFO - Started process (PID=3747) to work on /home/airflow/airflow/dags/get_as_Dataframe.py
[2021-07-06 13:55:09,752] {scheduler_job.py:633} INFO - Processing file /home/airflow/airflow/dags/get_as_Dataframe.py for tasks to queue
[2021-07-06 13:55:09,755] {logging_mixin.py:104} INFO - [2021-07-06 13:55:09,755] {dagbag.py:487} INFO - Filling up the DagBag from /home/airflow/airflow/dags/get_as_Dataframe.py
[2021-07-06 13:55:10,331] {scheduler_job.py:643} INFO - DAG(s) dict_keys(['get_as_dataframe']) retrieved from /home/airflow/airflow/dags/get_as_Dataframe.py
[2021-07-06 13:55:10,362] {logging_mixin.py:104} INFO - [2021-07-06 13:55:10,361] {dag.py:1832} INFO - Sync 1 DAGs
[2021-07-06 13:55:10,391] {logging_mixin.py:104} INFO - [2021-07-06 13:55:10,391] {dag.py:2305} INFO - Setting next_dagrun for get_as_dataframe to 2021-07-05 00:00:00+00:00
[2021-07-06 13:55:10,402] {scheduler_job.py:190} INFO - Processing /home/airflow/airflow/dags/get_as_Dataframe.py took 0.660 seconds
[2021-07-06 13:55:40,637] {scheduler_job.py:182} INFO - Started process (PID=3828) to work on /home/airflow/airflow/dags/get_as_Dataframe.py
[2021-07-06 13:55:40,642] {scheduler_job.py:633} INFO - Processing file /home/airflow/airflow/dags/get_as_Dataframe.py for tasks to queue
[2021-07-06 13:55:40,643] {logging_mixin.py:104} INFO - [2021-07-06 13:55:40,642] {dagbag.py:487} INFO - Filling up the DagBag from /home/airflow/airflow/dags/get_as_Dataframe.py
[2021-07-06 13:55:41,399] {scheduler_job.py:643} INFO - DAG(s) dict_keys(['get_as_dataframe']) retrieved from /home/airflow/airflow/dags/get_as_Dataframe.py
[2021-07-06 13:55:41,430] {logging_mixin.py:104} INFO - [2021-07-06 13:55:41,430] {dag.py:1832} INFO - Sync 1 DAGs
[2021-07-06 13:55:41,453] {logging_mixin.py:104} INFO - [2021-07-06 13:55:41,453] {dag.py:2305} INFO - Setting next_dagrun for get_as_dataframe to 2021-07-05 00:00:00+00:00
[2021-07-06 13:55:41,468] {scheduler_job.py:190} INFO - Processing /home/airflow/airflow/dags/get_as_Dataframe.py took 0.835 seconds
[2021-07-06 13:56:11,857] {scheduler_job.py:182} INFO - Started process (PID=3916) to work on /home/airflow/airflow/dags/get_as_Dataframe.py
[2021-07-06 13:56:11,861] {scheduler_job.py:633} INFO - Processing file /home/airflow/airflow/dags/get_as_Dataframe.py for tasks to queue
[2021-07-06 13:56:11,862] {logging_mixin.py:104} INFO - [2021-07-06 13:56:11,862] {dagbag.py:487} INFO - Filling up the DagBag from /home/airflow/airflow/dags/get_as_Dataframe.py
[2021-07-06 13:56:12,533] {scheduler_job.py:643} INFO - DAG(s) dict_keys(['get_as_dataframe']) retrieved from /home/airflow/airflow/dags/get_as_Dataframe.py
[2021-07-06 13:56:12,582] {logging_mixin.py:104} INFO - [2021-07-06 13:56:12,581] {dag.py:1832} INFO - Sync 1 DAGs
[2021-07-06 13:56:12,613] {logging_mixin.py:104} INFO - [2021-07-06 13:56:12,613] {dag.py:2305} INFO - Setting next_dagrun for get_as_dataframe to 2021-07-05 00:00:00+00:00
[2021-07-06 13:56:12,622] {scheduler_job.py:190} INFO - Processing /home/airflow/airflow/dags/get_as_Dataframe.py took 0.770 seconds
[2021-07-06 13:56:43,313] {scheduler_job.py:182} INFO - Started process (PID=4004) to work on /home/airflow/airflow/dags/get_as_Dataframe.py
[2021-07-06 13:56:43,316] {scheduler_job.py:633} INFO - Processing file /home/airflow/airflow/dags/get_as_Dataframe.py for tasks to queue
[2021-07-06 13:56:43,317] {logging_mixin.py:104} INFO - [2021-07-06 13:56:43,317] {dagbag.py:487} INFO - Filling up the DagBag from /home/airflow/airflow/dags/get_as_Dataframe.py
[2021-07-06 13:56:43,969] {scheduler_job.py:643} INFO - DAG(s) dict_keys(['get_as_dataframe']) retrieved from /home/airflow/airflow/dags/get_as_Dataframe.py
[2021-07-06 13:56:44,003] {logging_mixin.py:104} INFO - [2021-07-06 13:56:44,002] {dag.py:1832} INFO - Sync 1 DAGs
[2021-07-06 13:56:44,030] {logging_mixin.py:104} INFO - [2021-07-06 13:56:44,030] {dag.py:2305} INFO - Setting next_dagrun for get_as_dataframe to 2021-07-05 00:00:00+00:00
[2021-07-06 13:56:44,061] {scheduler_job.py:190} INFO - Processing /home/airflow/airflow/dags/get_as_Dataframe.py took 0.755 seconds
[2021-07-06 13:57:14,663] {scheduler_job.py:182} INFO - Started process (PID=4085) to work on /home/airflow/airflow/dags/get_as_Dataframe.py
[2021-07-06 13:57:14,665] {scheduler_job.py:633} INFO - Processing file /home/airflow/airflow/dags/get_as_Dataframe.py for tasks to queue
[2021-07-06 13:57:14,665] {logging_mixin.py:104} INFO - [2021-07-06 13:57:14,665] {dagbag.py:487} INFO - Filling up the DagBag from /home/airflow/airflow/dags/get_as_Dataframe.py
[2021-07-06 13:57:15,323] {scheduler_job.py:643} INFO - DAG(s) dict_keys(['get_as_dataframe']) retrieved from /home/airflow/airflow/dags/get_as_Dataframe.py
[2021-07-06 13:57:15,399] {logging_mixin.py:104} INFO - [2021-07-06 13:57:15,399] {dag.py:1832} INFO - Sync 1 DAGs
[2021-07-06 13:57:15,435] {logging_mixin.py:104} INFO - [2021-07-06 13:57:15,434] {dag.py:2305} INFO - Setting next_dagrun for get_as_dataframe to 2021-07-05 00:00:00+00:00
[2021-07-06 13:57:15,447] {scheduler_job.py:190} INFO - Processing /home/airflow/airflow/dags/get_as_Dataframe.py took 0.790 seconds
[2021-07-06 13:57:45,793] {scheduler_job.py:182} INFO - Started process (PID=4273) to work on /home/airflow/airflow/dags/get_as_Dataframe.py
[2021-07-06 13:57:45,797] {scheduler_job.py:633} INFO - Processing file /home/airflow/airflow/dags/get_as_Dataframe.py for tasks to queue
[2021-07-06 13:57:45,799] {logging_mixin.py:104} INFO - [2021-07-06 13:57:45,799] {dagbag.py:487} INFO - Filling up the DagBag from /home/airflow/airflow/dags/get_as_Dataframe.py
[2021-07-06 13:57:46,470] {scheduler_job.py:643} INFO - DAG(s) dict_keys(['get_as_dataframe']) retrieved from /home/airflow/airflow/dags/get_as_Dataframe.py
[2021-07-06 13:57:46,505] {logging_mixin.py:104} INFO - [2021-07-06 13:57:46,504] {dag.py:1832} INFO - Sync 1 DAGs
[2021-07-06 13:57:46,529] {logging_mixin.py:104} INFO - [2021-07-06 13:57:46,529] {dag.py:2305} INFO - Setting next_dagrun for get_as_dataframe to 2021-07-05 00:00:00+00:00
[2021-07-06 13:57:46,540] {scheduler_job.py:190} INFO - Processing /home/airflow/airflow/dags/get_as_Dataframe.py took 0.750 seconds
[2021-07-06 13:58:17,381] {scheduler_job.py:182} INFO - Started process (PID=4355) to work on /home/airflow/airflow/dags/get_as_Dataframe.py
[2021-07-06 13:58:17,384] {scheduler_job.py:633} INFO - Processing file /home/airflow/airflow/dags/get_as_Dataframe.py for tasks to queue
[2021-07-06 13:58:17,386] {logging_mixin.py:104} INFO - [2021-07-06 13:58:17,385] {dagbag.py:487} INFO - Filling up the DagBag from /home/airflow/airflow/dags/get_as_Dataframe.py
[2021-07-06 13:58:18,020] {scheduler_job.py:643} INFO - DAG(s) dict_keys(['get_as_dataframe']) retrieved from /home/airflow/airflow/dags/get_as_Dataframe.py
[2021-07-06 13:58:18,060] {logging_mixin.py:104} INFO - [2021-07-06 13:58:18,060] {dag.py:1832} INFO - Sync 1 DAGs
[2021-07-06 13:58:18,092] {logging_mixin.py:104} INFO - [2021-07-06 13:58:18,092] {dag.py:2305} INFO - Setting next_dagrun for get_as_dataframe to 2021-07-05 00:00:00+00:00
[2021-07-06 13:58:18,107] {scheduler_job.py:190} INFO - Processing /home/airflow/airflow/dags/get_as_Dataframe.py took 0.730 seconds
[2021-07-06 13:58:48,825] {scheduler_job.py:182} INFO - Started process (PID=4436) to work on /home/airflow/airflow/dags/get_as_Dataframe.py
[2021-07-06 13:58:48,833] {scheduler_job.py:633} INFO - Processing file /home/airflow/airflow/dags/get_as_Dataframe.py for tasks to queue
[2021-07-06 13:58:48,834] {logging_mixin.py:104} INFO - [2021-07-06 13:58:48,834] {dagbag.py:487} INFO - Filling up the DagBag from /home/airflow/airflow/dags/get_as_Dataframe.py
[2021-07-06 13:58:49,650] {scheduler_job.py:643} INFO - DAG(s) dict_keys(['get_as_dataframe']) retrieved from /home/airflow/airflow/dags/get_as_Dataframe.py
[2021-07-06 13:58:49,696] {logging_mixin.py:104} INFO - [2021-07-06 13:58:49,695] {dag.py:1832} INFO - Sync 1 DAGs
[2021-07-06 13:58:49,735] {logging_mixin.py:104} INFO - [2021-07-06 13:58:49,735] {dag.py:2305} INFO - Setting next_dagrun for get_as_dataframe to 2021-07-05 00:00:00+00:00
[2021-07-06 13:58:49,756] {scheduler_job.py:190} INFO - Processing /home/airflow/airflow/dags/get_as_Dataframe.py took 0.940 seconds
[2021-07-06 13:59:19,975] {scheduler_job.py:182} INFO - Started process (PID=4518) to work on /home/airflow/airflow/dags/get_as_Dataframe.py
[2021-07-06 13:59:19,980] {scheduler_job.py:633} INFO - Processing file /home/airflow/airflow/dags/get_as_Dataframe.py for tasks to queue
[2021-07-06 13:59:19,992] {logging_mixin.py:104} INFO - [2021-07-06 13:59:19,991] {dagbag.py:487} INFO - Filling up the DagBag from /home/airflow/airflow/dags/get_as_Dataframe.py
[2021-07-06 13:59:20,767] {scheduler_job.py:643} INFO - DAG(s) dict_keys(['get_as_dataframe']) retrieved from /home/airflow/airflow/dags/get_as_Dataframe.py
[2021-07-06 13:59:20,808] {logging_mixin.py:104} INFO - [2021-07-06 13:59:20,807] {dag.py:1832} INFO - Sync 1 DAGs
[2021-07-06 13:59:20,843] {logging_mixin.py:104} INFO - [2021-07-06 13:59:20,843] {dag.py:2305} INFO - Setting next_dagrun for get_as_dataframe to 2021-07-05 00:00:00+00:00
[2021-07-06 13:59:20,857] {scheduler_job.py:190} INFO - Processing /home/airflow/airflow/dags/get_as_Dataframe.py took 0.889 seconds
[2021-07-06 13:59:50,970] {scheduler_job.py:182} INFO - Started process (PID=4615) to work on /home/airflow/airflow/dags/get_as_Dataframe.py
[2021-07-06 13:59:50,976] {scheduler_job.py:633} INFO - Processing file /home/airflow/airflow/dags/get_as_Dataframe.py for tasks to queue
[2021-07-06 13:59:50,977] {logging_mixin.py:104} INFO - [2021-07-06 13:59:50,977] {dagbag.py:487} INFO - Filling up the DagBag from /home/airflow/airflow/dags/get_as_Dataframe.py
[2021-07-06 13:59:51,578] {scheduler_job.py:643} INFO - DAG(s) dict_keys(['get_as_dataframe']) retrieved from /home/airflow/airflow/dags/get_as_Dataframe.py
[2021-07-06 13:59:51,605] {logging_mixin.py:104} INFO - [2021-07-06 13:59:51,604] {dag.py:1832} INFO - Sync 1 DAGs
[2021-07-06 13:59:51,627] {logging_mixin.py:104} INFO - [2021-07-06 13:59:51,627] {dag.py:2305} INFO - Setting next_dagrun for get_as_dataframe to 2021-07-05 00:00:00+00:00
[2021-07-06 13:59:51,645] {scheduler_job.py:190} INFO - Processing /home/airflow/airflow/dags/get_as_Dataframe.py took 0.679 seconds
[2021-07-06 14:00:22,086] {scheduler_job.py:182} INFO - Started process (PID=4697) to work on /home/airflow/airflow/dags/get_as_Dataframe.py
[2021-07-06 14:00:22,087] {scheduler_job.py:633} INFO - Processing file /home/airflow/airflow/dags/get_as_Dataframe.py for tasks to queue
[2021-07-06 14:00:22,098] {logging_mixin.py:104} INFO - [2021-07-06 14:00:22,097] {dagbag.py:487} INFO - Filling up the DagBag from /home/airflow/airflow/dags/get_as_Dataframe.py
[2021-07-06 14:00:22,833] {scheduler_job.py:643} INFO - DAG(s) dict_keys(['get_as_dataframe']) retrieved from /home/airflow/airflow/dags/get_as_Dataframe.py
[2021-07-06 14:00:22,865] {logging_mixin.py:104} INFO - [2021-07-06 14:00:22,865] {dag.py:1832} INFO - Sync 1 DAGs
[2021-07-06 14:00:22,882] {logging_mixin.py:104} INFO - [2021-07-06 14:00:22,882] {dag.py:2305} INFO - Setting next_dagrun for get_as_dataframe to 2021-07-05 00:00:00+00:00
[2021-07-06 14:00:22,903] {scheduler_job.py:190} INFO - Processing /home/airflow/airflow/dags/get_as_Dataframe.py took 0.826 seconds
[2021-07-06 14:00:53,254] {scheduler_job.py:182} INFO - Started process (PID=4785) to work on /home/airflow/airflow/dags/get_as_Dataframe.py
[2021-07-06 14:00:53,256] {scheduler_job.py:633} INFO - Processing file /home/airflow/airflow/dags/get_as_Dataframe.py for tasks to queue
[2021-07-06 14:00:53,256] {logging_mixin.py:104} INFO - [2021-07-06 14:00:53,256] {dagbag.py:487} INFO - Filling up the DagBag from /home/airflow/airflow/dags/get_as_Dataframe.py
[2021-07-06 14:00:53,917] {scheduler_job.py:643} INFO - DAG(s) dict_keys(['get_as_dataframe']) retrieved from /home/airflow/airflow/dags/get_as_Dataframe.py
[2021-07-06 14:00:53,953] {logging_mixin.py:104} INFO - [2021-07-06 14:00:53,951] {dag.py:1832} INFO - Sync 1 DAGs
[2021-07-06 14:00:54,007] {logging_mixin.py:104} INFO - [2021-07-06 14:00:54,007] {dag.py:2305} INFO - Setting next_dagrun for get_as_dataframe to 2021-07-05 00:00:00+00:00
[2021-07-06 14:00:54,016] {scheduler_job.py:190} INFO - Processing /home/airflow/airflow/dags/get_as_Dataframe.py took 0.774 seconds
[2021-07-06 14:01:24,769] {scheduler_job.py:182} INFO - Started process (PID=4866) to work on /home/airflow/airflow/dags/get_as_Dataframe.py
[2021-07-06 14:01:24,772] {scheduler_job.py:633} INFO - Processing file /home/airflow/airflow/dags/get_as_Dataframe.py for tasks to queue
[2021-07-06 14:01:24,774] {logging_mixin.py:104} INFO - [2021-07-06 14:01:24,774] {dagbag.py:487} INFO - Filling up the DagBag from /home/airflow/airflow/dags/get_as_Dataframe.py
[2021-07-06 14:01:25,539] {scheduler_job.py:643} INFO - DAG(s) dict_keys(['get_as_dataframe']) retrieved from /home/airflow/airflow/dags/get_as_Dataframe.py
[2021-07-06 14:01:25,568] {logging_mixin.py:104} INFO - [2021-07-06 14:01:25,567] {dag.py:1832} INFO - Sync 1 DAGs
[2021-07-06 14:01:25,597] {logging_mixin.py:104} INFO - [2021-07-06 14:01:25,597] {dag.py:2305} INFO - Setting next_dagrun for get_as_dataframe to 2021-07-05 00:00:00+00:00
[2021-07-06 14:01:25,612] {scheduler_job.py:190} INFO - Processing /home/airflow/airflow/dags/get_as_Dataframe.py took 0.848 seconds
[2021-07-06 14:01:55,796] {scheduler_job.py:182} INFO - Started process (PID=4948) to work on /home/airflow/airflow/dags/get_as_Dataframe.py
[2021-07-06 14:01:55,798] {scheduler_job.py:633} INFO - Processing file /home/airflow/airflow/dags/get_as_Dataframe.py for tasks to queue
[2021-07-06 14:01:55,804] {logging_mixin.py:104} INFO - [2021-07-06 14:01:55,804] {dagbag.py:487} INFO - Filling up the DagBag from /home/airflow/airflow/dags/get_as_Dataframe.py
[2021-07-06 14:01:57,073] {scheduler_job.py:643} INFO - DAG(s) dict_keys(['get_as_dataframe']) retrieved from /home/airflow/airflow/dags/get_as_Dataframe.py
[2021-07-06 14:01:57,104] {logging_mixin.py:104} INFO - [2021-07-06 14:01:57,103] {dag.py:1832} INFO - Sync 1 DAGs
[2021-07-06 14:01:57,138] {logging_mixin.py:104} INFO - [2021-07-06 14:01:57,138] {dag.py:2305} INFO - Setting next_dagrun for get_as_dataframe to 2021-07-05 00:00:00+00:00
[2021-07-06 14:01:57,154] {scheduler_job.py:190} INFO - Processing /home/airflow/airflow/dags/get_as_Dataframe.py took 1.370 seconds
[2021-07-06 14:02:27,245] {scheduler_job.py:182} INFO - Started process (PID=5043) to work on /home/airflow/airflow/dags/get_as_Dataframe.py
[2021-07-06 14:02:27,248] {scheduler_job.py:633} INFO - Processing file /home/airflow/airflow/dags/get_as_Dataframe.py for tasks to queue
[2021-07-06 14:02:27,252] {logging_mixin.py:104} INFO - [2021-07-06 14:02:27,252] {dagbag.py:487} INFO - Filling up the DagBag from /home/airflow/airflow/dags/get_as_Dataframe.py
[2021-07-06 14:02:28,114] {scheduler_job.py:643} INFO - DAG(s) dict_keys(['get_as_dataframe']) retrieved from /home/airflow/airflow/dags/get_as_Dataframe.py
[2021-07-06 14:02:28,220] {logging_mixin.py:104} INFO - [2021-07-06 14:02:28,219] {dag.py:1832} INFO - Sync 1 DAGs
[2021-07-06 14:02:28,296] {logging_mixin.py:104} INFO - [2021-07-06 14:02:28,296] {dag.py:2305} INFO - Setting next_dagrun for get_as_dataframe to 2021-07-05 00:00:00+00:00
[2021-07-06 14:02:28,350] {scheduler_job.py:190} INFO - Processing /home/airflow/airflow/dags/get_as_Dataframe.py took 1.109 seconds
[2021-07-06 14:02:59,013] {scheduler_job.py:182} INFO - Started process (PID=5124) to work on /home/airflow/airflow/dags/get_as_Dataframe.py
[2021-07-06 14:02:59,017] {scheduler_job.py:633} INFO - Processing file /home/airflow/airflow/dags/get_as_Dataframe.py for tasks to queue
[2021-07-06 14:02:59,019] {logging_mixin.py:104} INFO - [2021-07-06 14:02:59,018] {dagbag.py:487} INFO - Filling up the DagBag from /home/airflow/airflow/dags/get_as_Dataframe.py
[2021-07-06 14:02:59,790] {scheduler_job.py:643} INFO - DAG(s) dict_keys(['get_as_dataframe']) retrieved from /home/airflow/airflow/dags/get_as_Dataframe.py
[2021-07-06 14:02:59,832] {logging_mixin.py:104} INFO - [2021-07-06 14:02:59,832] {dag.py:1832} INFO - Sync 1 DAGs
[2021-07-06 14:02:59,870] {logging_mixin.py:104} INFO - [2021-07-06 14:02:59,870] {dag.py:2305} INFO - Setting next_dagrun for get_as_dataframe to 2021-07-05 00:00:00+00:00
[2021-07-06 14:02:59,889] {scheduler_job.py:190} INFO - Processing /home/airflow/airflow/dags/get_as_Dataframe.py took 0.886 seconds
[2021-07-06 14:03:30,758] {scheduler_job.py:182} INFO - Started process (PID=5395) to work on /home/airflow/airflow/dags/get_as_Dataframe.py
[2021-07-06 14:03:30,761] {scheduler_job.py:633} INFO - Processing file /home/airflow/airflow/dags/get_as_Dataframe.py for tasks to queue
[2021-07-06 14:03:30,762] {logging_mixin.py:104} INFO - [2021-07-06 14:03:30,762] {dagbag.py:487} INFO - Filling up the DagBag from /home/airflow/airflow/dags/get_as_Dataframe.py
[2021-07-06 14:03:31,625] {scheduler_job.py:643} INFO - DAG(s) dict_keys(['get_as_dataframe']) retrieved from /home/airflow/airflow/dags/get_as_Dataframe.py
[2021-07-06 14:03:31,674] {logging_mixin.py:104} INFO - [2021-07-06 14:03:31,673] {dag.py:1832} INFO - Sync 1 DAGs
[2021-07-06 14:03:31,727] {logging_mixin.py:104} INFO - [2021-07-06 14:03:31,727] {dag.py:2305} INFO - Setting next_dagrun for get_as_dataframe to 2021-07-05 00:00:00+00:00
[2021-07-06 14:03:31,749] {scheduler_job.py:190} INFO - Processing /home/airflow/airflow/dags/get_as_Dataframe.py took 1.003 seconds
[2021-07-06 14:04:02,017] {scheduler_job.py:182} INFO - Started process (PID=5482) to work on /home/airflow/airflow/dags/get_as_Dataframe.py
[2021-07-06 14:04:02,022] {scheduler_job.py:633} INFO - Processing file /home/airflow/airflow/dags/get_as_Dataframe.py for tasks to queue
[2021-07-06 14:04:02,025] {logging_mixin.py:104} INFO - [2021-07-06 14:04:02,025] {dagbag.py:487} INFO - Filling up the DagBag from /home/airflow/airflow/dags/get_as_Dataframe.py
[2021-07-06 14:04:03,382] {scheduler_job.py:643} INFO - DAG(s) dict_keys(['get_as_dataframe']) retrieved from /home/airflow/airflow/dags/get_as_Dataframe.py
[2021-07-06 14:04:03,434] {logging_mixin.py:104} INFO - [2021-07-06 14:04:03,434] {dag.py:1832} INFO - Sync 1 DAGs
[2021-07-06 14:04:03,493] {logging_mixin.py:104} INFO - [2021-07-06 14:04:03,493] {dag.py:2305} INFO - Setting next_dagrun for get_as_dataframe to 2021-07-05 00:00:00+00:00
[2021-07-06 14:04:03,517] {scheduler_job.py:190} INFO - Processing /home/airflow/airflow/dags/get_as_Dataframe.py took 1.521 seconds
[2021-07-06 14:04:34,347] {scheduler_job.py:182} INFO - Started process (PID=5563) to work on /home/airflow/airflow/dags/get_as_Dataframe.py
[2021-07-06 14:04:34,351] {scheduler_job.py:633} INFO - Processing file /home/airflow/airflow/dags/get_as_Dataframe.py for tasks to queue
[2021-07-06 14:04:34,353] {logging_mixin.py:104} INFO - [2021-07-06 14:04:34,353] {dagbag.py:487} INFO - Filling up the DagBag from /home/airflow/airflow/dags/get_as_Dataframe.py
[2021-07-06 14:04:35,140] {scheduler_job.py:643} INFO - DAG(s) dict_keys(['get_as_dataframe']) retrieved from /home/airflow/airflow/dags/get_as_Dataframe.py
[2021-07-06 14:04:35,178] {logging_mixin.py:104} INFO - [2021-07-06 14:04:35,178] {dag.py:1832} INFO - Sync 1 DAGs
[2021-07-06 14:04:35,216] {logging_mixin.py:104} INFO - [2021-07-06 14:04:35,215] {dag.py:2305} INFO - Setting next_dagrun for get_as_dataframe to 2021-07-05 00:00:00+00:00
[2021-07-06 14:04:35,234] {scheduler_job.py:190} INFO - Processing /home/airflow/airflow/dags/get_as_Dataframe.py took 0.897 seconds
[2021-07-06 14:05:05,599] {scheduler_job.py:182} INFO - Started process (PID=5648) to work on /home/airflow/airflow/dags/get_as_Dataframe.py
[2021-07-06 14:05:05,604] {scheduler_job.py:633} INFO - Processing file /home/airflow/airflow/dags/get_as_Dataframe.py for tasks to queue
[2021-07-06 14:05:05,608] {logging_mixin.py:104} INFO - [2021-07-06 14:05:05,608] {dagbag.py:487} INFO - Filling up the DagBag from /home/airflow/airflow/dags/get_as_Dataframe.py
[2021-07-06 14:05:06,193] {scheduler_job.py:643} INFO - DAG(s) dict_keys(['get_as_dataframe']) retrieved from /home/airflow/airflow/dags/get_as_Dataframe.py
[2021-07-06 14:05:06,223] {logging_mixin.py:104} INFO - [2021-07-06 14:05:06,223] {dag.py:1832} INFO - Sync 1 DAGs
[2021-07-06 14:05:06,257] {logging_mixin.py:104} INFO - [2021-07-06 14:05:06,257] {dag.py:2305} INFO - Setting next_dagrun for get_as_dataframe to 2021-07-05 00:00:00+00:00
[2021-07-06 14:05:06,270] {scheduler_job.py:190} INFO - Processing /home/airflow/airflow/dags/get_as_Dataframe.py took 0.678 seconds
[2021-07-06 14:05:36,795] {scheduler_job.py:182} INFO - Started process (PID=5729) to work on /home/airflow/airflow/dags/get_as_Dataframe.py
[2021-07-06 14:05:36,796] {scheduler_job.py:633} INFO - Processing file /home/airflow/airflow/dags/get_as_Dataframe.py for tasks to queue
[2021-07-06 14:05:36,797] {logging_mixin.py:104} INFO - [2021-07-06 14:05:36,797] {dagbag.py:487} INFO - Filling up the DagBag from /home/airflow/airflow/dags/get_as_Dataframe.py
[2021-07-06 14:05:37,390] {scheduler_job.py:643} INFO - DAG(s) dict_keys(['get_as_dataframe']) retrieved from /home/airflow/airflow/dags/get_as_Dataframe.py
[2021-07-06 14:05:37,436] {logging_mixin.py:104} INFO - [2021-07-06 14:05:37,435] {dag.py:1832} INFO - Sync 1 DAGs
[2021-07-06 14:05:37,458] {logging_mixin.py:104} INFO - [2021-07-06 14:05:37,458] {dag.py:2305} INFO - Setting next_dagrun for get_as_dataframe to 2021-07-05 00:00:00+00:00
[2021-07-06 14:05:37,470] {scheduler_job.py:190} INFO - Processing /home/airflow/airflow/dags/get_as_Dataframe.py took 0.679 seconds
[2021-07-06 14:06:08,121] {scheduler_job.py:182} INFO - Started process (PID=5811) to work on /home/airflow/airflow/dags/get_as_Dataframe.py
[2021-07-06 14:06:08,125] {scheduler_job.py:633} INFO - Processing file /home/airflow/airflow/dags/get_as_Dataframe.py for tasks to queue
[2021-07-06 14:06:08,127] {logging_mixin.py:104} INFO - [2021-07-06 14:06:08,126] {dagbag.py:487} INFO - Filling up the DagBag from /home/airflow/airflow/dags/get_as_Dataframe.py
[2021-07-06 14:06:08,686] {scheduler_job.py:643} INFO - DAG(s) dict_keys(['get_as_dataframe']) retrieved from /home/airflow/airflow/dags/get_as_Dataframe.py
[2021-07-06 14:06:08,716] {logging_mixin.py:104} INFO - [2021-07-06 14:06:08,715] {dag.py:1832} INFO - Sync 1 DAGs
[2021-07-06 14:06:08,738] {logging_mixin.py:104} INFO - [2021-07-06 14:06:08,738] {dag.py:2305} INFO - Setting next_dagrun for get_as_dataframe to 2021-07-05 00:00:00+00:00
[2021-07-06 14:06:08,753] {scheduler_job.py:190} INFO - Processing /home/airflow/airflow/dags/get_as_Dataframe.py took 0.636 seconds
[2021-07-06 14:06:39,285] {scheduler_job.py:182} INFO - Started process (PID=5892) to work on /home/airflow/airflow/dags/get_as_Dataframe.py
[2021-07-06 14:06:39,286] {scheduler_job.py:633} INFO - Processing file /home/airflow/airflow/dags/get_as_Dataframe.py for tasks to queue
[2021-07-06 14:06:39,286] {logging_mixin.py:104} INFO - [2021-07-06 14:06:39,286] {dagbag.py:487} INFO - Filling up the DagBag from /home/airflow/airflow/dags/get_as_Dataframe.py
[2021-07-06 14:06:39,824] {scheduler_job.py:643} INFO - DAG(s) dict_keys(['get_as_dataframe']) retrieved from /home/airflow/airflow/dags/get_as_Dataframe.py
[2021-07-06 14:06:39,854] {logging_mixin.py:104} INFO - [2021-07-06 14:06:39,854] {dag.py:1832} INFO - Sync 1 DAGs
[2021-07-06 14:06:39,877] {logging_mixin.py:104} INFO - [2021-07-06 14:06:39,877] {dag.py:2305} INFO - Setting next_dagrun for get_as_dataframe to 2021-07-05 00:00:00+00:00
[2021-07-06 14:06:39,890] {scheduler_job.py:190} INFO - Processing /home/airflow/airflow/dags/get_as_Dataframe.py took 0.609 seconds
[2021-07-06 14:07:10,837] {scheduler_job.py:182} INFO - Started process (PID=5973) to work on /home/airflow/airflow/dags/get_as_Dataframe.py
[2021-07-06 14:07:10,846] {scheduler_job.py:633} INFO - Processing file /home/airflow/airflow/dags/get_as_Dataframe.py for tasks to queue
[2021-07-06 14:07:10,849] {logging_mixin.py:104} INFO - [2021-07-06 14:07:10,849] {dagbag.py:487} INFO - Filling up the DagBag from /home/airflow/airflow/dags/get_as_Dataframe.py
[2021-07-06 14:07:11,561] {scheduler_job.py:643} INFO - DAG(s) dict_keys(['get_as_dataframe']) retrieved from /home/airflow/airflow/dags/get_as_Dataframe.py
[2021-07-06 14:07:11,595] {logging_mixin.py:104} INFO - [2021-07-06 14:07:11,595] {dag.py:1832} INFO - Sync 1 DAGs
[2021-07-06 14:07:11,633] {logging_mixin.py:104} INFO - [2021-07-06 14:07:11,633] {dag.py:2305} INFO - Setting next_dagrun for get_as_dataframe to 2021-07-05 00:00:00+00:00
[2021-07-06 14:07:11,649] {scheduler_job.py:190} INFO - Processing /home/airflow/airflow/dags/get_as_Dataframe.py took 0.816 seconds
[2021-07-06 14:07:41,731] {scheduler_job.py:182} INFO - Started process (PID=6055) to work on /home/airflow/airflow/dags/get_as_Dataframe.py
[2021-07-06 14:07:41,736] {scheduler_job.py:633} INFO - Processing file /home/airflow/airflow/dags/get_as_Dataframe.py for tasks to queue
[2021-07-06 14:07:41,737] {logging_mixin.py:104} INFO - [2021-07-06 14:07:41,737] {dagbag.py:487} INFO - Filling up the DagBag from /home/airflow/airflow/dags/get_as_Dataframe.py
[2021-07-06 14:07:42,408] {scheduler_job.py:643} INFO - DAG(s) dict_keys(['get_as_dataframe']) retrieved from /home/airflow/airflow/dags/get_as_Dataframe.py
[2021-07-06 14:07:42,443] {logging_mixin.py:104} INFO - [2021-07-06 14:07:42,442] {dag.py:1832} INFO - Sync 1 DAGs
[2021-07-06 14:07:42,475] {logging_mixin.py:104} INFO - [2021-07-06 14:07:42,475] {dag.py:2305} INFO - Setting next_dagrun for get_as_dataframe to 2021-07-05 00:00:00+00:00
[2021-07-06 14:07:42,487] {scheduler_job.py:190} INFO - Processing /home/airflow/airflow/dags/get_as_Dataframe.py took 0.761 seconds
[2021-07-06 14:08:12,929] {scheduler_job.py:182} INFO - Started process (PID=6137) to work on /home/airflow/airflow/dags/get_as_Dataframe.py
[2021-07-06 14:08:12,933] {scheduler_job.py:633} INFO - Processing file /home/airflow/airflow/dags/get_as_Dataframe.py for tasks to queue
[2021-07-06 14:08:12,934] {logging_mixin.py:104} INFO - [2021-07-06 14:08:12,934] {dagbag.py:487} INFO - Filling up the DagBag from /home/airflow/airflow/dags/get_as_Dataframe.py
[2021-07-06 14:08:13,624] {scheduler_job.py:643} INFO - DAG(s) dict_keys(['get_as_dataframe']) retrieved from /home/airflow/airflow/dags/get_as_Dataframe.py
[2021-07-06 14:08:13,664] {logging_mixin.py:104} INFO - [2021-07-06 14:08:13,663] {dag.py:1832} INFO - Sync 1 DAGs
[2021-07-06 14:08:13,693] {logging_mixin.py:104} INFO - [2021-07-06 14:08:13,693] {dag.py:2305} INFO - Setting next_dagrun for get_as_dataframe to 2021-07-05 00:00:00+00:00
[2021-07-06 14:08:13,708] {scheduler_job.py:190} INFO - Processing /home/airflow/airflow/dags/get_as_Dataframe.py took 0.783 seconds
[2021-07-06 14:08:43,913] {scheduler_job.py:182} INFO - Started process (PID=6218) to work on /home/airflow/airflow/dags/get_as_Dataframe.py
[2021-07-06 14:08:43,915] {scheduler_job.py:633} INFO - Processing file /home/airflow/airflow/dags/get_as_Dataframe.py for tasks to queue
[2021-07-06 14:08:43,916] {logging_mixin.py:104} INFO - [2021-07-06 14:08:43,915] {dagbag.py:487} INFO - Filling up the DagBag from /home/airflow/airflow/dags/get_as_Dataframe.py
[2021-07-06 14:08:44,495] {scheduler_job.py:643} INFO - DAG(s) dict_keys(['get_as_dataframe']) retrieved from /home/airflow/airflow/dags/get_as_Dataframe.py
[2021-07-06 14:08:44,523] {logging_mixin.py:104} INFO - [2021-07-06 14:08:44,522] {dag.py:1832} INFO - Sync 1 DAGs
[2021-07-06 14:08:44,542] {logging_mixin.py:104} INFO - [2021-07-06 14:08:44,542] {dag.py:2305} INFO - Setting next_dagrun for get_as_dataframe to 2021-07-05 00:00:00+00:00
[2021-07-06 14:08:44,581] {scheduler_job.py:190} INFO - Processing /home/airflow/airflow/dags/get_as_Dataframe.py took 0.687 seconds
[2021-07-06 14:09:14,758] {scheduler_job.py:182} INFO - Started process (PID=6299) to work on /home/airflow/airflow/dags/get_as_Dataframe.py
[2021-07-06 14:09:14,760] {scheduler_job.py:633} INFO - Processing file /home/airflow/airflow/dags/get_as_Dataframe.py for tasks to queue
[2021-07-06 14:09:14,761] {logging_mixin.py:104} INFO - [2021-07-06 14:09:14,761] {dagbag.py:487} INFO - Filling up the DagBag from /home/airflow/airflow/dags/get_as_Dataframe.py
[2021-07-06 14:09:15,462] {scheduler_job.py:643} INFO - DAG(s) dict_keys(['get_as_dataframe']) retrieved from /home/airflow/airflow/dags/get_as_Dataframe.py
[2021-07-06 14:09:15,538] {logging_mixin.py:104} INFO - [2021-07-06 14:09:15,537] {dag.py:1832} INFO - Sync 1 DAGs
[2021-07-06 14:09:15,585] {logging_mixin.py:104} INFO - [2021-07-06 14:09:15,583] {dag.py:2305} INFO - Setting next_dagrun for get_as_dataframe to 2021-07-05 00:00:00+00:00
[2021-07-06 14:09:15,600] {scheduler_job.py:190} INFO - Processing /home/airflow/airflow/dags/get_as_Dataframe.py took 0.847 seconds
[2021-07-06 14:09:46,060] {scheduler_job.py:182} INFO - Started process (PID=6380) to work on /home/airflow/airflow/dags/get_as_Dataframe.py
[2021-07-06 14:09:46,063] {scheduler_job.py:633} INFO - Processing file /home/airflow/airflow/dags/get_as_Dataframe.py for tasks to queue
[2021-07-06 14:09:46,065] {logging_mixin.py:104} INFO - [2021-07-06 14:09:46,065] {dagbag.py:487} INFO - Filling up the DagBag from /home/airflow/airflow/dags/get_as_Dataframe.py
[2021-07-06 14:09:46,614] {scheduler_job.py:643} INFO - DAG(s) dict_keys(['get_as_dataframe']) retrieved from /home/airflow/airflow/dags/get_as_Dataframe.py
[2021-07-06 14:09:46,648] {logging_mixin.py:104} INFO - [2021-07-06 14:09:46,648] {dag.py:1832} INFO - Sync 1 DAGs
[2021-07-06 14:09:46,677] {logging_mixin.py:104} INFO - [2021-07-06 14:09:46,677] {dag.py:2305} INFO - Setting next_dagrun for get_as_dataframe to 2021-07-05 00:00:00+00:00
[2021-07-06 14:09:46,691] {scheduler_job.py:190} INFO - Processing /home/airflow/airflow/dags/get_as_Dataframe.py took 0.634 seconds
[2021-07-06 14:10:16,921] {scheduler_job.py:182} INFO - Started process (PID=6461) to work on /home/airflow/airflow/dags/get_as_Dataframe.py
[2021-07-06 14:10:16,924] {scheduler_job.py:633} INFO - Processing file /home/airflow/airflow/dags/get_as_Dataframe.py for tasks to queue
[2021-07-06 14:10:16,926] {logging_mixin.py:104} INFO - [2021-07-06 14:10:16,926] {dagbag.py:487} INFO - Filling up the DagBag from /home/airflow/airflow/dags/get_as_Dataframe.py
[2021-07-06 14:10:17,601] {scheduler_job.py:643} INFO - DAG(s) dict_keys(['get_as_dataframe']) retrieved from /home/airflow/airflow/dags/get_as_Dataframe.py
[2021-07-06 14:10:17,640] {logging_mixin.py:104} INFO - [2021-07-06 14:10:17,640] {dag.py:1832} INFO - Sync 1 DAGs
[2021-07-06 14:10:17,701] {logging_mixin.py:104} INFO - [2021-07-06 14:10:17,701] {dag.py:2305} INFO - Setting next_dagrun for get_as_dataframe to 2021-07-05 00:00:00+00:00
[2021-07-06 14:10:17,722] {scheduler_job.py:190} INFO - Processing /home/airflow/airflow/dags/get_as_Dataframe.py took 0.804 seconds
[2021-07-06 14:10:48,229] {scheduler_job.py:182} INFO - Started process (PID=6542) to work on /home/airflow/airflow/dags/get_as_Dataframe.py
[2021-07-06 14:10:48,232] {scheduler_job.py:633} INFO - Processing file /home/airflow/airflow/dags/get_as_Dataframe.py for tasks to queue
[2021-07-06 14:10:48,234] {logging_mixin.py:104} INFO - [2021-07-06 14:10:48,234] {dagbag.py:487} INFO - Filling up the DagBag from /home/airflow/airflow/dags/get_as_Dataframe.py
[2021-07-06 14:10:48,758] {scheduler_job.py:643} INFO - DAG(s) dict_keys(['get_as_dataframe']) retrieved from /home/airflow/airflow/dags/get_as_Dataframe.py
[2021-07-06 14:10:48,785] {logging_mixin.py:104} INFO - [2021-07-06 14:10:48,785] {dag.py:1832} INFO - Sync 1 DAGs
[2021-07-06 14:10:48,805] {logging_mixin.py:104} INFO - [2021-07-06 14:10:48,805] {dag.py:2305} INFO - Setting next_dagrun for get_as_dataframe to 2021-07-05 00:00:00+00:00
[2021-07-06 14:10:48,818] {scheduler_job.py:190} INFO - Processing /home/airflow/airflow/dags/get_as_Dataframe.py took 0.593 seconds
[2021-07-06 14:11:19,211] {scheduler_job.py:182} INFO - Started process (PID=6624) to work on /home/airflow/airflow/dags/get_as_Dataframe.py
[2021-07-06 14:11:19,214] {scheduler_job.py:633} INFO - Processing file /home/airflow/airflow/dags/get_as_Dataframe.py for tasks to queue
[2021-07-06 14:11:19,217] {logging_mixin.py:104} INFO - [2021-07-06 14:11:19,217] {dagbag.py:487} INFO - Filling up the DagBag from /home/airflow/airflow/dags/get_as_Dataframe.py
[2021-07-06 14:11:19,782] {scheduler_job.py:643} INFO - DAG(s) dict_keys(['get_as_dataframe']) retrieved from /home/airflow/airflow/dags/get_as_Dataframe.py
[2021-07-06 14:11:19,818] {logging_mixin.py:104} INFO - [2021-07-06 14:11:19,817] {dag.py:1832} INFO - Sync 1 DAGs
[2021-07-06 14:11:19,843] {logging_mixin.py:104} INFO - [2021-07-06 14:11:19,842] {dag.py:2305} INFO - Setting next_dagrun for get_as_dataframe to 2021-07-05 00:00:00+00:00
[2021-07-06 14:11:19,859] {scheduler_job.py:190} INFO - Processing /home/airflow/airflow/dags/get_as_Dataframe.py took 0.650 seconds
[2021-07-06 14:11:50,401] {scheduler_job.py:182} INFO - Started process (PID=6706) to work on /home/airflow/airflow/dags/get_as_Dataframe.py
[2021-07-06 14:11:50,404] {scheduler_job.py:633} INFO - Processing file /home/airflow/airflow/dags/get_as_Dataframe.py for tasks to queue
[2021-07-06 14:11:50,406] {logging_mixin.py:104} INFO - [2021-07-06 14:11:50,406] {dagbag.py:487} INFO - Filling up the DagBag from /home/airflow/airflow/dags/get_as_Dataframe.py
[2021-07-06 14:11:51,094] {scheduler_job.py:643} INFO - DAG(s) dict_keys(['get_as_dataframe']) retrieved from /home/airflow/airflow/dags/get_as_Dataframe.py
[2021-07-06 14:11:51,137] {logging_mixin.py:104} INFO - [2021-07-06 14:11:51,137] {dag.py:1832} INFO - Sync 1 DAGs
[2021-07-06 14:11:51,177] {logging_mixin.py:104} INFO - [2021-07-06 14:11:51,177] {dag.py:2305} INFO - Setting next_dagrun for get_as_dataframe to 2021-07-05 00:00:00+00:00
[2021-07-06 14:11:51,189] {scheduler_job.py:190} INFO - Processing /home/airflow/airflow/dags/get_as_Dataframe.py took 0.792 seconds
[2021-07-06 14:12:21,426] {scheduler_job.py:182} INFO - Started process (PID=6787) to work on /home/airflow/airflow/dags/get_as_Dataframe.py
[2021-07-06 14:12:21,429] {scheduler_job.py:633} INFO - Processing file /home/airflow/airflow/dags/get_as_Dataframe.py for tasks to queue
[2021-07-06 14:12:21,431] {logging_mixin.py:104} INFO - [2021-07-06 14:12:21,431] {dagbag.py:487} INFO - Filling up the DagBag from /home/airflow/airflow/dags/get_as_Dataframe.py
[2021-07-06 14:12:21,974] {scheduler_job.py:643} INFO - DAG(s) dict_keys(['get_as_dataframe']) retrieved from /home/airflow/airflow/dags/get_as_Dataframe.py
[2021-07-06 14:12:22,000] {logging_mixin.py:104} INFO - [2021-07-06 14:12:22,000] {dag.py:1832} INFO - Sync 1 DAGs
[2021-07-06 14:12:22,022] {logging_mixin.py:104} INFO - [2021-07-06 14:12:22,022] {dag.py:2305} INFO - Setting next_dagrun for get_as_dataframe to 2021-07-05 00:00:00+00:00
[2021-07-06 14:12:22,037] {scheduler_job.py:190} INFO - Processing /home/airflow/airflow/dags/get_as_Dataframe.py took 0.615 seconds
[2021-07-06 14:12:52,350] {scheduler_job.py:182} INFO - Started process (PID=6868) to work on /home/airflow/airflow/dags/get_as_Dataframe.py
[2021-07-06 14:12:52,354] {scheduler_job.py:633} INFO - Processing file /home/airflow/airflow/dags/get_as_Dataframe.py for tasks to queue
[2021-07-06 14:12:52,360] {logging_mixin.py:104} INFO - [2021-07-06 14:12:52,359] {dagbag.py:487} INFO - Filling up the DagBag from /home/airflow/airflow/dags/get_as_Dataframe.py
[2021-07-06 14:12:52,954] {scheduler_job.py:643} INFO - DAG(s) dict_keys(['get_as_dataframe']) retrieved from /home/airflow/airflow/dags/get_as_Dataframe.py
[2021-07-06 14:12:52,991] {logging_mixin.py:104} INFO - [2021-07-06 14:12:52,991] {dag.py:1832} INFO - Sync 1 DAGs
[2021-07-06 14:12:53,019] {logging_mixin.py:104} INFO - [2021-07-06 14:12:53,019] {dag.py:2305} INFO - Setting next_dagrun for get_as_dataframe to 2021-07-05 00:00:00+00:00
[2021-07-06 14:12:53,029] {scheduler_job.py:190} INFO - Processing /home/airflow/airflow/dags/get_as_Dataframe.py took 0.681 seconds
[2021-07-06 14:13:23,085] {scheduler_job.py:182} INFO - Started process (PID=6949) to work on /home/airflow/airflow/dags/get_as_Dataframe.py
[2021-07-06 14:13:23,087] {scheduler_job.py:633} INFO - Processing file /home/airflow/airflow/dags/get_as_Dataframe.py for tasks to queue
[2021-07-06 14:13:23,087] {logging_mixin.py:104} INFO - [2021-07-06 14:13:23,087] {dagbag.py:487} INFO - Filling up the DagBag from /home/airflow/airflow/dags/get_as_Dataframe.py
[2021-07-06 14:13:23,711] {scheduler_job.py:643} INFO - DAG(s) dict_keys(['get_as_dataframe']) retrieved from /home/airflow/airflow/dags/get_as_Dataframe.py
[2021-07-06 14:13:23,749] {logging_mixin.py:104} INFO - [2021-07-06 14:13:23,748] {dag.py:1832} INFO - Sync 1 DAGs
[2021-07-06 14:13:23,789] {logging_mixin.py:104} INFO - [2021-07-06 14:13:23,789] {dag.py:2305} INFO - Setting next_dagrun for get_as_dataframe to 2021-07-05 00:00:00+00:00
[2021-07-06 14:13:23,802] {scheduler_job.py:190} INFO - Processing /home/airflow/airflow/dags/get_as_Dataframe.py took 0.724 seconds
[2021-07-06 14:13:54,281] {scheduler_job.py:182} INFO - Started process (PID=7030) to work on /home/airflow/airflow/dags/get_as_Dataframe.py
[2021-07-06 14:13:54,284] {scheduler_job.py:633} INFO - Processing file /home/airflow/airflow/dags/get_as_Dataframe.py for tasks to queue
[2021-07-06 14:13:54,290] {logging_mixin.py:104} INFO - [2021-07-06 14:13:54,289] {dagbag.py:487} INFO - Filling up the DagBag from /home/airflow/airflow/dags/get_as_Dataframe.py
[2021-07-06 14:13:54,974] {scheduler_job.py:643} INFO - DAG(s) dict_keys(['get_as_dataframe']) retrieved from /home/airflow/airflow/dags/get_as_Dataframe.py
[2021-07-06 14:13:55,016] {logging_mixin.py:104} INFO - [2021-07-06 14:13:55,016] {dag.py:1832} INFO - Sync 1 DAGs
[2021-07-06 14:13:55,067] {logging_mixin.py:104} INFO - [2021-07-06 14:13:55,067] {dag.py:2305} INFO - Setting next_dagrun for get_as_dataframe to 2021-07-05 00:00:00+00:00
[2021-07-06 14:13:55,080] {scheduler_job.py:190} INFO - Processing /home/airflow/airflow/dags/get_as_Dataframe.py took 0.803 seconds
[2021-07-06 14:14:25,953] {scheduler_job.py:182} INFO - Started process (PID=7112) to work on /home/airflow/airflow/dags/get_as_Dataframe.py
[2021-07-06 14:14:25,957] {scheduler_job.py:633} INFO - Processing file /home/airflow/airflow/dags/get_as_Dataframe.py for tasks to queue
[2021-07-06 14:14:25,960] {logging_mixin.py:104} INFO - [2021-07-06 14:14:25,960] {dagbag.py:487} INFO - Filling up the DagBag from /home/airflow/airflow/dags/get_as_Dataframe.py
[2021-07-06 14:14:26,682] {scheduler_job.py:643} INFO - DAG(s) dict_keys(['get_as_dataframe']) retrieved from /home/airflow/airflow/dags/get_as_Dataframe.py
[2021-07-06 14:14:26,718] {logging_mixin.py:104} INFO - [2021-07-06 14:14:26,718] {dag.py:1832} INFO - Sync 1 DAGs
[2021-07-06 14:14:26,749] {logging_mixin.py:104} INFO - [2021-07-06 14:14:26,749] {dag.py:2305} INFO - Setting next_dagrun for get_as_dataframe to 2021-07-05 00:00:00+00:00
[2021-07-06 14:14:26,763] {scheduler_job.py:190} INFO - Processing /home/airflow/airflow/dags/get_as_Dataframe.py took 0.813 seconds
[2021-07-06 14:14:57,166] {scheduler_job.py:182} INFO - Started process (PID=7193) to work on /home/airflow/airflow/dags/get_as_Dataframe.py
[2021-07-06 14:14:57,168] {scheduler_job.py:633} INFO - Processing file /home/airflow/airflow/dags/get_as_Dataframe.py for tasks to queue
[2021-07-06 14:14:57,169] {logging_mixin.py:104} INFO - [2021-07-06 14:14:57,169] {dagbag.py:487} INFO - Filling up the DagBag from /home/airflow/airflow/dags/get_as_Dataframe.py
[2021-07-06 14:14:57,775] {scheduler_job.py:643} INFO - DAG(s) dict_keys(['get_as_dataframe']) retrieved from /home/airflow/airflow/dags/get_as_Dataframe.py
[2021-07-06 14:14:57,809] {logging_mixin.py:104} INFO - [2021-07-06 14:14:57,808] {dag.py:1832} INFO - Sync 1 DAGs
[2021-07-06 14:14:57,830] {logging_mixin.py:104} INFO - [2021-07-06 14:14:57,830] {dag.py:2305} INFO - Setting next_dagrun for get_as_dataframe to 2021-07-05 00:00:00+00:00
[2021-07-06 14:14:57,841] {scheduler_job.py:190} INFO - Processing /home/airflow/airflow/dags/get_as_Dataframe.py took 0.680 seconds
[2021-07-06 14:15:27,907] {scheduler_job.py:182} INFO - Started process (PID=7279) to work on /home/airflow/airflow/dags/get_as_Dataframe.py
[2021-07-06 14:15:27,911] {scheduler_job.py:633} INFO - Processing file /home/airflow/airflow/dags/get_as_Dataframe.py for tasks to queue
[2021-07-06 14:15:27,913] {logging_mixin.py:104} INFO - [2021-07-06 14:15:27,913] {dagbag.py:487} INFO - Filling up the DagBag from /home/airflow/airflow/dags/get_as_Dataframe.py
[2021-07-06 14:15:28,579] {scheduler_job.py:643} INFO - DAG(s) dict_keys(['get_as_dataframe']) retrieved from /home/airflow/airflow/dags/get_as_Dataframe.py
[2021-07-06 14:15:28,612] {logging_mixin.py:104} INFO - [2021-07-06 14:15:28,612] {dag.py:1832} INFO - Sync 1 DAGs
[2021-07-06 14:15:28,634] {logging_mixin.py:104} INFO - [2021-07-06 14:15:28,634] {dag.py:2305} INFO - Setting next_dagrun for get_as_dataframe to 2021-07-05 00:00:00+00:00
[2021-07-06 14:15:28,646] {scheduler_job.py:190} INFO - Processing /home/airflow/airflow/dags/get_as_Dataframe.py took 0.745 seconds
[2021-07-06 14:15:58,826] {scheduler_job.py:182} INFO - Started process (PID=7360) to work on /home/airflow/airflow/dags/get_as_Dataframe.py
[2021-07-06 14:15:58,830] {scheduler_job.py:633} INFO - Processing file /home/airflow/airflow/dags/get_as_Dataframe.py for tasks to queue
[2021-07-06 14:15:58,833] {logging_mixin.py:104} INFO - [2021-07-06 14:15:58,833] {dagbag.py:487} INFO - Filling up the DagBag from /home/airflow/airflow/dags/get_as_Dataframe.py
[2021-07-06 14:15:59,462] {scheduler_job.py:643} INFO - DAG(s) dict_keys(['get_as_dataframe']) retrieved from /home/airflow/airflow/dags/get_as_Dataframe.py
[2021-07-06 14:15:59,500] {logging_mixin.py:104} INFO - [2021-07-06 14:15:59,499] {dag.py:1832} INFO - Sync 1 DAGs
[2021-07-06 14:15:59,527] {logging_mixin.py:104} INFO - [2021-07-06 14:15:59,527] {dag.py:2305} INFO - Setting next_dagrun for get_as_dataframe to 2021-07-05 00:00:00+00:00
[2021-07-06 14:15:59,538] {scheduler_job.py:190} INFO - Processing /home/airflow/airflow/dags/get_as_Dataframe.py took 0.720 seconds
[2021-07-06 14:16:29,831] {scheduler_job.py:182} INFO - Started process (PID=7441) to work on /home/airflow/airflow/dags/get_as_Dataframe.py
[2021-07-06 14:16:29,832] {scheduler_job.py:633} INFO - Processing file /home/airflow/airflow/dags/get_as_Dataframe.py for tasks to queue
[2021-07-06 14:16:29,834] {logging_mixin.py:104} INFO - [2021-07-06 14:16:29,833] {dagbag.py:487} INFO - Filling up the DagBag from /home/airflow/airflow/dags/get_as_Dataframe.py
[2021-07-06 14:16:30,581] {scheduler_job.py:643} INFO - DAG(s) dict_keys(['get_as_dataframe']) retrieved from /home/airflow/airflow/dags/get_as_Dataframe.py
[2021-07-06 14:16:30,626] {logging_mixin.py:104} INFO - [2021-07-06 14:16:30,625] {dag.py:1832} INFO - Sync 1 DAGs
[2021-07-06 14:16:30,652] {logging_mixin.py:104} INFO - [2021-07-06 14:16:30,652] {dag.py:2305} INFO - Setting next_dagrun for get_as_dataframe to 2021-07-05 00:00:00+00:00
[2021-07-06 14:16:30,672] {scheduler_job.py:190} INFO - Processing /home/airflow/airflow/dags/get_as_Dataframe.py took 0.846 seconds
[2021-07-06 14:17:01,165] {scheduler_job.py:182} INFO - Started process (PID=7524) to work on /home/airflow/airflow/dags/get_as_Dataframe.py
[2021-07-06 14:17:01,170] {scheduler_job.py:633} INFO - Processing file /home/airflow/airflow/dags/get_as_Dataframe.py for tasks to queue
[2021-07-06 14:17:01,172] {logging_mixin.py:104} INFO - [2021-07-06 14:17:01,172] {dagbag.py:487} INFO - Filling up the DagBag from /home/airflow/airflow/dags/get_as_Dataframe.py
[2021-07-06 14:17:01,822] {scheduler_job.py:643} INFO - DAG(s) dict_keys(['get_as_dataframe']) retrieved from /home/airflow/airflow/dags/get_as_Dataframe.py
[2021-07-06 14:17:01,853] {logging_mixin.py:104} INFO - [2021-07-06 14:17:01,853] {dag.py:1832} INFO - Sync 1 DAGs
[2021-07-06 14:17:01,886] {logging_mixin.py:104} INFO - [2021-07-06 14:17:01,886] {dag.py:2305} INFO - Setting next_dagrun for get_as_dataframe to 2021-07-05 00:00:00+00:00
[2021-07-06 14:17:01,899] {scheduler_job.py:190} INFO - Processing /home/airflow/airflow/dags/get_as_Dataframe.py took 0.740 seconds
[2021-07-06 14:17:31,930] {scheduler_job.py:182} INFO - Started process (PID=7608) to work on /home/airflow/airflow/dags/get_as_Dataframe.py
[2021-07-06 14:17:31,933] {scheduler_job.py:633} INFO - Processing file /home/airflow/airflow/dags/get_as_Dataframe.py for tasks to queue
[2021-07-06 14:17:31,935] {logging_mixin.py:104} INFO - [2021-07-06 14:17:31,935] {dagbag.py:487} INFO - Filling up the DagBag from /home/airflow/airflow/dags/get_as_Dataframe.py
[2021-07-06 14:17:32,584] {scheduler_job.py:643} INFO - DAG(s) dict_keys(['get_as_dataframe']) retrieved from /home/airflow/airflow/dags/get_as_Dataframe.py
[2021-07-06 14:17:32,648] {logging_mixin.py:104} INFO - [2021-07-06 14:17:32,647] {dag.py:1832} INFO - Sync 1 DAGs
[2021-07-06 14:17:32,686] {logging_mixin.py:104} INFO - [2021-07-06 14:17:32,686] {dag.py:2305} INFO - Setting next_dagrun for get_as_dataframe to 2021-07-05 00:00:00+00:00
[2021-07-06 14:17:32,700] {scheduler_job.py:190} INFO - Processing /home/airflow/airflow/dags/get_as_Dataframe.py took 0.773 seconds
[2021-07-06 14:18:03,157] {scheduler_job.py:182} INFO - Started process (PID=7689) to work on /home/airflow/airflow/dags/get_as_Dataframe.py
[2021-07-06 14:18:03,160] {scheduler_job.py:633} INFO - Processing file /home/airflow/airflow/dags/get_as_Dataframe.py for tasks to queue
[2021-07-06 14:18:03,162] {logging_mixin.py:104} INFO - [2021-07-06 14:18:03,162] {dagbag.py:487} INFO - Filling up the DagBag from /home/airflow/airflow/dags/get_as_Dataframe.py
[2021-07-06 14:18:03,914] {scheduler_job.py:643} INFO - DAG(s) dict_keys(['get_as_dataframe']) retrieved from /home/airflow/airflow/dags/get_as_Dataframe.py
[2021-07-06 14:18:03,955] {logging_mixin.py:104} INFO - [2021-07-06 14:18:03,955] {dag.py:1832} INFO - Sync 1 DAGs
[2021-07-06 14:18:04,008] {logging_mixin.py:104} INFO - [2021-07-06 14:18:04,008] {dag.py:2305} INFO - Setting next_dagrun for get_as_dataframe to 2021-07-05 00:00:00+00:00
[2021-07-06 14:18:04,025] {scheduler_job.py:190} INFO - Processing /home/airflow/airflow/dags/get_as_Dataframe.py took 0.876 seconds
[2021-07-06 14:18:34,136] {scheduler_job.py:182} INFO - Started process (PID=7771) to work on /home/airflow/airflow/dags/get_as_Dataframe.py
[2021-07-06 14:18:34,140] {scheduler_job.py:633} INFO - Processing file /home/airflow/airflow/dags/get_as_Dataframe.py for tasks to queue
[2021-07-06 14:18:34,142] {logging_mixin.py:104} INFO - [2021-07-06 14:18:34,142] {dagbag.py:487} INFO - Filling up the DagBag from /home/airflow/airflow/dags/get_as_Dataframe.py
[2021-07-06 14:18:34,897] {scheduler_job.py:643} INFO - DAG(s) dict_keys(['get_as_dataframe']) retrieved from /home/airflow/airflow/dags/get_as_Dataframe.py
[2021-07-06 14:18:34,929] {logging_mixin.py:104} INFO - [2021-07-06 14:18:34,929] {dag.py:1832} INFO - Sync 1 DAGs
[2021-07-06 14:18:34,966] {logging_mixin.py:104} INFO - [2021-07-06 14:18:34,966] {dag.py:2305} INFO - Setting next_dagrun for get_as_dataframe to 2021-07-05 00:00:00+00:00
[2021-07-06 14:18:34,977] {scheduler_job.py:190} INFO - Processing /home/airflow/airflow/dags/get_as_Dataframe.py took 0.846 seconds
[2021-07-06 14:19:05,215] {scheduler_job.py:182} INFO - Started process (PID=7882) to work on /home/airflow/airflow/dags/get_as_Dataframe.py
[2021-07-06 14:19:05,218] {scheduler_job.py:633} INFO - Processing file /home/airflow/airflow/dags/get_as_Dataframe.py for tasks to queue
[2021-07-06 14:19:05,220] {logging_mixin.py:104} INFO - [2021-07-06 14:19:05,220] {dagbag.py:487} INFO - Filling up the DagBag from /home/airflow/airflow/dags/get_as_Dataframe.py
[2021-07-06 14:19:05,877] {scheduler_job.py:643} INFO - DAG(s) dict_keys(['get_as_dataframe']) retrieved from /home/airflow/airflow/dags/get_as_Dataframe.py
[2021-07-06 14:19:05,909] {logging_mixin.py:104} INFO - [2021-07-06 14:19:05,908] {dag.py:1832} INFO - Sync 1 DAGs
[2021-07-06 14:19:05,948] {logging_mixin.py:104} INFO - [2021-07-06 14:19:05,948] {dag.py:2305} INFO - Setting next_dagrun for get_as_dataframe to 2021-07-05 00:00:00+00:00
[2021-07-06 14:19:05,958] {scheduler_job.py:190} INFO - Processing /home/airflow/airflow/dags/get_as_Dataframe.py took 0.748 seconds
