[2021-07-06 13:45:18,996] {scheduler_job.py:182} INFO - Started process (PID=1905) to work on /home/airflow/airflow/dags/trigger_rule.py
[2021-07-06 13:45:18,998] {scheduler_job.py:633} INFO - Processing file /home/airflow/airflow/dags/trigger_rule.py for tasks to queue
[2021-07-06 13:45:18,998] {logging_mixin.py:104} INFO - [2021-07-06 13:45:18,998] {dagbag.py:487} INFO - Filling up the DagBag from /home/airflow/airflow/dags/trigger_rule.py
[2021-07-06 13:45:19,014] {scheduler_job.py:643} INFO - DAG(s) dict_keys(['trigger_rule']) retrieved from /home/airflow/airflow/dags/trigger_rule.py
[2021-07-06 13:45:19,045] {logging_mixin.py:104} INFO - [2021-07-06 13:45:19,044] {dag.py:1832} INFO - Sync 1 DAGs
[2021-07-06 13:45:19,079] {logging_mixin.py:104} INFO - [2021-07-06 13:45:19,079] {dag.py:2305} INFO - Setting next_dagrun for trigger_rule to 2021-07-05 00:00:00+00:00
[2021-07-06 13:45:19,093] {scheduler_job.py:190} INFO - Processing /home/airflow/airflow/dags/trigger_rule.py took 0.109 seconds
[2021-07-06 13:45:54,111] {scheduler_job.py:182} INFO - Started process (PID=1999) to work on /home/airflow/airflow/dags/trigger_rule.py
[2021-07-06 13:45:54,118] {scheduler_job.py:633} INFO - Processing file /home/airflow/airflow/dags/trigger_rule.py for tasks to queue
[2021-07-06 13:45:54,120] {logging_mixin.py:104} INFO - [2021-07-06 13:45:54,120] {dagbag.py:487} INFO - Filling up the DagBag from /home/airflow/airflow/dags/trigger_rule.py
[2021-07-06 13:45:54,227] {scheduler_job.py:643} INFO - DAG(s) dict_keys(['trigger_rule']) retrieved from /home/airflow/airflow/dags/trigger_rule.py
[2021-07-06 13:45:54,334] {logging_mixin.py:104} INFO - [2021-07-06 13:45:54,331] {dag.py:1832} INFO - Sync 1 DAGs
[2021-07-06 13:45:54,417] {logging_mixin.py:104} INFO - [2021-07-06 13:45:54,417] {dag.py:2305} INFO - Setting next_dagrun for trigger_rule to 2021-07-05 00:00:00+00:00
[2021-07-06 13:45:54,457] {scheduler_job.py:190} INFO - Processing /home/airflow/airflow/dags/trigger_rule.py took 0.353 seconds
[2021-07-06 13:46:24,959] {scheduler_job.py:182} INFO - Started process (PID=2075) to work on /home/airflow/airflow/dags/trigger_rule.py
[2021-07-06 13:46:24,960] {scheduler_job.py:633} INFO - Processing file /home/airflow/airflow/dags/trigger_rule.py for tasks to queue
[2021-07-06 13:46:24,961] {logging_mixin.py:104} INFO - [2021-07-06 13:46:24,961] {dagbag.py:487} INFO - Filling up the DagBag from /home/airflow/airflow/dags/trigger_rule.py
[2021-07-06 13:46:25,004] {scheduler_job.py:643} INFO - DAG(s) dict_keys(['trigger_rule']) retrieved from /home/airflow/airflow/dags/trigger_rule.py
[2021-07-06 13:46:25,064] {logging_mixin.py:104} INFO - [2021-07-06 13:46:25,064] {dag.py:1832} INFO - Sync 1 DAGs
[2021-07-06 13:46:25,096] {logging_mixin.py:104} INFO - [2021-07-06 13:46:25,095] {dag.py:2305} INFO - Setting next_dagrun for trigger_rule to 2021-07-05 00:00:00+00:00
[2021-07-06 13:46:25,107] {scheduler_job.py:190} INFO - Processing /home/airflow/airflow/dags/trigger_rule.py took 0.152 seconds
[2021-07-06 13:46:59,991] {scheduler_job.py:182} INFO - Started process (PID=2245) to work on /home/airflow/airflow/dags/trigger_rule.py
[2021-07-06 13:46:59,993] {scheduler_job.py:633} INFO - Processing file /home/airflow/airflow/dags/trigger_rule.py for tasks to queue
[2021-07-06 13:47:00,000] {logging_mixin.py:104} INFO - [2021-07-06 13:46:59,994] {dagbag.py:487} INFO - Filling up the DagBag from /home/airflow/airflow/dags/trigger_rule.py
[2021-07-06 13:47:00,084] {scheduler_job.py:643} INFO - DAG(s) dict_keys(['trigger_rule']) retrieved from /home/airflow/airflow/dags/trigger_rule.py
[2021-07-06 13:47:00,188] {logging_mixin.py:104} INFO - [2021-07-06 13:47:00,188] {dag.py:1832} INFO - Sync 1 DAGs
[2021-07-06 13:47:00,266] {logging_mixin.py:104} INFO - [2021-07-06 13:47:00,265] {dag.py:2305} INFO - Setting next_dagrun for trigger_rule to 2021-07-05 00:00:00+00:00
[2021-07-06 13:47:00,317] {scheduler_job.py:190} INFO - Processing /home/airflow/airflow/dags/trigger_rule.py took 0.337 seconds
[2021-07-06 13:47:30,616] {scheduler_job.py:182} INFO - Started process (PID=2348) to work on /home/airflow/airflow/dags/trigger_rule.py
[2021-07-06 13:47:30,620] {scheduler_job.py:633} INFO - Processing file /home/airflow/airflow/dags/trigger_rule.py for tasks to queue
[2021-07-06 13:47:30,622] {logging_mixin.py:104} INFO - [2021-07-06 13:47:30,622] {dagbag.py:487} INFO - Filling up the DagBag from /home/airflow/airflow/dags/trigger_rule.py
[2021-07-06 13:47:30,646] {scheduler_job.py:643} INFO - DAG(s) dict_keys(['trigger_rule']) retrieved from /home/airflow/airflow/dags/trigger_rule.py
[2021-07-06 13:47:30,698] {logging_mixin.py:104} INFO - [2021-07-06 13:47:30,698] {dag.py:1832} INFO - Sync 1 DAGs
[2021-07-06 13:47:30,720] {logging_mixin.py:104} INFO - [2021-07-06 13:47:30,720] {dag.py:2305} INFO - Setting next_dagrun for trigger_rule to 2021-07-05 00:00:00+00:00
[2021-07-06 13:47:30,733] {scheduler_job.py:190} INFO - Processing /home/airflow/airflow/dags/trigger_rule.py took 0.123 seconds
[2021-07-06 13:48:00,948] {scheduler_job.py:182} INFO - Started process (PID=2427) to work on /home/airflow/airflow/dags/trigger_rule.py
[2021-07-06 13:48:00,957] {scheduler_job.py:633} INFO - Processing file /home/airflow/airflow/dags/trigger_rule.py for tasks to queue
[2021-07-06 13:48:00,962] {logging_mixin.py:104} INFO - [2021-07-06 13:48:00,962] {dagbag.py:487} INFO - Filling up the DagBag from /home/airflow/airflow/dags/trigger_rule.py
[2021-07-06 13:48:00,998] {scheduler_job.py:643} INFO - DAG(s) dict_keys(['trigger_rule']) retrieved from /home/airflow/airflow/dags/trigger_rule.py
[2021-07-06 13:48:01,062] {logging_mixin.py:104} INFO - [2021-07-06 13:48:01,062] {dag.py:1832} INFO - Sync 1 DAGs
[2021-07-06 13:48:01,128] {logging_mixin.py:104} INFO - [2021-07-06 13:48:01,128] {dag.py:2305} INFO - Setting next_dagrun for trigger_rule to 2021-07-05 00:00:00+00:00
[2021-07-06 13:48:01,162] {scheduler_job.py:190} INFO - Processing /home/airflow/airflow/dags/trigger_rule.py took 0.233 seconds
[2021-07-06 13:48:31,888] {scheduler_job.py:182} INFO - Started process (PID=2505) to work on /home/airflow/airflow/dags/trigger_rule.py
[2021-07-06 13:48:31,895] {scheduler_job.py:633} INFO - Processing file /home/airflow/airflow/dags/trigger_rule.py for tasks to queue
[2021-07-06 13:48:31,897] {logging_mixin.py:104} INFO - [2021-07-06 13:48:31,897] {dagbag.py:487} INFO - Filling up the DagBag from /home/airflow/airflow/dags/trigger_rule.py
[2021-07-06 13:48:31,914] {scheduler_job.py:643} INFO - DAG(s) dict_keys(['trigger_rule']) retrieved from /home/airflow/airflow/dags/trigger_rule.py
[2021-07-06 13:48:31,957] {logging_mixin.py:104} INFO - [2021-07-06 13:48:31,956] {dag.py:1832} INFO - Sync 1 DAGs
[2021-07-06 13:48:31,982] {logging_mixin.py:104} INFO - [2021-07-06 13:48:31,981] {dag.py:2305} INFO - Setting next_dagrun for trigger_rule to 2021-07-05 00:00:00+00:00
[2021-07-06 13:48:31,998] {scheduler_job.py:190} INFO - Processing /home/airflow/airflow/dags/trigger_rule.py took 0.114 seconds
[2021-07-06 13:49:02,763] {scheduler_job.py:182} INFO - Started process (PID=2585) to work on /home/airflow/airflow/dags/trigger_rule.py
[2021-07-06 13:49:02,765] {scheduler_job.py:633} INFO - Processing file /home/airflow/airflow/dags/trigger_rule.py for tasks to queue
[2021-07-06 13:49:02,766] {logging_mixin.py:104} INFO - [2021-07-06 13:49:02,766] {dagbag.py:487} INFO - Filling up the DagBag from /home/airflow/airflow/dags/trigger_rule.py
[2021-07-06 13:49:02,780] {scheduler_job.py:643} INFO - DAG(s) dict_keys(['trigger_rule']) retrieved from /home/airflow/airflow/dags/trigger_rule.py
[2021-07-06 13:49:02,814] {logging_mixin.py:104} INFO - [2021-07-06 13:49:02,814] {dag.py:1832} INFO - Sync 1 DAGs
[2021-07-06 13:49:02,840] {logging_mixin.py:104} INFO - [2021-07-06 13:49:02,840] {dag.py:2305} INFO - Setting next_dagrun for trigger_rule to 2021-07-05 00:00:00+00:00
[2021-07-06 13:49:02,852] {scheduler_job.py:190} INFO - Processing /home/airflow/airflow/dags/trigger_rule.py took 0.093 seconds
[2021-07-06 13:49:33,511] {scheduler_job.py:182} INFO - Started process (PID=2664) to work on /home/airflow/airflow/dags/trigger_rule.py
[2021-07-06 13:49:33,518] {scheduler_job.py:633} INFO - Processing file /home/airflow/airflow/dags/trigger_rule.py for tasks to queue
[2021-07-06 13:49:33,520] {logging_mixin.py:104} INFO - [2021-07-06 13:49:33,519] {dagbag.py:487} INFO - Filling up the DagBag from /home/airflow/airflow/dags/trigger_rule.py
[2021-07-06 13:49:33,561] {scheduler_job.py:643} INFO - DAG(s) dict_keys(['trigger_rule']) retrieved from /home/airflow/airflow/dags/trigger_rule.py
[2021-07-06 13:49:33,599] {logging_mixin.py:104} INFO - [2021-07-06 13:49:33,598] {dag.py:1832} INFO - Sync 1 DAGs
[2021-07-06 13:49:33,630] {logging_mixin.py:104} INFO - [2021-07-06 13:49:33,630] {dag.py:2305} INFO - Setting next_dagrun for trigger_rule to 2021-07-05 00:00:00+00:00
[2021-07-06 13:49:33,643] {scheduler_job.py:190} INFO - Processing /home/airflow/airflow/dags/trigger_rule.py took 0.135 seconds
[2021-07-06 13:50:04,346] {scheduler_job.py:182} INFO - Started process (PID=2748) to work on /home/airflow/airflow/dags/trigger_rule.py
[2021-07-06 13:50:04,351] {scheduler_job.py:633} INFO - Processing file /home/airflow/airflow/dags/trigger_rule.py for tasks to queue
[2021-07-06 13:50:04,352] {logging_mixin.py:104} INFO - [2021-07-06 13:50:04,352] {dagbag.py:487} INFO - Filling up the DagBag from /home/airflow/airflow/dags/trigger_rule.py
[2021-07-06 13:50:04,370] {scheduler_job.py:643} INFO - DAG(s) dict_keys(['trigger_rule']) retrieved from /home/airflow/airflow/dags/trigger_rule.py
[2021-07-06 13:50:04,412] {logging_mixin.py:104} INFO - [2021-07-06 13:50:04,411] {dag.py:1832} INFO - Sync 1 DAGs
[2021-07-06 13:50:04,445] {logging_mixin.py:104} INFO - [2021-07-06 13:50:04,445] {dag.py:2305} INFO - Setting next_dagrun for trigger_rule to 2021-07-05 00:00:00+00:00
[2021-07-06 13:50:04,456] {scheduler_job.py:190} INFO - Processing /home/airflow/airflow/dags/trigger_rule.py took 0.113 seconds
[2021-07-06 13:50:35,301] {scheduler_job.py:182} INFO - Started process (PID=2830) to work on /home/airflow/airflow/dags/trigger_rule.py
[2021-07-06 13:50:35,306] {scheduler_job.py:633} INFO - Processing file /home/airflow/airflow/dags/trigger_rule.py for tasks to queue
[2021-07-06 13:50:35,309] {logging_mixin.py:104} INFO - [2021-07-06 13:50:35,309] {dagbag.py:487} INFO - Filling up the DagBag from /home/airflow/airflow/dags/trigger_rule.py
[2021-07-06 13:50:35,332] {scheduler_job.py:643} INFO - DAG(s) dict_keys(['trigger_rule']) retrieved from /home/airflow/airflow/dags/trigger_rule.py
[2021-07-06 13:50:35,371] {logging_mixin.py:104} INFO - [2021-07-06 13:50:35,370] {dag.py:1832} INFO - Sync 1 DAGs
[2021-07-06 13:50:35,443] {logging_mixin.py:104} INFO - [2021-07-06 13:50:35,443] {dag.py:2305} INFO - Setting next_dagrun for trigger_rule to 2021-07-05 00:00:00+00:00
[2021-07-06 13:50:35,467] {scheduler_job.py:190} INFO - Processing /home/airflow/airflow/dags/trigger_rule.py took 0.169 seconds
[2021-07-06 13:51:06,217] {scheduler_job.py:182} INFO - Started process (PID=2909) to work on /home/airflow/airflow/dags/trigger_rule.py
[2021-07-06 13:51:06,252] {scheduler_job.py:633} INFO - Processing file /home/airflow/airflow/dags/trigger_rule.py for tasks to queue
[2021-07-06 13:51:06,267] {logging_mixin.py:104} INFO - [2021-07-06 13:51:06,262] {dagbag.py:487} INFO - Filling up the DagBag from /home/airflow/airflow/dags/trigger_rule.py
[2021-07-06 13:51:06,368] {scheduler_job.py:643} INFO - DAG(s) dict_keys(['trigger_rule']) retrieved from /home/airflow/airflow/dags/trigger_rule.py
[2021-07-06 13:51:06,536] {logging_mixin.py:104} INFO - [2021-07-06 13:51:06,536] {dag.py:1832} INFO - Sync 1 DAGs
[2021-07-06 13:51:06,602] {logging_mixin.py:104} INFO - [2021-07-06 13:51:06,602] {dag.py:2305} INFO - Setting next_dagrun for trigger_rule to 2021-07-05 00:00:00+00:00
[2021-07-06 13:51:06,628] {scheduler_job.py:190} INFO - Processing /home/airflow/airflow/dags/trigger_rule.py took 0.434 seconds
[2021-07-06 13:51:37,416] {scheduler_job.py:182} INFO - Started process (PID=3099) to work on /home/airflow/airflow/dags/trigger_rule.py
[2021-07-06 13:51:37,420] {scheduler_job.py:633} INFO - Processing file /home/airflow/airflow/dags/trigger_rule.py for tasks to queue
[2021-07-06 13:51:37,421] {logging_mixin.py:104} INFO - [2021-07-06 13:51:37,421] {dagbag.py:487} INFO - Filling up the DagBag from /home/airflow/airflow/dags/trigger_rule.py
[2021-07-06 13:51:37,451] {scheduler_job.py:643} INFO - DAG(s) dict_keys(['trigger_rule']) retrieved from /home/airflow/airflow/dags/trigger_rule.py
[2021-07-06 13:51:37,515] {logging_mixin.py:104} INFO - [2021-07-06 13:51:37,515] {dag.py:1832} INFO - Sync 1 DAGs
[2021-07-06 13:51:37,585] {logging_mixin.py:104} INFO - [2021-07-06 13:51:37,585] {dag.py:2305} INFO - Setting next_dagrun for trigger_rule to 2021-07-05 00:00:00+00:00
[2021-07-06 13:51:37,615] {scheduler_job.py:190} INFO - Processing /home/airflow/airflow/dags/trigger_rule.py took 0.208 seconds
[2021-07-06 13:52:07,876] {scheduler_job.py:182} INFO - Started process (PID=3177) to work on /home/airflow/airflow/dags/trigger_rule.py
[2021-07-06 13:52:07,879] {scheduler_job.py:633} INFO - Processing file /home/airflow/airflow/dags/trigger_rule.py for tasks to queue
[2021-07-06 13:52:07,881] {logging_mixin.py:104} INFO - [2021-07-06 13:52:07,881] {dagbag.py:487} INFO - Filling up the DagBag from /home/airflow/airflow/dags/trigger_rule.py
[2021-07-06 13:52:07,896] {scheduler_job.py:643} INFO - DAG(s) dict_keys(['trigger_rule']) retrieved from /home/airflow/airflow/dags/trigger_rule.py
[2021-07-06 13:52:07,940] {logging_mixin.py:104} INFO - [2021-07-06 13:52:07,940] {dag.py:1832} INFO - Sync 1 DAGs
[2021-07-06 13:52:07,991] {logging_mixin.py:104} INFO - [2021-07-06 13:52:07,991] {dag.py:2305} INFO - Setting next_dagrun for trigger_rule to 2021-07-05 00:00:00+00:00
[2021-07-06 13:52:08,012] {scheduler_job.py:190} INFO - Processing /home/airflow/airflow/dags/trigger_rule.py took 0.141 seconds
[2021-07-06 13:52:38,648] {scheduler_job.py:182} INFO - Started process (PID=3362) to work on /home/airflow/airflow/dags/trigger_rule.py
[2021-07-06 13:52:38,651] {scheduler_job.py:633} INFO - Processing file /home/airflow/airflow/dags/trigger_rule.py for tasks to queue
[2021-07-06 13:52:38,654] {logging_mixin.py:104} INFO - [2021-07-06 13:52:38,654] {dagbag.py:487} INFO - Filling up the DagBag from /home/airflow/airflow/dags/trigger_rule.py
[2021-07-06 13:52:38,669] {scheduler_job.py:643} INFO - DAG(s) dict_keys(['trigger_rule']) retrieved from /home/airflow/airflow/dags/trigger_rule.py
[2021-07-06 13:52:38,701] {logging_mixin.py:104} INFO - [2021-07-06 13:52:38,701] {dag.py:1832} INFO - Sync 1 DAGs
[2021-07-06 13:52:38,725] {logging_mixin.py:104} INFO - [2021-07-06 13:52:38,725] {dag.py:2305} INFO - Setting next_dagrun for trigger_rule to 2021-07-05 00:00:00+00:00
[2021-07-06 13:52:38,736] {scheduler_job.py:190} INFO - Processing /home/airflow/airflow/dags/trigger_rule.py took 0.092 seconds
[2021-07-06 13:53:09,107] {scheduler_job.py:182} INFO - Started process (PID=3437) to work on /home/airflow/airflow/dags/trigger_rule.py
[2021-07-06 13:53:09,108] {scheduler_job.py:633} INFO - Processing file /home/airflow/airflow/dags/trigger_rule.py for tasks to queue
[2021-07-06 13:53:09,109] {logging_mixin.py:104} INFO - [2021-07-06 13:53:09,109] {dagbag.py:487} INFO - Filling up the DagBag from /home/airflow/airflow/dags/trigger_rule.py
[2021-07-06 13:53:09,124] {scheduler_job.py:643} INFO - DAG(s) dict_keys(['trigger_rule']) retrieved from /home/airflow/airflow/dags/trigger_rule.py
[2021-07-06 13:53:09,151] {logging_mixin.py:104} INFO - [2021-07-06 13:53:09,150] {dag.py:1832} INFO - Sync 1 DAGs
[2021-07-06 13:53:09,181] {logging_mixin.py:104} INFO - [2021-07-06 13:53:09,180] {dag.py:2305} INFO - Setting next_dagrun for trigger_rule to 2021-07-05 00:00:00+00:00
[2021-07-06 13:53:09,190] {scheduler_job.py:190} INFO - Processing /home/airflow/airflow/dags/trigger_rule.py took 0.087 seconds
[2021-07-06 13:53:39,270] {scheduler_job.py:182} INFO - Started process (PID=3514) to work on /home/airflow/airflow/dags/trigger_rule.py
[2021-07-06 13:53:39,273] {scheduler_job.py:633} INFO - Processing file /home/airflow/airflow/dags/trigger_rule.py for tasks to queue
[2021-07-06 13:53:39,274] {logging_mixin.py:104} INFO - [2021-07-06 13:53:39,274] {dagbag.py:487} INFO - Filling up the DagBag from /home/airflow/airflow/dags/trigger_rule.py
[2021-07-06 13:53:39,291] {scheduler_job.py:643} INFO - DAG(s) dict_keys(['trigger_rule']) retrieved from /home/airflow/airflow/dags/trigger_rule.py
[2021-07-06 13:53:39,326] {logging_mixin.py:104} INFO - [2021-07-06 13:53:39,326] {dag.py:1832} INFO - Sync 1 DAGs
[2021-07-06 13:53:39,355] {logging_mixin.py:104} INFO - [2021-07-06 13:53:39,354] {dag.py:2305} INFO - Setting next_dagrun for trigger_rule to 2021-07-05 00:00:00+00:00
[2021-07-06 13:53:39,365] {scheduler_job.py:190} INFO - Processing /home/airflow/airflow/dags/trigger_rule.py took 0.102 seconds
[2021-07-06 13:54:09,466] {scheduler_job.py:182} INFO - Started process (PID=3595) to work on /home/airflow/airflow/dags/trigger_rule.py
[2021-07-06 13:54:09,469] {scheduler_job.py:633} INFO - Processing file /home/airflow/airflow/dags/trigger_rule.py for tasks to queue
[2021-07-06 13:54:09,472] {logging_mixin.py:104} INFO - [2021-07-06 13:54:09,472] {dagbag.py:487} INFO - Filling up the DagBag from /home/airflow/airflow/dags/trigger_rule.py
[2021-07-06 13:54:09,495] {scheduler_job.py:643} INFO - DAG(s) dict_keys(['trigger_rule']) retrieved from /home/airflow/airflow/dags/trigger_rule.py
[2021-07-06 13:54:09,534] {logging_mixin.py:104} INFO - [2021-07-06 13:54:09,533] {dag.py:1832} INFO - Sync 1 DAGs
[2021-07-06 13:54:09,560] {logging_mixin.py:104} INFO - [2021-07-06 13:54:09,559] {dag.py:2305} INFO - Setting next_dagrun for trigger_rule to 2021-07-05 00:00:00+00:00
[2021-07-06 13:54:09,595] {scheduler_job.py:190} INFO - Processing /home/airflow/airflow/dags/trigger_rule.py took 0.135 seconds
[2021-07-06 13:54:40,035] {scheduler_job.py:182} INFO - Started process (PID=3672) to work on /home/airflow/airflow/dags/trigger_rule.py
[2021-07-06 13:54:40,036] {scheduler_job.py:633} INFO - Processing file /home/airflow/airflow/dags/trigger_rule.py for tasks to queue
[2021-07-06 13:54:40,037] {logging_mixin.py:104} INFO - [2021-07-06 13:54:40,037] {dagbag.py:487} INFO - Filling up the DagBag from /home/airflow/airflow/dags/trigger_rule.py
[2021-07-06 13:54:40,060] {scheduler_job.py:643} INFO - DAG(s) dict_keys(['trigger_rule']) retrieved from /home/airflow/airflow/dags/trigger_rule.py
[2021-07-06 13:54:40,123] {logging_mixin.py:104} INFO - [2021-07-06 13:54:40,123] {dag.py:1832} INFO - Sync 1 DAGs
[2021-07-06 13:54:40,151] {logging_mixin.py:104} INFO - [2021-07-06 13:54:40,151] {dag.py:2305} INFO - Setting next_dagrun for trigger_rule to 2021-07-05 00:00:00+00:00
[2021-07-06 13:54:40,165] {scheduler_job.py:190} INFO - Processing /home/airflow/airflow/dags/trigger_rule.py took 0.140 seconds
[2021-07-06 13:55:10,446] {scheduler_job.py:182} INFO - Started process (PID=3756) to work on /home/airflow/airflow/dags/trigger_rule.py
[2021-07-06 13:55:10,448] {scheduler_job.py:633} INFO - Processing file /home/airflow/airflow/dags/trigger_rule.py for tasks to queue
[2021-07-06 13:55:10,452] {logging_mixin.py:104} INFO - [2021-07-06 13:55:10,451] {dagbag.py:487} INFO - Filling up the DagBag from /home/airflow/airflow/dags/trigger_rule.py
[2021-07-06 13:55:10,467] {scheduler_job.py:643} INFO - DAG(s) dict_keys(['trigger_rule']) retrieved from /home/airflow/airflow/dags/trigger_rule.py
[2021-07-06 13:55:10,497] {logging_mixin.py:104} INFO - [2021-07-06 13:55:10,497] {dag.py:1832} INFO - Sync 1 DAGs
[2021-07-06 13:55:10,521] {logging_mixin.py:104} INFO - [2021-07-06 13:55:10,521] {dag.py:2305} INFO - Setting next_dagrun for trigger_rule to 2021-07-05 00:00:00+00:00
[2021-07-06 13:55:10,531] {scheduler_job.py:190} INFO - Processing /home/airflow/airflow/dags/trigger_rule.py took 0.091 seconds
[2021-07-06 13:55:40,819] {scheduler_job.py:182} INFO - Started process (PID=3838) to work on /home/airflow/airflow/dags/trigger_rule.py
[2021-07-06 13:55:40,821] {scheduler_job.py:633} INFO - Processing file /home/airflow/airflow/dags/trigger_rule.py for tasks to queue
[2021-07-06 13:55:40,823] {logging_mixin.py:104} INFO - [2021-07-06 13:55:40,823] {dagbag.py:487} INFO - Filling up the DagBag from /home/airflow/airflow/dags/trigger_rule.py
[2021-07-06 13:55:40,841] {scheduler_job.py:643} INFO - DAG(s) dict_keys(['trigger_rule']) retrieved from /home/airflow/airflow/dags/trigger_rule.py
[2021-07-06 13:55:40,896] {logging_mixin.py:104} INFO - [2021-07-06 13:55:40,896] {dag.py:1832} INFO - Sync 1 DAGs
[2021-07-06 13:55:40,932] {logging_mixin.py:104} INFO - [2021-07-06 13:55:40,932] {dag.py:2305} INFO - Setting next_dagrun for trigger_rule to 2021-07-05 00:00:00+00:00
[2021-07-06 13:55:40,942] {scheduler_job.py:190} INFO - Processing /home/airflow/airflow/dags/trigger_rule.py took 0.131 seconds
[2021-07-06 13:56:11,852] {scheduler_job.py:182} INFO - Started process (PID=3917) to work on /home/airflow/airflow/dags/trigger_rule.py
[2021-07-06 13:56:11,866] {scheduler_job.py:633} INFO - Processing file /home/airflow/airflow/dags/trigger_rule.py for tasks to queue
[2021-07-06 13:56:11,867] {logging_mixin.py:104} INFO - [2021-07-06 13:56:11,866] {dagbag.py:487} INFO - Filling up the DagBag from /home/airflow/airflow/dags/trigger_rule.py
[2021-07-06 13:56:11,882] {scheduler_job.py:643} INFO - DAG(s) dict_keys(['trigger_rule']) retrieved from /home/airflow/airflow/dags/trigger_rule.py
[2021-07-06 13:56:11,913] {logging_mixin.py:104} INFO - [2021-07-06 13:56:11,912] {dag.py:1832} INFO - Sync 1 DAGs
[2021-07-06 13:56:11,942] {logging_mixin.py:104} INFO - [2021-07-06 13:56:11,941] {dag.py:2305} INFO - Setting next_dagrun for trigger_rule to 2021-07-05 00:00:00+00:00
[2021-07-06 13:56:11,951] {scheduler_job.py:190} INFO - Processing /home/airflow/airflow/dags/trigger_rule.py took 0.105 seconds
[2021-07-06 13:56:42,157] {scheduler_job.py:182} INFO - Started process (PID=3998) to work on /home/airflow/airflow/dags/trigger_rule.py
[2021-07-06 13:56:42,160] {scheduler_job.py:633} INFO - Processing file /home/airflow/airflow/dags/trigger_rule.py for tasks to queue
[2021-07-06 13:56:42,162] {logging_mixin.py:104} INFO - [2021-07-06 13:56:42,162] {dagbag.py:487} INFO - Filling up the DagBag from /home/airflow/airflow/dags/trigger_rule.py
[2021-07-06 13:56:42,193] {scheduler_job.py:643} INFO - DAG(s) dict_keys(['trigger_rule']) retrieved from /home/airflow/airflow/dags/trigger_rule.py
[2021-07-06 13:56:42,245] {logging_mixin.py:104} INFO - [2021-07-06 13:56:42,245] {dag.py:1832} INFO - Sync 1 DAGs
[2021-07-06 13:56:42,293] {logging_mixin.py:104} INFO - [2021-07-06 13:56:42,293] {dag.py:2305} INFO - Setting next_dagrun for trigger_rule to 2021-07-05 00:00:00+00:00
[2021-07-06 13:56:42,309] {scheduler_job.py:190} INFO - Processing /home/airflow/airflow/dags/trigger_rule.py took 0.158 seconds
[2021-07-06 13:57:12,648] {scheduler_job.py:182} INFO - Started process (PID=4079) to work on /home/airflow/airflow/dags/trigger_rule.py
[2021-07-06 13:57:12,656] {scheduler_job.py:633} INFO - Processing file /home/airflow/airflow/dags/trigger_rule.py for tasks to queue
[2021-07-06 13:57:12,658] {logging_mixin.py:104} INFO - [2021-07-06 13:57:12,658] {dagbag.py:487} INFO - Filling up the DagBag from /home/airflow/airflow/dags/trigger_rule.py
[2021-07-06 13:57:12,729] {scheduler_job.py:643} INFO - DAG(s) dict_keys(['trigger_rule']) retrieved from /home/airflow/airflow/dags/trigger_rule.py
[2021-07-06 13:57:12,824] {logging_mixin.py:104} INFO - [2021-07-06 13:57:12,823] {dag.py:1832} INFO - Sync 1 DAGs
[2021-07-06 13:57:12,871] {logging_mixin.py:104} INFO - [2021-07-06 13:57:12,870] {dag.py:2305} INFO - Setting next_dagrun for trigger_rule to 2021-07-05 00:00:00+00:00
[2021-07-06 13:57:12,918] {scheduler_job.py:190} INFO - Processing /home/airflow/airflow/dags/trigger_rule.py took 0.278 seconds
[2021-07-06 13:57:43,779] {scheduler_job.py:182} INFO - Started process (PID=4267) to work on /home/airflow/airflow/dags/trigger_rule.py
[2021-07-06 13:57:43,786] {scheduler_job.py:633} INFO - Processing file /home/airflow/airflow/dags/trigger_rule.py for tasks to queue
[2021-07-06 13:57:43,788] {logging_mixin.py:104} INFO - [2021-07-06 13:57:43,788] {dagbag.py:487} INFO - Filling up the DagBag from /home/airflow/airflow/dags/trigger_rule.py
[2021-07-06 13:57:43,808] {scheduler_job.py:643} INFO - DAG(s) dict_keys(['trigger_rule']) retrieved from /home/airflow/airflow/dags/trigger_rule.py
[2021-07-06 13:57:43,848] {logging_mixin.py:104} INFO - [2021-07-06 13:57:43,848] {dag.py:1832} INFO - Sync 1 DAGs
[2021-07-06 13:57:43,872] {logging_mixin.py:104} INFO - [2021-07-06 13:57:43,872] {dag.py:2305} INFO - Setting next_dagrun for trigger_rule to 2021-07-05 00:00:00+00:00
[2021-07-06 13:57:43,890] {scheduler_job.py:190} INFO - Processing /home/airflow/airflow/dags/trigger_rule.py took 0.117 seconds
[2021-07-06 13:58:14,234] {scheduler_job.py:182} INFO - Started process (PID=4348) to work on /home/airflow/airflow/dags/trigger_rule.py
[2021-07-06 13:58:14,236] {scheduler_job.py:633} INFO - Processing file /home/airflow/airflow/dags/trigger_rule.py for tasks to queue
[2021-07-06 13:58:14,237] {logging_mixin.py:104} INFO - [2021-07-06 13:58:14,237] {dagbag.py:487} INFO - Filling up the DagBag from /home/airflow/airflow/dags/trigger_rule.py
[2021-07-06 13:58:14,253] {scheduler_job.py:643} INFO - DAG(s) dict_keys(['trigger_rule']) retrieved from /home/airflow/airflow/dags/trigger_rule.py
[2021-07-06 13:58:14,296] {logging_mixin.py:104} INFO - [2021-07-06 13:58:14,296] {dag.py:1832} INFO - Sync 1 DAGs
[2021-07-06 13:58:14,330] {logging_mixin.py:104} INFO - [2021-07-06 13:58:14,330] {dag.py:2305} INFO - Setting next_dagrun for trigger_rule to 2021-07-05 00:00:00+00:00
[2021-07-06 13:58:14,360] {scheduler_job.py:190} INFO - Processing /home/airflow/airflow/dags/trigger_rule.py took 0.129 seconds
[2021-07-06 13:58:44,638] {scheduler_job.py:182} INFO - Started process (PID=4430) to work on /home/airflow/airflow/dags/trigger_rule.py
[2021-07-06 13:58:44,640] {scheduler_job.py:633} INFO - Processing file /home/airflow/airflow/dags/trigger_rule.py for tasks to queue
[2021-07-06 13:58:44,642] {logging_mixin.py:104} INFO - [2021-07-06 13:58:44,642] {dagbag.py:487} INFO - Filling up the DagBag from /home/airflow/airflow/dags/trigger_rule.py
[2021-07-06 13:58:44,662] {scheduler_job.py:643} INFO - DAG(s) dict_keys(['trigger_rule']) retrieved from /home/airflow/airflow/dags/trigger_rule.py
[2021-07-06 13:58:44,707] {logging_mixin.py:104} INFO - [2021-07-06 13:58:44,707] {dag.py:1832} INFO - Sync 1 DAGs
[2021-07-06 13:58:44,736] {logging_mixin.py:104} INFO - [2021-07-06 13:58:44,736] {dag.py:2305} INFO - Setting next_dagrun for trigger_rule to 2021-07-05 00:00:00+00:00
[2021-07-06 13:58:44,749] {scheduler_job.py:190} INFO - Processing /home/airflow/airflow/dags/trigger_rule.py took 0.115 seconds
[2021-07-06 13:59:14,951] {scheduler_job.py:182} INFO - Started process (PID=4512) to work on /home/airflow/airflow/dags/trigger_rule.py
[2021-07-06 13:59:14,953] {scheduler_job.py:633} INFO - Processing file /home/airflow/airflow/dags/trigger_rule.py for tasks to queue
[2021-07-06 13:59:14,955] {logging_mixin.py:104} INFO - [2021-07-06 13:59:14,955] {dagbag.py:487} INFO - Filling up the DagBag from /home/airflow/airflow/dags/trigger_rule.py
[2021-07-06 13:59:14,974] {scheduler_job.py:643} INFO - DAG(s) dict_keys(['trigger_rule']) retrieved from /home/airflow/airflow/dags/trigger_rule.py
[2021-07-06 13:59:15,021] {logging_mixin.py:104} INFO - [2021-07-06 13:59:15,021] {dag.py:1832} INFO - Sync 1 DAGs
[2021-07-06 13:59:15,043] {logging_mixin.py:104} INFO - [2021-07-06 13:59:15,043] {dag.py:2305} INFO - Setting next_dagrun for trigger_rule to 2021-07-05 00:00:00+00:00
[2021-07-06 13:59:15,058] {scheduler_job.py:190} INFO - Processing /home/airflow/airflow/dags/trigger_rule.py took 0.113 seconds
[2021-07-06 13:59:45,871] {scheduler_job.py:182} INFO - Started process (PID=4609) to work on /home/airflow/airflow/dags/trigger_rule.py
[2021-07-06 13:59:45,873] {scheduler_job.py:633} INFO - Processing file /home/airflow/airflow/dags/trigger_rule.py for tasks to queue
[2021-07-06 13:59:45,874] {logging_mixin.py:104} INFO - [2021-07-06 13:59:45,874] {dagbag.py:487} INFO - Filling up the DagBag from /home/airflow/airflow/dags/trigger_rule.py
[2021-07-06 13:59:45,888] {scheduler_job.py:643} INFO - DAG(s) dict_keys(['trigger_rule']) retrieved from /home/airflow/airflow/dags/trigger_rule.py
[2021-07-06 13:59:45,920] {logging_mixin.py:104} INFO - [2021-07-06 13:59:45,920] {dag.py:1832} INFO - Sync 1 DAGs
[2021-07-06 13:59:45,951] {logging_mixin.py:104} INFO - [2021-07-06 13:59:45,951] {dag.py:2305} INFO - Setting next_dagrun for trigger_rule to 2021-07-05 00:00:00+00:00
[2021-07-06 13:59:45,972] {scheduler_job.py:190} INFO - Processing /home/airflow/airflow/dags/trigger_rule.py took 0.105 seconds
[2021-07-06 14:00:16,059] {scheduler_job.py:182} INFO - Started process (PID=4691) to work on /home/airflow/airflow/dags/trigger_rule.py
[2021-07-06 14:00:16,062] {scheduler_job.py:633} INFO - Processing file /home/airflow/airflow/dags/trigger_rule.py for tasks to queue
[2021-07-06 14:00:16,066] {logging_mixin.py:104} INFO - [2021-07-06 14:00:16,066] {dagbag.py:487} INFO - Filling up the DagBag from /home/airflow/airflow/dags/trigger_rule.py
[2021-07-06 14:00:16,085] {scheduler_job.py:643} INFO - DAG(s) dict_keys(['trigger_rule']) retrieved from /home/airflow/airflow/dags/trigger_rule.py
[2021-07-06 14:00:16,123] {logging_mixin.py:104} INFO - [2021-07-06 14:00:16,122] {dag.py:1832} INFO - Sync 1 DAGs
[2021-07-06 14:00:16,147] {logging_mixin.py:104} INFO - [2021-07-06 14:00:16,147] {dag.py:2305} INFO - Setting next_dagrun for trigger_rule to 2021-07-05 00:00:00+00:00
[2021-07-06 14:00:16,169] {scheduler_job.py:190} INFO - Processing /home/airflow/airflow/dags/trigger_rule.py took 0.113 seconds
[2021-07-06 14:00:46,220] {scheduler_job.py:182} INFO - Started process (PID=4778) to work on /home/airflow/airflow/dags/trigger_rule.py
[2021-07-06 14:00:46,232] {scheduler_job.py:633} INFO - Processing file /home/airflow/airflow/dags/trigger_rule.py for tasks to queue
[2021-07-06 14:00:46,236] {logging_mixin.py:104} INFO - [2021-07-06 14:00:46,236] {dagbag.py:487} INFO - Filling up the DagBag from /home/airflow/airflow/dags/trigger_rule.py
[2021-07-06 14:00:46,270] {scheduler_job.py:643} INFO - DAG(s) dict_keys(['trigger_rule']) retrieved from /home/airflow/airflow/dags/trigger_rule.py
[2021-07-06 14:00:46,316] {logging_mixin.py:104} INFO - [2021-07-06 14:00:46,316] {dag.py:1832} INFO - Sync 1 DAGs
[2021-07-06 14:00:46,349] {logging_mixin.py:104} INFO - [2021-07-06 14:00:46,349] {dag.py:2305} INFO - Setting next_dagrun for trigger_rule to 2021-07-05 00:00:00+00:00
[2021-07-06 14:00:46,368] {scheduler_job.py:190} INFO - Processing /home/airflow/airflow/dags/trigger_rule.py took 0.153 seconds
[2021-07-06 14:01:16,572] {scheduler_job.py:182} INFO - Started process (PID=4856) to work on /home/airflow/airflow/dags/trigger_rule.py
[2021-07-06 14:01:16,573] {scheduler_job.py:633} INFO - Processing file /home/airflow/airflow/dags/trigger_rule.py for tasks to queue
[2021-07-06 14:01:16,574] {logging_mixin.py:104} INFO - [2021-07-06 14:01:16,574] {dagbag.py:487} INFO - Filling up the DagBag from /home/airflow/airflow/dags/trigger_rule.py
[2021-07-06 14:01:16,597] {scheduler_job.py:643} INFO - DAG(s) dict_keys(['trigger_rule']) retrieved from /home/airflow/airflow/dags/trigger_rule.py
[2021-07-06 14:01:16,641] {logging_mixin.py:104} INFO - [2021-07-06 14:01:16,641] {dag.py:1832} INFO - Sync 1 DAGs
[2021-07-06 14:01:16,690] {logging_mixin.py:104} INFO - [2021-07-06 14:01:16,690] {dag.py:2305} INFO - Setting next_dagrun for trigger_rule to 2021-07-05 00:00:00+00:00
[2021-07-06 14:01:16,703] {scheduler_job.py:190} INFO - Processing /home/airflow/airflow/dags/trigger_rule.py took 0.135 seconds
[2021-07-06 14:01:47,577] {scheduler_job.py:182} INFO - Started process (PID=4937) to work on /home/airflow/airflow/dags/trigger_rule.py
[2021-07-06 14:01:47,581] {scheduler_job.py:633} INFO - Processing file /home/airflow/airflow/dags/trigger_rule.py for tasks to queue
[2021-07-06 14:01:47,588] {logging_mixin.py:104} INFO - [2021-07-06 14:01:47,587] {dagbag.py:487} INFO - Filling up the DagBag from /home/airflow/airflow/dags/trigger_rule.py
[2021-07-06 14:01:47,603] {scheduler_job.py:643} INFO - DAG(s) dict_keys(['trigger_rule']) retrieved from /home/airflow/airflow/dags/trigger_rule.py
[2021-07-06 14:01:47,642] {logging_mixin.py:104} INFO - [2021-07-06 14:01:47,641] {dag.py:1832} INFO - Sync 1 DAGs
[2021-07-06 14:01:47,674] {logging_mixin.py:104} INFO - [2021-07-06 14:01:47,674] {dag.py:2305} INFO - Setting next_dagrun for trigger_rule to 2021-07-05 00:00:00+00:00
[2021-07-06 14:01:47,688] {scheduler_job.py:190} INFO - Processing /home/airflow/airflow/dags/trigger_rule.py took 0.132 seconds
[2021-07-06 14:02:17,880] {scheduler_job.py:182} INFO - Started process (PID=5021) to work on /home/airflow/airflow/dags/trigger_rule.py
[2021-07-06 14:02:17,881] {scheduler_job.py:633} INFO - Processing file /home/airflow/airflow/dags/trigger_rule.py for tasks to queue
[2021-07-06 14:02:17,882] {logging_mixin.py:104} INFO - [2021-07-06 14:02:17,882] {dagbag.py:487} INFO - Filling up the DagBag from /home/airflow/airflow/dags/trigger_rule.py
[2021-07-06 14:02:17,899] {scheduler_job.py:643} INFO - DAG(s) dict_keys(['trigger_rule']) retrieved from /home/airflow/airflow/dags/trigger_rule.py
[2021-07-06 14:02:17,937] {logging_mixin.py:104} INFO - [2021-07-06 14:02:17,937] {dag.py:1832} INFO - Sync 1 DAGs
[2021-07-06 14:02:17,962] {logging_mixin.py:104} INFO - [2021-07-06 14:02:17,962] {dag.py:2305} INFO - Setting next_dagrun for trigger_rule to 2021-07-05 00:00:00+00:00
[2021-07-06 14:02:17,978] {scheduler_job.py:190} INFO - Processing /home/airflow/airflow/dags/trigger_rule.py took 0.102 seconds
[2021-07-06 14:02:48,641] {scheduler_job.py:182} INFO - Started process (PID=5103) to work on /home/airflow/airflow/dags/trigger_rule.py
[2021-07-06 14:02:48,650] {scheduler_job.py:633} INFO - Processing file /home/airflow/airflow/dags/trigger_rule.py for tasks to queue
[2021-07-06 14:02:48,652] {logging_mixin.py:104} INFO - [2021-07-06 14:02:48,651] {dagbag.py:487} INFO - Filling up the DagBag from /home/airflow/airflow/dags/trigger_rule.py
[2021-07-06 14:02:48,689] {scheduler_job.py:643} INFO - DAG(s) dict_keys(['trigger_rule']) retrieved from /home/airflow/airflow/dags/trigger_rule.py
[2021-07-06 14:02:48,767] {logging_mixin.py:104} INFO - [2021-07-06 14:02:48,767] {dag.py:1832} INFO - Sync 1 DAGs
[2021-07-06 14:02:48,811] {logging_mixin.py:104} INFO - [2021-07-06 14:02:48,810] {dag.py:2305} INFO - Setting next_dagrun for trigger_rule to 2021-07-05 00:00:00+00:00
[2021-07-06 14:02:48,840] {scheduler_job.py:190} INFO - Processing /home/airflow/airflow/dags/trigger_rule.py took 0.204 seconds
[2021-07-06 14:03:19,761] {scheduler_job.py:182} INFO - Started process (PID=5342) to work on /home/airflow/airflow/dags/trigger_rule.py
[2021-07-06 14:03:19,766] {scheduler_job.py:633} INFO - Processing file /home/airflow/airflow/dags/trigger_rule.py for tasks to queue
[2021-07-06 14:03:19,768] {logging_mixin.py:104} INFO - [2021-07-06 14:03:19,768] {dagbag.py:487} INFO - Filling up the DagBag from /home/airflow/airflow/dags/trigger_rule.py
[2021-07-06 14:03:19,965] {scheduler_job.py:643} INFO - DAG(s) dict_keys(['trigger_rule']) retrieved from /home/airflow/airflow/dags/trigger_rule.py
[2021-07-06 14:03:20,240] {logging_mixin.py:104} INFO - [2021-07-06 14:03:20,240] {dag.py:1832} INFO - Sync 1 DAGs
[2021-07-06 14:03:20,390] {logging_mixin.py:104} INFO - [2021-07-06 14:03:20,390] {dag.py:2305} INFO - Setting next_dagrun for trigger_rule to 2021-07-05 00:00:00+00:00
[2021-07-06 14:03:20,464] {scheduler_job.py:190} INFO - Processing /home/airflow/airflow/dags/trigger_rule.py took 0.723 seconds
[2021-07-06 14:03:50,830] {scheduler_job.py:182} INFO - Started process (PID=5450) to work on /home/airflow/airflow/dags/trigger_rule.py
[2021-07-06 14:03:50,832] {scheduler_job.py:633} INFO - Processing file /home/airflow/airflow/dags/trigger_rule.py for tasks to queue
[2021-07-06 14:03:50,834] {logging_mixin.py:104} INFO - [2021-07-06 14:03:50,834] {dagbag.py:487} INFO - Filling up the DagBag from /home/airflow/airflow/dags/trigger_rule.py
[2021-07-06 14:03:50,851] {scheduler_job.py:643} INFO - DAG(s) dict_keys(['trigger_rule']) retrieved from /home/airflow/airflow/dags/trigger_rule.py
[2021-07-06 14:03:50,897] {logging_mixin.py:104} INFO - [2021-07-06 14:03:50,897] {dag.py:1832} INFO - Sync 1 DAGs
[2021-07-06 14:03:50,936] {logging_mixin.py:104} INFO - [2021-07-06 14:03:50,936] {dag.py:2305} INFO - Setting next_dagrun for trigger_rule to 2021-07-05 00:00:00+00:00
[2021-07-06 14:03:50,948] {scheduler_job.py:190} INFO - Processing /home/airflow/airflow/dags/trigger_rule.py took 0.125 seconds
[2021-07-06 14:04:21,293] {scheduler_job.py:182} INFO - Started process (PID=5531) to work on /home/airflow/airflow/dags/trigger_rule.py
[2021-07-06 14:04:21,295] {scheduler_job.py:633} INFO - Processing file /home/airflow/airflow/dags/trigger_rule.py for tasks to queue
[2021-07-06 14:04:21,296] {logging_mixin.py:104} INFO - [2021-07-06 14:04:21,296] {dagbag.py:487} INFO - Filling up the DagBag from /home/airflow/airflow/dags/trigger_rule.py
[2021-07-06 14:04:21,312] {scheduler_job.py:643} INFO - DAG(s) dict_keys(['trigger_rule']) retrieved from /home/airflow/airflow/dags/trigger_rule.py
[2021-07-06 14:04:21,349] {logging_mixin.py:104} INFO - [2021-07-06 14:04:21,348] {dag.py:1832} INFO - Sync 1 DAGs
[2021-07-06 14:04:21,373] {logging_mixin.py:104} INFO - [2021-07-06 14:04:21,373] {dag.py:2305} INFO - Setting next_dagrun for trigger_rule to 2021-07-05 00:00:00+00:00
[2021-07-06 14:04:21,387] {scheduler_job.py:190} INFO - Processing /home/airflow/airflow/dags/trigger_rule.py took 0.098 seconds
[2021-07-06 14:04:51,464] {scheduler_job.py:182} INFO - Started process (PID=5608) to work on /home/airflow/airflow/dags/trigger_rule.py
[2021-07-06 14:04:51,465] {scheduler_job.py:633} INFO - Processing file /home/airflow/airflow/dags/trigger_rule.py for tasks to queue
[2021-07-06 14:04:51,466] {logging_mixin.py:104} INFO - [2021-07-06 14:04:51,466] {dagbag.py:487} INFO - Filling up the DagBag from /home/airflow/airflow/dags/trigger_rule.py
[2021-07-06 14:04:51,497] {scheduler_job.py:643} INFO - DAG(s) dict_keys(['trigger_rule']) retrieved from /home/airflow/airflow/dags/trigger_rule.py
[2021-07-06 14:04:51,551] {logging_mixin.py:104} INFO - [2021-07-06 14:04:51,551] {dag.py:1832} INFO - Sync 1 DAGs
[2021-07-06 14:04:51,592] {logging_mixin.py:104} INFO - [2021-07-06 14:04:51,592] {dag.py:2305} INFO - Setting next_dagrun for trigger_rule to 2021-07-05 00:00:00+00:00
[2021-07-06 14:04:51,618] {scheduler_job.py:190} INFO - Processing /home/airflow/airflow/dags/trigger_rule.py took 0.168 seconds
[2021-07-06 14:05:22,520] {scheduler_job.py:182} INFO - Started process (PID=5693) to work on /home/airflow/airflow/dags/trigger_rule.py
[2021-07-06 14:05:22,521] {scheduler_job.py:633} INFO - Processing file /home/airflow/airflow/dags/trigger_rule.py for tasks to queue
[2021-07-06 14:05:22,522] {logging_mixin.py:104} INFO - [2021-07-06 14:05:22,522] {dagbag.py:487} INFO - Filling up the DagBag from /home/airflow/airflow/dags/trigger_rule.py
[2021-07-06 14:05:22,539] {scheduler_job.py:643} INFO - DAG(s) dict_keys(['trigger_rule']) retrieved from /home/airflow/airflow/dags/trigger_rule.py
[2021-07-06 14:05:22,570] {logging_mixin.py:104} INFO - [2021-07-06 14:05:22,570] {dag.py:1832} INFO - Sync 1 DAGs
[2021-07-06 14:05:22,602] {logging_mixin.py:104} INFO - [2021-07-06 14:05:22,602] {dag.py:2305} INFO - Setting next_dagrun for trigger_rule to 2021-07-05 00:00:00+00:00
[2021-07-06 14:05:22,615] {scheduler_job.py:190} INFO - Processing /home/airflow/airflow/dags/trigger_rule.py took 0.100 seconds
[2021-07-06 14:05:52,749] {scheduler_job.py:182} INFO - Started process (PID=5774) to work on /home/airflow/airflow/dags/trigger_rule.py
[2021-07-06 14:05:52,751] {scheduler_job.py:633} INFO - Processing file /home/airflow/airflow/dags/trigger_rule.py for tasks to queue
[2021-07-06 14:05:52,752] {logging_mixin.py:104} INFO - [2021-07-06 14:05:52,752] {dagbag.py:487} INFO - Filling up the DagBag from /home/airflow/airflow/dags/trigger_rule.py
[2021-07-06 14:05:52,765] {scheduler_job.py:643} INFO - DAG(s) dict_keys(['trigger_rule']) retrieved from /home/airflow/airflow/dags/trigger_rule.py
[2021-07-06 14:05:52,816] {logging_mixin.py:104} INFO - [2021-07-06 14:05:52,816] {dag.py:1832} INFO - Sync 1 DAGs
[2021-07-06 14:05:52,863] {logging_mixin.py:104} INFO - [2021-07-06 14:05:52,862] {dag.py:2305} INFO - Setting next_dagrun for trigger_rule to 2021-07-05 00:00:00+00:00
[2021-07-06 14:05:52,889] {scheduler_job.py:190} INFO - Processing /home/airflow/airflow/dags/trigger_rule.py took 0.144 seconds
[2021-07-06 14:06:23,111] {scheduler_job.py:182} INFO - Started process (PID=5855) to work on /home/airflow/airflow/dags/trigger_rule.py
[2021-07-06 14:06:23,112] {scheduler_job.py:633} INFO - Processing file /home/airflow/airflow/dags/trigger_rule.py for tasks to queue
[2021-07-06 14:06:23,113] {logging_mixin.py:104} INFO - [2021-07-06 14:06:23,113] {dagbag.py:487} INFO - Filling up the DagBag from /home/airflow/airflow/dags/trigger_rule.py
[2021-07-06 14:06:23,129] {scheduler_job.py:643} INFO - DAG(s) dict_keys(['trigger_rule']) retrieved from /home/airflow/airflow/dags/trigger_rule.py
[2021-07-06 14:06:23,196] {logging_mixin.py:104} INFO - [2021-07-06 14:06:23,196] {dag.py:1832} INFO - Sync 1 DAGs
[2021-07-06 14:06:23,230] {logging_mixin.py:104} INFO - [2021-07-06 14:06:23,230] {dag.py:2305} INFO - Setting next_dagrun for trigger_rule to 2021-07-05 00:00:00+00:00
[2021-07-06 14:06:23,245] {scheduler_job.py:190} INFO - Processing /home/airflow/airflow/dags/trigger_rule.py took 0.140 seconds
[2021-07-06 14:06:53,528] {scheduler_job.py:182} INFO - Started process (PID=5938) to work on /home/airflow/airflow/dags/trigger_rule.py
[2021-07-06 14:06:53,530] {scheduler_job.py:633} INFO - Processing file /home/airflow/airflow/dags/trigger_rule.py for tasks to queue
[2021-07-06 14:06:53,539] {logging_mixin.py:104} INFO - [2021-07-06 14:06:53,539] {dagbag.py:487} INFO - Filling up the DagBag from /home/airflow/airflow/dags/trigger_rule.py
[2021-07-06 14:06:53,601] {scheduler_job.py:643} INFO - DAG(s) dict_keys(['trigger_rule']) retrieved from /home/airflow/airflow/dags/trigger_rule.py
[2021-07-06 14:06:53,667] {logging_mixin.py:104} INFO - [2021-07-06 14:06:53,667] {dag.py:1832} INFO - Sync 1 DAGs
[2021-07-06 14:06:53,707] {logging_mixin.py:104} INFO - [2021-07-06 14:06:53,707] {dag.py:2305} INFO - Setting next_dagrun for trigger_rule to 2021-07-05 00:00:00+00:00
[2021-07-06 14:06:53,726] {scheduler_job.py:190} INFO - Processing /home/airflow/airflow/dags/trigger_rule.py took 0.207 seconds
[2021-07-06 14:07:24,777] {scheduler_job.py:182} INFO - Started process (PID=6018) to work on /home/airflow/airflow/dags/trigger_rule.py
[2021-07-06 14:07:24,782] {scheduler_job.py:633} INFO - Processing file /home/airflow/airflow/dags/trigger_rule.py for tasks to queue
[2021-07-06 14:07:24,786] {logging_mixin.py:104} INFO - [2021-07-06 14:07:24,785] {dagbag.py:487} INFO - Filling up the DagBag from /home/airflow/airflow/dags/trigger_rule.py
[2021-07-06 14:07:24,805] {scheduler_job.py:643} INFO - DAG(s) dict_keys(['trigger_rule']) retrieved from /home/airflow/airflow/dags/trigger_rule.py
[2021-07-06 14:07:24,850] {logging_mixin.py:104} INFO - [2021-07-06 14:07:24,849] {dag.py:1832} INFO - Sync 1 DAGs
[2021-07-06 14:07:24,872] {logging_mixin.py:104} INFO - [2021-07-06 14:07:24,871] {dag.py:2305} INFO - Setting next_dagrun for trigger_rule to 2021-07-05 00:00:00+00:00
[2021-07-06 14:07:24,885] {scheduler_job.py:190} INFO - Processing /home/airflow/airflow/dags/trigger_rule.py took 0.116 seconds
[2021-07-06 14:07:55,816] {scheduler_job.py:182} INFO - Started process (PID=6100) to work on /home/airflow/airflow/dags/trigger_rule.py
[2021-07-06 14:07:55,821] {scheduler_job.py:633} INFO - Processing file /home/airflow/airflow/dags/trigger_rule.py for tasks to queue
[2021-07-06 14:07:55,827] {logging_mixin.py:104} INFO - [2021-07-06 14:07:55,827] {dagbag.py:487} INFO - Filling up the DagBag from /home/airflow/airflow/dags/trigger_rule.py
[2021-07-06 14:07:55,849] {scheduler_job.py:643} INFO - DAG(s) dict_keys(['trigger_rule']) retrieved from /home/airflow/airflow/dags/trigger_rule.py
[2021-07-06 14:07:55,892] {logging_mixin.py:104} INFO - [2021-07-06 14:07:55,892] {dag.py:1832} INFO - Sync 1 DAGs
[2021-07-06 14:07:55,923] {logging_mixin.py:104} INFO - [2021-07-06 14:07:55,923] {dag.py:2305} INFO - Setting next_dagrun for trigger_rule to 2021-07-05 00:00:00+00:00
[2021-07-06 14:07:55,936] {scheduler_job.py:190} INFO - Processing /home/airflow/airflow/dags/trigger_rule.py took 0.143 seconds
[2021-07-06 14:08:26,767] {scheduler_job.py:182} INFO - Started process (PID=6183) to work on /home/airflow/airflow/dags/trigger_rule.py
[2021-07-06 14:08:26,771] {scheduler_job.py:633} INFO - Processing file /home/airflow/airflow/dags/trigger_rule.py for tasks to queue
[2021-07-06 14:08:26,775] {logging_mixin.py:104} INFO - [2021-07-06 14:08:26,774] {dagbag.py:487} INFO - Filling up the DagBag from /home/airflow/airflow/dags/trigger_rule.py
[2021-07-06 14:08:26,799] {scheduler_job.py:643} INFO - DAG(s) dict_keys(['trigger_rule']) retrieved from /home/airflow/airflow/dags/trigger_rule.py
[2021-07-06 14:08:26,836] {logging_mixin.py:104} INFO - [2021-07-06 14:08:26,836] {dag.py:1832} INFO - Sync 1 DAGs
[2021-07-06 14:08:26,861] {logging_mixin.py:104} INFO - [2021-07-06 14:08:26,861] {dag.py:2305} INFO - Setting next_dagrun for trigger_rule to 2021-07-05 00:00:00+00:00
[2021-07-06 14:08:26,873] {scheduler_job.py:190} INFO - Processing /home/airflow/airflow/dags/trigger_rule.py took 0.113 seconds
[2021-07-06 14:08:58,253] {scheduler_job.py:182} INFO - Started process (PID=6263) to work on /home/airflow/airflow/dags/trigger_rule.py
[2021-07-06 14:08:58,257] {scheduler_job.py:633} INFO - Processing file /home/airflow/airflow/dags/trigger_rule.py for tasks to queue
[2021-07-06 14:08:58,259] {logging_mixin.py:104} INFO - [2021-07-06 14:08:58,259] {dagbag.py:487} INFO - Filling up the DagBag from /home/airflow/airflow/dags/trigger_rule.py
[2021-07-06 14:08:58,284] {scheduler_job.py:643} INFO - DAG(s) dict_keys(['trigger_rule']) retrieved from /home/airflow/airflow/dags/trigger_rule.py
[2021-07-06 14:08:58,320] {logging_mixin.py:104} INFO - [2021-07-06 14:08:58,320] {dag.py:1832} INFO - Sync 1 DAGs
[2021-07-06 14:08:58,355] {logging_mixin.py:104} INFO - [2021-07-06 14:08:58,355] {dag.py:2305} INFO - Setting next_dagrun for trigger_rule to 2021-07-05 00:00:00+00:00
[2021-07-06 14:08:58,367] {scheduler_job.py:190} INFO - Processing /home/airflow/airflow/dags/trigger_rule.py took 0.119 seconds
[2021-07-06 14:09:29,769] {scheduler_job.py:182} INFO - Started process (PID=6344) to work on /home/airflow/airflow/dags/trigger_rule.py
[2021-07-06 14:09:29,771] {scheduler_job.py:633} INFO - Processing file /home/airflow/airflow/dags/trigger_rule.py for tasks to queue
[2021-07-06 14:09:29,783] {logging_mixin.py:104} INFO - [2021-07-06 14:09:29,783] {dagbag.py:487} INFO - Filling up the DagBag from /home/airflow/airflow/dags/trigger_rule.py
[2021-07-06 14:09:29,801] {scheduler_job.py:643} INFO - DAG(s) dict_keys(['trigger_rule']) retrieved from /home/airflow/airflow/dags/trigger_rule.py
[2021-07-06 14:09:29,857] {logging_mixin.py:104} INFO - [2021-07-06 14:09:29,857] {dag.py:1832} INFO - Sync 1 DAGs
[2021-07-06 14:09:29,895] {logging_mixin.py:104} INFO - [2021-07-06 14:09:29,894] {dag.py:2305} INFO - Setting next_dagrun for trigger_rule to 2021-07-05 00:00:00+00:00
[2021-07-06 14:09:29,909] {scheduler_job.py:190} INFO - Processing /home/airflow/airflow/dags/trigger_rule.py took 0.145 seconds
[2021-07-06 14:10:00,850] {scheduler_job.py:182} INFO - Started process (PID=6426) to work on /home/airflow/airflow/dags/trigger_rule.py
[2021-07-06 14:10:00,852] {scheduler_job.py:633} INFO - Processing file /home/airflow/airflow/dags/trigger_rule.py for tasks to queue
[2021-07-06 14:10:00,853] {logging_mixin.py:104} INFO - [2021-07-06 14:10:00,853] {dagbag.py:487} INFO - Filling up the DagBag from /home/airflow/airflow/dags/trigger_rule.py
[2021-07-06 14:10:00,879] {scheduler_job.py:643} INFO - DAG(s) dict_keys(['trigger_rule']) retrieved from /home/airflow/airflow/dags/trigger_rule.py
[2021-07-06 14:10:00,915] {logging_mixin.py:104} INFO - [2021-07-06 14:10:00,915] {dag.py:1832} INFO - Sync 1 DAGs
[2021-07-06 14:10:00,943] {logging_mixin.py:104} INFO - [2021-07-06 14:10:00,943] {dag.py:2305} INFO - Setting next_dagrun for trigger_rule to 2021-07-05 00:00:00+00:00
[2021-07-06 14:10:00,953] {scheduler_job.py:190} INFO - Processing /home/airflow/airflow/dags/trigger_rule.py took 0.107 seconds
[2021-07-06 14:10:32,352] {scheduler_job.py:182} INFO - Started process (PID=6507) to work on /home/airflow/airflow/dags/trigger_rule.py
[2021-07-06 14:10:32,357] {scheduler_job.py:633} INFO - Processing file /home/airflow/airflow/dags/trigger_rule.py for tasks to queue
[2021-07-06 14:10:32,360] {logging_mixin.py:104} INFO - [2021-07-06 14:10:32,359] {dagbag.py:487} INFO - Filling up the DagBag from /home/airflow/airflow/dags/trigger_rule.py
[2021-07-06 14:10:32,372] {scheduler_job.py:643} INFO - DAG(s) dict_keys(['trigger_rule']) retrieved from /home/airflow/airflow/dags/trigger_rule.py
[2021-07-06 14:10:32,401] {logging_mixin.py:104} INFO - [2021-07-06 14:10:32,401] {dag.py:1832} INFO - Sync 1 DAGs
[2021-07-06 14:10:32,427] {logging_mixin.py:104} INFO - [2021-07-06 14:10:32,427] {dag.py:2305} INFO - Setting next_dagrun for trigger_rule to 2021-07-05 00:00:00+00:00
[2021-07-06 14:10:32,436] {scheduler_job.py:190} INFO - Processing /home/airflow/airflow/dags/trigger_rule.py took 0.089 seconds
[2021-07-06 14:11:03,316] {scheduler_job.py:182} INFO - Started process (PID=6588) to work on /home/airflow/airflow/dags/trigger_rule.py
[2021-07-06 14:11:03,322] {scheduler_job.py:633} INFO - Processing file /home/airflow/airflow/dags/trigger_rule.py for tasks to queue
[2021-07-06 14:11:03,324] {logging_mixin.py:104} INFO - [2021-07-06 14:11:03,324] {dagbag.py:487} INFO - Filling up the DagBag from /home/airflow/airflow/dags/trigger_rule.py
[2021-07-06 14:11:03,341] {scheduler_job.py:643} INFO - DAG(s) dict_keys(['trigger_rule']) retrieved from /home/airflow/airflow/dags/trigger_rule.py
[2021-07-06 14:11:03,373] {logging_mixin.py:104} INFO - [2021-07-06 14:11:03,373] {dag.py:1832} INFO - Sync 1 DAGs
[2021-07-06 14:11:03,413] {logging_mixin.py:104} INFO - [2021-07-06 14:11:03,413] {dag.py:2305} INFO - Setting next_dagrun for trigger_rule to 2021-07-05 00:00:00+00:00
[2021-07-06 14:11:03,426] {scheduler_job.py:190} INFO - Processing /home/airflow/airflow/dags/trigger_rule.py took 0.116 seconds
[2021-07-06 14:11:33,661] {scheduler_job.py:182} INFO - Started process (PID=6663) to work on /home/airflow/airflow/dags/trigger_rule.py
[2021-07-06 14:11:33,663] {scheduler_job.py:633} INFO - Processing file /home/airflow/airflow/dags/trigger_rule.py for tasks to queue
[2021-07-06 14:11:33,665] {logging_mixin.py:104} INFO - [2021-07-06 14:11:33,664] {dagbag.py:487} INFO - Filling up the DagBag from /home/airflow/airflow/dags/trigger_rule.py
[2021-07-06 14:11:33,692] {scheduler_job.py:643} INFO - DAG(s) dict_keys(['trigger_rule']) retrieved from /home/airflow/airflow/dags/trigger_rule.py
[2021-07-06 14:11:33,737] {logging_mixin.py:104} INFO - [2021-07-06 14:11:33,736] {dag.py:1832} INFO - Sync 1 DAGs
[2021-07-06 14:11:33,762] {logging_mixin.py:104} INFO - [2021-07-06 14:11:33,762] {dag.py:2305} INFO - Setting next_dagrun for trigger_rule to 2021-07-05 00:00:00+00:00
[2021-07-06 14:11:33,781] {scheduler_job.py:190} INFO - Processing /home/airflow/airflow/dags/trigger_rule.py took 0.123 seconds
[2021-07-06 14:12:03,850] {scheduler_job.py:182} INFO - Started process (PID=6740) to work on /home/airflow/airflow/dags/trigger_rule.py
[2021-07-06 14:12:03,853] {scheduler_job.py:633} INFO - Processing file /home/airflow/airflow/dags/trigger_rule.py for tasks to queue
[2021-07-06 14:12:03,857] {logging_mixin.py:104} INFO - [2021-07-06 14:12:03,857] {dagbag.py:487} INFO - Filling up the DagBag from /home/airflow/airflow/dags/trigger_rule.py
[2021-07-06 14:12:03,875] {scheduler_job.py:643} INFO - DAG(s) dict_keys(['trigger_rule']) retrieved from /home/airflow/airflow/dags/trigger_rule.py
[2021-07-06 14:12:03,909] {logging_mixin.py:104} INFO - [2021-07-06 14:12:03,909] {dag.py:1832} INFO - Sync 1 DAGs
[2021-07-06 14:12:03,937] {logging_mixin.py:104} INFO - [2021-07-06 14:12:03,937] {dag.py:2305} INFO - Setting next_dagrun for trigger_rule to 2021-07-05 00:00:00+00:00
[2021-07-06 14:12:03,950] {scheduler_job.py:190} INFO - Processing /home/airflow/airflow/dags/trigger_rule.py took 0.105 seconds
[2021-07-06 14:12:34,309] {scheduler_job.py:182} INFO - Started process (PID=6816) to work on /home/airflow/airflow/dags/trigger_rule.py
[2021-07-06 14:12:34,313] {scheduler_job.py:633} INFO - Processing file /home/airflow/airflow/dags/trigger_rule.py for tasks to queue
[2021-07-06 14:12:34,315] {logging_mixin.py:104} INFO - [2021-07-06 14:12:34,314] {dagbag.py:487} INFO - Filling up the DagBag from /home/airflow/airflow/dags/trigger_rule.py
[2021-07-06 14:12:34,332] {scheduler_job.py:643} INFO - DAG(s) dict_keys(['trigger_rule']) retrieved from /home/airflow/airflow/dags/trigger_rule.py
[2021-07-06 14:12:34,375] {logging_mixin.py:104} INFO - [2021-07-06 14:12:34,375] {dag.py:1832} INFO - Sync 1 DAGs
[2021-07-06 14:12:34,409] {logging_mixin.py:104} INFO - [2021-07-06 14:12:34,408] {dag.py:2305} INFO - Setting next_dagrun for trigger_rule to 2021-07-05 00:00:00+00:00
[2021-07-06 14:12:34,424] {scheduler_job.py:190} INFO - Processing /home/airflow/airflow/dags/trigger_rule.py took 0.123 seconds
[2021-07-06 14:13:04,780] {scheduler_job.py:182} INFO - Started process (PID=6898) to work on /home/airflow/airflow/dags/trigger_rule.py
[2021-07-06 14:13:04,782] {scheduler_job.py:633} INFO - Processing file /home/airflow/airflow/dags/trigger_rule.py for tasks to queue
[2021-07-06 14:13:04,783] {logging_mixin.py:104} INFO - [2021-07-06 14:13:04,783] {dagbag.py:487} INFO - Filling up the DagBag from /home/airflow/airflow/dags/trigger_rule.py
[2021-07-06 14:13:04,798] {scheduler_job.py:643} INFO - DAG(s) dict_keys(['trigger_rule']) retrieved from /home/airflow/airflow/dags/trigger_rule.py
[2021-07-06 14:13:04,847] {logging_mixin.py:104} INFO - [2021-07-06 14:13:04,847] {dag.py:1832} INFO - Sync 1 DAGs
[2021-07-06 14:13:04,874] {logging_mixin.py:104} INFO - [2021-07-06 14:13:04,874] {dag.py:2305} INFO - Setting next_dagrun for trigger_rule to 2021-07-05 00:00:00+00:00
[2021-07-06 14:13:04,884] {scheduler_job.py:190} INFO - Processing /home/airflow/airflow/dags/trigger_rule.py took 0.109 seconds
[2021-07-06 14:13:35,012] {scheduler_job.py:182} INFO - Started process (PID=6978) to work on /home/airflow/airflow/dags/trigger_rule.py
[2021-07-06 14:13:35,022] {scheduler_job.py:633} INFO - Processing file /home/airflow/airflow/dags/trigger_rule.py for tasks to queue
[2021-07-06 14:13:35,023] {logging_mixin.py:104} INFO - [2021-07-06 14:13:35,023] {dagbag.py:487} INFO - Filling up the DagBag from /home/airflow/airflow/dags/trigger_rule.py
[2021-07-06 14:13:35,050] {scheduler_job.py:643} INFO - DAG(s) dict_keys(['trigger_rule']) retrieved from /home/airflow/airflow/dags/trigger_rule.py
[2021-07-06 14:13:35,099] {logging_mixin.py:104} INFO - [2021-07-06 14:13:35,098] {dag.py:1832} INFO - Sync 1 DAGs
[2021-07-06 14:13:35,123] {logging_mixin.py:104} INFO - [2021-07-06 14:13:35,123] {dag.py:2305} INFO - Setting next_dagrun for trigger_rule to 2021-07-05 00:00:00+00:00
[2021-07-06 14:13:35,138] {scheduler_job.py:190} INFO - Processing /home/airflow/airflow/dags/trigger_rule.py took 0.131 seconds
[2021-07-06 14:14:05,757] {scheduler_job.py:182} INFO - Started process (PID=7061) to work on /home/airflow/airflow/dags/trigger_rule.py
[2021-07-06 14:14:05,759] {scheduler_job.py:633} INFO - Processing file /home/airflow/airflow/dags/trigger_rule.py for tasks to queue
[2021-07-06 14:14:05,760] {logging_mixin.py:104} INFO - [2021-07-06 14:14:05,760] {dagbag.py:487} INFO - Filling up the DagBag from /home/airflow/airflow/dags/trigger_rule.py
[2021-07-06 14:14:05,774] {scheduler_job.py:643} INFO - DAG(s) dict_keys(['trigger_rule']) retrieved from /home/airflow/airflow/dags/trigger_rule.py
[2021-07-06 14:14:05,823] {logging_mixin.py:104} INFO - [2021-07-06 14:14:05,823] {dag.py:1832} INFO - Sync 1 DAGs
[2021-07-06 14:14:05,865] {logging_mixin.py:104} INFO - [2021-07-06 14:14:05,865] {dag.py:2305} INFO - Setting next_dagrun for trigger_rule to 2021-07-05 00:00:00+00:00
[2021-07-06 14:14:05,884] {scheduler_job.py:190} INFO - Processing /home/airflow/airflow/dags/trigger_rule.py took 0.130 seconds
[2021-07-06 14:14:36,006] {scheduler_job.py:182} INFO - Started process (PID=7141) to work on /home/airflow/airflow/dags/trigger_rule.py
[2021-07-06 14:14:36,012] {scheduler_job.py:633} INFO - Processing file /home/airflow/airflow/dags/trigger_rule.py for tasks to queue
[2021-07-06 14:14:36,015] {logging_mixin.py:104} INFO - [2021-07-06 14:14:36,015] {dagbag.py:487} INFO - Filling up the DagBag from /home/airflow/airflow/dags/trigger_rule.py
[2021-07-06 14:14:36,035] {scheduler_job.py:643} INFO - DAG(s) dict_keys(['trigger_rule']) retrieved from /home/airflow/airflow/dags/trigger_rule.py
[2021-07-06 14:14:36,086] {logging_mixin.py:104} INFO - [2021-07-06 14:14:36,086] {dag.py:1832} INFO - Sync 1 DAGs
[2021-07-06 14:14:36,127] {logging_mixin.py:104} INFO - [2021-07-06 14:14:36,127] {dag.py:2305} INFO - Setting next_dagrun for trigger_rule to 2021-07-05 00:00:00+00:00
[2021-07-06 14:14:36,145] {scheduler_job.py:190} INFO - Processing /home/airflow/airflow/dags/trigger_rule.py took 0.144 seconds
[2021-07-06 14:15:06,582] {scheduler_job.py:182} INFO - Started process (PID=7226) to work on /home/airflow/airflow/dags/trigger_rule.py
[2021-07-06 14:15:06,584] {scheduler_job.py:633} INFO - Processing file /home/airflow/airflow/dags/trigger_rule.py for tasks to queue
[2021-07-06 14:15:06,585] {logging_mixin.py:104} INFO - [2021-07-06 14:15:06,585] {dagbag.py:487} INFO - Filling up the DagBag from /home/airflow/airflow/dags/trigger_rule.py
[2021-07-06 14:15:06,621] {scheduler_job.py:643} INFO - DAG(s) dict_keys(['trigger_rule']) retrieved from /home/airflow/airflow/dags/trigger_rule.py
[2021-07-06 14:15:06,676] {logging_mixin.py:104} INFO - [2021-07-06 14:15:06,675] {dag.py:1832} INFO - Sync 1 DAGs
[2021-07-06 14:15:06,716] {logging_mixin.py:104} INFO - [2021-07-06 14:15:06,716] {dag.py:2305} INFO - Setting next_dagrun for trigger_rule to 2021-07-05 00:00:00+00:00
[2021-07-06 14:15:06,725] {scheduler_job.py:190} INFO - Processing /home/airflow/airflow/dags/trigger_rule.py took 0.148 seconds
[2021-07-06 14:15:36,872] {scheduler_job.py:182} INFO - Started process (PID=7313) to work on /home/airflow/airflow/dags/trigger_rule.py
[2021-07-06 14:15:36,874] {scheduler_job.py:633} INFO - Processing file /home/airflow/airflow/dags/trigger_rule.py for tasks to queue
[2021-07-06 14:15:36,876] {logging_mixin.py:104} INFO - [2021-07-06 14:15:36,875] {dagbag.py:487} INFO - Filling up the DagBag from /home/airflow/airflow/dags/trigger_rule.py
[2021-07-06 14:15:36,890] {scheduler_job.py:643} INFO - DAG(s) dict_keys(['trigger_rule']) retrieved from /home/airflow/airflow/dags/trigger_rule.py
[2021-07-06 14:15:36,922] {logging_mixin.py:104} INFO - [2021-07-06 14:15:36,922] {dag.py:1832} INFO - Sync 1 DAGs
[2021-07-06 14:15:36,950] {logging_mixin.py:104} INFO - [2021-07-06 14:15:36,950] {dag.py:2305} INFO - Setting next_dagrun for trigger_rule to 2021-07-05 00:00:00+00:00
[2021-07-06 14:15:36,960] {scheduler_job.py:190} INFO - Processing /home/airflow/airflow/dags/trigger_rule.py took 0.092 seconds
[2021-07-06 14:16:07,550] {scheduler_job.py:182} INFO - Started process (PID=7391) to work on /home/airflow/airflow/dags/trigger_rule.py
[2021-07-06 14:16:07,551] {scheduler_job.py:633} INFO - Processing file /home/airflow/airflow/dags/trigger_rule.py for tasks to queue
[2021-07-06 14:16:07,552] {logging_mixin.py:104} INFO - [2021-07-06 14:16:07,552] {dagbag.py:487} INFO - Filling up the DagBag from /home/airflow/airflow/dags/trigger_rule.py
[2021-07-06 14:16:07,567] {scheduler_job.py:643} INFO - DAG(s) dict_keys(['trigger_rule']) retrieved from /home/airflow/airflow/dags/trigger_rule.py
[2021-07-06 14:16:07,612] {logging_mixin.py:104} INFO - [2021-07-06 14:16:07,612] {dag.py:1832} INFO - Sync 1 DAGs
[2021-07-06 14:16:07,645] {logging_mixin.py:104} INFO - [2021-07-06 14:16:07,645] {dag.py:2305} INFO - Setting next_dagrun for trigger_rule to 2021-07-05 00:00:00+00:00
[2021-07-06 14:16:07,658] {scheduler_job.py:190} INFO - Processing /home/airflow/airflow/dags/trigger_rule.py took 0.113 seconds
[2021-07-06 14:16:37,966] {scheduler_job.py:182} INFO - Started process (PID=7473) to work on /home/airflow/airflow/dags/trigger_rule.py
[2021-07-06 14:16:37,969] {scheduler_job.py:633} INFO - Processing file /home/airflow/airflow/dags/trigger_rule.py for tasks to queue
[2021-07-06 14:16:37,972] {logging_mixin.py:104} INFO - [2021-07-06 14:16:37,972] {dagbag.py:487} INFO - Filling up the DagBag from /home/airflow/airflow/dags/trigger_rule.py
[2021-07-06 14:16:37,991] {scheduler_job.py:643} INFO - DAG(s) dict_keys(['trigger_rule']) retrieved from /home/airflow/airflow/dags/trigger_rule.py
[2021-07-06 14:16:38,025] {logging_mixin.py:104} INFO - [2021-07-06 14:16:38,025] {dag.py:1832} INFO - Sync 1 DAGs
[2021-07-06 14:16:38,062] {logging_mixin.py:104} INFO - [2021-07-06 14:16:38,062] {dag.py:2305} INFO - Setting next_dagrun for trigger_rule to 2021-07-05 00:00:00+00:00
[2021-07-06 14:16:38,084] {scheduler_job.py:190} INFO - Processing /home/airflow/airflow/dags/trigger_rule.py took 0.124 seconds
[2021-07-06 14:17:08,566] {scheduler_job.py:182} INFO - Started process (PID=7558) to work on /home/airflow/airflow/dags/trigger_rule.py
[2021-07-06 14:17:08,572] {scheduler_job.py:633} INFO - Processing file /home/airflow/airflow/dags/trigger_rule.py for tasks to queue
[2021-07-06 14:17:08,575] {logging_mixin.py:104} INFO - [2021-07-06 14:17:08,575] {dagbag.py:487} INFO - Filling up the DagBag from /home/airflow/airflow/dags/trigger_rule.py
[2021-07-06 14:17:08,608] {scheduler_job.py:643} INFO - DAG(s) dict_keys(['trigger_rule']) retrieved from /home/airflow/airflow/dags/trigger_rule.py
[2021-07-06 14:17:08,662] {logging_mixin.py:104} INFO - [2021-07-06 14:17:08,662] {dag.py:1832} INFO - Sync 1 DAGs
[2021-07-06 14:17:08,705] {logging_mixin.py:104} INFO - [2021-07-06 14:17:08,705] {dag.py:2305} INFO - Setting next_dagrun for trigger_rule to 2021-07-05 00:00:00+00:00
[2021-07-06 14:17:08,718] {scheduler_job.py:190} INFO - Processing /home/airflow/airflow/dags/trigger_rule.py took 0.156 seconds
[2021-07-06 14:17:38,799] {scheduler_job.py:182} INFO - Started process (PID=7639) to work on /home/airflow/airflow/dags/trigger_rule.py
[2021-07-06 14:17:38,803] {scheduler_job.py:633} INFO - Processing file /home/airflow/airflow/dags/trigger_rule.py for tasks to queue
[2021-07-06 14:17:38,804] {logging_mixin.py:104} INFO - [2021-07-06 14:17:38,804] {dagbag.py:487} INFO - Filling up the DagBag from /home/airflow/airflow/dags/trigger_rule.py
[2021-07-06 14:17:38,825] {scheduler_job.py:643} INFO - DAG(s) dict_keys(['trigger_rule']) retrieved from /home/airflow/airflow/dags/trigger_rule.py
[2021-07-06 14:17:38,859] {logging_mixin.py:104} INFO - [2021-07-06 14:17:38,859] {dag.py:1832} INFO - Sync 1 DAGs
[2021-07-06 14:17:38,889] {logging_mixin.py:104} INFO - [2021-07-06 14:17:38,889] {dag.py:2305} INFO - Setting next_dagrun for trigger_rule to 2021-07-05 00:00:00+00:00
[2021-07-06 14:17:38,903] {scheduler_job.py:190} INFO - Processing /home/airflow/airflow/dags/trigger_rule.py took 0.110 seconds
[2021-07-06 14:18:09,129] {scheduler_job.py:182} INFO - Started process (PID=7719) to work on /home/airflow/airflow/dags/trigger_rule.py
[2021-07-06 14:18:09,131] {scheduler_job.py:633} INFO - Processing file /home/airflow/airflow/dags/trigger_rule.py for tasks to queue
[2021-07-06 14:18:09,136] {logging_mixin.py:104} INFO - [2021-07-06 14:18:09,136] {dagbag.py:487} INFO - Filling up the DagBag from /home/airflow/airflow/dags/trigger_rule.py
[2021-07-06 14:18:09,158] {scheduler_job.py:643} INFO - DAG(s) dict_keys(['trigger_rule']) retrieved from /home/airflow/airflow/dags/trigger_rule.py
[2021-07-06 14:18:09,230] {logging_mixin.py:104} INFO - [2021-07-06 14:18:09,230] {dag.py:1832} INFO - Sync 1 DAGs
[2021-07-06 14:18:09,265] {logging_mixin.py:104} INFO - [2021-07-06 14:18:09,264] {dag.py:2305} INFO - Setting next_dagrun for trigger_rule to 2021-07-05 00:00:00+00:00
[2021-07-06 14:18:09,280] {scheduler_job.py:190} INFO - Processing /home/airflow/airflow/dags/trigger_rule.py took 0.155 seconds
[2021-07-06 14:18:39,920] {scheduler_job.py:182} INFO - Started process (PID=7801) to work on /home/airflow/airflow/dags/trigger_rule.py
[2021-07-06 14:18:39,925] {scheduler_job.py:633} INFO - Processing file /home/airflow/airflow/dags/trigger_rule.py for tasks to queue
[2021-07-06 14:18:39,931] {logging_mixin.py:104} INFO - [2021-07-06 14:18:39,931] {dagbag.py:487} INFO - Filling up the DagBag from /home/airflow/airflow/dags/trigger_rule.py
[2021-07-06 14:18:39,956] {scheduler_job.py:643} INFO - DAG(s) dict_keys(['trigger_rule']) retrieved from /home/airflow/airflow/dags/trigger_rule.py
[2021-07-06 14:18:40,001] {logging_mixin.py:104} INFO - [2021-07-06 14:18:40,001] {dag.py:1832} INFO - Sync 1 DAGs
[2021-07-06 14:18:40,044] {logging_mixin.py:104} INFO - [2021-07-06 14:18:40,044] {dag.py:2305} INFO - Setting next_dagrun for trigger_rule to 2021-07-05 00:00:00+00:00
[2021-07-06 14:18:40,065] {scheduler_job.py:190} INFO - Processing /home/airflow/airflow/dags/trigger_rule.py took 0.155 seconds
[2021-07-06 14:19:10,473] {scheduler_job.py:182} INFO - Started process (PID=7914) to work on /home/airflow/airflow/dags/trigger_rule.py
[2021-07-06 14:19:10,475] {scheduler_job.py:633} INFO - Processing file /home/airflow/airflow/dags/trigger_rule.py for tasks to queue
[2021-07-06 14:19:10,475] {logging_mixin.py:104} INFO - [2021-07-06 14:19:10,475] {dagbag.py:487} INFO - Filling up the DagBag from /home/airflow/airflow/dags/trigger_rule.py
[2021-07-06 14:19:10,500] {scheduler_job.py:643} INFO - DAG(s) dict_keys(['trigger_rule']) retrieved from /home/airflow/airflow/dags/trigger_rule.py
[2021-07-06 14:19:10,548] {logging_mixin.py:104} INFO - [2021-07-06 14:19:10,548] {dag.py:1832} INFO - Sync 1 DAGs
[2021-07-06 14:19:10,591] {logging_mixin.py:104} INFO - [2021-07-06 14:19:10,590] {dag.py:2305} INFO - Setting next_dagrun for trigger_rule to 2021-07-05 00:00:00+00:00
[2021-07-06 14:19:10,607] {scheduler_job.py:190} INFO - Processing /home/airflow/airflow/dags/trigger_rule.py took 0.140 seconds
