[2021-07-06 13:45:18,764] {scheduler_job.py:182} INFO - Started process (PID=1899) to work on /home/airflow/airflow/dags/xcom_dag.py
[2021-07-06 13:45:18,768] {scheduler_job.py:633} INFO - Processing file /home/airflow/airflow/dags/xcom_dag.py for tasks to queue
[2021-07-06 13:45:18,771] {logging_mixin.py:104} INFO - [2021-07-06 13:45:18,771] {dagbag.py:487} INFO - Filling up the DagBag from /home/airflow/airflow/dags/xcom_dag.py
[2021-07-06 13:45:18,816] {scheduler_job.py:643} INFO - DAG(s) dict_keys(['xcom_dag']) retrieved from /home/airflow/airflow/dags/xcom_dag.py
[2021-07-06 13:45:18,859] {logging_mixin.py:104} INFO - [2021-07-06 13:45:18,859] {dag.py:1832} INFO - Sync 1 DAGs
[2021-07-06 13:45:18,895] {logging_mixin.py:104} INFO - [2021-07-06 13:45:18,895] {dag.py:2305} INFO - Setting next_dagrun for xcom_dag to 2021-07-05 00:00:00+00:00
[2021-07-06 13:45:18,912] {scheduler_job.py:190} INFO - Processing /home/airflow/airflow/dags/xcom_dag.py took 0.161 seconds
[2021-07-06 13:45:53,299] {scheduler_job.py:182} INFO - Started process (PID=1987) to work on /home/airflow/airflow/dags/xcom_dag.py
[2021-07-06 13:45:53,314] {scheduler_job.py:633} INFO - Processing file /home/airflow/airflow/dags/xcom_dag.py for tasks to queue
[2021-07-06 13:45:53,317] {logging_mixin.py:104} INFO - [2021-07-06 13:45:53,317] {dagbag.py:487} INFO - Filling up the DagBag from /home/airflow/airflow/dags/xcom_dag.py
[2021-07-06 13:45:53,415] {scheduler_job.py:643} INFO - DAG(s) dict_keys(['xcom_dag']) retrieved from /home/airflow/airflow/dags/xcom_dag.py
[2021-07-06 13:45:53,505] {logging_mixin.py:104} INFO - [2021-07-06 13:45:53,504] {dag.py:1832} INFO - Sync 1 DAGs
[2021-07-06 13:45:53,582] {logging_mixin.py:104} INFO - [2021-07-06 13:45:53,582] {dag.py:2305} INFO - Setting next_dagrun for xcom_dag to 2021-07-05 00:00:00+00:00
[2021-07-06 13:45:53,620] {scheduler_job.py:190} INFO - Processing /home/airflow/airflow/dags/xcom_dag.py took 0.330 seconds
[2021-07-06 13:46:24,905] {scheduler_job.py:182} INFO - Started process (PID=2070) to work on /home/airflow/airflow/dags/xcom_dag.py
[2021-07-06 13:46:24,910] {scheduler_job.py:633} INFO - Processing file /home/airflow/airflow/dags/xcom_dag.py for tasks to queue
[2021-07-06 13:46:24,913] {logging_mixin.py:104} INFO - [2021-07-06 13:46:24,913] {dagbag.py:487} INFO - Filling up the DagBag from /home/airflow/airflow/dags/xcom_dag.py
[2021-07-06 13:46:24,944] {scheduler_job.py:643} INFO - DAG(s) dict_keys(['xcom_dag']) retrieved from /home/airflow/airflow/dags/xcom_dag.py
[2021-07-06 13:46:24,987] {logging_mixin.py:104} INFO - [2021-07-06 13:46:24,987] {dag.py:1832} INFO - Sync 1 DAGs
[2021-07-06 13:46:25,012] {logging_mixin.py:104} INFO - [2021-07-06 13:46:25,012] {dag.py:2305} INFO - Setting next_dagrun for xcom_dag to 2021-07-05 00:00:00+00:00
[2021-07-06 13:46:25,025] {scheduler_job.py:190} INFO - Processing /home/airflow/airflow/dags/xcom_dag.py took 0.124 seconds
[2021-07-06 13:46:59,034] {scheduler_job.py:182} INFO - Started process (PID=2212) to work on /home/airflow/airflow/dags/xcom_dag.py
[2021-07-06 13:46:59,053] {scheduler_job.py:633} INFO - Processing file /home/airflow/airflow/dags/xcom_dag.py for tasks to queue
[2021-07-06 13:46:59,061] {logging_mixin.py:104} INFO - [2021-07-06 13:46:59,061] {dagbag.py:487} INFO - Filling up the DagBag from /home/airflow/airflow/dags/xcom_dag.py
[2021-07-06 13:46:59,492] {scheduler_job.py:643} INFO - DAG(s) dict_keys(['xcom_dag']) retrieved from /home/airflow/airflow/dags/xcom_dag.py
[2021-07-06 13:46:59,733] {logging_mixin.py:104} INFO - [2021-07-06 13:46:59,733] {dag.py:1832} INFO - Sync 1 DAGs
[2021-07-06 13:46:59,890] {logging_mixin.py:104} INFO - [2021-07-06 13:46:59,888] {dag.py:2305} INFO - Setting next_dagrun for xcom_dag to 2021-07-05 00:00:00+00:00
[2021-07-06 13:46:59,922] {scheduler_job.py:190} INFO - Processing /home/airflow/airflow/dags/xcom_dag.py took 0.914 seconds
[2021-07-06 13:47:30,482] {scheduler_job.py:182} INFO - Started process (PID=2341) to work on /home/airflow/airflow/dags/xcom_dag.py
[2021-07-06 13:47:30,485] {scheduler_job.py:633} INFO - Processing file /home/airflow/airflow/dags/xcom_dag.py for tasks to queue
[2021-07-06 13:47:30,486] {logging_mixin.py:104} INFO - [2021-07-06 13:47:30,486] {dagbag.py:487} INFO - Filling up the DagBag from /home/airflow/airflow/dags/xcom_dag.py
[2021-07-06 13:47:30,506] {scheduler_job.py:643} INFO - DAG(s) dict_keys(['xcom_dag']) retrieved from /home/airflow/airflow/dags/xcom_dag.py
[2021-07-06 13:47:30,542] {logging_mixin.py:104} INFO - [2021-07-06 13:47:30,542] {dag.py:1832} INFO - Sync 1 DAGs
[2021-07-06 13:47:30,566] {logging_mixin.py:104} INFO - [2021-07-06 13:47:30,566] {dag.py:2305} INFO - Setting next_dagrun for xcom_dag to 2021-07-05 00:00:00+00:00
[2021-07-06 13:47:30,580] {scheduler_job.py:190} INFO - Processing /home/airflow/airflow/dags/xcom_dag.py took 0.101 seconds
[2021-07-06 13:48:00,730] {scheduler_job.py:182} INFO - Started process (PID=2419) to work on /home/airflow/airflow/dags/xcom_dag.py
[2021-07-06 13:48:00,741] {scheduler_job.py:633} INFO - Processing file /home/airflow/airflow/dags/xcom_dag.py for tasks to queue
[2021-07-06 13:48:00,743] {logging_mixin.py:104} INFO - [2021-07-06 13:48:00,742] {dagbag.py:487} INFO - Filling up the DagBag from /home/airflow/airflow/dags/xcom_dag.py
[2021-07-06 13:48:00,770] {scheduler_job.py:643} INFO - DAG(s) dict_keys(['xcom_dag']) retrieved from /home/airflow/airflow/dags/xcom_dag.py
[2021-07-06 13:48:00,830] {logging_mixin.py:104} INFO - [2021-07-06 13:48:00,830] {dag.py:1832} INFO - Sync 1 DAGs
[2021-07-06 13:48:00,877] {logging_mixin.py:104} INFO - [2021-07-06 13:48:00,877] {dag.py:2305} INFO - Setting next_dagrun for xcom_dag to 2021-07-05 00:00:00+00:00
[2021-07-06 13:48:00,899] {scheduler_job.py:190} INFO - Processing /home/airflow/airflow/dags/xcom_dag.py took 0.174 seconds
[2021-07-06 13:48:30,974] {scheduler_job.py:182} INFO - Started process (PID=2494) to work on /home/airflow/airflow/dags/xcom_dag.py
[2021-07-06 13:48:30,975] {scheduler_job.py:633} INFO - Processing file /home/airflow/airflow/dags/xcom_dag.py for tasks to queue
[2021-07-06 13:48:30,982] {logging_mixin.py:104} INFO - [2021-07-06 13:48:30,982] {dagbag.py:487} INFO - Filling up the DagBag from /home/airflow/airflow/dags/xcom_dag.py
[2021-07-06 13:48:31,025] {scheduler_job.py:643} INFO - DAG(s) dict_keys(['xcom_dag']) retrieved from /home/airflow/airflow/dags/xcom_dag.py
[2021-07-06 13:48:31,076] {logging_mixin.py:104} INFO - [2021-07-06 13:48:31,076] {dag.py:1832} INFO - Sync 1 DAGs
[2021-07-06 13:48:31,107] {logging_mixin.py:104} INFO - [2021-07-06 13:48:31,106] {dag.py:2305} INFO - Setting next_dagrun for xcom_dag to 2021-07-05 00:00:00+00:00
[2021-07-06 13:48:31,126] {scheduler_job.py:190} INFO - Processing /home/airflow/airflow/dags/xcom_dag.py took 0.157 seconds
[2021-07-06 13:49:01,757] {scheduler_job.py:182} INFO - Started process (PID=2574) to work on /home/airflow/airflow/dags/xcom_dag.py
[2021-07-06 13:49:01,760] {scheduler_job.py:633} INFO - Processing file /home/airflow/airflow/dags/xcom_dag.py for tasks to queue
[2021-07-06 13:49:01,761] {logging_mixin.py:104} INFO - [2021-07-06 13:49:01,761] {dagbag.py:487} INFO - Filling up the DagBag from /home/airflow/airflow/dags/xcom_dag.py
[2021-07-06 13:49:01,782] {scheduler_job.py:643} INFO - DAG(s) dict_keys(['xcom_dag']) retrieved from /home/airflow/airflow/dags/xcom_dag.py
[2021-07-06 13:49:01,824] {logging_mixin.py:104} INFO - [2021-07-06 13:49:01,823] {dag.py:1832} INFO - Sync 1 DAGs
[2021-07-06 13:49:01,848] {logging_mixin.py:104} INFO - [2021-07-06 13:49:01,847] {dag.py:2305} INFO - Setting next_dagrun for xcom_dag to 2021-07-05 00:00:00+00:00
[2021-07-06 13:49:01,866] {scheduler_job.py:190} INFO - Processing /home/airflow/airflow/dags/xcom_dag.py took 0.112 seconds
[2021-07-06 13:49:32,494] {scheduler_job.py:182} INFO - Started process (PID=2656) to work on /home/airflow/airflow/dags/xcom_dag.py
[2021-07-06 13:49:32,496] {scheduler_job.py:633} INFO - Processing file /home/airflow/airflow/dags/xcom_dag.py for tasks to queue
[2021-07-06 13:49:32,498] {logging_mixin.py:104} INFO - [2021-07-06 13:49:32,497] {dagbag.py:487} INFO - Filling up the DagBag from /home/airflow/airflow/dags/xcom_dag.py
[2021-07-06 13:49:32,522] {scheduler_job.py:643} INFO - DAG(s) dict_keys(['xcom_dag']) retrieved from /home/airflow/airflow/dags/xcom_dag.py
[2021-07-06 13:49:32,563] {logging_mixin.py:104} INFO - [2021-07-06 13:49:32,563] {dag.py:1832} INFO - Sync 1 DAGs
[2021-07-06 13:49:32,592] {logging_mixin.py:104} INFO - [2021-07-06 13:49:32,592] {dag.py:2305} INFO - Setting next_dagrun for xcom_dag to 2021-07-05 00:00:00+00:00
[2021-07-06 13:49:32,604] {scheduler_job.py:190} INFO - Processing /home/airflow/airflow/dags/xcom_dag.py took 0.113 seconds
[2021-07-06 13:50:03,324] {scheduler_job.py:182} INFO - Started process (PID=2742) to work on /home/airflow/airflow/dags/xcom_dag.py
[2021-07-06 13:50:03,327] {scheduler_job.py:633} INFO - Processing file /home/airflow/airflow/dags/xcom_dag.py for tasks to queue
[2021-07-06 13:50:03,329] {logging_mixin.py:104} INFO - [2021-07-06 13:50:03,329] {dagbag.py:487} INFO - Filling up the DagBag from /home/airflow/airflow/dags/xcom_dag.py
[2021-07-06 13:50:03,350] {scheduler_job.py:643} INFO - DAG(s) dict_keys(['xcom_dag']) retrieved from /home/airflow/airflow/dags/xcom_dag.py
[2021-07-06 13:50:03,407] {logging_mixin.py:104} INFO - [2021-07-06 13:50:03,407] {dag.py:1832} INFO - Sync 1 DAGs
[2021-07-06 13:50:03,431] {logging_mixin.py:104} INFO - [2021-07-06 13:50:03,430] {dag.py:2305} INFO - Setting next_dagrun for xcom_dag to 2021-07-05 00:00:00+00:00
[2021-07-06 13:50:03,448] {scheduler_job.py:190} INFO - Processing /home/airflow/airflow/dags/xcom_dag.py took 0.127 seconds
[2021-07-06 13:50:34,192] {scheduler_job.py:182} INFO - Started process (PID=2824) to work on /home/airflow/airflow/dags/xcom_dag.py
[2021-07-06 13:50:34,194] {scheduler_job.py:633} INFO - Processing file /home/airflow/airflow/dags/xcom_dag.py for tasks to queue
[2021-07-06 13:50:34,196] {logging_mixin.py:104} INFO - [2021-07-06 13:50:34,196] {dagbag.py:487} INFO - Filling up the DagBag from /home/airflow/airflow/dags/xcom_dag.py
[2021-07-06 13:50:34,213] {scheduler_job.py:643} INFO - DAG(s) dict_keys(['xcom_dag']) retrieved from /home/airflow/airflow/dags/xcom_dag.py
[2021-07-06 13:50:34,251] {logging_mixin.py:104} INFO - [2021-07-06 13:50:34,251] {dag.py:1832} INFO - Sync 1 DAGs
[2021-07-06 13:50:34,289] {logging_mixin.py:104} INFO - [2021-07-06 13:50:34,289] {dag.py:2305} INFO - Setting next_dagrun for xcom_dag to 2021-07-05 00:00:00+00:00
[2021-07-06 13:50:34,303] {scheduler_job.py:190} INFO - Processing /home/airflow/airflow/dags/xcom_dag.py took 0.114 seconds
[2021-07-06 13:51:05,485] {scheduler_job.py:182} INFO - Started process (PID=2902) to work on /home/airflow/airflow/dags/xcom_dag.py
[2021-07-06 13:51:05,497] {scheduler_job.py:633} INFO - Processing file /home/airflow/airflow/dags/xcom_dag.py for tasks to queue
[2021-07-06 13:51:05,548] {logging_mixin.py:104} INFO - [2021-07-06 13:51:05,517] {dagbag.py:487} INFO - Filling up the DagBag from /home/airflow/airflow/dags/xcom_dag.py
[2021-07-06 13:51:05,705] {scheduler_job.py:643} INFO - DAG(s) dict_keys(['xcom_dag']) retrieved from /home/airflow/airflow/dags/xcom_dag.py
[2021-07-06 13:51:06,025] {logging_mixin.py:104} INFO - [2021-07-06 13:51:06,025] {dag.py:1832} INFO - Sync 1 DAGs
[2021-07-06 13:51:06,117] {logging_mixin.py:104} INFO - [2021-07-06 13:51:06,117] {dag.py:2305} INFO - Setting next_dagrun for xcom_dag to 2021-07-05 00:00:00+00:00
[2021-07-06 13:51:06,141] {scheduler_job.py:190} INFO - Processing /home/airflow/airflow/dags/xcom_dag.py took 0.686 seconds
[2021-07-06 13:51:36,232] {scheduler_job.py:182} INFO - Started process (PID=3084) to work on /home/airflow/airflow/dags/xcom_dag.py
[2021-07-06 13:51:36,252] {scheduler_job.py:633} INFO - Processing file /home/airflow/airflow/dags/xcom_dag.py for tasks to queue
[2021-07-06 13:51:36,253] {logging_mixin.py:104} INFO - [2021-07-06 13:51:36,253] {dagbag.py:487} INFO - Filling up the DagBag from /home/airflow/airflow/dags/xcom_dag.py
[2021-07-06 13:51:36,290] {scheduler_job.py:643} INFO - DAG(s) dict_keys(['xcom_dag']) retrieved from /home/airflow/airflow/dags/xcom_dag.py
[2021-07-06 13:51:36,326] {logging_mixin.py:104} INFO - [2021-07-06 13:51:36,326] {dag.py:1832} INFO - Sync 1 DAGs
[2021-07-06 13:51:36,358] {logging_mixin.py:104} INFO - [2021-07-06 13:51:36,358] {dag.py:2305} INFO - Setting next_dagrun for xcom_dag to 2021-07-05 00:00:00+00:00
[2021-07-06 13:51:36,371] {scheduler_job.py:190} INFO - Processing /home/airflow/airflow/dags/xcom_dag.py took 0.148 seconds
[2021-07-06 13:52:07,183] {scheduler_job.py:182} INFO - Started process (PID=3166) to work on /home/airflow/airflow/dags/xcom_dag.py
[2021-07-06 13:52:07,187] {scheduler_job.py:633} INFO - Processing file /home/airflow/airflow/dags/xcom_dag.py for tasks to queue
[2021-07-06 13:52:07,192] {logging_mixin.py:104} INFO - [2021-07-06 13:52:07,192] {dagbag.py:487} INFO - Filling up the DagBag from /home/airflow/airflow/dags/xcom_dag.py
[2021-07-06 13:52:07,228] {scheduler_job.py:643} INFO - DAG(s) dict_keys(['xcom_dag']) retrieved from /home/airflow/airflow/dags/xcom_dag.py
[2021-07-06 13:52:07,292] {logging_mixin.py:104} INFO - [2021-07-06 13:52:07,292] {dag.py:1832} INFO - Sync 1 DAGs
[2021-07-06 13:52:07,335] {logging_mixin.py:104} INFO - [2021-07-06 13:52:07,335] {dag.py:2305} INFO - Setting next_dagrun for xcom_dag to 2021-07-05 00:00:00+00:00
[2021-07-06 13:52:07,382] {scheduler_job.py:190} INFO - Processing /home/airflow/airflow/dags/xcom_dag.py took 0.205 seconds
[2021-07-06 13:52:38,456] {scheduler_job.py:182} INFO - Started process (PID=3356) to work on /home/airflow/airflow/dags/xcom_dag.py
[2021-07-06 13:52:38,461] {scheduler_job.py:633} INFO - Processing file /home/airflow/airflow/dags/xcom_dag.py for tasks to queue
[2021-07-06 13:52:38,465] {logging_mixin.py:104} INFO - [2021-07-06 13:52:38,465] {dagbag.py:487} INFO - Filling up the DagBag from /home/airflow/airflow/dags/xcom_dag.py
[2021-07-06 13:52:38,503] {scheduler_job.py:643} INFO - DAG(s) dict_keys(['xcom_dag']) retrieved from /home/airflow/airflow/dags/xcom_dag.py
[2021-07-06 13:52:38,556] {logging_mixin.py:104} INFO - [2021-07-06 13:52:38,556] {dag.py:1832} INFO - Sync 1 DAGs
[2021-07-06 13:52:38,585] {logging_mixin.py:104} INFO - [2021-07-06 13:52:38,585] {dag.py:2305} INFO - Setting next_dagrun for xcom_dag to 2021-07-05 00:00:00+00:00
[2021-07-06 13:52:38,599] {scheduler_job.py:190} INFO - Processing /home/airflow/airflow/dags/xcom_dag.py took 0.154 seconds
[2021-07-06 13:53:08,901] {scheduler_job.py:182} INFO - Started process (PID=3428) to work on /home/airflow/airflow/dags/xcom_dag.py
[2021-07-06 13:53:08,912] {scheduler_job.py:633} INFO - Processing file /home/airflow/airflow/dags/xcom_dag.py for tasks to queue
[2021-07-06 13:53:08,917] {logging_mixin.py:104} INFO - [2021-07-06 13:53:08,917] {dagbag.py:487} INFO - Filling up the DagBag from /home/airflow/airflow/dags/xcom_dag.py
[2021-07-06 13:53:08,949] {scheduler_job.py:643} INFO - DAG(s) dict_keys(['xcom_dag']) retrieved from /home/airflow/airflow/dags/xcom_dag.py
[2021-07-06 13:53:09,016] {logging_mixin.py:104} INFO - [2021-07-06 13:53:09,016] {dag.py:1832} INFO - Sync 1 DAGs
[2021-07-06 13:53:09,057] {logging_mixin.py:104} INFO - [2021-07-06 13:53:09,057] {dag.py:2305} INFO - Setting next_dagrun for xcom_dag to 2021-07-05 00:00:00+00:00
[2021-07-06 13:53:09,080] {scheduler_job.py:190} INFO - Processing /home/airflow/airflow/dags/xcom_dag.py took 0.185 seconds
[2021-07-06 13:53:39,121] {scheduler_job.py:182} INFO - Started process (PID=3508) to work on /home/airflow/airflow/dags/xcom_dag.py
[2021-07-06 13:53:39,123] {scheduler_job.py:633} INFO - Processing file /home/airflow/airflow/dags/xcom_dag.py for tasks to queue
[2021-07-06 13:53:39,124] {logging_mixin.py:104} INFO - [2021-07-06 13:53:39,123] {dagbag.py:487} INFO - Filling up the DagBag from /home/airflow/airflow/dags/xcom_dag.py
[2021-07-06 13:53:39,145] {scheduler_job.py:643} INFO - DAG(s) dict_keys(['xcom_dag']) retrieved from /home/airflow/airflow/dags/xcom_dag.py
[2021-07-06 13:53:39,197] {logging_mixin.py:104} INFO - [2021-07-06 13:53:39,197] {dag.py:1832} INFO - Sync 1 DAGs
[2021-07-06 13:53:39,221] {logging_mixin.py:104} INFO - [2021-07-06 13:53:39,221] {dag.py:2305} INFO - Setting next_dagrun for xcom_dag to 2021-07-05 00:00:00+00:00
[2021-07-06 13:53:39,232] {scheduler_job.py:190} INFO - Processing /home/airflow/airflow/dags/xcom_dag.py took 0.118 seconds
[2021-07-06 13:54:09,320] {scheduler_job.py:182} INFO - Started process (PID=3589) to work on /home/airflow/airflow/dags/xcom_dag.py
[2021-07-06 13:54:09,325] {scheduler_job.py:633} INFO - Processing file /home/airflow/airflow/dags/xcom_dag.py for tasks to queue
[2021-07-06 13:54:09,327] {logging_mixin.py:104} INFO - [2021-07-06 13:54:09,327] {dagbag.py:487} INFO - Filling up the DagBag from /home/airflow/airflow/dags/xcom_dag.py
[2021-07-06 13:54:09,350] {scheduler_job.py:643} INFO - DAG(s) dict_keys(['xcom_dag']) retrieved from /home/airflow/airflow/dags/xcom_dag.py
[2021-07-06 13:54:09,397] {logging_mixin.py:104} INFO - [2021-07-06 13:54:09,397] {dag.py:1832} INFO - Sync 1 DAGs
[2021-07-06 13:54:09,424] {logging_mixin.py:104} INFO - [2021-07-06 13:54:09,424] {dag.py:2305} INFO - Setting next_dagrun for xcom_dag to 2021-07-05 00:00:00+00:00
[2021-07-06 13:54:09,434] {scheduler_job.py:190} INFO - Processing /home/airflow/airflow/dags/xcom_dag.py took 0.120 seconds
[2021-07-06 13:54:40,024] {scheduler_job.py:182} INFO - Started process (PID=3670) to work on /home/airflow/airflow/dags/xcom_dag.py
[2021-07-06 13:54:40,025] {scheduler_job.py:633} INFO - Processing file /home/airflow/airflow/dags/xcom_dag.py for tasks to queue
[2021-07-06 13:54:40,026] {logging_mixin.py:104} INFO - [2021-07-06 13:54:40,025] {dagbag.py:487} INFO - Filling up the DagBag from /home/airflow/airflow/dags/xcom_dag.py
[2021-07-06 13:54:40,047] {scheduler_job.py:643} INFO - DAG(s) dict_keys(['xcom_dag']) retrieved from /home/airflow/airflow/dags/xcom_dag.py
[2021-07-06 13:54:40,078] {logging_mixin.py:104} INFO - [2021-07-06 13:54:40,077] {dag.py:1832} INFO - Sync 1 DAGs
[2021-07-06 13:54:40,099] {logging_mixin.py:104} INFO - [2021-07-06 13:54:40,099] {dag.py:2305} INFO - Setting next_dagrun for xcom_dag to 2021-07-05 00:00:00+00:00
[2021-07-06 13:54:40,117] {scheduler_job.py:190} INFO - Processing /home/airflow/airflow/dags/xcom_dag.py took 0.098 seconds
[2021-07-06 13:55:10,436] {scheduler_job.py:182} INFO - Started process (PID=3754) to work on /home/airflow/airflow/dags/xcom_dag.py
[2021-07-06 13:55:10,438] {scheduler_job.py:633} INFO - Processing file /home/airflow/airflow/dags/xcom_dag.py for tasks to queue
[2021-07-06 13:55:10,439] {logging_mixin.py:104} INFO - [2021-07-06 13:55:10,439] {dagbag.py:487} INFO - Filling up the DagBag from /home/airflow/airflow/dags/xcom_dag.py
[2021-07-06 13:55:10,477] {scheduler_job.py:643} INFO - DAG(s) dict_keys(['xcom_dag']) retrieved from /home/airflow/airflow/dags/xcom_dag.py
[2021-07-06 13:55:10,515] {logging_mixin.py:104} INFO - [2021-07-06 13:55:10,515] {dag.py:1832} INFO - Sync 1 DAGs
[2021-07-06 13:55:10,545] {logging_mixin.py:104} INFO - [2021-07-06 13:55:10,545] {dag.py:2305} INFO - Setting next_dagrun for xcom_dag to 2021-07-05 00:00:00+00:00
[2021-07-06 13:55:10,561] {scheduler_job.py:190} INFO - Processing /home/airflow/airflow/dags/xcom_dag.py took 0.131 seconds
[2021-07-06 13:55:40,628] {scheduler_job.py:182} INFO - Started process (PID=3829) to work on /home/airflow/airflow/dags/xcom_dag.py
[2021-07-06 13:55:40,631] {scheduler_job.py:633} INFO - Processing file /home/airflow/airflow/dags/xcom_dag.py for tasks to queue
[2021-07-06 13:55:40,634] {logging_mixin.py:104} INFO - [2021-07-06 13:55:40,633] {dagbag.py:487} INFO - Filling up the DagBag from /home/airflow/airflow/dags/xcom_dag.py
[2021-07-06 13:55:40,679] {scheduler_job.py:643} INFO - DAG(s) dict_keys(['xcom_dag']) retrieved from /home/airflow/airflow/dags/xcom_dag.py
[2021-07-06 13:55:40,717] {logging_mixin.py:104} INFO - [2021-07-06 13:55:40,717] {dag.py:1832} INFO - Sync 1 DAGs
[2021-07-06 13:55:40,756] {logging_mixin.py:104} INFO - [2021-07-06 13:55:40,756] {dag.py:2305} INFO - Setting next_dagrun for xcom_dag to 2021-07-05 00:00:00+00:00
[2021-07-06 13:55:40,783] {scheduler_job.py:190} INFO - Processing /home/airflow/airflow/dags/xcom_dag.py took 0.161 seconds
[2021-07-06 13:56:10,834] {scheduler_job.py:182} INFO - Started process (PID=3910) to work on /home/airflow/airflow/dags/xcom_dag.py
[2021-07-06 13:56:10,837] {scheduler_job.py:633} INFO - Processing file /home/airflow/airflow/dags/xcom_dag.py for tasks to queue
[2021-07-06 13:56:10,841] {logging_mixin.py:104} INFO - [2021-07-06 13:56:10,841] {dagbag.py:487} INFO - Filling up the DagBag from /home/airflow/airflow/dags/xcom_dag.py
[2021-07-06 13:56:10,861] {scheduler_job.py:643} INFO - DAG(s) dict_keys(['xcom_dag']) retrieved from /home/airflow/airflow/dags/xcom_dag.py
[2021-07-06 13:56:10,903] {logging_mixin.py:104} INFO - [2021-07-06 13:56:10,902] {dag.py:1832} INFO - Sync 1 DAGs
[2021-07-06 13:56:10,931] {logging_mixin.py:104} INFO - [2021-07-06 13:56:10,931] {dag.py:2305} INFO - Setting next_dagrun for xcom_dag to 2021-07-05 00:00:00+00:00
[2021-07-06 13:56:10,948] {scheduler_job.py:190} INFO - Processing /home/airflow/airflow/dags/xcom_dag.py took 0.119 seconds
[2021-07-06 13:56:41,150] {scheduler_job.py:182} INFO - Started process (PID=3992) to work on /home/airflow/airflow/dags/xcom_dag.py
[2021-07-06 13:56:41,152] {scheduler_job.py:633} INFO - Processing file /home/airflow/airflow/dags/xcom_dag.py for tasks to queue
[2021-07-06 13:56:41,156] {logging_mixin.py:104} INFO - [2021-07-06 13:56:41,156] {dagbag.py:487} INFO - Filling up the DagBag from /home/airflow/airflow/dags/xcom_dag.py
[2021-07-06 13:56:41,182] {scheduler_job.py:643} INFO - DAG(s) dict_keys(['xcom_dag']) retrieved from /home/airflow/airflow/dags/xcom_dag.py
[2021-07-06 13:56:41,225] {logging_mixin.py:104} INFO - [2021-07-06 13:56:41,225] {dag.py:1832} INFO - Sync 1 DAGs
[2021-07-06 13:56:41,253] {logging_mixin.py:104} INFO - [2021-07-06 13:56:41,253] {dag.py:2305} INFO - Setting next_dagrun for xcom_dag to 2021-07-05 00:00:00+00:00
[2021-07-06 13:56:41,266] {scheduler_job.py:190} INFO - Processing /home/airflow/airflow/dags/xcom_dag.py took 0.120 seconds
[2021-07-06 13:57:11,332] {scheduler_job.py:182} INFO - Started process (PID=4073) to work on /home/airflow/airflow/dags/xcom_dag.py
[2021-07-06 13:57:11,340] {scheduler_job.py:633} INFO - Processing file /home/airflow/airflow/dags/xcom_dag.py for tasks to queue
[2021-07-06 13:57:11,343] {logging_mixin.py:104} INFO - [2021-07-06 13:57:11,343] {dagbag.py:487} INFO - Filling up the DagBag from /home/airflow/airflow/dags/xcom_dag.py
[2021-07-06 13:57:11,431] {scheduler_job.py:643} INFO - DAG(s) dict_keys(['xcom_dag']) retrieved from /home/airflow/airflow/dags/xcom_dag.py
[2021-07-06 13:57:11,517] {logging_mixin.py:104} INFO - [2021-07-06 13:57:11,516] {dag.py:1832} INFO - Sync 1 DAGs
[2021-07-06 13:57:11,570] {logging_mixin.py:104} INFO - [2021-07-06 13:57:11,570] {dag.py:2305} INFO - Setting next_dagrun for xcom_dag to 2021-07-05 00:00:00+00:00
[2021-07-06 13:57:11,603] {scheduler_job.py:190} INFO - Processing /home/airflow/airflow/dags/xcom_dag.py took 0.286 seconds
[2021-07-06 13:57:41,773] {scheduler_job.py:182} INFO - Started process (PID=4261) to work on /home/airflow/airflow/dags/xcom_dag.py
[2021-07-06 13:57:41,777] {scheduler_job.py:633} INFO - Processing file /home/airflow/airflow/dags/xcom_dag.py for tasks to queue
[2021-07-06 13:57:41,778] {logging_mixin.py:104} INFO - [2021-07-06 13:57:41,778] {dagbag.py:487} INFO - Filling up the DagBag from /home/airflow/airflow/dags/xcom_dag.py
[2021-07-06 13:57:41,803] {scheduler_job.py:643} INFO - DAG(s) dict_keys(['xcom_dag']) retrieved from /home/airflow/airflow/dags/xcom_dag.py
[2021-07-06 13:57:41,847] {logging_mixin.py:104} INFO - [2021-07-06 13:57:41,847] {dag.py:1832} INFO - Sync 1 DAGs
[2021-07-06 13:57:41,882] {logging_mixin.py:104} INFO - [2021-07-06 13:57:41,882] {dag.py:2305} INFO - Setting next_dagrun for xcom_dag to 2021-07-05 00:00:00+00:00
[2021-07-06 13:57:41,897] {scheduler_job.py:190} INFO - Processing /home/airflow/airflow/dags/xcom_dag.py took 0.127 seconds
[2021-07-06 13:58:12,145] {scheduler_job.py:182} INFO - Started process (PID=4342) to work on /home/airflow/airflow/dags/xcom_dag.py
[2021-07-06 13:58:12,147] {scheduler_job.py:633} INFO - Processing file /home/airflow/airflow/dags/xcom_dag.py for tasks to queue
[2021-07-06 13:58:12,149] {logging_mixin.py:104} INFO - [2021-07-06 13:58:12,149] {dagbag.py:487} INFO - Filling up the DagBag from /home/airflow/airflow/dags/xcom_dag.py
[2021-07-06 13:58:12,188] {scheduler_job.py:643} INFO - DAG(s) dict_keys(['xcom_dag']) retrieved from /home/airflow/airflow/dags/xcom_dag.py
[2021-07-06 13:58:12,252] {logging_mixin.py:104} INFO - [2021-07-06 13:58:12,252] {dag.py:1832} INFO - Sync 1 DAGs
[2021-07-06 13:58:12,295] {logging_mixin.py:104} INFO - [2021-07-06 13:58:12,294] {dag.py:2305} INFO - Setting next_dagrun for xcom_dag to 2021-07-05 00:00:00+00:00
[2021-07-06 13:58:12,314] {scheduler_job.py:190} INFO - Processing /home/airflow/airflow/dags/xcom_dag.py took 0.176 seconds
[2021-07-06 13:58:42,608] {scheduler_job.py:182} INFO - Started process (PID=4424) to work on /home/airflow/airflow/dags/xcom_dag.py
[2021-07-06 13:58:42,613] {scheduler_job.py:633} INFO - Processing file /home/airflow/airflow/dags/xcom_dag.py for tasks to queue
[2021-07-06 13:58:42,616] {logging_mixin.py:104} INFO - [2021-07-06 13:58:42,616] {dagbag.py:487} INFO - Filling up the DagBag from /home/airflow/airflow/dags/xcom_dag.py
[2021-07-06 13:58:42,639] {scheduler_job.py:643} INFO - DAG(s) dict_keys(['xcom_dag']) retrieved from /home/airflow/airflow/dags/xcom_dag.py
[2021-07-06 13:58:42,676] {logging_mixin.py:104} INFO - [2021-07-06 13:58:42,675] {dag.py:1832} INFO - Sync 1 DAGs
[2021-07-06 13:58:42,705] {logging_mixin.py:104} INFO - [2021-07-06 13:58:42,705] {dag.py:2305} INFO - Setting next_dagrun for xcom_dag to 2021-07-05 00:00:00+00:00
[2021-07-06 13:58:42,719] {scheduler_job.py:190} INFO - Processing /home/airflow/airflow/dags/xcom_dag.py took 0.116 seconds
[2021-07-06 13:59:13,685] {scheduler_job.py:182} INFO - Started process (PID=4506) to work on /home/airflow/airflow/dags/xcom_dag.py
[2021-07-06 13:59:13,690] {scheduler_job.py:633} INFO - Processing file /home/airflow/airflow/dags/xcom_dag.py for tasks to queue
[2021-07-06 13:59:13,692] {logging_mixin.py:104} INFO - [2021-07-06 13:59:13,692] {dagbag.py:487} INFO - Filling up the DagBag from /home/airflow/airflow/dags/xcom_dag.py
[2021-07-06 13:59:13,758] {scheduler_job.py:643} INFO - DAG(s) dict_keys(['xcom_dag']) retrieved from /home/airflow/airflow/dags/xcom_dag.py
[2021-07-06 13:59:13,856] {logging_mixin.py:104} INFO - [2021-07-06 13:59:13,856] {dag.py:1832} INFO - Sync 1 DAGs
[2021-07-06 13:59:13,896] {logging_mixin.py:104} INFO - [2021-07-06 13:59:13,896] {dag.py:2305} INFO - Setting next_dagrun for xcom_dag to 2021-07-05 00:00:00+00:00
[2021-07-06 13:59:13,913] {scheduler_job.py:190} INFO - Processing /home/airflow/airflow/dags/xcom_dag.py took 0.232 seconds
[2021-07-06 13:59:44,741] {scheduler_job.py:182} INFO - Started process (PID=4601) to work on /home/airflow/airflow/dags/xcom_dag.py
[2021-07-06 13:59:44,745] {scheduler_job.py:633} INFO - Processing file /home/airflow/airflow/dags/xcom_dag.py for tasks to queue
[2021-07-06 13:59:44,748] {logging_mixin.py:104} INFO - [2021-07-06 13:59:44,748] {dagbag.py:487} INFO - Filling up the DagBag from /home/airflow/airflow/dags/xcom_dag.py
[2021-07-06 13:59:44,785] {scheduler_job.py:643} INFO - DAG(s) dict_keys(['xcom_dag']) retrieved from /home/airflow/airflow/dags/xcom_dag.py
[2021-07-06 13:59:44,835] {logging_mixin.py:104} INFO - [2021-07-06 13:59:44,835] {dag.py:1832} INFO - Sync 1 DAGs
[2021-07-06 13:59:44,869] {logging_mixin.py:104} INFO - [2021-07-06 13:59:44,869] {dag.py:2305} INFO - Setting next_dagrun for xcom_dag to 2021-07-05 00:00:00+00:00
[2021-07-06 13:59:44,881] {scheduler_job.py:190} INFO - Processing /home/airflow/airflow/dags/xcom_dag.py took 0.143 seconds
[2021-07-06 14:00:15,051] {scheduler_job.py:182} INFO - Started process (PID=4685) to work on /home/airflow/airflow/dags/xcom_dag.py
[2021-07-06 14:00:15,054] {scheduler_job.py:633} INFO - Processing file /home/airflow/airflow/dags/xcom_dag.py for tasks to queue
[2021-07-06 14:00:15,056] {logging_mixin.py:104} INFO - [2021-07-06 14:00:15,056] {dagbag.py:487} INFO - Filling up the DagBag from /home/airflow/airflow/dags/xcom_dag.py
[2021-07-06 14:00:15,082] {scheduler_job.py:643} INFO - DAG(s) dict_keys(['xcom_dag']) retrieved from /home/airflow/airflow/dags/xcom_dag.py
[2021-07-06 14:00:15,131] {logging_mixin.py:104} INFO - [2021-07-06 14:00:15,131] {dag.py:1832} INFO - Sync 1 DAGs
[2021-07-06 14:00:15,168] {logging_mixin.py:104} INFO - [2021-07-06 14:00:15,168] {dag.py:2305} INFO - Setting next_dagrun for xcom_dag to 2021-07-05 00:00:00+00:00
[2021-07-06 14:00:15,179] {scheduler_job.py:190} INFO - Processing /home/airflow/airflow/dags/xcom_dag.py took 0.146 seconds
[2021-07-06 14:00:46,011] {scheduler_job.py:182} INFO - Started process (PID=4771) to work on /home/airflow/airflow/dags/xcom_dag.py
[2021-07-06 14:00:46,013] {scheduler_job.py:633} INFO - Processing file /home/airflow/airflow/dags/xcom_dag.py for tasks to queue
[2021-07-06 14:00:46,015] {logging_mixin.py:104} INFO - [2021-07-06 14:00:46,015] {dagbag.py:487} INFO - Filling up the DagBag from /home/airflow/airflow/dags/xcom_dag.py
[2021-07-06 14:00:46,034] {scheduler_job.py:643} INFO - DAG(s) dict_keys(['xcom_dag']) retrieved from /home/airflow/airflow/dags/xcom_dag.py
[2021-07-06 14:00:46,087] {logging_mixin.py:104} INFO - [2021-07-06 14:00:46,087] {dag.py:1832} INFO - Sync 1 DAGs
[2021-07-06 14:00:46,126] {logging_mixin.py:104} INFO - [2021-07-06 14:00:46,126] {dag.py:2305} INFO - Setting next_dagrun for xcom_dag to 2021-07-05 00:00:00+00:00
[2021-07-06 14:00:46,154] {scheduler_job.py:190} INFO - Processing /home/airflow/airflow/dags/xcom_dag.py took 0.147 seconds
[2021-07-06 14:01:16,562] {scheduler_job.py:182} INFO - Started process (PID=4854) to work on /home/airflow/airflow/dags/xcom_dag.py
[2021-07-06 14:01:16,566] {scheduler_job.py:633} INFO - Processing file /home/airflow/airflow/dags/xcom_dag.py for tasks to queue
[2021-07-06 14:01:16,567] {logging_mixin.py:104} INFO - [2021-07-06 14:01:16,567] {dagbag.py:487} INFO - Filling up the DagBag from /home/airflow/airflow/dags/xcom_dag.py
[2021-07-06 14:01:16,609] {scheduler_job.py:643} INFO - DAG(s) dict_keys(['xcom_dag']) retrieved from /home/airflow/airflow/dags/xcom_dag.py
[2021-07-06 14:01:16,670] {logging_mixin.py:104} INFO - [2021-07-06 14:01:16,670] {dag.py:1832} INFO - Sync 1 DAGs
[2021-07-06 14:01:16,705] {logging_mixin.py:104} INFO - [2021-07-06 14:01:16,705] {dag.py:2305} INFO - Setting next_dagrun for xcom_dag to 2021-07-05 00:00:00+00:00
[2021-07-06 14:01:16,724] {scheduler_job.py:190} INFO - Processing /home/airflow/airflow/dags/xcom_dag.py took 0.168 seconds
[2021-07-06 14:01:47,555] {scheduler_job.py:182} INFO - Started process (PID=4935) to work on /home/airflow/airflow/dags/xcom_dag.py
[2021-07-06 14:01:47,557] {scheduler_job.py:633} INFO - Processing file /home/airflow/airflow/dags/xcom_dag.py for tasks to queue
[2021-07-06 14:01:47,558] {logging_mixin.py:104} INFO - [2021-07-06 14:01:47,558] {dagbag.py:487} INFO - Filling up the DagBag from /home/airflow/airflow/dags/xcom_dag.py
[2021-07-06 14:01:47,583] {scheduler_job.py:643} INFO - DAG(s) dict_keys(['xcom_dag']) retrieved from /home/airflow/airflow/dags/xcom_dag.py
[2021-07-06 14:01:47,628] {logging_mixin.py:104} INFO - [2021-07-06 14:01:47,628] {dag.py:1832} INFO - Sync 1 DAGs
[2021-07-06 14:01:47,663] {logging_mixin.py:104} INFO - [2021-07-06 14:01:47,663] {dag.py:2305} INFO - Setting next_dagrun for xcom_dag to 2021-07-05 00:00:00+00:00
[2021-07-06 14:01:47,677] {scheduler_job.py:190} INFO - Processing /home/airflow/airflow/dags/xcom_dag.py took 0.129 seconds
[2021-07-06 14:02:17,850] {scheduler_job.py:182} INFO - Started process (PID=5019) to work on /home/airflow/airflow/dags/xcom_dag.py
[2021-07-06 14:02:17,851] {scheduler_job.py:633} INFO - Processing file /home/airflow/airflow/dags/xcom_dag.py for tasks to queue
[2021-07-06 14:02:17,852] {logging_mixin.py:104} INFO - [2021-07-06 14:02:17,852] {dagbag.py:487} INFO - Filling up the DagBag from /home/airflow/airflow/dags/xcom_dag.py
[2021-07-06 14:02:17,908] {scheduler_job.py:643} INFO - DAG(s) dict_keys(['xcom_dag']) retrieved from /home/airflow/airflow/dags/xcom_dag.py
[2021-07-06 14:02:17,955] {logging_mixin.py:104} INFO - [2021-07-06 14:02:17,955] {dag.py:1832} INFO - Sync 1 DAGs
[2021-07-06 14:02:18,003] {logging_mixin.py:104} INFO - [2021-07-06 14:02:18,003] {dag.py:2305} INFO - Setting next_dagrun for xcom_dag to 2021-07-05 00:00:00+00:00
[2021-07-06 14:02:18,029] {scheduler_job.py:190} INFO - Processing /home/airflow/airflow/dags/xcom_dag.py took 0.183 seconds
[2021-07-06 14:02:48,343] {scheduler_job.py:182} INFO - Started process (PID=5097) to work on /home/airflow/airflow/dags/xcom_dag.py
[2021-07-06 14:02:48,350] {scheduler_job.py:633} INFO - Processing file /home/airflow/airflow/dags/xcom_dag.py for tasks to queue
[2021-07-06 14:02:48,351] {logging_mixin.py:104} INFO - [2021-07-06 14:02:48,351] {dagbag.py:487} INFO - Filling up the DagBag from /home/airflow/airflow/dags/xcom_dag.py
[2021-07-06 14:02:48,388] {scheduler_job.py:643} INFO - DAG(s) dict_keys(['xcom_dag']) retrieved from /home/airflow/airflow/dags/xcom_dag.py
[2021-07-06 14:02:48,468] {logging_mixin.py:104} INFO - [2021-07-06 14:02:48,468] {dag.py:1832} INFO - Sync 1 DAGs
[2021-07-06 14:02:48,547] {logging_mixin.py:104} INFO - [2021-07-06 14:02:48,547] {dag.py:2305} INFO - Setting next_dagrun for xcom_dag to 2021-07-05 00:00:00+00:00
[2021-07-06 14:02:48,576] {scheduler_job.py:190} INFO - Processing /home/airflow/airflow/dags/xcom_dag.py took 0.270 seconds
[2021-07-06 14:03:18,969] {scheduler_job.py:182} INFO - Started process (PID=5332) to work on /home/airflow/airflow/dags/xcom_dag.py
[2021-07-06 14:03:18,977] {scheduler_job.py:633} INFO - Processing file /home/airflow/airflow/dags/xcom_dag.py for tasks to queue
[2021-07-06 14:03:18,981] {logging_mixin.py:104} INFO - [2021-07-06 14:03:18,981] {dagbag.py:487} INFO - Filling up the DagBag from /home/airflow/airflow/dags/xcom_dag.py
[2021-07-06 14:03:19,079] {scheduler_job.py:643} INFO - DAG(s) dict_keys(['xcom_dag']) retrieved from /home/airflow/airflow/dags/xcom_dag.py
[2021-07-06 14:03:19,261] {logging_mixin.py:104} INFO - [2021-07-06 14:03:19,261] {dag.py:1832} INFO - Sync 1 DAGs
[2021-07-06 14:03:19,528] {logging_mixin.py:104} INFO - [2021-07-06 14:03:19,528] {dag.py:2305} INFO - Setting next_dagrun for xcom_dag to 2021-07-05 00:00:00+00:00
[2021-07-06 14:03:19,645] {scheduler_job.py:190} INFO - Processing /home/airflow/airflow/dags/xcom_dag.py took 0.688 seconds
[2021-07-06 14:03:49,808] {scheduler_job.py:182} INFO - Started process (PID=5444) to work on /home/airflow/airflow/dags/xcom_dag.py
[2021-07-06 14:03:49,814] {scheduler_job.py:633} INFO - Processing file /home/airflow/airflow/dags/xcom_dag.py for tasks to queue
[2021-07-06 14:03:49,817] {logging_mixin.py:104} INFO - [2021-07-06 14:03:49,816] {dagbag.py:487} INFO - Filling up the DagBag from /home/airflow/airflow/dags/xcom_dag.py
[2021-07-06 14:03:49,840] {scheduler_job.py:643} INFO - DAG(s) dict_keys(['xcom_dag']) retrieved from /home/airflow/airflow/dags/xcom_dag.py
[2021-07-06 14:03:49,883] {logging_mixin.py:104} INFO - [2021-07-06 14:03:49,883] {dag.py:1832} INFO - Sync 1 DAGs
[2021-07-06 14:03:49,928] {logging_mixin.py:104} INFO - [2021-07-06 14:03:49,928] {dag.py:2305} INFO - Setting next_dagrun for xcom_dag to 2021-07-05 00:00:00+00:00
[2021-07-06 14:03:49,950] {scheduler_job.py:190} INFO - Processing /home/airflow/airflow/dags/xcom_dag.py took 0.146 seconds
[2021-07-06 14:04:20,287] {scheduler_job.py:182} INFO - Started process (PID=5525) to work on /home/airflow/airflow/dags/xcom_dag.py
[2021-07-06 14:04:20,289] {scheduler_job.py:633} INFO - Processing file /home/airflow/airflow/dags/xcom_dag.py for tasks to queue
[2021-07-06 14:04:20,291] {logging_mixin.py:104} INFO - [2021-07-06 14:04:20,290] {dagbag.py:487} INFO - Filling up the DagBag from /home/airflow/airflow/dags/xcom_dag.py
[2021-07-06 14:04:20,311] {scheduler_job.py:643} INFO - DAG(s) dict_keys(['xcom_dag']) retrieved from /home/airflow/airflow/dags/xcom_dag.py
[2021-07-06 14:04:20,347] {logging_mixin.py:104} INFO - [2021-07-06 14:04:20,347] {dag.py:1832} INFO - Sync 1 DAGs
[2021-07-06 14:04:20,375] {logging_mixin.py:104} INFO - [2021-07-06 14:04:20,375] {dag.py:2305} INFO - Setting next_dagrun for xcom_dag to 2021-07-05 00:00:00+00:00
[2021-07-06 14:04:20,392] {scheduler_job.py:190} INFO - Processing /home/airflow/airflow/dags/xcom_dag.py took 0.109 seconds
[2021-07-06 14:04:51,432] {scheduler_job.py:182} INFO - Started process (PID=5606) to work on /home/airflow/airflow/dags/xcom_dag.py
[2021-07-06 14:04:51,434] {scheduler_job.py:633} INFO - Processing file /home/airflow/airflow/dags/xcom_dag.py for tasks to queue
[2021-07-06 14:04:51,437] {logging_mixin.py:104} INFO - [2021-07-06 14:04:51,436] {dagbag.py:487} INFO - Filling up the DagBag from /home/airflow/airflow/dags/xcom_dag.py
[2021-07-06 14:04:51,466] {scheduler_job.py:643} INFO - DAG(s) dict_keys(['xcom_dag']) retrieved from /home/airflow/airflow/dags/xcom_dag.py
[2021-07-06 14:04:51,506] {logging_mixin.py:104} INFO - [2021-07-06 14:04:51,506] {dag.py:1832} INFO - Sync 1 DAGs
[2021-07-06 14:04:51,543] {logging_mixin.py:104} INFO - [2021-07-06 14:04:51,543] {dag.py:2305} INFO - Setting next_dagrun for xcom_dag to 2021-07-05 00:00:00+00:00
[2021-07-06 14:04:51,564] {scheduler_job.py:190} INFO - Processing /home/airflow/airflow/dags/xcom_dag.py took 0.142 seconds
[2021-07-06 14:05:22,502] {scheduler_job.py:182} INFO - Started process (PID=5691) to work on /home/airflow/airflow/dags/xcom_dag.py
[2021-07-06 14:05:22,505] {scheduler_job.py:633} INFO - Processing file /home/airflow/airflow/dags/xcom_dag.py for tasks to queue
[2021-07-06 14:05:22,507] {logging_mixin.py:104} INFO - [2021-07-06 14:05:22,507] {dagbag.py:487} INFO - Filling up the DagBag from /home/airflow/airflow/dags/xcom_dag.py
[2021-07-06 14:05:22,541] {scheduler_job.py:643} INFO - DAG(s) dict_keys(['xcom_dag']) retrieved from /home/airflow/airflow/dags/xcom_dag.py
[2021-07-06 14:05:22,581] {logging_mixin.py:104} INFO - [2021-07-06 14:05:22,581] {dag.py:1832} INFO - Sync 1 DAGs
[2021-07-06 14:05:22,623] {logging_mixin.py:104} INFO - [2021-07-06 14:05:22,623] {dag.py:2305} INFO - Setting next_dagrun for xcom_dag to 2021-07-05 00:00:00+00:00
[2021-07-06 14:05:22,640] {scheduler_job.py:190} INFO - Processing /home/airflow/airflow/dags/xcom_dag.py took 0.142 seconds
[2021-07-06 14:05:52,726] {scheduler_job.py:182} INFO - Started process (PID=5772) to work on /home/airflow/airflow/dags/xcom_dag.py
[2021-07-06 14:05:52,727] {scheduler_job.py:633} INFO - Processing file /home/airflow/airflow/dags/xcom_dag.py for tasks to queue
[2021-07-06 14:05:52,728] {logging_mixin.py:104} INFO - [2021-07-06 14:05:52,728] {dagbag.py:487} INFO - Filling up the DagBag from /home/airflow/airflow/dags/xcom_dag.py
[2021-07-06 14:05:52,761] {scheduler_job.py:643} INFO - DAG(s) dict_keys(['xcom_dag']) retrieved from /home/airflow/airflow/dags/xcom_dag.py
[2021-07-06 14:05:52,818] {logging_mixin.py:104} INFO - [2021-07-06 14:05:52,818] {dag.py:1832} INFO - Sync 1 DAGs
[2021-07-06 14:05:52,843] {logging_mixin.py:104} INFO - [2021-07-06 14:05:52,843] {dag.py:2305} INFO - Setting next_dagrun for xcom_dag to 2021-07-05 00:00:00+00:00
[2021-07-06 14:05:52,857] {scheduler_job.py:190} INFO - Processing /home/airflow/airflow/dags/xcom_dag.py took 0.136 seconds
[2021-07-06 14:06:23,126] {scheduler_job.py:182} INFO - Started process (PID=5853) to work on /home/airflow/airflow/dags/xcom_dag.py
[2021-07-06 14:06:23,128] {scheduler_job.py:633} INFO - Processing file /home/airflow/airflow/dags/xcom_dag.py for tasks to queue
[2021-07-06 14:06:23,128] {logging_mixin.py:104} INFO - [2021-07-06 14:06:23,128] {dagbag.py:487} INFO - Filling up the DagBag from /home/airflow/airflow/dags/xcom_dag.py
[2021-07-06 14:06:23,168] {scheduler_job.py:643} INFO - DAG(s) dict_keys(['xcom_dag']) retrieved from /home/airflow/airflow/dags/xcom_dag.py
[2021-07-06 14:06:23,218] {logging_mixin.py:104} INFO - [2021-07-06 14:06:23,218] {dag.py:1832} INFO - Sync 1 DAGs
[2021-07-06 14:06:23,258] {logging_mixin.py:104} INFO - [2021-07-06 14:06:23,258] {dag.py:2305} INFO - Setting next_dagrun for xcom_dag to 2021-07-05 00:00:00+00:00
[2021-07-06 14:06:23,278] {scheduler_job.py:190} INFO - Processing /home/airflow/airflow/dags/xcom_dag.py took 0.175 seconds
[2021-07-06 14:06:53,455] {scheduler_job.py:182} INFO - Started process (PID=5932) to work on /home/airflow/airflow/dags/xcom_dag.py
[2021-07-06 14:06:53,457] {scheduler_job.py:633} INFO - Processing file /home/airflow/airflow/dags/xcom_dag.py for tasks to queue
[2021-07-06 14:06:53,457] {logging_mixin.py:104} INFO - [2021-07-06 14:06:53,457] {dagbag.py:487} INFO - Filling up the DagBag from /home/airflow/airflow/dags/xcom_dag.py
[2021-07-06 14:06:53,481] {scheduler_job.py:643} INFO - DAG(s) dict_keys(['xcom_dag']) retrieved from /home/airflow/airflow/dags/xcom_dag.py
[2021-07-06 14:06:53,630] {logging_mixin.py:104} INFO - [2021-07-06 14:06:53,630] {dag.py:1832} INFO - Sync 1 DAGs
[2021-07-06 14:06:53,693] {logging_mixin.py:104} INFO - [2021-07-06 14:06:53,693] {dag.py:2305} INFO - Setting next_dagrun for xcom_dag to 2021-07-05 00:00:00+00:00
[2021-07-06 14:06:53,718] {scheduler_job.py:190} INFO - Processing /home/airflow/airflow/dags/xcom_dag.py took 0.269 seconds
[2021-07-06 14:07:24,762] {scheduler_job.py:182} INFO - Started process (PID=6015) to work on /home/airflow/airflow/dags/xcom_dag.py
[2021-07-06 14:07:24,763] {scheduler_job.py:633} INFO - Processing file /home/airflow/airflow/dags/xcom_dag.py for tasks to queue
[2021-07-06 14:07:24,763] {logging_mixin.py:104} INFO - [2021-07-06 14:07:24,763] {dagbag.py:487} INFO - Filling up the DagBag from /home/airflow/airflow/dags/xcom_dag.py
[2021-07-06 14:07:24,789] {scheduler_job.py:643} INFO - DAG(s) dict_keys(['xcom_dag']) retrieved from /home/airflow/airflow/dags/xcom_dag.py
[2021-07-06 14:07:24,842] {logging_mixin.py:104} INFO - [2021-07-06 14:07:24,841] {dag.py:1832} INFO - Sync 1 DAGs
[2021-07-06 14:07:24,882] {logging_mixin.py:104} INFO - [2021-07-06 14:07:24,881] {dag.py:2305} INFO - Setting next_dagrun for xcom_dag to 2021-07-05 00:00:00+00:00
[2021-07-06 14:07:24,890] {scheduler_job.py:190} INFO - Processing /home/airflow/airflow/dags/xcom_dag.py took 0.132 seconds
[2021-07-06 14:07:55,772] {scheduler_job.py:182} INFO - Started process (PID=6097) to work on /home/airflow/airflow/dags/xcom_dag.py
[2021-07-06 14:07:55,776] {scheduler_job.py:633} INFO - Processing file /home/airflow/airflow/dags/xcom_dag.py for tasks to queue
[2021-07-06 14:07:55,777] {logging_mixin.py:104} INFO - [2021-07-06 14:07:55,777] {dagbag.py:487} INFO - Filling up the DagBag from /home/airflow/airflow/dags/xcom_dag.py
[2021-07-06 14:07:55,798] {scheduler_job.py:643} INFO - DAG(s) dict_keys(['xcom_dag']) retrieved from /home/airflow/airflow/dags/xcom_dag.py
[2021-07-06 14:07:55,836] {logging_mixin.py:104} INFO - [2021-07-06 14:07:55,836] {dag.py:1832} INFO - Sync 1 DAGs
[2021-07-06 14:07:55,880] {logging_mixin.py:104} INFO - [2021-07-06 14:07:55,879] {dag.py:2305} INFO - Setting next_dagrun for xcom_dag to 2021-07-05 00:00:00+00:00
[2021-07-06 14:07:55,894] {scheduler_job.py:190} INFO - Processing /home/airflow/airflow/dags/xcom_dag.py took 0.127 seconds
[2021-07-06 14:08:26,685] {scheduler_job.py:182} INFO - Started process (PID=6177) to work on /home/airflow/airflow/dags/xcom_dag.py
[2021-07-06 14:08:26,686] {scheduler_job.py:633} INFO - Processing file /home/airflow/airflow/dags/xcom_dag.py for tasks to queue
[2021-07-06 14:08:26,687] {logging_mixin.py:104} INFO - [2021-07-06 14:08:26,687] {dagbag.py:487} INFO - Filling up the DagBag from /home/airflow/airflow/dags/xcom_dag.py
[2021-07-06 14:08:26,704] {scheduler_job.py:643} INFO - DAG(s) dict_keys(['xcom_dag']) retrieved from /home/airflow/airflow/dags/xcom_dag.py
[2021-07-06 14:08:26,738] {logging_mixin.py:104} INFO - [2021-07-06 14:08:26,738] {dag.py:1832} INFO - Sync 1 DAGs
[2021-07-06 14:08:26,764] {logging_mixin.py:104} INFO - [2021-07-06 14:08:26,764] {dag.py:2305} INFO - Setting next_dagrun for xcom_dag to 2021-07-05 00:00:00+00:00
[2021-07-06 14:08:26,776] {scheduler_job.py:190} INFO - Processing /home/airflow/airflow/dags/xcom_dag.py took 0.096 seconds
[2021-07-06 14:08:58,236] {scheduler_job.py:182} INFO - Started process (PID=6260) to work on /home/airflow/airflow/dags/xcom_dag.py
[2021-07-06 14:08:58,238] {scheduler_job.py:633} INFO - Processing file /home/airflow/airflow/dags/xcom_dag.py for tasks to queue
[2021-07-06 14:08:58,240] {logging_mixin.py:104} INFO - [2021-07-06 14:08:58,239] {dagbag.py:487} INFO - Filling up the DagBag from /home/airflow/airflow/dags/xcom_dag.py
[2021-07-06 14:08:58,265] {scheduler_job.py:643} INFO - DAG(s) dict_keys(['xcom_dag']) retrieved from /home/airflow/airflow/dags/xcom_dag.py
[2021-07-06 14:08:58,303] {logging_mixin.py:104} INFO - [2021-07-06 14:08:58,303] {dag.py:1832} INFO - Sync 1 DAGs
[2021-07-06 14:08:58,328] {logging_mixin.py:104} INFO - [2021-07-06 14:08:58,328] {dag.py:2305} INFO - Setting next_dagrun for xcom_dag to 2021-07-05 00:00:00+00:00
[2021-07-06 14:08:58,341] {scheduler_job.py:190} INFO - Processing /home/airflow/airflow/dags/xcom_dag.py took 0.110 seconds
[2021-07-06 14:09:29,758] {scheduler_job.py:182} INFO - Started process (PID=6341) to work on /home/airflow/airflow/dags/xcom_dag.py
[2021-07-06 14:09:29,761] {scheduler_job.py:633} INFO - Processing file /home/airflow/airflow/dags/xcom_dag.py for tasks to queue
[2021-07-06 14:09:29,766] {logging_mixin.py:104} INFO - [2021-07-06 14:09:29,766] {dagbag.py:487} INFO - Filling up the DagBag from /home/airflow/airflow/dags/xcom_dag.py
[2021-07-06 14:09:29,803] {scheduler_job.py:643} INFO - DAG(s) dict_keys(['xcom_dag']) retrieved from /home/airflow/airflow/dags/xcom_dag.py
[2021-07-06 14:09:29,874] {logging_mixin.py:104} INFO - [2021-07-06 14:09:29,874] {dag.py:1832} INFO - Sync 1 DAGs
[2021-07-06 14:09:29,916] {logging_mixin.py:104} INFO - [2021-07-06 14:09:29,914] {dag.py:2305} INFO - Setting next_dagrun for xcom_dag to 2021-07-05 00:00:00+00:00
[2021-07-06 14:09:29,934] {scheduler_job.py:190} INFO - Processing /home/airflow/airflow/dags/xcom_dag.py took 0.181 seconds
[2021-07-06 14:10:00,795] {scheduler_job.py:182} INFO - Started process (PID=6420) to work on /home/airflow/airflow/dags/xcom_dag.py
[2021-07-06 14:10:00,797] {scheduler_job.py:633} INFO - Processing file /home/airflow/airflow/dags/xcom_dag.py for tasks to queue
[2021-07-06 14:10:00,799] {logging_mixin.py:104} INFO - [2021-07-06 14:10:00,798] {dagbag.py:487} INFO - Filling up the DagBag from /home/airflow/airflow/dags/xcom_dag.py
[2021-07-06 14:10:00,822] {scheduler_job.py:643} INFO - DAG(s) dict_keys(['xcom_dag']) retrieved from /home/airflow/airflow/dags/xcom_dag.py
[2021-07-06 14:10:00,859] {logging_mixin.py:104} INFO - [2021-07-06 14:10:00,859] {dag.py:1832} INFO - Sync 1 DAGs
[2021-07-06 14:10:00,887] {logging_mixin.py:104} INFO - [2021-07-06 14:10:00,887] {dag.py:2305} INFO - Setting next_dagrun for xcom_dag to 2021-07-05 00:00:00+00:00
[2021-07-06 14:10:00,907] {scheduler_job.py:190} INFO - Processing /home/airflow/airflow/dags/xcom_dag.py took 0.117 seconds
[2021-07-06 14:10:32,258] {scheduler_job.py:182} INFO - Started process (PID=6501) to work on /home/airflow/airflow/dags/xcom_dag.py
[2021-07-06 14:10:32,260] {scheduler_job.py:633} INFO - Processing file /home/airflow/airflow/dags/xcom_dag.py for tasks to queue
[2021-07-06 14:10:32,260] {logging_mixin.py:104} INFO - [2021-07-06 14:10:32,260] {dagbag.py:487} INFO - Filling up the DagBag from /home/airflow/airflow/dags/xcom_dag.py
[2021-07-06 14:10:32,284] {scheduler_job.py:643} INFO - DAG(s) dict_keys(['xcom_dag']) retrieved from /home/airflow/airflow/dags/xcom_dag.py
[2021-07-06 14:10:32,311] {logging_mixin.py:104} INFO - [2021-07-06 14:10:32,311] {dag.py:1832} INFO - Sync 1 DAGs
[2021-07-06 14:10:32,336] {logging_mixin.py:104} INFO - [2021-07-06 14:10:32,336] {dag.py:2305} INFO - Setting next_dagrun for xcom_dag to 2021-07-05 00:00:00+00:00
[2021-07-06 14:10:32,346] {scheduler_job.py:190} INFO - Processing /home/airflow/airflow/dags/xcom_dag.py took 0.091 seconds
[2021-07-06 14:11:03,142] {scheduler_job.py:182} INFO - Started process (PID=6582) to work on /home/airflow/airflow/dags/xcom_dag.py
[2021-07-06 14:11:03,144] {scheduler_job.py:633} INFO - Processing file /home/airflow/airflow/dags/xcom_dag.py for tasks to queue
[2021-07-06 14:11:03,146] {logging_mixin.py:104} INFO - [2021-07-06 14:11:03,146] {dagbag.py:487} INFO - Filling up the DagBag from /home/airflow/airflow/dags/xcom_dag.py
[2021-07-06 14:11:03,179] {scheduler_job.py:643} INFO - DAG(s) dict_keys(['xcom_dag']) retrieved from /home/airflow/airflow/dags/xcom_dag.py
[2021-07-06 14:11:03,211] {logging_mixin.py:104} INFO - [2021-07-06 14:11:03,211] {dag.py:1832} INFO - Sync 1 DAGs
[2021-07-06 14:11:03,233] {logging_mixin.py:104} INFO - [2021-07-06 14:11:03,233] {dag.py:2305} INFO - Setting next_dagrun for xcom_dag to 2021-07-05 00:00:00+00:00
[2021-07-06 14:11:03,255] {scheduler_job.py:190} INFO - Processing /home/airflow/airflow/dags/xcom_dag.py took 0.116 seconds
[2021-07-06 14:11:33,502] {scheduler_job.py:182} INFO - Started process (PID=6655) to work on /home/airflow/airflow/dags/xcom_dag.py
[2021-07-06 14:11:33,505] {scheduler_job.py:633} INFO - Processing file /home/airflow/airflow/dags/xcom_dag.py for tasks to queue
[2021-07-06 14:11:33,506] {logging_mixin.py:104} INFO - [2021-07-06 14:11:33,506] {dagbag.py:487} INFO - Filling up the DagBag from /home/airflow/airflow/dags/xcom_dag.py
[2021-07-06 14:11:33,536] {scheduler_job.py:643} INFO - DAG(s) dict_keys(['xcom_dag']) retrieved from /home/airflow/airflow/dags/xcom_dag.py
[2021-07-06 14:11:33,579] {logging_mixin.py:104} INFO - [2021-07-06 14:11:33,579] {dag.py:1832} INFO - Sync 1 DAGs
[2021-07-06 14:11:33,601] {logging_mixin.py:104} INFO - [2021-07-06 14:11:33,600] {dag.py:2305} INFO - Setting next_dagrun for xcom_dag to 2021-07-05 00:00:00+00:00
[2021-07-06 14:11:33,612] {scheduler_job.py:190} INFO - Processing /home/airflow/airflow/dags/xcom_dag.py took 0.117 seconds
[2021-07-06 14:12:03,702] {scheduler_job.py:182} INFO - Started process (PID=6734) to work on /home/airflow/airflow/dags/xcom_dag.py
[2021-07-06 14:12:03,704] {scheduler_job.py:633} INFO - Processing file /home/airflow/airflow/dags/xcom_dag.py for tasks to queue
[2021-07-06 14:12:03,706] {logging_mixin.py:104} INFO - [2021-07-06 14:12:03,706] {dagbag.py:487} INFO - Filling up the DagBag from /home/airflow/airflow/dags/xcom_dag.py
[2021-07-06 14:12:03,734] {scheduler_job.py:643} INFO - DAG(s) dict_keys(['xcom_dag']) retrieved from /home/airflow/airflow/dags/xcom_dag.py
[2021-07-06 14:12:03,771] {logging_mixin.py:104} INFO - [2021-07-06 14:12:03,771] {dag.py:1832} INFO - Sync 1 DAGs
[2021-07-06 14:12:03,795] {logging_mixin.py:104} INFO - [2021-07-06 14:12:03,795] {dag.py:2305} INFO - Setting next_dagrun for xcom_dag to 2021-07-05 00:00:00+00:00
[2021-07-06 14:12:03,809] {scheduler_job.py:190} INFO - Processing /home/airflow/airflow/dags/xcom_dag.py took 0.110 seconds
[2021-07-06 14:12:34,309] {scheduler_job.py:182} INFO - Started process (PID=6815) to work on /home/airflow/airflow/dags/xcom_dag.py
[2021-07-06 14:12:34,316] {scheduler_job.py:633} INFO - Processing file /home/airflow/airflow/dags/xcom_dag.py for tasks to queue
[2021-07-06 14:12:34,316] {logging_mixin.py:104} INFO - [2021-07-06 14:12:34,316] {dagbag.py:487} INFO - Filling up the DagBag from /home/airflow/airflow/dags/xcom_dag.py
[2021-07-06 14:12:34,349] {scheduler_job.py:643} INFO - DAG(s) dict_keys(['xcom_dag']) retrieved from /home/airflow/airflow/dags/xcom_dag.py
[2021-07-06 14:12:34,397] {logging_mixin.py:104} INFO - [2021-07-06 14:12:34,397] {dag.py:1832} INFO - Sync 1 DAGs
[2021-07-06 14:12:34,427] {logging_mixin.py:104} INFO - [2021-07-06 14:12:34,427] {dag.py:2305} INFO - Setting next_dagrun for xcom_dag to 2021-07-05 00:00:00+00:00
[2021-07-06 14:12:34,453] {scheduler_job.py:190} INFO - Processing /home/airflow/airflow/dags/xcom_dag.py took 0.147 seconds
[2021-07-06 14:13:04,765] {scheduler_job.py:182} INFO - Started process (PID=6896) to work on /home/airflow/airflow/dags/xcom_dag.py
[2021-07-06 14:13:04,767] {scheduler_job.py:633} INFO - Processing file /home/airflow/airflow/dags/xcom_dag.py for tasks to queue
[2021-07-06 14:13:04,767] {logging_mixin.py:104} INFO - [2021-07-06 14:13:04,767] {dagbag.py:487} INFO - Filling up the DagBag from /home/airflow/airflow/dags/xcom_dag.py
[2021-07-06 14:13:04,801] {scheduler_job.py:643} INFO - DAG(s) dict_keys(['xcom_dag']) retrieved from /home/airflow/airflow/dags/xcom_dag.py
[2021-07-06 14:13:04,857] {logging_mixin.py:104} INFO - [2021-07-06 14:13:04,857] {dag.py:1832} INFO - Sync 1 DAGs
[2021-07-06 14:13:04,886] {logging_mixin.py:104} INFO - [2021-07-06 14:13:04,886] {dag.py:2305} INFO - Setting next_dagrun for xcom_dag to 2021-07-05 00:00:00+00:00
[2021-07-06 14:13:04,902] {scheduler_job.py:190} INFO - Processing /home/airflow/airflow/dags/xcom_dag.py took 0.140 seconds
[2021-07-06 14:13:35,012] {scheduler_job.py:182} INFO - Started process (PID=6977) to work on /home/airflow/airflow/dags/xcom_dag.py
[2021-07-06 14:13:35,016] {scheduler_job.py:633} INFO - Processing file /home/airflow/airflow/dags/xcom_dag.py for tasks to queue
[2021-07-06 14:13:35,017] {logging_mixin.py:104} INFO - [2021-07-06 14:13:35,017] {dagbag.py:487} INFO - Filling up the DagBag from /home/airflow/airflow/dags/xcom_dag.py
[2021-07-06 14:13:35,047] {scheduler_job.py:643} INFO - DAG(s) dict_keys(['xcom_dag']) retrieved from /home/airflow/airflow/dags/xcom_dag.py
[2021-07-06 14:13:35,086] {logging_mixin.py:104} INFO - [2021-07-06 14:13:35,086] {dag.py:1832} INFO - Sync 1 DAGs
[2021-07-06 14:13:35,140] {logging_mixin.py:104} INFO - [2021-07-06 14:13:35,140] {dag.py:2305} INFO - Setting next_dagrun for xcom_dag to 2021-07-05 00:00:00+00:00
[2021-07-06 14:13:35,154] {scheduler_job.py:190} INFO - Processing /home/airflow/airflow/dags/xcom_dag.py took 0.147 seconds
[2021-07-06 14:14:05,752] {scheduler_job.py:182} INFO - Started process (PID=7059) to work on /home/airflow/airflow/dags/xcom_dag.py
[2021-07-06 14:14:05,755] {scheduler_job.py:633} INFO - Processing file /home/airflow/airflow/dags/xcom_dag.py for tasks to queue
[2021-07-06 14:14:05,757] {logging_mixin.py:104} INFO - [2021-07-06 14:14:05,757] {dagbag.py:487} INFO - Filling up the DagBag from /home/airflow/airflow/dags/xcom_dag.py
[2021-07-06 14:14:05,788] {scheduler_job.py:643} INFO - DAG(s) dict_keys(['xcom_dag']) retrieved from /home/airflow/airflow/dags/xcom_dag.py
[2021-07-06 14:14:05,847] {logging_mixin.py:104} INFO - [2021-07-06 14:14:05,847] {dag.py:1832} INFO - Sync 1 DAGs
[2021-07-06 14:14:05,896] {logging_mixin.py:104} INFO - [2021-07-06 14:14:05,896] {dag.py:2305} INFO - Setting next_dagrun for xcom_dag to 2021-07-05 00:00:00+00:00
[2021-07-06 14:14:05,907] {scheduler_job.py:190} INFO - Processing /home/airflow/airflow/dags/xcom_dag.py took 0.161 seconds
[2021-07-06 14:14:35,989] {scheduler_job.py:182} INFO - Started process (PID=7140) to work on /home/airflow/airflow/dags/xcom_dag.py
[2021-07-06 14:14:35,992] {scheduler_job.py:633} INFO - Processing file /home/airflow/airflow/dags/xcom_dag.py for tasks to queue
[2021-07-06 14:14:35,993] {logging_mixin.py:104} INFO - [2021-07-06 14:14:35,993] {dagbag.py:487} INFO - Filling up the DagBag from /home/airflow/airflow/dags/xcom_dag.py
[2021-07-06 14:14:36,019] {scheduler_job.py:643} INFO - DAG(s) dict_keys(['xcom_dag']) retrieved from /home/airflow/airflow/dags/xcom_dag.py
[2021-07-06 14:14:36,069] {logging_mixin.py:104} INFO - [2021-07-06 14:14:36,069] {dag.py:1832} INFO - Sync 1 DAGs
[2021-07-06 14:14:36,101] {logging_mixin.py:104} INFO - [2021-07-06 14:14:36,101] {dag.py:2305} INFO - Setting next_dagrun for xcom_dag to 2021-07-05 00:00:00+00:00
[2021-07-06 14:14:36,113] {scheduler_job.py:190} INFO - Processing /home/airflow/airflow/dags/xcom_dag.py took 0.128 seconds
[2021-07-06 14:15:06,557] {scheduler_job.py:182} INFO - Started process (PID=7224) to work on /home/airflow/airflow/dags/xcom_dag.py
[2021-07-06 14:15:06,558] {scheduler_job.py:633} INFO - Processing file /home/airflow/airflow/dags/xcom_dag.py for tasks to queue
[2021-07-06 14:15:06,559] {logging_mixin.py:104} INFO - [2021-07-06 14:15:06,559] {dagbag.py:487} INFO - Filling up the DagBag from /home/airflow/airflow/dags/xcom_dag.py
[2021-07-06 14:15:06,580] {scheduler_job.py:643} INFO - DAG(s) dict_keys(['xcom_dag']) retrieved from /home/airflow/airflow/dags/xcom_dag.py
[2021-07-06 14:15:06,625] {logging_mixin.py:104} INFO - [2021-07-06 14:15:06,625] {dag.py:1832} INFO - Sync 1 DAGs
[2021-07-06 14:15:06,648] {logging_mixin.py:104} INFO - [2021-07-06 14:15:06,648] {dag.py:2305} INFO - Setting next_dagrun for xcom_dag to 2021-07-05 00:00:00+00:00
[2021-07-06 14:15:06,659] {scheduler_job.py:190} INFO - Processing /home/airflow/airflow/dags/xcom_dag.py took 0.106 seconds
[2021-07-06 14:15:36,747] {scheduler_job.py:182} INFO - Started process (PID=7307) to work on /home/airflow/airflow/dags/xcom_dag.py
[2021-07-06 14:15:36,748] {scheduler_job.py:633} INFO - Processing file /home/airflow/airflow/dags/xcom_dag.py for tasks to queue
[2021-07-06 14:15:36,749] {logging_mixin.py:104} INFO - [2021-07-06 14:15:36,749] {dagbag.py:487} INFO - Filling up the DagBag from /home/airflow/airflow/dags/xcom_dag.py
[2021-07-06 14:15:36,771] {scheduler_job.py:643} INFO - DAG(s) dict_keys(['xcom_dag']) retrieved from /home/airflow/airflow/dags/xcom_dag.py
[2021-07-06 14:15:36,805] {logging_mixin.py:104} INFO - [2021-07-06 14:15:36,804] {dag.py:1832} INFO - Sync 1 DAGs
[2021-07-06 14:15:36,832] {logging_mixin.py:104} INFO - [2021-07-06 14:15:36,832] {dag.py:2305} INFO - Setting next_dagrun for xcom_dag to 2021-07-05 00:00:00+00:00
[2021-07-06 14:15:36,844] {scheduler_job.py:190} INFO - Processing /home/airflow/airflow/dags/xcom_dag.py took 0.102 seconds
[2021-07-06 14:16:07,547] {scheduler_job.py:182} INFO - Started process (PID=7389) to work on /home/airflow/airflow/dags/xcom_dag.py
[2021-07-06 14:16:07,555] {scheduler_job.py:633} INFO - Processing file /home/airflow/airflow/dags/xcom_dag.py for tasks to queue
[2021-07-06 14:16:07,555] {logging_mixin.py:104} INFO - [2021-07-06 14:16:07,555] {dagbag.py:487} INFO - Filling up the DagBag from /home/airflow/airflow/dags/xcom_dag.py
[2021-07-06 14:16:07,589] {scheduler_job.py:643} INFO - DAG(s) dict_keys(['xcom_dag']) retrieved from /home/airflow/airflow/dags/xcom_dag.py
[2021-07-06 14:16:07,637] {logging_mixin.py:104} INFO - [2021-07-06 14:16:07,637] {dag.py:1832} INFO - Sync 1 DAGs
[2021-07-06 14:16:07,669] {logging_mixin.py:104} INFO - [2021-07-06 14:16:07,668] {dag.py:2305} INFO - Setting next_dagrun for xcom_dag to 2021-07-05 00:00:00+00:00
[2021-07-06 14:16:07,684] {scheduler_job.py:190} INFO - Processing /home/airflow/airflow/dags/xcom_dag.py took 0.142 seconds
[2021-07-06 14:16:37,952] {scheduler_job.py:182} INFO - Started process (PID=7471) to work on /home/airflow/airflow/dags/xcom_dag.py
[2021-07-06 14:16:37,954] {scheduler_job.py:633} INFO - Processing file /home/airflow/airflow/dags/xcom_dag.py for tasks to queue
[2021-07-06 14:16:37,954] {logging_mixin.py:104} INFO - [2021-07-06 14:16:37,954] {dagbag.py:487} INFO - Filling up the DagBag from /home/airflow/airflow/dags/xcom_dag.py
[2021-07-06 14:16:37,974] {scheduler_job.py:643} INFO - DAG(s) dict_keys(['xcom_dag']) retrieved from /home/airflow/airflow/dags/xcom_dag.py
[2021-07-06 14:16:38,013] {logging_mixin.py:104} INFO - [2021-07-06 14:16:38,012] {dag.py:1832} INFO - Sync 1 DAGs
[2021-07-06 14:16:38,036] {logging_mixin.py:104} INFO - [2021-07-06 14:16:38,036] {dag.py:2305} INFO - Setting next_dagrun for xcom_dag to 2021-07-05 00:00:00+00:00
[2021-07-06 14:16:38,051] {scheduler_job.py:190} INFO - Processing /home/airflow/airflow/dags/xcom_dag.py took 0.106 seconds
[2021-07-06 14:17:08,566] {scheduler_job.py:182} INFO - Started process (PID=7556) to work on /home/airflow/airflow/dags/xcom_dag.py
[2021-07-06 14:17:08,576] {scheduler_job.py:633} INFO - Processing file /home/airflow/airflow/dags/xcom_dag.py for tasks to queue
[2021-07-06 14:17:08,579] {logging_mixin.py:104} INFO - [2021-07-06 14:17:08,579] {dagbag.py:487} INFO - Filling up the DagBag from /home/airflow/airflow/dags/xcom_dag.py
[2021-07-06 14:17:08,612] {scheduler_job.py:643} INFO - DAG(s) dict_keys(['xcom_dag']) retrieved from /home/airflow/airflow/dags/xcom_dag.py
[2021-07-06 14:17:08,651] {logging_mixin.py:104} INFO - [2021-07-06 14:17:08,651] {dag.py:1832} INFO - Sync 1 DAGs
[2021-07-06 14:17:08,691] {logging_mixin.py:104} INFO - [2021-07-06 14:17:08,691] {dag.py:2305} INFO - Setting next_dagrun for xcom_dag to 2021-07-05 00:00:00+00:00
[2021-07-06 14:17:08,708] {scheduler_job.py:190} INFO - Processing /home/airflow/airflow/dags/xcom_dag.py took 0.146 seconds
[2021-07-06 14:17:38,796] {scheduler_job.py:182} INFO - Started process (PID=7637) to work on /home/airflow/airflow/dags/xcom_dag.py
[2021-07-06 14:17:38,802] {scheduler_job.py:633} INFO - Processing file /home/airflow/airflow/dags/xcom_dag.py for tasks to queue
[2021-07-06 14:17:38,807] {logging_mixin.py:104} INFO - [2021-07-06 14:17:38,807] {dagbag.py:487} INFO - Filling up the DagBag from /home/airflow/airflow/dags/xcom_dag.py
[2021-07-06 14:17:38,849] {scheduler_job.py:643} INFO - DAG(s) dict_keys(['xcom_dag']) retrieved from /home/airflow/airflow/dags/xcom_dag.py
[2021-07-06 14:17:38,885] {logging_mixin.py:104} INFO - [2021-07-06 14:17:38,885] {dag.py:1832} INFO - Sync 1 DAGs
[2021-07-06 14:17:38,915] {logging_mixin.py:104} INFO - [2021-07-06 14:17:38,915] {dag.py:2305} INFO - Setting next_dagrun for xcom_dag to 2021-07-05 00:00:00+00:00
[2021-07-06 14:17:38,929] {scheduler_job.py:190} INFO - Processing /home/airflow/airflow/dags/xcom_dag.py took 0.145 seconds
[2021-07-06 14:18:09,126] {scheduler_job.py:182} INFO - Started process (PID=7718) to work on /home/airflow/airflow/dags/xcom_dag.py
[2021-07-06 14:18:09,129] {scheduler_job.py:633} INFO - Processing file /home/airflow/airflow/dags/xcom_dag.py for tasks to queue
[2021-07-06 14:18:09,133] {logging_mixin.py:104} INFO - [2021-07-06 14:18:09,133] {dagbag.py:487} INFO - Filling up the DagBag from /home/airflow/airflow/dags/xcom_dag.py
[2021-07-06 14:18:09,162] {scheduler_job.py:643} INFO - DAG(s) dict_keys(['xcom_dag']) retrieved from /home/airflow/airflow/dags/xcom_dag.py
[2021-07-06 14:18:09,213] {logging_mixin.py:104} INFO - [2021-07-06 14:18:09,213] {dag.py:1832} INFO - Sync 1 DAGs
[2021-07-06 14:18:09,274] {logging_mixin.py:104} INFO - [2021-07-06 14:18:09,274] {dag.py:2305} INFO - Setting next_dagrun for xcom_dag to 2021-07-05 00:00:00+00:00
[2021-07-06 14:18:09,300] {scheduler_job.py:190} INFO - Processing /home/airflow/airflow/dags/xcom_dag.py took 0.178 seconds
[2021-07-06 14:18:39,912] {scheduler_job.py:182} INFO - Started process (PID=7800) to work on /home/airflow/airflow/dags/xcom_dag.py
[2021-07-06 14:18:39,915] {scheduler_job.py:633} INFO - Processing file /home/airflow/airflow/dags/xcom_dag.py for tasks to queue
[2021-07-06 14:18:39,917] {logging_mixin.py:104} INFO - [2021-07-06 14:18:39,916] {dagbag.py:487} INFO - Filling up the DagBag from /home/airflow/airflow/dags/xcom_dag.py
[2021-07-06 14:18:39,949] {scheduler_job.py:643} INFO - DAG(s) dict_keys(['xcom_dag']) retrieved from /home/airflow/airflow/dags/xcom_dag.py
[2021-07-06 14:18:39,998] {logging_mixin.py:104} INFO - [2021-07-06 14:18:39,998] {dag.py:1832} INFO - Sync 1 DAGs
[2021-07-06 14:18:40,037] {logging_mixin.py:104} INFO - [2021-07-06 14:18:40,037] {dag.py:2305} INFO - Setting next_dagrun for xcom_dag to 2021-07-05 00:00:00+00:00
[2021-07-06 14:18:40,052] {scheduler_job.py:190} INFO - Processing /home/airflow/airflow/dags/xcom_dag.py took 0.148 seconds
[2021-07-06 14:19:10,303] {scheduler_job.py:182} INFO - Started process (PID=7906) to work on /home/airflow/airflow/dags/xcom_dag.py
[2021-07-06 14:19:10,304] {scheduler_job.py:633} INFO - Processing file /home/airflow/airflow/dags/xcom_dag.py for tasks to queue
[2021-07-06 14:19:10,305] {logging_mixin.py:104} INFO - [2021-07-06 14:19:10,305] {dagbag.py:487} INFO - Filling up the DagBag from /home/airflow/airflow/dags/xcom_dag.py
[2021-07-06 14:19:10,336] {scheduler_job.py:643} INFO - DAG(s) dict_keys(['xcom_dag']) retrieved from /home/airflow/airflow/dags/xcom_dag.py
[2021-07-06 14:19:10,387] {logging_mixin.py:104} INFO - [2021-07-06 14:19:10,387] {dag.py:1832} INFO - Sync 1 DAGs
[2021-07-06 14:19:10,419] {logging_mixin.py:104} INFO - [2021-07-06 14:19:10,419] {dag.py:2305} INFO - Setting next_dagrun for xcom_dag to 2021-07-05 00:00:00+00:00
[2021-07-06 14:19:10,435] {scheduler_job.py:190} INFO - Processing /home/airflow/airflow/dags/xcom_dag.py took 0.136 seconds
