[2021-06-29 09:50:57,692] {taskinstance.py:876} INFO - Dependencies all met for <TaskInstance: open_aq.create_table 2021-06-29T09:50:55.379118+00:00 [queued]>
[2021-06-29 09:50:57,719] {taskinstance.py:876} INFO - Dependencies all met for <TaskInstance: open_aq.create_table 2021-06-29T09:50:55.379118+00:00 [queued]>
[2021-06-29 09:50:57,719] {taskinstance.py:1067} INFO - 
--------------------------------------------------------------------------------
[2021-06-29 09:50:57,719] {taskinstance.py:1068} INFO - Starting attempt 1 of 1
[2021-06-29 09:50:57,720] {taskinstance.py:1069} INFO - 
--------------------------------------------------------------------------------
[2021-06-29 09:50:57,734] {taskinstance.py:1087} INFO - Executing <Task(PostgresOperator): create_table> on 2021-06-29T09:50:55.379118+00:00
[2021-06-29 09:50:57,738] {standard_task_runner.py:52} INFO - Started process 2634 to run task
[2021-06-29 09:50:57,749] {standard_task_runner.py:76} INFO - Running: ['airflow', 'tasks', 'run', 'open_aq', 'create_table', '2021-06-29T09:50:55.379118+00:00', '--job-id', '520', '--pool', 'default_pool', '--raw', '--subdir', 'DAGS_FOLDER/open_aq.py', '--cfg-path', '/tmp/tmp8x9zeav3', '--error-file', '/tmp/tmp869vlpwt']
[2021-06-29 09:50:57,753] {standard_task_runner.py:77} INFO - Job 520: Subtask create_table
[2021-06-29 09:50:57,869] {logging_mixin.py:104} INFO - Running <TaskInstance: open_aq.create_table 2021-06-29T09:50:55.379118+00:00 [running]> on host airflowvm
[2021-06-29 09:50:58,015] {taskinstance.py:1280} INFO - Exporting the following env vars:
AIRFLOW_CTX_DAG_OWNER=airflow
AIRFLOW_CTX_DAG_ID=open_aq
AIRFLOW_CTX_TASK_ID=create_table
AIRFLOW_CTX_EXECUTION_DATE=2021-06-29T09:50:55.379118+00:00
AIRFLOW_CTX_DAG_RUN_ID=manual__2021-06-29T09:50:55.379118+00:00
[2021-06-29 09:50:58,017] {postgres.py:68} INFO - Executing: create table if not exists open_aq (
                                        city VARCHAR not null primary key,
                                        country VARCHAR not null,
                                        parameter VARCHAR not null,
                                        count INT not null
                                    )
[2021-06-29 09:50:58,034] {base.py:69} INFO - Using connection to: id: ***_default. Host: localhost, Port: 5432, Schema: , Login: ***, Password: ***, extra: {'cursor': 'realdictcursor'}
[2021-06-29 09:50:58,045] {dbapi.py:204} INFO - Running statement: create table if not exists open_aq (
                                        city VARCHAR not null primary key,
                                        country VARCHAR not null,
                                        parameter VARCHAR not null,
                                        count INT not null
                                    ), parameters: None
[2021-06-29 09:50:58,047] {postgres.py:72} INFO - NOTICE:  relation "open_aq" already exists, skipping

[2021-06-29 09:50:58,066] {taskinstance.py:1184} INFO - Marking task as SUCCESS. dag_id=open_aq, task_id=create_table, execution_date=20210629T095055, start_date=20210629T095057, end_date=20210629T095058
[2021-06-29 09:50:58,118] {taskinstance.py:1245} INFO - 1 downstream tasks scheduled from follow-on schedule check
[2021-06-29 09:50:58,164] {local_task_job.py:151} INFO - Task exited with return code 0
