[2021-06-24 17:05:33,914] {taskinstance.py:876} INFO - Dependencies all met for <TaskInstance: parallel_dag.task_1 2020-01-28T00:00:00+00:00 [queued]>
[2021-06-24 17:05:34,213] {taskinstance.py:876} INFO - Dependencies all met for <TaskInstance: parallel_dag.task_1 2020-01-28T00:00:00+00:00 [queued]>
[2021-06-24 17:05:34,215] {taskinstance.py:1067} INFO - 
--------------------------------------------------------------------------------
[2021-06-24 17:05:34,215] {taskinstance.py:1068} INFO - Starting attempt 1 of 1
[2021-06-24 17:05:34,216] {taskinstance.py:1069} INFO - 
--------------------------------------------------------------------------------
[2021-06-24 17:05:34,312] {taskinstance.py:1087} INFO - Executing <Task(BashOperator): task_1> on 2020-01-28T00:00:00+00:00
[2021-06-24 17:05:34,321] {standard_task_runner.py:52} INFO - Started process 11310 to run task
[2021-06-24 17:05:34,462] {standard_task_runner.py:76} INFO - Running: ['airflow', 'tasks', 'run', 'parallel_dag', 'task_1', '2020-01-28T00:00:00+00:00', '--job-id', '85', '--pool', 'default_pool', '--raw', '--subdir', 'DAGS_FOLDER/parallel_dag.py', '--cfg-path', '/tmp/tmpsyyyq5mo', '--error-file', '/tmp/tmpotqujlcj']
[2021-06-24 17:05:34,517] {standard_task_runner.py:77} INFO - Job 85: Subtask task_1
[2021-06-24 17:05:35,277] {logging_mixin.py:104} INFO - Running <TaskInstance: parallel_dag.task_1 2020-01-28T00:00:00+00:00 [running]> on host airflowvm
[2021-06-24 17:05:36,753] {taskinstance.py:1280} INFO - Exporting the following env vars:
AIRFLOW_CTX_DAG_OWNER=airflow
AIRFLOW_CTX_DAG_ID=parallel_dag
AIRFLOW_CTX_TASK_ID=task_1
AIRFLOW_CTX_EXECUTION_DATE=2020-01-28T00:00:00+00:00
AIRFLOW_CTX_DAG_RUN_ID=scheduled__2020-01-28T00:00:00+00:00
[2021-06-24 17:05:36,768] {subprocess.py:52} INFO - Tmp dir root location: 
 /tmp
[2021-06-24 17:05:36,791] {subprocess.py:63} INFO - Running command: ['bash', '-c', 'sleep 3']
[2021-06-24 17:05:36,929] {subprocess.py:75} INFO - Output:
[2021-06-24 17:05:39,998] {subprocess.py:83} INFO - Command exited with return code 0
[2021-06-24 17:05:40,508] {taskinstance.py:1184} INFO - Marking task as SUCCESS. dag_id=parallel_dag, task_id=task_1, execution_date=20200128T000000, start_date=20210624T170533, end_date=20210624T170540
[2021-06-24 17:05:42,371] {taskinstance.py:1245} INFO - 2 downstream tasks scheduled from follow-on schedule check
[2021-06-24 17:05:42,493] {local_task_job.py:151} INFO - Task exited with return code 0
