[2021-06-25 09:44:33,934] {taskinstance.py:876} INFO - Dependencies all met for <TaskInstance: parallel_dag.task_1 2020-01-05T00:00:00+00:00 [queued]>
[2021-06-25 09:44:34,164] {taskinstance.py:876} INFO - Dependencies all met for <TaskInstance: parallel_dag.task_1 2020-01-05T00:00:00+00:00 [queued]>
[2021-06-25 09:44:34,165] {taskinstance.py:1067} INFO - 
--------------------------------------------------------------------------------
[2021-06-25 09:44:34,165] {taskinstance.py:1068} INFO - Starting attempt 2 of 2
[2021-06-25 09:44:34,166] {taskinstance.py:1069} INFO - 
--------------------------------------------------------------------------------
[2021-06-25 09:44:34,246] {taskinstance.py:1087} INFO - Executing <Task(BashOperator): task_1> on 2020-01-05T00:00:00+00:00
[2021-06-25 09:44:34,375] {standard_task_runner.py:52} INFO - Started process 18072 to run task
[2021-06-25 09:44:34,370] {standard_task_runner.py:76} INFO - Running: ['airflow', 'tasks', 'run', 'parallel_dag', 'task_1', '2020-01-05T00:00:00+00:00', '--job-id', '368', '--pool', 'default_pool', '--raw', '--subdir', 'DAGS_FOLDER/parallel_dag.py', '--cfg-path', '/tmp/tmp0z4w9cvb', '--error-file', '/tmp/tmph1mluy1o']
[2021-06-25 09:44:34,402] {standard_task_runner.py:77} INFO - Job 368: Subtask task_1
[2021-06-25 09:44:35,141] {logging_mixin.py:104} INFO - Running <TaskInstance: parallel_dag.task_1 2020-01-05T00:00:00+00:00 [running]> on host airflowvm
[2021-06-25 09:44:35,905] {taskinstance.py:1280} INFO - Exporting the following env vars:
AIRFLOW_CTX_DAG_OWNER=airflow
AIRFLOW_CTX_DAG_ID=parallel_dag
AIRFLOW_CTX_TASK_ID=task_1
AIRFLOW_CTX_EXECUTION_DATE=2020-01-05T00:00:00+00:00
AIRFLOW_CTX_DAG_RUN_ID=scheduled__2020-01-05T00:00:00+00:00
[2021-06-25 09:44:35,920] {subprocess.py:52} INFO - Tmp dir root location: 
 /tmp
[2021-06-25 09:44:35,921] {subprocess.py:63} INFO - Running command: ['bash', '-c', 'sleep 3']
[2021-06-25 09:44:36,083] {subprocess.py:75} INFO - Output:
[2021-06-25 09:44:39,147] {subprocess.py:83} INFO - Command exited with return code 0
[2021-06-25 09:44:39,429] {taskinstance.py:1184} INFO - Marking task as SUCCESS. dag_id=parallel_dag, task_id=task_1, execution_date=20200105T000000, start_date=20210625T094433, end_date=20210625T094439
[2021-06-25 09:44:40,297] {local_task_job.py:196} WARNING - State of this instance has been externally set to success. Terminating instance.
[2021-06-25 09:44:40,462] {process_utils.py:100} INFO - Sending Signals.SIGTERM to GPID 18072
[2021-06-25 09:44:41,450] {taskinstance.py:1264} ERROR - Received SIGTERM. Terminating subprocesses.
[2021-06-25 09:44:41,451] {subprocess.py:89} INFO - Sending SIGTERM signal to process group
[2021-06-25 09:44:41,502] {process_utils.py:66} INFO - Process psutil.Process(pid=18072, status='terminated', exitcode=1, started='09:44:33') (18072) terminated with exit code 1
