[2021-06-24 16:20:35,189] {taskinstance.py:876} INFO - Dependencies all met for <TaskInstance: parallel_dag.task_3 2020-01-01T00:00:00+00:00 [queued]>
[2021-06-24 16:20:35,198] {taskinstance.py:876} INFO - Dependencies all met for <TaskInstance: parallel_dag.task_3 2020-01-01T00:00:00+00:00 [queued]>
[2021-06-24 16:20:35,198] {taskinstance.py:1067} INFO - 
--------------------------------------------------------------------------------
[2021-06-24 16:20:35,198] {taskinstance.py:1068} INFO - Starting attempt 1 of 1
[2021-06-24 16:20:35,198] {taskinstance.py:1069} INFO - 
--------------------------------------------------------------------------------
[2021-06-24 16:20:35,211] {taskinstance.py:1087} INFO - Executing <Task(BashOperator): task_3> on 2020-01-01T00:00:00+00:00
[2021-06-24 16:20:35,216] {standard_task_runner.py:52} INFO - Started process 1942 to run task
[2021-06-24 16:20:35,222] {standard_task_runner.py:76} INFO - Running: ['airflow', 'tasks', 'run', 'parallel_dag', 'task_3', '2020-01-01T00:00:00+00:00', '--job-id', '45', '--pool', 'default_pool', '--raw', '--subdir', 'DAGS_FOLDER/parallel_dag.py', '--cfg-path', '/tmp/tmpbcj379id', '--error-file', '/tmp/tmpk_r0uz6e']
[2021-06-24 16:20:35,223] {standard_task_runner.py:77} INFO - Job 45: Subtask task_3
[2021-06-24 16:20:35,304] {logging_mixin.py:104} INFO - Running <TaskInstance: parallel_dag.task_3 2020-01-01T00:00:00+00:00 [running]> on host airflowvm
[2021-06-24 16:20:35,386] {taskinstance.py:1280} INFO - Exporting the following env vars:
AIRFLOW_CTX_DAG_OWNER=airflow
AIRFLOW_CTX_DAG_ID=parallel_dag
AIRFLOW_CTX_TASK_ID=task_3
AIRFLOW_CTX_EXECUTION_DATE=2020-01-01T00:00:00+00:00
AIRFLOW_CTX_DAG_RUN_ID=scheduled__2020-01-01T00:00:00+00:00
[2021-06-24 16:20:35,387] {subprocess.py:52} INFO - Tmp dir root location: 
 /tmp
[2021-06-24 16:20:35,387] {subprocess.py:63} INFO - Running command: ['bash', '-c', 'sleep 3']
[2021-06-24 16:20:35,393] {subprocess.py:75} INFO - Output:
[2021-06-24 16:20:38,402] {subprocess.py:83} INFO - Command exited with return code 0
[2021-06-24 16:20:38,438] {taskinstance.py:1184} INFO - Marking task as SUCCESS. dag_id=parallel_dag, task_id=task_3, execution_date=20200101T000000, start_date=20210624T162035, end_date=20210624T162038
[2021-06-24 16:20:38,500] {taskinstance.py:1245} INFO - 1 downstream tasks scheduled from follow-on schedule check
[2021-06-24 16:20:38,524] {local_task_job.py:151} INFO - Task exited with return code 0
[2021-06-24 17:03:38,929] {taskinstance.py:876} INFO - Dependencies all met for <TaskInstance: parallel_dag.task_3 2020-01-01T00:00:00+00:00 [queued]>
[2021-06-24 17:03:39,211] {taskinstance.py:876} INFO - Dependencies all met for <TaskInstance: parallel_dag.task_3 2020-01-01T00:00:00+00:00 [queued]>
[2021-06-24 17:03:39,212] {taskinstance.py:1067} INFO - 
--------------------------------------------------------------------------------
[2021-06-24 17:03:39,225] {taskinstance.py:1068} INFO - Starting attempt 1 of 1
[2021-06-24 17:03:39,228] {taskinstance.py:1069} INFO - 
--------------------------------------------------------------------------------
[2021-06-24 17:03:39,630] {taskinstance.py:1087} INFO - Executing <Task(BashOperator): task_3> on 2020-01-01T00:00:00+00:00
[2021-06-24 17:03:39,779] {standard_task_runner.py:52} INFO - Started process 8817 to run task
[2021-06-24 17:03:40,010] {standard_task_runner.py:76} INFO - Running: ['airflow', 'tasks', 'run', 'parallel_dag', 'task_3', '2020-01-01T00:00:00+00:00', '--job-id', '11', '--pool', 'default_pool', '--raw', '--subdir', 'DAGS_FOLDER/parallel_dag.py', '--cfg-path', '/tmp/tmpkr65o58a', '--error-file', '/tmp/tmpeeq8w997']
[2021-06-24 17:03:40,189] {standard_task_runner.py:77} INFO - Job 11: Subtask task_3
[2021-06-24 17:03:42,866] {logging_mixin.py:104} INFO - Running <TaskInstance: parallel_dag.task_3 2020-01-01T00:00:00+00:00 [running]> on host airflowvm
[2021-06-24 17:03:44,512] {taskinstance.py:1280} INFO - Exporting the following env vars:
AIRFLOW_CTX_DAG_OWNER=airflow
AIRFLOW_CTX_DAG_ID=parallel_dag
AIRFLOW_CTX_TASK_ID=task_3
AIRFLOW_CTX_EXECUTION_DATE=2020-01-01T00:00:00+00:00
AIRFLOW_CTX_DAG_RUN_ID=scheduled__2020-01-01T00:00:00+00:00
[2021-06-24 17:03:44,531] {subprocess.py:52} INFO - Tmp dir root location: 
 /tmp
[2021-06-24 17:03:44,574] {subprocess.py:63} INFO - Running command: ['bash', '-c', 'sleep 3']
[2021-06-24 17:03:44,878] {subprocess.py:75} INFO - Output:
[2021-06-24 17:03:48,025] {subprocess.py:83} INFO - Command exited with return code 0
[2021-06-24 17:03:48,775] {taskinstance.py:1184} INFO - Marking task as SUCCESS. dag_id=parallel_dag, task_id=task_3, execution_date=20200101T000000, start_date=20210624T170338, end_date=20210624T170348
[2021-06-24 17:03:52,177] {local_task_job.py:196} WARNING - State of this instance has been externally set to success. Terminating instance.
[2021-06-24 17:03:52,426] {process_utils.py:100} INFO - Sending Signals.SIGTERM to GPID 8817
[2021-06-24 17:03:53,530] {taskinstance.py:1264} ERROR - Received SIGTERM. Terminating subprocesses.
[2021-06-24 17:03:53,531] {subprocess.py:89} INFO - Sending SIGTERM signal to process group
[2021-06-24 17:03:53,704] {process_utils.py:66} INFO - Process psutil.Process(pid=8817, status='terminated', exitcode=1, started='17:03:38') (8817) terminated with exit code 1
