[2021-06-25 09:44:43,748] {taskinstance.py:876} INFO - Dependencies all met for <TaskInstance: parallel_dag.task_3 2020-01-01T00:00:00+00:00 [queued]>
[2021-06-25 09:44:44,321] {taskinstance.py:876} INFO - Dependencies all met for <TaskInstance: parallel_dag.task_3 2020-01-01T00:00:00+00:00 [queued]>
[2021-06-25 09:44:44,324] {taskinstance.py:1067} INFO - 
--------------------------------------------------------------------------------
[2021-06-25 09:44:44,325] {taskinstance.py:1068} INFO - Starting attempt 2 of 2
[2021-06-25 09:44:44,325] {taskinstance.py:1069} INFO - 
--------------------------------------------------------------------------------
[2021-06-25 09:44:44,483] {taskinstance.py:1087} INFO - Executing <Task(BashOperator): task_3> on 2020-01-01T00:00:00+00:00
[2021-06-25 09:44:44,512] {standard_task_runner.py:52} INFO - Started process 18275 to run task
[2021-06-25 09:44:44,566] {standard_task_runner.py:76} INFO - Running: ['airflow', 'tasks', 'run', 'parallel_dag', 'task_3', '2020-01-01T00:00:00+00:00', '--job-id', '372', '--pool', 'default_pool', '--raw', '--subdir', 'DAGS_FOLDER/parallel_dag.py', '--cfg-path', '/tmp/tmp7m4358ob', '--error-file', '/tmp/tmp1rqb6wot']
[2021-06-25 09:44:44,628] {standard_task_runner.py:77} INFO - Job 372: Subtask task_3
[2021-06-25 09:44:45,736] {logging_mixin.py:104} INFO - Running <TaskInstance: parallel_dag.task_3 2020-01-01T00:00:00+00:00 [running]> on host airflowvm
[2021-06-25 09:44:47,198] {taskinstance.py:1280} INFO - Exporting the following env vars:
AIRFLOW_CTX_DAG_OWNER=airflow
AIRFLOW_CTX_DAG_ID=parallel_dag
AIRFLOW_CTX_TASK_ID=task_3
AIRFLOW_CTX_EXECUTION_DATE=2020-01-01T00:00:00+00:00
AIRFLOW_CTX_DAG_RUN_ID=scheduled__2020-01-01T00:00:00+00:00
[2021-06-25 09:44:47,200] {subprocess.py:52} INFO - Tmp dir root location: 
 /tmp
[2021-06-25 09:44:47,201] {subprocess.py:63} INFO - Running command: ['bash', '-c', 'sleep 3']
[2021-06-25 09:44:47,427] {subprocess.py:75} INFO - Output:
[2021-06-25 09:44:50,714] {subprocess.py:83} INFO - Command exited with return code 0
[2021-06-25 09:44:52,162] {taskinstance.py:1184} INFO - Marking task as SUCCESS. dag_id=parallel_dag, task_id=task_3, execution_date=20200101T000000, start_date=20210625T094443, end_date=20210625T094452
[2021-06-25 09:44:56,870] {local_task_job.py:196} WARNING - State of this instance has been externally set to success. Terminating instance.
[2021-06-25 09:44:57,221] {process_utils.py:100} INFO - Sending Signals.SIGTERM to GPID 18275
[2021-06-25 09:44:58,492] {taskinstance.py:1264} ERROR - Received SIGTERM. Terminating subprocesses.
[2021-06-25 09:44:58,492] {subprocess.py:89} INFO - Sending SIGTERM signal to process group
[2021-06-25 09:44:58,608] {process_utils.py:66} INFO - Process psutil.Process(pid=18275, status='terminated', exitcode=1, started='09:44:43') (18275) terminated with exit code 1
