[2021-06-24 17:07:19,529] {taskinstance.py:876} INFO - Dependencies all met for <TaskInstance: parallel_dag.task_1 2020-02-16T00:00:00+00:00 [queued]>
[2021-06-24 17:07:19,685] {taskinstance.py:876} INFO - Dependencies all met for <TaskInstance: parallel_dag.task_1 2020-02-16T00:00:00+00:00 [queued]>
[2021-06-24 17:07:19,689] {taskinstance.py:1067} INFO - 
--------------------------------------------------------------------------------
[2021-06-24 17:07:19,690] {taskinstance.py:1068} INFO - Starting attempt 1 of 1
[2021-06-24 17:07:19,691] {taskinstance.py:1069} INFO - 
--------------------------------------------------------------------------------
[2021-06-24 17:07:19,786] {taskinstance.py:1087} INFO - Executing <Task(BashOperator): task_1> on 2020-02-16T00:00:00+00:00
[2021-06-24 17:07:19,874] {standard_task_runner.py:52} INFO - Started process 14077 to run task
[2021-06-24 17:07:19,952] {standard_task_runner.py:76} INFO - Running: ['airflow', 'tasks', 'run', 'parallel_dag', 'task_1', '2020-02-16T00:00:00+00:00', '--job-id', '161', '--pool', 'default_pool', '--raw', '--subdir', 'DAGS_FOLDER/parallel_dag.py', '--cfg-path', '/tmp/tmpsosojh_7', '--error-file', '/tmp/tmpq73ywohj']
[2021-06-24 17:07:19,992] {standard_task_runner.py:77} INFO - Job 161: Subtask task_1
[2021-06-24 17:07:20,688] {logging_mixin.py:104} INFO - Running <TaskInstance: parallel_dag.task_1 2020-02-16T00:00:00+00:00 [running]> on host airflowvm
[2021-06-24 17:07:21,846] {taskinstance.py:1280} INFO - Exporting the following env vars:
AIRFLOW_CTX_DAG_OWNER=airflow
AIRFLOW_CTX_DAG_ID=parallel_dag
AIRFLOW_CTX_TASK_ID=task_1
AIRFLOW_CTX_EXECUTION_DATE=2020-02-16T00:00:00+00:00
AIRFLOW_CTX_DAG_RUN_ID=scheduled__2020-02-16T00:00:00+00:00
[2021-06-24 17:07:21,848] {subprocess.py:52} INFO - Tmp dir root location: 
 /tmp
[2021-06-24 17:07:21,865] {subprocess.py:63} INFO - Running command: ['bash', '-c', 'sleep 3']
[2021-06-24 17:07:21,989] {subprocess.py:75} INFO - Output:
[2021-06-24 17:07:25,017] {subprocess.py:83} INFO - Command exited with return code 0
[2021-06-24 17:07:25,401] {taskinstance.py:1184} INFO - Marking task as SUCCESS. dag_id=parallel_dag, task_id=task_1, execution_date=20200216T000000, start_date=20210624T170719, end_date=20210624T170725
[2021-06-24 17:07:25,955] {taskinstance.py:1245} INFO - 2 downstream tasks scheduled from follow-on schedule check
[2021-06-24 17:07:26,023] {local_task_job.py:151} INFO - Task exited with return code 0
