[2021-06-25 09:18:33,643] {taskinstance.py:876} INFO - Dependencies all met for <TaskInstance: parallel_dag.task_3 2020-03-04T00:00:00+00:00 [queued]>
[2021-06-25 09:18:33,798] {taskinstance.py:876} INFO - Dependencies all met for <TaskInstance: parallel_dag.task_3 2020-03-04T00:00:00+00:00 [queued]>
[2021-06-25 09:18:33,798] {taskinstance.py:1067} INFO - 
--------------------------------------------------------------------------------
[2021-06-25 09:18:33,799] {taskinstance.py:1068} INFO - Starting attempt 1 of 1
[2021-06-25 09:18:33,799] {taskinstance.py:1069} INFO - 
--------------------------------------------------------------------------------
[2021-06-25 09:18:33,819] {taskinstance.py:1087} INFO - Executing <Task(BashOperator): task_3> on 2020-03-04T00:00:00+00:00
[2021-06-25 09:18:33,831] {standard_task_runner.py:52} INFO - Started process 6828 to run task
[2021-06-25 09:18:33,877] {standard_task_runner.py:76} INFO - Running: ['airflow', 'tasks', 'run', 'parallel_dag', 'task_3', '2020-03-04T00:00:00+00:00', '--job-id', '265', '--pool', 'default_pool', '--raw', '--subdir', 'DAGS_FOLDER/parallel_dag.py', '--cfg-path', '/tmp/tmp545h01z4', '--error-file', '/tmp/tmpij7pz7_g']
[2021-06-25 09:18:33,880] {standard_task_runner.py:77} INFO - Job 265: Subtask task_3
[2021-06-25 09:18:34,182] {logging_mixin.py:104} INFO - Running <TaskInstance: parallel_dag.task_3 2020-03-04T00:00:00+00:00 [running]> on host airflowvm
[2021-06-25 09:18:34,989] {taskinstance.py:1280} INFO - Exporting the following env vars:
AIRFLOW_CTX_DAG_OWNER=airflow
AIRFLOW_CTX_DAG_ID=parallel_dag
AIRFLOW_CTX_TASK_ID=task_3
AIRFLOW_CTX_EXECUTION_DATE=2020-03-04T00:00:00+00:00
AIRFLOW_CTX_DAG_RUN_ID=scheduled__2020-03-04T00:00:00+00:00
[2021-06-25 09:18:34,990] {subprocess.py:52} INFO - Tmp dir root location: 
 /tmp
[2021-06-25 09:18:35,014] {subprocess.py:63} INFO - Running command: ['bash', '-c', 'sleep 3']
[2021-06-25 09:18:35,257] {subprocess.py:75} INFO - Output:
[2021-06-25 09:18:38,278] {subprocess.py:83} INFO - Command exited with return code 0
[2021-06-25 09:18:38,498] {taskinstance.py:1184} INFO - Marking task as SUCCESS. dag_id=parallel_dag, task_id=task_3, execution_date=20200304T000000, start_date=20210625T091833, end_date=20210625T091838
[2021-06-25 09:18:39,194] {local_task_job.py:196} WARNING - State of this instance has been externally set to success. Terminating instance.
[2021-06-25 09:18:39,284] {taskinstance.py:1245} INFO - 0 downstream tasks scheduled from follow-on schedule check
[2021-06-25 09:18:39,350] {process_utils.py:100} INFO - Sending Signals.SIGTERM to GPID 6828
[2021-06-25 09:18:39,380] {process_utils.py:66} INFO - Process psutil.Process(pid=6828, status='terminated', exitcode=0, started='09:18:32') (6828) terminated with exit code 0
