[2021-06-25 13:05:10,612] {taskinstance.py:876} INFO - Dependencies all met for <TaskInstance: parallel_dag.processing_tasks.task_2 2021-06-24T00:00:00+00:00 [queued]>
[2021-06-25 13:05:10,664] {taskinstance.py:876} INFO - Dependencies all met for <TaskInstance: parallel_dag.processing_tasks.task_2 2021-06-24T00:00:00+00:00 [queued]>
[2021-06-25 13:05:10,664] {taskinstance.py:1067} INFO - 
--------------------------------------------------------------------------------
[2021-06-25 13:05:10,664] {taskinstance.py:1068} INFO - Starting attempt 1 of 1
[2021-06-25 13:05:10,664] {taskinstance.py:1069} INFO - 
--------------------------------------------------------------------------------
[2021-06-25 13:05:10,689] {taskinstance.py:1087} INFO - Executing <Task(BashOperator): processing_tasks.task_2> on 2021-06-24T00:00:00+00:00
[2021-06-25 13:05:10,691] {standard_task_runner.py:52} INFO - Started process 2036 to run task
[2021-06-25 13:05:10,708] {standard_task_runner.py:76} INFO - Running: ['airflow', 'tasks', 'run', 'parallel_dag', 'processing_tasks.task_2', '2021-06-24T00:00:00+00:00', '--job-id', '413', '--pool', 'default_pool', '--raw', '--subdir', 'DAGS_FOLDER/parallel_dag.py', '--cfg-path', '/tmp/tmpg0s6qlz4', '--error-file', '/tmp/tmph_k4bl0p']
[2021-06-25 13:05:10,710] {standard_task_runner.py:77} INFO - Job 413: Subtask processing_tasks.task_2
[2021-06-25 13:05:10,854] {logging_mixin.py:104} INFO - Running <TaskInstance: parallel_dag.processing_tasks.task_2 2021-06-24T00:00:00+00:00 [running]> on host airflowvm
[2021-06-25 13:05:10,995] {taskinstance.py:1280} INFO - Exporting the following env vars:
AIRFLOW_CTX_DAG_OWNER=airflow
AIRFLOW_CTX_DAG_ID=parallel_dag
AIRFLOW_CTX_TASK_ID=processing_tasks.task_2
AIRFLOW_CTX_EXECUTION_DATE=2021-06-24T00:00:00+00:00
AIRFLOW_CTX_DAG_RUN_ID=scheduled__2021-06-24T00:00:00+00:00
[2021-06-25 13:05:10,996] {subprocess.py:52} INFO - Tmp dir root location: 
 /tmp
[2021-06-25 13:05:10,997] {subprocess.py:63} INFO - Running command: ['bash', '-c', 'sleep 3']
[2021-06-25 13:05:11,009] {subprocess.py:75} INFO - Output:
[2021-06-25 13:05:14,019] {subprocess.py:83} INFO - Command exited with return code 0
[2021-06-25 13:05:14,102] {taskinstance.py:1184} INFO - Marking task as SUCCESS. dag_id=parallel_dag, task_id=processing_tasks.task_2, execution_date=20210624T000000, start_date=20210625T130510, end_date=20210625T130514
[2021-06-25 13:05:14,226] {taskinstance.py:1245} INFO - 0 downstream tasks scheduled from follow-on schedule check
[2021-06-25 13:05:14,244] {local_task_job.py:151} INFO - Task exited with return code 0
