[2021-06-25 14:45:58,036] {taskinstance.py:876} INFO - Dependencies all met for <TaskInstance: xcom_dag.processing_tasks.training_model_b 2021-06-25T14:45:50.850673+00:00 [queued]>
[2021-06-25 14:45:58,091] {taskinstance.py:876} INFO - Dependencies all met for <TaskInstance: xcom_dag.processing_tasks.training_model_b 2021-06-25T14:45:50.850673+00:00 [queued]>
[2021-06-25 14:45:58,091] {taskinstance.py:1067} INFO - 
--------------------------------------------------------------------------------
[2021-06-25 14:45:58,092] {taskinstance.py:1068} INFO - Starting attempt 1 of 1
[2021-06-25 14:45:58,092] {taskinstance.py:1069} INFO - 
--------------------------------------------------------------------------------
[2021-06-25 14:45:58,114] {taskinstance.py:1087} INFO - Executing <Task(PythonOperator): processing_tasks.training_model_b> on 2021-06-25T14:45:50.850673+00:00
[2021-06-25 14:45:58,147] {standard_task_runner.py:76} INFO - Running: ['airflow', 'tasks', 'run', 'xcom_dag', 'processing_tasks.training_model_b', '2021-06-25T14:45:50.850673+00:00', '--job-id', '445', '--pool', 'default_pool', '--raw', '--subdir', 'DAGS_FOLDER/xcom_dag.py', '--cfg-path', '/tmp/tmpezwwmi3q', '--error-file', '/tmp/tmpcbjvctxt']
[2021-06-25 14:45:58,148] {standard_task_runner.py:77} INFO - Job 445: Subtask processing_tasks.training_model_b
[2021-06-25 14:45:58,123] {standard_task_runner.py:52} INFO - Started process 7918 to run task
[2021-06-25 14:45:58,497] {logging_mixin.py:104} INFO - Running <TaskInstance: xcom_dag.processing_tasks.training_model_b 2021-06-25T14:45:50.850673+00:00 [running]> on host airflowvm
[2021-06-25 14:45:58,948] {taskinstance.py:1280} INFO - Exporting the following env vars:
AIRFLOW_CTX_DAG_OWNER=airflow
AIRFLOW_CTX_DAG_ID=xcom_dag
AIRFLOW_CTX_TASK_ID=processing_tasks.training_model_b
AIRFLOW_CTX_EXECUTION_DATE=2021-06-25T14:45:50.850673+00:00
AIRFLOW_CTX_DAG_RUN_ID=manual__2021-06-25T14:45:50.850673+00:00
[2021-06-25 14:45:58,955] {logging_mixin.py:104} INFO - model's accuracy: 0.4525373719299367
[2021-06-25 14:45:59,116] {python.py:151} INFO - Done. Returned value was: None
[2021-06-25 14:45:59,158] {taskinstance.py:1184} INFO - Marking task as SUCCESS. dag_id=xcom_dag, task_id=processing_tasks.training_model_b, execution_date=20210625T144550, start_date=20210625T144558, end_date=20210625T144559
[2021-06-25 14:45:59,466] {taskinstance.py:1245} INFO - 1 downstream tasks scheduled from follow-on schedule check
[2021-06-25 14:45:59,527] {local_task_job.py:151} INFO - Task exited with return code 0
