[2021-06-24 17:05:55,724] {taskinstance.py:876} INFO - Dependencies all met for <TaskInstance: parallel_dag.task_3 2020-01-27T00:00:00+00:00 [queued]>
[2021-06-24 17:05:55,825] {taskinstance.py:876} INFO - Dependencies all met for <TaskInstance: parallel_dag.task_3 2020-01-27T00:00:00+00:00 [queued]>
[2021-06-24 17:05:55,825] {taskinstance.py:1067} INFO - 
--------------------------------------------------------------------------------
[2021-06-24 17:05:55,825] {taskinstance.py:1068} INFO - Starting attempt 1 of 1
[2021-06-24 17:05:55,826] {taskinstance.py:1069} INFO - 
--------------------------------------------------------------------------------
[2021-06-24 17:05:56,069] {taskinstance.py:1087} INFO - Executing <Task(BashOperator): task_3> on 2020-01-27T00:00:00+00:00
[2021-06-24 17:05:56,252] {standard_task_runner.py:52} INFO - Started process 11950 to run task
[2021-06-24 17:05:56,464] {standard_task_runner.py:76} INFO - Running: ['airflow', 'tasks', 'run', 'parallel_dag', 'task_3', '2020-01-27T00:00:00+00:00', '--job-id', '102', '--pool', 'default_pool', '--raw', '--subdir', 'DAGS_FOLDER/parallel_dag.py', '--cfg-path', '/tmp/tmp37i2bsvh', '--error-file', '/tmp/tmpmw1xn5um']
[2021-06-24 17:05:56,514] {standard_task_runner.py:77} INFO - Job 102: Subtask task_3
[2021-06-24 17:05:57,615] {logging_mixin.py:104} INFO - Running <TaskInstance: parallel_dag.task_3 2020-01-27T00:00:00+00:00 [running]> on host airflowvm
[2021-06-24 17:05:59,013] {taskinstance.py:1280} INFO - Exporting the following env vars:
AIRFLOW_CTX_DAG_OWNER=airflow
AIRFLOW_CTX_DAG_ID=parallel_dag
AIRFLOW_CTX_TASK_ID=task_3
AIRFLOW_CTX_EXECUTION_DATE=2020-01-27T00:00:00+00:00
AIRFLOW_CTX_DAG_RUN_ID=scheduled__2020-01-27T00:00:00+00:00
[2021-06-24 17:05:59,014] {subprocess.py:52} INFO - Tmp dir root location: 
 /tmp
[2021-06-24 17:05:59,015] {subprocess.py:63} INFO - Running command: ['bash', '-c', 'sleep 3']
[2021-06-24 17:05:59,353] {subprocess.py:75} INFO - Output:
[2021-06-24 17:06:02,453] {subprocess.py:83} INFO - Command exited with return code 0
[2021-06-24 17:06:02,846] {taskinstance.py:1184} INFO - Marking task as SUCCESS. dag_id=parallel_dag, task_id=task_3, execution_date=20200127T000000, start_date=20210624T170555, end_date=20210624T170602
[2021-06-24 17:06:05,310] {taskinstance.py:1245} INFO - 1 downstream tasks scheduled from follow-on schedule check
[2021-06-24 17:06:05,482] {local_task_job.py:151} INFO - Task exited with return code 0
