[2021-06-24 17:06:55,738] {taskinstance.py:876} INFO - Dependencies all met for <TaskInstance: parallel_dag.task_1 2020-02-11T00:00:00+00:00 [queued]>
[2021-06-24 17:06:56,041] {taskinstance.py:876} INFO - Dependencies all met for <TaskInstance: parallel_dag.task_1 2020-02-11T00:00:00+00:00 [queued]>
[2021-06-24 17:06:56,041] {taskinstance.py:1067} INFO - 
--------------------------------------------------------------------------------
[2021-06-24 17:06:56,041] {taskinstance.py:1068} INFO - Starting attempt 1 of 1
[2021-06-24 17:06:56,042] {taskinstance.py:1069} INFO - 
--------------------------------------------------------------------------------
[2021-06-24 17:06:56,595] {taskinstance.py:1087} INFO - Executing <Task(BashOperator): task_1> on 2020-02-11T00:00:00+00:00
[2021-06-24 17:06:56,962] {standard_task_runner.py:52} INFO - Started process 13420 to run task
[2021-06-24 17:06:57,237] {standard_task_runner.py:76} INFO - Running: ['airflow', 'tasks', 'run', 'parallel_dag', 'task_1', '2020-02-11T00:00:00+00:00', '--job-id', '139', '--pool', 'default_pool', '--raw', '--subdir', 'DAGS_FOLDER/parallel_dag.py', '--cfg-path', '/tmp/tmpgn37k_ku', '--error-file', '/tmp/tmpuq1wqn6d']
[2021-06-24 17:06:57,262] {standard_task_runner.py:77} INFO - Job 139: Subtask task_1
[2021-06-24 17:06:58,592] {logging_mixin.py:104} INFO - Running <TaskInstance: parallel_dag.task_1 2020-02-11T00:00:00+00:00 [running]> on host airflowvm
[2021-06-24 17:06:59,412] {taskinstance.py:1280} INFO - Exporting the following env vars:
AIRFLOW_CTX_DAG_OWNER=airflow
AIRFLOW_CTX_DAG_ID=parallel_dag
AIRFLOW_CTX_TASK_ID=task_1
AIRFLOW_CTX_EXECUTION_DATE=2020-02-11T00:00:00+00:00
AIRFLOW_CTX_DAG_RUN_ID=scheduled__2020-02-11T00:00:00+00:00
[2021-06-24 17:06:59,415] {subprocess.py:52} INFO - Tmp dir root location: 
 /tmp
[2021-06-24 17:06:59,416] {subprocess.py:63} INFO - Running command: ['bash', '-c', 'sleep 3']
[2021-06-24 17:06:59,544] {subprocess.py:75} INFO - Output:
[2021-06-24 17:07:02,601] {subprocess.py:83} INFO - Command exited with return code 0
[2021-06-24 17:07:03,318] {taskinstance.py:1184} INFO - Marking task as SUCCESS. dag_id=parallel_dag, task_id=task_1, execution_date=20200211T000000, start_date=20210624T170655, end_date=20210624T170703
[2021-06-24 17:07:07,492] {taskinstance.py:1245} INFO - 0 downstream tasks scheduled from follow-on schedule check
[2021-06-24 17:07:07,604] {local_task_job.py:151} INFO - Task exited with return code 0
