[2021-06-30 14:49:57,973] {taskinstance.py:876} INFO - Dependencies all met for <TaskInstance: user_processing_v2.extracting_user_9 2021-06-30T14:29:12.044488+00:00 [queued]>
[2021-06-30 14:49:58,206] {taskinstance.py:876} INFO - Dependencies all met for <TaskInstance: user_processing_v2.extracting_user_9 2021-06-30T14:29:12.044488+00:00 [queued]>
[2021-06-30 14:49:58,207] {taskinstance.py:1067} INFO - 
--------------------------------------------------------------------------------
[2021-06-30 14:49:58,207] {taskinstance.py:1068} INFO - Starting attempt 2 of 2
[2021-06-30 14:49:58,210] {taskinstance.py:1069} INFO - 
--------------------------------------------------------------------------------
[2021-06-30 14:49:58,328] {taskinstance.py:1087} INFO - Executing <Task(SimpleHttpOperator): extracting_user_9> on 2021-06-30T14:29:12.044488+00:00
[2021-06-30 14:49:58,367] {standard_task_runner.py:52} INFO - Started process 7234 to run task
[2021-06-30 14:49:58,393] {standard_task_runner.py:76} INFO - Running: ['airflow', 'tasks', 'run', 'user_processing_v2', 'extracting_user_9', '2021-06-30T14:29:12.044488+00:00', '--job-id', '856', '--pool', 'default_pool', '--raw', '--subdir', 'DAGS_FOLDER/user_processing_v2.py', '--cfg-path', '/tmp/tmpfdtv6rq5', '--error-file', '/tmp/tmp_4hj0f6r']
[2021-06-30 14:49:58,395] {standard_task_runner.py:77} INFO - Job 856: Subtask extracting_user_9
[2021-06-30 14:49:58,908] {logging_mixin.py:104} INFO - Running <TaskInstance: user_processing_v2.extracting_user_9 2021-06-30T14:29:12.044488+00:00 [running]> on host airflowvm
[2021-06-30 14:49:59,257] {taskinstance.py:1280} INFO - Exporting the following env vars:
AIRFLOW_CTX_DAG_OWNER=airflow
AIRFLOW_CTX_DAG_ID=user_processing_v2
AIRFLOW_CTX_TASK_ID=extracting_user_9
AIRFLOW_CTX_EXECUTION_DATE=2021-06-30T14:29:12.044488+00:00
AIRFLOW_CTX_DAG_RUN_ID=manual__2021-06-30T14:29:12.044488+00:00
[2021-06-30 14:49:59,262] {http.py:111} INFO - Calling HTTP method
[2021-06-30 14:49:59,300] {base.py:69} INFO - Using connection to: id: user_api. Host: https://randomuser.me/, Port: None, Schema: , Login: , Password: None, extra: {}
[2021-06-30 14:49:59,322] {http.py:140} INFO - Sending 'GET' to url: https://randomuser.me/api/
[2021-06-30 14:49:59,928] {http.py:115} INFO - {"results":[{"gender":"male","name":{"title":"Mr","first":"Marius","last":"Larsen"},"location":{"street":{"number":6940,"name":"Gammel Strandvej"},"city":"Aaborg Øst","state":"Syddanmark","country":"Denmark","postcode":31406,"coordinates":{"latitude":"-27.4695","longitude":"-138.8655"},"timezone":{"offset":"-7:00","description":"Mountain Time (US & Canada)"}},"email":"marius.larsen@example.com","login":{"uuid":"962b30e3-fe39-4251-a48d-8e635b086726","username":"orangesnake586","password":"dalshe","salt":"75mKjvey","md5":"d19f3fab835616d2e66332559a309956","sha1":"1d0431aa2e4df1a88b68418fff681615521e1c9e","sha256":"bcb8e04167ed29ad11d3aa4c572d52ae9cc2be17f8fd9cf85415cee5f55755d2"},"dob":{"date":"1995-01-08T11:22:56.616Z","age":26},"registered":{"date":"2009-02-13T09:11:55.677Z","age":12},"phone":"37053414","cell":"60317312","id":{"name":"CPR","value":"080195-8936"},"picture":{"large":"https://randomuser.me/api/portraits/men/19.jpg","medium":"https://randomuser.me/api/portraits/med/men/19.jpg","thumbnail":"https://randomuser.me/api/portraits/thumb/men/19.jpg"},"nat":"DK"}],"info":{"seed":"ab1b9e4ddf64a643","results":1,"page":1,"version":"1.3"}}
[2021-06-30 14:50:00,210] {taskinstance.py:1184} INFO - Marking task as SUCCESS. dag_id=user_processing_v2, task_id=extracting_user_9, execution_date=20210630T142912, start_date=20210630T144957, end_date=20210630T145000
[2021-06-30 14:50:00,436] {taskinstance.py:1245} INFO - 1 downstream tasks scheduled from follow-on schedule check
[2021-06-30 14:50:00,516] {local_task_job.py:151} INFO - Task exited with return code 0
