[2021-06-25 09:17:36,960] {taskinstance.py:876} INFO - Dependencies all met for <TaskInstance: parallel_dag.task_2 2020-02-19T00:00:00+00:00 [queued]>
[2021-06-25 09:17:37,310] {taskinstance.py:876} INFO - Dependencies all met for <TaskInstance: parallel_dag.task_2 2020-02-19T00:00:00+00:00 [queued]>
[2021-06-25 09:17:37,310] {taskinstance.py:1067} INFO - 
--------------------------------------------------------------------------------
[2021-06-25 09:17:37,311] {taskinstance.py:1068} INFO - Starting attempt 1 of 1
[2021-06-25 09:17:37,311] {taskinstance.py:1069} INFO - 
--------------------------------------------------------------------------------
[2021-06-25 09:17:37,588] {taskinstance.py:1087} INFO - Executing <Task(BashOperator): task_2> on 2020-02-19T00:00:00+00:00
[2021-06-25 09:17:37,614] {standard_task_runner.py:52} INFO - Started process 5207 to run task
[2021-06-25 09:17:37,697] {standard_task_runner.py:76} INFO - Running: ['airflow', 'tasks', 'run', 'parallel_dag', 'task_2', '2020-02-19T00:00:00+00:00', '--job-id', '217', '--pool', 'default_pool', '--raw', '--subdir', 'DAGS_FOLDER/parallel_dag.py', '--cfg-path', '/tmp/tmpfyizl8tl', '--error-file', '/tmp/tmpob_dz_s8']
[2021-06-25 09:17:37,735] {standard_task_runner.py:77} INFO - Job 217: Subtask task_2
[2021-06-25 09:17:38,512] {logging_mixin.py:104} INFO - Running <TaskInstance: parallel_dag.task_2 2020-02-19T00:00:00+00:00 [running]> on host airflowvm
[2021-06-25 09:17:39,421] {taskinstance.py:1280} INFO - Exporting the following env vars:
AIRFLOW_CTX_DAG_OWNER=airflow
AIRFLOW_CTX_DAG_ID=parallel_dag
AIRFLOW_CTX_TASK_ID=task_2
AIRFLOW_CTX_EXECUTION_DATE=2020-02-19T00:00:00+00:00
AIRFLOW_CTX_DAG_RUN_ID=scheduled__2020-02-19T00:00:00+00:00
[2021-06-25 09:17:39,460] {subprocess.py:52} INFO - Tmp dir root location: 
 /tmp
[2021-06-25 09:17:39,485] {subprocess.py:63} INFO - Running command: ['bash', '-c', 'sleep 3']
[2021-06-25 09:17:39,614] {subprocess.py:75} INFO - Output:
[2021-06-25 09:17:42,660] {subprocess.py:83} INFO - Command exited with return code 0
[2021-06-25 09:17:43,215] {taskinstance.py:1184} INFO - Marking task as SUCCESS. dag_id=parallel_dag, task_id=task_2, execution_date=20200219T000000, start_date=20210625T091736, end_date=20210625T091743
[2021-06-25 09:17:43,796] {taskinstance.py:1245} INFO - 0 downstream tasks scheduled from follow-on schedule check
[2021-06-25 09:17:43,902] {local_task_job.py:151} INFO - Task exited with return code 0
