[2021-06-25 09:19:17,621] {taskinstance.py:876} INFO - Dependencies all met for <TaskInstance: parallel_dag.task_3 2020-03-13T00:00:00+00:00 [queued]>
[2021-06-25 09:19:18,548] {taskinstance.py:876} INFO - Dependencies all met for <TaskInstance: parallel_dag.task_3 2020-03-13T00:00:00+00:00 [queued]>
[2021-06-25 09:19:18,549] {taskinstance.py:1067} INFO - 
--------------------------------------------------------------------------------
[2021-06-25 09:19:18,549] {taskinstance.py:1068} INFO - Starting attempt 1 of 1
[2021-06-25 09:19:18,551] {taskinstance.py:1069} INFO - 
--------------------------------------------------------------------------------
[2021-06-25 09:19:19,072] {taskinstance.py:1087} INFO - Executing <Task(BashOperator): task_3> on 2020-03-13T00:00:00+00:00
[2021-06-25 09:19:19,134] {standard_task_runner.py:52} INFO - Started process 8117 to run task
[2021-06-25 09:19:19,286] {standard_task_runner.py:76} INFO - Running: ['airflow', 'tasks', 'run', 'parallel_dag', 'task_3', '2020-03-13T00:00:00+00:00', '--job-id', '304', '--pool', 'default_pool', '--raw', '--subdir', 'DAGS_FOLDER/parallel_dag.py', '--cfg-path', '/tmp/tmp5hcn24oj', '--error-file', '/tmp/tmpscckpugd']
[2021-06-25 09:19:19,287] {standard_task_runner.py:77} INFO - Job 304: Subtask task_3
[2021-06-25 09:19:20,207] {logging_mixin.py:104} INFO - Running <TaskInstance: parallel_dag.task_3 2020-03-13T00:00:00+00:00 [running]> on host airflowvm
[2021-06-25 09:19:20,862] {taskinstance.py:1280} INFO - Exporting the following env vars:
AIRFLOW_CTX_DAG_OWNER=airflow
AIRFLOW_CTX_DAG_ID=parallel_dag
AIRFLOW_CTX_TASK_ID=task_3
AIRFLOW_CTX_EXECUTION_DATE=2020-03-13T00:00:00+00:00
AIRFLOW_CTX_DAG_RUN_ID=scheduled__2020-03-13T00:00:00+00:00
[2021-06-25 09:19:20,880] {subprocess.py:52} INFO - Tmp dir root location: 
 /tmp
[2021-06-25 09:19:20,881] {subprocess.py:63} INFO - Running command: ['bash', '-c', 'sleep 3']
[2021-06-25 09:19:20,939] {subprocess.py:75} INFO - Output:
[2021-06-25 09:19:23,955] {subprocess.py:83} INFO - Command exited with return code 0
[2021-06-25 09:19:25,360] {taskinstance.py:1184} INFO - Marking task as SUCCESS. dag_id=parallel_dag, task_id=task_3, execution_date=20200313T000000, start_date=20210625T091917, end_date=20210625T091925
[2021-06-25 09:19:26,230] {taskinstance.py:1245} INFO - 1 downstream tasks scheduled from follow-on schedule check
[2021-06-25 09:19:26,425] {local_task_job.py:151} INFO - Task exited with return code 0
