[2021-07-02 08:43:45,927] {taskinstance.py:876} INFO - Dependencies all met for <TaskInstance: get_data_patient.write_users 2021-07-02T08:16:01.769665+00:00 [queued]>
[2021-07-02 08:43:45,954] {taskinstance.py:876} INFO - Dependencies all met for <TaskInstance: get_data_patient.write_users 2021-07-02T08:16:01.769665+00:00 [queued]>
[2021-07-02 08:43:45,954] {taskinstance.py:1067} INFO - 
--------------------------------------------------------------------------------
[2021-07-02 08:43:45,955] {taskinstance.py:1068} INFO - Starting attempt 14 of 14
[2021-07-02 08:43:45,956] {taskinstance.py:1069} INFO - 
--------------------------------------------------------------------------------
[2021-07-02 08:43:45,978] {taskinstance.py:1087} INFO - Executing <Task(PythonOperator): write_users> on 2021-07-02T08:16:01.769665+00:00
[2021-07-02 08:43:45,983] {standard_task_runner.py:52} INFO - Started process 6186 to run task
[2021-07-02 08:43:45,995] {standard_task_runner.py:76} INFO - Running: ['airflow', 'tasks', 'run', 'get_data_patient', 'write_users', '2021-07-02T08:16:01.769665+00:00', '--job-id', '1065', '--pool', 'default_pool', '--raw', '--subdir', 'DAGS_FOLDER/get_Data_Patient.py', '--cfg-path', '/tmp/tmpbfte__63', '--error-file', '/tmp/tmpkf7n8m2z']
[2021-07-02 08:43:45,997] {standard_task_runner.py:77} INFO - Job 1065: Subtask write_users
[2021-07-02 08:43:46,108] {logging_mixin.py:104} INFO - Running <TaskInstance: get_data_patient.write_users 2021-07-02T08:16:01.769665+00:00 [running]> on host airflowvm
[2021-07-02 08:43:46,251] {taskinstance.py:1280} INFO - Exporting the following env vars:
AIRFLOW_CTX_DAG_OWNER=airflow
AIRFLOW_CTX_DAG_ID=get_data_patient
AIRFLOW_CTX_TASK_ID=write_users
AIRFLOW_CTX_EXECUTION_DATE=2021-07-02T08:16:01.769665+00:00
AIRFLOW_CTX_DAG_RUN_ID=manual__2021-07-02T08:16:01.769665+00:00
[2021-07-02 08:43:46,271] {logging_mixin.py:104} INFO - Users:  [{"id": 4718, "uid": "404d86a4-6138-4d86-87ed-5efbc2561cf9", "medical_history": {}, "user_id": "502c3cfb-2b79-4131-ad46-722e2d470a3b", "birthdate": "1930-08-01", "sex": "M", "created_at": "2021-03-30T09:50:38.662702+00:00", "deleted_at": {}, "updated_at": "2021-04-12T16:55:42.865377+00:00", "is_test": false}, {"id": 4727, "uid": "57fc6ce3-5c5f-4811-b978-e58782716cda", "medical_history": {}, "user_id": "6a202726-9d80-46ac-9ff0-edd0940ea479", "birthdate": "1947-03-15", "sex": "F", "created_at": "2021-03-30T18:14:20.305891+00:00", "deleted_at": {}, "updated_at": "2021-04-12T16:55:42.86945+00:00", "is_test": false}]
[2021-07-02 08:43:46,274] {logging_mixin.py:104} INFO - Users after load: [{'id': 4718, 'uid': '404d86a4-6138-4d86-87ed-5efbc2561cf9', 'medical_history': {}, 'user_id': '502c3cfb-2b79-4131-ad46-722e2d470a3b', 'birthdate': '1930-08-01', 'sex': 'M', 'created_at': '2021-03-30T09:50:38.662702+00:00', 'deleted_at': {}, 'updated_at': '2021-04-12T16:55:42.865377+00:00', 'is_test': False}, {'id': 4727, 'uid': '57fc6ce3-5c5f-4811-b978-e58782716cda', 'medical_history': {}, 'user_id': '6a202726-9d80-46ac-9ff0-edd0940ea479', 'birthdate': '1947-03-15', 'sex': 'F', 'created_at': '2021-03-30T18:14:20.305891+00:00', 'deleted_at': {}, 'updated_at': '2021-04-12T16:55:42.86945+00:00', 'is_test': False}]
[2021-07-02 08:43:46,329] {logging_mixin.py:104} INFO - Users dataframe      id                                   uid  ...                        updated_at is_test
0  4718  404d86a4-6138-4d86-87ed-5efbc2561cf9  ...  2021-04-12T16:55:42.865377+00:00   False
1  4727  57fc6ce3-5c5f-4811-b978-e58782716cda  ...   2021-04-12T16:55:42.86945+00:00   False

[2 rows x 8 columns]
[2021-07-02 08:43:46,334] {python.py:151} INFO - Done. Returned value was: None
[2021-07-02 08:43:46,350] {taskinstance.py:1184} INFO - Marking task as SUCCESS. dag_id=get_data_patient, task_id=write_users, execution_date=20210702T081601, start_date=20210702T084345, end_date=20210702T084346
[2021-07-02 08:43:46,401] {taskinstance.py:1245} INFO - 0 downstream tasks scheduled from follow-on schedule check
[2021-07-02 08:43:46,449] {local_task_job.py:151} INFO - Task exited with return code 0
