[2021-06-24 17:07:02,324] {taskinstance.py:876} INFO - Dependencies all met for <TaskInstance: parallel_dag.task_3 2020-02-05T00:00:00+00:00 [queued]>
[2021-06-24 17:07:02,994] {taskinstance.py:876} INFO - Dependencies all met for <TaskInstance: parallel_dag.task_3 2020-02-05T00:00:00+00:00 [queued]>
[2021-06-24 17:07:02,994] {taskinstance.py:1067} INFO - 
--------------------------------------------------------------------------------
[2021-06-24 17:07:02,994] {taskinstance.py:1068} INFO - Starting attempt 1 of 1
[2021-06-24 17:07:02,994] {taskinstance.py:1069} INFO - 
--------------------------------------------------------------------------------
[2021-06-24 17:07:03,564] {taskinstance.py:1087} INFO - Executing <Task(BashOperator): task_3> on 2020-02-05T00:00:00+00:00
[2021-06-24 17:07:03,896] {standard_task_runner.py:52} INFO - Started process 13585 to run task
[2021-06-24 17:07:04,020] {standard_task_runner.py:76} INFO - Running: ['airflow', 'tasks', 'run', 'parallel_dag', 'task_3', '2020-02-05T00:00:00+00:00', '--job-id', '145', '--pool', 'default_pool', '--raw', '--subdir', 'DAGS_FOLDER/parallel_dag.py', '--cfg-path', '/tmp/tmpr_m8gz33', '--error-file', '/tmp/tmp3bpc2jo_']
[2021-06-24 17:07:04,090] {standard_task_runner.py:77} INFO - Job 145: Subtask task_3
[2021-06-24 17:07:05,297] {logging_mixin.py:104} INFO - Running <TaskInstance: parallel_dag.task_3 2020-02-05T00:00:00+00:00 [running]> on host airflowvm
[2021-06-24 17:07:06,496] {taskinstance.py:1280} INFO - Exporting the following env vars:
AIRFLOW_CTX_DAG_OWNER=airflow
AIRFLOW_CTX_DAG_ID=parallel_dag
AIRFLOW_CTX_TASK_ID=task_3
AIRFLOW_CTX_EXECUTION_DATE=2020-02-05T00:00:00+00:00
AIRFLOW_CTX_DAG_RUN_ID=scheduled__2020-02-05T00:00:00+00:00
[2021-06-24 17:07:06,520] {subprocess.py:52} INFO - Tmp dir root location: 
 /tmp
[2021-06-24 17:07:06,537] {subprocess.py:63} INFO - Running command: ['bash', '-c', 'sleep 3']
[2021-06-24 17:07:06,653] {subprocess.py:75} INFO - Output:
[2021-06-24 17:07:09,720] {subprocess.py:83} INFO - Command exited with return code 0
[2021-06-24 17:07:10,205] {taskinstance.py:1184} INFO - Marking task as SUCCESS. dag_id=parallel_dag, task_id=task_3, execution_date=20200205T000000, start_date=20210624T170702, end_date=20210624T170710
[2021-06-24 17:07:11,490] {taskinstance.py:1245} INFO - 0 downstream tasks scheduled from follow-on schedule check
[2021-06-24 17:07:11,832] {local_task_job.py:151} INFO - Task exited with return code 0
