[2021-06-30 09:36:18,455] {taskinstance.py:876} INFO - Dependencies all met for <TaskInstance: open_aq.create_table 2021-06-29T17:09:19.209771+00:00 [queued]>
[2021-06-30 09:36:18,486] {taskinstance.py:876} INFO - Dependencies all met for <TaskInstance: open_aq.create_table 2021-06-29T17:09:19.209771+00:00 [queued]>
[2021-06-30 09:36:18,487] {taskinstance.py:1067} INFO - 
--------------------------------------------------------------------------------
[2021-06-30 09:36:18,488] {taskinstance.py:1068} INFO - Starting attempt 6 of 6
[2021-06-30 09:36:18,490] {taskinstance.py:1069} INFO - 
--------------------------------------------------------------------------------
[2021-06-30 09:36:18,508] {taskinstance.py:1087} INFO - Executing <Task(PostgresOperator): create_table> on 2021-06-29T17:09:19.209771+00:00
[2021-06-30 09:36:18,514] {standard_task_runner.py:52} INFO - Started process 11933 to run task
[2021-06-30 09:36:18,522] {standard_task_runner.py:76} INFO - Running: ['airflow', 'tasks', 'run', 'open_aq', 'create_table', '2021-06-29T17:09:19.209771+00:00', '--job-id', '799', '--pool', 'default_pool', '--raw', '--subdir', 'DAGS_FOLDER/open_aq.py', '--cfg-path', '/tmp/tmpiq5ms024', '--error-file', '/tmp/tmpncct59tz']
[2021-06-30 09:36:18,524] {standard_task_runner.py:77} INFO - Job 799: Subtask create_table
[2021-06-30 09:36:18,614] {logging_mixin.py:104} INFO - Running <TaskInstance: open_aq.create_table 2021-06-29T17:09:19.209771+00:00 [running]> on host airflowvm
[2021-06-30 09:36:18,725] {taskinstance.py:1280} INFO - Exporting the following env vars:
AIRFLOW_CTX_DAG_OWNER=airflow
AIRFLOW_CTX_DAG_ID=open_aq
AIRFLOW_CTX_TASK_ID=create_table
AIRFLOW_CTX_EXECUTION_DATE=2021-06-29T17:09:19.209771+00:00
AIRFLOW_CTX_DAG_RUN_ID=manual__2021-06-29T17:09:19.209771+00:00
[2021-06-30 09:36:18,726] {postgres.py:68} INFO - Executing: CREATE TABLE open_aq (
                                        id SERIAL PRIMARY KEY,
                                        city VARCHAR NOT NULL,
                                        country VARCHAR NOT NULL,
                                        count INT NOT NULL,
                                        parameters VARCHAR ARRAY);
[2021-06-30 09:36:18,741] {base.py:69} INFO - Using connection to: id: ***_default. Host: localhost, Port: 5432, Schema: , Login: ***, Password: ***, extra: {'cursor': 'realdictcursor'}
[2021-06-30 09:36:18,750] {dbapi.py:204} INFO - Running statement: CREATE TABLE open_aq (
                                        id SERIAL PRIMARY KEY,
                                        city VARCHAR NOT NULL,
                                        country VARCHAR NOT NULL,
                                        count INT NOT NULL,
                                        parameters VARCHAR ARRAY);, parameters: None
[2021-06-30 09:36:18,780] {taskinstance.py:1184} INFO - Marking task as SUCCESS. dag_id=open_aq, task_id=create_table, execution_date=20210629T170919, start_date=20210630T093618, end_date=20210630T093618
[2021-06-30 09:36:18,823] {taskinstance.py:1245} INFO - 1 downstream tasks scheduled from follow-on schedule check
[2021-06-30 09:36:18,855] {local_task_job.py:151} INFO - Task exited with return code 0
