[2021-07-05 08:41:00,911] {taskinstance.py:876} INFO - Dependencies all met for <TaskInstance: get_diseases.get_diseases 2021-07-04T00:00:00+00:00 [queued]>
[2021-07-05 08:41:00,954] {taskinstance.py:876} INFO - Dependencies all met for <TaskInstance: get_diseases.get_diseases 2021-07-04T00:00:00+00:00 [queued]>
[2021-07-05 08:41:00,958] {taskinstance.py:1067} INFO - 
--------------------------------------------------------------------------------
[2021-07-05 08:41:00,960] {taskinstance.py:1068} INFO - Starting attempt 1 of 1
[2021-07-05 08:41:00,967] {taskinstance.py:1069} INFO - 
--------------------------------------------------------------------------------
[2021-07-05 08:41:00,997] {taskinstance.py:1087} INFO - Executing <Task(PythonOperator): get_diseases> on 2021-07-04T00:00:00+00:00
[2021-07-05 08:41:01,002] {standard_task_runner.py:52} INFO - Started process 1949 to run task
[2021-07-05 08:41:01,042] {standard_task_runner.py:76} INFO - Running: ['airflow', 'tasks', 'run', 'get_diseases', 'get_diseases', '2021-07-04T00:00:00+00:00', '--job-id', '1122', '--pool', 'default_pool', '--raw', '--subdir', 'DAGS_FOLDER/get_Data_Diseases.py', '--cfg-path', '/tmp/tmp3yhj7w24', '--error-file', '/tmp/tmpr0jpaffs']
[2021-07-05 08:41:01,056] {standard_task_runner.py:77} INFO - Job 1122: Subtask get_diseases
[2021-07-05 08:41:01,291] {logging_mixin.py:104} INFO - Running <TaskInstance: get_diseases.get_diseases 2021-07-04T00:00:00+00:00 [running]> on host airflowvm
[2021-07-05 08:41:01,493] {taskinstance.py:1280} INFO - Exporting the following env vars:
AIRFLOW_CTX_DAG_OWNER=airflow
AIRFLOW_CTX_DAG_ID=get_diseases
AIRFLOW_CTX_TASK_ID=get_diseases
AIRFLOW_CTX_EXECUTION_DATE=2021-07-04T00:00:00+00:00
AIRFLOW_CTX_DAG_RUN_ID=scheduled__2021-07-04T00:00:00+00:00
[2021-07-05 08:41:01,518] {base.py:69} INFO - Using connection to: id: ***_default. Host: localhost, Port: 5432, Schema: , Login: ***, Password: ***, extra: {'cursor': 'realdictcursor'}
[2021-07-05 08:41:01,609] {logging_mixin.py:104} INFO - [RealDictRow([('json_agg', [{'name_disease': 'Atrial Flutter', 'number_pacients': 2}, {'name_disease': 'Knee Osteoarthritis ', 'number_pacients': 1}, {'name_disease': 'Atrial Fibrillation', 'number_pacients': 60}, {'name_disease': 'Cataract', 'number_pacients': 4482}, {'name_disease': 'Older Person', 'number_pacients': 1}, {'name_disease': 'Obesity', 'number_pacients': 380}, {'name_disease': 'Diabetes', 'number_pacients': 3}])])]
[2021-07-05 08:41:01,609] {python.py:151} INFO - Done. Returned value was: [RealDictRow([('json_agg', [{'name_disease': 'Atrial Flutter', 'number_pacients': 2}, {'name_disease': 'Knee Osteoarthritis ', 'number_pacients': 1}, {'name_disease': 'Atrial Fibrillation', 'number_pacients': 60}, {'name_disease': 'Cataract', 'number_pacients': 4482}, {'name_disease': 'Older Person', 'number_pacients': 1}, {'name_disease': 'Obesity', 'number_pacients': 380}, {'name_disease': 'Diabetes', 'number_pacients': 3}])])]
[2021-07-05 08:41:01,707] {taskinstance.py:1184} INFO - Marking task as SUCCESS. dag_id=get_diseases, task_id=get_diseases, execution_date=20210704T000000, start_date=20210705T084100, end_date=20210705T084101
[2021-07-05 08:41:01,866] {taskinstance.py:1245} INFO - 1 downstream tasks scheduled from follow-on schedule check
[2021-07-05 08:41:01,892] {local_task_job.py:151} INFO - Task exited with return code 0
