[2021-07-05 08:44:11,523] {taskinstance.py:876} INFO - Dependencies all met for <TaskInstance: get_as_dataframe.get_diseases 2021-07-05T08:41:49.353787+00:00 [queued]>
[2021-07-05 08:44:11,560] {taskinstance.py:876} INFO - Dependencies all met for <TaskInstance: get_as_dataframe.get_diseases 2021-07-05T08:41:49.353787+00:00 [queued]>
[2021-07-05 08:44:11,561] {taskinstance.py:1067} INFO - 
--------------------------------------------------------------------------------
[2021-07-05 08:44:11,561] {taskinstance.py:1068} INFO - Starting attempt 3 of 3
[2021-07-05 08:44:11,562] {taskinstance.py:1069} INFO - 
--------------------------------------------------------------------------------
[2021-07-05 08:44:11,577] {taskinstance.py:1087} INFO - Executing <Task(PythonOperator): get_diseases> on 2021-07-05T08:41:49.353787+00:00
[2021-07-05 08:44:11,590] {standard_task_runner.py:52} INFO - Started process 2721 to run task
[2021-07-05 08:44:11,608] {standard_task_runner.py:76} INFO - Running: ['airflow', 'tasks', 'run', 'get_as_dataframe', 'get_diseases', '2021-07-05T08:41:49.353787+00:00', '--job-id', '1132', '--pool', 'default_pool', '--raw', '--subdir', 'DAGS_FOLDER/get_as_Dataframe.py', '--cfg-path', '/tmp/tmppevt69g9', '--error-file', '/tmp/tmpt268qbfe']
[2021-07-05 08:44:11,609] {standard_task_runner.py:77} INFO - Job 1132: Subtask get_diseases
[2021-07-05 08:44:11,741] {logging_mixin.py:104} INFO - Running <TaskInstance: get_as_dataframe.get_diseases 2021-07-05T08:41:49.353787+00:00 [running]> on host airflowvm
[2021-07-05 08:44:11,919] {taskinstance.py:1280} INFO - Exporting the following env vars:
AIRFLOW_CTX_DAG_OWNER=airflow
AIRFLOW_CTX_DAG_ID=get_as_dataframe
AIRFLOW_CTX_TASK_ID=get_diseases
AIRFLOW_CTX_EXECUTION_DATE=2021-07-05T08:41:49.353787+00:00
AIRFLOW_CTX_DAG_RUN_ID=manual__2021-07-05T08:41:49.353787+00:00
[2021-07-05 08:44:11,943] {base.py:69} INFO - Using connection to: id: ***_default. Host: localhost, Port: 5432, Schema: , Login: ***, Password: ***, extra: {'cursor': 'realdictcursor'}
[2021-07-05 08:44:11,996] {logging_mixin.py:104} INFO -            name_disease  number_pacients
0        Atrial Flutter                2
1  Knee Osteoarthritis                 1
2   Atrial Fibrillation               60
3              Cataract             4482
4          Older Person                1
5               Obesity              380
6              Diabetes                3
[2021-07-05 08:44:12,008] {python.py:151} INFO - Done. Returned value was: {"name_disease":{"0":"Atrial Flutter","1":"Knee Osteoarthritis ","2":"Atrial Fibrillation","3":"Cataract","4":"Older Person","5":"Obesity","6":"Diabetes"},"number_pacients":{"0":2,"1":1,"2":60,"3":4482,"4":1,"5":380,"6":3}}
[2021-07-05 08:44:12,078] {taskinstance.py:1184} INFO - Marking task as SUCCESS. dag_id=get_as_dataframe, task_id=get_diseases, execution_date=20210705T084149, start_date=20210705T084411, end_date=20210705T084412
[2021-07-05 08:44:12,158] {taskinstance.py:1245} INFO - 1 downstream tasks scheduled from follow-on schedule check
[2021-07-05 08:44:12,184] {local_task_job.py:151} INFO - Task exited with return code 0
