[2021-07-01 08:55:48,737] {taskinstance.py:876} INFO - Dependencies all met for <TaskInstance: user_processing_v2.creating_table 2021-07-01T08:55:46.246726+00:00 [queued]>
[2021-07-01 08:55:48,815] {taskinstance.py:876} INFO - Dependencies all met for <TaskInstance: user_processing_v2.creating_table 2021-07-01T08:55:46.246726+00:00 [queued]>
[2021-07-01 08:55:48,816] {taskinstance.py:1067} INFO - 
--------------------------------------------------------------------------------
[2021-07-01 08:55:48,817] {taskinstance.py:1068} INFO - Starting attempt 1 of 1
[2021-07-01 08:55:48,817] {taskinstance.py:1069} INFO - 
--------------------------------------------------------------------------------
[2021-07-01 08:55:48,852] {taskinstance.py:1087} INFO - Executing <Task(PostgresOperator): creating_table> on 2021-07-01T08:55:46.246726+00:00
[2021-07-01 08:55:48,858] {standard_task_runner.py:52} INFO - Started process 39482 to run task
[2021-07-01 08:55:48,888] {standard_task_runner.py:76} INFO - Running: ['airflow', 'tasks', 'run', 'user_processing_v2', 'creating_table', '2021-07-01T08:55:46.246726+00:00', '--job-id', '938', '--pool', 'default_pool', '--raw', '--subdir', 'DAGS_FOLDER/user_processing_v2.py', '--cfg-path', '/tmp/tmpyxkhmaes', '--error-file', '/tmp/tmp2yt7p6n5']
[2021-07-01 08:55:48,897] {standard_task_runner.py:77} INFO - Job 938: Subtask creating_table
[2021-07-01 08:55:49,054] {logging_mixin.py:104} INFO - Running <TaskInstance: user_processing_v2.creating_table 2021-07-01T08:55:46.246726+00:00 [running]> on host airflowvm
[2021-07-01 08:55:49,323] {taskinstance.py:1280} INFO - Exporting the following env vars:
AIRFLOW_CTX_DAG_OWNER=airflow
AIRFLOW_CTX_DAG_ID=user_processing_v2
AIRFLOW_CTX_TASK_ID=creating_table
AIRFLOW_CTX_EXECUTION_DATE=2021-07-01T08:55:46.246726+00:00
AIRFLOW_CTX_DAG_RUN_ID=manual__2021-07-01T08:55:46.246726+00:00
[2021-07-01 08:55:49,326] {postgres.py:68} INFO - Executing:  CREATE TABLE IF NOT EXISTS users (
                                          first_name VARCHAR NOT NULL,
                                          last_name VARCHAR NOT NULL,
                                          country VARCHAR NOT NULL,
                                          username VARCHAR NOT NULL,
                                          password VARCHAR NOT NULL,
                                          email VARCHAR NOT NULL PRIMARY KEY); 
[2021-07-01 08:55:49,353] {base.py:69} INFO - Using connection to: id: ***_default. Host: localhost, Port: 5432, Schema: , Login: ***, Password: ***, extra: {'cursor': 'realdictcursor'}
[2021-07-01 08:55:49,397] {dbapi.py:204} INFO - Running statement:  CREATE TABLE IF NOT EXISTS users (
                                          first_name VARCHAR NOT NULL,
                                          last_name VARCHAR NOT NULL,
                                          country VARCHAR NOT NULL,
                                          username VARCHAR NOT NULL,
                                          password VARCHAR NOT NULL,
                                          email VARCHAR NOT NULL PRIMARY KEY); , parameters: None
[2021-07-01 08:55:49,421] {postgres.py:72} INFO - NOTICE:  relation "users" already exists, skipping

[2021-07-01 08:55:49,565] {taskinstance.py:1184} INFO - Marking task as SUCCESS. dag_id=user_processing_v2, task_id=creating_table, execution_date=20210701T085546, start_date=20210701T085548, end_date=20210701T085549
[2021-07-01 08:55:49,920] {taskinstance.py:1245} INFO - 0 downstream tasks scheduled from follow-on schedule check
[2021-07-01 08:55:49,961] {local_task_job.py:151} INFO - Task exited with return code 0
