[2021-07-06 13:51:18,961] {taskinstance.py:876} INFO - Dependencies all met for <TaskInstance: get_as_dataframe_otimized.get_diseases 2021-07-06T13:51:11.608989+00:00 [queued]>
[2021-07-06 13:51:19,002] {taskinstance.py:876} INFO - Dependencies all met for <TaskInstance: get_as_dataframe_otimized.get_diseases 2021-07-06T13:51:11.608989+00:00 [queued]>
[2021-07-06 13:51:19,004] {taskinstance.py:1067} INFO - 
--------------------------------------------------------------------------------
[2021-07-06 13:51:19,004] {taskinstance.py:1068} INFO - Starting attempt 1 of 1
[2021-07-06 13:51:19,005] {taskinstance.py:1069} INFO - 
--------------------------------------------------------------------------------
[2021-07-06 13:51:19,029] {taskinstance.py:1087} INFO - Executing <Task(PythonOperator): get_diseases> on 2021-07-06T13:51:11.608989+00:00
[2021-07-06 13:51:19,041] {standard_task_runner.py:52} INFO - Started process 2991 to run task
[2021-07-06 13:51:19,068] {standard_task_runner.py:76} INFO - Running: ['airflow', 'tasks', 'run', 'get_as_dataframe_otimized', 'get_diseases', '2021-07-06T13:51:11.608989+00:00', '--job-id', '1205', '--pool', 'default_pool', '--raw', '--subdir', 'DAGS_FOLDER/get_as_Dataframe_otimized.py', '--cfg-path', '/tmp/tmpnod7know', '--error-file', '/tmp/tmpobcrm0de']
[2021-07-06 13:51:19,072] {standard_task_runner.py:77} INFO - Job 1205: Subtask get_diseases
[2021-07-06 13:51:19,227] {logging_mixin.py:104} INFO - Running <TaskInstance: get_as_dataframe_otimized.get_diseases 2021-07-06T13:51:11.608989+00:00 [running]> on host airflowvm
[2021-07-06 13:51:19,424] {taskinstance.py:1280} INFO - Exporting the following env vars:
AIRFLOW_CTX_DAG_OWNER=airflow
AIRFLOW_CTX_DAG_ID=get_as_dataframe_otimized
AIRFLOW_CTX_TASK_ID=get_diseases
AIRFLOW_CTX_EXECUTION_DATE=2021-07-06T13:51:11.608989+00:00
AIRFLOW_CTX_DAG_RUN_ID=manual__2021-07-06T13:51:11.608989+00:00
[2021-07-06 13:51:19,458] {base.py:69} INFO - Using connection to: id: ***_default. Host: localhost, Port: 5432, Schema: , Login: ***, Password: ***, extra: {'cursor': 'realdictcursor'}
[2021-07-06 13:51:19,541] {python.py:151} INFO - Done. Returned value was: None
[2021-07-06 13:51:19,573] {taskinstance.py:1184} INFO - Marking task as SUCCESS. dag_id=get_as_dataframe_otimized, task_id=get_diseases, execution_date=20210706T135111, start_date=20210706T135118, end_date=20210706T135119
[2021-07-06 13:51:19,636] {taskinstance.py:1245} INFO - 1 downstream tasks scheduled from follow-on schedule check
[2021-07-06 13:51:19,678] {local_task_job.py:151} INFO - Task exited with return code 0
