[2021-06-25 09:18:46,490] {taskinstance.py:876} INFO - Dependencies all met for <TaskInstance: parallel_dag.task_1 2020-03-09T00:00:00+00:00 [queued]>
[2021-06-25 09:18:46,667] {taskinstance.py:876} INFO - Dependencies all met for <TaskInstance: parallel_dag.task_1 2020-03-09T00:00:00+00:00 [queued]>
[2021-06-25 09:18:46,668] {taskinstance.py:1067} INFO - 
--------------------------------------------------------------------------------
[2021-06-25 09:18:46,669] {taskinstance.py:1068} INFO - Starting attempt 1 of 1
[2021-06-25 09:18:46,678] {taskinstance.py:1069} INFO - 
--------------------------------------------------------------------------------
[2021-06-25 09:18:46,757] {taskinstance.py:1087} INFO - Executing <Task(BashOperator): task_1> on 2020-03-09T00:00:00+00:00
[2021-06-25 09:18:46,798] {standard_task_runner.py:52} INFO - Started process 7175 to run task
[2021-06-25 09:18:46,829] {standard_task_runner.py:76} INFO - Running: ['airflow', 'tasks', 'run', 'parallel_dag', 'task_1', '2020-03-09T00:00:00+00:00', '--job-id', '274', '--pool', 'default_pool', '--raw', '--subdir', 'DAGS_FOLDER/parallel_dag.py', '--cfg-path', '/tmp/tmpaxzvih_v', '--error-file', '/tmp/tmp7lrfs81p']
[2021-06-25 09:18:46,830] {standard_task_runner.py:77} INFO - Job 274: Subtask task_1
[2021-06-25 09:18:47,415] {logging_mixin.py:104} INFO - Running <TaskInstance: parallel_dag.task_1 2020-03-09T00:00:00+00:00 [running]> on host airflowvm
[2021-06-25 09:18:48,170] {taskinstance.py:1280} INFO - Exporting the following env vars:
AIRFLOW_CTX_DAG_OWNER=airflow
AIRFLOW_CTX_DAG_ID=parallel_dag
AIRFLOW_CTX_TASK_ID=task_1
AIRFLOW_CTX_EXECUTION_DATE=2020-03-09T00:00:00+00:00
AIRFLOW_CTX_DAG_RUN_ID=scheduled__2020-03-09T00:00:00+00:00
[2021-06-25 09:18:48,183] {subprocess.py:52} INFO - Tmp dir root location: 
 /tmp
[2021-06-25 09:18:48,193] {subprocess.py:63} INFO - Running command: ['bash', '-c', 'sleep 3']
[2021-06-25 09:18:48,239] {subprocess.py:75} INFO - Output:
[2021-06-25 09:18:51,271] {subprocess.py:83} INFO - Command exited with return code 0
[2021-06-25 09:18:51,479] {taskinstance.py:1184} INFO - Marking task as SUCCESS. dag_id=parallel_dag, task_id=task_1, execution_date=20200309T000000, start_date=20210625T091846, end_date=20210625T091851
[2021-06-25 09:18:52,114] {local_task_job.py:196} WARNING - State of this instance has been externally set to success. Terminating instance.
[2021-06-25 09:18:52,141] {taskinstance.py:1245} INFO - 0 downstream tasks scheduled from follow-on schedule check
[2021-06-25 09:18:52,191] {process_utils.py:100} INFO - Sending Signals.SIGTERM to GPID 7175
[2021-06-25 09:18:52,201] {process_utils.py:66} INFO - Process psutil.Process(pid=7175, status='terminated', exitcode=0, started='09:18:45') (7175) terminated with exit code 0
