[2021-06-25 09:17:51,375] {taskinstance.py:876} INFO - Dependencies all met for <TaskInstance: parallel_dag.task_3 2020-02-26T00:00:00+00:00 [queued]>
[2021-06-25 09:17:51,617] {taskinstance.py:876} INFO - Dependencies all met for <TaskInstance: parallel_dag.task_3 2020-02-26T00:00:00+00:00 [queued]>
[2021-06-25 09:17:51,618] {taskinstance.py:1067} INFO - 
--------------------------------------------------------------------------------
[2021-06-25 09:17:51,618] {taskinstance.py:1068} INFO - Starting attempt 1 of 1
[2021-06-25 09:17:51,652] {taskinstance.py:1069} INFO - 
--------------------------------------------------------------------------------
[2021-06-25 09:17:51,843] {taskinstance.py:1087} INFO - Executing <Task(BashOperator): task_3> on 2020-02-26T00:00:00+00:00
[2021-06-25 09:17:51,890] {standard_task_runner.py:52} INFO - Started process 5705 to run task
[2021-06-25 09:17:52,014] {standard_task_runner.py:76} INFO - Running: ['airflow', 'tasks', 'run', 'parallel_dag', 'task_3', '2020-02-26T00:00:00+00:00', '--job-id', '233', '--pool', 'default_pool', '--raw', '--subdir', 'DAGS_FOLDER/parallel_dag.py', '--cfg-path', '/tmp/tmpv3kxamzq', '--error-file', '/tmp/tmpg853sk3g']
[2021-06-25 09:17:52,071] {standard_task_runner.py:77} INFO - Job 233: Subtask task_3
[2021-06-25 09:17:53,312] {logging_mixin.py:104} INFO - Running <TaskInstance: parallel_dag.task_3 2020-02-26T00:00:00+00:00 [running]> on host airflowvm
[2021-06-25 09:17:54,496] {taskinstance.py:1280} INFO - Exporting the following env vars:
AIRFLOW_CTX_DAG_OWNER=airflow
AIRFLOW_CTX_DAG_ID=parallel_dag
AIRFLOW_CTX_TASK_ID=task_3
AIRFLOW_CTX_EXECUTION_DATE=2020-02-26T00:00:00+00:00
AIRFLOW_CTX_DAG_RUN_ID=scheduled__2020-02-26T00:00:00+00:00
[2021-06-25 09:17:54,497] {subprocess.py:52} INFO - Tmp dir root location: 
 /tmp
[2021-06-25 09:17:54,502] {subprocess.py:63} INFO - Running command: ['bash', '-c', 'sleep 3']
[2021-06-25 09:17:54,618] {subprocess.py:75} INFO - Output:
[2021-06-25 09:17:57,647] {subprocess.py:83} INFO - Command exited with return code 0
[2021-06-25 09:17:58,389] {taskinstance.py:1184} INFO - Marking task as SUCCESS. dag_id=parallel_dag, task_id=task_3, execution_date=20200226T000000, start_date=20210625T091751, end_date=20210625T091758
[2021-06-25 09:17:59,392] {taskinstance.py:1245} INFO - 0 downstream tasks scheduled from follow-on schedule check
[2021-06-25 09:17:59,668] {local_task_job.py:151} INFO - Task exited with return code 0
