[2021-06-25 09:19:51,235] {taskinstance.py:876} INFO - Dependencies all met for <TaskInstance: parallel_dag.task_4 2020-03-16T00:00:00+00:00 [queued]>
[2021-06-25 09:19:51,578] {taskinstance.py:876} INFO - Dependencies all met for <TaskInstance: parallel_dag.task_4 2020-03-16T00:00:00+00:00 [queued]>
[2021-06-25 09:19:51,604] {taskinstance.py:1067} INFO - 
--------------------------------------------------------------------------------
[2021-06-25 09:19:51,604] {taskinstance.py:1068} INFO - Starting attempt 1 of 1
[2021-06-25 09:19:51,605] {taskinstance.py:1069} INFO - 
--------------------------------------------------------------------------------
[2021-06-25 09:19:51,789] {taskinstance.py:1087} INFO - Executing <Task(BashOperator): task_4> on 2020-03-16T00:00:00+00:00
[2021-06-25 09:19:51,873] {standard_task_runner.py:52} INFO - Started process 9018 to run task
[2021-06-25 09:19:52,044] {standard_task_runner.py:76} INFO - Running: ['airflow', 'tasks', 'run', 'parallel_dag', 'task_4', '2020-03-16T00:00:00+00:00', '--job-id', '330', '--pool', 'default_pool', '--raw', '--subdir', 'DAGS_FOLDER/parallel_dag.py', '--cfg-path', '/tmp/tmpih5blhv6', '--error-file', '/tmp/tmptrbunzox']
[2021-06-25 09:19:52,072] {standard_task_runner.py:77} INFO - Job 330: Subtask task_4
[2021-06-25 09:19:52,682] {logging_mixin.py:104} INFO - Running <TaskInstance: parallel_dag.task_4 2020-03-16T00:00:00+00:00 [running]> on host airflowvm
[2021-06-25 09:19:53,497] {taskinstance.py:1280} INFO - Exporting the following env vars:
AIRFLOW_CTX_DAG_OWNER=airflow
AIRFLOW_CTX_DAG_ID=parallel_dag
AIRFLOW_CTX_TASK_ID=task_4
AIRFLOW_CTX_EXECUTION_DATE=2020-03-16T00:00:00+00:00
AIRFLOW_CTX_DAG_RUN_ID=scheduled__2020-03-16T00:00:00+00:00
[2021-06-25 09:19:53,515] {subprocess.py:52} INFO - Tmp dir root location: 
 /tmp
[2021-06-25 09:19:53,516] {subprocess.py:63} INFO - Running command: ['bash', '-c', 'sleep 3']
[2021-06-25 09:19:53,609] {subprocess.py:75} INFO - Output:
[2021-06-25 09:19:56,615] {subprocess.py:83} INFO - Command exited with return code 0
[2021-06-25 09:19:57,015] {taskinstance.py:1184} INFO - Marking task as SUCCESS. dag_id=parallel_dag, task_id=task_4, execution_date=20200316T000000, start_date=20210625T091951, end_date=20210625T091957
[2021-06-25 09:19:57,365] {local_task_job.py:196} WARNING - State of this instance has been externally set to success. Terminating instance.
[2021-06-25 09:19:57,472] {process_utils.py:100} INFO - Sending Signals.SIGTERM to GPID 9018
[2021-06-25 09:19:57,675] {taskinstance.py:1264} ERROR - Received SIGTERM. Terminating subprocesses.
[2021-06-25 09:19:57,675] {subprocess.py:89} INFO - Sending SIGTERM signal to process group
[2021-06-25 09:19:57,720] {process_utils.py:66} INFO - Process psutil.Process(pid=9018, status='terminated', exitcode=1, started='09:19:50') (9018) terminated with exit code 1
