[2021-06-28 08:33:42,496] {taskinstance.py:876} INFO - Dependencies all met for <TaskInstance: trigger_rule.task_2 2021-06-28T08:33:40.896547+00:00 [queued]>
[2021-06-28 08:33:42,593] {taskinstance.py:876} INFO - Dependencies all met for <TaskInstance: trigger_rule.task_2 2021-06-28T08:33:40.896547+00:00 [queued]>
[2021-06-28 08:33:42,595] {taskinstance.py:1067} INFO - 
--------------------------------------------------------------------------------
[2021-06-28 08:33:42,595] {taskinstance.py:1068} INFO - Starting attempt 1 of 1
[2021-06-28 08:33:42,595] {taskinstance.py:1069} INFO - 
--------------------------------------------------------------------------------
[2021-06-28 08:33:42,633] {taskinstance.py:1087} INFO - Executing <Task(BashOperator): task_2> on 2021-06-28T08:33:40.896547+00:00
[2021-06-28 08:33:42,642] {standard_task_runner.py:52} INFO - Started process 3038 to run task
[2021-06-28 08:33:42,678] {standard_task_runner.py:76} INFO - Running: ['airflow', 'tasks', 'run', 'trigger_rule', 'task_2', '2021-06-28T08:33:40.896547+00:00', '--job-id', '479', '--pool', 'default_pool', '--raw', '--subdir', 'DAGS_FOLDER/trigger_rule.py', '--cfg-path', '/tmp/tmpq_eqzezx', '--error-file', '/tmp/tmpqueo560d']
[2021-06-28 08:33:42,692] {standard_task_runner.py:77} INFO - Job 479: Subtask task_2
[2021-06-28 08:33:43,067] {logging_mixin.py:104} INFO - Running <TaskInstance: trigger_rule.task_2 2021-06-28T08:33:40.896547+00:00 [running]> on host airflowvm
[2021-06-28 08:33:43,597] {taskinstance.py:1280} INFO - Exporting the following env vars:
AIRFLOW_CTX_DAG_OWNER=airflow
AIRFLOW_CTX_DAG_ID=trigger_rule
AIRFLOW_CTX_TASK_ID=task_2
AIRFLOW_CTX_EXECUTION_DATE=2021-06-28T08:33:40.896547+00:00
AIRFLOW_CTX_DAG_RUN_ID=manual__2021-06-28T08:33:40.896547+00:00
[2021-06-28 08:33:43,616] {subprocess.py:52} INFO - Tmp dir root location: 
 /tmp
[2021-06-28 08:33:43,630] {subprocess.py:63} INFO - Running command: ['bash', '-c', 'exit 0']
[2021-06-28 08:33:43,694] {subprocess.py:75} INFO - Output:
[2021-06-28 08:33:43,705] {subprocess.py:83} INFO - Command exited with return code 0
[2021-06-28 08:33:43,751] {taskinstance.py:1184} INFO - Marking task as SUCCESS. dag_id=trigger_rule, task_id=task_2, execution_date=20210628T083340, start_date=20210628T083342, end_date=20210628T083343
[2021-06-28 08:33:43,860] {taskinstance.py:1245} INFO - 1 downstream tasks scheduled from follow-on schedule check
[2021-06-28 08:33:43,881] {local_task_job.py:151} INFO - Task exited with return code 0
