[2021-06-30 09:40:27,381] {taskinstance.py:876} INFO - Dependencies all met for <TaskInstance: open_aq.get_data 2021-06-29T17:09:19.209771+00:00 [queued]>
[2021-06-30 09:40:27,413] {taskinstance.py:876} INFO - Dependencies all met for <TaskInstance: open_aq.get_data 2021-06-29T17:09:19.209771+00:00 [queued]>
[2021-06-30 09:40:27,414] {taskinstance.py:1067} INFO - 
--------------------------------------------------------------------------------
[2021-06-30 09:40:27,425] {taskinstance.py:1068} INFO - Starting attempt 7 of 7
[2021-06-30 09:40:27,426] {taskinstance.py:1069} INFO - 
--------------------------------------------------------------------------------
[2021-06-30 09:40:27,450] {taskinstance.py:1087} INFO - Executing <Task(SimpleHttpOperator): get_data> on 2021-06-29T17:09:19.209771+00:00
[2021-06-30 09:40:27,459] {standard_task_runner.py:52} INFO - Started process 12508 to run task
[2021-06-30 09:40:27,465] {standard_task_runner.py:76} INFO - Running: ['airflow', 'tasks', 'run', 'open_aq', 'get_data', '2021-06-29T17:09:19.209771+00:00', '--job-id', '807', '--pool', 'default_pool', '--raw', '--subdir', 'DAGS_FOLDER/open_aq.py', '--cfg-path', '/tmp/tmp9dwma6v2', '--error-file', '/tmp/tmps73lfzwe']
[2021-06-30 09:40:27,467] {standard_task_runner.py:77} INFO - Job 807: Subtask get_data
[2021-06-30 09:40:27,614] {logging_mixin.py:104} INFO - Running <TaskInstance: open_aq.get_data 2021-06-29T17:09:19.209771+00:00 [running]> on host airflowvm
[2021-06-30 09:40:27,736] {taskinstance.py:1280} INFO - Exporting the following env vars:
AIRFLOW_CTX_DAG_OWNER=airflow
AIRFLOW_CTX_DAG_ID=open_aq
AIRFLOW_CTX_TASK_ID=get_data
AIRFLOW_CTX_EXECUTION_DATE=2021-06-29T17:09:19.209771+00:00
AIRFLOW_CTX_DAG_RUN_ID=manual__2021-06-29T17:09:19.209771+00:00
[2021-06-30 09:40:27,753] {http.py:111} INFO - Calling HTTP method
[2021-06-30 09:40:27,774] {base.py:69} INFO - Using connection to: id: open_aq_api. Host: https://u50g7n0cbj.execute-api.us-east-1.amazonaws.com/, Port: None, Schema: , Login: , Password: None, extra: {}
[2021-06-30 09:40:27,777] {http.py:140} INFO - Sending 'GET' to url: https://u50g7n0cbj.execute-api.us-east-1.amazonaws.com/v2/cities?country=PT
[2021-06-30 09:40:28,524] {http.py:115} INFO - {"meta":{"name":"openaq-api","license":"CC BY 4.0d","website":"https://u50g7n0cbj.execute-api.us-east-1.amazonaws.com/","page":1,"limit":100,"found":16},"results":[{"country":"PT","city":"Aveiro","count":244229826,"locations":4,"firstUpdated":"2017-09-24T23:00:00+00:00","lastUpdated":"2021-02-01T10:00:00+00:00","parameters":["co","no2","o3","pm10","pm25","so2"]},{"country":"PT","city":"Braga","count":84177486,"locations":3,"firstUpdated":"2017-09-24T23:00:00+00:00","lastUpdated":"2021-02-01T11:00:00+00:00","parameters":["no2","o3","pm10"]},{"country":"PT","city":"Castelo Branco","count":109500248,"locations":1,"firstUpdated":"2017-09-24T23:00:00+00:00","lastUpdated":"2021-02-01T10:00:00+00:00","parameters":["no2","o3","pm10","pm25","so2"]},{"country":"PT","city":"Coimbra","count":189714183,"locations":3,"firstUpdated":"2017-09-24T23:00:00+00:00","lastUpdated":"2021-02-01T10:00:00+00:00","parameters":["co","no2","o3","pm10"]},{"country":"PT","city":"Évora","count":128494695,"locations":1,"firstUpdated":"2017-09-23T12:00:00+00:00","lastUpdated":"2021-02-01T04:00:00+00:00","parameters":["no2","o3","pm10","pm25","so2"]},{"country":"PT","city":"Faro","count":448468893,"locations":4,"firstUpdated":"2018-01-08T05:00:00+00:00","lastUpdated":"2021-02-01T11:00:00+00:00","parameters":["co","no2","o3","pm10","pm25","so2"]},{"country":"PT","city":"Ilha da Madeira","count":353767571,"locations":3,"firstUpdated":"2017-09-25T09:00:00+00:00","lastUpdated":"2021-02-01T11:00:00+00:00","parameters":["co","no2","o3","pm10","pm25","so2"]},{"country":"PT","city":"Ilha do Faial","count":106985048,"locations":1,"firstUpdated":"2017-10-29T23:00:00+00:00","lastUpdated":"2021-02-01T11:00:00+00:00","parameters":["no2","o3","pm10","pm25","so2"]},{"country":"PT","city":"Leiria","count":131440148,"locations":1,"firstUpdated":"2017-09-24T23:00:00+00:00","lastUpdated":"2021-02-01T10:00:00+00:00","parameters":["no2","o3","pm10","pm25","so2"]},{"country":"PT","city":"Lisboa","count":868087592,"locations":15,"firstUpdated":"2017-09-21T23:00:00+00:00","lastUpdated":"2021-02-01T11:00:00+00:00","parameters":["co","no2","o3","pm10","pm25","so2"]},{"country":"PT","city":"Porto","count":580648822,"locations":15,"firstUpdated":"2017-09-22T23:00:00+00:00","lastUpdated":"2021-02-01T11:00:00+00:00","parameters":["co","no2","o3","pm10","pm25","so2"]},{"country":"PT","city":"Santarém","count":80422109,"locations":1,"firstUpdated":"2017-09-22T09:00:00+00:00","lastUpdated":"2021-02-01T11:00:00+00:00","parameters":["no2","o3","pm10","pm25","so2"]},{"country":"PT","city":"Setúbal","count":799261991,"locations":12,"firstUpdated":"2017-09-22T01:00:00+00:00","lastUpdated":"2021-02-01T11:00:00+00:00","parameters":["co","no2","o3","pm10","pm25","so2"]},{"country":"PT","city":"Viana do Castelo","count":29397331,"locations":1,"firstUpdated":"2018-05-06T13:00:00+00:00","lastUpdated":"2021-02-01T09:00:00+00:00","parameters":["no2","o3","pm10","pm25"]},{"country":"PT","city":"Vila Real","count":26503791,"locations":1,"firstUpdated":"2017-09-27T23:00:00+00:00","lastUpdated":"2021-02-01T09:00:00+00:00","parameters":["no2","o3","pm10","pm25","so2"]},{"country":"PT","city":"Viseu","count":67731564,"locations":1,"firstUpdated":"2017-09-24T23:00:00+00:00","lastUpdated":"2021-02-01T10:00:00+00:00","parameters":["no2","o3","pm10"]}]}
[2021-06-30 09:40:28,584] {taskinstance.py:1184} INFO - Marking task as SUCCESS. dag_id=open_aq, task_id=get_data, execution_date=20210629T170919, start_date=20210630T094027, end_date=20210630T094028
[2021-06-30 09:40:28,640] {taskinstance.py:1245} INFO - 1 downstream tasks scheduled from follow-on schedule check
[2021-06-30 09:40:28,667] {local_task_job.py:151} INFO - Task exited with return code 0
