[2021-06-25 09:18:10,341] {taskinstance.py:876} INFO - Dependencies all met for <TaskInstance: parallel_dag.task_3 2020-02-29T00:00:00+00:00 [queued]>
[2021-06-25 09:18:11,222] {taskinstance.py:876} INFO - Dependencies all met for <TaskInstance: parallel_dag.task_3 2020-02-29T00:00:00+00:00 [queued]>
[2021-06-25 09:18:11,249] {taskinstance.py:1067} INFO - 
--------------------------------------------------------------------------------
[2021-06-25 09:18:11,252] {taskinstance.py:1068} INFO - Starting attempt 1 of 1
[2021-06-25 09:18:11,252] {taskinstance.py:1069} INFO - 
--------------------------------------------------------------------------------
[2021-06-25 09:18:11,629] {taskinstance.py:1087} INFO - Executing <Task(BashOperator): task_3> on 2020-02-29T00:00:00+00:00
[2021-06-25 09:18:11,867] {standard_task_runner.py:52} INFO - Started process 6276 to run task
[2021-06-25 09:18:12,106] {standard_task_runner.py:76} INFO - Running: ['airflow', 'tasks', 'run', 'parallel_dag', 'task_3', '2020-02-29T00:00:00+00:00', '--job-id', '249', '--pool', 'default_pool', '--raw', '--subdir', 'DAGS_FOLDER/parallel_dag.py', '--cfg-path', '/tmp/tmpqvu1imx9', '--error-file', '/tmp/tmp5lqyhu2a']
[2021-06-25 09:18:12,108] {standard_task_runner.py:77} INFO - Job 249: Subtask task_3
[2021-06-25 09:18:14,388] {logging_mixin.py:104} INFO - Running <TaskInstance: parallel_dag.task_3 2020-02-29T00:00:00+00:00 [running]> on host airflowvm
[2021-06-25 09:18:16,080] {taskinstance.py:1280} INFO - Exporting the following env vars:
AIRFLOW_CTX_DAG_OWNER=airflow
AIRFLOW_CTX_DAG_ID=parallel_dag
AIRFLOW_CTX_TASK_ID=task_3
AIRFLOW_CTX_EXECUTION_DATE=2020-02-29T00:00:00+00:00
AIRFLOW_CTX_DAG_RUN_ID=scheduled__2020-02-29T00:00:00+00:00
[2021-06-25 09:18:16,083] {subprocess.py:52} INFO - Tmp dir root location: 
 /tmp
[2021-06-25 09:18:16,104] {subprocess.py:63} INFO - Running command: ['bash', '-c', 'sleep 3']
[2021-06-25 09:18:16,340] {subprocess.py:75} INFO - Output:
[2021-06-25 09:18:19,417] {subprocess.py:83} INFO - Command exited with return code 0
[2021-06-25 09:18:20,256] {taskinstance.py:1184} INFO - Marking task as SUCCESS. dag_id=parallel_dag, task_id=task_3, execution_date=20200229T000000, start_date=20210625T091810, end_date=20210625T091820
[2021-06-25 09:18:21,007] {taskinstance.py:1245} INFO - 1 downstream tasks scheduled from follow-on schedule check
[2021-06-25 09:18:21,208] {local_task_job.py:151} INFO - Task exited with return code 0
