[2021-06-24 17:07:07,293] {taskinstance.py:876} INFO - Dependencies all met for <TaskInstance: parallel_dag.task_1 2020-02-13T00:00:00+00:00 [queued]>
[2021-06-24 17:07:07,601] {taskinstance.py:876} INFO - Dependencies all met for <TaskInstance: parallel_dag.task_1 2020-02-13T00:00:00+00:00 [queued]>
[2021-06-24 17:07:07,602] {taskinstance.py:1067} INFO - 
--------------------------------------------------------------------------------
[2021-06-24 17:07:07,603] {taskinstance.py:1068} INFO - Starting attempt 1 of 1
[2021-06-24 17:07:07,603] {taskinstance.py:1069} INFO - 
--------------------------------------------------------------------------------
[2021-06-24 17:07:07,691] {taskinstance.py:1087} INFO - Executing <Task(BashOperator): task_1> on 2020-02-13T00:00:00+00:00
[2021-06-24 17:07:07,734] {standard_task_runner.py:52} INFO - Started process 13706 to run task
[2021-06-24 17:07:07,860] {standard_task_runner.py:76} INFO - Running: ['airflow', 'tasks', 'run', 'parallel_dag', 'task_1', '2020-02-13T00:00:00+00:00', '--job-id', '149', '--pool', 'default_pool', '--raw', '--subdir', 'DAGS_FOLDER/parallel_dag.py', '--cfg-path', '/tmp/tmpeb4ndbfw', '--error-file', '/tmp/tmp6ly2qw7r']
[2021-06-24 17:07:07,937] {standard_task_runner.py:77} INFO - Job 149: Subtask task_1
[2021-06-24 17:07:08,943] {logging_mixin.py:104} INFO - Running <TaskInstance: parallel_dag.task_1 2020-02-13T00:00:00+00:00 [running]> on host airflowvm
[2021-06-24 17:07:10,402] {taskinstance.py:1280} INFO - Exporting the following env vars:
AIRFLOW_CTX_DAG_OWNER=airflow
AIRFLOW_CTX_DAG_ID=parallel_dag
AIRFLOW_CTX_TASK_ID=task_1
AIRFLOW_CTX_EXECUTION_DATE=2020-02-13T00:00:00+00:00
AIRFLOW_CTX_DAG_RUN_ID=scheduled__2020-02-13T00:00:00+00:00
[2021-06-24 17:07:10,407] {subprocess.py:52} INFO - Tmp dir root location: 
 /tmp
[2021-06-24 17:07:10,420] {subprocess.py:63} INFO - Running command: ['bash', '-c', 'sleep 3']
[2021-06-24 17:07:10,574] {subprocess.py:75} INFO - Output:
[2021-06-24 17:07:13,600] {subprocess.py:83} INFO - Command exited with return code 0
[2021-06-24 17:07:14,334] {taskinstance.py:1184} INFO - Marking task as SUCCESS. dag_id=parallel_dag, task_id=task_1, execution_date=20200213T000000, start_date=20210624T170707, end_date=20210624T170714
[2021-06-24 17:07:15,008] {taskinstance.py:1245} INFO - 2 downstream tasks scheduled from follow-on schedule check
[2021-06-24 17:07:15,144] {local_task_job.py:151} INFO - Task exited with return code 0
