[2021-06-29 16:29:03,664] {taskinstance.py:876} INFO - Dependencies all met for <TaskInstance: open_aq.store_data 2021-06-29T16:26:48.802715+00:00 [queued]>
[2021-06-29 16:29:03,702] {taskinstance.py:876} INFO - Dependencies all met for <TaskInstance: open_aq.store_data 2021-06-29T16:26:48.802715+00:00 [queued]>
[2021-06-29 16:29:03,703] {taskinstance.py:1067} INFO - 
--------------------------------------------------------------------------------
[2021-06-29 16:29:03,704] {taskinstance.py:1068} INFO - Starting attempt 2 of 2
[2021-06-29 16:29:03,706] {taskinstance.py:1069} INFO - 
--------------------------------------------------------------------------------
[2021-06-29 16:29:03,739] {taskinstance.py:1087} INFO - Executing <Task(PythonOperator): store_data> on 2021-06-29T16:26:48.802715+00:00
[2021-06-29 16:29:03,750] {standard_task_runner.py:52} INFO - Started process 35494 to run task
[2021-06-29 16:29:03,770] {standard_task_runner.py:76} INFO - Running: ['airflow', 'tasks', 'run', 'open_aq', 'store_data', '2021-06-29T16:26:48.802715+00:00', '--job-id', '669', '--pool', 'default_pool', '--raw', '--subdir', 'DAGS_FOLDER/open_aq.py', '--cfg-path', '/tmp/tmp5tlmpwnn', '--error-file', '/tmp/tmp7pqind24']
[2021-06-29 16:29:03,774] {standard_task_runner.py:77} INFO - Job 669: Subtask store_data
[2021-06-29 16:29:03,887] {logging_mixin.py:104} INFO - Running <TaskInstance: open_aq.store_data 2021-06-29T16:26:48.802715+00:00 [running]> on host airflowvm
[2021-06-29 16:29:03,996] {taskinstance.py:1280} INFO - Exporting the following env vars:
AIRFLOW_CTX_DAG_OWNER=airflow
AIRFLOW_CTX_DAG_ID=open_aq
AIRFLOW_CTX_TASK_ID=store_data
AIRFLOW_CTX_EXECUTION_DATE=2021-06-29T16:26:48.802715+00:00
AIRFLOW_CTX_DAG_RUN_ID=manual__2021-06-29T16:26:48.802715+00:00
[2021-06-29 16:29:04,012] {base.py:69} INFO - Using connection to: id: ***_default. Host: localhost, Port: 5432, Schema: , Login: ***, Password: ***, extra: {'cursor': 'realdictcursor'}
[2021-06-29 16:29:04,022] {python.py:151} INFO - Done. Returned value was: None
[2021-06-29 16:29:04,040] {taskinstance.py:1184} INFO - Marking task as SUCCESS. dag_id=open_aq, task_id=store_data, execution_date=20210629T162648, start_date=20210629T162903, end_date=20210629T162904
[2021-06-29 16:29:04,082] {taskinstance.py:1245} INFO - 0 downstream tasks scheduled from follow-on schedule check
[2021-06-29 16:29:04,099] {local_task_job.py:151} INFO - Task exited with return code 0
