[2021-06-24 16:26:54,547] {taskinstance.py:876} INFO - Dependencies all met for <TaskInstance: parallel_dag.task_3 2020-01-14T00:00:00+00:00 [queued]>
[2021-06-24 16:26:54,564] {taskinstance.py:876} INFO - Dependencies all met for <TaskInstance: parallel_dag.task_3 2020-01-14T00:00:00+00:00 [queued]>
[2021-06-24 16:26:54,564] {taskinstance.py:1067} INFO - 
--------------------------------------------------------------------------------
[2021-06-24 16:26:54,565] {taskinstance.py:1068} INFO - Starting attempt 1 of 1
[2021-06-24 16:26:54,565] {taskinstance.py:1069} INFO - 
--------------------------------------------------------------------------------
[2021-06-24 16:26:54,579] {taskinstance.py:1087} INFO - Executing <Task(BashOperator): task_3> on 2020-01-14T00:00:00+00:00
[2021-06-24 16:26:54,582] {standard_task_runner.py:52} INFO - Started process 2494 to run task
[2021-06-24 16:26:54,590] {standard_task_runner.py:76} INFO - Running: ['airflow', 'tasks', 'run', 'parallel_dag', 'task_3', '2020-01-14T00:00:00+00:00', '--job-id', '96', '--pool', 'default_pool', '--raw', '--subdir', 'DAGS_FOLDER/parallel_dag.py', '--cfg-path', '/tmp/tmp3lxl96zs', '--error-file', '/tmp/tmpfzq317o3']
[2021-06-24 16:26:54,592] {standard_task_runner.py:77} INFO - Job 96: Subtask task_3
[2021-06-24 16:26:54,707] {logging_mixin.py:104} INFO - Running <TaskInstance: parallel_dag.task_3 2020-01-14T00:00:00+00:00 [running]> on host airflowvm
[2021-06-24 16:26:54,874] {taskinstance.py:1280} INFO - Exporting the following env vars:
AIRFLOW_CTX_DAG_OWNER=airflow
AIRFLOW_CTX_DAG_ID=parallel_dag
AIRFLOW_CTX_TASK_ID=task_3
AIRFLOW_CTX_EXECUTION_DATE=2020-01-14T00:00:00+00:00
AIRFLOW_CTX_DAG_RUN_ID=scheduled__2020-01-14T00:00:00+00:00
[2021-06-24 16:26:54,877] {subprocess.py:52} INFO - Tmp dir root location: 
 /tmp
[2021-06-24 16:26:54,878] {subprocess.py:63} INFO - Running command: ['bash', '-c', 'sleep 3']
[2021-06-24 16:26:54,904] {subprocess.py:75} INFO - Output:
[2021-06-24 16:26:57,913] {subprocess.py:83} INFO - Command exited with return code 0
[2021-06-24 16:26:57,947] {taskinstance.py:1184} INFO - Marking task as SUCCESS. dag_id=parallel_dag, task_id=task_3, execution_date=20200114T000000, start_date=20210624T162654, end_date=20210624T162657
[2021-06-24 16:26:57,991] {taskinstance.py:1245} INFO - 1 downstream tasks scheduled from follow-on schedule check
[2021-06-24 16:26:58,041] {local_task_job.py:151} INFO - Task exited with return code 0
[2021-06-24 17:04:40,218] {taskinstance.py:876} INFO - Dependencies all met for <TaskInstance: parallel_dag.task_3 2020-01-14T00:00:00+00:00 [queued]>
[2021-06-24 17:04:40,877] {taskinstance.py:876} INFO - Dependencies all met for <TaskInstance: parallel_dag.task_3 2020-01-14T00:00:00+00:00 [queued]>
[2021-06-24 17:04:40,878] {taskinstance.py:1067} INFO - 
--------------------------------------------------------------------------------
[2021-06-24 17:04:40,878] {taskinstance.py:1068} INFO - Starting attempt 1 of 1
[2021-06-24 17:04:40,973] {taskinstance.py:1069} INFO - 
--------------------------------------------------------------------------------
[2021-06-24 17:04:41,392] {taskinstance.py:1087} INFO - Executing <Task(BashOperator): task_3> on 2020-01-14T00:00:00+00:00
[2021-06-24 17:04:41,481] {standard_task_runner.py:52} INFO - Started process 10047 to run task
[2021-06-24 17:04:41,930] {standard_task_runner.py:76} INFO - Running: ['airflow', 'tasks', 'run', 'parallel_dag', 'task_3', '2020-01-14T00:00:00+00:00', '--job-id', '46', '--pool', 'default_pool', '--raw', '--subdir', 'DAGS_FOLDER/parallel_dag.py', '--cfg-path', '/tmp/tmpipq18eia', '--error-file', '/tmp/tmpelf10pli']
[2021-06-24 17:04:42,021] {standard_task_runner.py:77} INFO - Job 46: Subtask task_3
[2021-06-24 17:04:43,837] {logging_mixin.py:104} INFO - Running <TaskInstance: parallel_dag.task_3 2020-01-14T00:00:00+00:00 [running]> on host airflowvm
[2021-06-24 17:04:45,762] {taskinstance.py:1280} INFO - Exporting the following env vars:
AIRFLOW_CTX_DAG_OWNER=airflow
AIRFLOW_CTX_DAG_ID=parallel_dag
AIRFLOW_CTX_TASK_ID=task_3
AIRFLOW_CTX_EXECUTION_DATE=2020-01-14T00:00:00+00:00
AIRFLOW_CTX_DAG_RUN_ID=scheduled__2020-01-14T00:00:00+00:00
[2021-06-24 17:04:45,867] {subprocess.py:52} INFO - Tmp dir root location: 
 /tmp
[2021-06-24 17:04:45,909] {subprocess.py:63} INFO - Running command: ['bash', '-c', 'sleep 3']
[2021-06-24 17:04:46,215] {subprocess.py:75} INFO - Output:
[2021-06-24 17:04:49,502] {subprocess.py:83} INFO - Command exited with return code 0
[2021-06-24 17:04:50,626] {taskinstance.py:1184} INFO - Marking task as SUCCESS. dag_id=parallel_dag, task_id=task_3, execution_date=20200114T000000, start_date=20210624T170440, end_date=20210624T170450
[2021-06-24 17:04:53,803] {taskinstance.py:1245} INFO - 0 downstream tasks scheduled from follow-on schedule check
[2021-06-24 17:04:53,939] {local_task_job.py:151} INFO - Task exited with return code 0
