[2021-06-25 13:55:42,765] {taskinstance.py:876} INFO - Dependencies all met for <TaskInstance: xcom_dag.task_4 2021-06-25T13:55:34.100846+00:00 [queued]>
[2021-06-25 13:55:42,794] {taskinstance.py:876} INFO - Dependencies all met for <TaskInstance: xcom_dag.task_4 2021-06-25T13:55:34.100846+00:00 [queued]>
[2021-06-25 13:55:42,795] {taskinstance.py:1067} INFO - 
--------------------------------------------------------------------------------
[2021-06-25 13:55:42,795] {taskinstance.py:1068} INFO - Starting attempt 1 of 1
[2021-06-25 13:55:42,795] {taskinstance.py:1069} INFO - 
--------------------------------------------------------------------------------
[2021-06-25 13:55:42,810] {taskinstance.py:1087} INFO - Executing <Task(PythonOperator): task_4> on 2021-06-25T13:55:34.100846+00:00
[2021-06-25 13:55:42,813] {standard_task_runner.py:52} INFO - Started process 5104 to run task
[2021-06-25 13:55:42,828] {standard_task_runner.py:76} INFO - Running: ['airflow', 'tasks', 'run', 'xcom_dag', 'task_4', '2021-06-25T13:55:34.100846+00:00', '--job-id', '436', '--pool', 'default_pool', '--raw', '--subdir', 'DAGS_FOLDER/xcom_dag.py', '--cfg-path', '/tmp/tmp9d0ltfaj', '--error-file', '/tmp/tmp3pj7r373']
[2021-06-25 13:55:42,829] {standard_task_runner.py:77} INFO - Job 436: Subtask task_4
[2021-06-25 13:55:42,939] {logging_mixin.py:104} INFO - Running <TaskInstance: xcom_dag.task_4 2021-06-25T13:55:34.100846+00:00 [running]> on host airflowvm
[2021-06-25 13:55:43,160] {taskinstance.py:1280} INFO - Exporting the following env vars:
AIRFLOW_CTX_DAG_OWNER=airflow
AIRFLOW_CTX_DAG_ID=xcom_dag
AIRFLOW_CTX_TASK_ID=task_4
AIRFLOW_CTX_EXECUTION_DATE=2021-06-25T13:55:34.100846+00:00
AIRFLOW_CTX_DAG_RUN_ID=manual__2021-06-25T13:55:34.100846+00:00
[2021-06-25 13:55:43,161] {logging_mixin.py:104} INFO - choose best model
[2021-06-25 13:55:43,175] {logging_mixin.py:104} INFO - [0.3558309147862839, 0.6284562860126727, 0.608223639358257]
[2021-06-25 13:55:43,176] {python.py:151} INFO - Done. Returned value was: None
[2021-06-25 13:55:43,194] {taskinstance.py:1184} INFO - Marking task as SUCCESS. dag_id=xcom_dag, task_id=task_4, execution_date=20210625T135534, start_date=20210625T135542, end_date=20210625T135543
[2021-06-25 13:55:43,239] {taskinstance.py:1245} INFO - 0 downstream tasks scheduled from follow-on schedule check
[2021-06-25 13:55:43,281] {local_task_job.py:151} INFO - Task exited with return code 0
