[2021-06-25 09:18:57,407] {taskinstance.py:876} INFO - Dependencies all met for <TaskInstance: parallel_dag.task_3 2020-03-08T00:00:00+00:00 [queued]>
[2021-06-25 09:18:57,586] {taskinstance.py:876} INFO - Dependencies all met for <TaskInstance: parallel_dag.task_3 2020-03-08T00:00:00+00:00 [queued]>
[2021-06-25 09:18:57,590] {taskinstance.py:1067} INFO - 
--------------------------------------------------------------------------------
[2021-06-25 09:18:57,591] {taskinstance.py:1068} INFO - Starting attempt 1 of 1
[2021-06-25 09:18:57,605] {taskinstance.py:1069} INFO - 
--------------------------------------------------------------------------------
[2021-06-25 09:18:57,722] {taskinstance.py:1087} INFO - Executing <Task(BashOperator): task_3> on 2020-03-08T00:00:00+00:00
[2021-06-25 09:18:57,728] {standard_task_runner.py:52} INFO - Started process 7531 to run task
[2021-06-25 09:18:57,770] {standard_task_runner.py:76} INFO - Running: ['airflow', 'tasks', 'run', 'parallel_dag', 'task_3', '2020-03-08T00:00:00+00:00', '--job-id', '284', '--pool', 'default_pool', '--raw', '--subdir', 'DAGS_FOLDER/parallel_dag.py', '--cfg-path', '/tmp/tmp_athqlj4', '--error-file', '/tmp/tmpd4le_py6']
[2021-06-25 09:18:57,778] {standard_task_runner.py:77} INFO - Job 284: Subtask task_3
[2021-06-25 09:18:58,497] {logging_mixin.py:104} INFO - Running <TaskInstance: parallel_dag.task_3 2020-03-08T00:00:00+00:00 [running]> on host airflowvm
[2021-06-25 09:18:59,251] {taskinstance.py:1280} INFO - Exporting the following env vars:
AIRFLOW_CTX_DAG_OWNER=airflow
AIRFLOW_CTX_DAG_ID=parallel_dag
AIRFLOW_CTX_TASK_ID=task_3
AIRFLOW_CTX_EXECUTION_DATE=2020-03-08T00:00:00+00:00
AIRFLOW_CTX_DAG_RUN_ID=scheduled__2020-03-08T00:00:00+00:00
[2021-06-25 09:18:59,253] {subprocess.py:52} INFO - Tmp dir root location: 
 /tmp
[2021-06-25 09:18:59,291] {subprocess.py:63} INFO - Running command: ['bash', '-c', 'sleep 3']
[2021-06-25 09:18:59,399] {subprocess.py:75} INFO - Output:
[2021-06-25 09:19:02,510] {subprocess.py:83} INFO - Command exited with return code 0
[2021-06-25 09:19:03,062] {taskinstance.py:1184} INFO - Marking task as SUCCESS. dag_id=parallel_dag, task_id=task_3, execution_date=20200308T000000, start_date=20210625T091857, end_date=20210625T091903
[2021-06-25 09:19:03,828] {local_task_job.py:196} WARNING - State of this instance has been externally set to success. Terminating instance.
[2021-06-25 09:19:04,381] {process_utils.py:100} INFO - Sending Signals.SIGTERM to GPID 7531
[2021-06-25 09:19:04,393] {taskinstance.py:1264} ERROR - Received SIGTERM. Terminating subprocesses.
[2021-06-25 09:19:04,423] {subprocess.py:89} INFO - Sending SIGTERM signal to process group
[2021-06-25 09:19:04,695] {process_utils.py:66} INFO - Process psutil.Process(pid=7531, status='terminated', exitcode=1, started='09:18:56') (7531) terminated with exit code 1
