[2021-06-25 09:18:51,622] {taskinstance.py:876} INFO - Dependencies all met for <TaskInstance: parallel_dag.task_3 2020-03-06T00:00:00+00:00 [queued]>
[2021-06-25 09:18:51,722] {taskinstance.py:876} INFO - Dependencies all met for <TaskInstance: parallel_dag.task_3 2020-03-06T00:00:00+00:00 [queued]>
[2021-06-25 09:18:51,722] {taskinstance.py:1067} INFO - 
--------------------------------------------------------------------------------
[2021-06-25 09:18:51,722] {taskinstance.py:1068} INFO - Starting attempt 1 of 1
[2021-06-25 09:18:51,723] {taskinstance.py:1069} INFO - 
--------------------------------------------------------------------------------
[2021-06-25 09:18:51,795] {taskinstance.py:1087} INFO - Executing <Task(BashOperator): task_3> on 2020-03-06T00:00:00+00:00
[2021-06-25 09:18:51,817] {standard_task_runner.py:52} INFO - Started process 7325 to run task
[2021-06-25 09:18:51,858] {standard_task_runner.py:76} INFO - Running: ['airflow', 'tasks', 'run', 'parallel_dag', 'task_3', '2020-03-06T00:00:00+00:00', '--job-id', '280', '--pool', 'default_pool', '--raw', '--subdir', 'DAGS_FOLDER/parallel_dag.py', '--cfg-path', '/tmp/tmp0qqc_b9u', '--error-file', '/tmp/tmpsb6lisrp']
[2021-06-25 09:18:51,867] {standard_task_runner.py:77} INFO - Job 280: Subtask task_3
[2021-06-25 09:18:52,327] {logging_mixin.py:104} INFO - Running <TaskInstance: parallel_dag.task_3 2020-03-06T00:00:00+00:00 [running]> on host airflowvm
[2021-06-25 09:18:52,864] {taskinstance.py:1280} INFO - Exporting the following env vars:
AIRFLOW_CTX_DAG_OWNER=airflow
AIRFLOW_CTX_DAG_ID=parallel_dag
AIRFLOW_CTX_TASK_ID=task_3
AIRFLOW_CTX_EXECUTION_DATE=2020-03-06T00:00:00+00:00
AIRFLOW_CTX_DAG_RUN_ID=scheduled__2020-03-06T00:00:00+00:00
[2021-06-25 09:18:52,865] {subprocess.py:52} INFO - Tmp dir root location: 
 /tmp
[2021-06-25 09:18:52,866] {subprocess.py:63} INFO - Running command: ['bash', '-c', 'sleep 3']
[2021-06-25 09:18:52,987] {subprocess.py:75} INFO - Output:
[2021-06-25 09:18:56,014] {subprocess.py:83} INFO - Command exited with return code 0
[2021-06-25 09:18:56,276] {taskinstance.py:1184} INFO - Marking task as SUCCESS. dag_id=parallel_dag, task_id=task_3, execution_date=20200306T000000, start_date=20210625T091851, end_date=20210625T091856
[2021-06-25 09:18:56,573] {taskinstance.py:1245} INFO - 0 downstream tasks scheduled from follow-on schedule check
[2021-06-25 09:18:56,619] {local_task_job.py:151} INFO - Task exited with return code 0
