[2021-06-25 13:57:16,102] {taskinstance.py:876} INFO - Dependencies all met for <TaskInstance: xcom_dag.choose_best_model 2021-06-25T13:57:06.549482+00:00 [queued]>
[2021-06-25 13:57:16,141] {taskinstance.py:876} INFO - Dependencies all met for <TaskInstance: xcom_dag.choose_best_model 2021-06-25T13:57:06.549482+00:00 [queued]>
[2021-06-25 13:57:16,141] {taskinstance.py:1067} INFO - 
--------------------------------------------------------------------------------
[2021-06-25 13:57:16,141] {taskinstance.py:1068} INFO - Starting attempt 1 of 1
[2021-06-25 13:57:16,142] {taskinstance.py:1069} INFO - 
--------------------------------------------------------------------------------
[2021-06-25 13:57:16,157] {taskinstance.py:1087} INFO - Executing <Task(PythonOperator): choose_best_model> on 2021-06-25T13:57:06.549482+00:00
[2021-06-25 13:57:16,166] {standard_task_runner.py:52} INFO - Started process 5310 to run task
[2021-06-25 13:57:16,178] {standard_task_runner.py:76} INFO - Running: ['airflow', 'tasks', 'run', 'xcom_dag', 'choose_best_model', '2021-06-25T13:57:06.549482+00:00', '--job-id', '441', '--pool', 'default_pool', '--raw', '--subdir', 'DAGS_FOLDER/xcom_dag.py', '--cfg-path', '/tmp/tmp1ed5su5t', '--error-file', '/tmp/tmpgvtlahxk']
[2021-06-25 13:57:16,181] {standard_task_runner.py:77} INFO - Job 441: Subtask choose_best_model
[2021-06-25 13:57:16,372] {logging_mixin.py:104} INFO - Running <TaskInstance: xcom_dag.choose_best_model 2021-06-25T13:57:06.549482+00:00 [running]> on host airflowvm
[2021-06-25 13:57:16,571] {taskinstance.py:1280} INFO - Exporting the following env vars:
AIRFLOW_CTX_DAG_OWNER=airflow
AIRFLOW_CTX_DAG_ID=xcom_dag
AIRFLOW_CTX_TASK_ID=choose_best_model
AIRFLOW_CTX_EXECUTION_DATE=2021-06-25T13:57:06.549482+00:00
AIRFLOW_CTX_DAG_RUN_ID=manual__2021-06-25T13:57:06.549482+00:00
[2021-06-25 13:57:16,572] {logging_mixin.py:104} INFO - choose best model
[2021-06-25 13:57:16,586] {logging_mixin.py:104} INFO - [0.9869148112130337, 0.43391402638207555, 0.7517951210141811]
[2021-06-25 13:57:16,587] {python.py:151} INFO - Done. Returned value was: None
[2021-06-25 13:57:16,607] {taskinstance.py:1184} INFO - Marking task as SUCCESS. dag_id=xcom_dag, task_id=choose_best_model, execution_date=20210625T135706, start_date=20210625T135716, end_date=20210625T135716
[2021-06-25 13:57:16,647] {taskinstance.py:1245} INFO - 0 downstream tasks scheduled from follow-on schedule check
[2021-06-25 13:57:16,685] {local_task_job.py:151} INFO - Task exited with return code 0
