[2021-06-25 09:18:21,364] {taskinstance.py:876} INFO - Dependencies all met for <TaskInstance: parallel_dag.task_4 2020-02-24T00:00:00+00:00 [queued]>
[2021-06-25 09:18:21,697] {taskinstance.py:876} INFO - Dependencies all met for <TaskInstance: parallel_dag.task_4 2020-02-24T00:00:00+00:00 [queued]>
[2021-06-25 09:18:21,697] {taskinstance.py:1067} INFO - 
--------------------------------------------------------------------------------
[2021-06-25 09:18:21,697] {taskinstance.py:1068} INFO - Starting attempt 1 of 1
[2021-06-25 09:18:21,698] {taskinstance.py:1069} INFO - 
--------------------------------------------------------------------------------
[2021-06-25 09:18:21,864] {taskinstance.py:1087} INFO - Executing <Task(BashOperator): task_4> on 2020-02-24T00:00:00+00:00
[2021-06-25 09:18:21,948] {standard_task_runner.py:52} INFO - Started process 6485 to run task
[2021-06-25 09:18:22,038] {standard_task_runner.py:76} INFO - Running: ['airflow', 'tasks', 'run', 'parallel_dag', 'task_4', '2020-02-24T00:00:00+00:00', '--job-id', '257', '--pool', 'default_pool', '--raw', '--subdir', 'DAGS_FOLDER/parallel_dag.py', '--cfg-path', '/tmp/tmpvdstzd1c', '--error-file', '/tmp/tmphd4r4u4o']
[2021-06-25 09:18:22,062] {standard_task_runner.py:77} INFO - Job 257: Subtask task_4
[2021-06-25 09:18:23,009] {logging_mixin.py:104} INFO - Running <TaskInstance: parallel_dag.task_4 2020-02-24T00:00:00+00:00 [running]> on host airflowvm
[2021-06-25 09:18:23,820] {taskinstance.py:1280} INFO - Exporting the following env vars:
AIRFLOW_CTX_DAG_OWNER=airflow
AIRFLOW_CTX_DAG_ID=parallel_dag
AIRFLOW_CTX_TASK_ID=task_4
AIRFLOW_CTX_EXECUTION_DATE=2020-02-24T00:00:00+00:00
AIRFLOW_CTX_DAG_RUN_ID=scheduled__2020-02-24T00:00:00+00:00
[2021-06-25 09:18:23,821] {subprocess.py:52} INFO - Tmp dir root location: 
 /tmp
[2021-06-25 09:18:23,822] {subprocess.py:63} INFO - Running command: ['bash', '-c', 'sleep 3']
[2021-06-25 09:18:23,919] {subprocess.py:75} INFO - Output:
[2021-06-25 09:18:26,993] {subprocess.py:83} INFO - Command exited with return code 0
[2021-06-25 09:18:27,752] {taskinstance.py:1184} INFO - Marking task as SUCCESS. dag_id=parallel_dag, task_id=task_4, execution_date=20200224T000000, start_date=20210625T091821, end_date=20210625T091827
[2021-06-25 09:18:29,191] {taskinstance.py:1245} INFO - 0 downstream tasks scheduled from follow-on schedule check
[2021-06-25 09:18:29,296] {local_task_job.py:151} INFO - Task exited with return code 0
