[2021-06-24 16:21:57,879] {taskinstance.py:876} INFO - Dependencies all met for <TaskInstance: parallel_dag.task_2 2020-01-05T00:00:00+00:00 [queued]>
[2021-06-24 16:21:57,899] {taskinstance.py:876} INFO - Dependencies all met for <TaskInstance: parallel_dag.task_2 2020-01-05T00:00:00+00:00 [queued]>
[2021-06-24 16:21:57,900] {taskinstance.py:1067} INFO - 
--------------------------------------------------------------------------------
[2021-06-24 16:21:57,900] {taskinstance.py:1068} INFO - Starting attempt 1 of 1
[2021-06-24 16:21:57,900] {taskinstance.py:1069} INFO - 
--------------------------------------------------------------------------------
[2021-06-24 16:21:57,927] {taskinstance.py:1087} INFO - Executing <Task(BashOperator): task_2> on 2020-01-05T00:00:00+00:00
[2021-06-24 16:21:57,929] {standard_task_runner.py:52} INFO - Started process 2057 to run task
[2021-06-24 16:21:57,943] {standard_task_runner.py:76} INFO - Running: ['airflow', 'tasks', 'run', 'parallel_dag', 'task_2', '2020-01-05T00:00:00+00:00', '--job-id', '59', '--pool', 'default_pool', '--raw', '--subdir', 'DAGS_FOLDER/parallel_dag.py', '--cfg-path', '/tmp/tmp11tj9cfg', '--error-file', '/tmp/tmp_1ocmydt']
[2021-06-24 16:21:57,945] {standard_task_runner.py:77} INFO - Job 59: Subtask task_2
[2021-06-24 16:21:58,032] {logging_mixin.py:104} INFO - Running <TaskInstance: parallel_dag.task_2 2020-01-05T00:00:00+00:00 [running]> on host airflowvm
[2021-06-24 16:21:58,103] {taskinstance.py:1280} INFO - Exporting the following env vars:
AIRFLOW_CTX_DAG_OWNER=airflow
AIRFLOW_CTX_DAG_ID=parallel_dag
AIRFLOW_CTX_TASK_ID=task_2
AIRFLOW_CTX_EXECUTION_DATE=2020-01-05T00:00:00+00:00
AIRFLOW_CTX_DAG_RUN_ID=scheduled__2020-01-05T00:00:00+00:00
[2021-06-24 16:21:58,104] {subprocess.py:52} INFO - Tmp dir root location: 
 /tmp
[2021-06-24 16:21:58,105] {subprocess.py:63} INFO - Running command: ['bash', '-c', 'sleep 3']
[2021-06-24 16:21:58,115] {subprocess.py:75} INFO - Output:
[2021-06-24 16:22:01,118] {subprocess.py:83} INFO - Command exited with return code 0
[2021-06-24 16:22:01,163] {taskinstance.py:1184} INFO - Marking task as SUCCESS. dag_id=parallel_dag, task_id=task_2, execution_date=20200105T000000, start_date=20210624T162157, end_date=20210624T162201
[2021-06-24 16:22:01,210] {taskinstance.py:1245} INFO - 0 downstream tasks scheduled from follow-on schedule check
[2021-06-24 16:22:01,236] {local_task_job.py:151} INFO - Task exited with return code 0
[2021-06-24 17:03:55,819] {taskinstance.py:876} INFO - Dependencies all met for <TaskInstance: parallel_dag.task_2 2020-01-05T00:00:00+00:00 [queued]>
[2021-06-24 17:03:56,472] {taskinstance.py:876} INFO - Dependencies all met for <TaskInstance: parallel_dag.task_2 2020-01-05T00:00:00+00:00 [queued]>
[2021-06-24 17:03:56,521] {taskinstance.py:1067} INFO - 
--------------------------------------------------------------------------------
[2021-06-24 17:03:56,554] {taskinstance.py:1068} INFO - Starting attempt 1 of 1
[2021-06-24 17:03:56,556] {taskinstance.py:1069} INFO - 
--------------------------------------------------------------------------------
[2021-06-24 17:03:56,829] {taskinstance.py:1087} INFO - Executing <Task(BashOperator): task_2> on 2020-01-05T00:00:00+00:00
[2021-06-24 17:03:56,876] {standard_task_runner.py:52} INFO - Started process 9118 to run task
[2021-06-24 17:03:56,919] {standard_task_runner.py:76} INFO - Running: ['airflow', 'tasks', 'run', 'parallel_dag', 'task_2', '2020-01-05T00:00:00+00:00', '--job-id', '22', '--pool', 'default_pool', '--raw', '--subdir', 'DAGS_FOLDER/parallel_dag.py', '--cfg-path', '/tmp/tmp3w22b7hp', '--error-file', '/tmp/tmpfip5jrts']
[2021-06-24 17:03:56,954] {standard_task_runner.py:77} INFO - Job 22: Subtask task_2
[2021-06-24 17:03:58,136] {logging_mixin.py:104} INFO - Running <TaskInstance: parallel_dag.task_2 2020-01-05T00:00:00+00:00 [running]> on host airflowvm
[2021-06-24 17:03:59,014] {taskinstance.py:1280} INFO - Exporting the following env vars:
AIRFLOW_CTX_DAG_OWNER=airflow
AIRFLOW_CTX_DAG_ID=parallel_dag
AIRFLOW_CTX_TASK_ID=task_2
AIRFLOW_CTX_EXECUTION_DATE=2020-01-05T00:00:00+00:00
AIRFLOW_CTX_DAG_RUN_ID=scheduled__2020-01-05T00:00:00+00:00
[2021-06-24 17:03:59,024] {subprocess.py:52} INFO - Tmp dir root location: 
 /tmp
[2021-06-24 17:03:59,049] {subprocess.py:63} INFO - Running command: ['bash', '-c', 'sleep 3']
[2021-06-24 17:03:59,113] {subprocess.py:75} INFO - Output:
[2021-06-24 17:04:02,173] {subprocess.py:83} INFO - Command exited with return code 0
[2021-06-24 17:04:03,346] {taskinstance.py:1184} INFO - Marking task as SUCCESS. dag_id=parallel_dag, task_id=task_2, execution_date=20200105T000000, start_date=20210624T170355, end_date=20210624T170403
[2021-06-24 17:04:06,680] {taskinstance.py:1245} INFO - 0 downstream tasks scheduled from follow-on schedule check
[2021-06-24 17:04:06,807] {local_task_job.py:151} INFO - Task exited with return code 0
