[2021-07-05 08:42:53,880] {taskinstance.py:876} INFO - Dependencies all met for <TaskInstance: get_as_dataframe.diseases_treatment 2021-07-05T08:41:49.353787+00:00 [queued]>
[2021-07-05 08:42:53,901] {taskinstance.py:876} INFO - Dependencies all met for <TaskInstance: get_as_dataframe.diseases_treatment 2021-07-05T08:41:49.353787+00:00 [queued]>
[2021-07-05 08:42:53,902] {taskinstance.py:1067} INFO - 
--------------------------------------------------------------------------------
[2021-07-05 08:42:53,903] {taskinstance.py:1068} INFO - Starting attempt 1 of 1
[2021-07-05 08:42:53,903] {taskinstance.py:1069} INFO - 
--------------------------------------------------------------------------------
[2021-07-05 08:42:53,916] {taskinstance.py:1087} INFO - Executing <Task(PythonOperator): diseases_treatment> on 2021-07-05T08:41:49.353787+00:00
[2021-07-05 08:42:53,922] {standard_task_runner.py:52} INFO - Started process 2472 to run task
[2021-07-05 08:42:53,928] {standard_task_runner.py:76} INFO - Running: ['airflow', 'tasks', 'run', 'get_as_dataframe', 'diseases_treatment', '2021-07-05T08:41:49.353787+00:00', '--job-id', '1130', '--pool', 'default_pool', '--raw', '--subdir', 'DAGS_FOLDER/get_as_Dataframe.py', '--cfg-path', '/tmp/tmp3rcbn97q', '--error-file', '/tmp/tmpekgtl208']
[2021-07-05 08:42:53,931] {standard_task_runner.py:77} INFO - Job 1130: Subtask diseases_treatment
[2021-07-05 08:42:54,011] {logging_mixin.py:104} INFO - Running <TaskInstance: get_as_dataframe.diseases_treatment 2021-07-05T08:41:49.353787+00:00 [running]> on host airflowvm
[2021-07-05 08:42:54,131] {taskinstance.py:1280} INFO - Exporting the following env vars:
AIRFLOW_CTX_DAG_OWNER=airflow
AIRFLOW_CTX_DAG_ID=get_as_dataframe
AIRFLOW_CTX_TASK_ID=diseases_treatment
AIRFLOW_CTX_EXECUTION_DATE=2021-07-05T08:41:49.353787+00:00
AIRFLOW_CTX_DAG_RUN_ID=manual__2021-07-05T08:41:49.353787+00:00
[2021-07-05 08:42:54,133] {python.py:151} INFO - Done. Returned value was: None
[2021-07-05 08:42:54,149] {taskinstance.py:1184} INFO - Marking task as SUCCESS. dag_id=get_as_dataframe, task_id=diseases_treatment, execution_date=20210705T084149, start_date=20210705T084253, end_date=20210705T084254
[2021-07-05 08:42:54,191] {taskinstance.py:1245} INFO - 1 downstream tasks scheduled from follow-on schedule check
[2021-07-05 08:42:54,223] {local_task_job.py:151} INFO - Task exited with return code 0
