[2021-07-01 08:32:49,288] {taskinstance.py:876} INFO - Dependencies all met for <TaskInstance: user_processing_v2.processing_user_2 2021-06-30T00:00:00+00:00 [queued]>
[2021-07-01 08:32:49,480] {taskinstance.py:876} INFO - Dependencies all met for <TaskInstance: user_processing_v2.processing_user_2 2021-06-30T00:00:00+00:00 [queued]>
[2021-07-01 08:32:49,482] {taskinstance.py:1067} INFO - 
--------------------------------------------------------------------------------
[2021-07-01 08:32:49,483] {taskinstance.py:1068} INFO - Starting attempt 1 of 1
[2021-07-01 08:32:49,484] {taskinstance.py:1069} INFO - 
--------------------------------------------------------------------------------
[2021-07-01 08:32:49,593] {taskinstance.py:1087} INFO - Executing <Task(PythonOperator): processing_user_2> on 2021-06-30T00:00:00+00:00
[2021-07-01 08:32:49,626] {standard_task_runner.py:52} INFO - Started process 2213 to run task
[2021-07-01 08:32:49,696] {standard_task_runner.py:76} INFO - Running: ['airflow', 'tasks', 'run', 'user_processing_v2', 'processing_user_2', '2021-06-30T00:00:00+00:00', '--job-id', '911', '--pool', 'default_pool', '--raw', '--subdir', 'DAGS_FOLDER/user_processing_v2.py', '--cfg-path', '/tmp/tmpuzpt69d7', '--error-file', '/tmp/tmpuxds6wy7']
[2021-07-01 08:32:49,746] {standard_task_runner.py:77} INFO - Job 911: Subtask processing_user_2
[2021-07-01 08:32:50,547] {logging_mixin.py:104} INFO - Running <TaskInstance: user_processing_v2.processing_user_2 2021-06-30T00:00:00+00:00 [running]> on host airflowvm
[2021-07-01 08:32:51,058] {taskinstance.py:1280} INFO - Exporting the following env vars:
AIRFLOW_CTX_DAG_OWNER=airflow
AIRFLOW_CTX_DAG_ID=user_processing_v2
AIRFLOW_CTX_TASK_ID=processing_user_2
AIRFLOW_CTX_EXECUTION_DATE=2021-06-30T00:00:00+00:00
AIRFLOW_CTX_DAG_RUN_ID=scheduled__2021-06-30T00:00:00+00:00
[2021-07-01 08:32:51,141] {python.py:151} INFO - Done. Returned value was: {"first_name":{"0":"Benjamin"},"last_name":{"0":"Kumar"},"country":{"0":"New Zealand"},"username":{"0":"blackzebra284"},"password":{"0":"slappy"},"email":{"0":"benjamin.kumar@example.com"}}
[2021-07-01 08:32:51,302] {taskinstance.py:1184} INFO - Marking task as SUCCESS. dag_id=user_processing_v2, task_id=processing_user_2, execution_date=20210630T000000, start_date=20210701T083249, end_date=20210701T083251
[2021-07-01 08:32:51,665] {taskinstance.py:1245} INFO - 0 downstream tasks scheduled from follow-on schedule check
[2021-07-01 08:32:51,754] {local_task_job.py:151} INFO - Task exited with return code 0
