[2021-06-25 09:18:43,786] {taskinstance.py:876} INFO - Dependencies all met for <TaskInstance: parallel_dag.task_4 2020-03-04T00:00:00+00:00 [queued]>
[2021-06-25 09:18:44,126] {taskinstance.py:876} INFO - Dependencies all met for <TaskInstance: parallel_dag.task_4 2020-03-04T00:00:00+00:00 [queued]>
[2021-06-25 09:18:44,127] {taskinstance.py:1067} INFO - 
--------------------------------------------------------------------------------
[2021-06-25 09:18:44,128] {taskinstance.py:1068} INFO - Starting attempt 1 of 1
[2021-06-25 09:18:44,138] {taskinstance.py:1069} INFO - 
--------------------------------------------------------------------------------
[2021-06-25 09:18:44,341] {taskinstance.py:1087} INFO - Executing <Task(BashOperator): task_4> on 2020-03-04T00:00:00+00:00
[2021-06-25 09:18:44,422] {standard_task_runner.py:52} INFO - Started process 7118 to run task
[2021-06-25 09:18:44,605] {standard_task_runner.py:76} INFO - Running: ['airflow', 'tasks', 'run', 'parallel_dag', 'task_4', '2020-03-04T00:00:00+00:00', '--job-id', '272', '--pool', 'default_pool', '--raw', '--subdir', 'DAGS_FOLDER/parallel_dag.py', '--cfg-path', '/tmp/tmp5k_a4pvj', '--error-file', '/tmp/tmpfijjpzqe']
[2021-06-25 09:18:44,627] {standard_task_runner.py:77} INFO - Job 272: Subtask task_4
[2021-06-25 09:18:45,376] {logging_mixin.py:104} INFO - Running <TaskInstance: parallel_dag.task_4 2020-03-04T00:00:00+00:00 [running]> on host airflowvm
[2021-06-25 09:18:45,914] {taskinstance.py:1280} INFO - Exporting the following env vars:
AIRFLOW_CTX_DAG_OWNER=airflow
AIRFLOW_CTX_DAG_ID=parallel_dag
AIRFLOW_CTX_TASK_ID=task_4
AIRFLOW_CTX_EXECUTION_DATE=2020-03-04T00:00:00+00:00
AIRFLOW_CTX_DAG_RUN_ID=scheduled__2020-03-04T00:00:00+00:00
[2021-06-25 09:18:45,916] {subprocess.py:52} INFO - Tmp dir root location: 
 /tmp
[2021-06-25 09:18:45,917] {subprocess.py:63} INFO - Running command: ['bash', '-c', 'sleep 3']
[2021-06-25 09:18:46,062] {subprocess.py:75} INFO - Output:
[2021-06-25 09:18:49,086] {subprocess.py:83} INFO - Command exited with return code 0
[2021-06-25 09:18:49,344] {taskinstance.py:1184} INFO - Marking task as SUCCESS. dag_id=parallel_dag, task_id=task_4, execution_date=20200304T000000, start_date=20210625T091843, end_date=20210625T091849
[2021-06-25 09:18:49,639] {local_task_job.py:196} WARNING - State of this instance has been externally set to success. Terminating instance.
[2021-06-25 09:18:49,713] {process_utils.py:100} INFO - Sending Signals.SIGTERM to GPID 7118
[2021-06-25 09:18:50,101] {taskinstance.py:1264} ERROR - Received SIGTERM. Terminating subprocesses.
[2021-06-25 09:18:50,101] {subprocess.py:89} INFO - Sending SIGTERM signal to process group
[2021-06-25 09:18:50,142] {process_utils.py:66} INFO - Process psutil.Process(pid=7118, status='terminated', exitcode=1, started='09:18:43') (7118) terminated with exit code 1
