[2021-06-25 13:48:39,372] {taskinstance.py:876} INFO - Dependencies all met for <TaskInstance: xcom_dag.task_4 2021-06-24T00:00:00+00:00 [queued]>
[2021-06-25 13:48:39,398] {taskinstance.py:876} INFO - Dependencies all met for <TaskInstance: xcom_dag.task_4 2021-06-24T00:00:00+00:00 [queued]>
[2021-06-25 13:48:39,399] {taskinstance.py:1067} INFO - 
--------------------------------------------------------------------------------
[2021-06-25 13:48:39,399] {taskinstance.py:1068} INFO - Starting attempt 2 of 2
[2021-06-25 13:48:39,400] {taskinstance.py:1069} INFO - 
--------------------------------------------------------------------------------
[2021-06-25 13:48:39,411] {taskinstance.py:1087} INFO - Executing <Task(PythonOperator): task_4> on 2021-06-24T00:00:00+00:00
[2021-06-25 13:48:39,414] {standard_task_runner.py:52} INFO - Started process 4505 to run task
[2021-06-25 13:48:39,419] {standard_task_runner.py:76} INFO - Running: ['airflow', 'tasks', 'run', 'xcom_dag', 'task_4', '2021-06-24T00:00:00+00:00', '--job-id', '426', '--pool', 'default_pool', '--raw', '--subdir', 'DAGS_FOLDER/xcom_dag.py', '--cfg-path', '/tmp/tmpb3z6qasv', '--error-file', '/tmp/tmpnyphrd4r']
[2021-06-25 13:48:39,420] {standard_task_runner.py:77} INFO - Job 426: Subtask task_4
[2021-06-25 13:48:39,501] {logging_mixin.py:104} INFO - Running <TaskInstance: xcom_dag.task_4 2021-06-24T00:00:00+00:00 [running]> on host airflowvm
[2021-06-25 13:48:39,613] {taskinstance.py:1280} INFO - Exporting the following env vars:
AIRFLOW_CTX_DAG_OWNER=airflow
AIRFLOW_CTX_DAG_ID=xcom_dag
AIRFLOW_CTX_TASK_ID=task_4
AIRFLOW_CTX_EXECUTION_DATE=2021-06-24T00:00:00+00:00
AIRFLOW_CTX_DAG_RUN_ID=scheduled__2021-06-24T00:00:00+00:00
[2021-06-25 13:48:39,614] {logging_mixin.py:104} INFO - choose best model
[2021-06-25 13:48:39,617] {python.py:151} INFO - Done. Returned value was: None
[2021-06-25 13:48:39,631] {taskinstance.py:1184} INFO - Marking task as SUCCESS. dag_id=xcom_dag, task_id=task_4, execution_date=20210624T000000, start_date=20210625T134839, end_date=20210625T134839
[2021-06-25 13:48:39,670] {taskinstance.py:1245} INFO - 0 downstream tasks scheduled from follow-on schedule check
[2021-06-25 13:48:39,677] {local_task_job.py:151} INFO - Task exited with return code 0
