[2021-06-24 16:27:56,892] {taskinstance.py:876} INFO - Dependencies all met for <TaskInstance: parallel_dag.task_1 2020-01-18T00:00:00+00:00 [queued]>
[2021-06-24 16:27:56,900] {taskinstance.py:876} INFO - Dependencies all met for <TaskInstance: parallel_dag.task_1 2020-01-18T00:00:00+00:00 [queued]>
[2021-06-24 16:27:56,900] {taskinstance.py:1067} INFO - 
--------------------------------------------------------------------------------
[2021-06-24 16:27:56,900] {taskinstance.py:1068} INFO - Starting attempt 1 of 1
[2021-06-24 16:27:56,900] {taskinstance.py:1069} INFO - 
--------------------------------------------------------------------------------
[2021-06-24 16:27:56,918] {taskinstance.py:1087} INFO - Executing <Task(BashOperator): task_1> on 2020-01-18T00:00:00+00:00
[2021-06-24 16:27:56,920] {standard_task_runner.py:52} INFO - Started process 2576 to run task
[2021-06-24 16:27:56,943] {standard_task_runner.py:76} INFO - Running: ['airflow', 'tasks', 'run', 'parallel_dag', 'task_1', '2020-01-18T00:00:00+00:00', '--job-id', '106', '--pool', 'default_pool', '--raw', '--subdir', 'DAGS_FOLDER/parallel_dag.py', '--cfg-path', '/tmp/tmpdszxzs5e', '--error-file', '/tmp/tmp3qx5ybvs']
[2021-06-24 16:27:56,952] {standard_task_runner.py:77} INFO - Job 106: Subtask task_1
[2021-06-24 16:27:57,068] {logging_mixin.py:104} INFO - Running <TaskInstance: parallel_dag.task_1 2020-01-18T00:00:00+00:00 [running]> on host airflowvm
[2021-06-24 16:27:57,157] {taskinstance.py:1280} INFO - Exporting the following env vars:
AIRFLOW_CTX_DAG_OWNER=airflow
AIRFLOW_CTX_DAG_ID=parallel_dag
AIRFLOW_CTX_TASK_ID=task_1
AIRFLOW_CTX_EXECUTION_DATE=2020-01-18T00:00:00+00:00
AIRFLOW_CTX_DAG_RUN_ID=scheduled__2020-01-18T00:00:00+00:00
[2021-06-24 16:27:57,158] {subprocess.py:52} INFO - Tmp dir root location: 
 /tmp
[2021-06-24 16:27:57,159] {subprocess.py:63} INFO - Running command: ['bash', '-c', 'sleep 3']
[2021-06-24 16:27:57,166] {subprocess.py:75} INFO - Output:
[2021-06-24 16:28:00,176] {subprocess.py:83} INFO - Command exited with return code 0
[2021-06-24 16:28:00,207] {taskinstance.py:1184} INFO - Marking task as SUCCESS. dag_id=parallel_dag, task_id=task_1, execution_date=20200118T000000, start_date=20210624T162756, end_date=20210624T162800
[2021-06-24 16:28:00,245] {taskinstance.py:1245} INFO - 2 downstream tasks scheduled from follow-on schedule check
[2021-06-24 16:28:00,265] {local_task_job.py:151} INFO - Task exited with return code 0
[2021-06-24 17:05:19,557] {taskinstance.py:876} INFO - Dependencies all met for <TaskInstance: parallel_dag.task_1 2020-01-18T00:00:00+00:00 [queued]>
[2021-06-24 17:05:19,681] {taskinstance.py:876} INFO - Dependencies all met for <TaskInstance: parallel_dag.task_1 2020-01-18T00:00:00+00:00 [queued]>
[2021-06-24 17:05:19,682] {taskinstance.py:1067} INFO - 
--------------------------------------------------------------------------------
[2021-06-24 17:05:19,682] {taskinstance.py:1068} INFO - Starting attempt 1 of 1
[2021-06-24 17:05:19,682] {taskinstance.py:1069} INFO - 
--------------------------------------------------------------------------------
[2021-06-24 17:05:19,712] {taskinstance.py:1087} INFO - Executing <Task(BashOperator): task_1> on 2020-01-18T00:00:00+00:00
[2021-06-24 17:05:19,716] {standard_task_runner.py:52} INFO - Started process 10882 to run task
[2021-06-24 17:05:19,763] {standard_task_runner.py:76} INFO - Running: ['airflow', 'tasks', 'run', 'parallel_dag', 'task_1', '2020-01-18T00:00:00+00:00', '--job-id', '67', '--pool', 'default_pool', '--raw', '--subdir', 'DAGS_FOLDER/parallel_dag.py', '--cfg-path', '/tmp/tmp9fj174d6', '--error-file', '/tmp/tmpbcckoc6o']
[2021-06-24 17:05:19,769] {standard_task_runner.py:77} INFO - Job 67: Subtask task_1
[2021-06-24 17:05:20,218] {logging_mixin.py:104} INFO - Running <TaskInstance: parallel_dag.task_1 2020-01-18T00:00:00+00:00 [running]> on host airflowvm
[2021-06-24 17:05:20,686] {taskinstance.py:1280} INFO - Exporting the following env vars:
AIRFLOW_CTX_DAG_OWNER=airflow
AIRFLOW_CTX_DAG_ID=parallel_dag
AIRFLOW_CTX_TASK_ID=task_1
AIRFLOW_CTX_EXECUTION_DATE=2020-01-18T00:00:00+00:00
AIRFLOW_CTX_DAG_RUN_ID=scheduled__2020-01-18T00:00:00+00:00
[2021-06-24 17:05:20,688] {subprocess.py:52} INFO - Tmp dir root location: 
 /tmp
[2021-06-24 17:05:20,689] {subprocess.py:63} INFO - Running command: ['bash', '-c', 'sleep 3']
[2021-06-24 17:05:20,737] {subprocess.py:75} INFO - Output:
[2021-06-24 17:05:23,743] {subprocess.py:83} INFO - Command exited with return code 0
[2021-06-24 17:05:23,946] {taskinstance.py:1184} INFO - Marking task as SUCCESS. dag_id=parallel_dag, task_id=task_1, execution_date=20200118T000000, start_date=20210624T170519, end_date=20210624T170523
[2021-06-24 17:05:24,224] {taskinstance.py:1245} INFO - 0 downstream tasks scheduled from follow-on schedule check
[2021-06-24 17:05:24,267] {local_task_job.py:151} INFO - Task exited with return code 0
