[2021-06-24 16:26:48,039] {taskinstance.py:876} INFO - Dependencies all met for <TaskInstance: parallel_dag.task_2 2020-01-14T00:00:00+00:00 [queued]>
[2021-06-24 16:26:48,051] {taskinstance.py:876} INFO - Dependencies all met for <TaskInstance: parallel_dag.task_2 2020-01-14T00:00:00+00:00 [queued]>
[2021-06-24 16:26:48,051] {taskinstance.py:1067} INFO - 
--------------------------------------------------------------------------------
[2021-06-24 16:26:48,051] {taskinstance.py:1068} INFO - Starting attempt 1 of 1
[2021-06-24 16:26:48,051] {taskinstance.py:1069} INFO - 
--------------------------------------------------------------------------------
[2021-06-24 16:26:48,082] {taskinstance.py:1087} INFO - Executing <Task(BashOperator): task_2> on 2020-01-14T00:00:00+00:00
[2021-06-24 16:26:48,084] {standard_task_runner.py:52} INFO - Started process 2486 to run task
[2021-06-24 16:26:48,093] {standard_task_runner.py:76} INFO - Running: ['airflow', 'tasks', 'run', 'parallel_dag', 'task_2', '2020-01-14T00:00:00+00:00', '--job-id', '95', '--pool', 'default_pool', '--raw', '--subdir', 'DAGS_FOLDER/parallel_dag.py', '--cfg-path', '/tmp/tmpnge27jvd', '--error-file', '/tmp/tmpes8_dms7']
[2021-06-24 16:26:48,094] {standard_task_runner.py:77} INFO - Job 95: Subtask task_2
[2021-06-24 16:26:48,199] {logging_mixin.py:104} INFO - Running <TaskInstance: parallel_dag.task_2 2020-01-14T00:00:00+00:00 [running]> on host airflowvm
[2021-06-24 16:26:48,366] {taskinstance.py:1280} INFO - Exporting the following env vars:
AIRFLOW_CTX_DAG_OWNER=airflow
AIRFLOW_CTX_DAG_ID=parallel_dag
AIRFLOW_CTX_TASK_ID=task_2
AIRFLOW_CTX_EXECUTION_DATE=2020-01-14T00:00:00+00:00
AIRFLOW_CTX_DAG_RUN_ID=scheduled__2020-01-14T00:00:00+00:00
[2021-06-24 16:26:48,371] {subprocess.py:52} INFO - Tmp dir root location: 
 /tmp
[2021-06-24 16:26:48,372] {subprocess.py:63} INFO - Running command: ['bash', '-c', 'sleep 3']
[2021-06-24 16:26:48,386] {subprocess.py:75} INFO - Output:
[2021-06-24 16:26:51,397] {subprocess.py:83} INFO - Command exited with return code 0
[2021-06-24 16:26:51,423] {taskinstance.py:1184} INFO - Marking task as SUCCESS. dag_id=parallel_dag, task_id=task_2, execution_date=20200114T000000, start_date=20210624T162648, end_date=20210624T162651
[2021-06-24 16:26:51,462] {taskinstance.py:1245} INFO - 0 downstream tasks scheduled from follow-on schedule check
[2021-06-24 16:26:51,488] {local_task_job.py:151} INFO - Task exited with return code 0
[2021-06-24 17:04:39,415] {taskinstance.py:876} INFO - Dependencies all met for <TaskInstance: parallel_dag.task_2 2020-01-14T00:00:00+00:00 [queued]>
[2021-06-24 17:04:39,961] {taskinstance.py:876} INFO - Dependencies all met for <TaskInstance: parallel_dag.task_2 2020-01-14T00:00:00+00:00 [queued]>
[2021-06-24 17:04:39,963] {taskinstance.py:1067} INFO - 
--------------------------------------------------------------------------------
[2021-06-24 17:04:39,964] {taskinstance.py:1068} INFO - Starting attempt 1 of 1
[2021-06-24 17:04:39,983] {taskinstance.py:1069} INFO - 
--------------------------------------------------------------------------------
[2021-06-24 17:04:40,242] {taskinstance.py:1087} INFO - Executing <Task(BashOperator): task_2> on 2020-01-14T00:00:00+00:00
[2021-06-24 17:04:40,392] {standard_task_runner.py:52} INFO - Started process 10022 to run task
[2021-06-24 17:04:40,576] {standard_task_runner.py:76} INFO - Running: ['airflow', 'tasks', 'run', 'parallel_dag', 'task_2', '2020-01-14T00:00:00+00:00', '--job-id', '45', '--pool', 'default_pool', '--raw', '--subdir', 'DAGS_FOLDER/parallel_dag.py', '--cfg-path', '/tmp/tmpj7dlbqwa', '--error-file', '/tmp/tmpnv6vp2t7']
[2021-06-24 17:04:40,604] {standard_task_runner.py:77} INFO - Job 45: Subtask task_2
[2021-06-24 17:04:42,297] {logging_mixin.py:104} INFO - Running <TaskInstance: parallel_dag.task_2 2020-01-14T00:00:00+00:00 [running]> on host airflowvm
[2021-06-24 17:04:44,020] {taskinstance.py:1280} INFO - Exporting the following env vars:
AIRFLOW_CTX_DAG_OWNER=airflow
AIRFLOW_CTX_DAG_ID=parallel_dag
AIRFLOW_CTX_TASK_ID=task_2
AIRFLOW_CTX_EXECUTION_DATE=2020-01-14T00:00:00+00:00
AIRFLOW_CTX_DAG_RUN_ID=scheduled__2020-01-14T00:00:00+00:00
[2021-06-24 17:04:44,050] {subprocess.py:52} INFO - Tmp dir root location: 
 /tmp
[2021-06-24 17:04:44,085] {subprocess.py:63} INFO - Running command: ['bash', '-c', 'sleep 3']
[2021-06-24 17:04:44,238] {subprocess.py:75} INFO - Output:
[2021-06-24 17:04:47,291] {subprocess.py:83} INFO - Command exited with return code 0
[2021-06-24 17:04:48,304] {taskinstance.py:1184} INFO - Marking task as SUCCESS. dag_id=parallel_dag, task_id=task_2, execution_date=20200114T000000, start_date=20210624T170439, end_date=20210624T170448
[2021-06-24 17:04:52,988] {local_task_job.py:196} WARNING - State of this instance has been externally set to success. Terminating instance.
[2021-06-24 17:04:53,389] {taskinstance.py:1245} INFO - 1 downstream tasks scheduled from follow-on schedule check
[2021-06-24 17:04:53,706] {process_utils.py:100} INFO - Sending Signals.SIGTERM to GPID 10022
[2021-06-24 17:04:53,966] {process_utils.py:66} INFO - Process psutil.Process(pid=10022, status='terminated', exitcode=0, started='17:04:39') (10022) terminated with exit code 0
