[2021-06-25 09:17:56,184] {taskinstance.py:876} INFO - Dependencies all met for <TaskInstance: parallel_dag.task_4 2020-02-18T00:00:00+00:00 [queued]>
[2021-06-25 09:17:56,416] {taskinstance.py:876} INFO - Dependencies all met for <TaskInstance: parallel_dag.task_4 2020-02-18T00:00:00+00:00 [queued]>
[2021-06-25 09:17:56,416] {taskinstance.py:1067} INFO - 
--------------------------------------------------------------------------------
[2021-06-25 09:17:56,417] {taskinstance.py:1068} INFO - Starting attempt 1 of 1
[2021-06-25 09:17:56,417] {taskinstance.py:1069} INFO - 
--------------------------------------------------------------------------------
[2021-06-25 09:17:56,584] {taskinstance.py:1087} INFO - Executing <Task(BashOperator): task_4> on 2020-02-18T00:00:00+00:00
[2021-06-25 09:17:56,646] {standard_task_runner.py:52} INFO - Started process 5862 to run task
[2021-06-25 09:17:56,767] {standard_task_runner.py:76} INFO - Running: ['airflow', 'tasks', 'run', 'parallel_dag', 'task_4', '2020-02-18T00:00:00+00:00', '--job-id', '237', '--pool', 'default_pool', '--raw', '--subdir', 'DAGS_FOLDER/parallel_dag.py', '--cfg-path', '/tmp/tmpvew88tpx', '--error-file', '/tmp/tmpvru9tq0v']
[2021-06-25 09:17:56,798] {standard_task_runner.py:77} INFO - Job 237: Subtask task_4
[2021-06-25 09:17:58,042] {logging_mixin.py:104} INFO - Running <TaskInstance: parallel_dag.task_4 2020-02-18T00:00:00+00:00 [running]> on host airflowvm
[2021-06-25 09:17:59,959] {taskinstance.py:1280} INFO - Exporting the following env vars:
AIRFLOW_CTX_DAG_OWNER=airflow
AIRFLOW_CTX_DAG_ID=parallel_dag
AIRFLOW_CTX_TASK_ID=task_4
AIRFLOW_CTX_EXECUTION_DATE=2020-02-18T00:00:00+00:00
AIRFLOW_CTX_DAG_RUN_ID=scheduled__2020-02-18T00:00:00+00:00
[2021-06-25 09:18:00,018] {subprocess.py:52} INFO - Tmp dir root location: 
 /tmp
[2021-06-25 09:18:00,075] {subprocess.py:63} INFO - Running command: ['bash', '-c', 'sleep 3']
[2021-06-25 09:18:00,305] {subprocess.py:75} INFO - Output:
[2021-06-25 09:18:03,370] {subprocess.py:83} INFO - Command exited with return code 0
[2021-06-25 09:18:03,988] {taskinstance.py:1184} INFO - Marking task as SUCCESS. dag_id=parallel_dag, task_id=task_4, execution_date=20200218T000000, start_date=20210625T091756, end_date=20210625T091803
[2021-06-25 09:18:04,623] {taskinstance.py:1245} INFO - 0 downstream tasks scheduled from follow-on schedule check
[2021-06-25 09:18:04,702] {local_task_job.py:151} INFO - Task exited with return code 0
