[2021-06-25 11:23:09,314] {taskinstance.py:876} INFO - Dependencies all met for <TaskInstance: parallel_dag.processing_tasks 2021-06-24T00:00:00+00:00 [queued]>
[2021-06-25 11:23:09,346] {taskinstance.py:876} INFO - Dependencies all met for <TaskInstance: parallel_dag.processing_tasks 2021-06-24T00:00:00+00:00 [queued]>
[2021-06-25 11:23:09,347] {taskinstance.py:1067} INFO - 
--------------------------------------------------------------------------------
[2021-06-25 11:23:09,347] {taskinstance.py:1068} INFO - Starting attempt 1 of 1
[2021-06-25 11:23:09,348] {taskinstance.py:1069} INFO - 
--------------------------------------------------------------------------------
[2021-06-25 11:23:09,361] {taskinstance.py:1087} INFO - Executing <Task(SubDagOperator): processing_tasks> on 2021-06-24T00:00:00+00:00
[2021-06-25 11:23:09,375] {standard_task_runner.py:52} INFO - Started process 24953 to run task
[2021-06-25 11:23:09,385] {standard_task_runner.py:76} INFO - Running: ['airflow', 'tasks', 'run', 'parallel_dag', 'processing_tasks', '2021-06-24T00:00:00+00:00', '--job-id', '408', '--pool', 'default_pool', '--raw', '--subdir', 'DAGS_FOLDER/parallel_dag.py', '--cfg-path', '/tmp/tmp2v8fu5v8', '--error-file', '/tmp/tmpvm49xqit']
[2021-06-25 11:23:09,387] {standard_task_runner.py:77} INFO - Job 408: Subtask processing_tasks
[2021-06-25 11:23:09,502] {logging_mixin.py:104} INFO - Running <TaskInstance: parallel_dag.processing_tasks 2021-06-24T00:00:00+00:00 [running]> on host airflowvm
[2021-06-25 11:23:09,654] {taskinstance.py:1280} INFO - Exporting the following env vars:
AIRFLOW_CTX_DAG_OWNER=airflow
AIRFLOW_CTX_DAG_ID=parallel_dag
AIRFLOW_CTX_TASK_ID=processing_tasks
AIRFLOW_CTX_EXECUTION_DATE=2021-06-24T00:00:00+00:00
AIRFLOW_CTX_DAG_RUN_ID=scheduled__2021-06-24T00:00:00+00:00
[2021-06-25 11:23:09,696] {subdag.py:155} INFO - Created DagRun: scheduled__2021-06-24T00:00:00+00:00
[2021-06-25 11:24:09,789] {base.py:243} INFO - Success criteria met. Exiting.
[2021-06-25 11:24:09,803] {subdag.py:169} INFO - Execution finished. State is success
[2021-06-25 11:24:09,818] {taskinstance.py:1184} INFO - Marking task as SUCCESS. dag_id=parallel_dag, task_id=processing_tasks, execution_date=20210624T000000, start_date=20210625T112309, end_date=20210625T112409
[2021-06-25 11:24:09,864] {taskinstance.py:1245} INFO - 0 downstream tasks scheduled from follow-on schedule check
[2021-06-25 11:24:09,875] {local_task_job.py:151} INFO - Task exited with return code 0
