[2021-06-24 16:22:48,986] {taskinstance.py:876} INFO - Dependencies all met for <TaskInstance: parallel_dag.task_3 2020-01-07T00:00:00+00:00 [queued]>
[2021-06-24 16:22:48,997] {taskinstance.py:876} INFO - Dependencies all met for <TaskInstance: parallel_dag.task_3 2020-01-07T00:00:00+00:00 [queued]>
[2021-06-24 16:22:48,997] {taskinstance.py:1067} INFO - 
--------------------------------------------------------------------------------
[2021-06-24 16:22:48,997] {taskinstance.py:1068} INFO - Starting attempt 1 of 1
[2021-06-24 16:22:48,997] {taskinstance.py:1069} INFO - 
--------------------------------------------------------------------------------
[2021-06-24 16:22:49,011] {taskinstance.py:1087} INFO - Executing <Task(BashOperator): task_3> on 2020-01-07T00:00:00+00:00
[2021-06-24 16:22:49,015] {standard_task_runner.py:52} INFO - Started process 2130 to run task
[2021-06-24 16:22:49,031] {standard_task_runner.py:76} INFO - Running: ['airflow', 'tasks', 'run', 'parallel_dag', 'task_3', '2020-01-07T00:00:00+00:00', '--job-id', '68', '--pool', 'default_pool', '--raw', '--subdir', 'DAGS_FOLDER/parallel_dag.py', '--cfg-path', '/tmp/tmpo3zgw_kf', '--error-file', '/tmp/tmp6b_54dbg']
[2021-06-24 16:22:49,033] {standard_task_runner.py:77} INFO - Job 68: Subtask task_3
[2021-06-24 16:22:49,115] {logging_mixin.py:104} INFO - Running <TaskInstance: parallel_dag.task_3 2020-01-07T00:00:00+00:00 [running]> on host airflowvm
[2021-06-24 16:22:49,204] {taskinstance.py:1280} INFO - Exporting the following env vars:
AIRFLOW_CTX_DAG_OWNER=airflow
AIRFLOW_CTX_DAG_ID=parallel_dag
AIRFLOW_CTX_TASK_ID=task_3
AIRFLOW_CTX_EXECUTION_DATE=2020-01-07T00:00:00+00:00
AIRFLOW_CTX_DAG_RUN_ID=scheduled__2020-01-07T00:00:00+00:00
[2021-06-24 16:22:49,205] {subprocess.py:52} INFO - Tmp dir root location: 
 /tmp
[2021-06-24 16:22:49,206] {subprocess.py:63} INFO - Running command: ['bash', '-c', 'sleep 3']
[2021-06-24 16:22:49,212] {subprocess.py:75} INFO - Output:
[2021-06-24 16:22:52,215] {subprocess.py:83} INFO - Command exited with return code 0
[2021-06-24 16:22:52,241] {taskinstance.py:1184} INFO - Marking task as SUCCESS. dag_id=parallel_dag, task_id=task_3, execution_date=20200107T000000, start_date=20210624T162248, end_date=20210624T162252
[2021-06-24 16:22:52,288] {taskinstance.py:1245} INFO - 1 downstream tasks scheduled from follow-on schedule check
[2021-06-24 16:22:52,302] {local_task_job.py:151} INFO - Task exited with return code 0
[2021-06-24 17:04:05,778] {taskinstance.py:876} INFO - Dependencies all met for <TaskInstance: parallel_dag.task_3 2020-01-07T00:00:00+00:00 [queued]>
[2021-06-24 17:04:05,948] {taskinstance.py:876} INFO - Dependencies all met for <TaskInstance: parallel_dag.task_3 2020-01-07T00:00:00+00:00 [queued]>
[2021-06-24 17:04:05,948] {taskinstance.py:1067} INFO - 
--------------------------------------------------------------------------------
[2021-06-24 17:04:05,948] {taskinstance.py:1068} INFO - Starting attempt 1 of 1
[2021-06-24 17:04:05,953] {taskinstance.py:1069} INFO - 
--------------------------------------------------------------------------------
[2021-06-24 17:04:06,092] {taskinstance.py:1087} INFO - Executing <Task(BashOperator): task_3> on 2020-01-07T00:00:00+00:00
[2021-06-24 17:04:06,187] {standard_task_runner.py:52} INFO - Started process 9317 to run task
[2021-06-24 17:04:06,305] {standard_task_runner.py:76} INFO - Running: ['airflow', 'tasks', 'run', 'parallel_dag', 'task_3', '2020-01-07T00:00:00+00:00', '--job-id', '28', '--pool', 'default_pool', '--raw', '--subdir', 'DAGS_FOLDER/parallel_dag.py', '--cfg-path', '/tmp/tmpunial8uc', '--error-file', '/tmp/tmp6w99wbp3']
[2021-06-24 17:04:06,349] {standard_task_runner.py:77} INFO - Job 28: Subtask task_3
[2021-06-24 17:04:08,170] {logging_mixin.py:104} INFO - Running <TaskInstance: parallel_dag.task_3 2020-01-07T00:00:00+00:00 [running]> on host airflowvm
[2021-06-24 17:04:09,681] {taskinstance.py:1280} INFO - Exporting the following env vars:
AIRFLOW_CTX_DAG_OWNER=airflow
AIRFLOW_CTX_DAG_ID=parallel_dag
AIRFLOW_CTX_TASK_ID=task_3
AIRFLOW_CTX_EXECUTION_DATE=2020-01-07T00:00:00+00:00
AIRFLOW_CTX_DAG_RUN_ID=scheduled__2020-01-07T00:00:00+00:00
[2021-06-24 17:04:09,695] {subprocess.py:52} INFO - Tmp dir root location: 
 /tmp
[2021-06-24 17:04:09,709] {subprocess.py:63} INFO - Running command: ['bash', '-c', 'sleep 3']
[2021-06-24 17:04:09,945] {subprocess.py:75} INFO - Output:
[2021-06-24 17:04:13,006] {subprocess.py:83} INFO - Command exited with return code 0
[2021-06-24 17:04:14,180] {taskinstance.py:1184} INFO - Marking task as SUCCESS. dag_id=parallel_dag, task_id=task_3, execution_date=20200107T000000, start_date=20210624T170405, end_date=20210624T170414
[2021-06-24 17:04:15,630] {taskinstance.py:1245} INFO - 0 downstream tasks scheduled from follow-on schedule check
[2021-06-24 17:04:15,892] {local_task_job.py:151} INFO - Task exited with return code 0
