[2021-06-24 17:05:51,594] {taskinstance.py:876} INFO - Dependencies all met for <TaskInstance: parallel_dag.task_3 2020-01-25T00:00:00+00:00 [queued]>
[2021-06-24 17:05:51,919] {taskinstance.py:876} INFO - Dependencies all met for <TaskInstance: parallel_dag.task_3 2020-01-25T00:00:00+00:00 [queued]>
[2021-06-24 17:05:51,919] {taskinstance.py:1067} INFO - 
--------------------------------------------------------------------------------
[2021-06-24 17:05:51,919] {taskinstance.py:1068} INFO - Starting attempt 1 of 1
[2021-06-24 17:05:51,919] {taskinstance.py:1069} INFO - 
--------------------------------------------------------------------------------
[2021-06-24 17:05:52,134] {taskinstance.py:1087} INFO - Executing <Task(BashOperator): task_3> on 2020-01-25T00:00:00+00:00
[2021-06-24 17:05:52,235] {standard_task_runner.py:52} INFO - Started process 11806 to run task
[2021-06-24 17:05:52,365] {standard_task_runner.py:76} INFO - Running: ['airflow', 'tasks', 'run', 'parallel_dag', 'task_3', '2020-01-25T00:00:00+00:00', '--job-id', '98', '--pool', 'default_pool', '--raw', '--subdir', 'DAGS_FOLDER/parallel_dag.py', '--cfg-path', '/tmp/tmp9b54x_mc', '--error-file', '/tmp/tmprx1ce2z5']
[2021-06-24 17:05:52,383] {standard_task_runner.py:77} INFO - Job 98: Subtask task_3
[2021-06-24 17:05:53,750] {logging_mixin.py:104} INFO - Running <TaskInstance: parallel_dag.task_3 2020-01-25T00:00:00+00:00 [running]> on host airflowvm
[2021-06-24 17:05:55,181] {taskinstance.py:1280} INFO - Exporting the following env vars:
AIRFLOW_CTX_DAG_OWNER=airflow
AIRFLOW_CTX_DAG_ID=parallel_dag
AIRFLOW_CTX_TASK_ID=task_3
AIRFLOW_CTX_EXECUTION_DATE=2020-01-25T00:00:00+00:00
AIRFLOW_CTX_DAG_RUN_ID=scheduled__2020-01-25T00:00:00+00:00
[2021-06-24 17:05:55,182] {subprocess.py:52} INFO - Tmp dir root location: 
 /tmp
[2021-06-24 17:05:55,183] {subprocess.py:63} INFO - Running command: ['bash', '-c', 'sleep 3']
[2021-06-24 17:05:55,258] {subprocess.py:75} INFO - Output:
[2021-06-24 17:05:58,292] {subprocess.py:83} INFO - Command exited with return code 0
[2021-06-24 17:05:58,911] {taskinstance.py:1184} INFO - Marking task as SUCCESS. dag_id=parallel_dag, task_id=task_3, execution_date=20200125T000000, start_date=20210624T170551, end_date=20210624T170558
[2021-06-24 17:06:00,517] {taskinstance.py:1245} INFO - 1 downstream tasks scheduled from follow-on schedule check
[2021-06-24 17:06:00,632] {local_task_job.py:151} INFO - Task exited with return code 0
