[2021-07-01 08:49:19,881] {taskinstance.py:876} INFO - Dependencies all met for <TaskInstance: user_processing_v2.store_data 2021-06-30T14:29:12.044488+00:00 [queued]>
[2021-07-01 08:49:19,949] {taskinstance.py:876} INFO - Dependencies all met for <TaskInstance: user_processing_v2.store_data 2021-06-30T14:29:12.044488+00:00 [queued]>
[2021-07-01 08:49:19,949] {taskinstance.py:1067} INFO - 
--------------------------------------------------------------------------------
[2021-07-01 08:49:19,949] {taskinstance.py:1068} INFO - Starting attempt 11 of 11
[2021-07-01 08:49:19,950] {taskinstance.py:1069} INFO - 
--------------------------------------------------------------------------------
[2021-07-01 08:49:19,973] {taskinstance.py:1087} INFO - Executing <Task(PythonOperator): store_data> on 2021-06-30T14:29:12.044488+00:00
[2021-07-01 08:49:19,983] {standard_task_runner.py:52} INFO - Started process 31483 to run task
[2021-07-01 08:49:20,012] {standard_task_runner.py:76} INFO - Running: ['airflow', 'tasks', 'run', 'user_processing_v2', 'store_data', '2021-06-30T14:29:12.044488+00:00', '--job-id', '933', '--pool', 'default_pool', '--raw', '--subdir', 'DAGS_FOLDER/user_processing_v2.py', '--cfg-path', '/tmp/tmp3ht_57q6', '--error-file', '/tmp/tmp_i0giasx']
[2021-07-01 08:49:20,017] {standard_task_runner.py:77} INFO - Job 933: Subtask store_data
[2021-07-01 08:49:20,280] {logging_mixin.py:104} INFO - Running <TaskInstance: user_processing_v2.store_data 2021-06-30T14:29:12.044488+00:00 [running]> on host airflowvm
[2021-07-01 08:49:20,504] {taskinstance.py:1280} INFO - Exporting the following env vars:
AIRFLOW_CTX_DAG_OWNER=airflow
AIRFLOW_CTX_DAG_ID=user_processing_v2
AIRFLOW_CTX_TASK_ID=store_data
AIRFLOW_CTX_EXECUTION_DATE=2021-06-30T14:29:12.044488+00:00
AIRFLOW_CTX_DAG_RUN_ID=manual__2021-06-30T14:29:12.044488+00:00
[2021-07-01 08:49:20,532] {logging_mixin.py:104} INFO - Processing user [{'first_name': 'Louka', 'last_name': 'Rolland', 'country': 'France', 'username': 'lazyleopard815', 'password': 'young', 'email': 'louka.rolland@example.com'}]
[2021-07-01 08:49:20,559] {base.py:69} INFO - Using connection to: id: ***_default. Host: localhost, Port: 5432, Schema: , Login: ***, Password: ***, extra: {'cursor': 'realdictcursor'}
[2021-07-01 08:49:20,581] {taskinstance.py:1481} ERROR - Task failed with exception
Traceback (most recent call last):
  File "/home/airflow/sandbox/lib/python3.8/site-packages/airflow/models/taskinstance.py", line 1137, in _run_raw_task
    self._prepare_and_execute_task_with_callbacks(context, task)
  File "/home/airflow/sandbox/lib/python3.8/site-packages/airflow/models/taskinstance.py", line 1311, in _prepare_and_execute_task_with_callbacks
    result = self._execute_task(context, task_copy)
  File "/home/airflow/sandbox/lib/python3.8/site-packages/airflow/models/taskinstance.py", line 1341, in _execute_task
    result = task_copy.execute(context=context)
  File "/home/airflow/sandbox/lib/python3.8/site-packages/airflow/operators/python.py", line 150, in execute
    return_value = self.execute_callable()
  File "/home/airflow/sandbox/lib/python3.8/site-packages/airflow/operators/python.py", line 161, in execute_callable
    return self.python_callable(*self.op_args, **self.op_kwargs)
  File "/home/airflow/airflow/dags/user_processing_v2.py", line 50, in _storing
    cur.execute(copy_sql, (processing_user['first_name'], processing_user['last_name'],
TypeError: list indices must be integers or slices, not str
[2021-07-01 08:49:20,584] {taskinstance.py:1524} INFO - Marking task as FAILED. dag_id=user_processing_v2, task_id=store_data, execution_date=20210630T142912, start_date=20210701T084919, end_date=20210701T084920
[2021-07-01 08:49:20,671] {local_task_job.py:151} INFO - Task exited with return code 1
