[2021-06-29 17:09:36,308] {taskinstance.py:876} INFO - Dependencies all met for <TaskInstance: open_aq.store_data 2021-06-29T17:09:19.209771+00:00 [queued]>
[2021-06-29 17:09:36,352] {taskinstance.py:876} INFO - Dependencies all met for <TaskInstance: open_aq.store_data 2021-06-29T17:09:19.209771+00:00 [queued]>
[2021-06-29 17:09:36,352] {taskinstance.py:1067} INFO - 
--------------------------------------------------------------------------------
[2021-06-29 17:09:36,352] {taskinstance.py:1068} INFO - Starting attempt 1 of 1
[2021-06-29 17:09:36,353] {taskinstance.py:1069} INFO - 
--------------------------------------------------------------------------------
[2021-06-29 17:09:36,369] {taskinstance.py:1087} INFO - Executing <Task(BashOperator): store_data> on 2021-06-29T17:09:19.209771+00:00
[2021-06-29 17:09:36,388] {standard_task_runner.py:52} INFO - Started process 40212 to run task
[2021-06-29 17:09:36,402] {standard_task_runner.py:76} INFO - Running: ['airflow', 'tasks', 'run', 'open_aq', 'store_data', '2021-06-29T17:09:19.209771+00:00', '--job-id', '705', '--pool', 'default_pool', '--raw', '--subdir', 'DAGS_FOLDER/open_aq.py', '--cfg-path', '/tmp/tmpx2053f5m', '--error-file', '/tmp/tmppxqd403t']
[2021-06-29 17:09:36,403] {standard_task_runner.py:77} INFO - Job 705: Subtask store_data
[2021-06-29 17:09:36,627] {logging_mixin.py:104} INFO - Running <TaskInstance: open_aq.store_data 2021-06-29T17:09:19.209771+00:00 [running]> on host airflowvm
[2021-06-29 17:09:36,833] {taskinstance.py:1280} INFO - Exporting the following env vars:
AIRFLOW_CTX_DAG_OWNER=airflow
AIRFLOW_CTX_DAG_ID=open_aq
AIRFLOW_CTX_TASK_ID=store_data
AIRFLOW_CTX_EXECUTION_DATE=2021-06-29T17:09:19.209771+00:00
AIRFLOW_CTX_DAG_RUN_ID=manual__2021-06-29T17:09:19.209771+00:00
[2021-06-29 17:09:36,835] {subprocess.py:52} INFO - Tmp dir root location: 
 /tmp
[2021-06-29 17:09:36,835] {subprocess.py:63} INFO - Running command: ['bash', '-c', 'echo -e ".separator ";"\n.import /tmp/processed_data.csv open_aq" | sqlite3 /home/airflow/airflow/airflow.db']
[2021-06-29 17:09:36,865] {subprocess.py:75} INFO - Output:
[2021-06-29 17:09:36,867] {subprocess.py:79} INFO - .separator
[2021-06-29 17:09:36,868] {subprocess.py:79} INFO - bash: line 1:
[2021-06-29 17:09:36,868] {subprocess.py:79} INFO - .import /tmp/processed_data.csv open_aq: No such file or directory
[2021-06-29 17:09:36,888] {subprocess.py:83} INFO - Command exited with return code 0
[2021-06-29 17:09:36,971] {taskinstance.py:1184} INFO - Marking task as SUCCESS. dag_id=open_aq, task_id=store_data, execution_date=20210629T170919, start_date=20210629T170936, end_date=20210629T170936
[2021-06-29 17:09:37,031] {taskinstance.py:1245} INFO - 0 downstream tasks scheduled from follow-on schedule check
[2021-06-29 17:09:37,071] {local_task_job.py:151} INFO - Task exited with return code 0
