[2021-06-30 08:47:33,743] {taskinstance.py:876} INFO - Dependencies all met for <TaskInstance: open_aq.store_data 2021-06-29T17:09:19.209771+00:00 [queued]>
[2021-06-30 08:47:33,790] {taskinstance.py:876} INFO - Dependencies all met for <TaskInstance: open_aq.store_data 2021-06-29T17:09:19.209771+00:00 [queued]>
[2021-06-30 08:47:33,791] {taskinstance.py:1067} INFO - 
--------------------------------------------------------------------------------
[2021-06-30 08:47:33,793] {taskinstance.py:1068} INFO - Starting attempt 10 of 10
[2021-06-30 08:47:33,795] {taskinstance.py:1069} INFO - 
--------------------------------------------------------------------------------
[2021-06-30 08:47:33,835] {taskinstance.py:1087} INFO - Executing <Task(PythonOperator): store_data> on 2021-06-29T17:09:19.209771+00:00
[2021-06-30 08:47:33,847] {standard_task_runner.py:52} INFO - Started process 6641 to run task
[2021-06-30 08:47:33,861] {standard_task_runner.py:76} INFO - Running: ['airflow', 'tasks', 'run', 'open_aq', 'store_data', '2021-06-29T17:09:19.209771+00:00', '--job-id', '761', '--pool', 'default_pool', '--raw', '--subdir', 'DAGS_FOLDER/open_aq.py', '--cfg-path', '/tmp/tmpc6etxmgd', '--error-file', '/tmp/tmpznhaew5x']
[2021-06-30 08:47:33,870] {standard_task_runner.py:77} INFO - Job 761: Subtask store_data
[2021-06-30 08:47:34,026] {logging_mixin.py:104} INFO - Running <TaskInstance: open_aq.store_data 2021-06-29T17:09:19.209771+00:00 [running]> on host airflowvm
[2021-06-30 08:47:34,167] {taskinstance.py:1280} INFO - Exporting the following env vars:
AIRFLOW_CTX_DAG_OWNER=airflow
AIRFLOW_CTX_DAG_ID=open_aq
AIRFLOW_CTX_TASK_ID=store_data
AIRFLOW_CTX_EXECUTION_DATE=2021-06-29T17:09:19.209771+00:00
AIRFLOW_CTX_DAG_RUN_ID=manual__2021-06-29T17:09:19.209771+00:00
[2021-06-30 08:47:34,202] {base.py:69} INFO - Using connection to: id: ***_default. Host: localhost, Port: 5432, Schema: , Login: ***, Password: ***, extra: {'cursor': 'realdictcursor'}
[2021-06-30 08:47:34,216] {python.py:151} INFO - Done. Returned value was: None
[2021-06-30 08:47:34,252] {taskinstance.py:1184} INFO - Marking task as SUCCESS. dag_id=open_aq, task_id=store_data, execution_date=20210629T170919, start_date=20210630T084733, end_date=20210630T084734
[2021-06-30 08:47:34,322] {taskinstance.py:1245} INFO - 0 downstream tasks scheduled from follow-on schedule check
[2021-06-30 08:47:34,358] {local_task_job.py:151} INFO - Task exited with return code 0
