[2021-06-30 09:22:56,463] {taskinstance.py:876} INFO - Dependencies all met for <TaskInstance: open_aq.store_data 2021-06-29T17:09:19.209771+00:00 [queued]>
[2021-06-30 09:22:56,527] {taskinstance.py:876} INFO - Dependencies all met for <TaskInstance: open_aq.store_data 2021-06-29T17:09:19.209771+00:00 [queued]>
[2021-06-30 09:22:56,529] {taskinstance.py:1067} INFO - 
--------------------------------------------------------------------------------
[2021-06-30 09:22:56,530] {taskinstance.py:1068} INFO - Starting attempt 15 of 15
[2021-06-30 09:22:56,533] {taskinstance.py:1069} INFO - 
--------------------------------------------------------------------------------
[2021-06-30 09:22:56,570] {taskinstance.py:1087} INFO - Executing <Task(PythonOperator): store_data> on 2021-06-29T17:09:19.209771+00:00
[2021-06-30 09:22:56,587] {standard_task_runner.py:52} INFO - Started process 10416 to run task
[2021-06-30 09:22:56,614] {standard_task_runner.py:76} INFO - Running: ['airflow', 'tasks', 'run', 'open_aq', 'store_data', '2021-06-29T17:09:19.209771+00:00', '--job-id', '787', '--pool', 'default_pool', '--raw', '--subdir', 'DAGS_FOLDER/open_aq.py', '--cfg-path', '/tmp/tmp0sd5p4gz', '--error-file', '/tmp/tmp_gydcx5_']
[2021-06-30 09:22:56,617] {standard_task_runner.py:77} INFO - Job 787: Subtask store_data
[2021-06-30 09:22:56,787] {logging_mixin.py:104} INFO - Running <TaskInstance: open_aq.store_data 2021-06-29T17:09:19.209771+00:00 [running]> on host airflowvm
[2021-06-30 09:22:57,013] {taskinstance.py:1280} INFO - Exporting the following env vars:
AIRFLOW_CTX_DAG_OWNER=airflow
AIRFLOW_CTX_DAG_ID=open_aq
AIRFLOW_CTX_TASK_ID=store_data
AIRFLOW_CTX_EXECUTION_DATE=2021-06-29T17:09:19.209771+00:00
AIRFLOW_CTX_DAG_RUN_ID=manual__2021-06-29T17:09:19.209771+00:00
[2021-06-30 09:22:57,077] {base.py:69} INFO - Using connection to: id: ***_default. Host: localhost, Port: 5432, Schema: , Login: ***, Password: ***, extra: {'cursor': 'realdictcursor'}
[2021-06-30 09:22:57,108] {python.py:151} INFO - Done. Returned value was: None
[2021-06-30 09:22:57,190] {taskinstance.py:1184} INFO - Marking task as SUCCESS. dag_id=open_aq, task_id=store_data, execution_date=20210629T170919, start_date=20210630T092256, end_date=20210630T092257
[2021-06-30 09:22:57,279] {taskinstance.py:1245} INFO - 0 downstream tasks scheduled from follow-on schedule check
[2021-06-30 09:22:57,318] {local_task_job.py:151} INFO - Task exited with return code 0
