[2021-06-30 08:26:35,150] {taskinstance.py:876} INFO - Dependencies all met for <TaskInstance: open_aq.store_data 2021-06-29T17:09:19.209771+00:00 [queued]>
[2021-06-30 08:26:35,183] {taskinstance.py:876} INFO - Dependencies all met for <TaskInstance: open_aq.store_data 2021-06-29T17:09:19.209771+00:00 [queued]>
[2021-06-30 08:26:35,184] {taskinstance.py:1067} INFO - 
--------------------------------------------------------------------------------
[2021-06-30 08:26:35,184] {taskinstance.py:1068} INFO - Starting attempt 7 of 7
[2021-06-30 08:26:35,184] {taskinstance.py:1069} INFO - 
--------------------------------------------------------------------------------
[2021-06-30 08:26:35,201] {taskinstance.py:1087} INFO - Executing <Task(PythonOperator): store_data> on 2021-06-29T17:09:19.209771+00:00
[2021-06-30 08:26:35,211] {standard_task_runner.py:52} INFO - Started process 4466 to run task
[2021-06-30 08:26:35,221] {standard_task_runner.py:76} INFO - Running: ['airflow', 'tasks', 'run', 'open_aq', 'store_data', '2021-06-29T17:09:19.209771+00:00', '--job-id', '751', '--pool', 'default_pool', '--raw', '--subdir', 'DAGS_FOLDER/open_aq.py', '--cfg-path', '/tmp/tmpl1qe28fe', '--error-file', '/tmp/tmp0rdhc8cw']
[2021-06-30 08:26:35,225] {standard_task_runner.py:77} INFO - Job 751: Subtask store_data
[2021-06-30 08:26:35,408] {logging_mixin.py:104} INFO - Running <TaskInstance: open_aq.store_data 2021-06-29T17:09:19.209771+00:00 [running]> on host airflowvm
[2021-06-30 08:26:35,564] {taskinstance.py:1280} INFO - Exporting the following env vars:
AIRFLOW_CTX_DAG_OWNER=airflow
AIRFLOW_CTX_DAG_ID=open_aq
AIRFLOW_CTX_TASK_ID=store_data
AIRFLOW_CTX_EXECUTION_DATE=2021-06-29T17:09:19.209771+00:00
AIRFLOW_CTX_DAG_RUN_ID=manual__2021-06-29T17:09:19.209771+00:00
[2021-06-30 08:26:35,584] {base.py:69} INFO - Using connection to: id: ***_default. Host: localhost, Port: 5432, Schema: , Login: ***, Password: ***, extra: {'cursor': 'realdictcursor'}
[2021-06-30 08:26:35,599] {python.py:151} INFO - Done. Returned value was: None
[2021-06-30 08:26:35,618] {taskinstance.py:1184} INFO - Marking task as SUCCESS. dag_id=open_aq, task_id=store_data, execution_date=20210629T170919, start_date=20210630T082635, end_date=20210630T082635
[2021-06-30 08:26:35,675] {taskinstance.py:1245} INFO - 0 downstream tasks scheduled from follow-on schedule check
[2021-06-30 08:26:35,717] {local_task_job.py:151} INFO - Task exited with return code 0
