[2021-07-01 14:35:03,661] {taskinstance.py:876} INFO - Dependencies all met for <TaskInstance: get_data_patient.get_users 2021-07-01T14:24:03.261240+00:00 [queued]>
[2021-07-01 14:35:03,673] {taskinstance.py:876} INFO - Dependencies all met for <TaskInstance: get_data_patient.get_users 2021-07-01T14:24:03.261240+00:00 [queued]>
[2021-07-01 14:35:03,673] {taskinstance.py:1067} INFO - 
--------------------------------------------------------------------------------
[2021-07-01 14:35:03,673] {taskinstance.py:1068} INFO - Starting attempt 9 of 9
[2021-07-01 14:35:03,674] {taskinstance.py:1069} INFO - 
--------------------------------------------------------------------------------
[2021-07-01 14:35:03,695] {taskinstance.py:1087} INFO - Executing <Task(PythonOperator): get_users> on 2021-07-01T14:24:03.261240+00:00
[2021-07-01 14:35:03,699] {standard_task_runner.py:52} INFO - Started process 9815 to run task
[2021-07-01 14:35:03,708] {standard_task_runner.py:76} INFO - Running: ['airflow', 'tasks', 'run', 'get_data_patient', 'get_users', '2021-07-01T14:24:03.261240+00:00', '--job-id', '964', '--pool', 'default_pool', '--raw', '--subdir', 'DAGS_FOLDER/get_Data_Patient.py', '--cfg-path', '/tmp/tmpuw4ay_u5', '--error-file', '/tmp/tmpkyec_5on']
[2021-07-01 14:35:03,710] {standard_task_runner.py:77} INFO - Job 964: Subtask get_users
[2021-07-01 14:35:03,797] {logging_mixin.py:104} INFO - Running <TaskInstance: get_data_patient.get_users 2021-07-01T14:24:03.261240+00:00 [running]> on host airflowvm
[2021-07-01 14:35:03,912] {taskinstance.py:1280} INFO - Exporting the following env vars:
AIRFLOW_CTX_DAG_OWNER=airflow
AIRFLOW_CTX_DAG_ID=get_data_patient
AIRFLOW_CTX_TASK_ID=get_users
AIRFLOW_CTX_EXECUTION_DATE=2021-07-01T14:24:03.261240+00:00
AIRFLOW_CTX_DAG_RUN_ID=manual__2021-07-01T14:24:03.261240+00:00
[2021-07-01 14:35:03,930] {base.py:69} INFO - Using connection to: id: ***_default. Host: localhost, Port: 5432, Schema: , Login: ***, Password: ***, extra: {'cursor': 'realdictcursor'}
[2021-07-01 14:35:03,941] {logging_mixin.py:104} INFO - RealDictRow([('id', 4718), ('uid', '404d86a4-6138-4d86-87ed-5efbc2561cf9'), ('medical_history', {}), ('user_id', '502c3cfb-2b79-4131-ad46-722e2d470a3b'), ('birthdate', datetime.date(1930, 8, 1)), ('sex', 'M'), ('created_at', datetime.datetime(2021, 3, 30, 9, 50, 38, 662702, tzinfo=datetime.timezone.utc)), ('deleted_at', None), ('updated_at', datetime.datetime(2021, 4, 12, 16, 55, 42, 865377, tzinfo=datetime.timezone.utc)), ('is_test', False)])
[2021-07-01 14:35:03,942] {python.py:151} INFO - Done. Returned value was: RealDictRow([('id', 4718), ('uid', '404d86a4-6138-4d86-87ed-5efbc2561cf9'), ('medical_history', {}), ('user_id', '502c3cfb-2b79-4131-ad46-722e2d470a3b'), ('birthdate', datetime.date(1930, 8, 1)), ('sex', 'M'), ('created_at', datetime.datetime(2021, 3, 30, 9, 50, 38, 662702, tzinfo=datetime.timezone.utc)), ('deleted_at', None), ('updated_at', datetime.datetime(2021, 4, 12, 16, 55, 42, 865377, tzinfo=datetime.timezone.utc)), ('is_test', False)])
[2021-07-01 14:35:03,981] {taskinstance.py:1184} INFO - Marking task as SUCCESS. dag_id=get_data_patient, task_id=get_users, execution_date=20210701T142403, start_date=20210701T143503, end_date=20210701T143503
[2021-07-01 14:35:04,024] {taskinstance.py:1245} INFO - 1 downstream tasks scheduled from follow-on schedule check
[2021-07-01 14:35:04,041] {local_task_job.py:151} INFO - Task exited with return code 0
