[2021-06-28 08:57:02,176] {taskinstance.py:876} INFO - Dependencies all met for <TaskInstance: trigger_rule.task_2 2021-06-28T08:57:01.132925+00:00 [queued]>
[2021-06-28 08:57:02,299] {taskinstance.py:876} INFO - Dependencies all met for <TaskInstance: trigger_rule.task_2 2021-06-28T08:57:01.132925+00:00 [queued]>
[2021-06-28 08:57:02,299] {taskinstance.py:1067} INFO - 
--------------------------------------------------------------------------------
[2021-06-28 08:57:02,299] {taskinstance.py:1068} INFO - Starting attempt 1 of 1
[2021-06-28 08:57:02,300] {taskinstance.py:1069} INFO - 
--------------------------------------------------------------------------------
[2021-06-28 08:57:02,332] {taskinstance.py:1087} INFO - Executing <Task(BashOperator): task_2> on 2021-06-28T08:57:01.132925+00:00
[2021-06-28 08:57:02,347] {standard_task_runner.py:52} INFO - Started process 4829 to run task
[2021-06-28 08:57:02,415] {standard_task_runner.py:76} INFO - Running: ['airflow', 'tasks', 'run', 'trigger_rule', 'task_2', '2021-06-28T08:57:01.132925+00:00', '--job-id', '489', '--pool', 'default_pool', '--raw', '--subdir', 'DAGS_FOLDER/trigger_rule.py', '--cfg-path', '/tmp/tmpeeoxf152', '--error-file', '/tmp/tmpqx7vuu3z']
[2021-06-28 08:57:02,417] {standard_task_runner.py:77} INFO - Job 489: Subtask task_2
[2021-06-28 08:57:02,723] {logging_mixin.py:104} INFO - Running <TaskInstance: trigger_rule.task_2 2021-06-28T08:57:01.132925+00:00 [running]> on host airflowvm
[2021-06-28 08:57:02,996] {taskinstance.py:1280} INFO - Exporting the following env vars:
AIRFLOW_CTX_DAG_OWNER=airflow
AIRFLOW_CTX_DAG_ID=trigger_rule
AIRFLOW_CTX_TASK_ID=task_2
AIRFLOW_CTX_EXECUTION_DATE=2021-06-28T08:57:01.132925+00:00
AIRFLOW_CTX_DAG_RUN_ID=manual__2021-06-28T08:57:01.132925+00:00
[2021-06-28 08:57:02,999] {subprocess.py:52} INFO - Tmp dir root location: 
 /tmp
[2021-06-28 08:57:02,999] {subprocess.py:63} INFO - Running command: ['bash', '-c', 'sleep 30']
[2021-06-28 08:57:03,043] {subprocess.py:75} INFO - Output:
[2021-06-28 08:57:33,051] {subprocess.py:83} INFO - Command exited with return code 0
[2021-06-28 08:57:33,073] {taskinstance.py:1184} INFO - Marking task as SUCCESS. dag_id=trigger_rule, task_id=task_2, execution_date=20210628T085701, start_date=20210628T085702, end_date=20210628T085733
[2021-06-28 08:57:33,122] {taskinstance.py:1245} INFO - 0 downstream tasks scheduled from follow-on schedule check
[2021-06-28 08:57:33,145] {local_task_job.py:151} INFO - Task exited with return code 0
