[2021-07-02 14:27:47,329] {taskinstance.py:876} INFO - Dependencies all met for <TaskInstance: get_data_patient_and_diseases.processing_tasks.patients_treatment 2021-07-01T00:00:00+00:00 [queued]>
[2021-07-02 14:27:47,453] {taskinstance.py:876} INFO - Dependencies all met for <TaskInstance: get_data_patient_and_diseases.processing_tasks.patients_treatment 2021-07-01T00:00:00+00:00 [queued]>
[2021-07-02 14:27:47,453] {taskinstance.py:1067} INFO - 
--------------------------------------------------------------------------------
[2021-07-02 14:27:47,453] {taskinstance.py:1068} INFO - Starting attempt 1 of 1
[2021-07-02 14:27:47,454] {taskinstance.py:1069} INFO - 
--------------------------------------------------------------------------------
[2021-07-02 14:27:47,532] {taskinstance.py:1087} INFO - Executing <Task(PythonOperator): processing_tasks.patients_treatment> on 2021-07-01T00:00:00+00:00
[2021-07-02 14:27:47,588] {standard_task_runner.py:52} INFO - Started process 5808 to run task
[2021-07-02 14:27:47,701] {standard_task_runner.py:76} INFO - Running: ['airflow', 'tasks', 'run', 'get_data_patient_and_diseases', 'processing_tasks.patients_treatment', '2021-07-01T00:00:00+00:00', '--job-id', '1074', '--pool', 'default_pool', '--raw', '--subdir', 'DAGS_FOLDER/get_Data_Patient.py', '--cfg-path', '/tmp/tmphbsm_aew', '--error-file', '/tmp/tmpya8dhci9']
[2021-07-02 14:27:47,725] {standard_task_runner.py:77} INFO - Job 1074: Subtask processing_tasks.patients_treatment
[2021-07-02 14:27:48,196] {logging_mixin.py:104} INFO - Running <TaskInstance: get_data_patient_and_diseases.processing_tasks.patients_treatment 2021-07-01T00:00:00+00:00 [running]> on host airflowvm
[2021-07-02 14:27:48,537] {taskinstance.py:1280} INFO - Exporting the following env vars:
AIRFLOW_CTX_DAG_OWNER=airflow
AIRFLOW_CTX_DAG_ID=get_data_patient_and_diseases
AIRFLOW_CTX_TASK_ID=processing_tasks.patients_treatment
AIRFLOW_CTX_EXECUTION_DATE=2021-07-01T00:00:00+00:00
AIRFLOW_CTX_DAG_RUN_ID=scheduled__2021-07-01T00:00:00+00:00
[2021-07-02 14:27:48,575] {logging_mixin.py:104} INFO - 
[2021-07-02 14:27:48,575] {logging_mixin.py:104} INFO - ""
[2021-07-02 14:27:48,575] {logging_mixin.py:104} INFO - Users:
[2021-07-02 14:27:48,575] {python.py:151} INFO - Done. Returned value was: 
[2021-07-02 14:27:48,783] {taskinstance.py:1184} INFO - Marking task as SUCCESS. dag_id=get_data_patient_and_diseases, task_id=processing_tasks.patients_treatment, execution_date=20210701T000000, start_date=20210702T142747, end_date=20210702T142748
[2021-07-02 14:27:48,946] {taskinstance.py:1245} INFO - 2 downstream tasks scheduled from follow-on schedule check
[2021-07-02 14:27:48,989] {local_task_job.py:151} INFO - Task exited with return code 0
