[2021-06-25 14:50:38,988] {taskinstance.py:876} INFO - Dependencies all met for <TaskInstance: xcom_dag.processing_tasks.training_model_c 2021-06-25T14:50:32.439806+00:00 [queued]>
[2021-06-25 14:50:39,109] {taskinstance.py:876} INFO - Dependencies all met for <TaskInstance: xcom_dag.processing_tasks.training_model_c 2021-06-25T14:50:32.439806+00:00 [queued]>
[2021-06-25 14:50:39,112] {taskinstance.py:1067} INFO - 
--------------------------------------------------------------------------------
[2021-06-25 14:50:39,113] {taskinstance.py:1068} INFO - Starting attempt 1 of 1
[2021-06-25 14:50:39,113] {taskinstance.py:1069} INFO - 
--------------------------------------------------------------------------------
[2021-06-25 14:50:39,166] {taskinstance.py:1087} INFO - Executing <Task(PythonOperator): processing_tasks.training_model_c> on 2021-06-25T14:50:32.439806+00:00
[2021-06-25 14:50:39,199] {standard_task_runner.py:52} INFO - Started process 8440 to run task
[2021-06-25 14:50:39,238] {standard_task_runner.py:76} INFO - Running: ['airflow', 'tasks', 'run', 'xcom_dag', 'processing_tasks.training_model_c', '2021-06-25T14:50:32.439806+00:00', '--job-id', '455', '--pool', 'default_pool', '--raw', '--subdir', 'DAGS_FOLDER/xcom_dag.py', '--cfg-path', '/tmp/tmpxegber79', '--error-file', '/tmp/tmppzbexkv8']
[2021-06-25 14:50:39,242] {standard_task_runner.py:77} INFO - Job 455: Subtask processing_tasks.training_model_c
[2021-06-25 14:50:39,600] {logging_mixin.py:104} INFO - Running <TaskInstance: xcom_dag.processing_tasks.training_model_c 2021-06-25T14:50:32.439806+00:00 [running]> on host airflowvm
[2021-06-25 14:50:40,124] {taskinstance.py:1280} INFO - Exporting the following env vars:
AIRFLOW_CTX_DAG_OWNER=airflow
AIRFLOW_CTX_DAG_ID=xcom_dag
AIRFLOW_CTX_TASK_ID=processing_tasks.training_model_c
AIRFLOW_CTX_EXECUTION_DATE=2021-06-25T14:50:32.439806+00:00
AIRFLOW_CTX_DAG_RUN_ID=manual__2021-06-25T14:50:32.439806+00:00
[2021-06-25 14:50:40,133] {logging_mixin.py:104} INFO - model's accuracy: 0.6792451162140684
[2021-06-25 14:50:40,217] {python.py:151} INFO - Done. Returned value was: None
[2021-06-25 14:50:40,277] {taskinstance.py:1184} INFO - Marking task as SUCCESS. dag_id=xcom_dag, task_id=processing_tasks.training_model_c, execution_date=20210625T145032, start_date=20210625T145038, end_date=20210625T145040
[2021-06-25 14:50:40,581] {taskinstance.py:1245} INFO - 0 downstream tasks scheduled from follow-on schedule check
[2021-06-25 14:50:40,630] {local_task_job.py:151} INFO - Task exited with return code 0
