[2021-06-24 17:07:19,185] {taskinstance.py:876} INFO - Dependencies all met for <TaskInstance: parallel_dag.task_2 2020-02-09T00:00:00+00:00 [queued]>
[2021-06-24 17:07:19,312] {taskinstance.py:876} INFO - Dependencies all met for <TaskInstance: parallel_dag.task_2 2020-02-09T00:00:00+00:00 [queued]>
[2021-06-24 17:07:19,321] {taskinstance.py:1067} INFO - 
--------------------------------------------------------------------------------
[2021-06-24 17:07:19,322] {taskinstance.py:1068} INFO - Starting attempt 1 of 1
[2021-06-24 17:07:19,323] {taskinstance.py:1069} INFO - 
--------------------------------------------------------------------------------
[2021-06-24 17:07:19,411] {taskinstance.py:1087} INFO - Executing <Task(BashOperator): task_2> on 2020-02-09T00:00:00+00:00
[2021-06-24 17:07:19,477] {standard_task_runner.py:52} INFO - Started process 14063 to run task
[2021-06-24 17:07:19,509] {standard_task_runner.py:76} INFO - Running: ['airflow', 'tasks', 'run', 'parallel_dag', 'task_2', '2020-02-09T00:00:00+00:00', '--job-id', '160', '--pool', 'default_pool', '--raw', '--subdir', 'DAGS_FOLDER/parallel_dag.py', '--cfg-path', '/tmp/tmpcg8m2pk5', '--error-file', '/tmp/tmpdtwyg0p7']
[2021-06-24 17:07:19,536] {standard_task_runner.py:77} INFO - Job 160: Subtask task_2
[2021-06-24 17:07:20,482] {logging_mixin.py:104} INFO - Running <TaskInstance: parallel_dag.task_2 2020-02-09T00:00:00+00:00 [running]> on host airflowvm
[2021-06-24 17:07:21,704] {taskinstance.py:1280} INFO - Exporting the following env vars:
AIRFLOW_CTX_DAG_OWNER=airflow
AIRFLOW_CTX_DAG_ID=parallel_dag
AIRFLOW_CTX_TASK_ID=task_2
AIRFLOW_CTX_EXECUTION_DATE=2020-02-09T00:00:00+00:00
AIRFLOW_CTX_DAG_RUN_ID=scheduled__2020-02-09T00:00:00+00:00
[2021-06-24 17:07:21,710] {subprocess.py:52} INFO - Tmp dir root location: 
 /tmp
[2021-06-24 17:07:21,711] {subprocess.py:63} INFO - Running command: ['bash', '-c', 'sleep 3']
[2021-06-24 17:07:21,820] {subprocess.py:75} INFO - Output:
[2021-06-24 17:07:24,895] {subprocess.py:83} INFO - Command exited with return code 0
[2021-06-24 17:07:25,387] {taskinstance.py:1184} INFO - Marking task as SUCCESS. dag_id=parallel_dag, task_id=task_2, execution_date=20200209T000000, start_date=20210624T170719, end_date=20210624T170725
[2021-06-24 17:07:25,881] {taskinstance.py:1245} INFO - 0 downstream tasks scheduled from follow-on schedule check
[2021-06-24 17:07:25,972] {local_task_job.py:151} INFO - Task exited with return code 0
