[2021-06-24 13:23:24,210] {taskinstance.py:876} INFO - Dependencies all met for <TaskInstance: user_processing.creating_table 2021-06-23T00:00:00+00:00 [queued]>
[2021-06-24 13:23:24,279] {taskinstance.py:876} INFO - Dependencies all met for <TaskInstance: user_processing.creating_table 2021-06-23T00:00:00+00:00 [queued]>
[2021-06-24 13:23:24,285] {taskinstance.py:1067} INFO - 
--------------------------------------------------------------------------------
[2021-06-24 13:23:24,292] {taskinstance.py:1068} INFO - Starting attempt 2 of 2
[2021-06-24 13:23:24,292] {taskinstance.py:1069} INFO - 
--------------------------------------------------------------------------------
[2021-06-24 13:23:24,430] {taskinstance.py:1087} INFO - Executing <Task(SqliteOperator): creating_table> on 2021-06-23T00:00:00+00:00
[2021-06-24 13:23:24,479] {standard_task_runner.py:52} INFO - Started process 2447 to run task
[2021-06-24 13:23:24,564] {standard_task_runner.py:76} INFO - Running: ['airflow', 'tasks', 'run', 'user_processing', 'creating_table', '2021-06-23T00:00:00+00:00', '--job-id', '14', '--pool', 'default_pool', '--raw', '--subdir', 'DAGS_FOLDER/user_processing.py', '--cfg-path', '/tmp/tmpsznm8tsv', '--error-file', '/tmp/tmpu4ysv18w']
[2021-06-24 13:23:24,572] {standard_task_runner.py:77} INFO - Job 14: Subtask creating_table
[2021-06-24 13:23:24,830] {logging_mixin.py:104} INFO - Running <TaskInstance: user_processing.creating_table 2021-06-23T00:00:00+00:00 [running]> on host airflowvm
[2021-06-24 13:23:25,127] {taskinstance.py:1280} INFO - Exporting the following env vars:
AIRFLOW_CTX_DAG_OWNER=airflow
AIRFLOW_CTX_DAG_ID=user_processing
AIRFLOW_CTX_TASK_ID=creating_table
AIRFLOW_CTX_EXECUTION_DATE=2021-06-23T00:00:00+00:00
AIRFLOW_CTX_DAG_RUN_ID=scheduled__2021-06-23T00:00:00+00:00
[2021-06-24 13:23:25,131] {sqlite.py:63} INFO - Executing:  CREATE TABLE IF NOT EXISTS users (
                                        first_name TEXT NOT NULL,
                                        last_name TEXT NOT NULL,
                                        country TEXT NOT NULL,
                                        username TEXT NOT NULL,
                                        password TEXT NOT NULL,
                                        email TEXT NOT NULL PRIMARY KEY); 
[2021-06-24 13:23:25,157] {base.py:69} INFO - Using connection to: id: db_sqlite. Host: /home/airflow/airflow/airflow.db, Port: None, Schema: , Login: , Password: None, extra: {}
[2021-06-24 13:23:25,164] {dbapi.py:204} INFO - Running statement:  CREATE TABLE IF NOT EXISTS users (
                                        first_name TEXT NOT NULL,
                                        last_name TEXT NOT NULL,
                                        country TEXT NOT NULL,
                                        username TEXT NOT NULL,
                                        password TEXT NOT NULL,
                                        email TEXT NOT NULL PRIMARY KEY); , parameters: []
[2021-06-24 13:23:25,211] {taskinstance.py:1184} INFO - Marking task as SUCCESS. dag_id=user_processing, task_id=creating_table, execution_date=20210623T000000, start_date=20210624T132324, end_date=20210624T132325
[2021-06-24 13:23:25,382] {taskinstance.py:1245} INFO - 1 downstream tasks scheduled from follow-on schedule check
[2021-06-24 13:23:25,402] {local_task_job.py:151} INFO - Task exited with return code 0
