[2021-06-30 08:08:40,774] {taskinstance.py:876} INFO - Dependencies all met for <TaskInstance: open_aq.drop_table 2021-06-29T00:00:00+00:00 [queued]>
[2021-06-30 08:08:40,920] {taskinstance.py:876} INFO - Dependencies all met for <TaskInstance: open_aq.drop_table 2021-06-29T00:00:00+00:00 [queued]>
[2021-06-30 08:08:40,921] {taskinstance.py:1067} INFO - 
--------------------------------------------------------------------------------
[2021-06-30 08:08:40,921] {taskinstance.py:1068} INFO - Starting attempt 1 of 1
[2021-06-30 08:08:40,923] {taskinstance.py:1069} INFO - 
--------------------------------------------------------------------------------
[2021-06-30 08:08:40,957] {taskinstance.py:1087} INFO - Executing <Task(PostgresOperator): drop_table> on 2021-06-29T00:00:00+00:00
[2021-06-30 08:08:40,983] {standard_task_runner.py:52} INFO - Started process 2367 to run task
[2021-06-30 08:08:41,028] {standard_task_runner.py:76} INFO - Running: ['airflow', 'tasks', 'run', 'open_aq', 'drop_table', '2021-06-29T00:00:00+00:00', '--job-id', '740', '--pool', 'default_pool', '--raw', '--subdir', 'DAGS_FOLDER/open_aq.py', '--cfg-path', '/tmp/tmpkjilrpai', '--error-file', '/tmp/tmpnge_58kg']
[2021-06-30 08:08:41,031] {standard_task_runner.py:77} INFO - Job 740: Subtask drop_table
[2021-06-30 08:08:41,322] {logging_mixin.py:104} INFO - Running <TaskInstance: open_aq.drop_table 2021-06-29T00:00:00+00:00 [running]> on host airflowvm
[2021-06-30 08:08:41,766] {taskinstance.py:1280} INFO - Exporting the following env vars:
AIRFLOW_CTX_DAG_OWNER=airflow
AIRFLOW_CTX_DAG_ID=open_aq
AIRFLOW_CTX_TASK_ID=drop_table
AIRFLOW_CTX_EXECUTION_DATE=2021-06-29T00:00:00+00:00
AIRFLOW_CTX_DAG_RUN_ID=scheduled__2021-06-29T00:00:00+00:00
[2021-06-30 08:08:41,773] {postgres.py:68} INFO - Executing: DROP TABLE IF EXISTS open_aq
[2021-06-30 08:08:41,853] {base.py:69} INFO - Using connection to: id: ***_default. Host: localhost, Port: 5432, Schema: , Login: ***, Password: ***, extra: {'cursor': 'realdictcursor'}
[2021-06-30 08:08:41,881] {dbapi.py:204} INFO - Running statement: DROP TABLE IF EXISTS open_aq, parameters: None
[2021-06-30 08:08:41,952] {taskinstance.py:1184} INFO - Marking task as SUCCESS. dag_id=open_aq, task_id=drop_table, execution_date=20210629T000000, start_date=20210630T080840, end_date=20210630T080841
[2021-06-30 08:08:42,280] {taskinstance.py:1245} INFO - 0 downstream tasks scheduled from follow-on schedule check
[2021-06-30 08:08:42,339] {local_task_job.py:151} INFO - Task exited with return code 0
