[2021-07-01 08:56:09,143] {taskinstance.py:876} INFO - Dependencies all met for <TaskInstance: user_processing_v2.processing_user_3 2021-07-01T08:55:46.246726+00:00 [queued]>
[2021-07-01 08:56:09,260] {taskinstance.py:876} INFO - Dependencies all met for <TaskInstance: user_processing_v2.processing_user_3 2021-07-01T08:55:46.246726+00:00 [queued]>
[2021-07-01 08:56:09,260] {taskinstance.py:1067} INFO - 
--------------------------------------------------------------------------------
[2021-07-01 08:56:09,261] {taskinstance.py:1068} INFO - Starting attempt 1 of 1
[2021-07-01 08:56:09,262] {taskinstance.py:1069} INFO - 
--------------------------------------------------------------------------------
[2021-07-01 08:56:09,300] {taskinstance.py:1087} INFO - Executing <Task(PythonOperator): processing_user_3> on 2021-07-01T08:55:46.246726+00:00
[2021-07-01 08:56:09,395] {standard_task_runner.py:52} INFO - Started process 40035 to run task
[2021-07-01 08:56:09,408] {standard_task_runner.py:76} INFO - Running: ['airflow', 'tasks', 'run', 'user_processing_v2', 'processing_user_3', '2021-07-01T08:55:46.246726+00:00', '--job-id', '945', '--pool', 'default_pool', '--raw', '--subdir', 'DAGS_FOLDER/user_processing_v2.py', '--cfg-path', '/tmp/tmpbh7tq596', '--error-file', '/tmp/tmpn0gitouv']
[2021-07-01 08:56:09,418] {standard_task_runner.py:77} INFO - Job 945: Subtask processing_user_3
[2021-07-01 08:56:09,808] {logging_mixin.py:104} INFO - Running <TaskInstance: user_processing_v2.processing_user_3 2021-07-01T08:55:46.246726+00:00 [running]> on host airflowvm
[2021-07-01 08:56:10,397] {taskinstance.py:1280} INFO - Exporting the following env vars:
AIRFLOW_CTX_DAG_OWNER=airflow
AIRFLOW_CTX_DAG_ID=user_processing_v2
AIRFLOW_CTX_TASK_ID=processing_user_3
AIRFLOW_CTX_EXECUTION_DATE=2021-07-01T08:55:46.246726+00:00
AIRFLOW_CTX_DAG_RUN_ID=manual__2021-07-01T08:55:46.246726+00:00
[2021-07-01 08:56:10,511] {python.py:151} INFO - Done. Returned value was: [{"first_name":"Hannah","last_name":"Jones","country":"New Zealand","username":"beautifulkoala269","password":"kingfish","email":"hannah.jones@example.com"}]
[2021-07-01 08:56:10,769] {taskinstance.py:1184} INFO - Marking task as SUCCESS. dag_id=user_processing_v2, task_id=processing_user_3, execution_date=20210701T085546, start_date=20210701T085609, end_date=20210701T085610
[2021-07-01 08:56:11,045] {taskinstance.py:1245} INFO - 0 downstream tasks scheduled from follow-on schedule check
[2021-07-01 08:56:11,117] {local_task_job.py:151} INFO - Task exited with return code 0
