[2021-06-25 13:57:13,955] {taskinstance.py:876} INFO - Dependencies all met for <TaskInstance: xcom_dag.processing_tasks.training_model_b 2021-06-25T13:57:06.549482+00:00 [queued]>
[2021-06-25 13:57:14,009] {taskinstance.py:876} INFO - Dependencies all met for <TaskInstance: xcom_dag.processing_tasks.training_model_b 2021-06-25T13:57:06.549482+00:00 [queued]>
[2021-06-25 13:57:14,010] {taskinstance.py:1067} INFO - 
--------------------------------------------------------------------------------
[2021-06-25 13:57:14,010] {taskinstance.py:1068} INFO - Starting attempt 1 of 1
[2021-06-25 13:57:14,010] {taskinstance.py:1069} INFO - 
--------------------------------------------------------------------------------
[2021-06-25 13:57:14,031] {taskinstance.py:1087} INFO - Executing <Task(PythonOperator): processing_tasks.training_model_b> on 2021-06-25T13:57:06.549482+00:00
[2021-06-25 13:57:14,041] {standard_task_runner.py:52} INFO - Started process 5251 to run task
[2021-06-25 13:57:14,081] {standard_task_runner.py:76} INFO - Running: ['airflow', 'tasks', 'run', 'xcom_dag', 'processing_tasks.training_model_b', '2021-06-25T13:57:06.549482+00:00', '--job-id', '440', '--pool', 'default_pool', '--raw', '--subdir', 'DAGS_FOLDER/xcom_dag.py', '--cfg-path', '/tmp/tmpjsbsjael', '--error-file', '/tmp/tmp6fbpoa5h']
[2021-06-25 13:57:14,096] {standard_task_runner.py:77} INFO - Job 440: Subtask processing_tasks.training_model_b
[2021-06-25 13:57:14,307] {logging_mixin.py:104} INFO - Running <TaskInstance: xcom_dag.processing_tasks.training_model_b 2021-06-25T13:57:06.549482+00:00 [running]> on host airflowvm
[2021-06-25 13:57:14,631] {taskinstance.py:1280} INFO - Exporting the following env vars:
AIRFLOW_CTX_DAG_OWNER=airflow
AIRFLOW_CTX_DAG_ID=xcom_dag
AIRFLOW_CTX_TASK_ID=processing_tasks.training_model_b
AIRFLOW_CTX_EXECUTION_DATE=2021-06-25T13:57:06.549482+00:00
AIRFLOW_CTX_DAG_RUN_ID=manual__2021-06-25T13:57:06.549482+00:00
[2021-06-25 13:57:14,632] {logging_mixin.py:104} INFO - model's accuracy: 0.43391402638207555
[2021-06-25 13:57:14,705] {python.py:151} INFO - Done. Returned value was: None
[2021-06-25 13:57:14,755] {taskinstance.py:1184} INFO - Marking task as SUCCESS. dag_id=xcom_dag, task_id=processing_tasks.training_model_b, execution_date=20210625T135706, start_date=20210625T135713, end_date=20210625T135714
[2021-06-25 13:57:14,931] {taskinstance.py:1245} INFO - 0 downstream tasks scheduled from follow-on schedule check
[2021-06-25 13:57:14,973] {local_task_job.py:151} INFO - Task exited with return code 0
