[2021-06-25 14:50:33,638] {taskinstance.py:876} INFO - Dependencies all met for <TaskInstance: xcom_dag.downloading_data 2021-06-25T14:50:32.439806+00:00 [queued]>
[2021-06-25 14:50:33,798] {taskinstance.py:876} INFO - Dependencies all met for <TaskInstance: xcom_dag.downloading_data 2021-06-25T14:50:32.439806+00:00 [queued]>
[2021-06-25 14:50:33,799] {taskinstance.py:1067} INFO - 
--------------------------------------------------------------------------------
[2021-06-25 14:50:33,804] {taskinstance.py:1068} INFO - Starting attempt 1 of 1
[2021-06-25 14:50:33,805] {taskinstance.py:1069} INFO - 
--------------------------------------------------------------------------------
[2021-06-25 14:50:33,928] {taskinstance.py:1087} INFO - Executing <Task(BashOperator): downloading_data> on 2021-06-25T14:50:32.439806+00:00
[2021-06-25 14:50:33,942] {standard_task_runner.py:52} INFO - Started process 8393 to run task
[2021-06-25 14:50:33,975] {standard_task_runner.py:76} INFO - Running: ['airflow', 'tasks', 'run', 'xcom_dag', 'downloading_data', '2021-06-25T14:50:32.439806+00:00', '--job-id', '453', '--pool', 'default_pool', '--raw', '--subdir', 'DAGS_FOLDER/xcom_dag.py', '--cfg-path', '/tmp/tmpsif5dvd_', '--error-file', '/tmp/tmpad4mot4d']
[2021-06-25 14:50:33,977] {standard_task_runner.py:77} INFO - Job 453: Subtask downloading_data
[2021-06-25 14:50:34,206] {logging_mixin.py:104} INFO - Running <TaskInstance: xcom_dag.downloading_data 2021-06-25T14:50:32.439806+00:00 [running]> on host airflowvm
[2021-06-25 14:50:34,458] {taskinstance.py:1280} INFO - Exporting the following env vars:
AIRFLOW_CTX_DAG_OWNER=airflow
AIRFLOW_CTX_DAG_ID=xcom_dag
AIRFLOW_CTX_TASK_ID=downloading_data
AIRFLOW_CTX_EXECUTION_DATE=2021-06-25T14:50:32.439806+00:00
AIRFLOW_CTX_DAG_RUN_ID=manual__2021-06-25T14:50:32.439806+00:00
[2021-06-25 14:50:34,459] {subprocess.py:52} INFO - Tmp dir root location: 
 /tmp
[2021-06-25 14:50:34,460] {subprocess.py:63} INFO - Running command: ['bash', '-c', 'sleep 3']
[2021-06-25 14:50:34,484] {subprocess.py:75} INFO - Output:
[2021-06-25 14:50:37,493] {subprocess.py:83} INFO - Command exited with return code 0
[2021-06-25 14:50:37,526] {taskinstance.py:1184} INFO - Marking task as SUCCESS. dag_id=xcom_dag, task_id=downloading_data, execution_date=20210625T145032, start_date=20210625T145033, end_date=20210625T145037
[2021-06-25 14:50:37,606] {taskinstance.py:1245} INFO - 3 downstream tasks scheduled from follow-on schedule check
[2021-06-25 14:50:37,618] {local_task_job.py:151} INFO - Task exited with return code 0
